<?xml version="1.0" encoding="utf-8"?>
<TestRun id="7f87913e-701e-4e9b-9421-c80fc145b18d" name="@DesktopUbuntu 2025-07-12 16:06:31" xmlns="http://microsoft.com/schemas/VisualStudio/TeamTest/2010">
  <Times creation="2025-07-12T16:06:31.8412482+02:00" queuing="2025-07-12T16:06:31.8412482+02:00" start="2025-07-12T16:06:27.0471944+02:00" finish="2025-07-12T16:06:32.1942599+02:00" />
  <TestSettings name="default" id="e0a5d051-e813-4f28-95b8-dd219365899b">
    <Deployment runDeploymentRoot="_DesktopUbuntu_2025-07-12_16_06_31" />
  </TestSettings>
  <Results>
    <UnitTestResult executionId="5f63202e-dc09-4743-945a-99e4d0fe9496" testId="7d84a9b6-dc51-9fb7-23d3-28b46d8b1ac9" testName="Get difficulty level by non-existent value returns not found" computerName="DesktopUbuntu" duration="00:00:00.0143600" startTime="2025-07-12T16:06:31.7897408+02:00" endTime="2025-07-12T16:06:31.7897408+02:00" testType="13cdc9d9-ddb5-4fa4-a97d-d965ccfc6d4b" outcome="Passed" testListId="8c84fa94-04c1-424b-9868-57a2d4851a1d" relativeResultsDirectory="5f63202e-dc09-4743-945a-99e4d0fe9496">
      <Output>
        <StdOut>-&gt; Initialized HttpClient for scenario: Get difficulty level by non-existent value returns not found
Given the database is empty
-&gt; Executing step: Given the database is empty
-&gt; done: DatabaseSteps.GivenTheDatabaseIsEmpty() (0.0s)
-&gt; Step result: Passed
And the database has reference data
-&gt; Executing step: Given the database has reference data
-&gt; done: DatabaseSteps.GivenTheDatabaseHasReferenceData() (0.0s)
-&gt; Step result: Passed
When I send a GET request to "/api/ReferenceTables/DifficultyLevels/ByValue/NonExistentDifficultyLevel"
-&gt; Executing step: When I send a GET request to "/api/ReferenceTables/DifficultyLevels/ByValue/NonExistentDifficultyLevel"
-&gt; done: RequestSteps.WhenISendARequestTo("GET", "/api/ReferenceTab...") (0.0s)
-&gt; Step result: Passed
Then the response status should be 404
-&gt; Executing step: Then the response status should be 404
-&gt; done: ResponseSteps.ThenTheResponseStatusShouldBe(404) (0.0s)
-&gt; Step result: Passed</StdOut>
      </Output>
    </UnitTestResult>
    <UnitTestResult executionId="212e7128-06d2-4c61-a25a-ce93326e1fe1" testId="7dc8d6e5-a945-2023-9853-f2cf4c56e8e2" testName="Get difficulty level by non-existent ID returns not found" computerName="DesktopUbuntu" duration="00:00:00.0242736" startTime="2025-07-12T16:06:31.8210584+02:00" endTime="2025-07-12T16:06:31.8210584+02:00" testType="13cdc9d9-ddb5-4fa4-a97d-d965ccfc6d4b" outcome="Passed" testListId="8c84fa94-04c1-424b-9868-57a2d4851a1d" relativeResultsDirectory="212e7128-06d2-4c61-a25a-ce93326e1fe1">
      <Output>
        <StdOut>-&gt; Initialized HttpClient for scenario: Get difficulty level by non-existent ID returns not found
Given the database is empty
-&gt; Executing step: Given the database is empty
-&gt; done: DatabaseSteps.GivenTheDatabaseIsEmpty() (0.0s)
-&gt; Step result: Passed
And the database has reference data
-&gt; Executing step: Given the database has reference data
-&gt; done: DatabaseSteps.GivenTheDatabaseHasReferenceData() (0.0s)
-&gt; Step result: Passed
When I send a GET request to "/api/ReferenceTables/DifficultyLevels/difficultylevel-00000000-0000-0000-0000-000000000000"
-&gt; Executing step: When I send a GET request to "/api/ReferenceTables/DifficultyLevels/difficultylevel-00000000-0000-0000-0000-000000000000"
-&gt; done: RequestSteps.WhenISendARequestTo("GET", "/api/ReferenceTab...") (0.0s)
-&gt; Step result: Passed
Then the response status should be 404
-&gt; Executing step: Then the response status should be 404
-&gt; done: ResponseSteps.ThenTheResponseStatusShouldBe(404) (0.0s)
-&gt; Step result: Passed</StdOut>
      </Output>
    </UnitTestResult>
    <UnitTestResult executionId="9156cdec-26fb-477f-982b-915246c7a5ae" testId="20571401-7eb7-cd89-4987-788dae12b96c" testName="Get difficulty level by value with different casing(casing: &quot;BEGINNER&quot;, exampleTags: [])" computerName="DesktopUbuntu" duration="00:00:00.0162857" startTime="2025-07-12T16:06:31.6918416+02:00" endTime="2025-07-12T16:06:31.6918416+02:00" testType="13cdc9d9-ddb5-4fa4-a97d-d965ccfc6d4b" outcome="Passed" testListId="8c84fa94-04c1-424b-9868-57a2d4851a1d" relativeResultsDirectory="9156cdec-26fb-477f-982b-915246c7a5ae">
      <Output>
        <StdOut>-&gt; Initialized HttpClient for scenario: Get difficulty level by value with different casing
Given the database is empty
-&gt; Executing step: Given the database is empty
-&gt; done: DatabaseSteps.GivenTheDatabaseIsEmpty() (0.0s)
-&gt; Step result: Passed
And the database has reference data
-&gt; Executing step: Given the database has reference data
-&gt; done: DatabaseSteps.GivenTheDatabaseHasReferenceData() (0.0s)
-&gt; Step result: Passed
Given I send a GET request to "/api/ReferenceTables/DifficultyLevels"
-&gt; Executing step: Given I send a GET request to "/api/ReferenceTables/DifficultyLevels"
-&gt; done: RequestSteps.WhenISendARequestTo("GET", "/api/ReferenceTab...") (0.0s)
-&gt; Step result: Passed
And the response contains an item with value "Beginner"
-&gt; Executing step: Given the response contains an item with value "Beginner"
-&gt; done: ResponseSteps.ThenTheResponseContainsAnItemWithValue("Beginner") (0.0s)
-&gt; Step result: Passed
When I send a GET request to "/api/ReferenceTables/DifficultyLevels/ByValue/BEGINNER"
-&gt; Executing step: When I send a GET request to "/api/ReferenceTables/DifficultyLevels/ByValue/BEGINNER"
-&gt; done: RequestSteps.WhenISendARequestTo("GET", "/api/ReferenceTab...") (0.0s)
-&gt; Step result: Passed
Then the response status should be 200
-&gt; Executing step: Then the response status should be 200
-&gt; done: ResponseSteps.ThenTheResponseStatusShouldBe(200) (0.0s)
-&gt; Step result: Passed
And the response should have property "value" with value "Beginner"
-&gt; Executing step: Then the response should have property "value" with value "Beginner"
-&gt; done: ResponseSteps.ThenTheResponseShouldHavePropertyWithValue("value", "Beginner") (0.0s)
-&gt; Step result: Passed</StdOut>
      </Output>
    </UnitTestResult>
    <UnitTestResult executionId="b479c3be-60f3-44cc-a8fe-3e0d53132288" testId="6b5bab49-7e83-4742-8d68-1815f12ca24a" testName="Get difficulty level by value with different casing(casing: &quot;Beginner&quot;, exampleTags: [])" computerName="DesktopUbuntu" duration="00:00:00.0125901" startTime="2025-07-12T16:06:31.7331745+02:00" endTime="2025-07-12T16:06:31.7331746+02:00" testType="13cdc9d9-ddb5-4fa4-a97d-d965ccfc6d4b" outcome="Passed" testListId="8c84fa94-04c1-424b-9868-57a2d4851a1d" relativeResultsDirectory="b479c3be-60f3-44cc-a8fe-3e0d53132288">
      <Output>
        <StdOut>-&gt; Initialized HttpClient for scenario: Get difficulty level by value with different casing
Given the database is empty
-&gt; Executing step: Given the database is empty
-&gt; done: DatabaseSteps.GivenTheDatabaseIsEmpty() (0.0s)
-&gt; Step result: Passed
And the database has reference data
-&gt; Executing step: Given the database has reference data
-&gt; done: DatabaseSteps.GivenTheDatabaseHasReferenceData() (0.0s)
-&gt; Step result: Passed
Given I send a GET request to "/api/ReferenceTables/DifficultyLevels"
-&gt; Executing step: Given I send a GET request to "/api/ReferenceTables/DifficultyLevels"
-&gt; done: RequestSteps.WhenISendARequestTo("GET", "/api/ReferenceTab...") (0.0s)
-&gt; Step result: Passed
And the response contains an item with value "Beginner"
-&gt; Executing step: Given the response contains an item with value "Beginner"
-&gt; done: ResponseSteps.ThenTheResponseContainsAnItemWithValue("Beginner") (0.0s)
-&gt; Step result: Passed
When I send a GET request to "/api/ReferenceTables/DifficultyLevels/ByValue/Beginner"
-&gt; Executing step: When I send a GET request to "/api/ReferenceTables/DifficultyLevels/ByValue/Beginner"
-&gt; done: RequestSteps.WhenISendARequestTo("GET", "/api/ReferenceTab...") (0.0s)
-&gt; Step result: Passed
Then the response status should be 200
-&gt; Executing step: Then the response status should be 200
-&gt; done: ResponseSteps.ThenTheResponseStatusShouldBe(200) (0.0s)
-&gt; Step result: Passed
And the response should have property "value" with value "Beginner"
-&gt; Executing step: Then the response should have property "value" with value "Beginner"
-&gt; done: ResponseSteps.ThenTheResponseShouldHavePropertyWithValue("value", "Beginner") (0.0s)
-&gt; Step result: Passed</StdOut>
      </Output>
    </UnitTestResult>
    <UnitTestResult executionId="0768dfb8-b9df-4c9b-8c16-80a2e56df7f6" testId="29bd479b-00e8-49d2-ced1-f439e4dd47a8" testName="Get difficulty level by valid value" computerName="DesktopUbuntu" duration="00:00:00.0268978" startTime="2025-07-12T16:06:31.7682420+02:00" endTime="2025-07-12T16:06:31.7682421+02:00" testType="13cdc9d9-ddb5-4fa4-a97d-d965ccfc6d4b" outcome="Failed" testListId="8c84fa94-04c1-424b-9868-57a2d4851a1d" relativeResultsDirectory="0768dfb8-b9df-4c9b-8c16-80a2e56df7f6">
      <Output>
        <StdOut>-&gt; Initialized HttpClient for scenario: Get difficulty level by valid value
Given the database is empty
-&gt; Executing step: Given the database is empty
-&gt; done: DatabaseSteps.GivenTheDatabaseIsEmpty() (0.0s)
-&gt; Step result: Passed
And the database has reference data
-&gt; Executing step: Given the database has reference data
-&gt; done: DatabaseSteps.GivenTheDatabaseHasReferenceData() (0.0s)
-&gt; Step result: Passed
Given I send a GET request to "/api/ReferenceTables/DifficultyLevels"
-&gt; Executing step: Given I send a GET request to "/api/ReferenceTables/DifficultyLevels"
-&gt; done: RequestSteps.WhenISendARequestTo("GET", "/api/ReferenceTab...") (0.0s)
-&gt; Step result: Passed
And the response contains at least 1 item
-&gt; Executing step: Given the response contains at least 1 item
-&gt; done: ResponseSteps.ThenTheResponseContainsAtLeastItems(1) (0.0s)
-&gt; Step result: Passed
And I store the first item from the response as "firstDifficultyLevel"
-&gt; Executing step: Given I store the first item from the response as "firstDifficultyLevel"
-&gt; done: ResponseSteps.ThenIStoreTheFirstItemFromTheResponseAs("firstDifficultyLevel") (0.0s)
-&gt; Step result: Passed
When I send a GET request to "/api/ReferenceTables/DifficultyLevels/ByValue/&lt;firstDifficultyLevel.Value&gt;"
-&gt; Executing step: When I send a GET request to "/api/ReferenceTables/DifficultyLevels/ByValue/&lt;firstDifficultyLevel.Value&gt;"
-&gt; done: RequestSteps.WhenISendARequestTo("GET", "/api/ReferenceTab...") (0.0s)
-&gt; Step result: Passed
Then the response status should be 200
-&gt; Executing step: Then the response status should be 200
-&gt; error: Expected actualStatusCode to be 200 because expected status code 200 but got 404, but found 404 (difference of 204). (0.0s)
-&gt; Step result: Failed
-&gt; Error: Expected actualStatusCode to be 200 because expected status code 200 but got 404, but found 404 (difference of 204).
And the response should have property "value" with value "&lt;firstDifficultyLevel.Value&gt;"
-&gt; skipped because of previous errors</StdOut>
        <ErrorInfo>
          <Message>Expected actualStatusCode to be 200 because expected status code 200 but got 404, but found 404 (difference of 204).</Message>
          <StackTrace>   at FluentAssertions.Execution.XUnit2TestFramework.Throw(String message)
   at FluentAssertions.Execution.TestFrameworkProvider.Throw(String message)
   at FluentAssertions.Execution.DefaultAssertionStrategy.HandleFailure(String message)
   at FluentAssertions.Execution.AssertionScope.FailWith(Func`1 failReasonFunc)
   at FluentAssertions.Execution.AssertionScope.FailWith(Func`1 failReasonFunc)
   at FluentAssertions.Execution.AssertionScope.FailWith(String message, Object[] args)
   at FluentAssertions.Numeric.NumericAssertions`2.Be(T expected, String because, Object[] becauseArgs)
   at GetFitterGetBigger.API.IntegrationTests.StepDefinitions.Api.ResponseSteps.ThenTheResponseStatusShouldBe(Int32 expectedStatusCode) in /home/esqueleto/myWork/GetFitterGetBigger/GetFitterGetBigger.API/GetFitterGetBigger.API.IntegrationTests/StepDefinitions/Api/ResponseSteps.cs:line 24
   at InvokeStub_Action`2.Invoke(Object, Span`1)
   at System.Reflection.MethodBaseInvoker.InvokeWithFewArgs(Object obj, BindingFlags invokeAttr, Binder binder, Object[] parameters, CultureInfo culture)
--- End of stack trace from previous location ---
   at TechTalk.SpecFlow.Bindings.BindingInvoker.InvokeBindingAsync(IBinding binding, IContextManager contextManager, Object[] arguments, ITestTracer testTracer, DurationHolder durationHolder)
   at TechTalk.SpecFlow.Infrastructure.TestExecutionEngine.ExecuteStepMatchAsync(BindingMatch match, Object[] arguments, DurationHolder durationHolder)
   at TechTalk.SpecFlow.Infrastructure.TestExecutionEngine.ExecuteStepAsync(IContextManager contextManager, StepInstance stepInstance)
   at TechTalk.SpecFlow.Infrastructure.TestExecutionEngine.OnAfterLastStepAsync()
   at TechTalk.SpecFlow.TestRunner.CollectScenarioErrorsAsync()
   at GetFitterGetBigger.API.IntegrationTests.Features.ReferenceData.DifficultyLevelsReferenceDataFeature.ScenarioCleanupAsync() in /home/esqueleto/myWork/GetFitterGetBigger/GetFitterGetBigger.API/GetFitterGetBigger.API.IntegrationTests/Features/ReferenceData/DifficultyLevels.feature.cs:line 74
   at GetFitterGetBigger.API.IntegrationTests.Features.ReferenceData.DifficultyLevelsReferenceDataFeature.GetDifficultyLevelByValidValue() in /home/esqueleto/myWork/GetFitterGetBigger/GetFitterGetBigger.API/GetFitterGetBigger.API.IntegrationTests/Features/ReferenceData/DifficultyLevels.feature.cs:line 239
--- End of stack trace from previous location ---</StackTrace>
        </ErrorInfo>
      </Output>
    </UnitTestResult>
    <UnitTestResult executionId="081b7baf-96d0-4af6-92ec-a53882e8216c" testId="24b86cba-8a25-b3a3-0b66-1b00364a89c0" testName="Get difficulty level by valid ID" computerName="DesktopUbuntu" duration="00:00:01.1496456" startTime="2025-07-12T16:06:31.6079047+02:00" endTime="2025-07-12T16:06:31.6079047+02:00" testType="13cdc9d9-ddb5-4fa4-a97d-d965ccfc6d4b" outcome="Failed" testListId="8c84fa94-04c1-424b-9868-57a2d4851a1d" relativeResultsDirectory="081b7baf-96d0-4af6-92ec-a53882e8216c">
      <Output>
        <StdOut>-&gt; Initialized HttpClient for scenario: Get difficulty level by valid ID
Given the database is empty
-&gt; Executing step: Given the database is empty
-&gt; done: DatabaseSteps.GivenTheDatabaseIsEmpty() (0.0s)
-&gt; Step result: Passed
And the database has reference data
-&gt; Executing step: Given the database has reference data
-&gt; done: DatabaseSteps.GivenTheDatabaseHasReferenceData() (0.0s)
-&gt; Step result: Passed
Given I send a GET request to "/api/ReferenceTables/DifficultyLevels"
-&gt; Executing step: Given I send a GET request to "/api/ReferenceTables/DifficultyLevels"
-&gt; done: RequestSteps.WhenISendARequestTo("GET", "/api/ReferenceTab...") (0.1s)
-&gt; Step result: Passed
And the response contains at least 1 item
-&gt; Executing step: Given the response contains at least 1 item
-&gt; done: ResponseSteps.ThenTheResponseContainsAtLeastItems(1) (0.0s)
-&gt; Step result: Passed
And I store the first item from the response as "firstDifficultyLevel"
-&gt; Executing step: Given I store the first item from the response as "firstDifficultyLevel"
-&gt; done: ResponseSteps.ThenIStoreTheFirstItemFromTheResponseAs("firstDifficultyLevel") (0.0s)
-&gt; Step result: Passed
When I send a GET request to "/api/ReferenceTables/DifficultyLevels/&lt;firstDifficultyLevel.Id&gt;"
-&gt; Executing step: When I send a GET request to "/api/ReferenceTables/DifficultyLevels/&lt;firstDifficultyLevel.Id&gt;"
-&gt; done: RequestSteps.WhenISendARequestTo("GET", "/api/ReferenceTab...") (0.0s)
-&gt; Step result: Passed
Then the response status should be 200
-&gt; Executing step: Then the response status should be 200
-&gt; error: Expected actualStatusCode to be 200 because expected status code 200 but got 400, but found 400 (difference of 200). (0.0s)
-&gt; Step result: Failed
-&gt; Error: Expected actualStatusCode to be 200 because expected status code 200 but got 400, but found 400 (difference of 200).
And the response should have property "id" with value "&lt;firstDifficultyLevel.Id&gt;"
-&gt; skipped because of previous errors
And the response should have property "value" with value "&lt;firstDifficultyLevel.Value&gt;"
-&gt; skipped because of previous errors</StdOut>
        <ErrorInfo>
          <Message>Expected actualStatusCode to be 200 because expected status code 200 but got 400, but found 400 (difference of 200).</Message>
          <StackTrace>   at FluentAssertions.Execution.XUnit2TestFramework.Throw(String message)
   at FluentAssertions.Execution.TestFrameworkProvider.Throw(String message)
   at FluentAssertions.Execution.DefaultAssertionStrategy.HandleFailure(String message)
   at FluentAssertions.Execution.AssertionScope.FailWith(Func`1 failReasonFunc)
   at FluentAssertions.Execution.AssertionScope.FailWith(Func`1 failReasonFunc)
   at FluentAssertions.Execution.AssertionScope.FailWith(String message, Object[] args)
   at FluentAssertions.Numeric.NumericAssertions`2.Be(T expected, String because, Object[] becauseArgs)
   at GetFitterGetBigger.API.IntegrationTests.StepDefinitions.Api.ResponseSteps.ThenTheResponseStatusShouldBe(Int32 expectedStatusCode) in /home/esqueleto/myWork/GetFitterGetBigger/GetFitterGetBigger.API/GetFitterGetBigger.API.IntegrationTests/StepDefinitions/Api/ResponseSteps.cs:line 24
   at InvokeStub_Action`2.Invoke(Object, Span`1)
   at System.Reflection.MethodBaseInvoker.InvokeWithFewArgs(Object obj, BindingFlags invokeAttr, Binder binder, Object[] parameters, CultureInfo culture)
--- End of stack trace from previous location ---
   at TechTalk.SpecFlow.Bindings.BindingInvoker.InvokeBindingAsync(IBinding binding, IContextManager contextManager, Object[] arguments, ITestTracer testTracer, DurationHolder durationHolder)
   at TechTalk.SpecFlow.Infrastructure.TestExecutionEngine.ExecuteStepMatchAsync(BindingMatch match, Object[] arguments, DurationHolder durationHolder)
   at TechTalk.SpecFlow.Infrastructure.TestExecutionEngine.ExecuteStepAsync(IContextManager contextManager, StepInstance stepInstance)
   at TechTalk.SpecFlow.Infrastructure.TestExecutionEngine.OnAfterLastStepAsync()
   at TechTalk.SpecFlow.TestRunner.CollectScenarioErrorsAsync()
   at GetFitterGetBigger.API.IntegrationTests.Features.ReferenceData.DifficultyLevelsReferenceDataFeature.ScenarioCleanupAsync() in /home/esqueleto/myWork/GetFitterGetBigger/GetFitterGetBigger.API/GetFitterGetBigger.API.IntegrationTests/Features/ReferenceData/DifficultyLevels.feature.cs:line 74
   at GetFitterGetBigger.API.IntegrationTests.Features.ReferenceData.DifficultyLevelsReferenceDataFeature.GetDifficultyLevelByValidID() in /home/esqueleto/myWork/GetFitterGetBigger/GetFitterGetBigger.API/GetFitterGetBigger.API.IntegrationTests/Features/ReferenceData/DifficultyLevels.feature.cs:line 150
--- End of stack trace from previous location ---</StackTrace>
        </ErrorInfo>
      </Output>
    </UnitTestResult>
    <UnitTestResult executionId="4060ce2c-0ed3-4d30-a636-2d9710115969" testId="8143067d-510a-1b22-fed2-1bfd042b77ac" testName="Get difficulty level by invalid ID format returns bad request" computerName="DesktopUbuntu" duration="00:00:00.0155921" startTime="2025-07-12T16:06:31.8701921+02:00" endTime="2025-07-12T16:06:31.8701921+02:00" testType="13cdc9d9-ddb5-4fa4-a97d-d965ccfc6d4b" outcome="Passed" testListId="8c84fa94-04c1-424b-9868-57a2d4851a1d" relativeResultsDirectory="4060ce2c-0ed3-4d30-a636-2d9710115969">
      <Output>
        <StdOut>-&gt; Initialized HttpClient for scenario: Get difficulty level by invalid ID format returns bad request
Given the database is empty
-&gt; Executing step: Given the database is empty
-&gt; done: DatabaseSteps.GivenTheDatabaseIsEmpty() (0.0s)
-&gt; Step result: Passed
And the database has reference data
-&gt; Executing step: Given the database has reference data
-&gt; done: DatabaseSteps.GivenTheDatabaseHasReferenceData() (0.0s)
-&gt; Step result: Passed
When I send a GET request to "/api/ReferenceTables/DifficultyLevels/8a8adb1d-24d2-4979-a5a6-0d760e6da24b"
-&gt; Executing step: When I send a GET request to "/api/ReferenceTables/DifficultyLevels/8a8adb1d-24d2-4979-a5a6-0d760e6da24b"
-&gt; done: RequestSteps.WhenISendARequestTo("GET", "/api/ReferenceTab...") (0.0s)
-&gt; Step result: Passed
Then the response status should be 400
-&gt; Executing step: Then the response status should be 400
-&gt; done: ResponseSteps.ThenTheResponseStatusShouldBe(400) (0.0s)
-&gt; Step result: Passed
And the response should contain "Invalid ID format"
-&gt; Executing step: Then the response should contain "Invalid ID format"
-&gt; done: ResponseSteps.ThenTheResponseShouldContain("Invalid ID format") (0.0s)
-&gt; Step result: Passed
And the response should contain "Expected format: 'difficultylevel-{guid}'"
-&gt; Executing step: Then the response should contain "Expected format: 'difficultylevel-{guid}'"
-&gt; done: ResponseSteps.ThenTheResponseShouldContain("Expected format: ...") (0.0s)
-&gt; Step result: Passed</StdOut>
      </Output>
    </UnitTestResult>
    <UnitTestResult executionId="30326d42-52ea-4364-b9a2-34f1920c3227" testId="809e8303-d8db-83e6-c645-da5f376be7b8" testName="Database is accessible" computerName="DesktopUbuntu" duration="00:00:01.0520061" startTime="2025-07-12T16:06:31.5067653+02:00" endTime="2025-07-12T16:06:31.5067738+02:00" testType="13cdc9d9-ddb5-4fa4-a97d-d965ccfc6d4b" outcome="Passed" testListId="8c84fa94-04c1-424b-9868-57a2d4851a1d" relativeResultsDirectory="30326d42-52ea-4364-b9a2-34f1920c3227">
      <Output>
        <StdOut>-&gt; Initialized HttpClient for scenario: Database is accessible
Given the database is empty
-&gt; Executing step: Given the database is empty
-&gt; done: DatabaseSteps.GivenTheDatabaseIsEmpty() (0.0s)
-&gt; Step result: Passed
Then the database should be accessible
-&gt; Executing step: Then the database should be accessible
-&gt; done: DatabaseSteps.ThenTheDatabaseShouldBeAccessible() (0.0s)
-&gt; Step result: Passed</StdOut>
      </Output>
    </UnitTestResult>
    <UnitTestResult executionId="26f6f0e2-24d2-434e-ac00-4a742473fdb7" testId="a450ef01-55c7-1965-e168-73ab1fa6db6e" testName="Get difficulty level by value with different casing(casing: &quot;BeGiNnEr&quot;, exampleTags: [])" computerName="DesktopUbuntu" duration="00:00:00.0139159" startTime="2025-07-12T16:06:31.7128915+02:00" endTime="2025-07-12T16:06:31.7128915+02:00" testType="13cdc9d9-ddb5-4fa4-a97d-d965ccfc6d4b" outcome="Passed" testListId="8c84fa94-04c1-424b-9868-57a2d4851a1d" relativeResultsDirectory="26f6f0e2-24d2-434e-ac00-4a742473fdb7">
      <Output>
        <StdOut>-&gt; Initialized HttpClient for scenario: Get difficulty level by value with different casing
Given the database is empty
-&gt; Executing step: Given the database is empty
-&gt; done: DatabaseSteps.GivenTheDatabaseIsEmpty() (0.0s)
-&gt; Step result: Passed
And the database has reference data
-&gt; Executing step: Given the database has reference data
-&gt; done: DatabaseSteps.GivenTheDatabaseHasReferenceData() (0.0s)
-&gt; Step result: Passed
Given I send a GET request to "/api/ReferenceTables/DifficultyLevels"
-&gt; Executing step: Given I send a GET request to "/api/ReferenceTables/DifficultyLevels"
-&gt; done: RequestSteps.WhenISendARequestTo("GET", "/api/ReferenceTab...") (0.0s)
-&gt; Step result: Passed
And the response contains an item with value "Beginner"
-&gt; Executing step: Given the response contains an item with value "Beginner"
-&gt; done: ResponseSteps.ThenTheResponseContainsAnItemWithValue("Beginner") (0.0s)
-&gt; Step result: Passed
When I send a GET request to "/api/ReferenceTables/DifficultyLevels/ByValue/BeGiNnEr"
-&gt; Executing step: When I send a GET request to "/api/ReferenceTables/DifficultyLevels/ByValue/BeGiNnEr"
-&gt; done: RequestSteps.WhenISendARequestTo("GET", "/api/ReferenceTab...") (0.0s)
-&gt; Step result: Passed
Then the response status should be 200
-&gt; Executing step: Then the response status should be 200
-&gt; done: ResponseSteps.ThenTheResponseStatusShouldBe(200) (0.0s)
-&gt; Step result: Passed
And the response should have property "value" with value "Beginner"
-&gt; Executing step: Then the response should have property "value" with value "Beginner"
-&gt; done: ResponseSteps.ThenTheResponseShouldHavePropertyWithValue("value", "Beginner") (0.0s)
-&gt; Step result: Passed</StdOut>
      </Output>
    </UnitTestResult>
    <UnitTestResult executionId="7a4425a2-dbec-4774-8070-8c804e1db56d" testId="78c8d0c4-5915-18ed-925c-a215ae58addc" testName="Get difficulty level by value with different casing(casing: &quot;beginner&quot;, exampleTags: [])" computerName="DesktopUbuntu" duration="00:00:00.0546254" startTime="2025-07-12T16:06:31.6679782+02:00" endTime="2025-07-12T16:06:31.6679782+02:00" testType="13cdc9d9-ddb5-4fa4-a97d-d965ccfc6d4b" outcome="Passed" testListId="8c84fa94-04c1-424b-9868-57a2d4851a1d" relativeResultsDirectory="7a4425a2-dbec-4774-8070-8c804e1db56d">
      <Output>
        <StdOut>-&gt; Initialized HttpClient for scenario: Get difficulty level by value with different casing
Given the database is empty
-&gt; Executing step: Given the database is empty
-&gt; done: DatabaseSteps.GivenTheDatabaseIsEmpty() (0.0s)
-&gt; Step result: Passed
And the database has reference data
-&gt; Executing step: Given the database has reference data
-&gt; done: DatabaseSteps.GivenTheDatabaseHasReferenceData() (0.0s)
-&gt; Step result: Passed
Given I send a GET request to "/api/ReferenceTables/DifficultyLevels"
-&gt; Executing step: Given I send a GET request to "/api/ReferenceTables/DifficultyLevels"
-&gt; done: RequestSteps.WhenISendARequestTo("GET", "/api/ReferenceTab...") (0.0s)
-&gt; Step result: Passed
And the response contains an item with value "Beginner"
-&gt; Executing step: Given the response contains an item with value "Beginner"
-&gt; done: ResponseSteps.ThenTheResponseContainsAnItemWithValue("Beginner") (0.0s)
-&gt; Step result: Passed
When I send a GET request to "/api/ReferenceTables/DifficultyLevels/ByValue/beginner"
-&gt; Executing step: When I send a GET request to "/api/ReferenceTables/DifficultyLevels/ByValue/beginner"
-&gt; done: RequestSteps.WhenISendARequestTo("GET", "/api/ReferenceTab...") (0.0s)
-&gt; Step result: Passed
Then the response status should be 200
-&gt; Executing step: Then the response status should be 200
-&gt; done: ResponseSteps.ThenTheResponseStatusShouldBe(200) (0.0s)
-&gt; Step result: Passed
And the response should have property "value" with value "Beginner"
-&gt; Executing step: Then the response should have property "value" with value "Beginner"
-&gt; done: ResponseSteps.ThenTheResponseShouldHavePropertyWithValue("value", "Beginner") (0.0s)
-&gt; Step result: Passed</StdOut>
      </Output>
    </UnitTestResult>
    <UnitTestResult executionId="d01ee002-20ab-40a6-9651-c4cc05ee0b3f" testId="ff8f3041-b633-1617-4d2d-8212db51b23f" testName="Get all difficulty levels" computerName="DesktopUbuntu" duration="00:00:00.0144895" startTime="2025-07-12T16:06:31.8484207+02:00" endTime="2025-07-12T16:06:31.8484207+02:00" testType="13cdc9d9-ddb5-4fa4-a97d-d965ccfc6d4b" outcome="Passed" testListId="8c84fa94-04c1-424b-9868-57a2d4851a1d" relativeResultsDirectory="d01ee002-20ab-40a6-9651-c4cc05ee0b3f">
      <Output>
        <StdOut>-&gt; Initialized HttpClient for scenario: Get all difficulty levels
Given the database is empty
-&gt; Executing step: Given the database is empty
-&gt; done: DatabaseSteps.GivenTheDatabaseIsEmpty() (0.0s)
-&gt; Step result: Passed
And the database has reference data
-&gt; Executing step: Given the database has reference data
-&gt; done: DatabaseSteps.GivenTheDatabaseHasReferenceData() (0.0s)
-&gt; Step result: Passed
When I send a GET request to "/api/ReferenceTables/DifficultyLevels"
-&gt; Executing step: When I send a GET request to "/api/ReferenceTables/DifficultyLevels"
-&gt; done: RequestSteps.WhenISendARequestTo("GET", "/api/ReferenceTab...") (0.0s)
-&gt; Step result: Passed
Then the response status should be 200
-&gt; Executing step: Then the response status should be 200
-&gt; done: ResponseSteps.ThenTheResponseStatusShouldBe(200) (0.0s)
-&gt; Step result: Passed
And the response should be a JSON array
-&gt; Executing step: Then the response should be a JSON array
-&gt; done: ResponseSteps.ThenTheResponseShouldBeAJsonArray() (0.0s)
-&gt; Step result: Passed</StdOut>
      </Output>
    </UnitTestResult>
  </Results>
  <TestDefinitions>
    <UnitTest name="Get difficulty level by valid ID" storage="/home/esqueleto/mywork/getfittergetbigger/getfittergetbigger.api/getfittergetbigger.api.integrationtests/bin/debug/net9.0/getfittergetbigger.api.integrationtests.dll" id="24b86cba-8a25-b3a3-0b66-1b00364a89c0">
      <Execution id="081b7baf-96d0-4af6-92ec-a53882e8216c" />
      <TestMethod codeBase="/home/esqueleto/myWork/GetFitterGetBigger/GetFitterGetBigger.API/GetFitterGetBigger.API.IntegrationTests/bin/Debug/net9.0/GetFitterGetBigger.API.IntegrationTests.dll" adapterTypeName="executor://xunit/VsTestRunner2/netcoreapp" className="GetFitterGetBigger.API.IntegrationTests.Features.ReferenceData.DifficultyLevelsReferenceDataFeature" name="GetDifficultyLevelByValidID" />
    </UnitTest>
    <UnitTest name="Database is accessible" storage="/home/esqueleto/mywork/getfittergetbigger/getfittergetbigger.api/getfittergetbigger.api.integrationtests/bin/debug/net9.0/getfittergetbigger.api.integrationtests.dll" id="809e8303-d8db-83e6-c645-da5f376be7b8">
      <Execution id="30326d42-52ea-4364-b9a2-34f1920c3227" />
      <TestMethod codeBase="/home/esqueleto/myWork/GetFitterGetBigger/GetFitterGetBigger.API/GetFitterGetBigger.API.IntegrationTests/bin/Debug/net9.0/GetFitterGetBigger.API.IntegrationTests.dll" adapterTypeName="executor://xunit/VsTestRunner2/netcoreapp" className="GetFitterGetBigger.API.IntegrationTests.Features.Basic.DatabaseConnectionFeature" name="DatabaseIsAccessible" />
    </UnitTest>
    <UnitTest name="Get difficulty level by value with different casing(casing: &quot;BEGINNER&quot;, exampleTags: [])" storage="/home/esqueleto/mywork/getfittergetbigger/getfittergetbigger.api/getfittergetbigger.api.integrationtests/bin/debug/net9.0/getfittergetbigger.api.integrationtests.dll" id="20571401-7eb7-cd89-4987-788dae12b96c">
      <Execution id="9156cdec-26fb-477f-982b-915246c7a5ae" />
      <TestMethod codeBase="/home/esqueleto/myWork/GetFitterGetBigger/GetFitterGetBigger.API/GetFitterGetBigger.API.IntegrationTests/bin/Debug/net9.0/GetFitterGetBigger.API.IntegrationTests.dll" adapterTypeName="executor://xunit/VsTestRunner2/netcoreapp" className="GetFitterGetBigger.API.IntegrationTests.Features.ReferenceData.DifficultyLevelsReferenceDataFeature" name="GetDifficultyLevelByValueWithDifferentCasing" />
    </UnitTest>
    <UnitTest name="Get difficulty level by value with different casing(casing: &quot;BeGiNnEr&quot;, exampleTags: [])" storage="/home/esqueleto/mywork/getfittergetbigger/getfittergetbigger.api/getfittergetbigger.api.integrationtests/bin/debug/net9.0/getfittergetbigger.api.integrationtests.dll" id="a450ef01-55c7-1965-e168-73ab1fa6db6e">
      <Execution id="26f6f0e2-24d2-434e-ac00-4a742473fdb7" />
      <TestMethod codeBase="/home/esqueleto/myWork/GetFitterGetBigger/GetFitterGetBigger.API/GetFitterGetBigger.API.IntegrationTests/bin/Debug/net9.0/GetFitterGetBigger.API.IntegrationTests.dll" adapterTypeName="executor://xunit/VsTestRunner2/netcoreapp" className="GetFitterGetBigger.API.IntegrationTests.Features.ReferenceData.DifficultyLevelsReferenceDataFeature" name="GetDifficultyLevelByValueWithDifferentCasing" />
    </UnitTest>
    <UnitTest name="Get difficulty level by valid value" storage="/home/esqueleto/mywork/getfittergetbigger/getfittergetbigger.api/getfittergetbigger.api.integrationtests/bin/debug/net9.0/getfittergetbigger.api.integrationtests.dll" id="29bd479b-00e8-49d2-ced1-f439e4dd47a8">
      <Execution id="0768dfb8-b9df-4c9b-8c16-80a2e56df7f6" />
      <TestMethod codeBase="/home/esqueleto/myWork/GetFitterGetBigger/GetFitterGetBigger.API/GetFitterGetBigger.API.IntegrationTests/bin/Debug/net9.0/GetFitterGetBigger.API.IntegrationTests.dll" adapterTypeName="executor://xunit/VsTestRunner2/netcoreapp" className="GetFitterGetBigger.API.IntegrationTests.Features.ReferenceData.DifficultyLevelsReferenceDataFeature" name="GetDifficultyLevelByValidValue" />
    </UnitTest>
    <UnitTest name="Get difficulty level by non-existent value returns not found" storage="/home/esqueleto/mywork/getfittergetbigger/getfittergetbigger.api/getfittergetbigger.api.integrationtests/bin/debug/net9.0/getfittergetbigger.api.integrationtests.dll" id="7d84a9b6-dc51-9fb7-23d3-28b46d8b1ac9">
      <Execution id="5f63202e-dc09-4743-945a-99e4d0fe9496" />
      <TestMethod codeBase="/home/esqueleto/myWork/GetFitterGetBigger/GetFitterGetBigger.API/GetFitterGetBigger.API.IntegrationTests/bin/Debug/net9.0/GetFitterGetBigger.API.IntegrationTests.dll" adapterTypeName="executor://xunit/VsTestRunner2/netcoreapp" className="GetFitterGetBigger.API.IntegrationTests.Features.ReferenceData.DifficultyLevelsReferenceDataFeature" name="GetDifficultyLevelByNon_ExistentValueReturnsNotFound" />
    </UnitTest>
    <UnitTest name="Get difficulty level by invalid ID format returns bad request" storage="/home/esqueleto/mywork/getfittergetbigger/getfittergetbigger.api/getfittergetbigger.api.integrationtests/bin/debug/net9.0/getfittergetbigger.api.integrationtests.dll" id="8143067d-510a-1b22-fed2-1bfd042b77ac">
      <Execution id="4060ce2c-0ed3-4d30-a636-2d9710115969" />
      <TestMethod codeBase="/home/esqueleto/myWork/GetFitterGetBigger/GetFitterGetBigger.API/GetFitterGetBigger.API.IntegrationTests/bin/Debug/net9.0/GetFitterGetBigger.API.IntegrationTests.dll" adapterTypeName="executor://xunit/VsTestRunner2/netcoreapp" className="GetFitterGetBigger.API.IntegrationTests.Features.ReferenceData.DifficultyLevelsReferenceDataFeature" name="GetDifficultyLevelByInvalidIDFormatReturnsBadRequest" />
    </UnitTest>
    <UnitTest name="Get all difficulty levels" storage="/home/esqueleto/mywork/getfittergetbigger/getfittergetbigger.api/getfittergetbigger.api.integrationtests/bin/debug/net9.0/getfittergetbigger.api.integrationtests.dll" id="ff8f3041-b633-1617-4d2d-8212db51b23f">
      <Execution id="d01ee002-20ab-40a6-9651-c4cc05ee0b3f" />
      <TestMethod codeBase="/home/esqueleto/myWork/GetFitterGetBigger/GetFitterGetBigger.API/GetFitterGetBigger.API.IntegrationTests/bin/Debug/net9.0/GetFitterGetBigger.API.IntegrationTests.dll" adapterTypeName="executor://xunit/VsTestRunner2/netcoreapp" className="GetFitterGetBigger.API.IntegrationTests.Features.ReferenceData.DifficultyLevelsReferenceDataFeature" name="GetAllDifficultyLevels" />
    </UnitTest>
    <UnitTest name="Get difficulty level by value with different casing(casing: &quot;Beginner&quot;, exampleTags: [])" storage="/home/esqueleto/mywork/getfittergetbigger/getfittergetbigger.api/getfittergetbigger.api.integrationtests/bin/debug/net9.0/getfittergetbigger.api.integrationtests.dll" id="6b5bab49-7e83-4742-8d68-1815f12ca24a">
      <Execution id="b479c3be-60f3-44cc-a8fe-3e0d53132288" />
      <TestMethod codeBase="/home/esqueleto/myWork/GetFitterGetBigger/GetFitterGetBigger.API/GetFitterGetBigger.API.IntegrationTests/bin/Debug/net9.0/GetFitterGetBigger.API.IntegrationTests.dll" adapterTypeName="executor://xunit/VsTestRunner2/netcoreapp" className="GetFitterGetBigger.API.IntegrationTests.Features.ReferenceData.DifficultyLevelsReferenceDataFeature" name="GetDifficultyLevelByValueWithDifferentCasing" />
    </UnitTest>
    <UnitTest name="Get difficulty level by non-existent ID returns not found" storage="/home/esqueleto/mywork/getfittergetbigger/getfittergetbigger.api/getfittergetbigger.api.integrationtests/bin/debug/net9.0/getfittergetbigger.api.integrationtests.dll" id="7dc8d6e5-a945-2023-9853-f2cf4c56e8e2">
      <Execution id="212e7128-06d2-4c61-a25a-ce93326e1fe1" />
      <TestMethod codeBase="/home/esqueleto/myWork/GetFitterGetBigger/GetFitterGetBigger.API/GetFitterGetBigger.API.IntegrationTests/bin/Debug/net9.0/GetFitterGetBigger.API.IntegrationTests.dll" adapterTypeName="executor://xunit/VsTestRunner2/netcoreapp" className="GetFitterGetBigger.API.IntegrationTests.Features.ReferenceData.DifficultyLevelsReferenceDataFeature" name="GetDifficultyLevelByNon_ExistentIDReturnsNotFound" />
    </UnitTest>
    <UnitTest name="Get difficulty level by value with different casing(casing: &quot;beginner&quot;, exampleTags: [])" storage="/home/esqueleto/mywork/getfittergetbigger/getfittergetbigger.api/getfittergetbigger.api.integrationtests/bin/debug/net9.0/getfittergetbigger.api.integrationtests.dll" id="78c8d0c4-5915-18ed-925c-a215ae58addc">
      <Execution id="7a4425a2-dbec-4774-8070-8c804e1db56d" />
      <TestMethod codeBase="/home/esqueleto/myWork/GetFitterGetBigger/GetFitterGetBigger.API/GetFitterGetBigger.API.IntegrationTests/bin/Debug/net9.0/GetFitterGetBigger.API.IntegrationTests.dll" adapterTypeName="executor://xunit/VsTestRunner2/netcoreapp" className="GetFitterGetBigger.API.IntegrationTests.Features.ReferenceData.DifficultyLevelsReferenceDataFeature" name="GetDifficultyLevelByValueWithDifferentCasing" />
    </UnitTest>
  </TestDefinitions>
  <TestEntries>
    <TestEntry testId="7d84a9b6-dc51-9fb7-23d3-28b46d8b1ac9" executionId="5f63202e-dc09-4743-945a-99e4d0fe9496" testListId="8c84fa94-04c1-424b-9868-57a2d4851a1d" />
    <TestEntry testId="7dc8d6e5-a945-2023-9853-f2cf4c56e8e2" executionId="212e7128-06d2-4c61-a25a-ce93326e1fe1" testListId="8c84fa94-04c1-424b-9868-57a2d4851a1d" />
    <TestEntry testId="20571401-7eb7-cd89-4987-788dae12b96c" executionId="9156cdec-26fb-477f-982b-915246c7a5ae" testListId="8c84fa94-04c1-424b-9868-57a2d4851a1d" />
    <TestEntry testId="6b5bab49-7e83-4742-8d68-1815f12ca24a" executionId="b479c3be-60f3-44cc-a8fe-3e0d53132288" testListId="8c84fa94-04c1-424b-9868-57a2d4851a1d" />
    <TestEntry testId="29bd479b-00e8-49d2-ced1-f439e4dd47a8" executionId="0768dfb8-b9df-4c9b-8c16-80a2e56df7f6" testListId="8c84fa94-04c1-424b-9868-57a2d4851a1d" />
    <TestEntry testId="24b86cba-8a25-b3a3-0b66-1b00364a89c0" executionId="081b7baf-96d0-4af6-92ec-a53882e8216c" testListId="8c84fa94-04c1-424b-9868-57a2d4851a1d" />
    <TestEntry testId="8143067d-510a-1b22-fed2-1bfd042b77ac" executionId="4060ce2c-0ed3-4d30-a636-2d9710115969" testListId="8c84fa94-04c1-424b-9868-57a2d4851a1d" />
    <TestEntry testId="809e8303-d8db-83e6-c645-da5f376be7b8" executionId="30326d42-52ea-4364-b9a2-34f1920c3227" testListId="8c84fa94-04c1-424b-9868-57a2d4851a1d" />
    <TestEntry testId="a450ef01-55c7-1965-e168-73ab1fa6db6e" executionId="26f6f0e2-24d2-434e-ac00-4a742473fdb7" testListId="8c84fa94-04c1-424b-9868-57a2d4851a1d" />
    <TestEntry testId="78c8d0c4-5915-18ed-925c-a215ae58addc" executionId="7a4425a2-dbec-4774-8070-8c804e1db56d" testListId="8c84fa94-04c1-424b-9868-57a2d4851a1d" />
    <TestEntry testId="ff8f3041-b633-1617-4d2d-8212db51b23f" executionId="d01ee002-20ab-40a6-9651-c4cc05ee0b3f" testListId="8c84fa94-04c1-424b-9868-57a2d4851a1d" />
  </TestEntries>
  <TestLists>
    <TestList name="Results Not in a List" id="8c84fa94-04c1-424b-9868-57a2d4851a1d" />
    <TestList name="All Loaded Results" id="19431567-8539-422a-85d7-44ee4e166bda" />
  </TestLists>
  <ResultSummary outcome="Failed">
    <Counters total="11" executed="11" passed="9" failed="2" error="0" timeout="0" aborted="0" inconclusive="0" passedButRunAborted="0" notRunnable="0" notExecuted="0" disconnected="0" warning="0" completed="0" inProgress="0" pending="0" />
    <Output>
      <StdOut>[xUnit.net 00:00:00.00] xUnit.net VSTest Adapter v2.8.2+699d445a1a (64-bit .NET 9.0.3)
[xUnit.net 00:00:00.04]   Discovering: GetFitterGetBigger.API.IntegrationTests
[xUnit.net 00:00:00.06]   Discovered:  GetFitterGetBigger.API.IntegrationTests
[xUnit.net 00:00:00.06]   Starting:    GetFitterGetBigger.API.IntegrationTests
-&gt; Loading plugin /home/esqueleto/myWork/GetFitterGetBigger/GetFitterGetBigger.API/GetFitterGetBigger.API.IntegrationTests/bin/Debug/net9.0/TechTalk.SpecFlow.xUnit.SpecFlowPlugin.dll
-&gt; Loading plugin /home/esqueleto/myWork/GetFitterGetBigger/GetFitterGetBigger.API/GetFitterGetBigger.API.IntegrationTests/bin/Debug/net9.0/GetFitterGetBigger.API.IntegrationTests.dll
-&gt; Using specflow.json
[testcontainers.org 00:00:00.07] Connected to Docker:
  Host: unix:///var/run/docker.sock
  Server Version: 27.3.1
  Kernel Version: 6.14.0-23-generic
  API Version: 1.47
  Operating System: Ubuntu 25.04
  Total Memory: 61.38 GB
[testcontainers.org 00:00:00.13] Docker container b711cb635323 created
[testcontainers.org 00:00:00.14] Start Docker container b711cb635323
[testcontainers.org 00:00:00.25] Wait for Docker container b711cb635323 to complete readiness checks
[testcontainers.org 00:00:00.26] Docker container b711cb635323 ready
[testcontainers.org 00:00:00.27] Docker container a2509f273d82 created
[testcontainers.org 00:00:00.27] Docker container c68841e3a3d8 created
[testcontainers.org 00:00:00.27] Start Docker container a2509f273d82
[testcontainers.org 00:00:00.27] Start Docker container c68841e3a3d8
[testcontainers.org 00:00:00.41] Wait for Docker container a2509f273d82 to complete readiness checks
[testcontainers.org 00:00:00.42] Wait for Docker container c68841e3a3d8 to complete readiness checks
[testcontainers.org 00:00:00.42] Execute "pg_isready --host localhost --dbname bddtestdb --username bddtestuser" at Docker container a2509f273d82
[testcontainers.org 00:00:00.42] Execute "pg_isready --host localhost --dbname bddtestdb --username bddtestuser" at Docker container c68841e3a3d8
[testcontainers.org 00:00:01.47] Execute "pg_isready --host localhost --dbname bddtestdb --username bddtestuser" at Docker container c68841e3a3d8
[testcontainers.org 00:00:01.47] Execute "pg_isready --host localhost --dbname bddtestdb --username bddtestuser" at Docker container a2509f273d82
[testcontainers.org 00:00:01.52] Docker container a2509f273d82 ready
[testcontainers.org 00:00:01.52] Docker container c68841e3a3d8 ready
[testcontainers.org 00:00:01.61] Docker container 7662c7dbe742 created
[testcontainers.org 00:00:01.61] Docker container 700735cadf39 created
[testcontainers.org 00:00:01.61] Start Docker container 7662c7dbe742
[testcontainers.org 00:00:01.61] Start Docker container 700735cadf39
[testcontainers.org 00:00:01.77] Wait for Docker container 7662c7dbe742 to complete readiness checks
[testcontainers.org 00:00:01.77] Wait for Docker container 700735cadf39 to complete readiness checks
[testcontainers.org 00:00:01.77] Execute "pg_isready --host localhost --dbname bddtestdb --username bddtestuser" at Docker container 7662c7dbe742
[testcontainers.org 00:00:01.77] Execute "pg_isready --host localhost --dbname bddtestdb --username bddtestuser" at Docker container 700735cadf39
[testcontainers.org 00:00:02.81] Execute "pg_isready --host localhost --dbname bddtestdb --username bddtestuser" at Docker container 700735cadf39
[testcontainers.org 00:00:02.81] Execute "pg_isready --host localhost --dbname bddtestdb --username bddtestuser" at Docker container 7662c7dbe742
[testcontainers.org 00:00:02.86] Docker container 7662c7dbe742 ready
[testcontainers.org 00:00:02.86] Docker container 700735cadf39 ready
-&gt; #XW001: Starting feature: Database Connection
-&gt; #XW002: Starting feature: Difficulty Levels Reference Data
-&gt; #XW001: Tags: 
-&gt; #XW002: Tags: 
warn: Microsoft.EntityFrameworkCore.Model.Validation[10400]
      Sensitive data logging is enabled. Log entries and exception messages may include sensitive application data; this mode should only be enabled during development.
warn: 7/12/2025 16:06:30.827 CoreEventId.SensitiveDataLoggingEnabledWarning[10400] (Microsoft.EntityFrameworkCore.Infrastructure) 
      Sensitive data logging is enabled. Log entries and exception messages may include sensitive application data; this mode should only be enabled during development.
dbug: Microsoft.EntityFrameworkCore.Database.Command[20103]
      Creating DbCommand for 'ExecuteReader'.
dbug: Microsoft.EntityFrameworkCore.Database.Command[20103]
      Creating DbCommand for 'ExecuteReader'.
dbug: Microsoft.EntityFrameworkCore.Database.Command[20104]
      Created DbCommand for 'ExecuteReader' (2ms).
dbug: Microsoft.EntityFrameworkCore.Database.Command[20104]
      Created DbCommand for 'ExecuteReader' (2ms).
dbug: Microsoft.EntityFrameworkCore.Database.Command[20106]
      Initialized DbCommand for 'ExecuteReader' (4ms).
dbug: Microsoft.EntityFrameworkCore.Database.Command[20106]
      Initialized DbCommand for 'ExecuteReader' (4ms).
dbug: Microsoft.EntityFrameworkCore.Database.Command[20100]
      Executing DbCommand [Parameters=[], CommandType='Text', CommandTimeout='30']
      SELECT "MigrationId", "ProductVersion"
      FROM "__EFMigrationsHistory"
      ORDER BY "MigrationId";
dbug: Microsoft.EntityFrameworkCore.Database.Command[20100]
      Executing DbCommand [Parameters=[], CommandType='Text', CommandTimeout='30']
      SELECT "MigrationId", "ProductVersion"
      FROM "__EFMigrationsHistory"
      ORDER BY "MigrationId";
fail: Microsoft.EntityFrameworkCore.Database.Command[20102]
      Failed executing DbCommand (11ms) [Parameters=[], CommandType='Text', CommandTimeout='30']
      SELECT "MigrationId", "ProductVersion"
      FROM "__EFMigrationsHistory"
      ORDER BY "MigrationId";
fail: Microsoft.EntityFrameworkCore.Database.Command[20102]
      Failed executing DbCommand (11ms) [Parameters=[], CommandType='Text', CommandTimeout='30']
      SELECT "MigrationId", "ProductVersion"
      FROM "__EFMigrationsHistory"
      ORDER BY "MigrationId";
fail: 7/12/2025 16:06:30.952 RelationalEventId.CommandError[20102] (Microsoft.EntityFrameworkCore.Database.Command) 
      Failed executing DbCommand (11ms) [Parameters=[], CommandType='Text', CommandTimeout='30']
      SELECT "MigrationId", "ProductVersion"
      FROM "__EFMigrationsHistory"
      ORDER BY "MigrationId";
fail: 7/12/2025 16:06:30.952 RelationalEventId.CommandError[20102] (Microsoft.EntityFrameworkCore.Database.Command) 
      Failed executing DbCommand (11ms) [Parameters=[], CommandType='Text', CommandTimeout='30']
      SELECT "MigrationId", "ProductVersion"
      FROM "__EFMigrationsHistory"
      ORDER BY "MigrationId";
dbug: Microsoft.EntityFrameworkCore.Migrations[20400]
      Migrating using database 'bddtestdb' on server 'tcp://127.0.0.1:33503'.
dbug: Microsoft.EntityFrameworkCore.Migrations[20400]
      Migrating using database 'bddtestdb' on server 'tcp://127.0.0.1:33502'.
dbug: Microsoft.EntityFrameworkCore.Database.Command[20103]
      Creating DbCommand for 'ExecuteNonQuery'.
dbug: Microsoft.EntityFrameworkCore.Database.Command[20104]
      Created DbCommand for 'ExecuteNonQuery' (0ms).
dbug: Microsoft.EntityFrameworkCore.Database.Command[20103]
      Creating DbCommand for 'ExecuteNonQuery'.
dbug: Microsoft.EntityFrameworkCore.Database.Command[20106]
      Initialized DbCommand for 'ExecuteNonQuery' (0ms).
dbug: Microsoft.EntityFrameworkCore.Database.Command[20104]
      Created DbCommand for 'ExecuteNonQuery' (0ms).
dbug: Microsoft.EntityFrameworkCore.Database.Command[20106]
      Initialized DbCommand for 'ExecuteNonQuery' (0ms).
dbug: Microsoft.EntityFrameworkCore.Database.Command[20100]
      Executing DbCommand [Parameters=[], CommandType='Text', CommandTimeout='30']
      CREATE TABLE IF NOT EXISTS "__EFMigrationsHistory" (
          "MigrationId" character varying(150) NOT NULL,
          "ProductVersion" character varying(32) NOT NULL,
          CONSTRAINT "PK___EFMigrationsHistory" PRIMARY KEY ("MigrationId")
      );
dbug: Microsoft.EntityFrameworkCore.Database.Command[20100]
      Executing DbCommand [Parameters=[], CommandType='Text', CommandTimeout='30']
      CREATE TABLE IF NOT EXISTS "__EFMigrationsHistory" (
          "MigrationId" character varying(150) NOT NULL,
          "ProductVersion" character varying(32) NOT NULL,
          CONSTRAINT "PK___EFMigrationsHistory" PRIMARY KEY ("MigrationId")
      );
info: Microsoft.EntityFrameworkCore.Database.Command[20101]
      Executed DbCommand (3ms) [Parameters=[], CommandType='Text', CommandTimeout='30']
      CREATE TABLE IF NOT EXISTS "__EFMigrationsHistory" (
          "MigrationId" character varying(150) NOT NULL,
          "ProductVersion" character varying(32) NOT NULL,
          CONSTRAINT "PK___EFMigrationsHistory" PRIMARY KEY ("MigrationId")
      );
info: Microsoft.EntityFrameworkCore.Database.Command[20101]
      Executed DbCommand (3ms) [Parameters=[], CommandType='Text', CommandTimeout='30']
      CREATE TABLE IF NOT EXISTS "__EFMigrationsHistory" (
          "MigrationId" character varying(150) NOT NULL,
          "ProductVersion" character varying(32) NOT NULL,
          CONSTRAINT "PK___EFMigrationsHistory" PRIMARY KEY ("MigrationId")
      );
info: 7/12/2025 16:06:31.072 RelationalEventId.CommandExecuted[20101] (Microsoft.EntityFrameworkCore.Database.Command) 
      Executed DbCommand (3ms) [Parameters=[], CommandType='Text', CommandTimeout='30']
      CREATE TABLE IF NOT EXISTS "__EFMigrationsHistory" (
          "MigrationId" character varying(150) NOT NULL,
          "ProductVersion" character varying(32) NOT NULL,
          CONSTRAINT "PK___EFMigrationsHistory" PRIMARY KEY ("MigrationId")
      );
info: 7/12/2025 16:06:31.072 RelationalEventId.CommandExecuted[20101] (Microsoft.EntityFrameworkCore.Database.Command) 
      Executed DbCommand (3ms) [Parameters=[], CommandType='Text', CommandTimeout='30']
      CREATE TABLE IF NOT EXISTS "__EFMigrationsHistory" (
          "MigrationId" character varying(150) NOT NULL,
          "ProductVersion" character varying(32) NOT NULL,
          CONSTRAINT "PK___EFMigrationsHistory" PRIMARY KEY ("MigrationId")
      );
info: Microsoft.EntityFrameworkCore.Migrations[20411]
      Acquiring an exclusive lock for migration application. See https://aka.ms/efcore-docs-migrations-lock for more information if this takes too long.
info: Microsoft.EntityFrameworkCore.Migrations[20411]
      Acquiring an exclusive lock for migration application. See https://aka.ms/efcore-docs-migrations-lock for more information if this takes too long.
info: 7/12/2025 16:06:31.075 RelationalEventId.AcquiringMigrationLock[20411] (Microsoft.EntityFrameworkCore.Migrations) 
      Acquiring an exclusive lock for migration application. See https://aka.ms/efcore-docs-migrations-lock for more information if this takes too long.
info: 7/12/2025 16:06:31.075 RelationalEventId.AcquiringMigrationLock[20411] (Microsoft.EntityFrameworkCore.Migrations) 
      Acquiring an exclusive lock for migration application. See https://aka.ms/efcore-docs-migrations-lock for more information if this takes too long.
dbug: Microsoft.EntityFrameworkCore.Database.Command[20103]
      Creating DbCommand for 'ExecuteNonQuery'.
dbug: Microsoft.EntityFrameworkCore.Database.Command[20104]
      Created DbCommand for 'ExecuteNonQuery' (0ms).
dbug: Microsoft.EntityFrameworkCore.Database.Command[20103]
      Creating DbCommand for 'ExecuteNonQuery'.
dbug: Microsoft.EntityFrameworkCore.Database.Command[20104]
      Created DbCommand for 'ExecuteNonQuery' (0ms).
dbug: Microsoft.EntityFrameworkCore.Database.Command[20106]
      Initialized DbCommand for 'ExecuteNonQuery' (0ms).
dbug: Microsoft.EntityFrameworkCore.Database.Command[20106]
      Initialized DbCommand for 'ExecuteNonQuery' (0ms).
dbug: Microsoft.EntityFrameworkCore.Database.Command[20100]
      Executing DbCommand [Parameters=[], CommandType='Text', CommandTimeout='30']
      LOCK TABLE "__EFMigrationsHistory" IN ACCESS EXCLUSIVE MODE
dbug: Microsoft.EntityFrameworkCore.Database.Command[20100]
      Executing DbCommand [Parameters=[], CommandType='Text', CommandTimeout='30']
      LOCK TABLE "__EFMigrationsHistory" IN ACCESS EXCLUSIVE MODE
info: Microsoft.EntityFrameworkCore.Database.Command[20101]
      Executed DbCommand (0ms) [Parameters=[], CommandType='Text', CommandTimeout='30']
      LOCK TABLE "__EFMigrationsHistory" IN ACCESS EXCLUSIVE MODE
info: 7/12/2025 16:06:31.075 RelationalEventId.CommandExecuted[20101] (Microsoft.EntityFrameworkCore.Database.Command) 
      Executed DbCommand (0ms) [Parameters=[], CommandType='Text', CommandTimeout='30']
      LOCK TABLE "__EFMigrationsHistory" IN ACCESS EXCLUSIVE MODE
info: Microsoft.EntityFrameworkCore.Database.Command[20101]
      Executed DbCommand (0ms) [Parameters=[], CommandType='Text', CommandTimeout='30']
      LOCK TABLE "__EFMigrationsHistory" IN ACCESS EXCLUSIVE MODE
dbug: Microsoft.EntityFrameworkCore.Database.Command[20103]
      Creating DbCommand for 'ExecuteReader'.
dbug: Microsoft.EntityFrameworkCore.Database.Command[20104]
      Created DbCommand for 'ExecuteReader' (0ms).
dbug: Microsoft.EntityFrameworkCore.Database.Command[20106]
      Initialized DbCommand for 'ExecuteReader' (0ms).
dbug: Microsoft.EntityFrameworkCore.Database.Command[20100]
      Executing DbCommand [Parameters=[], CommandType='Text', CommandTimeout='30']
      SELECT "MigrationId", "ProductVersion"
      FROM "__EFMigrationsHistory"
      ORDER BY "MigrationId";
info: 7/12/2025 16:06:31.076 RelationalEventId.CommandExecuted[20101] (Microsoft.EntityFrameworkCore.Database.Command) 
      Executed DbCommand (0ms) [Parameters=[], CommandType='Text', CommandTimeout='30']
      LOCK TABLE "__EFMigrationsHistory" IN ACCESS EXCLUSIVE MODE
dbug: Microsoft.EntityFrameworkCore.Database.Command[20103]
      Creating DbCommand for 'ExecuteReader'.
dbug: Microsoft.EntityFrameworkCore.Database.Command[20104]
      Created DbCommand for 'ExecuteReader' (0ms).
dbug: Microsoft.EntityFrameworkCore.Database.Command[20106]
      Initialized DbCommand for 'ExecuteReader' (0ms).
dbug: Microsoft.EntityFrameworkCore.Database.Command[20100]
      Executing DbCommand [Parameters=[], CommandType='Text', CommandTimeout='30']
      SELECT "MigrationId", "ProductVersion"
      FROM "__EFMigrationsHistory"
      ORDER BY "MigrationId";
info: Microsoft.EntityFrameworkCore.Database.Command[20101]
      Executed DbCommand (1ms) [Parameters=[], CommandType='Text', CommandTimeout='30']
      SELECT "MigrationId", "ProductVersion"
      FROM "__EFMigrationsHistory"
      ORDER BY "MigrationId";
info: Microsoft.EntityFrameworkCore.Database.Command[20101]
      Executed DbCommand (1ms) [Parameters=[], CommandType='Text', CommandTimeout='30']
      SELECT "MigrationId", "ProductVersion"
      FROM "__EFMigrationsHistory"
      ORDER BY "MigrationId";
info: 7/12/2025 16:06:31.076 RelationalEventId.CommandExecuted[20101] (Microsoft.EntityFrameworkCore.Database.Command) 
      Executed DbCommand (1ms) [Parameters=[], CommandType='Text', CommandTimeout='30']
      SELECT "MigrationId", "ProductVersion"
      FROM "__EFMigrationsHistory"
      ORDER BY "MigrationId";
info: 7/12/2025 16:06:31.076 RelationalEventId.CommandExecuted[20101] (Microsoft.EntityFrameworkCore.Database.Command) 
      Executed DbCommand (1ms) [Parameters=[], CommandType='Text', CommandTimeout='30']
      SELECT "MigrationId", "ProductVersion"
      FROM "__EFMigrationsHistory"
      ORDER BY "MigrationId";
dbug: Microsoft.EntityFrameworkCore.Database.Command[20301]
      Closing data reader to 'bddtestdb' on server 'tcp://127.0.0.1:33502'.
dbug: Microsoft.EntityFrameworkCore.Database.Command[20301]
      Closing data reader to 'bddtestdb' on server 'tcp://127.0.0.1:33503'.
dbug: Microsoft.EntityFrameworkCore.Database.Command[20300]
      A data reader for 'bddtestdb' on server 'tcp://127.0.0.1:33502' is being disposed after spending 1ms reading results.
dbug: Microsoft.EntityFrameworkCore.Database.Command[20300]
      A data reader for 'bddtestdb' on server 'tcp://127.0.0.1:33503' is being disposed after spending 1ms reading results.
info: Microsoft.EntityFrameworkCore.Migrations[20402]
      Applying migration '20250623233141_InitialCreate'.
info: Microsoft.EntityFrameworkCore.Migrations[20402]
      Applying migration '20250623233141_InitialCreate'.
info: 7/12/2025 16:06:31.082 RelationalEventId.MigrationApplying[20402] (Microsoft.EntityFrameworkCore.Migrations) 
      Applying migration '20250623233141_InitialCreate'.
info: 7/12/2025 16:06:31.082 RelationalEventId.MigrationApplying[20402] (Microsoft.EntityFrameworkCore.Migrations) 
      Applying migration '20250623233141_InitialCreate'.
dbug: Microsoft.EntityFrameworkCore.Database.Command[20103]
      Creating DbCommand for 'ExecuteNonQuery'.
dbug: Microsoft.EntityFrameworkCore.Database.Command[20104]
      Created DbCommand for 'ExecuteNonQuery' (0ms).
dbug: Microsoft.EntityFrameworkCore.Database.Command[20106]
      Initialized DbCommand for 'ExecuteNonQuery' (0ms).
dbug: Microsoft.EntityFrameworkCore.Database.Command[20103]
      Creating DbCommand for 'ExecuteNonQuery'.
dbug: Microsoft.EntityFrameworkCore.Database.Command[20104]
      Created DbCommand for 'ExecuteNonQuery' (0ms).
dbug: Microsoft.EntityFrameworkCore.Database.Command[20100]
      Executing DbCommand [Parameters=[], CommandType='Text', CommandTimeout='30']
      CREATE TABLE "Equipment" (
          "Id" uuid NOT NULL,
          "Name" text NOT NULL,
          CONSTRAINT "PK_Equipment" PRIMARY KEY ("Id")
      );
dbug: Microsoft.EntityFrameworkCore.Database.Command[20106]
      Initialized DbCommand for 'ExecuteNonQuery' (0ms).
dbug: Microsoft.EntityFrameworkCore.Database.Command[20100]
      Executing DbCommand [Parameters=[], CommandType='Text', CommandTimeout='30']
      CREATE TABLE "Equipment" (
          "Id" uuid NOT NULL,
          "Name" text NOT NULL,
          CONSTRAINT "PK_Equipment" PRIMARY KEY ("Id")
      );
info: Microsoft.EntityFrameworkCore.Database.Command[20101]
      Executed DbCommand (1ms) [Parameters=[], CommandType='Text', CommandTimeout='30']
      CREATE TABLE "Equipment" (
          "Id" uuid NOT NULL,
          "Name" text NOT NULL,
          CONSTRAINT "PK_Equipment" PRIMARY KEY ("Id")
      );
info: Microsoft.EntityFrameworkCore.Database.Command[20101]
      Executed DbCommand (1ms) [Parameters=[], CommandType='Text', CommandTimeout='30']
      CREATE TABLE "Equipment" (
          "Id" uuid NOT NULL,
          "Name" text NOT NULL,
          CONSTRAINT "PK_Equipment" PRIMARY KEY ("Id")
      );
info: 7/12/2025 16:06:31.095 RelationalEventId.CommandExecuted[20101] (Microsoft.EntityFrameworkCore.Database.Command) 
      Executed DbCommand (1ms) [Parameters=[], CommandType='Text', CommandTimeout='30']
      CREATE TABLE "Equipment" (
          "Id" uuid NOT NULL,
          "Name" text NOT NULL,
          CONSTRAINT "PK_Equipment" PRIMARY KEY ("Id")
      );
info: 7/12/2025 16:06:31.095 RelationalEventId.CommandExecuted[20101] (Microsoft.EntityFrameworkCore.Database.Command) 
      Executed DbCommand (1ms) [Parameters=[], CommandType='Text', CommandTimeout='30']
      CREATE TABLE "Equipment" (
          "Id" uuid NOT NULL,
          "Name" text NOT NULL,
          CONSTRAINT "PK_Equipment" PRIMARY KEY ("Id")
      );
dbug: Microsoft.EntityFrameworkCore.Database.Command[20103]
      Creating DbCommand for 'ExecuteNonQuery'.
dbug: Microsoft.EntityFrameworkCore.Database.Command[20104]
      Created DbCommand for 'ExecuteNonQuery' (0ms).
dbug: Microsoft.EntityFrameworkCore.Database.Command[20103]
      Creating DbCommand for 'ExecuteNonQuery'.
dbug: Microsoft.EntityFrameworkCore.Database.Command[20106]
      Initialized DbCommand for 'ExecuteNonQuery' (0ms).
dbug: Microsoft.EntityFrameworkCore.Database.Command[20104]
      Created DbCommand for 'ExecuteNonQuery' (0ms).
dbug: Microsoft.EntityFrameworkCore.Database.Command[20100]
      Executing DbCommand [Parameters=[], CommandType='Text', CommandTimeout='30']
      CREATE TABLE "Exercises" (
          "Id" uuid NOT NULL,
          "Name" text NOT NULL,
          "Description" text NOT NULL,
          "Instructions" text NOT NULL,
          "VideoUrl" text,
          "Difficulty" integer NOT NULL,
          "KineticChain" integer NOT NULL,
          "IsUnilateral" boolean NOT NULL,
          CONSTRAINT "PK_Exercises" PRIMARY KEY ("Id")
      );
dbug: Microsoft.EntityFrameworkCore.Database.Command[20106]
      Initialized DbCommand for 'ExecuteNonQuery' (0ms).
dbug: Microsoft.EntityFrameworkCore.Database.Command[20100]
      Executing DbCommand [Parameters=[], CommandType='Text', CommandTimeout='30']
      CREATE TABLE "Exercises" (
          "Id" uuid NOT NULL,
          "Name" text NOT NULL,
          "Description" text NOT NULL,
          "Instructions" text NOT NULL,
          "VideoUrl" text,
          "Difficulty" integer NOT NULL,
          "KineticChain" integer NOT NULL,
          "IsUnilateral" boolean NOT NULL,
          CONSTRAINT "PK_Exercises" PRIMARY KEY ("Id")
      );
info: Microsoft.EntityFrameworkCore.Database.Command[20101]
      Executed DbCommand (1ms) [Parameters=[], CommandType='Text', CommandTimeout='30']
      CREATE TABLE "Exercises" (
          "Id" uuid NOT NULL,
          "Name" text NOT NULL,
          "Description" text NOT NULL,
          "Instructions" text NOT NULL,
          "VideoUrl" text,
          "Difficulty" integer NOT NULL,
          "KineticChain" integer NOT NULL,
          "IsUnilateral" boolean NOT NULL,
          CONSTRAINT "PK_Exercises" PRIMARY KEY ("Id")
      );
info: 7/12/2025 16:06:31.096 RelationalEventId.CommandExecuted[20101] (Microsoft.EntityFrameworkCore.Database.Command) 
      Executed DbCommand (1ms) [Parameters=[], CommandType='Text', CommandTimeout='30']
      CREATE TABLE "Exercises" (
          "Id" uuid NOT NULL,
          "Name" text NOT NULL,
          "Description" text NOT NULL,
          "Instructions" text NOT NULL,
          "VideoUrl" text,
          "Difficulty" integer NOT NULL,
          "KineticChain" integer NOT NULL,
          "IsUnilateral" boolean NOT NULL,
          CONSTRAINT "PK_Exercises" PRIMARY KEY ("Id")
      );
dbug: Microsoft.EntityFrameworkCore.Database.Command[20103]
      Creating DbCommand for 'ExecuteNonQuery'.
dbug: Microsoft.EntityFrameworkCore.Database.Command[20104]
      Created DbCommand for 'ExecuteNonQuery' (0ms).
dbug: Microsoft.EntityFrameworkCore.Database.Command[20106]
      Initialized DbCommand for 'ExecuteNonQuery' (0ms).
dbug: Microsoft.EntityFrameworkCore.Database.Command[20100]
      Executing DbCommand [Parameters=[], CommandType='Text', CommandTimeout='30']
      CREATE TABLE "MetricTypes" (
          "Id" uuid NOT NULL,
          "Name" text NOT NULL,
          CONSTRAINT "PK_MetricTypes" PRIMARY KEY ("Id")
      );
info: Microsoft.EntityFrameworkCore.Database.Command[20101]
      Executed DbCommand (1ms) [Parameters=[], CommandType='Text', CommandTimeout='30']
      CREATE TABLE "MetricTypes" (
          "Id" uuid NOT NULL,
          "Name" text NOT NULL,
          CONSTRAINT "PK_MetricTypes" PRIMARY KEY ("Id")
      );
info: 7/12/2025 16:06:31.096 RelationalEventId.CommandExecuted[20101] (Microsoft.EntityFrameworkCore.Database.Command) 
      Executed DbCommand (1ms) [Parameters=[], CommandType='Text', CommandTimeout='30']
      CREATE TABLE "MetricTypes" (
          "Id" uuid NOT NULL,
          "Name" text NOT NULL,
          CONSTRAINT "PK_MetricTypes" PRIMARY KEY ("Id")
      );
dbug: Microsoft.EntityFrameworkCore.Database.Command[20103]
      Creating DbCommand for 'ExecuteNonQuery'.
dbug: Microsoft.EntityFrameworkCore.Database.Command[20104]
      Created DbCommand for 'ExecuteNonQuery' (0ms).
dbug: Microsoft.EntityFrameworkCore.Database.Command[20106]
      Initialized DbCommand for 'ExecuteNonQuery' (0ms).
dbug: Microsoft.EntityFrameworkCore.Database.Command[20100]
      Executing DbCommand [Parameters=[], CommandType='Text', CommandTimeout='30']
      CREATE TABLE "MovementPatterns" (
          "Id" uuid NOT NULL,
          "Name" text NOT NULL,
          "Description" text NOT NULL,
          CONSTRAINT "PK_MovementPatterns" PRIMARY KEY ("Id")
      );
info: Microsoft.EntityFrameworkCore.Database.Command[20101]
      Executed DbCommand (2ms) [Parameters=[], CommandType='Text', CommandTimeout='30']
      CREATE TABLE "Exercises" (
          "Id" uuid NOT NULL,
          "Name" text NOT NULL,
          "Description" text NOT NULL,
          "Instructions" text NOT NULL,
          "VideoUrl" text,
          "Difficulty" integer NOT NULL,
          "KineticChain" integer NOT NULL,
          "IsUnilateral" boolean NOT NULL,
          CONSTRAINT "PK_Exercises" PRIMARY KEY ("Id")
      );
info: 7/12/2025 16:06:31.096 RelationalEventId.CommandExecuted[20101] (Microsoft.EntityFrameworkCore.Database.Command) 
      Executed DbCommand (2ms) [Parameters=[], CommandType='Text', CommandTimeout='30']
      CREATE TABLE "Exercises" (
          "Id" uuid NOT NULL,
          "Name" text NOT NULL,
          "Description" text NOT NULL,
          "Instructions" text NOT NULL,
          "VideoUrl" text,
          "Difficulty" integer NOT NULL,
          "KineticChain" integer NOT NULL,
          "IsUnilateral" boolean NOT NULL,
          CONSTRAINT "PK_Exercises" PRIMARY KEY ("Id")
      );
dbug: Microsoft.EntityFrameworkCore.Database.Command[20103]
      Creating DbCommand for 'ExecuteNonQuery'.
dbug: Microsoft.EntityFrameworkCore.Database.Command[20104]
      Created DbCommand for 'ExecuteNonQuery' (0ms).
dbug: Microsoft.EntityFrameworkCore.Database.Command[20106]
      Initialized DbCommand for 'ExecuteNonQuery' (0ms).
dbug: Microsoft.EntityFrameworkCore.Database.Command[20100]
      Executing DbCommand [Parameters=[], CommandType='Text', CommandTimeout='30']
      CREATE TABLE "MetricTypes" (
          "Id" uuid NOT NULL,
          "Name" text NOT NULL,
          CONSTRAINT "PK_MetricTypes" PRIMARY KEY ("Id")
      );
info: Microsoft.EntityFrameworkCore.Database.Command[20101]
      Executed DbCommand (1ms) [Parameters=[], CommandType='Text', CommandTimeout='30']
      CREATE TABLE "MovementPatterns" (
          "Id" uuid NOT NULL,
          "Name" text NOT NULL,
          "Description" text NOT NULL,
          CONSTRAINT "PK_MovementPatterns" PRIMARY KEY ("Id")
      );
info: 7/12/2025 16:06:31.097 RelationalEventId.CommandExecuted[20101] (Microsoft.EntityFrameworkCore.Database.Command) 
      Executed DbCommand (1ms) [Parameters=[], CommandType='Text', CommandTimeout='30']
      CREATE TABLE "MovementPatterns" (
          "Id" uuid NOT NULL,
          "Name" text NOT NULL,
          "Description" text NOT NULL,
          CONSTRAINT "PK_MovementPatterns" PRIMARY KEY ("Id")
      );
dbug: Microsoft.EntityFrameworkCore.Database.Command[20103]
      Creating DbCommand for 'ExecuteNonQuery'.
dbug: Microsoft.EntityFrameworkCore.Database.Command[20104]
      Created DbCommand for 'ExecuteNonQuery' (0ms).
dbug: Microsoft.EntityFrameworkCore.Database.Command[20106]
      Initialized DbCommand for 'ExecuteNonQuery' (0ms).
dbug: Microsoft.EntityFrameworkCore.Database.Command[20100]
      Executing DbCommand [Parameters=[], CommandType='Text', CommandTimeout='30']
      CREATE TABLE "MuscleGroups" (
          "Id" uuid NOT NULL,
          "Name" text NOT NULL,
          "BodyPart" integer NOT NULL,
          CONSTRAINT "PK_MuscleGroups" PRIMARY KEY ("Id")
      );
info: Microsoft.EntityFrameworkCore.Database.Command[20101]
      Executed DbCommand (1ms) [Parameters=[], CommandType='Text', CommandTimeout='30']
      CREATE TABLE "MetricTypes" (
          "Id" uuid NOT NULL,
          "Name" text NOT NULL,
          CONSTRAINT "PK_MetricTypes" PRIMARY KEY ("Id")
      );
info: 7/12/2025 16:06:31.097 RelationalEventId.CommandExecuted[20101] (Microsoft.EntityFrameworkCore.Database.Command) 
      Executed DbCommand (1ms) [Parameters=[], CommandType='Text', CommandTimeout='30']
      CREATE TABLE "MetricTypes" (
          "Id" uuid NOT NULL,
          "Name" text NOT NULL,
          CONSTRAINT "PK_MetricTypes" PRIMARY KEY ("Id")
      );
dbug: Microsoft.EntityFrameworkCore.Database.Command[20103]
      Creating DbCommand for 'ExecuteNonQuery'.
dbug: Microsoft.EntityFrameworkCore.Database.Command[20104]
      Created DbCommand for 'ExecuteNonQuery' (0ms).
dbug: Microsoft.EntityFrameworkCore.Database.Command[20106]
      Initialized DbCommand for 'ExecuteNonQuery' (0ms).
dbug: Microsoft.EntityFrameworkCore.Database.Command[20100]
      Executing DbCommand [Parameters=[], CommandType='Text', CommandTimeout='30']
      CREATE TABLE "MovementPatterns" (
          "Id" uuid NOT NULL,
          "Name" text NOT NULL,
          "Description" text NOT NULL,
          CONSTRAINT "PK_MovementPatterns" PRIMARY KEY ("Id")
      );
info: Microsoft.EntityFrameworkCore.Database.Command[20101]
      Executed DbCommand (1ms) [Parameters=[], CommandType='Text', CommandTimeout='30']
      CREATE TABLE "MuscleGroups" (
          "Id" uuid NOT NULL,
          "Name" text NOT NULL,
          "BodyPart" integer NOT NULL,
          CONSTRAINT "PK_MuscleGroups" PRIMARY KEY ("Id")
      );
info: 7/12/2025 16:06:31.098 RelationalEventId.CommandExecuted[20101] (Microsoft.EntityFrameworkCore.Database.Command) 
      Executed DbCommand (1ms) [Parameters=[], CommandType='Text', CommandTimeout='30']
      CREATE TABLE "MuscleGroups" (
          "Id" uuid NOT NULL,
          "Name" text NOT NULL,
          "BodyPart" integer NOT NULL,
          CONSTRAINT "PK_MuscleGroups" PRIMARY KEY ("Id")
      );
dbug: Microsoft.EntityFrameworkCore.Database.Command[20103]
      Creating DbCommand for 'ExecuteNonQuery'.
dbug: Microsoft.EntityFrameworkCore.Database.Command[20104]
      Created DbCommand for 'ExecuteNonQuery' (0ms).
dbug: Microsoft.EntityFrameworkCore.Database.Command[20106]
      Initialized DbCommand for 'ExecuteNonQuery' (0ms).
dbug: Microsoft.EntityFrameworkCore.Database.Command[20100]
      Executing DbCommand [Parameters=[], CommandType='Text', CommandTimeout='30']
      CREATE TABLE "Users" (
          "Id" uuid NOT NULL,
          "Username" text NOT NULL,
          "Email" text NOT NULL,
          "PasswordHash" text NOT NULL,
          "CreatedAt" timestamp with time zone NOT NULL,
          "LastLoginAt" timestamp with time zone,
          CONSTRAINT "PK_Users" PRIMARY KEY ("Id")
      );
info: Microsoft.EntityFrameworkCore.Database.Command[20101]
      Executed DbCommand (1ms) [Parameters=[], CommandType='Text', CommandTimeout='30']
      CREATE TABLE "MovementPatterns" (
          "Id" uuid NOT NULL,
          "Name" text NOT NULL,
          "Description" text NOT NULL,
          CONSTRAINT "PK_MovementPatterns" PRIMARY KEY ("Id")
      );
info: 7/12/2025 16:06:31.098 RelationalEventId.CommandExecuted[20101] (Microsoft.EntityFrameworkCore.Database.Command) 
      Executed DbCommand (1ms) [Parameters=[], CommandType='Text', CommandTimeout='30']
      CREATE TABLE "MovementPatterns" (
          "Id" uuid NOT NULL,
          "Name" text NOT NULL,
          "Description" text NOT NULL,
          CONSTRAINT "PK_MovementPatterns" PRIMARY KEY ("Id")
      );
dbug: Microsoft.EntityFrameworkCore.Database.Command[20103]
      Creating DbCommand for 'ExecuteNonQuery'.
dbug: Microsoft.EntityFrameworkCore.Database.Command[20104]
      Created DbCommand for 'ExecuteNonQuery' (0ms).
dbug: Microsoft.EntityFrameworkCore.Database.Command[20106]
      Initialized DbCommand for 'ExecuteNonQuery' (0ms).
dbug: Microsoft.EntityFrameworkCore.Database.Command[20100]
      Executing DbCommand [Parameters=[], CommandType='Text', CommandTimeout='30']
      CREATE TABLE "MuscleGroups" (
          "Id" uuid NOT NULL,
          "Name" text NOT NULL,
          "BodyPart" integer NOT NULL,
          CONSTRAINT "PK_MuscleGroups" PRIMARY KEY ("Id")
      );
info: Microsoft.EntityFrameworkCore.Database.Command[20101]
      Executed DbCommand (1ms) [Parameters=[], CommandType='Text', CommandTimeout='30']
      CREATE TABLE "Users" (
          "Id" uuid NOT NULL,
          "Username" text NOT NULL,
          "Email" text NOT NULL,
          "PasswordHash" text NOT NULL,
          "CreatedAt" timestamp with time zone NOT NULL,
          "LastLoginAt" timestamp with time zone,
          CONSTRAINT "PK_Users" PRIMARY KEY ("Id")
      );
info: 7/12/2025 16:06:31.098 RelationalEventId.CommandExecuted[20101] (Microsoft.EntityFrameworkCore.Database.Command) 
      Executed DbCommand (1ms) [Parameters=[], CommandType='Text', CommandTimeout='30']
      CREATE TABLE "Users" (
          "Id" uuid NOT NULL,
          "Username" text NOT NULL,
          "Email" text NOT NULL,
          "PasswordHash" text NOT NULL,
          "CreatedAt" timestamp with time zone NOT NULL,
          "LastLoginAt" timestamp with time zone,
          CONSTRAINT "PK_Users" PRIMARY KEY ("Id")
      );
dbug: Microsoft.EntityFrameworkCore.Database.Command[20103]
      Creating DbCommand for 'ExecuteNonQuery'.
dbug: Microsoft.EntityFrameworkCore.Database.Command[20104]
      Created DbCommand for 'ExecuteNonQuery' (0ms).
dbug: Microsoft.EntityFrameworkCore.Database.Command[20106]
      Initialized DbCommand for 'ExecuteNonQuery' (0ms).
dbug: Microsoft.EntityFrameworkCore.Database.Command[20100]
      Executing DbCommand [Parameters=[], CommandType='Text', CommandTimeout='30']
      CREATE TABLE "ExerciseEquipment" (
          "ExerciseId" uuid NOT NULL,
          "EquipmentId" uuid NOT NULL,
          CONSTRAINT "PK_ExerciseEquipment" PRIMARY KEY ("ExerciseId", "EquipmentId"),
          CONSTRAINT "FK_ExerciseEquipment_Equipment_EquipmentId" FOREIGN KEY ("EquipmentId") REFERENCES "Equipment" ("Id") ON DELETE CASCADE,
          CONSTRAINT "FK_ExerciseEquipment_Exercises_ExerciseId" FOREIGN KEY ("ExerciseId") REFERENCES "Exercises" ("Id") ON DELETE CASCADE
      );
info: Microsoft.EntityFrameworkCore.Database.Command[20101]
      Executed DbCommand (1ms) [Parameters=[], CommandType='Text', CommandTimeout='30']
      CREATE TABLE "MuscleGroups" (
          "Id" uuid NOT NULL,
          "Name" text NOT NULL,
          "BodyPart" integer NOT NULL,
          CONSTRAINT "PK_MuscleGroups" PRIMARY KEY ("Id")
      );
info: 7/12/2025 16:06:31.099 RelationalEventId.CommandExecuted[20101] (Microsoft.EntityFrameworkCore.Database.Command) 
      Executed DbCommand (1ms) [Parameters=[], CommandType='Text', CommandTimeout='30']
      CREATE TABLE "MuscleGroups" (
          "Id" uuid NOT NULL,
          "Name" text NOT NULL,
          "BodyPart" integer NOT NULL,
          CONSTRAINT "PK_MuscleGroups" PRIMARY KEY ("Id")
      );
dbug: Microsoft.EntityFrameworkCore.Database.Command[20103]
      Creating DbCommand for 'ExecuteNonQuery'.
dbug: Microsoft.EntityFrameworkCore.Database.Command[20104]
      Created DbCommand for 'ExecuteNonQuery' (0ms).
dbug: Microsoft.EntityFrameworkCore.Database.Command[20106]
      Initialized DbCommand for 'ExecuteNonQuery' (0ms).
dbug: Microsoft.EntityFrameworkCore.Database.Command[20100]
      Executing DbCommand [Parameters=[], CommandType='Text', CommandTimeout='30']
      CREATE TABLE "Users" (
          "Id" uuid NOT NULL,
          "Username" text NOT NULL,
          "Email" text NOT NULL,
          "PasswordHash" text NOT NULL,
          "CreatedAt" timestamp with time zone NOT NULL,
          "LastLoginAt" timestamp with time zone,
          CONSTRAINT "PK_Users" PRIMARY KEY ("Id")
      );
info: Microsoft.EntityFrameworkCore.Database.Command[20101]
      Executed DbCommand (1ms) [Parameters=[], CommandType='Text', CommandTimeout='30']
      CREATE TABLE "ExerciseEquipment" (
          "ExerciseId" uuid NOT NULL,
          "EquipmentId" uuid NOT NULL,
          CONSTRAINT "PK_ExerciseEquipment" PRIMARY KEY ("ExerciseId", "EquipmentId"),
          CONSTRAINT "FK_ExerciseEquipment_Equipment_EquipmentId" FOREIGN KEY ("EquipmentId") REFERENCES "Equipment" ("Id") ON DELETE CASCADE,
          CONSTRAINT "FK_ExerciseEquipment_Exercises_ExerciseId" FOREIGN KEY ("ExerciseId") REFERENCES "Exercises" ("Id") ON DELETE CASCADE
      );
info: 7/12/2025 16:06:31.100 RelationalEventId.CommandExecuted[20101] (Microsoft.EntityFrameworkCore.Database.Command) 
      Executed DbCommand (1ms) [Parameters=[], CommandType='Text', CommandTimeout='30']
      CREATE TABLE "ExerciseEquipment" (
          "ExerciseId" uuid NOT NULL,
          "EquipmentId" uuid NOT NULL,
          CONSTRAINT "PK_ExerciseEquipment" PRIMARY KEY ("ExerciseId", "EquipmentId"),
          CONSTRAINT "FK_ExerciseEquipment_Equipment_EquipmentId" FOREIGN KEY ("EquipmentId") REFERENCES "Equipment" ("Id") ON DELETE CASCADE,
          CONSTRAINT "FK_ExerciseEquipment_Exercises_ExerciseId" FOREIGN KEY ("ExerciseId") REFERENCES "Exercises" ("Id") ON DELETE CASCADE
      );
dbug: Microsoft.EntityFrameworkCore.Database.Command[20103]
      Creating DbCommand for 'ExecuteNonQuery'.
dbug: Microsoft.EntityFrameworkCore.Database.Command[20104]
      Created DbCommand for 'ExecuteNonQuery' (0ms).
dbug: Microsoft.EntityFrameworkCore.Database.Command[20106]
      Initialized DbCommand for 'ExecuteNonQuery' (0ms).
dbug: Microsoft.EntityFrameworkCore.Database.Command[20100]
      Executing DbCommand [Parameters=[], CommandType='Text', CommandTimeout='30']
      CREATE TABLE "ExerciseMetricSupport" (
          "ExerciseId" uuid NOT NULL,
          "MetricTypeId" uuid NOT NULL,
          CONSTRAINT "PK_ExerciseMetricSupport" PRIMARY KEY ("ExerciseId", "MetricTypeId"),
          CONSTRAINT "FK_ExerciseMetricSupport_Exercises_ExerciseId" FOREIGN KEY ("ExerciseId") REFERENCES "Exercises" ("Id") ON DELETE CASCADE,
          CONSTRAINT "FK_ExerciseMetricSupport_MetricTypes_MetricTypeId" FOREIGN KEY ("MetricTypeId") REFERENCES "MetricTypes" ("Id") ON DELETE CASCADE
      );
info: Microsoft.EntityFrameworkCore.Database.Command[20101]
      Executed DbCommand (1ms) [Parameters=[], CommandType='Text', CommandTimeout='30']
      CREATE TABLE "ExerciseMetricSupport" (
          "ExerciseId" uuid NOT NULL,
          "MetricTypeId" uuid NOT NULL,
          CONSTRAINT "PK_ExerciseMetricSupport" PRIMARY KEY ("ExerciseId", "MetricTypeId"),
          CONSTRAINT "FK_ExerciseMetricSupport_Exercises_ExerciseId" FOREIGN KEY ("ExerciseId") REFERENCES "Exercises" ("Id") ON DELETE CASCADE,
          CONSTRAINT "FK_ExerciseMetricSupport_MetricTypes_MetricTypeId" FOREIGN KEY ("MetricTypeId") REFERENCES "MetricTypes" ("Id") ON DELETE CASCADE
      );
info: 7/12/2025 16:06:31.100 RelationalEventId.CommandExecuted[20101] (Microsoft.EntityFrameworkCore.Database.Command) 
      Executed DbCommand (1ms) [Parameters=[], CommandType='Text', CommandTimeout='30']
      CREATE TABLE "ExerciseMetricSupport" (
          "ExerciseId" uuid NOT NULL,
          "MetricTypeId" uuid NOT NULL,
          CONSTRAINT "PK_ExerciseMetricSupport" PRIMARY KEY ("ExerciseId", "MetricTypeId"),
          CONSTRAINT "FK_ExerciseMetricSupport_Exercises_ExerciseId" FOREIGN KEY ("ExerciseId") REFERENCES "Exercises" ("Id") ON DELETE CASCADE,
          CONSTRAINT "FK_ExerciseMetricSupport_MetricTypes_MetricTypeId" FOREIGN KEY ("MetricTypeId") REFERENCES "MetricTypes" ("Id") ON DELETE CASCADE
      );
dbug: Microsoft.EntityFrameworkCore.Database.Command[20103]
      Creating DbCommand for 'ExecuteNonQuery'.
dbug: Microsoft.EntityFrameworkCore.Database.Command[20104]
      Created DbCommand for 'ExecuteNonQuery' (0ms).
dbug: Microsoft.EntityFrameworkCore.Database.Command[20106]
      Initialized DbCommand for 'ExecuteNonQuery' (0ms).
dbug: Microsoft.EntityFrameworkCore.Database.Command[20100]
      Executing DbCommand [Parameters=[], CommandType='Text', CommandTimeout='30']
      CREATE TABLE "ExerciseMovementPatterns" (
          "ExerciseId" uuid NOT NULL,
          "PatternId" uuid NOT NULL,
          CONSTRAINT "PK_ExerciseMovementPatterns" PRIMARY KEY ("ExerciseId", "PatternId"),
          CONSTRAINT "FK_ExerciseMovementPatterns_Exercises_ExerciseId" FOREIGN KEY ("ExerciseId") REFERENCES "Exercises" ("Id") ON DELETE CASCADE,
          CONSTRAINT "FK_ExerciseMovementPatterns_MovementPatterns_PatternId" FOREIGN KEY ("PatternId") REFERENCES "MovementPatterns" ("Id") ON DELETE CASCADE
      );
info: 7/12/2025 16:06:31.101 RelationalEventId.CommandExecuted[20101] (Microsoft.EntityFrameworkCore.Database.Command) 
      Executed DbCommand (1ms) [Parameters=[], CommandType='Text', CommandTimeout='30']
      CREATE TABLE "Users" (
          "Id" uuid NOT NULL,
          "Username" text NOT NULL,
          "Email" text NOT NULL,
          "PasswordHash" text NOT NULL,
          "CreatedAt" timestamp with time zone NOT NULL,
          "LastLoginAt" timestamp with time zone,
          CONSTRAINT "PK_Users" PRIMARY KEY ("Id")
      );
info: Microsoft.EntityFrameworkCore.Database.Command[20101]
      Executed DbCommand (1ms) [Parameters=[], CommandType='Text', CommandTimeout='30']
      CREATE TABLE "Users" (
          "Id" uuid NOT NULL,
          "Username" text NOT NULL,
          "Email" text NOT NULL,
          "PasswordHash" text NOT NULL,
          "CreatedAt" timestamp with time zone NOT NULL,
          "LastLoginAt" timestamp with time zone,
          CONSTRAINT "PK_Users" PRIMARY KEY ("Id")
      );
dbug: Microsoft.EntityFrameworkCore.Database.Command[20103]
      Creating DbCommand for 'ExecuteNonQuery'.
dbug: Microsoft.EntityFrameworkCore.Database.Command[20104]
      Created DbCommand for 'ExecuteNonQuery' (0ms).
dbug: Microsoft.EntityFrameworkCore.Database.Command[20106]
      Initialized DbCommand for 'ExecuteNonQuery' (0ms).
dbug: Microsoft.EntityFrameworkCore.Database.Command[20100]
      Executing DbCommand [Parameters=[], CommandType='Text', CommandTimeout='30']
      CREATE TABLE "ExerciseEquipment" (
          "ExerciseId" uuid NOT NULL,
          "EquipmentId" uuid NOT NULL,
          CONSTRAINT "PK_ExerciseEquipment" PRIMARY KEY ("ExerciseId", "EquipmentId"),
          CONSTRAINT "FK_ExerciseEquipment_Equipment_EquipmentId" FOREIGN KEY ("EquipmentId") REFERENCES "Equipment" ("Id") ON DELETE CASCADE,
          CONSTRAINT "FK_ExerciseEquipment_Exercises_ExerciseId" FOREIGN KEY ("ExerciseId") REFERENCES "Exercises" ("Id") ON DELETE CASCADE
      );
info: Microsoft.EntityFrameworkCore.Database.Command[20101]
      Executed DbCommand (1ms) [Parameters=[], CommandType='Text', CommandTimeout='30']
      CREATE TABLE "ExerciseMovementPatterns" (
          "ExerciseId" uuid NOT NULL,
          "PatternId" uuid NOT NULL,
          CONSTRAINT "PK_ExerciseMovementPatterns" PRIMARY KEY ("ExerciseId", "PatternId"),
          CONSTRAINT "FK_ExerciseMovementPatterns_Exercises_ExerciseId" FOREIGN KEY ("ExerciseId") REFERENCES "Exercises" ("Id") ON DELETE CASCADE,
          CONSTRAINT "FK_ExerciseMovementPatterns_MovementPatterns_PatternId" FOREIGN KEY ("PatternId") REFERENCES "MovementPatterns" ("Id") ON DELETE CASCADE
      );
info: 7/12/2025 16:06:31.101 RelationalEventId.CommandExecuted[20101] (Microsoft.EntityFrameworkCore.Database.Command) 
      Executed DbCommand (1ms) [Parameters=[], CommandType='Text', CommandTimeout='30']
      CREATE TABLE "ExerciseMovementPatterns" (
          "ExerciseId" uuid NOT NULL,
          "PatternId" uuid NOT NULL,
          CONSTRAINT "PK_ExerciseMovementPatterns" PRIMARY KEY ("ExerciseId", "PatternId"),
          CONSTRAINT "FK_ExerciseMovementPatterns_Exercises_ExerciseId" FOREIGN KEY ("ExerciseId") REFERENCES "Exercises" ("Id") ON DELETE CASCADE,
          CONSTRAINT "FK_ExerciseMovementPatterns_MovementPatterns_PatternId" FOREIGN KEY ("PatternId") REFERENCES "MovementPatterns" ("Id") ON DELETE CASCADE
      );
dbug: Microsoft.EntityFrameworkCore.Database.Command[20103]
      Creating DbCommand for 'ExecuteNonQuery'.
dbug: Microsoft.EntityFrameworkCore.Database.Command[20104]
      Created DbCommand for 'ExecuteNonQuery' (0ms).
dbug: Microsoft.EntityFrameworkCore.Database.Command[20106]
      Initialized DbCommand for 'ExecuteNonQuery' (0ms).
dbug: Microsoft.EntityFrameworkCore.Database.Command[20100]
      Executing DbCommand [Parameters=[], CommandType='Text', CommandTimeout='30']
      CREATE TABLE "ExerciseTargetedMuscles" (
          "ExerciseId" uuid NOT NULL,
          "MuscleGroupId" uuid NOT NULL,
          "Role" integer NOT NULL,
          CONSTRAINT "PK_ExerciseTargetedMuscles" PRIMARY KEY ("ExerciseId", "MuscleGroupId"),
          CONSTRAINT "FK_ExerciseTargetedMuscles_Exercises_ExerciseId" FOREIGN KEY ("ExerciseId") REFERENCES "Exercises" ("Id") ON DELETE CASCADE,
          CONSTRAINT "FK_ExerciseTargetedMuscles_MuscleGroups_MuscleGroupId" FOREIGN KEY ("MuscleGroupId") REFERENCES "MuscleGroups" ("Id") ON DELETE CASCADE
      );
info: 7/12/2025 16:06:31.102 RelationalEventId.CommandExecuted[20101] (Microsoft.EntityFrameworkCore.Database.Command) 
      Executed DbCommand (1ms) [Parameters=[], CommandType='Text', CommandTimeout='30']
      CREATE TABLE "ExerciseTargetedMuscles" (
          "ExerciseId" uuid NOT NULL,
          "MuscleGroupId" uuid NOT NULL,
          "Role" integer NOT NULL,
          CONSTRAINT "PK_ExerciseTargetedMuscles" PRIMARY KEY ("ExerciseId", "MuscleGroupId"),
          CONSTRAINT "FK_ExerciseTargetedMuscles_Exercises_ExerciseId" FOREIGN KEY ("ExerciseId") REFERENCES "Exercises" ("Id") ON DELETE CASCADE,
          CONSTRAINT "FK_ExerciseTargetedMuscles_MuscleGroups_MuscleGroupId" FOREIGN KEY ("MuscleGroupId") REFERENCES "MuscleGroups" ("Id") ON DELETE CASCADE
      );
info: Microsoft.EntityFrameworkCore.Database.Command[20101]
      Executed DbCommand (1ms) [Parameters=[], CommandType='Text', CommandTimeout='30']
      CREATE TABLE "ExerciseTargetedMuscles" (
          "ExerciseId" uuid NOT NULL,
          "MuscleGroupId" uuid NOT NULL,
          "Role" integer NOT NULL,
          CONSTRAINT "PK_ExerciseTargetedMuscles" PRIMARY KEY ("ExerciseId", "MuscleGroupId"),
          CONSTRAINT "FK_ExerciseTargetedMuscles_Exercises_ExerciseId" FOREIGN KEY ("ExerciseId") REFERENCES "Exercises" ("Id") ON DELETE CASCADE,
          CONSTRAINT "FK_ExerciseTargetedMuscles_MuscleGroups_MuscleGroupId" FOREIGN KEY ("MuscleGroupId") REFERENCES "MuscleGroups" ("Id") ON DELETE CASCADE
      );
dbug: Microsoft.EntityFrameworkCore.Database.Command[20103]
      Creating DbCommand for 'ExecuteNonQuery'.
dbug: Microsoft.EntityFrameworkCore.Database.Command[20104]
      Created DbCommand for 'ExecuteNonQuery' (0ms).
dbug: Microsoft.EntityFrameworkCore.Database.Command[20106]
      Initialized DbCommand for 'ExecuteNonQuery' (0ms).
dbug: Microsoft.EntityFrameworkCore.Database.Command[20100]
      Executing DbCommand [Parameters=[], CommandType='Text', CommandTimeout='30']
      CREATE TABLE "WorkoutLogs" (
          "Id" uuid NOT NULL,
          "UserId" uuid NOT NULL,
          "StartTime" timestamp with time zone NOT NULL,
          "EndTime" timestamp with time zone,
          CONSTRAINT "PK_WorkoutLogs" PRIMARY KEY ("Id"),
          CONSTRAINT "FK_WorkoutLogs_Users_UserId" FOREIGN KEY ("UserId") REFERENCES "Users" ("Id") ON DELETE CASCADE
      );
info: 7/12/2025 16:06:31.103 RelationalEventId.CommandExecuted[20101] (Microsoft.EntityFrameworkCore.Database.Command) 
      Executed DbCommand (2ms) [Parameters=[], CommandType='Text', CommandTimeout='30']
      CREATE TABLE "ExerciseEquipment" (
          "ExerciseId" uuid NOT NULL,
          "EquipmentId" uuid NOT NULL,
          CONSTRAINT "PK_ExerciseEquipment" PRIMARY KEY ("ExerciseId", "EquipmentId"),
          CONSTRAINT "FK_ExerciseEquipment_Equipment_EquipmentId" FOREIGN KEY ("EquipmentId") REFERENCES "Equipment" ("Id") ON DELETE CASCADE,
          CONSTRAINT "FK_ExerciseEquipment_Exercises_ExerciseId" FOREIGN KEY ("ExerciseId") REFERENCES "Exercises" ("Id") ON DELETE CASCADE
      );
info: Microsoft.EntityFrameworkCore.Database.Command[20101]
      Executed DbCommand (2ms) [Parameters=[], CommandType='Text', CommandTimeout='30']
      CREATE TABLE "ExerciseEquipment" (
          "ExerciseId" uuid NOT NULL,
          "EquipmentId" uuid NOT NULL,
          CONSTRAINT "PK_ExerciseEquipment" PRIMARY KEY ("ExerciseId", "EquipmentId"),
          CONSTRAINT "FK_ExerciseEquipment_Equipment_EquipmentId" FOREIGN KEY ("EquipmentId") REFERENCES "Equipment" ("Id") ON DELETE CASCADE,
          CONSTRAINT "FK_ExerciseEquipment_Exercises_ExerciseId" FOREIGN KEY ("ExerciseId") REFERENCES "Exercises" ("Id") ON DELETE CASCADE
      );
dbug: Microsoft.EntityFrameworkCore.Database.Command[20103]
      Creating DbCommand for 'ExecuteNonQuery'.
dbug: Microsoft.EntityFrameworkCore.Database.Command[20104]
      Created DbCommand for 'ExecuteNonQuery' (0ms).
dbug: Microsoft.EntityFrameworkCore.Database.Command[20106]
      Initialized DbCommand for 'ExecuteNonQuery' (0ms).
dbug: Microsoft.EntityFrameworkCore.Database.Command[20100]
      Executing DbCommand [Parameters=[], CommandType='Text', CommandTimeout='30']
      CREATE TABLE "ExerciseMetricSupport" (
          "ExerciseId" uuid NOT NULL,
          "MetricTypeId" uuid NOT NULL,
          CONSTRAINT "PK_ExerciseMetricSupport" PRIMARY KEY ("ExerciseId", "MetricTypeId"),
          CONSTRAINT "FK_ExerciseMetricSupport_Exercises_ExerciseId" FOREIGN KEY ("ExerciseId") REFERENCES "Exercises" ("Id") ON DELETE CASCADE,
          CONSTRAINT "FK_ExerciseMetricSupport_MetricTypes_MetricTypeId" FOREIGN KEY ("MetricTypeId") REFERENCES "MetricTypes" ("Id") ON DELETE CASCADE
      );
info: 7/12/2025 16:06:31.103 RelationalEventId.CommandExecuted[20101] (Microsoft.EntityFrameworkCore.Database.Command) 
      Executed DbCommand (1ms) [Parameters=[], CommandType='Text', CommandTimeout='30']
      CREATE TABLE "WorkoutLogs" (
          "Id" uuid NOT NULL,
          "UserId" uuid NOT NULL,
          "StartTime" timestamp with time zone NOT NULL,
          "EndTime" timestamp with time zone,
          CONSTRAINT "PK_WorkoutLogs" PRIMARY KEY ("Id"),
          CONSTRAINT "FK_WorkoutLogs_Users_UserId" FOREIGN KEY ("UserId") REFERENCES "Users" ("Id") ON DELETE CASCADE
      );
info: Microsoft.EntityFrameworkCore.Database.Command[20101]
      Executed DbCommand (1ms) [Parameters=[], CommandType='Text', CommandTimeout='30']
      CREATE TABLE "WorkoutLogs" (
          "Id" uuid NOT NULL,
          "UserId" uuid NOT NULL,
          "StartTime" timestamp with time zone NOT NULL,
          "EndTime" timestamp with time zone,
          CONSTRAINT "PK_WorkoutLogs" PRIMARY KEY ("Id"),
          CONSTRAINT "FK_WorkoutLogs_Users_UserId" FOREIGN KEY ("UserId") REFERENCES "Users" ("Id") ON DELETE CASCADE
      );
dbug: Microsoft.EntityFrameworkCore.Database.Command[20103]
      Creating DbCommand for 'ExecuteNonQuery'.
dbug: Microsoft.EntityFrameworkCore.Database.Command[20104]
      Created DbCommand for 'ExecuteNonQuery' (0ms).
dbug: Microsoft.EntityFrameworkCore.Database.Command[20106]
      Initialized DbCommand for 'ExecuteNonQuery' (0ms).
dbug: Microsoft.EntityFrameworkCore.Database.Command[20100]
      Executing DbCommand [Parameters=[], CommandType='Text', CommandTimeout='30']
      CREATE TABLE "WorkoutLogSets" (
          "Id" uuid NOT NULL,
          "LogId" uuid NOT NULL,
          "ExerciseId" uuid NOT NULL,
          "SetOrder" integer NOT NULL,
          "RepsCompleted" integer,
          "WeightUsedKg" numeric(10,2),
          "DurationCompletedSec" integer,
          "DistanceCompletedM" integer,
          "Notes" text,
          CONSTRAINT "PK_WorkoutLogSets" PRIMARY KEY ("Id"),
          CONSTRAINT "FK_WorkoutLogSets_Exercises_ExerciseId" FOREIGN KEY ("ExerciseId") REFERENCES "Exercises" ("Id") ON DELETE CASCADE,
          CONSTRAINT "FK_WorkoutLogSets_WorkoutLogs_LogId" FOREIGN KEY ("LogId") REFERENCES "WorkoutLogs" ("Id") ON DELETE CASCADE
      );
info: Microsoft.EntityFrameworkCore.Database.Command[20101]
      Executed DbCommand (1ms) [Parameters=[], CommandType='Text', CommandTimeout='30']
      CREATE TABLE "WorkoutLogSets" (
          "Id" uuid NOT NULL,
          "LogId" uuid NOT NULL,
          "ExerciseId" uuid NOT NULL,
          "SetOrder" integer NOT NULL,
          "RepsCompleted" integer,
          "WeightUsedKg" numeric(10,2),
          "DurationCompletedSec" integer,
          "DistanceCompletedM" integer,
          "Notes" text,
          CONSTRAINT "PK_WorkoutLogSets" PRIMARY KEY ("Id"),
          CONSTRAINT "FK_WorkoutLogSets_Exercises_ExerciseId" FOREIGN KEY ("ExerciseId") REFERENCES "Exercises" ("Id") ON DELETE CASCADE,
          CONSTRAINT "FK_WorkoutLogSets_WorkoutLogs_LogId" FOREIGN KEY ("LogId") REFERENCES "WorkoutLogs" ("Id") ON DELETE CASCADE
      );
info: 7/12/2025 16:06:31.104 RelationalEventId.CommandExecuted[20101] (Microsoft.EntityFrameworkCore.Database.Command) 
      Executed DbCommand (1ms) [Parameters=[], CommandType='Text', CommandTimeout='30']
      CREATE TABLE "WorkoutLogSets" (
          "Id" uuid NOT NULL,
          "LogId" uuid NOT NULL,
          "ExerciseId" uuid NOT NULL,
          "SetOrder" integer NOT NULL,
          "RepsCompleted" integer,
          "WeightUsedKg" numeric(10,2),
          "DurationCompletedSec" integer,
          "DistanceCompletedM" integer,
          "Notes" text,
          CONSTRAINT "PK_WorkoutLogSets" PRIMARY KEY ("Id"),
          CONSTRAINT "FK_WorkoutLogSets_Exercises_ExerciseId" FOREIGN KEY ("ExerciseId") REFERENCES "Exercises" ("Id") ON DELETE CASCADE,
          CONSTRAINT "FK_WorkoutLogSets_WorkoutLogs_LogId" FOREIGN KEY ("LogId") REFERENCES "WorkoutLogs" ("Id") ON DELETE CASCADE
      );
dbug: Microsoft.EntityFrameworkCore.Database.Command[20103]
      Creating DbCommand for 'ExecuteNonQuery'.
dbug: Microsoft.EntityFrameworkCore.Database.Command[20104]
      Created DbCommand for 'ExecuteNonQuery' (0ms).
dbug: Microsoft.EntityFrameworkCore.Database.Command[20106]
      Initialized DbCommand for 'ExecuteNonQuery' (0ms).
dbug: Microsoft.EntityFrameworkCore.Database.Command[20100]
      Executing DbCommand [Parameters=[], CommandType='Text', CommandTimeout='30']
      CREATE INDEX "IX_ExerciseEquipment_EquipmentId" ON "ExerciseEquipment" ("EquipmentId");
info: 7/12/2025 16:06:31.104 RelationalEventId.CommandExecuted[20101] (Microsoft.EntityFrameworkCore.Database.Command) 
      Executed DbCommand (2ms) [Parameters=[], CommandType='Text', CommandTimeout='30']
      CREATE TABLE "ExerciseMetricSupport" (
          "ExerciseId" uuid NOT NULL,
          "MetricTypeId" uuid NOT NULL,
          CONSTRAINT "PK_ExerciseMetricSupport" PRIMARY KEY ("ExerciseId", "MetricTypeId"),
          CONSTRAINT "FK_ExerciseMetricSupport_Exercises_ExerciseId" FOREIGN KEY ("ExerciseId") REFERENCES "Exercises" ("Id") ON DELETE CASCADE,
          CONSTRAINT "FK_ExerciseMetricSupport_MetricTypes_MetricTypeId" FOREIGN KEY ("MetricTypeId") REFERENCES "MetricTypes" ("Id") ON DELETE CASCADE
      );
info: Microsoft.EntityFrameworkCore.Database.Command[20101]
      Executed DbCommand (2ms) [Parameters=[], CommandType='Text', CommandTimeout='30']
      CREATE TABLE "ExerciseMetricSupport" (
          "ExerciseId" uuid NOT NULL,
          "MetricTypeId" uuid NOT NULL,
          CONSTRAINT "PK_ExerciseMetricSupport" PRIMARY KEY ("ExerciseId", "MetricTypeId"),
          CONSTRAINT "FK_ExerciseMetricSupport_Exercises_ExerciseId" FOREIGN KEY ("ExerciseId") REFERENCES "Exercises" ("Id") ON DELETE CASCADE,
          CONSTRAINT "FK_ExerciseMetricSupport_MetricTypes_MetricTypeId" FOREIGN KEY ("MetricTypeId") REFERENCES "MetricTypes" ("Id") ON DELETE CASCADE
      );
dbug: Microsoft.EntityFrameworkCore.Database.Command[20103]
      Creating DbCommand for 'ExecuteNonQuery'.
dbug: Microsoft.EntityFrameworkCore.Database.Command[20104]
      Created DbCommand for 'ExecuteNonQuery' (0ms).
dbug: Microsoft.EntityFrameworkCore.Database.Command[20106]
      Initialized DbCommand for 'ExecuteNonQuery' (0ms).
dbug: Microsoft.EntityFrameworkCore.Database.Command[20100]
      Executing DbCommand [Parameters=[], CommandType='Text', CommandTimeout='30']
      CREATE TABLE "ExerciseMovementPatterns" (
          "ExerciseId" uuid NOT NULL,
          "PatternId" uuid NOT NULL,
          CONSTRAINT "PK_ExerciseMovementPatterns" PRIMARY KEY ("ExerciseId", "PatternId"),
          CONSTRAINT "FK_ExerciseMovementPatterns_Exercises_ExerciseId" FOREIGN KEY ("ExerciseId") REFERENCES "Exercises" ("Id") ON DELETE CASCADE,
          CONSTRAINT "FK_ExerciseMovementPatterns_MovementPatterns_PatternId" FOREIGN KEY ("PatternId") REFERENCES "MovementPatterns" ("Id") ON DELETE CASCADE
      );
info: 7/12/2025 16:06:31.104 RelationalEventId.CommandExecuted[20101] (Microsoft.EntityFrameworkCore.Database.Command) 
      Executed DbCommand (0ms) [Parameters=[], CommandType='Text', CommandTimeout='30']
      CREATE INDEX "IX_ExerciseEquipment_EquipmentId" ON "ExerciseEquipment" ("EquipmentId");
info: Microsoft.EntityFrameworkCore.Database.Command[20101]
      Executed DbCommand (0ms) [Parameters=[], CommandType='Text', CommandTimeout='30']
      CREATE INDEX "IX_ExerciseEquipment_EquipmentId" ON "ExerciseEquipment" ("EquipmentId");
dbug: Microsoft.EntityFrameworkCore.Database.Command[20103]
      Creating DbCommand for 'ExecuteNonQuery'.
dbug: Microsoft.EntityFrameworkCore.Database.Command[20104]
      Created DbCommand for 'ExecuteNonQuery' (0ms).
dbug: Microsoft.EntityFrameworkCore.Database.Command[20106]
      Initialized DbCommand for 'ExecuteNonQuery' (0ms).
dbug: Microsoft.EntityFrameworkCore.Database.Command[20100]
      Executing DbCommand [Parameters=[], CommandType='Text', CommandTimeout='30']
      CREATE INDEX "IX_ExerciseMetricSupport_MetricTypeId" ON "ExerciseMetricSupport" ("MetricTypeId");
info: Microsoft.EntityFrameworkCore.Database.Command[20101]
      Executed DbCommand (0ms) [Parameters=[], CommandType='Text', CommandTimeout='30']
      CREATE INDEX "IX_ExerciseMetricSupport_MetricTypeId" ON "ExerciseMetricSupport" ("MetricTypeId");
info: 7/12/2025 16:06:31.105 RelationalEventId.CommandExecuted[20101] (Microsoft.EntityFrameworkCore.Database.Command) 
      Executed DbCommand (0ms) [Parameters=[], CommandType='Text', CommandTimeout='30']
      CREATE INDEX "IX_ExerciseMetricSupport_MetricTypeId" ON "ExerciseMetricSupport" ("MetricTypeId");
dbug: Microsoft.EntityFrameworkCore.Database.Command[20103]
      Creating DbCommand for 'ExecuteNonQuery'.
dbug: Microsoft.EntityFrameworkCore.Database.Command[20104]
      Created DbCommand for 'ExecuteNonQuery' (0ms).
dbug: Microsoft.EntityFrameworkCore.Database.Command[20106]
      Initialized DbCommand for 'ExecuteNonQuery' (0ms).
dbug: Microsoft.EntityFrameworkCore.Database.Command[20100]
      Executing DbCommand [Parameters=[], CommandType='Text', CommandTimeout='30']
      CREATE INDEX "IX_ExerciseMovementPatterns_PatternId" ON "ExerciseMovementPatterns" ("PatternId");
info: Microsoft.EntityFrameworkCore.Database.Command[20101]
      Executed DbCommand (0ms) [Parameters=[], CommandType='Text', CommandTimeout='30']
      CREATE INDEX "IX_ExerciseMovementPatterns_PatternId" ON "ExerciseMovementPatterns" ("PatternId");
info: 7/12/2025 16:06:31.105 RelationalEventId.CommandExecuted[20101] (Microsoft.EntityFrameworkCore.Database.Command) 
      Executed DbCommand (0ms) [Parameters=[], CommandType='Text', CommandTimeout='30']
      CREATE INDEX "IX_ExerciseMovementPatterns_PatternId" ON "ExerciseMovementPatterns" ("PatternId");
dbug: Microsoft.EntityFrameworkCore.Database.Command[20103]
      Creating DbCommand for 'ExecuteNonQuery'.
dbug: Microsoft.EntityFrameworkCore.Database.Command[20104]
      Created DbCommand for 'ExecuteNonQuery' (0ms).
dbug: Microsoft.EntityFrameworkCore.Database.Command[20106]
      Initialized DbCommand for 'ExecuteNonQuery' (0ms).
dbug: Microsoft.EntityFrameworkCore.Database.Command[20100]
      Executing DbCommand [Parameters=[], CommandType='Text', CommandTimeout='30']
      CREATE INDEX "IX_ExerciseTargetedMuscles_MuscleGroupId" ON "ExerciseTargetedMuscles" ("MuscleGroupId");
info: 7/12/2025 16:06:31.105 RelationalEventId.CommandExecuted[20101] (Microsoft.EntityFrameworkCore.Database.Command) 
      Executed DbCommand (0ms) [Parameters=[], CommandType='Text', CommandTimeout='30']
      CREATE INDEX "IX_ExerciseTargetedMuscles_MuscleGroupId" ON "ExerciseTargetedMuscles" ("MuscleGroupId");
info: Microsoft.EntityFrameworkCore.Database.Command[20101]
      Executed DbCommand (0ms) [Parameters=[], CommandType='Text', CommandTimeout='30']
      CREATE INDEX "IX_ExerciseTargetedMuscles_MuscleGroupId" ON "ExerciseTargetedMuscles" ("MuscleGroupId");
dbug: Microsoft.EntityFrameworkCore.Database.Command[20103]
      Creating DbCommand for 'ExecuteNonQuery'.
dbug: Microsoft.EntityFrameworkCore.Database.Command[20104]
      Created DbCommand for 'ExecuteNonQuery' (0ms).
dbug: Microsoft.EntityFrameworkCore.Database.Command[20106]
      Initialized DbCommand for 'ExecuteNonQuery' (0ms).
dbug: Microsoft.EntityFrameworkCore.Database.Command[20100]
      Executing DbCommand [Parameters=[], CommandType='Text', CommandTimeout='30']
      CREATE INDEX "IX_WorkoutLogs_UserId" ON "WorkoutLogs" ("UserId");
info: Microsoft.EntityFrameworkCore.Database.Command[20101]
      Executed DbCommand (1ms) [Parameters=[], CommandType='Text', CommandTimeout='30']
      CREATE TABLE "ExerciseMovementPatterns" (
          "ExerciseId" uuid NOT NULL,
          "PatternId" uuid NOT NULL,
          CONSTRAINT "PK_ExerciseMovementPatterns" PRIMARY KEY ("ExerciseId", "PatternId"),
          CONSTRAINT "FK_ExerciseMovementPatterns_Exercises_ExerciseId" FOREIGN KEY ("ExerciseId") REFERENCES "Exercises" ("Id") ON DELETE CASCADE,
          CONSTRAINT "FK_ExerciseMovementPatterns_MovementPatterns_PatternId" FOREIGN KEY ("PatternId") REFERENCES "MovementPatterns" ("Id") ON DELETE CASCADE
      );
info: 7/12/2025 16:06:31.105 RelationalEventId.CommandExecuted[20101] (Microsoft.EntityFrameworkCore.Database.Command) 
      Executed DbCommand (1ms) [Parameters=[], CommandType='Text', CommandTimeout='30']
      CREATE TABLE "ExerciseMovementPatterns" (
          "ExerciseId" uuid NOT NULL,
          "PatternId" uuid NOT NULL,
          CONSTRAINT "PK_ExerciseMovementPatterns" PRIMARY KEY ("ExerciseId", "PatternId"),
          CONSTRAINT "FK_ExerciseMovementPatterns_Exercises_ExerciseId" FOREIGN KEY ("ExerciseId") REFERENCES "Exercises" ("Id") ON DELETE CASCADE,
          CONSTRAINT "FK_ExerciseMovementPatterns_MovementPatterns_PatternId" FOREIGN KEY ("PatternId") REFERENCES "MovementPatterns" ("Id") ON DELETE CASCADE
      );
dbug: Microsoft.EntityFrameworkCore.Database.Command[20103]
      Creating DbCommand for 'ExecuteNonQuery'.
dbug: Microsoft.EntityFrameworkCore.Database.Command[20104]
      Created DbCommand for 'ExecuteNonQuery' (0ms).
dbug: Microsoft.EntityFrameworkCore.Database.Command[20106]
      Initialized DbCommand for 'ExecuteNonQuery' (0ms).
dbug: Microsoft.EntityFrameworkCore.Database.Command[20100]
      Executing DbCommand [Parameters=[], CommandType='Text', CommandTimeout='30']
      CREATE TABLE "ExerciseTargetedMuscles" (
          "ExerciseId" uuid NOT NULL,
          "MuscleGroupId" uuid NOT NULL,
          "Role" integer NOT NULL,
          CONSTRAINT "PK_ExerciseTargetedMuscles" PRIMARY KEY ("ExerciseId", "MuscleGroupId"),
          CONSTRAINT "FK_ExerciseTargetedMuscles_Exercises_ExerciseId" FOREIGN KEY ("ExerciseId") REFERENCES "Exercises" ("Id") ON DELETE CASCADE,
          CONSTRAINT "FK_ExerciseTargetedMuscles_MuscleGroups_MuscleGroupId" FOREIGN KEY ("MuscleGroupId") REFERENCES "MuscleGroups" ("Id") ON DELETE CASCADE
      );
info: Microsoft.EntityFrameworkCore.Database.Command[20101]
      Executed DbCommand (0ms) [Parameters=[], CommandType='Text', CommandTimeout='30']
      CREATE INDEX "IX_WorkoutLogs_UserId" ON "WorkoutLogs" ("UserId");
info: 7/12/2025 16:06:31.105 RelationalEventId.CommandExecuted[20101] (Microsoft.EntityFrameworkCore.Database.Command) 
      Executed DbCommand (0ms) [Parameters=[], CommandType='Text', CommandTimeout='30']
      CREATE INDEX "IX_WorkoutLogs_UserId" ON "WorkoutLogs" ("UserId");
dbug: Microsoft.EntityFrameworkCore.Database.Command[20103]
      Creating DbCommand for 'ExecuteNonQuery'.
dbug: Microsoft.EntityFrameworkCore.Database.Command[20104]
      Created DbCommand for 'ExecuteNonQuery' (0ms).
dbug: Microsoft.EntityFrameworkCore.Database.Command[20106]
      Initialized DbCommand for 'ExecuteNonQuery' (0ms).
dbug: Microsoft.EntityFrameworkCore.Database.Command[20100]
      Executing DbCommand [Parameters=[], CommandType='Text', CommandTimeout='30']
      CREATE INDEX "IX_WorkoutLogSets_ExerciseId" ON "WorkoutLogSets" ("ExerciseId");
info: Microsoft.EntityFrameworkCore.Database.Command[20101]
      Executed DbCommand (0ms) [Parameters=[], CommandType='Text', CommandTimeout='30']
      CREATE INDEX "IX_WorkoutLogSets_ExerciseId" ON "WorkoutLogSets" ("ExerciseId");
info: 7/12/2025 16:06:31.105 RelationalEventId.CommandExecuted[20101] (Microsoft.EntityFrameworkCore.Database.Command) 
      Executed DbCommand (0ms) [Parameters=[], CommandType='Text', CommandTimeout='30']
      CREATE INDEX "IX_WorkoutLogSets_ExerciseId" ON "WorkoutLogSets" ("ExerciseId");
dbug: Microsoft.EntityFrameworkCore.Database.Command[20103]
      Creating DbCommand for 'ExecuteNonQuery'.
dbug: Microsoft.EntityFrameworkCore.Database.Command[20104]
      Created DbCommand for 'ExecuteNonQuery' (0ms).
dbug: Microsoft.EntityFrameworkCore.Database.Command[20106]
      Initialized DbCommand for 'ExecuteNonQuery' (0ms).
dbug: Microsoft.EntityFrameworkCore.Database.Command[20100]
      Executing DbCommand [Parameters=[], CommandType='Text', CommandTimeout='30']
      CREATE INDEX "IX_WorkoutLogSets_LogId" ON "WorkoutLogSets" ("LogId");
info: Microsoft.EntityFrameworkCore.Database.Command[20101]
      Executed DbCommand (0ms) [Parameters=[], CommandType='Text', CommandTimeout='30']
      CREATE INDEX "IX_WorkoutLogSets_LogId" ON "WorkoutLogSets" ("LogId");
info: 7/12/2025 16:06:31.106 RelationalEventId.CommandExecuted[20101] (Microsoft.EntityFrameworkCore.Database.Command) 
      Executed DbCommand (0ms) [Parameters=[], CommandType='Text', CommandTimeout='30']
      CREATE INDEX "IX_WorkoutLogSets_LogId" ON "WorkoutLogSets" ("LogId");
dbug: Microsoft.EntityFrameworkCore.Database.Command[20103]
      Creating DbCommand for 'ExecuteNonQuery'.
dbug: Microsoft.EntityFrameworkCore.Database.Command[20104]
      Created DbCommand for 'ExecuteNonQuery' (0ms).
dbug: Microsoft.EntityFrameworkCore.Database.Command[20106]
      Initialized DbCommand for 'ExecuteNonQuery' (0ms).
dbug: Microsoft.EntityFrameworkCore.Database.Command[20100]
      Executing DbCommand [Parameters=[], CommandType='Text', CommandTimeout='30']
      INSERT INTO "__EFMigrationsHistory" ("MigrationId", "ProductVersion")
      VALUES ('20250623233141_InitialCreate', '9.0.6');
info: Microsoft.EntityFrameworkCore.Database.Command[20101]
      Executed DbCommand (0ms) [Parameters=[], CommandType='Text', CommandTimeout='30']
      INSERT INTO "__EFMigrationsHistory" ("MigrationId", "ProductVersion")
      VALUES ('20250623233141_InitialCreate', '9.0.6');
info: 7/12/2025 16:06:31.106 RelationalEventId.CommandExecuted[20101] (Microsoft.EntityFrameworkCore.Database.Command) 
      Executed DbCommand (0ms) [Parameters=[], CommandType='Text', CommandTimeout='30']
      INSERT INTO "__EFMigrationsHistory" ("MigrationId", "ProductVersion")
      VALUES ('20250623233141_InitialCreate', '9.0.6');
info: Microsoft.EntityFrameworkCore.Migrations[20402]
      Applying migration '20250624084158_ReplaceEnumsWithReferenceData'.
info: 7/12/2025 16:06:31.106 RelationalEventId.MigrationApplying[20402] (Microsoft.EntityFrameworkCore.Migrations) 
      Applying migration '20250624084158_ReplaceEnumsWithReferenceData'.
info: Microsoft.EntityFrameworkCore.Database.Command[20101]
      Executed DbCommand (1ms) [Parameters=[], CommandType='Text', CommandTimeout='30']
      CREATE TABLE "ExerciseTargetedMuscles" (
          "ExerciseId" uuid NOT NULL,
          "MuscleGroupId" uuid NOT NULL,
          "Role" integer NOT NULL,
          CONSTRAINT "PK_ExerciseTargetedMuscles" PRIMARY KEY ("ExerciseId", "MuscleGroupId"),
          CONSTRAINT "FK_ExerciseTargetedMuscles_Exercises_ExerciseId" FOREIGN KEY ("ExerciseId") REFERENCES "Exercises" ("Id") ON DELETE CASCADE,
          CONSTRAINT "FK_ExerciseTargetedMuscles_MuscleGroups_MuscleGroupId" FOREIGN KEY ("MuscleGroupId") REFERENCES "MuscleGroups" ("Id") ON DELETE CASCADE
      );
info: 7/12/2025 16:06:31.106 RelationalEventId.CommandExecuted[20101] (Microsoft.EntityFrameworkCore.Database.Command) 
      Executed DbCommand (1ms) [Parameters=[], CommandType='Text', CommandTimeout='30']
      CREATE TABLE "ExerciseTargetedMuscles" (
          "ExerciseId" uuid NOT NULL,
          "MuscleGroupId" uuid NOT NULL,
          "Role" integer NOT NULL,
          CONSTRAINT "PK_ExerciseTargetedMuscles" PRIMARY KEY ("ExerciseId", "MuscleGroupId"),
          CONSTRAINT "FK_ExerciseTargetedMuscles_Exercises_ExerciseId" FOREIGN KEY ("ExerciseId") REFERENCES "Exercises" ("Id") ON DELETE CASCADE,
          CONSTRAINT "FK_ExerciseTargetedMuscles_MuscleGroups_MuscleGroupId" FOREIGN KEY ("MuscleGroupId") REFERENCES "MuscleGroups" ("Id") ON DELETE CASCADE
      );
dbug: Microsoft.EntityFrameworkCore.Database.Command[20103]
      Creating DbCommand for 'ExecuteNonQuery'.
dbug: Microsoft.EntityFrameworkCore.Database.Command[20104]
      Created DbCommand for 'ExecuteNonQuery' (0ms).
dbug: Microsoft.EntityFrameworkCore.Database.Command[20106]
      Initialized DbCommand for 'ExecuteNonQuery' (0ms).
dbug: Microsoft.EntityFrameworkCore.Database.Command[20100]
      Executing DbCommand [Parameters=[], CommandType='Text', CommandTimeout='30']
      CREATE TABLE "WorkoutLogs" (
          "Id" uuid NOT NULL,
          "UserId" uuid NOT NULL,
          "StartTime" timestamp with time zone NOT NULL,
          "EndTime" timestamp with time zone,
          CONSTRAINT "PK_WorkoutLogs" PRIMARY KEY ("Id"),
          CONSTRAINT "FK_WorkoutLogs_Users_UserId" FOREIGN KEY ("UserId") REFERENCES "Users" ("Id") ON DELETE CASCADE
      );
info: 7/12/2025 16:06:31.107 RelationalEventId.CommandExecuted[20101] (Microsoft.EntityFrameworkCore.Database.Command) 
      Executed DbCommand (1ms) [Parameters=[], CommandType='Text', CommandTimeout='30']
      CREATE TABLE "WorkoutLogs" (
          "Id" uuid NOT NULL,
          "UserId" uuid NOT NULL,
          "StartTime" timestamp with time zone NOT NULL,
          "EndTime" timestamp with time zone,
          CONSTRAINT "PK_WorkoutLogs" PRIMARY KEY ("Id"),
          CONSTRAINT "FK_WorkoutLogs_Users_UserId" FOREIGN KEY ("UserId") REFERENCES "Users" ("Id") ON DELETE CASCADE
      );
info: Microsoft.EntityFrameworkCore.Database.Command[20101]
      Executed DbCommand (1ms) [Parameters=[], CommandType='Text', CommandTimeout='30']
      CREATE TABLE "WorkoutLogs" (
          "Id" uuid NOT NULL,
          "UserId" uuid NOT NULL,
          "StartTime" timestamp with time zone NOT NULL,
          "EndTime" timestamp with time zone,
          CONSTRAINT "PK_WorkoutLogs" PRIMARY KEY ("Id"),
          CONSTRAINT "FK_WorkoutLogs_Users_UserId" FOREIGN KEY ("UserId") REFERENCES "Users" ("Id") ON DELETE CASCADE
      );
dbug: Microsoft.EntityFrameworkCore.Database.Command[20103]
      Creating DbCommand for 'ExecuteNonQuery'.
dbug: Microsoft.EntityFrameworkCore.Database.Command[20104]
      Created DbCommand for 'ExecuteNonQuery' (0ms).
dbug: Microsoft.EntityFrameworkCore.Database.Command[20106]
      Initialized DbCommand for 'ExecuteNonQuery' (0ms).
dbug: Microsoft.EntityFrameworkCore.Database.Command[20100]
      Executing DbCommand [Parameters=[], CommandType='Text', CommandTimeout='30']
      CREATE TABLE "WorkoutLogSets" (
          "Id" uuid NOT NULL,
          "LogId" uuid NOT NULL,
          "ExerciseId" uuid NOT NULL,
          "SetOrder" integer NOT NULL,
          "RepsCompleted" integer,
          "WeightUsedKg" numeric(10,2),
          "DurationCompletedSec" integer,
          "DistanceCompletedM" integer,
          "Notes" text,
          CONSTRAINT "PK_WorkoutLogSets" PRIMARY KEY ("Id"),
          CONSTRAINT "FK_WorkoutLogSets_Exercises_ExerciseId" FOREIGN KEY ("ExerciseId") REFERENCES "Exercises" ("Id") ON DELETE CASCADE,
          CONSTRAINT "FK_WorkoutLogSets_WorkoutLogs_LogId" FOREIGN KEY ("LogId") REFERENCES "WorkoutLogs" ("Id") ON DELETE CASCADE
      );
info: 7/12/2025 16:06:31.108 RelationalEventId.CommandExecuted[20101] (Microsoft.EntityFrameworkCore.Database.Command) 
      Executed DbCommand (1ms) [Parameters=[], CommandType='Text', CommandTimeout='30']
      CREATE TABLE "WorkoutLogSets" (
          "Id" uuid NOT NULL,
          "LogId" uuid NOT NULL,
          "ExerciseId" uuid NOT NULL,
          "SetOrder" integer NOT NULL,
          "RepsCompleted" integer,
          "WeightUsedKg" numeric(10,2),
          "DurationCompletedSec" integer,
          "DistanceCompletedM" integer,
          "Notes" text,
          CONSTRAINT "PK_WorkoutLogSets" PRIMARY KEY ("Id"),
          CONSTRAINT "FK_WorkoutLogSets_Exercises_ExerciseId" FOREIGN KEY ("ExerciseId") REFERENCES "Exercises" ("Id") ON DELETE CASCADE,
          CONSTRAINT "FK_WorkoutLogSets_WorkoutLogs_LogId" FOREIGN KEY ("LogId") REFERENCES "WorkoutLogs" ("Id") ON DELETE CASCADE
      );
info: Microsoft.EntityFrameworkCore.Database.Command[20101]
      Executed DbCommand (1ms) [Parameters=[], CommandType='Text', CommandTimeout='30']
      CREATE TABLE "WorkoutLogSets" (
          "Id" uuid NOT NULL,
          "LogId" uuid NOT NULL,
          "ExerciseId" uuid NOT NULL,
          "SetOrder" integer NOT NULL,
          "RepsCompleted" integer,
          "WeightUsedKg" numeric(10,2),
          "DurationCompletedSec" integer,
          "DistanceCompletedM" integer,
          "Notes" text,
          CONSTRAINT "PK_WorkoutLogSets" PRIMARY KEY ("Id"),
          CONSTRAINT "FK_WorkoutLogSets_Exercises_ExerciseId" FOREIGN KEY ("ExerciseId") REFERENCES "Exercises" ("Id") ON DELETE CASCADE,
          CONSTRAINT "FK_WorkoutLogSets_WorkoutLogs_LogId" FOREIGN KEY ("LogId") REFERENCES "WorkoutLogs" ("Id") ON DELETE CASCADE
      );
dbug: Microsoft.EntityFrameworkCore.Database.Command[20103]
      Creating DbCommand for 'ExecuteNonQuery'.
dbug: Microsoft.EntityFrameworkCore.Database.Command[20104]
      Created DbCommand for 'ExecuteNonQuery' (0ms).
dbug: Microsoft.EntityFrameworkCore.Database.Command[20106]
      Initialized DbCommand for 'ExecuteNonQuery' (0ms).
dbug: Microsoft.EntityFrameworkCore.Database.Command[20100]
      Executing DbCommand [Parameters=[], CommandType='Text', CommandTimeout='30']
      CREATE INDEX "IX_ExerciseEquipment_EquipmentId" ON "ExerciseEquipment" ("EquipmentId");
info: Microsoft.EntityFrameworkCore.Database.Command[20101]
      Executed DbCommand (0ms) [Parameters=[], CommandType='Text', CommandTimeout='30']
      CREATE INDEX "IX_ExerciseEquipment_EquipmentId" ON "ExerciseEquipment" ("EquipmentId");
info: 7/12/2025 16:06:31.108 RelationalEventId.CommandExecuted[20101] (Microsoft.EntityFrameworkCore.Database.Command) 
      Executed DbCommand (0ms) [Parameters=[], CommandType='Text', CommandTimeout='30']
      CREATE INDEX "IX_ExerciseEquipment_EquipmentId" ON "ExerciseEquipment" ("EquipmentId");
dbug: Microsoft.EntityFrameworkCore.Database.Command[20103]
      Creating DbCommand for 'ExecuteNonQuery'.
dbug: Microsoft.EntityFrameworkCore.Database.Command[20104]
      Created DbCommand for 'ExecuteNonQuery' (0ms).
dbug: Microsoft.EntityFrameworkCore.Database.Command[20106]
      Initialized DbCommand for 'ExecuteNonQuery' (0ms).
dbug: Microsoft.EntityFrameworkCore.Database.Command[20100]
      Executing DbCommand [Parameters=[], CommandType='Text', CommandTimeout='30']
      CREATE INDEX "IX_ExerciseMetricSupport_MetricTypeId" ON "ExerciseMetricSupport" ("MetricTypeId");
info: Microsoft.EntityFrameworkCore.Database.Command[20101]
      Executed DbCommand (0ms) [Parameters=[], CommandType='Text', CommandTimeout='30']
      CREATE INDEX "IX_ExerciseMetricSupport_MetricTypeId" ON "ExerciseMetricSupport" ("MetricTypeId");
info: 7/12/2025 16:06:31.109 RelationalEventId.CommandExecuted[20101] (Microsoft.EntityFrameworkCore.Database.Command) 
      Executed DbCommand (0ms) [Parameters=[], CommandType='Text', CommandTimeout='30']
      CREATE INDEX "IX_ExerciseMetricSupport_MetricTypeId" ON "ExerciseMetricSupport" ("MetricTypeId");
dbug: Microsoft.EntityFrameworkCore.Database.Command[20103]
      Creating DbCommand for 'ExecuteNonQuery'.
dbug: Microsoft.EntityFrameworkCore.Database.Command[20104]
      Created DbCommand for 'ExecuteNonQuery' (0ms).
dbug: Microsoft.EntityFrameworkCore.Database.Command[20106]
      Initialized DbCommand for 'ExecuteNonQuery' (0ms).
dbug: Microsoft.EntityFrameworkCore.Database.Command[20100]
      Executing DbCommand [Parameters=[], CommandType='Text', CommandTimeout='30']
      CREATE INDEX "IX_ExerciseMovementPatterns_PatternId" ON "ExerciseMovementPatterns" ("PatternId");
info: 7/12/2025 16:06:31.109 RelationalEventId.CommandExecuted[20101] (Microsoft.EntityFrameworkCore.Database.Command) 
      Executed DbCommand (0ms) [Parameters=[], CommandType='Text', CommandTimeout='30']
      CREATE INDEX "IX_ExerciseMovementPatterns_PatternId" ON "ExerciseMovementPatterns" ("PatternId");
info: Microsoft.EntityFrameworkCore.Database.Command[20101]
      Executed DbCommand (0ms) [Parameters=[], CommandType='Text', CommandTimeout='30']
      CREATE INDEX "IX_ExerciseMovementPatterns_PatternId" ON "ExerciseMovementPatterns" ("PatternId");
dbug: Microsoft.EntityFrameworkCore.Database.Command[20103]
      Creating DbCommand for 'ExecuteNonQuery'.
dbug: Microsoft.EntityFrameworkCore.Database.Command[20104]
      Created DbCommand for 'ExecuteNonQuery' (0ms).
dbug: Microsoft.EntityFrameworkCore.Database.Command[20106]
      Initialized DbCommand for 'ExecuteNonQuery' (0ms).
dbug: Microsoft.EntityFrameworkCore.Database.Command[20100]
      Executing DbCommand [Parameters=[], CommandType='Text', CommandTimeout='30']
      CREATE INDEX "IX_ExerciseTargetedMuscles_MuscleGroupId" ON "ExerciseTargetedMuscles" ("MuscleGroupId");
info: Microsoft.EntityFrameworkCore.Database.Command[20101]
      Executed DbCommand (0ms) [Parameters=[], CommandType='Text', CommandTimeout='30']
      CREATE INDEX "IX_ExerciseTargetedMuscles_MuscleGroupId" ON "ExerciseTargetedMuscles" ("MuscleGroupId");
info: 7/12/2025 16:06:31.109 RelationalEventId.CommandExecuted[20101] (Microsoft.EntityFrameworkCore.Database.Command) 
      Executed DbCommand (0ms) [Parameters=[], CommandType='Text', CommandTimeout='30']
      CREATE INDEX "IX_ExerciseTargetedMuscles_MuscleGroupId" ON "ExerciseTargetedMuscles" ("MuscleGroupId");
dbug: Microsoft.EntityFrameworkCore.Database.Command[20103]
      Creating DbCommand for 'ExecuteNonQuery'.
dbug: Microsoft.EntityFrameworkCore.Database.Command[20104]
      Created DbCommand for 'ExecuteNonQuery' (0ms).
dbug: Microsoft.EntityFrameworkCore.Database.Command[20106]
      Initialized DbCommand for 'ExecuteNonQuery' (0ms).
dbug: Microsoft.EntityFrameworkCore.Database.Command[20100]
      Executing DbCommand [Parameters=[], CommandType='Text', CommandTimeout='30']
      CREATE INDEX "IX_WorkoutLogs_UserId" ON "WorkoutLogs" ("UserId");
info: Microsoft.EntityFrameworkCore.Database.Command[20101]
      Executed DbCommand (0ms) [Parameters=[], CommandType='Text', CommandTimeout='30']
      CREATE INDEX "IX_WorkoutLogs_UserId" ON "WorkoutLogs" ("UserId");
info: 7/12/2025 16:06:31.109 RelationalEventId.CommandExecuted[20101] (Microsoft.EntityFrameworkCore.Database.Command) 
      Executed DbCommand (0ms) [Parameters=[], CommandType='Text', CommandTimeout='30']
      CREATE INDEX "IX_WorkoutLogs_UserId" ON "WorkoutLogs" ("UserId");
dbug: Microsoft.EntityFrameworkCore.Database.Command[20103]
      Creating DbCommand for 'ExecuteNonQuery'.
dbug: Microsoft.EntityFrameworkCore.Database.Command[20104]
      Created DbCommand for 'ExecuteNonQuery' (0ms).
dbug: Microsoft.EntityFrameworkCore.Database.Command[20106]
      Initialized DbCommand for 'ExecuteNonQuery' (0ms).
dbug: Microsoft.EntityFrameworkCore.Database.Command[20100]
      Executing DbCommand [Parameters=[], CommandType='Text', CommandTimeout='30']
      CREATE INDEX "IX_WorkoutLogSets_ExerciseId" ON "WorkoutLogSets" ("ExerciseId");
info: 7/12/2025 16:06:31.110 RelationalEventId.CommandExecuted[20101] (Microsoft.EntityFrameworkCore.Database.Command) 
      Executed DbCommand (0ms) [Parameters=[], CommandType='Text', CommandTimeout='30']
      CREATE INDEX "IX_WorkoutLogSets_ExerciseId" ON "WorkoutLogSets" ("ExerciseId");
info: Microsoft.EntityFrameworkCore.Database.Command[20101]
      Executed DbCommand (0ms) [Parameters=[], CommandType='Text', CommandTimeout='30']
      CREATE INDEX "IX_WorkoutLogSets_ExerciseId" ON "WorkoutLogSets" ("ExerciseId");
dbug: Microsoft.EntityFrameworkCore.Database.Command[20103]
      Creating DbCommand for 'ExecuteNonQuery'.
dbug: Microsoft.EntityFrameworkCore.Database.Command[20104]
      Created DbCommand for 'ExecuteNonQuery' (0ms).
dbug: Microsoft.EntityFrameworkCore.Database.Command[20106]
      Initialized DbCommand for 'ExecuteNonQuery' (0ms).
dbug: Microsoft.EntityFrameworkCore.Database.Command[20100]
      Executing DbCommand [Parameters=[], CommandType='Text', CommandTimeout='30']
      CREATE INDEX "IX_WorkoutLogSets_LogId" ON "WorkoutLogSets" ("LogId");
info: 7/12/2025 16:06:31.110 RelationalEventId.CommandExecuted[20101] (Microsoft.EntityFrameworkCore.Database.Command) 
      Executed DbCommand (0ms) [Parameters=[], CommandType='Text', CommandTimeout='30']
      CREATE INDEX "IX_WorkoutLogSets_LogId" ON "WorkoutLogSets" ("LogId");
info: Microsoft.EntityFrameworkCore.Database.Command[20101]
      Executed DbCommand (0ms) [Parameters=[], CommandType='Text', CommandTimeout='30']
      CREATE INDEX "IX_WorkoutLogSets_LogId" ON "WorkoutLogSets" ("LogId");
dbug: Microsoft.EntityFrameworkCore.Database.Command[20103]
      Creating DbCommand for 'ExecuteNonQuery'.
dbug: Microsoft.EntityFrameworkCore.Database.Command[20104]
      Created DbCommand for 'ExecuteNonQuery' (0ms).
dbug: Microsoft.EntityFrameworkCore.Database.Command[20106]
      Initialized DbCommand for 'ExecuteNonQuery' (0ms).
dbug: Microsoft.EntityFrameworkCore.Database.Command[20100]
      Executing DbCommand [Parameters=[], CommandType='Text', CommandTimeout='30']
      INSERT INTO "__EFMigrationsHistory" ("MigrationId", "ProductVersion")
      VALUES ('20250623233141_InitialCreate', '9.0.6');
info: 7/12/2025 16:06:31.110 RelationalEventId.CommandExecuted[20101] (Microsoft.EntityFrameworkCore.Database.Command) 
      Executed DbCommand (0ms) [Parameters=[], CommandType='Text', CommandTimeout='30']
      INSERT INTO "__EFMigrationsHistory" ("MigrationId", "ProductVersion")
      VALUES ('20250623233141_InitialCreate', '9.0.6');
info: Microsoft.EntityFrameworkCore.Database.Command[20101]
      Executed DbCommand (0ms) [Parameters=[], CommandType='Text', CommandTimeout='30']
      INSERT INTO "__EFMigrationsHistory" ("MigrationId", "ProductVersion")
      VALUES ('20250623233141_InitialCreate', '9.0.6');
info: Microsoft.EntityFrameworkCore.Migrations[20402]
      Applying migration '20250624084158_ReplaceEnumsWithReferenceData'.
info: 7/12/2025 16:06:31.110 RelationalEventId.MigrationApplying[20402] (Microsoft.EntityFrameworkCore.Migrations) 
      Applying migration '20250624084158_ReplaceEnumsWithReferenceData'.
dbug: Microsoft.EntityFrameworkCore.Database.Command[20103]
      Creating DbCommand for 'ExecuteNonQuery'.
dbug: Microsoft.EntityFrameworkCore.Database.Command[20104]
      Created DbCommand for 'ExecuteNonQuery' (0ms).
dbug: Microsoft.EntityFrameworkCore.Database.Command[20106]
      Initialized DbCommand for 'ExecuteNonQuery' (0ms).
dbug: Microsoft.EntityFrameworkCore.Database.Command[20103]
      Creating DbCommand for 'ExecuteNonQuery'.
dbug: Microsoft.EntityFrameworkCore.Database.Command[20100]
      Executing DbCommand [Parameters=[], CommandType='Text', CommandTimeout='30']
      ALTER TABLE "Users" DROP COLUMN "CreatedAt";
dbug: Microsoft.EntityFrameworkCore.Database.Command[20104]
      Created DbCommand for 'ExecuteNonQuery' (0ms).
dbug: Microsoft.EntityFrameworkCore.Database.Command[20106]
      Initialized DbCommand for 'ExecuteNonQuery' (0ms).
dbug: Microsoft.EntityFrameworkCore.Database.Command[20100]
      Executing DbCommand [Parameters=[], CommandType='Text', CommandTimeout='30']
      ALTER TABLE "Users" DROP COLUMN "CreatedAt";
info: Microsoft.EntityFrameworkCore.Database.Command[20101]
      Executed DbCommand (1ms) [Parameters=[], CommandType='Text', CommandTimeout='30']
      ALTER TABLE "Users" DROP COLUMN "CreatedAt";
info: Microsoft.EntityFrameworkCore.Database.Command[20101]
      Executed DbCommand (1ms) [Parameters=[], CommandType='Text', CommandTimeout='30']
      ALTER TABLE "Users" DROP COLUMN "CreatedAt";
info: 7/12/2025 16:06:31.121 RelationalEventId.CommandExecuted[20101] (Microsoft.EntityFrameworkCore.Database.Command) 
      Executed DbCommand (1ms) [Parameters=[], CommandType='Text', CommandTimeout='30']
      ALTER TABLE "Users" DROP COLUMN "CreatedAt";
info: 7/12/2025 16:06:31.121 RelationalEventId.CommandExecuted[20101] (Microsoft.EntityFrameworkCore.Database.Command) 
      Executed DbCommand (1ms) [Parameters=[], CommandType='Text', CommandTimeout='30']
      ALTER TABLE "Users" DROP COLUMN "CreatedAt";
dbug: Microsoft.EntityFrameworkCore.Database.Command[20103]
      Creating DbCommand for 'ExecuteNonQuery'.
dbug: Microsoft.EntityFrameworkCore.Database.Command[20103]
      Creating DbCommand for 'ExecuteNonQuery'.
dbug: Microsoft.EntityFrameworkCore.Database.Command[20104]
      Created DbCommand for 'ExecuteNonQuery' (0ms).
dbug: Microsoft.EntityFrameworkCore.Database.Command[20104]
      Created DbCommand for 'ExecuteNonQuery' (0ms).
dbug: Microsoft.EntityFrameworkCore.Database.Command[20106]
      Initialized DbCommand for 'ExecuteNonQuery' (0ms).
dbug: Microsoft.EntityFrameworkCore.Database.Command[20100]
      Executing DbCommand [Parameters=[], CommandType='Text', CommandTimeout='30']
      ALTER TABLE "Users" DROP COLUMN "LastLoginAt";
dbug: Microsoft.EntityFrameworkCore.Database.Command[20106]
      Initialized DbCommand for 'ExecuteNonQuery' (0ms).
dbug: Microsoft.EntityFrameworkCore.Database.Command[20100]
      Executing DbCommand [Parameters=[], CommandType='Text', CommandTimeout='30']
      ALTER TABLE "Users" DROP COLUMN "LastLoginAt";
info: 7/12/2025 16:06:31.121 RelationalEventId.CommandExecuted[20101] (Microsoft.EntityFrameworkCore.Database.Command) 
      Executed DbCommand (0ms) [Parameters=[], CommandType='Text', CommandTimeout='30']
      ALTER TABLE "Users" DROP COLUMN "LastLoginAt";
info: Microsoft.EntityFrameworkCore.Database.Command[20101]
      Executed DbCommand (0ms) [Parameters=[], CommandType='Text', CommandTimeout='30']
      ALTER TABLE "Users" DROP COLUMN "LastLoginAt";
dbug: Microsoft.EntityFrameworkCore.Database.Command[20103]
      Creating DbCommand for 'ExecuteNonQuery'.
dbug: Microsoft.EntityFrameworkCore.Database.Command[20104]
      Created DbCommand for 'ExecuteNonQuery' (0ms).
dbug: Microsoft.EntityFrameworkCore.Database.Command[20106]
      Initialized DbCommand for 'ExecuteNonQuery' (0ms).
dbug: Microsoft.EntityFrameworkCore.Database.Command[20100]
      Executing DbCommand [Parameters=[], CommandType='Text', CommandTimeout='30']
      ALTER TABLE "Users" DROP COLUMN "PasswordHash";
info: Microsoft.EntityFrameworkCore.Database.Command[20101]
      Executed DbCommand (0ms) [Parameters=[], CommandType='Text', CommandTimeout='30']
      ALTER TABLE "Users" DROP COLUMN "LastLoginAt";
info: 7/12/2025 16:06:31.121 RelationalEventId.CommandExecuted[20101] (Microsoft.EntityFrameworkCore.Database.Command) 
      Executed DbCommand (0ms) [Parameters=[], CommandType='Text', CommandTimeout='30']
      ALTER TABLE "Users" DROP COLUMN "LastLoginAt";
dbug: Microsoft.EntityFrameworkCore.Database.Command[20103]
      Creating DbCommand for 'ExecuteNonQuery'.
dbug: Microsoft.EntityFrameworkCore.Database.Command[20104]
      Created DbCommand for 'ExecuteNonQuery' (0ms).
dbug: Microsoft.EntityFrameworkCore.Database.Command[20106]
      Initialized DbCommand for 'ExecuteNonQuery' (0ms).
dbug: Microsoft.EntityFrameworkCore.Database.Command[20100]
      Executing DbCommand [Parameters=[], CommandType='Text', CommandTimeout='30']
      ALTER TABLE "Users" DROP COLUMN "PasswordHash";
info: 7/12/2025 16:06:31.121 RelationalEventId.CommandExecuted[20101] (Microsoft.EntityFrameworkCore.Database.Command) 
      Executed DbCommand (0ms) [Parameters=[], CommandType='Text', CommandTimeout='30']
      ALTER TABLE "Users" DROP COLUMN "PasswordHash";
info: Microsoft.EntityFrameworkCore.Database.Command[20101]
      Executed DbCommand (0ms) [Parameters=[], CommandType='Text', CommandTimeout='30']
      ALTER TABLE "Users" DROP COLUMN "PasswordHash";
dbug: Microsoft.EntityFrameworkCore.Database.Command[20103]
      Creating DbCommand for 'ExecuteNonQuery'.
dbug: Microsoft.EntityFrameworkCore.Database.Command[20104]
      Created DbCommand for 'ExecuteNonQuery' (0ms).
dbug: Microsoft.EntityFrameworkCore.Database.Command[20106]
      Initialized DbCommand for 'ExecuteNonQuery' (0ms).
dbug: Microsoft.EntityFrameworkCore.Database.Command[20100]
      Executing DbCommand [Parameters=[], CommandType='Text', CommandTimeout='30']
      ALTER TABLE "MuscleGroups" DROP COLUMN "BodyPart";
info: 7/12/2025 16:06:31.121 RelationalEventId.CommandExecuted[20101] (Microsoft.EntityFrameworkCore.Database.Command) 
      Executed DbCommand (0ms) [Parameters=[], CommandType='Text', CommandTimeout='30']
      ALTER TABLE "MuscleGroups" DROP COLUMN "BodyPart";
info: Microsoft.EntityFrameworkCore.Database.Command[20101]
      Executed DbCommand (0ms) [Parameters=[], CommandType='Text', CommandTimeout='30']
      ALTER TABLE "MuscleGroups" DROP COLUMN "BodyPart";
dbug: Microsoft.EntityFrameworkCore.Database.Command[20103]
      Creating DbCommand for 'ExecuteNonQuery'.
dbug: Microsoft.EntityFrameworkCore.Database.Command[20104]
      Created DbCommand for 'ExecuteNonQuery' (0ms).
dbug: Microsoft.EntityFrameworkCore.Database.Command[20106]
      Initialized DbCommand for 'ExecuteNonQuery' (0ms).
dbug: Microsoft.EntityFrameworkCore.Database.Command[20100]
      Executing DbCommand [Parameters=[], CommandType='Text', CommandTimeout='30']
      ALTER TABLE "ExerciseTargetedMuscles" DROP COLUMN "Role";
info: 7/12/2025 16:06:31.122 RelationalEventId.CommandExecuted[20101] (Microsoft.EntityFrameworkCore.Database.Command) 
      Executed DbCommand (0ms) [Parameters=[], CommandType='Text', CommandTimeout='30']
      ALTER TABLE "ExerciseTargetedMuscles" DROP COLUMN "Role";
info: Microsoft.EntityFrameworkCore.Database.Command[20101]
      Executed DbCommand (0ms) [Parameters=[], CommandType='Text', CommandTimeout='30']
      ALTER TABLE "ExerciseTargetedMuscles" DROP COLUMN "Role";
dbug: Microsoft.EntityFrameworkCore.Database.Command[20103]
      Creating DbCommand for 'ExecuteNonQuery'.
dbug: Microsoft.EntityFrameworkCore.Database.Command[20104]
      Created DbCommand for 'ExecuteNonQuery' (0ms).
dbug: Microsoft.EntityFrameworkCore.Database.Command[20106]
      Initialized DbCommand for 'ExecuteNonQuery' (0ms).
dbug: Microsoft.EntityFrameworkCore.Database.Command[20100]
      Executing DbCommand [Parameters=[], CommandType='Text', CommandTimeout='30']
      ALTER TABLE "Exercises" DROP COLUMN "Difficulty";
info: Microsoft.EntityFrameworkCore.Database.Command[20101]
      Executed DbCommand (0ms) [Parameters=[], CommandType='Text', CommandTimeout='30']
      ALTER TABLE "Users" DROP COLUMN "PasswordHash";
info: 7/12/2025 16:06:31.122 RelationalEventId.CommandExecuted[20101] (Microsoft.EntityFrameworkCore.Database.Command) 
      Executed DbCommand (0ms) [Parameters=[], CommandType='Text', CommandTimeout='30']
      ALTER TABLE "Exercises" DROP COLUMN "Difficulty";
info: Microsoft.EntityFrameworkCore.Database.Command[20101]
      Executed DbCommand (0ms) [Parameters=[], CommandType='Text', CommandTimeout='30']
      ALTER TABLE "Exercises" DROP COLUMN "Difficulty";
info: 7/12/2025 16:06:31.122 RelationalEventId.CommandExecuted[20101] (Microsoft.EntityFrameworkCore.Database.Command) 
      Executed DbCommand (0ms) [Parameters=[], CommandType='Text', CommandTimeout='30']
      ALTER TABLE "Users" DROP COLUMN "PasswordHash";
dbug: Microsoft.EntityFrameworkCore.Database.Command[20103]
      Creating DbCommand for 'ExecuteNonQuery'.
dbug: Microsoft.EntityFrameworkCore.Database.Command[20104]
      Created DbCommand for 'ExecuteNonQuery' (0ms).
dbug: Microsoft.EntityFrameworkCore.Database.Command[20106]
      Initialized DbCommand for 'ExecuteNonQuery' (0ms).
dbug: Microsoft.EntityFrameworkCore.Database.Command[20100]
      Executing DbCommand [Parameters=[], CommandType='Text', CommandTimeout='30']
      ALTER TABLE "Exercises" DROP COLUMN "KineticChain";
dbug: Microsoft.EntityFrameworkCore.Database.Command[20103]
      Creating DbCommand for 'ExecuteNonQuery'.
dbug: Microsoft.EntityFrameworkCore.Database.Command[20104]
      Created DbCommand for 'ExecuteNonQuery' (0ms).
dbug: Microsoft.EntityFrameworkCore.Database.Command[20106]
      Initialized DbCommand for 'ExecuteNonQuery' (0ms).
dbug: Microsoft.EntityFrameworkCore.Database.Command[20100]
      Executing DbCommand [Parameters=[], CommandType='Text', CommandTimeout='30']
      ALTER TABLE "MuscleGroups" DROP COLUMN "BodyPart";
info: 7/12/2025 16:06:31.122 RelationalEventId.CommandExecuted[20101] (Microsoft.EntityFrameworkCore.Database.Command) 
      Executed DbCommand (0ms) [Parameters=[], CommandType='Text', CommandTimeout='30']
      ALTER TABLE "Exercises" DROP COLUMN "KineticChain";
info: Microsoft.EntityFrameworkCore.Database.Command[20101]
      Executed DbCommand (0ms) [Parameters=[], CommandType='Text', CommandTimeout='30']
      ALTER TABLE "Exercises" DROP COLUMN "KineticChain";
dbug: Microsoft.EntityFrameworkCore.Database.Command[20103]
      Creating DbCommand for 'ExecuteNonQuery'.
dbug: Microsoft.EntityFrameworkCore.Database.Command[20104]
      Created DbCommand for 'ExecuteNonQuery' (0ms).
dbug: Microsoft.EntityFrameworkCore.Database.Command[20106]
      Initialized DbCommand for 'ExecuteNonQuery' (0ms).
dbug: Microsoft.EntityFrameworkCore.Database.Command[20100]
      Executing DbCommand [Parameters=[], CommandType='Text', CommandTimeout='30']
      ALTER TABLE "MuscleGroups" ADD "BodyPartId" uuid NOT NULL DEFAULT '00000000-0000-0000-0000-000000000000';
info: Microsoft.EntityFrameworkCore.Database.Command[20101]
      Executed DbCommand (0ms) [Parameters=[], CommandType='Text', CommandTimeout='30']
      ALTER TABLE "MuscleGroups" DROP COLUMN "BodyPart";
info: 7/12/2025 16:06:31.122 RelationalEventId.CommandExecuted[20101] (Microsoft.EntityFrameworkCore.Database.Command) 
      Executed DbCommand (0ms) [Parameters=[], CommandType='Text', CommandTimeout='30']
      ALTER TABLE "MuscleGroups" DROP COLUMN "BodyPart";
dbug: Microsoft.EntityFrameworkCore.Database.Command[20103]
      Creating DbCommand for 'ExecuteNonQuery'.
dbug: Microsoft.EntityFrameworkCore.Database.Command[20104]
      Created DbCommand for 'ExecuteNonQuery' (0ms).
dbug: Microsoft.EntityFrameworkCore.Database.Command[20106]
      Initialized DbCommand for 'ExecuteNonQuery' (0ms).
dbug: Microsoft.EntityFrameworkCore.Database.Command[20100]
      Executing DbCommand [Parameters=[], CommandType='Text', CommandTimeout='30']
      ALTER TABLE "ExerciseTargetedMuscles" DROP COLUMN "Role";
info: Microsoft.EntityFrameworkCore.Database.Command[20101]
      Executed DbCommand (0ms) [Parameters=[], CommandType='Text', CommandTimeout='30']
      ALTER TABLE "MuscleGroups" ADD "BodyPartId" uuid NOT NULL DEFAULT '00000000-0000-0000-0000-000000000000';
info: 7/12/2025 16:06:31.122 RelationalEventId.CommandExecuted[20101] (Microsoft.EntityFrameworkCore.Database.Command) 
      Executed DbCommand (0ms) [Parameters=[], CommandType='Text', CommandTimeout='30']
      ALTER TABLE "MuscleGroups" ADD "BodyPartId" uuid NOT NULL DEFAULT '00000000-0000-0000-0000-000000000000';
dbug: Microsoft.EntityFrameworkCore.Database.Command[20103]
      Creating DbCommand for 'ExecuteNonQuery'.
dbug: Microsoft.EntityFrameworkCore.Database.Command[20104]
      Created DbCommand for 'ExecuteNonQuery' (0ms).
dbug: Microsoft.EntityFrameworkCore.Database.Command[20106]
      Initialized DbCommand for 'ExecuteNonQuery' (0ms).
dbug: Microsoft.EntityFrameworkCore.Database.Command[20100]
      Executing DbCommand [Parameters=[], CommandType='Text', CommandTimeout='30']
      ALTER TABLE "MovementPatterns" ALTER COLUMN "Description" DROP NOT NULL;
info: Microsoft.EntityFrameworkCore.Database.Command[20101]
      Executed DbCommand (0ms) [Parameters=[], CommandType='Text', CommandTimeout='30']
      ALTER TABLE "MovementPatterns" ALTER COLUMN "Description" DROP NOT NULL;
info: 7/12/2025 16:06:31.122 RelationalEventId.CommandExecuted[20101] (Microsoft.EntityFrameworkCore.Database.Command) 
      Executed DbCommand (0ms) [Parameters=[], CommandType='Text', CommandTimeout='30']
      ALTER TABLE "MovementPatterns" ALTER COLUMN "Description" DROP NOT NULL;
dbug: Microsoft.EntityFrameworkCore.Database.Command[20103]
      Creating DbCommand for 'ExecuteNonQuery'.
dbug: Microsoft.EntityFrameworkCore.Database.Command[20104]
      Created DbCommand for 'ExecuteNonQuery' (0ms).
dbug: Microsoft.EntityFrameworkCore.Database.Command[20106]
      Initialized DbCommand for 'ExecuteNonQuery' (0ms).
dbug: Microsoft.EntityFrameworkCore.Database.Command[20100]
      Executing DbCommand [Parameters=[], CommandType='Text', CommandTimeout='30']
      ALTER TABLE "ExerciseTargetedMuscles" ADD "MuscleRoleId" uuid NOT NULL DEFAULT '00000000-0000-0000-0000-000000000000';
info: Microsoft.EntityFrameworkCore.Database.Command[20101]
      Executed DbCommand (0ms) [Parameters=[], CommandType='Text', CommandTimeout='30']
      ALTER TABLE "ExerciseTargetedMuscles" DROP COLUMN "Role";
info: 7/12/2025 16:06:31.123 RelationalEventId.CommandExecuted[20101] (Microsoft.EntityFrameworkCore.Database.Command) 
      Executed DbCommand (0ms) [Parameters=[], CommandType='Text', CommandTimeout='30']
      ALTER TABLE "ExerciseTargetedMuscles" DROP COLUMN "Role";
dbug: Microsoft.EntityFrameworkCore.Database.Command[20103]
      Creating DbCommand for 'ExecuteNonQuery'.
dbug: Microsoft.EntityFrameworkCore.Database.Command[20104]
      Created DbCommand for 'ExecuteNonQuery' (0ms).
dbug: Microsoft.EntityFrameworkCore.Database.Command[20106]
      Initialized DbCommand for 'ExecuteNonQuery' (0ms).
dbug: Microsoft.EntityFrameworkCore.Database.Command[20100]
      Executing DbCommand [Parameters=[], CommandType='Text', CommandTimeout='30']
      ALTER TABLE "Exercises" DROP COLUMN "Difficulty";
info: Microsoft.EntityFrameworkCore.Database.Command[20101]
      Executed DbCommand (0ms) [Parameters=[], CommandType='Text', CommandTimeout='30']
      ALTER TABLE "ExerciseTargetedMuscles" ADD "MuscleRoleId" uuid NOT NULL DEFAULT '00000000-0000-0000-0000-000000000000';
info: 7/12/2025 16:06:31.123 RelationalEventId.CommandExecuted[20101] (Microsoft.EntityFrameworkCore.Database.Command) 
      Executed DbCommand (0ms) [Parameters=[], CommandType='Text', CommandTimeout='30']
      ALTER TABLE "ExerciseTargetedMuscles" ADD "MuscleRoleId" uuid NOT NULL DEFAULT '00000000-0000-0000-0000-000000000000';
dbug: Microsoft.EntityFrameworkCore.Database.Command[20103]
      Creating DbCommand for 'ExecuteNonQuery'.
dbug: Microsoft.EntityFrameworkCore.Database.Command[20104]
      Created DbCommand for 'ExecuteNonQuery' (0ms).
dbug: Microsoft.EntityFrameworkCore.Database.Command[20106]
      Initialized DbCommand for 'ExecuteNonQuery' (0ms).
dbug: Microsoft.EntityFrameworkCore.Database.Command[20100]
      Executing DbCommand [Parameters=[], CommandType='Text', CommandTimeout='30']
      ALTER TABLE "Exercises" ADD "DifficultyLevelId" uuid NOT NULL DEFAULT '00000000-0000-0000-0000-000000000000';
info: Microsoft.EntityFrameworkCore.Database.Command[20101]
      Executed DbCommand (0ms) [Parameters=[], CommandType='Text', CommandTimeout='30']
      ALTER TABLE "Exercises" ADD "DifficultyLevelId" uuid NOT NULL DEFAULT '00000000-0000-0000-0000-000000000000';
info: 7/12/2025 16:06:31.123 RelationalEventId.CommandExecuted[20101] (Microsoft.EntityFrameworkCore.Database.Command) 
      Executed DbCommand (0ms) [Parameters=[], CommandType='Text', CommandTimeout='30']
      ALTER TABLE "Exercises" ADD "DifficultyLevelId" uuid NOT NULL DEFAULT '00000000-0000-0000-0000-000000000000';
dbug: Microsoft.EntityFrameworkCore.Database.Command[20103]
      Creating DbCommand for 'ExecuteNonQuery'.
dbug: Microsoft.EntityFrameworkCore.Database.Command[20104]
      Created DbCommand for 'ExecuteNonQuery' (0ms).
dbug: Microsoft.EntityFrameworkCore.Database.Command[20106]
      Initialized DbCommand for 'ExecuteNonQuery' (0ms).
dbug: Microsoft.EntityFrameworkCore.Database.Command[20100]
      Executing DbCommand [Parameters=[], CommandType='Text', CommandTimeout='30']
      ALTER TABLE "Exercises" ADD "KineticChainTypeId" uuid NOT NULL DEFAULT '00000000-0000-0000-0000-000000000000';
info: Microsoft.EntityFrameworkCore.Database.Command[20101]
      Executed DbCommand (0ms) [Parameters=[], CommandType='Text', CommandTimeout='30']
      ALTER TABLE "Exercises" DROP COLUMN "Difficulty";
info: 7/12/2025 16:06:31.123 RelationalEventId.CommandExecuted[20101] (Microsoft.EntityFrameworkCore.Database.Command) 
      Executed DbCommand (0ms) [Parameters=[], CommandType='Text', CommandTimeout='30']
      ALTER TABLE "Exercises" DROP COLUMN "Difficulty";
dbug: Microsoft.EntityFrameworkCore.Database.Command[20103]
      Creating DbCommand for 'ExecuteNonQuery'.
dbug: Microsoft.EntityFrameworkCore.Database.Command[20104]
      Created DbCommand for 'ExecuteNonQuery' (0ms).
dbug: Microsoft.EntityFrameworkCore.Database.Command[20106]
      Initialized DbCommand for 'ExecuteNonQuery' (0ms).
dbug: Microsoft.EntityFrameworkCore.Database.Command[20100]
      Executing DbCommand [Parameters=[], CommandType='Text', CommandTimeout='30']
      ALTER TABLE "Exercises" DROP COLUMN "KineticChain";
info: Microsoft.EntityFrameworkCore.Database.Command[20101]
      Executed DbCommand (0ms) [Parameters=[], CommandType='Text', CommandTimeout='30']
      ALTER TABLE "Exercises" ADD "KineticChainTypeId" uuid NOT NULL DEFAULT '00000000-0000-0000-0000-000000000000';
info: 7/12/2025 16:06:31.123 RelationalEventId.CommandExecuted[20101] (Microsoft.EntityFrameworkCore.Database.Command) 
      Executed DbCommand (0ms) [Parameters=[], CommandType='Text', CommandTimeout='30']
      ALTER TABLE "Exercises" ADD "KineticChainTypeId" uuid NOT NULL DEFAULT '00000000-0000-0000-0000-000000000000';
dbug: Microsoft.EntityFrameworkCore.Database.Command[20103]
      Creating DbCommand for 'ExecuteNonQuery'.
dbug: Microsoft.EntityFrameworkCore.Database.Command[20104]
      Created DbCommand for 'ExecuteNonQuery' (0ms).
dbug: Microsoft.EntityFrameworkCore.Database.Command[20106]
      Initialized DbCommand for 'ExecuteNonQuery' (0ms).
dbug: Microsoft.EntityFrameworkCore.Database.Command[20100]
      Executing DbCommand [Parameters=[], CommandType='Text', CommandTimeout='30']
      CREATE TABLE "BodyParts" (
          "Id" uuid NOT NULL,
          "Value" text NOT NULL,
          "Description" text,
          "DisplayOrder" integer NOT NULL,
          "IsActive" boolean NOT NULL,
          CONSTRAINT "PK_BodyParts" PRIMARY KEY ("Id")
      );
info: Microsoft.EntityFrameworkCore.Database.Command[20101]
      Executed DbCommand (0ms) [Parameters=[], CommandType='Text', CommandTimeout='30']
      ALTER TABLE "Exercises" DROP COLUMN "KineticChain";
info: 7/12/2025 16:06:31.123 RelationalEventId.CommandExecuted[20101] (Microsoft.EntityFrameworkCore.Database.Command) 
      Executed DbCommand (0ms) [Parameters=[], CommandType='Text', CommandTimeout='30']
      ALTER TABLE "Exercises" DROP COLUMN "KineticChain";
dbug: Microsoft.EntityFrameworkCore.Database.Command[20103]
      Creating DbCommand for 'ExecuteNonQuery'.
dbug: Microsoft.EntityFrameworkCore.Database.Command[20104]
      Created DbCommand for 'ExecuteNonQuery' (0ms).
dbug: Microsoft.EntityFrameworkCore.Database.Command[20106]
      Initialized DbCommand for 'ExecuteNonQuery' (0ms).
dbug: Microsoft.EntityFrameworkCore.Database.Command[20100]
      Executing DbCommand [Parameters=[], CommandType='Text', CommandTimeout='30']
      ALTER TABLE "MuscleGroups" ADD "BodyPartId" uuid NOT NULL DEFAULT '00000000-0000-0000-0000-000000000000';
info: Microsoft.EntityFrameworkCore.Database.Command[20101]
      Executed DbCommand (1ms) [Parameters=[], CommandType='Text', CommandTimeout='30']
      CREATE TABLE "BodyParts" (
          "Id" uuid NOT NULL,
          "Value" text NOT NULL,
          "Description" text,
          "DisplayOrder" integer NOT NULL,
          "IsActive" boolean NOT NULL,
          CONSTRAINT "PK_BodyParts" PRIMARY KEY ("Id")
      );
info: 7/12/2025 16:06:31.124 RelationalEventId.CommandExecuted[20101] (Microsoft.EntityFrameworkCore.Database.Command) 
      Executed DbCommand (1ms) [Parameters=[], CommandType='Text', CommandTimeout='30']
      CREATE TABLE "BodyParts" (
          "Id" uuid NOT NULL,
          "Value" text NOT NULL,
          "Description" text,
          "DisplayOrder" integer NOT NULL,
          "IsActive" boolean NOT NULL,
          CONSTRAINT "PK_BodyParts" PRIMARY KEY ("Id")
      );
dbug: Microsoft.EntityFrameworkCore.Database.Command[20103]
      Creating DbCommand for 'ExecuteNonQuery'.
dbug: Microsoft.EntityFrameworkCore.Database.Command[20104]
      Created DbCommand for 'ExecuteNonQuery' (0ms).
dbug: Microsoft.EntityFrameworkCore.Database.Command[20106]
      Initialized DbCommand for 'ExecuteNonQuery' (0ms).
dbug: Microsoft.EntityFrameworkCore.Database.Command[20100]
      Executing DbCommand [Parameters=[], CommandType='Text', CommandTimeout='30']
      CREATE TABLE "DifficultyLevels" (
          "Id" uuid NOT NULL,
          "Value" text NOT NULL,
          "Description" text,
          "DisplayOrder" integer NOT NULL,
          "IsActive" boolean NOT NULL,
          CONSTRAINT "PK_DifficultyLevels" PRIMARY KEY ("Id")
      );
info: Microsoft.EntityFrameworkCore.Database.Command[20101]
      Executed DbCommand (1ms) [Parameters=[], CommandType='Text', CommandTimeout='30']
      ALTER TABLE "MuscleGroups" ADD "BodyPartId" uuid NOT NULL DEFAULT '00000000-0000-0000-0000-000000000000';
info: 7/12/2025 16:06:31.124 RelationalEventId.CommandExecuted[20101] (Microsoft.EntityFrameworkCore.Database.Command) 
      Executed DbCommand (1ms) [Parameters=[], CommandType='Text', CommandTimeout='30']
      ALTER TABLE "MuscleGroups" ADD "BodyPartId" uuid NOT NULL DEFAULT '00000000-0000-0000-0000-000000000000';
dbug: Microsoft.EntityFrameworkCore.Database.Command[20103]
      Creating DbCommand for 'ExecuteNonQuery'.
dbug: Microsoft.EntityFrameworkCore.Database.Command[20104]
      Created DbCommand for 'ExecuteNonQuery' (0ms).
dbug: Microsoft.EntityFrameworkCore.Database.Command[20106]
      Initialized DbCommand for 'ExecuteNonQuery' (0ms).
dbug: Microsoft.EntityFrameworkCore.Database.Command[20100]
      Executing DbCommand [Parameters=[], CommandType='Text', CommandTimeout='30']
      ALTER TABLE "MovementPatterns" ALTER COLUMN "Description" DROP NOT NULL;
info: Microsoft.EntityFrameworkCore.Database.Command[20101]
      Executed DbCommand (0ms) [Parameters=[], CommandType='Text', CommandTimeout='30']
      ALTER TABLE "MovementPatterns" ALTER COLUMN "Description" DROP NOT NULL;
info: 7/12/2025 16:06:31.124 RelationalEventId.CommandExecuted[20101] (Microsoft.EntityFrameworkCore.Database.Command) 
      Executed DbCommand (0ms) [Parameters=[], CommandType='Text', CommandTimeout='30']
      ALTER TABLE "MovementPatterns" ALTER COLUMN "Description" DROP NOT NULL;
dbug: Microsoft.EntityFrameworkCore.Database.Command[20103]
      Creating DbCommand for 'ExecuteNonQuery'.
dbug: Microsoft.EntityFrameworkCore.Database.Command[20104]
      Created DbCommand for 'ExecuteNonQuery' (0ms).
dbug: Microsoft.EntityFrameworkCore.Database.Command[20106]
      Initialized DbCommand for 'ExecuteNonQuery' (0ms).
dbug: Microsoft.EntityFrameworkCore.Database.Command[20100]
      Executing DbCommand [Parameters=[], CommandType='Text', CommandTimeout='30']
      ALTER TABLE "ExerciseTargetedMuscles" ADD "MuscleRoleId" uuid NOT NULL DEFAULT '00000000-0000-0000-0000-000000000000';
info: Microsoft.EntityFrameworkCore.Database.Command[20101]
      Executed DbCommand (1ms) [Parameters=[], CommandType='Text', CommandTimeout='30']
      CREATE TABLE "DifficultyLevels" (
          "Id" uuid NOT NULL,
          "Value" text NOT NULL,
          "Description" text,
          "DisplayOrder" integer NOT NULL,
          "IsActive" boolean NOT NULL,
          CONSTRAINT "PK_DifficultyLevels" PRIMARY KEY ("Id")
      );
info: 7/12/2025 16:06:31.125 RelationalEventId.CommandExecuted[20101] (Microsoft.EntityFrameworkCore.Database.Command) 
      Executed DbCommand (1ms) [Parameters=[], CommandType='Text', CommandTimeout='30']
      CREATE TABLE "DifficultyLevels" (
          "Id" uuid NOT NULL,
          "Value" text NOT NULL,
          "Description" text,
          "DisplayOrder" integer NOT NULL,
          "IsActive" boolean NOT NULL,
          CONSTRAINT "PK_DifficultyLevels" PRIMARY KEY ("Id")
      );
dbug: Microsoft.EntityFrameworkCore.Database.Command[20103]
      Creating DbCommand for 'ExecuteNonQuery'.
dbug: Microsoft.EntityFrameworkCore.Database.Command[20104]
      Created DbCommand for 'ExecuteNonQuery' (0ms).
dbug: Microsoft.EntityFrameworkCore.Database.Command[20106]
      Initialized DbCommand for 'ExecuteNonQuery' (0ms).
dbug: Microsoft.EntityFrameworkCore.Database.Command[20100]
      Executing DbCommand [Parameters=[], CommandType='Text', CommandTimeout='30']
      CREATE TABLE "KineticChainTypes" (
          "Id" uuid NOT NULL,
          "Value" text NOT NULL,
          "Description" text,
          "DisplayOrder" integer NOT NULL,
          "IsActive" boolean NOT NULL,
          CONSTRAINT "PK_KineticChainTypes" PRIMARY KEY ("Id")
      );
info: Microsoft.EntityFrameworkCore.Database.Command[20101]
      Executed DbCommand (1ms) [Parameters=[], CommandType='Text', CommandTimeout='30']
      ALTER TABLE "ExerciseTargetedMuscles" ADD "MuscleRoleId" uuid NOT NULL DEFAULT '00000000-0000-0000-0000-000000000000';
info: 7/12/2025 16:06:31.125 RelationalEventId.CommandExecuted[20101] (Microsoft.EntityFrameworkCore.Database.Command) 
      Executed DbCommand (1ms) [Parameters=[], CommandType='Text', CommandTimeout='30']
      ALTER TABLE "ExerciseTargetedMuscles" ADD "MuscleRoleId" uuid NOT NULL DEFAULT '00000000-0000-0000-0000-000000000000';
dbug: Microsoft.EntityFrameworkCore.Database.Command[20103]
      Creating DbCommand for 'ExecuteNonQuery'.
dbug: Microsoft.EntityFrameworkCore.Database.Command[20104]
      Created DbCommand for 'ExecuteNonQuery' (0ms).
dbug: Microsoft.EntityFrameworkCore.Database.Command[20106]
      Initialized DbCommand for 'ExecuteNonQuery' (0ms).
dbug: Microsoft.EntityFrameworkCore.Database.Command[20100]
      Executing DbCommand [Parameters=[], CommandType='Text', CommandTimeout='30']
      ALTER TABLE "Exercises" ADD "DifficultyLevelId" uuid NOT NULL DEFAULT '00000000-0000-0000-0000-000000000000';
info: Microsoft.EntityFrameworkCore.Database.Command[20101]
      Executed DbCommand (1ms) [Parameters=[], CommandType='Text', CommandTimeout='30']
      CREATE TABLE "KineticChainTypes" (
          "Id" uuid NOT NULL,
          "Value" text NOT NULL,
          "Description" text,
          "DisplayOrder" integer NOT NULL,
          "IsActive" boolean NOT NULL,
          CONSTRAINT "PK_KineticChainTypes" PRIMARY KEY ("Id")
      );
info: 7/12/2025 16:06:31.125 RelationalEventId.CommandExecuted[20101] (Microsoft.EntityFrameworkCore.Database.Command) 
      Executed DbCommand (1ms) [Parameters=[], CommandType='Text', CommandTimeout='30']
      CREATE TABLE "KineticChainTypes" (
          "Id" uuid NOT NULL,
          "Value" text NOT NULL,
          "Description" text,
          "DisplayOrder" integer NOT NULL,
          "IsActive" boolean NOT NULL,
          CONSTRAINT "PK_KineticChainTypes" PRIMARY KEY ("Id")
      );
dbug: Microsoft.EntityFrameworkCore.Database.Command[20103]
      Creating DbCommand for 'ExecuteNonQuery'.
dbug: Microsoft.EntityFrameworkCore.Database.Command[20104]
      Created DbCommand for 'ExecuteNonQuery' (0ms).
dbug: Microsoft.EntityFrameworkCore.Database.Command[20106]
      Initialized DbCommand for 'ExecuteNonQuery' (0ms).
dbug: Microsoft.EntityFrameworkCore.Database.Command[20100]
      Executing DbCommand [Parameters=[], CommandType='Text', CommandTimeout='30']
      CREATE TABLE "MuscleRoles" (
          "Id" uuid NOT NULL,
          "Value" text NOT NULL,
          "Description" text,
          "DisplayOrder" integer NOT NULL,
          "IsActive" boolean NOT NULL,
          CONSTRAINT "PK_MuscleRoles" PRIMARY KEY ("Id")
      );
info: Microsoft.EntityFrameworkCore.Database.Command[20101]
      Executed DbCommand (1ms) [Parameters=[], CommandType='Text', CommandTimeout='30']
      ALTER TABLE "Exercises" ADD "DifficultyLevelId" uuid NOT NULL DEFAULT '00000000-0000-0000-0000-000000000000';
info: 7/12/2025 16:06:31.126 RelationalEventId.CommandExecuted[20101] (Microsoft.EntityFrameworkCore.Database.Command) 
      Executed DbCommand (1ms) [Parameters=[], CommandType='Text', CommandTimeout='30']
      ALTER TABLE "Exercises" ADD "DifficultyLevelId" uuid NOT NULL DEFAULT '00000000-0000-0000-0000-000000000000';
dbug: Microsoft.EntityFrameworkCore.Database.Command[20103]
      Creating DbCommand for 'ExecuteNonQuery'.
dbug: Microsoft.EntityFrameworkCore.Database.Command[20104]
      Created DbCommand for 'ExecuteNonQuery' (0ms).
dbug: Microsoft.EntityFrameworkCore.Database.Command[20106]
      Initialized DbCommand for 'ExecuteNonQuery' (0ms).
dbug: Microsoft.EntityFrameworkCore.Database.Command[20100]
      Executing DbCommand [Parameters=[], CommandType='Text', CommandTimeout='30']
      ALTER TABLE "Exercises" ADD "KineticChainTypeId" uuid NOT NULL DEFAULT '00000000-0000-0000-0000-000000000000';
info: Microsoft.EntityFrameworkCore.Database.Command[20101]
      Executed DbCommand (0ms) [Parameters=[], CommandType='Text', CommandTimeout='30']
      ALTER TABLE "Exercises" ADD "KineticChainTypeId" uuid NOT NULL DEFAULT '00000000-0000-0000-0000-000000000000';
info: 7/12/2025 16:06:31.126 RelationalEventId.CommandExecuted[20101] (Microsoft.EntityFrameworkCore.Database.Command) 
      Executed DbCommand (0ms) [Parameters=[], CommandType='Text', CommandTimeout='30']
      ALTER TABLE "Exercises" ADD "KineticChainTypeId" uuid NOT NULL DEFAULT '00000000-0000-0000-0000-000000000000';
dbug: Microsoft.EntityFrameworkCore.Database.Command[20103]
      Creating DbCommand for 'ExecuteNonQuery'.
dbug: Microsoft.EntityFrameworkCore.Database.Command[20104]
      Created DbCommand for 'ExecuteNonQuery' (0ms).
dbug: Microsoft.EntityFrameworkCore.Database.Command[20106]
      Initialized DbCommand for 'ExecuteNonQuery' (0ms).
dbug: Microsoft.EntityFrameworkCore.Database.Command[20100]
      Executing DbCommand [Parameters=[], CommandType='Text', CommandTimeout='30']
      CREATE TABLE "BodyParts" (
          "Id" uuid NOT NULL,
          "Value" text NOT NULL,
          "Description" text,
          "DisplayOrder" integer NOT NULL,
          "IsActive" boolean NOT NULL,
          CONSTRAINT "PK_BodyParts" PRIMARY KEY ("Id")
      );
info: Microsoft.EntityFrameworkCore.Database.Command[20101]
      Executed DbCommand (1ms) [Parameters=[], CommandType='Text', CommandTimeout='30']
      CREATE TABLE "MuscleRoles" (
          "Id" uuid NOT NULL,
          "Value" text NOT NULL,
          "Description" text,
          "DisplayOrder" integer NOT NULL,
          "IsActive" boolean NOT NULL,
          CONSTRAINT "PK_MuscleRoles" PRIMARY KEY ("Id")
      );
info: 7/12/2025 16:06:31.126 RelationalEventId.CommandExecuted[20101] (Microsoft.EntityFrameworkCore.Database.Command) 
      Executed DbCommand (1ms) [Parameters=[], CommandType='Text', CommandTimeout='30']
      CREATE TABLE "MuscleRoles" (
          "Id" uuid NOT NULL,
          "Value" text NOT NULL,
          "Description" text,
          "DisplayOrder" integer NOT NULL,
          "IsActive" boolean NOT NULL,
          CONSTRAINT "PK_MuscleRoles" PRIMARY KEY ("Id")
      );
dbug: Microsoft.EntityFrameworkCore.Database.Command[20103]
      Creating DbCommand for 'ExecuteNonQuery'.
dbug: Microsoft.EntityFrameworkCore.Database.Command[20104]
      Created DbCommand for 'ExecuteNonQuery' (0ms).
dbug: Microsoft.EntityFrameworkCore.Database.Command[20106]
      Initialized DbCommand for 'ExecuteNonQuery' (0ms).
dbug: Microsoft.EntityFrameworkCore.Database.Command[20100]
      Executing DbCommand [Parameters=[], CommandType='Text', CommandTimeout='30']
      INSERT INTO "BodyParts" ("Id", "Description", "DisplayOrder", "IsActive", "Value")
      VALUES ('3e9f8a7d-6c5b-4a3e-8d2f-1b7c9a6d5e4c', NULL, 6, TRUE, 'Core');
      INSERT INTO "BodyParts" ("Id", "Description", "DisplayOrder", "IsActive", "Value")
      VALUES ('4a6f1b42-5c9b-4c4e-878a-b3d9f2c1f1f5', NULL, 3, TRUE, 'Legs');
      INSERT INTO "BodyParts" ("Id", "Description", "DisplayOrder", "IsActive", "Value")
      VALUES ('7c5a2d6e-e87e-4c8a-9f1d-9eb734f3df3c', NULL, 1, TRUE, 'Chest');
      INSERT INTO "BodyParts" ("Id", "Description", "DisplayOrder", "IsActive", "Value")
      VALUES ('9c5f1b4e-2b8a-4c9d-8e7f-c5a9e2d7b8c1', NULL, 5, TRUE, 'Arms');
      INSERT INTO "BodyParts" ("Id", "Description", "DisplayOrder", "IsActive", "Value")
      VALUES ('b2d89d5c-cb8a-4f5d-8a9e-2c3b76612c5a', NULL, 2, TRUE, 'Back');
      INSERT INTO "BodyParts" ("Id", "Description", "DisplayOrder", "IsActive", "Value")
      VALUES ('d7e0e24c-f8d4-4b8a-b1e0-cf9c2e6b5d0a', NULL, 4, TRUE, 'Shoulders');
info: Microsoft.EntityFrameworkCore.Database.Command[20101]
      Executed DbCommand (1ms) [Parameters=[], CommandType='Text', CommandTimeout='30']
      CREATE TABLE "BodyParts" (
          "Id" uuid NOT NULL,
          "Value" text NOT NULL,
          "Description" text,
          "DisplayOrder" integer NOT NULL,
          "IsActive" boolean NOT NULL,
          CONSTRAINT "PK_BodyParts" PRIMARY KEY ("Id")
      );
info: 7/12/2025 16:06:31.127 RelationalEventId.CommandExecuted[20101] (Microsoft.EntityFrameworkCore.Database.Command) 
      Executed DbCommand (1ms) [Parameters=[], CommandType='Text', CommandTimeout='30']
      CREATE TABLE "BodyParts" (
          "Id" uuid NOT NULL,
          "Value" text NOT NULL,
          "Description" text,
          "DisplayOrder" integer NOT NULL,
          "IsActive" boolean NOT NULL,
          CONSTRAINT "PK_BodyParts" PRIMARY KEY ("Id")
      );
dbug: Microsoft.EntityFrameworkCore.Database.Command[20103]
      Creating DbCommand for 'ExecuteNonQuery'.
dbug: Microsoft.EntityFrameworkCore.Database.Command[20104]
      Created DbCommand for 'ExecuteNonQuery' (0ms).
dbug: Microsoft.EntityFrameworkCore.Database.Command[20106]
      Initialized DbCommand for 'ExecuteNonQuery' (0ms).
dbug: Microsoft.EntityFrameworkCore.Database.Command[20100]
      Executing DbCommand [Parameters=[], CommandType='Text', CommandTimeout='30']
      CREATE TABLE "DifficultyLevels" (
          "Id" uuid NOT NULL,
          "Value" text NOT NULL,
          "Description" text,
          "DisplayOrder" integer NOT NULL,
          "IsActive" boolean NOT NULL,
          CONSTRAINT "PK_DifficultyLevels" PRIMARY KEY ("Id")
      );
info: Microsoft.EntityFrameworkCore.Database.Command[20101]
      Executed DbCommand (1ms) [Parameters=[], CommandType='Text', CommandTimeout='30']
      INSERT INTO "BodyParts" ("Id", "Description", "DisplayOrder", "IsActive", "Value")
      VALUES ('3e9f8a7d-6c5b-4a3e-8d2f-1b7c9a6d5e4c', NULL, 6, TRUE, 'Core');
      INSERT INTO "BodyParts" ("Id", "Description", "DisplayOrder", "IsActive", "Value")
      VALUES ('4a6f1b42-5c9b-4c4e-878a-b3d9f2c1f1f5', NULL, 3, TRUE, 'Legs');
      INSERT INTO "BodyParts" ("Id", "Description", "DisplayOrder", "IsActive", "Value")
      VALUES ('7c5a2d6e-e87e-4c8a-9f1d-9eb734f3df3c', NULL, 1, TRUE, 'Chest');
      INSERT INTO "BodyParts" ("Id", "Description", "DisplayOrder", "IsActive", "Value")
      VALUES ('9c5f1b4e-2b8a-4c9d-8e7f-c5a9e2d7b8c1', NULL, 5, TRUE, 'Arms');
      INSERT INTO "BodyParts" ("Id", "Description", "DisplayOrder", "IsActive", "Value")
      VALUES ('b2d89d5c-cb8a-4f5d-8a9e-2c3b76612c5a', NULL, 2, TRUE, 'Back');
      INSERT INTO "BodyParts" ("Id", "Description", "DisplayOrder", "IsActive", "Value")
      VALUES ('d7e0e24c-f8d4-4b8a-b1e0-cf9c2e6b5d0a', NULL, 4, TRUE, 'Shoulders');
info: 7/12/2025 16:06:31.128 RelationalEventId.CommandExecuted[20101] (Microsoft.EntityFrameworkCore.Database.Command) 
      Executed DbCommand (1ms) [Parameters=[], CommandType='Text', CommandTimeout='30']
      INSERT INTO "BodyParts" ("Id", "Description", "DisplayOrder", "IsActive", "Value")
      VALUES ('3e9f8a7d-6c5b-4a3e-8d2f-1b7c9a6d5e4c', NULL, 6, TRUE, 'Core');
      INSERT INTO "BodyParts" ("Id", "Description", "DisplayOrder", "IsActive", "Value")
      VALUES ('4a6f1b42-5c9b-4c4e-878a-b3d9f2c1f1f5', NULL, 3, TRUE, 'Legs');
      INSERT INTO "BodyParts" ("Id", "Description", "DisplayOrder", "IsActive", "Value")
      VALUES ('7c5a2d6e-e87e-4c8a-9f1d-9eb734f3df3c', NULL, 1, TRUE, 'Chest');
      INSERT INTO "BodyParts" ("Id", "Description", "DisplayOrder", "IsActive", "Value")
      VALUES ('9c5f1b4e-2b8a-4c9d-8e7f-c5a9e2d7b8c1', NULL, 5, TRUE, 'Arms');
      INSERT INTO "BodyParts" ("Id", "Description", "DisplayOrder", "IsActive", "Value")
      VALUES ('b2d89d5c-cb8a-4f5d-8a9e-2c3b76612c5a', NULL, 2, TRUE, 'Back');
      INSERT INTO "BodyParts" ("Id", "Description", "DisplayOrder", "IsActive", "Value")
      VALUES ('d7e0e24c-f8d4-4b8a-b1e0-cf9c2e6b5d0a', NULL, 4, TRUE, 'Shoulders');
dbug: Microsoft.EntityFrameworkCore.Database.Command[20103]
      Creating DbCommand for 'ExecuteNonQuery'.
dbug: Microsoft.EntityFrameworkCore.Database.Command[20104]
      Created DbCommand for 'ExecuteNonQuery' (0ms).
dbug: Microsoft.EntityFrameworkCore.Database.Command[20106]
      Initialized DbCommand for 'ExecuteNonQuery' (0ms).
dbug: Microsoft.EntityFrameworkCore.Database.Command[20100]
      Executing DbCommand [Parameters=[], CommandType='Text', CommandTimeout='30']
      INSERT INTO "DifficultyLevels" ("Id", "Description", "DisplayOrder", "IsActive", "Value")
      VALUES ('3e27f9a7-d5a5-4f8e-8a76-6de2d23c9a3c', 'Suitable for those with significant fitness experience', 3, TRUE, 'Advanced');
      INSERT INTO "DifficultyLevels" ("Id", "Description", "DisplayOrder", "IsActive", "Value")
      VALUES ('8a8adb1d-24d2-4979-a5a6-0d760e6da24b', 'Suitable for those new to fitness', 1, TRUE, 'Beginner');
      INSERT INTO "DifficultyLevels" ("Id", "Description", "DisplayOrder", "IsActive", "Value")
      VALUES ('9c7b59a4-bcd8-48a6-971a-cd67b0a7ab5a', 'Suitable for those with some fitness experience', 2, TRUE, 'Intermediate');
info: Microsoft.EntityFrameworkCore.Database.Command[20101]
      Executed DbCommand (0ms) [Parameters=[], CommandType='Text', CommandTimeout='30']
      INSERT INTO "DifficultyLevels" ("Id", "Description", "DisplayOrder", "IsActive", "Value")
      VALUES ('3e27f9a7-d5a5-4f8e-8a76-6de2d23c9a3c', 'Suitable for those with significant fitness experience', 3, TRUE, 'Advanced');
      INSERT INTO "DifficultyLevels" ("Id", "Description", "DisplayOrder", "IsActive", "Value")
      VALUES ('8a8adb1d-24d2-4979-a5a6-0d760e6da24b', 'Suitable for those new to fitness', 1, TRUE, 'Beginner');
      INSERT INTO "DifficultyLevels" ("Id", "Description", "DisplayOrder", "IsActive", "Value")
      VALUES ('9c7b59a4-bcd8-48a6-971a-cd67b0a7ab5a', 'Suitable for those with some fitness experience', 2, TRUE, 'Intermediate');
info: 7/12/2025 16:06:31.128 RelationalEventId.CommandExecuted[20101] (Microsoft.EntityFrameworkCore.Database.Command) 
      Executed DbCommand (0ms) [Parameters=[], CommandType='Text', CommandTimeout='30']
      INSERT INTO "DifficultyLevels" ("Id", "Description", "DisplayOrder", "IsActive", "Value")
      VALUES ('3e27f9a7-d5a5-4f8e-8a76-6de2d23c9a3c', 'Suitable for those with significant fitness experience', 3, TRUE, 'Advanced');
      INSERT INTO "DifficultyLevels" ("Id", "Description", "DisplayOrder", "IsActive", "Value")
      VALUES ('8a8adb1d-24d2-4979-a5a6-0d760e6da24b', 'Suitable for those new to fitness', 1, TRUE, 'Beginner');
      INSERT INTO "DifficultyLevels" ("Id", "Description", "DisplayOrder", "IsActive", "Value")
      VALUES ('9c7b59a4-bcd8-48a6-971a-cd67b0a7ab5a', 'Suitable for those with some fitness experience', 2, TRUE, 'Intermediate');
dbug: Microsoft.EntityFrameworkCore.Database.Command[20103]
      Creating DbCommand for 'ExecuteNonQuery'.
dbug: Microsoft.EntityFrameworkCore.Database.Command[20104]
      Created DbCommand for 'ExecuteNonQuery' (0ms).
dbug: Microsoft.EntityFrameworkCore.Database.Command[20106]
      Initialized DbCommand for 'ExecuteNonQuery' (0ms).
dbug: Microsoft.EntityFrameworkCore.Database.Command[20100]
      Executing DbCommand [Parameters=[], CommandType='Text', CommandTimeout='30']
      INSERT INTO "KineticChainTypes" ("Id", "Description", "DisplayOrder", "IsActive", "Value")
      VALUES ('2b3e7cb2-9a3e-4c9a-88d8-b7c019c90d1b', 'Exercises that work a single muscle group', 2, TRUE, 'Isolation');
      INSERT INTO "KineticChainTypes" ("Id", "Description", "DisplayOrder", "IsActive", "Value")
      VALUES ('f5d5a2de-9c4e-4b87-b8c3-5d1e17d0b1f4', 'Exercises that work multiple muscle groups', 1, TRUE, 'Compound');
info: Microsoft.EntityFrameworkCore.Database.Command[20101]
      Executed DbCommand (0ms) [Parameters=[], CommandType='Text', CommandTimeout='30']
      INSERT INTO "KineticChainTypes" ("Id", "Description", "DisplayOrder", "IsActive", "Value")
      VALUES ('2b3e7cb2-9a3e-4c9a-88d8-b7c019c90d1b', 'Exercises that work a single muscle group', 2, TRUE, 'Isolation');
      INSERT INTO "KineticChainTypes" ("Id", "Description", "DisplayOrder", "IsActive", "Value")
      VALUES ('f5d5a2de-9c4e-4b87-b8c3-5d1e17d0b1f4', 'Exercises that work multiple muscle groups', 1, TRUE, 'Compound');
info: 7/12/2025 16:06:31.128 RelationalEventId.CommandExecuted[20101] (Microsoft.EntityFrameworkCore.Database.Command) 
      Executed DbCommand (0ms) [Parameters=[], CommandType='Text', CommandTimeout='30']
      INSERT INTO "KineticChainTypes" ("Id", "Description", "DisplayOrder", "IsActive", "Value")
      VALUES ('2b3e7cb2-9a3e-4c9a-88d8-b7c019c90d1b', 'Exercises that work a single muscle group', 2, TRUE, 'Isolation');
      INSERT INTO "KineticChainTypes" ("Id", "Description", "DisplayOrder", "IsActive", "Value")
      VALUES ('f5d5a2de-9c4e-4b87-b8c3-5d1e17d0b1f4', 'Exercises that work multiple muscle groups', 1, TRUE, 'Compound');
dbug: Microsoft.EntityFrameworkCore.Database.Command[20103]
      Creating DbCommand for 'ExecuteNonQuery'.
dbug: Microsoft.EntityFrameworkCore.Database.Command[20104]
      Created DbCommand for 'ExecuteNonQuery' (0ms).
dbug: Microsoft.EntityFrameworkCore.Database.Command[20106]
      Initialized DbCommand for 'ExecuteNonQuery' (0ms).
dbug: Microsoft.EntityFrameworkCore.Database.Command[20100]
      Executing DbCommand [Parameters=[], CommandType='Text', CommandTimeout='30']
      INSERT INTO "MuscleRoles" ("Id", "Description", "DisplayOrder", "IsActive", "Value")
      VALUES ('1a2b3c4d-5e6f-7a8b-9c0d-1e2f3a4b5c6d', 'A muscle that helps stabilize the body during the exercise', 3, TRUE, 'Stabilizer');
      INSERT INTO "MuscleRoles" ("Id", "Description", "DisplayOrder", "IsActive", "Value")
      VALUES ('5d8e9a7b-3c2d-4f6a-9b8c-1e5d7f3a2c9b', 'The main muscle targeted by the exercise', 1, TRUE, 'Primary');
      INSERT INTO "MuscleRoles" ("Id", "Description", "DisplayOrder", "IsActive", "Value")
      VALUES ('8c7d6b5a-4e3f-2a1b-9c8d-7e6f5d4c3b2a', 'A muscle that assists in the exercise', 2, TRUE, 'Secondary');
info: Microsoft.EntityFrameworkCore.Database.Command[20101]
      Executed DbCommand (1ms) [Parameters=[], CommandType='Text', CommandTimeout='30']
      INSERT INTO "MuscleRoles" ("Id", "Description", "DisplayOrder", "IsActive", "Value")
      VALUES ('1a2b3c4d-5e6f-7a8b-9c0d-1e2f3a4b5c6d', 'A muscle that helps stabilize the body during the exercise', 3, TRUE, 'Stabilizer');
      INSERT INTO "MuscleRoles" ("Id", "Description", "DisplayOrder", "IsActive", "Value")
      VALUES ('5d8e9a7b-3c2d-4f6a-9b8c-1e5d7f3a2c9b', 'The main muscle targeted by the exercise', 1, TRUE, 'Primary');
      INSERT INTO "MuscleRoles" ("Id", "Description", "DisplayOrder", "IsActive", "Value")
      VALUES ('8c7d6b5a-4e3f-2a1b-9c8d-7e6f5d4c3b2a', 'A muscle that assists in the exercise', 2, TRUE, 'Secondary');
info: 7/12/2025 16:06:31.129 RelationalEventId.CommandExecuted[20101] (Microsoft.EntityFrameworkCore.Database.Command) 
      Executed DbCommand (1ms) [Parameters=[], CommandType='Text', CommandTimeout='30']
      INSERT INTO "MuscleRoles" ("Id", "Description", "DisplayOrder", "IsActive", "Value")
      VALUES ('1a2b3c4d-5e6f-7a8b-9c0d-1e2f3a4b5c6d', 'A muscle that helps stabilize the body during the exercise', 3, TRUE, 'Stabilizer');
      INSERT INTO "MuscleRoles" ("Id", "Description", "DisplayOrder", "IsActive", "Value")
      VALUES ('5d8e9a7b-3c2d-4f6a-9b8c-1e5d7f3a2c9b', 'The main muscle targeted by the exercise', 1, TRUE, 'Primary');
      INSERT INTO "MuscleRoles" ("Id", "Description", "DisplayOrder", "IsActive", "Value")
      VALUES ('8c7d6b5a-4e3f-2a1b-9c8d-7e6f5d4c3b2a', 'A muscle that assists in the exercise', 2, TRUE, 'Secondary');
info: Microsoft.EntityFrameworkCore.Database.Command[20101]
      Executed DbCommand (1ms) [Parameters=[], CommandType='Text', CommandTimeout='30']
      CREATE TABLE "DifficultyLevels" (
          "Id" uuid NOT NULL,
          "Value" text NOT NULL,
          "Description" text,
          "DisplayOrder" integer NOT NULL,
          "IsActive" boolean NOT NULL,
          CONSTRAINT "PK_DifficultyLevels" PRIMARY KEY ("Id")
      );
dbug: Microsoft.EntityFrameworkCore.Database.Command[20103]
      Creating DbCommand for 'ExecuteNonQuery'.
dbug: Microsoft.EntityFrameworkCore.Database.Command[20104]
      Created DbCommand for 'ExecuteNonQuery' (0ms).
dbug: Microsoft.EntityFrameworkCore.Database.Command[20106]
      Initialized DbCommand for 'ExecuteNonQuery' (0ms).
dbug: Microsoft.EntityFrameworkCore.Database.Command[20100]
      Executing DbCommand [Parameters=[], CommandType='Text', CommandTimeout='30']
      CREATE INDEX "IX_MuscleGroups_BodyPartId" ON "MuscleGroups" ("BodyPartId");
info: 7/12/2025 16:06:31.129 RelationalEventId.CommandExecuted[20101] (Microsoft.EntityFrameworkCore.Database.Command) 
      Executed DbCommand (1ms) [Parameters=[], CommandType='Text', CommandTimeout='30']
      CREATE TABLE "DifficultyLevels" (
          "Id" uuid NOT NULL,
          "Value" text NOT NULL,
          "Description" text,
          "DisplayOrder" integer NOT NULL,
          "IsActive" boolean NOT NULL,
          CONSTRAINT "PK_DifficultyLevels" PRIMARY KEY ("Id")
      );
dbug: Microsoft.EntityFrameworkCore.Database.Command[20103]
      Creating DbCommand for 'ExecuteNonQuery'.
dbug: Microsoft.EntityFrameworkCore.Database.Command[20104]
      Created DbCommand for 'ExecuteNonQuery' (0ms).
dbug: Microsoft.EntityFrameworkCore.Database.Command[20106]
      Initialized DbCommand for 'ExecuteNonQuery' (0ms).
dbug: Microsoft.EntityFrameworkCore.Database.Command[20100]
      Executing DbCommand [Parameters=[], CommandType='Text', CommandTimeout='30']
      CREATE TABLE "KineticChainTypes" (
          "Id" uuid NOT NULL,
          "Value" text NOT NULL,
          "Description" text,
          "DisplayOrder" integer NOT NULL,
          "IsActive" boolean NOT NULL,
          CONSTRAINT "PK_KineticChainTypes" PRIMARY KEY ("Id")
      );
info: Microsoft.EntityFrameworkCore.Database.Command[20101]
      Executed DbCommand (1ms) [Parameters=[], CommandType='Text', CommandTimeout='30']
      CREATE INDEX "IX_MuscleGroups_BodyPartId" ON "MuscleGroups" ("BodyPartId");
info: 7/12/2025 16:06:31.129 RelationalEventId.CommandExecuted[20101] (Microsoft.EntityFrameworkCore.Database.Command) 
      Executed DbCommand (1ms) [Parameters=[], CommandType='Text', CommandTimeout='30']
      CREATE INDEX "IX_MuscleGroups_BodyPartId" ON "MuscleGroups" ("BodyPartId");
dbug: Microsoft.EntityFrameworkCore.Database.Command[20103]
      Creating DbCommand for 'ExecuteNonQuery'.
dbug: Microsoft.EntityFrameworkCore.Database.Command[20104]
      Created DbCommand for 'ExecuteNonQuery' (0ms).
dbug: Microsoft.EntityFrameworkCore.Database.Command[20106]
      Initialized DbCommand for 'ExecuteNonQuery' (0ms).
dbug: Microsoft.EntityFrameworkCore.Database.Command[20100]
      Executing DbCommand [Parameters=[], CommandType='Text', CommandTimeout='30']
      CREATE INDEX "IX_ExerciseTargetedMuscles_MuscleRoleId" ON "ExerciseTargetedMuscles" ("MuscleRoleId");
info: Microsoft.EntityFrameworkCore.Database.Command[20101]
      Executed DbCommand (1ms) [Parameters=[], CommandType='Text', CommandTimeout='30']
      CREATE INDEX "IX_ExerciseTargetedMuscles_MuscleRoleId" ON "ExerciseTargetedMuscles" ("MuscleRoleId");
info: 7/12/2025 16:06:31.130 RelationalEventId.CommandExecuted[20101] (Microsoft.EntityFrameworkCore.Database.Command) 
      Executed DbCommand (1ms) [Parameters=[], CommandType='Text', CommandTimeout='30']
      CREATE INDEX "IX_ExerciseTargetedMuscles_MuscleRoleId" ON "ExerciseTargetedMuscles" ("MuscleRoleId");
dbug: Microsoft.EntityFrameworkCore.Database.Command[20103]
      Creating DbCommand for 'ExecuteNonQuery'.
dbug: Microsoft.EntityFrameworkCore.Database.Command[20104]
      Created DbCommand for 'ExecuteNonQuery' (0ms).
dbug: Microsoft.EntityFrameworkCore.Database.Command[20106]
      Initialized DbCommand for 'ExecuteNonQuery' (0ms).
dbug: Microsoft.EntityFrameworkCore.Database.Command[20100]
      Executing DbCommand [Parameters=[], CommandType='Text', CommandTimeout='30']
      CREATE INDEX "IX_Exercises_DifficultyLevelId" ON "Exercises" ("DifficultyLevelId");
info: Microsoft.EntityFrameworkCore.Database.Command[20101]
      Executed DbCommand (2ms) [Parameters=[], CommandType='Text', CommandTimeout='30']
      CREATE TABLE "KineticChainTypes" (
          "Id" uuid NOT NULL,
          "Value" text NOT NULL,
          "Description" text,
          "DisplayOrder" integer NOT NULL,
          "IsActive" boolean NOT NULL,
          CONSTRAINT "PK_KineticChainTypes" PRIMARY KEY ("Id")
      );
info: 7/12/2025 16:06:31.130 RelationalEventId.CommandExecuted[20101] (Microsoft.EntityFrameworkCore.Database.Command) 
      Executed DbCommand (2ms) [Parameters=[], CommandType='Text', CommandTimeout='30']
      CREATE TABLE "KineticChainTypes" (
          "Id" uuid NOT NULL,
          "Value" text NOT NULL,
          "Description" text,
          "DisplayOrder" integer NOT NULL,
          "IsActive" boolean NOT NULL,
          CONSTRAINT "PK_KineticChainTypes" PRIMARY KEY ("Id")
      );
dbug: Microsoft.EntityFrameworkCore.Database.Command[20103]
      Creating DbCommand for 'ExecuteNonQuery'.
dbug: Microsoft.EntityFrameworkCore.Database.Command[20104]
      Created DbCommand for 'ExecuteNonQuery' (0ms).
dbug: Microsoft.EntityFrameworkCore.Database.Command[20106]
      Initialized DbCommand for 'ExecuteNonQuery' (0ms).
dbug: Microsoft.EntityFrameworkCore.Database.Command[20100]
      Executing DbCommand [Parameters=[], CommandType='Text', CommandTimeout='30']
      CREATE TABLE "MuscleRoles" (
          "Id" uuid NOT NULL,
          "Value" text NOT NULL,
          "Description" text,
          "DisplayOrder" integer NOT NULL,
          "IsActive" boolean NOT NULL,
          CONSTRAINT "PK_MuscleRoles" PRIMARY KEY ("Id")
      );
info: 7/12/2025 16:06:31.130 RelationalEventId.CommandExecuted[20101] (Microsoft.EntityFrameworkCore.Database.Command) 
      Executed DbCommand (1ms) [Parameters=[], CommandType='Text', CommandTimeout='30']
      CREATE INDEX "IX_Exercises_DifficultyLevelId" ON "Exercises" ("DifficultyLevelId");
info: Microsoft.EntityFrameworkCore.Database.Command[20101]
      Executed DbCommand (1ms) [Parameters=[], CommandType='Text', CommandTimeout='30']
      CREATE INDEX "IX_Exercises_DifficultyLevelId" ON "Exercises" ("DifficultyLevelId");
dbug: Microsoft.EntityFrameworkCore.Database.Command[20103]
      Creating DbCommand for 'ExecuteNonQuery'.
dbug: Microsoft.EntityFrameworkCore.Database.Command[20104]
      Created DbCommand for 'ExecuteNonQuery' (0ms).
dbug: Microsoft.EntityFrameworkCore.Database.Command[20106]
      Initialized DbCommand for 'ExecuteNonQuery' (0ms).
dbug: Microsoft.EntityFrameworkCore.Database.Command[20100]
      Executing DbCommand [Parameters=[], CommandType='Text', CommandTimeout='30']
      CREATE INDEX "IX_Exercises_KineticChainTypeId" ON "Exercises" ("KineticChainTypeId");
info: Microsoft.EntityFrameworkCore.Database.Command[20101]
      Executed DbCommand (1ms) [Parameters=[], CommandType='Text', CommandTimeout='30']
      CREATE INDEX "IX_Exercises_KineticChainTypeId" ON "Exercises" ("KineticChainTypeId");
info: 7/12/2025 16:06:31.131 RelationalEventId.CommandExecuted[20101] (Microsoft.EntityFrameworkCore.Database.Command) 
      Executed DbCommand (1ms) [Parameters=[], CommandType='Text', CommandTimeout='30']
      CREATE INDEX "IX_Exercises_KineticChainTypeId" ON "Exercises" ("KineticChainTypeId");
dbug: Microsoft.EntityFrameworkCore.Database.Command[20103]
      Creating DbCommand for 'ExecuteNonQuery'.
dbug: Microsoft.EntityFrameworkCore.Database.Command[20104]
      Created DbCommand for 'ExecuteNonQuery' (0ms).
dbug: Microsoft.EntityFrameworkCore.Database.Command[20106]
      Initialized DbCommand for 'ExecuteNonQuery' (0ms).
dbug: Microsoft.EntityFrameworkCore.Database.Command[20100]
      Executing DbCommand [Parameters=[], CommandType='Text', CommandTimeout='30']
      ALTER TABLE "Exercises" ADD CONSTRAINT "FK_Exercises_DifficultyLevels_DifficultyLevelId" FOREIGN KEY ("DifficultyLevelId") REFERENCES "DifficultyLevels" ("Id") ON DELETE CASCADE;
info: Microsoft.EntityFrameworkCore.Database.Command[20101]
      Executed DbCommand (2ms) [Parameters=[], CommandType='Text', CommandTimeout='30']
      CREATE TABLE "MuscleRoles" (
          "Id" uuid NOT NULL,
          "Value" text NOT NULL,
          "Description" text,
          "DisplayOrder" integer NOT NULL,
          "IsActive" boolean NOT NULL,
          CONSTRAINT "PK_MuscleRoles" PRIMARY KEY ("Id")
      );
info: 7/12/2025 16:06:31.132 RelationalEventId.CommandExecuted[20101] (Microsoft.EntityFrameworkCore.Database.Command) 
      Executed DbCommand (2ms) [Parameters=[], CommandType='Text', CommandTimeout='30']
      CREATE TABLE "MuscleRoles" (
          "Id" uuid NOT NULL,
          "Value" text NOT NULL,
          "Description" text,
          "DisplayOrder" integer NOT NULL,
          "IsActive" boolean NOT NULL,
          CONSTRAINT "PK_MuscleRoles" PRIMARY KEY ("Id")
      );
dbug: Microsoft.EntityFrameworkCore.Database.Command[20103]
      Creating DbCommand for 'ExecuteNonQuery'.
dbug: Microsoft.EntityFrameworkCore.Database.Command[20104]
      Created DbCommand for 'ExecuteNonQuery' (0ms).
dbug: Microsoft.EntityFrameworkCore.Database.Command[20106]
      Initialized DbCommand for 'ExecuteNonQuery' (0ms).
dbug: Microsoft.EntityFrameworkCore.Database.Command[20100]
      Executing DbCommand [Parameters=[], CommandType='Text', CommandTimeout='30']
      INSERT INTO "BodyParts" ("Id", "Description", "DisplayOrder", "IsActive", "Value")
      VALUES ('3e9f8a7d-6c5b-4a3e-8d2f-1b7c9a6d5e4c', NULL, 6, TRUE, 'Core');
      INSERT INTO "BodyParts" ("Id", "Description", "DisplayOrder", "IsActive", "Value")
      VALUES ('4a6f1b42-5c9b-4c4e-878a-b3d9f2c1f1f5', NULL, 3, TRUE, 'Legs');
      INSERT INTO "BodyParts" ("Id", "Description", "DisplayOrder", "IsActive", "Value")
      VALUES ('7c5a2d6e-e87e-4c8a-9f1d-9eb734f3df3c', NULL, 1, TRUE, 'Chest');
      INSERT INTO "BodyParts" ("Id", "Description", "DisplayOrder", "IsActive", "Value")
      VALUES ('9c5f1b4e-2b8a-4c9d-8e7f-c5a9e2d7b8c1', NULL, 5, TRUE, 'Arms');
      INSERT INTO "BodyParts" ("Id", "Description", "DisplayOrder", "IsActive", "Value")
      VALUES ('b2d89d5c-cb8a-4f5d-8a9e-2c3b76612c5a', NULL, 2, TRUE, 'Back');
      INSERT INTO "BodyParts" ("Id", "Description", "DisplayOrder", "IsActive", "Value")
      VALUES ('d7e0e24c-f8d4-4b8a-b1e0-cf9c2e6b5d0a', NULL, 4, TRUE, 'Shoulders');
info: 7/12/2025 16:06:31.132 RelationalEventId.CommandExecuted[20101] (Microsoft.EntityFrameworkCore.Database.Command) 
      Executed DbCommand (1ms) [Parameters=[], CommandType='Text', CommandTimeout='30']
      ALTER TABLE "Exercises" ADD CONSTRAINT "FK_Exercises_DifficultyLevels_DifficultyLevelId" FOREIGN KEY ("DifficultyLevelId") REFERENCES "DifficultyLevels" ("Id") ON DELETE CASCADE;
info: Microsoft.EntityFrameworkCore.Database.Command[20101]
      Executed DbCommand (1ms) [Parameters=[], CommandType='Text', CommandTimeout='30']
      ALTER TABLE "Exercises" ADD CONSTRAINT "FK_Exercises_DifficultyLevels_DifficultyLevelId" FOREIGN KEY ("DifficultyLevelId") REFERENCES "DifficultyLevels" ("Id") ON DELETE CASCADE;
dbug: Microsoft.EntityFrameworkCore.Database.Command[20103]
      Creating DbCommand for 'ExecuteNonQuery'.
dbug: Microsoft.EntityFrameworkCore.Database.Command[20104]
      Created DbCommand for 'ExecuteNonQuery' (0ms).
dbug: Microsoft.EntityFrameworkCore.Database.Command[20106]
      Initialized DbCommand for 'ExecuteNonQuery' (0ms).
dbug: Microsoft.EntityFrameworkCore.Database.Command[20100]
      Executing DbCommand [Parameters=[], CommandType='Text', CommandTimeout='30']
      ALTER TABLE "Exercises" ADD CONSTRAINT "FK_Exercises_KineticChainTypes_KineticChainTypeId" FOREIGN KEY ("KineticChainTypeId") REFERENCES "KineticChainTypes" ("Id") ON DELETE CASCADE;
info: Microsoft.EntityFrameworkCore.Database.Command[20101]
      Executed DbCommand (1ms) [Parameters=[], CommandType='Text', CommandTimeout='30']
      INSERT INTO "BodyParts" ("Id", "Description", "DisplayOrder", "IsActive", "Value")
      VALUES ('3e9f8a7d-6c5b-4a3e-8d2f-1b7c9a6d5e4c', NULL, 6, TRUE, 'Core');
      INSERT INTO "BodyParts" ("Id", "Description", "DisplayOrder", "IsActive", "Value")
      VALUES ('4a6f1b42-5c9b-4c4e-878a-b3d9f2c1f1f5', NULL, 3, TRUE, 'Legs');
      INSERT INTO "BodyParts" ("Id", "Description", "DisplayOrder", "IsActive", "Value")
      VALUES ('7c5a2d6e-e87e-4c8a-9f1d-9eb734f3df3c', NULL, 1, TRUE, 'Chest');
      INSERT INTO "BodyParts" ("Id", "Description", "DisplayOrder", "IsActive", "Value")
      VALUES ('9c5f1b4e-2b8a-4c9d-8e7f-c5a9e2d7b8c1', NULL, 5, TRUE, 'Arms');
      INSERT INTO "BodyParts" ("Id", "Description", "DisplayOrder", "IsActive", "Value")
      VALUES ('b2d89d5c-cb8a-4f5d-8a9e-2c3b76612c5a', NULL, 2, TRUE, 'Back');
      INSERT INTO "BodyParts" ("Id", "Description", "DisplayOrder", "IsActive", "Value")
      VALUES ('d7e0e24c-f8d4-4b8a-b1e0-cf9c2e6b5d0a', NULL, 4, TRUE, 'Shoulders');
info: 7/12/2025 16:06:31.133 RelationalEventId.CommandExecuted[20101] (Microsoft.EntityFrameworkCore.Database.Command) 
      Executed DbCommand (1ms) [Parameters=[], CommandType='Text', CommandTimeout='30']
      INSERT INTO "BodyParts" ("Id", "Description", "DisplayOrder", "IsActive", "Value")
      VALUES ('3e9f8a7d-6c5b-4a3e-8d2f-1b7c9a6d5e4c', NULL, 6, TRUE, 'Core');
      INSERT INTO "BodyParts" ("Id", "Description", "DisplayOrder", "IsActive", "Value")
      VALUES ('4a6f1b42-5c9b-4c4e-878a-b3d9f2c1f1f5', NULL, 3, TRUE, 'Legs');
      INSERT INTO "BodyParts" ("Id", "Description", "DisplayOrder", "IsActive", "Value")
      VALUES ('7c5a2d6e-e87e-4c8a-9f1d-9eb734f3df3c', NULL, 1, TRUE, 'Chest');
      INSERT INTO "BodyParts" ("Id", "Description", "DisplayOrder", "IsActive", "Value")
      VALUES ('9c5f1b4e-2b8a-4c9d-8e7f-c5a9e2d7b8c1', NULL, 5, TRUE, 'Arms');
      INSERT INTO "BodyParts" ("Id", "Description", "DisplayOrder", "IsActive", "Value")
      VALUES ('b2d89d5c-cb8a-4f5d-8a9e-2c3b76612c5a', NULL, 2, TRUE, 'Back');
      INSERT INTO "BodyParts" ("Id", "Description", "DisplayOrder", "IsActive", "Value")
      VALUES ('d7e0e24c-f8d4-4b8a-b1e0-cf9c2e6b5d0a', NULL, 4, TRUE, 'Shoulders');
dbug: Microsoft.EntityFrameworkCore.Database.Command[20103]
      Creating DbCommand for 'ExecuteNonQuery'.
dbug: Microsoft.EntityFrameworkCore.Database.Command[20104]
      Created DbCommand for 'ExecuteNonQuery' (0ms).
dbug: Microsoft.EntityFrameworkCore.Database.Command[20106]
      Initialized DbCommand for 'ExecuteNonQuery' (0ms).
dbug: Microsoft.EntityFrameworkCore.Database.Command[20100]
      Executing DbCommand [Parameters=[], CommandType='Text', CommandTimeout='30']
      INSERT INTO "DifficultyLevels" ("Id", "Description", "DisplayOrder", "IsActive", "Value")
      VALUES ('3e27f9a7-d5a5-4f8e-8a76-6de2d23c9a3c', 'Suitable for those with significant fitness experience', 3, TRUE, 'Advanced');
      INSERT INTO "DifficultyLevels" ("Id", "Description", "DisplayOrder", "IsActive", "Value")
      VALUES ('8a8adb1d-24d2-4979-a5a6-0d760e6da24b', 'Suitable for those new to fitness', 1, TRUE, 'Beginner');
      INSERT INTO "DifficultyLevels" ("Id", "Description", "DisplayOrder", "IsActive", "Value")
      VALUES ('9c7b59a4-bcd8-48a6-971a-cd67b0a7ab5a', 'Suitable for those with some fitness experience', 2, TRUE, 'Intermediate');
info: Microsoft.EntityFrameworkCore.Database.Command[20101]
      Executed DbCommand (1ms) [Parameters=[], CommandType='Text', CommandTimeout='30']
      ALTER TABLE "Exercises" ADD CONSTRAINT "FK_Exercises_KineticChainTypes_KineticChainTypeId" FOREIGN KEY ("KineticChainTypeId") REFERENCES "KineticChainTypes" ("Id") ON DELETE CASCADE;
info: 7/12/2025 16:06:31.133 RelationalEventId.CommandExecuted[20101] (Microsoft.EntityFrameworkCore.Database.Command) 
      Executed DbCommand (1ms) [Parameters=[], CommandType='Text', CommandTimeout='30']
      ALTER TABLE "Exercises" ADD CONSTRAINT "FK_Exercises_KineticChainTypes_KineticChainTypeId" FOREIGN KEY ("KineticChainTypeId") REFERENCES "KineticChainTypes" ("Id") ON DELETE CASCADE;
dbug: Microsoft.EntityFrameworkCore.Database.Command[20103]
      Creating DbCommand for 'ExecuteNonQuery'.
dbug: Microsoft.EntityFrameworkCore.Database.Command[20104]
      Created DbCommand for 'ExecuteNonQuery' (0ms).
dbug: Microsoft.EntityFrameworkCore.Database.Command[20106]
      Initialized DbCommand for 'ExecuteNonQuery' (0ms).
dbug: Microsoft.EntityFrameworkCore.Database.Command[20100]
      Executing DbCommand [Parameters=[], CommandType='Text', CommandTimeout='30']
      ALTER TABLE "ExerciseTargetedMuscles" ADD CONSTRAINT "FK_ExerciseTargetedMuscles_MuscleRoles_MuscleRoleId" FOREIGN KEY ("MuscleRoleId") REFERENCES "MuscleRoles" ("Id") ON DELETE CASCADE;
info: Microsoft.EntityFrameworkCore.Database.Command[20101]
      Executed DbCommand (0ms) [Parameters=[], CommandType='Text', CommandTimeout='30']
      INSERT INTO "DifficultyLevels" ("Id", "Description", "DisplayOrder", "IsActive", "Value")
      VALUES ('3e27f9a7-d5a5-4f8e-8a76-6de2d23c9a3c', 'Suitable for those with significant fitness experience', 3, TRUE, 'Advanced');
      INSERT INTO "DifficultyLevels" ("Id", "Description", "DisplayOrder", "IsActive", "Value")
      VALUES ('8a8adb1d-24d2-4979-a5a6-0d760e6da24b', 'Suitable for those new to fitness', 1, TRUE, 'Beginner');
      INSERT INTO "DifficultyLevels" ("Id", "Description", "DisplayOrder", "IsActive", "Value")
      VALUES ('9c7b59a4-bcd8-48a6-971a-cd67b0a7ab5a', 'Suitable for those with some fitness experience', 2, TRUE, 'Intermediate');
info: 7/12/2025 16:06:31.133 RelationalEventId.CommandExecuted[20101] (Microsoft.EntityFrameworkCore.Database.Command) 
      Executed DbCommand (0ms) [Parameters=[], CommandType='Text', CommandTimeout='30']
      INSERT INTO "DifficultyLevels" ("Id", "Description", "DisplayOrder", "IsActive", "Value")
      VALUES ('3e27f9a7-d5a5-4f8e-8a76-6de2d23c9a3c', 'Suitable for those with significant fitness experience', 3, TRUE, 'Advanced');
      INSERT INTO "DifficultyLevels" ("Id", "Description", "DisplayOrder", "IsActive", "Value")
      VALUES ('8a8adb1d-24d2-4979-a5a6-0d760e6da24b', 'Suitable for those new to fitness', 1, TRUE, 'Beginner');
      INSERT INTO "DifficultyLevels" ("Id", "Description", "DisplayOrder", "IsActive", "Value")
      VALUES ('9c7b59a4-bcd8-48a6-971a-cd67b0a7ab5a', 'Suitable for those with some fitness experience', 2, TRUE, 'Intermediate');
dbug: Microsoft.EntityFrameworkCore.Database.Command[20103]
      Creating DbCommand for 'ExecuteNonQuery'.
dbug: Microsoft.EntityFrameworkCore.Database.Command[20104]
      Created DbCommand for 'ExecuteNonQuery' (0ms).
dbug: Microsoft.EntityFrameworkCore.Database.Command[20106]
      Initialized DbCommand for 'ExecuteNonQuery' (0ms).
dbug: Microsoft.EntityFrameworkCore.Database.Command[20100]
      Executing DbCommand [Parameters=[], CommandType='Text', CommandTimeout='30']
      INSERT INTO "KineticChainTypes" ("Id", "Description", "DisplayOrder", "IsActive", "Value")
      VALUES ('2b3e7cb2-9a3e-4c9a-88d8-b7c019c90d1b', 'Exercises that work a single muscle group', 2, TRUE, 'Isolation');
      INSERT INTO "KineticChainTypes" ("Id", "Description", "DisplayOrder", "IsActive", "Value")
      VALUES ('f5d5a2de-9c4e-4b87-b8c3-5d1e17d0b1f4', 'Exercises that work multiple muscle groups', 1, TRUE, 'Compound');
info: Microsoft.EntityFrameworkCore.Database.Command[20101]
      Executed DbCommand (0ms) [Parameters=[], CommandType='Text', CommandTimeout='30']
      INSERT INTO "KineticChainTypes" ("Id", "Description", "DisplayOrder", "IsActive", "Value")
      VALUES ('2b3e7cb2-9a3e-4c9a-88d8-b7c019c90d1b', 'Exercises that work a single muscle group', 2, TRUE, 'Isolation');
      INSERT INTO "KineticChainTypes" ("Id", "Description", "DisplayOrder", "IsActive", "Value")
      VALUES ('f5d5a2de-9c4e-4b87-b8c3-5d1e17d0b1f4', 'Exercises that work multiple muscle groups', 1, TRUE, 'Compound');
info: 7/12/2025 16:06:31.134 RelationalEventId.CommandExecuted[20101] (Microsoft.EntityFrameworkCore.Database.Command) 
      Executed DbCommand (0ms) [Parameters=[], CommandType='Text', CommandTimeout='30']
      INSERT INTO "KineticChainTypes" ("Id", "Description", "DisplayOrder", "IsActive", "Value")
      VALUES ('2b3e7cb2-9a3e-4c9a-88d8-b7c019c90d1b', 'Exercises that work a single muscle group', 2, TRUE, 'Isolation');
      INSERT INTO "KineticChainTypes" ("Id", "Description", "DisplayOrder", "IsActive", "Value")
      VALUES ('f5d5a2de-9c4e-4b87-b8c3-5d1e17d0b1f4', 'Exercises that work multiple muscle groups', 1, TRUE, 'Compound');
dbug: Microsoft.EntityFrameworkCore.Database.Command[20103]
      Creating DbCommand for 'ExecuteNonQuery'.
dbug: Microsoft.EntityFrameworkCore.Database.Command[20104]
      Created DbCommand for 'ExecuteNonQuery' (0ms).
dbug: Microsoft.EntityFrameworkCore.Database.Command[20106]
      Initialized DbCommand for 'ExecuteNonQuery' (0ms).
dbug: Microsoft.EntityFrameworkCore.Database.Command[20100]
      Executing DbCommand [Parameters=[], CommandType='Text', CommandTimeout='30']
      INSERT INTO "MuscleRoles" ("Id", "Description", "DisplayOrder", "IsActive", "Value")
      VALUES ('1a2b3c4d-5e6f-7a8b-9c0d-1e2f3a4b5c6d', 'A muscle that helps stabilize the body during the exercise', 3, TRUE, 'Stabilizer');
      INSERT INTO "MuscleRoles" ("Id", "Description", "DisplayOrder", "IsActive", "Value")
      VALUES ('5d8e9a7b-3c2d-4f6a-9b8c-1e5d7f3a2c9b', 'The main muscle targeted by the exercise', 1, TRUE, 'Primary');
      INSERT INTO "MuscleRoles" ("Id", "Description", "DisplayOrder", "IsActive", "Value")
      VALUES ('8c7d6b5a-4e3f-2a1b-9c8d-7e6f5d4c3b2a', 'A muscle that assists in the exercise', 2, TRUE, 'Secondary');
info: Microsoft.EntityFrameworkCore.Database.Command[20101]
      Executed DbCommand (1ms) [Parameters=[], CommandType='Text', CommandTimeout='30']
      ALTER TABLE "ExerciseTargetedMuscles" ADD CONSTRAINT "FK_ExerciseTargetedMuscles_MuscleRoles_MuscleRoleId" FOREIGN KEY ("MuscleRoleId") REFERENCES "MuscleRoles" ("Id") ON DELETE CASCADE;
info: 7/12/2025 16:06:31.134 RelationalEventId.CommandExecuted[20101] (Microsoft.EntityFrameworkCore.Database.Command) 
      Executed DbCommand (1ms) [Parameters=[], CommandType='Text', CommandTimeout='30']
      ALTER TABLE "ExerciseTargetedMuscles" ADD CONSTRAINT "FK_ExerciseTargetedMuscles_MuscleRoles_MuscleRoleId" FOREIGN KEY ("MuscleRoleId") REFERENCES "MuscleRoles" ("Id") ON DELETE CASCADE;
dbug: Microsoft.EntityFrameworkCore.Database.Command[20103]
      Creating DbCommand for 'ExecuteNonQuery'.
dbug: Microsoft.EntityFrameworkCore.Database.Command[20104]
      Created DbCommand for 'ExecuteNonQuery' (0ms).
dbug: Microsoft.EntityFrameworkCore.Database.Command[20106]
      Initialized DbCommand for 'ExecuteNonQuery' (0ms).
dbug: Microsoft.EntityFrameworkCore.Database.Command[20100]
      Executing DbCommand [Parameters=[], CommandType='Text', CommandTimeout='30']
      ALTER TABLE "MuscleGroups" ADD CONSTRAINT "FK_MuscleGroups_BodyParts_BodyPartId" FOREIGN KEY ("BodyPartId") REFERENCES "BodyParts" ("Id") ON DELETE CASCADE;
info: Microsoft.EntityFrameworkCore.Database.Command[20101]
      Executed DbCommand (0ms) [Parameters=[], CommandType='Text', CommandTimeout='30']
      INSERT INTO "MuscleRoles" ("Id", "Description", "DisplayOrder", "IsActive", "Value")
      VALUES ('1a2b3c4d-5e6f-7a8b-9c0d-1e2f3a4b5c6d', 'A muscle that helps stabilize the body during the exercise', 3, TRUE, 'Stabilizer');
      INSERT INTO "MuscleRoles" ("Id", "Description", "DisplayOrder", "IsActive", "Value")
      VALUES ('5d8e9a7b-3c2d-4f6a-9b8c-1e5d7f3a2c9b', 'The main muscle targeted by the exercise', 1, TRUE, 'Primary');
      INSERT INTO "MuscleRoles" ("Id", "Description", "DisplayOrder", "IsActive", "Value")
      VALUES ('8c7d6b5a-4e3f-2a1b-9c8d-7e6f5d4c3b2a', 'A muscle that assists in the exercise', 2, TRUE, 'Secondary');
info: 7/12/2025 16:06:31.134 RelationalEventId.CommandExecuted[20101] (Microsoft.EntityFrameworkCore.Database.Command) 
      Executed DbCommand (0ms) [Parameters=[], CommandType='Text', CommandTimeout='30']
      INSERT INTO "MuscleRoles" ("Id", "Description", "DisplayOrder", "IsActive", "Value")
      VALUES ('1a2b3c4d-5e6f-7a8b-9c0d-1e2f3a4b5c6d', 'A muscle that helps stabilize the body during the exercise', 3, TRUE, 'Stabilizer');
      INSERT INTO "MuscleRoles" ("Id", "Description", "DisplayOrder", "IsActive", "Value")
      VALUES ('5d8e9a7b-3c2d-4f6a-9b8c-1e5d7f3a2c9b', 'The main muscle targeted by the exercise', 1, TRUE, 'Primary');
      INSERT INTO "MuscleRoles" ("Id", "Description", "DisplayOrder", "IsActive", "Value")
      VALUES ('8c7d6b5a-4e3f-2a1b-9c8d-7e6f5d4c3b2a', 'A muscle that assists in the exercise', 2, TRUE, 'Secondary');
dbug: Microsoft.EntityFrameworkCore.Database.Command[20103]
      Creating DbCommand for 'ExecuteNonQuery'.
dbug: Microsoft.EntityFrameworkCore.Database.Command[20104]
      Created DbCommand for 'ExecuteNonQuery' (0ms).
dbug: Microsoft.EntityFrameworkCore.Database.Command[20106]
      Initialized DbCommand for 'ExecuteNonQuery' (0ms).
dbug: Microsoft.EntityFrameworkCore.Database.Command[20100]
      Executing DbCommand [Parameters=[], CommandType='Text', CommandTimeout='30']
      CREATE INDEX "IX_MuscleGroups_BodyPartId" ON "MuscleGroups" ("BodyPartId");
info: Microsoft.EntityFrameworkCore.Database.Command[20101]
      Executed DbCommand (1ms) [Parameters=[], CommandType='Text', CommandTimeout='30']
      CREATE INDEX "IX_MuscleGroups_BodyPartId" ON "MuscleGroups" ("BodyPartId");
info: 7/12/2025 16:06:31.135 RelationalEventId.CommandExecuted[20101] (Microsoft.EntityFrameworkCore.Database.Command) 
      Executed DbCommand (1ms) [Parameters=[], CommandType='Text', CommandTimeout='30']
      CREATE INDEX "IX_MuscleGroups_BodyPartId" ON "MuscleGroups" ("BodyPartId");
dbug: Microsoft.EntityFrameworkCore.Database.Command[20103]
      Creating DbCommand for 'ExecuteNonQuery'.
dbug: Microsoft.EntityFrameworkCore.Database.Command[20104]
      Created DbCommand for 'ExecuteNonQuery' (0ms).
dbug: Microsoft.EntityFrameworkCore.Database.Command[20106]
      Initialized DbCommand for 'ExecuteNonQuery' (0ms).
dbug: Microsoft.EntityFrameworkCore.Database.Command[20100]
      Executing DbCommand [Parameters=[], CommandType='Text', CommandTimeout='30']
      CREATE INDEX "IX_ExerciseTargetedMuscles_MuscleRoleId" ON "ExerciseTargetedMuscles" ("MuscleRoleId");
info: Microsoft.EntityFrameworkCore.Database.Command[20101]
      Executed DbCommand (1ms) [Parameters=[], CommandType='Text', CommandTimeout='30']
      ALTER TABLE "MuscleGroups" ADD CONSTRAINT "FK_MuscleGroups_BodyParts_BodyPartId" FOREIGN KEY ("BodyPartId") REFERENCES "BodyParts" ("Id") ON DELETE CASCADE;
info: 7/12/2025 16:06:31.135 RelationalEventId.CommandExecuted[20101] (Microsoft.EntityFrameworkCore.Database.Command) 
      Executed DbCommand (1ms) [Parameters=[], CommandType='Text', CommandTimeout='30']
      ALTER TABLE "MuscleGroups" ADD CONSTRAINT "FK_MuscleGroups_BodyParts_BodyPartId" FOREIGN KEY ("BodyPartId") REFERENCES "BodyParts" ("Id") ON DELETE CASCADE;
dbug: Microsoft.EntityFrameworkCore.Database.Command[20103]
      Creating DbCommand for 'ExecuteNonQuery'.
dbug: Microsoft.EntityFrameworkCore.Database.Command[20104]
      Created DbCommand for 'ExecuteNonQuery' (0ms).
dbug: Microsoft.EntityFrameworkCore.Database.Command[20106]
      Initialized DbCommand for 'ExecuteNonQuery' (0ms).
dbug: Microsoft.EntityFrameworkCore.Database.Command[20100]
      Executing DbCommand [Parameters=[], CommandType='Text', CommandTimeout='30']
      INSERT INTO "__EFMigrationsHistory" ("MigrationId", "ProductVersion")
      VALUES ('20250624084158_ReplaceEnumsWithReferenceData', '9.0.6');
info: Microsoft.EntityFrameworkCore.Database.Command[20101]
      Executed DbCommand (0ms) [Parameters=[], CommandType='Text', CommandTimeout='30']
      INSERT INTO "__EFMigrationsHistory" ("MigrationId", "ProductVersion")
      VALUES ('20250624084158_ReplaceEnumsWithReferenceData', '9.0.6');
info: 7/12/2025 16:06:31.135 RelationalEventId.CommandExecuted[20101] (Microsoft.EntityFrameworkCore.Database.Command) 
      Executed DbCommand (0ms) [Parameters=[], CommandType='Text', CommandTimeout='30']
      INSERT INTO "__EFMigrationsHistory" ("MigrationId", "ProductVersion")
      VALUES ('20250624084158_ReplaceEnumsWithReferenceData', '9.0.6');
info: Microsoft.EntityFrameworkCore.Migrations[20402]
      Applying migration '20250625121656_AddUserAndClaimEntities'.
info: 7/12/2025 16:06:31.135 RelationalEventId.MigrationApplying[20402] (Microsoft.EntityFrameworkCore.Migrations) 
      Applying migration '20250625121656_AddUserAndClaimEntities'.
info: Microsoft.EntityFrameworkCore.Database.Command[20101]
      Executed DbCommand (1ms) [Parameters=[], CommandType='Text', CommandTimeout='30']
      CREATE INDEX "IX_ExerciseTargetedMuscles_MuscleRoleId" ON "ExerciseTargetedMuscles" ("MuscleRoleId");
info: 7/12/2025 16:06:31.135 RelationalEventId.CommandExecuted[20101] (Microsoft.EntityFrameworkCore.Database.Command) 
      Executed DbCommand (1ms) [Parameters=[], CommandType='Text', CommandTimeout='30']
      CREATE INDEX "IX_ExerciseTargetedMuscles_MuscleRoleId" ON "ExerciseTargetedMuscles" ("MuscleRoleId");
dbug: Microsoft.EntityFrameworkCore.Database.Command[20103]
      Creating DbCommand for 'ExecuteNonQuery'.
dbug: Microsoft.EntityFrameworkCore.Database.Command[20104]
      Created DbCommand for 'ExecuteNonQuery' (0ms).
dbug: Microsoft.EntityFrameworkCore.Database.Command[20106]
      Initialized DbCommand for 'ExecuteNonQuery' (0ms).
dbug: Microsoft.EntityFrameworkCore.Database.Command[20100]
      Executing DbCommand [Parameters=[], CommandType='Text', CommandTimeout='30']
      CREATE INDEX "IX_Exercises_DifficultyLevelId" ON "Exercises" ("DifficultyLevelId");
info: Microsoft.EntityFrameworkCore.Database.Command[20101]
      Executed DbCommand (1ms) [Parameters=[], CommandType='Text', CommandTimeout='30']
      CREATE INDEX "IX_Exercises_DifficultyLevelId" ON "Exercises" ("DifficultyLevelId");
info: 7/12/2025 16:06:31.136 RelationalEventId.CommandExecuted[20101] (Microsoft.EntityFrameworkCore.Database.Command) 
      Executed DbCommand (1ms) [Parameters=[], CommandType='Text', CommandTimeout='30']
      CREATE INDEX "IX_Exercises_DifficultyLevelId" ON "Exercises" ("DifficultyLevelId");
dbug: Microsoft.EntityFrameworkCore.Database.Command[20103]
      Creating DbCommand for 'ExecuteNonQuery'.
dbug: Microsoft.EntityFrameworkCore.Database.Command[20104]
      Created DbCommand for 'ExecuteNonQuery' (0ms).
dbug: Microsoft.EntityFrameworkCore.Database.Command[20106]
      Initialized DbCommand for 'ExecuteNonQuery' (0ms).
dbug: Microsoft.EntityFrameworkCore.Database.Command[20100]
      Executing DbCommand [Parameters=[], CommandType='Text', CommandTimeout='30']
      CREATE INDEX "IX_Exercises_KineticChainTypeId" ON "Exercises" ("KineticChainTypeId");
info: Microsoft.EntityFrameworkCore.Database.Command[20101]
      Executed DbCommand (0ms) [Parameters=[], CommandType='Text', CommandTimeout='30']
      CREATE INDEX "IX_Exercises_KineticChainTypeId" ON "Exercises" ("KineticChainTypeId");
info: 7/12/2025 16:06:31.136 RelationalEventId.CommandExecuted[20101] (Microsoft.EntityFrameworkCore.Database.Command) 
      Executed DbCommand (0ms) [Parameters=[], CommandType='Text', CommandTimeout='30']
      CREATE INDEX "IX_Exercises_KineticChainTypeId" ON "Exercises" ("KineticChainTypeId");
dbug: Microsoft.EntityFrameworkCore.Database.Command[20103]
      Creating DbCommand for 'ExecuteNonQuery'.
dbug: Microsoft.EntityFrameworkCore.Database.Command[20104]
      Created DbCommand for 'ExecuteNonQuery' (0ms).
dbug: Microsoft.EntityFrameworkCore.Database.Command[20106]
      Initialized DbCommand for 'ExecuteNonQuery' (0ms).
dbug: Microsoft.EntityFrameworkCore.Database.Command[20100]
      Executing DbCommand [Parameters=[], CommandType='Text', CommandTimeout='30']
      ALTER TABLE "Exercises" ADD CONSTRAINT "FK_Exercises_DifficultyLevels_DifficultyLevelId" FOREIGN KEY ("DifficultyLevelId") REFERENCES "DifficultyLevels" ("Id") ON DELETE CASCADE;
info: 7/12/2025 16:06:31.137 RelationalEventId.CommandExecuted[20101] (Microsoft.EntityFrameworkCore.Database.Command) 
      Executed DbCommand (1ms) [Parameters=[], CommandType='Text', CommandTimeout='30']
      ALTER TABLE "Exercises" ADD CONSTRAINT "FK_Exercises_DifficultyLevels_DifficultyLevelId" FOREIGN KEY ("DifficultyLevelId") REFERENCES "DifficultyLevels" ("Id") ON DELETE CASCADE;
info: Microsoft.EntityFrameworkCore.Database.Command[20101]
      Executed DbCommand (1ms) [Parameters=[], CommandType='Text', CommandTimeout='30']
      ALTER TABLE "Exercises" ADD CONSTRAINT "FK_Exercises_DifficultyLevels_DifficultyLevelId" FOREIGN KEY ("DifficultyLevelId") REFERENCES "DifficultyLevels" ("Id") ON DELETE CASCADE;
dbug: Microsoft.EntityFrameworkCore.Database.Command[20103]
      Creating DbCommand for 'ExecuteNonQuery'.
dbug: Microsoft.EntityFrameworkCore.Database.Command[20104]
      Created DbCommand for 'ExecuteNonQuery' (0ms).
dbug: Microsoft.EntityFrameworkCore.Database.Command[20106]
      Initialized DbCommand for 'ExecuteNonQuery' (0ms).
dbug: Microsoft.EntityFrameworkCore.Database.Command[20100]
      Executing DbCommand [Parameters=[], CommandType='Text', CommandTimeout='30']
      ALTER TABLE "Exercises" ADD CONSTRAINT "FK_Exercises_KineticChainTypes_KineticChainTypeId" FOREIGN KEY ("KineticChainTypeId") REFERENCES "KineticChainTypes" ("Id") ON DELETE CASCADE;
info: Microsoft.EntityFrameworkCore.Database.Command[20101]
      Executed DbCommand (1ms) [Parameters=[], CommandType='Text', CommandTimeout='30']
      ALTER TABLE "Exercises" ADD CONSTRAINT "FK_Exercises_KineticChainTypes_KineticChainTypeId" FOREIGN KEY ("KineticChainTypeId") REFERENCES "KineticChainTypes" ("Id") ON DELETE CASCADE;
info: 7/12/2025 16:06:31.138 RelationalEventId.CommandExecuted[20101] (Microsoft.EntityFrameworkCore.Database.Command) 
      Executed DbCommand (1ms) [Parameters=[], CommandType='Text', CommandTimeout='30']
      ALTER TABLE "Exercises" ADD CONSTRAINT "FK_Exercises_KineticChainTypes_KineticChainTypeId" FOREIGN KEY ("KineticChainTypeId") REFERENCES "KineticChainTypes" ("Id") ON DELETE CASCADE;
dbug: Microsoft.EntityFrameworkCore.Database.Command[20103]
      Creating DbCommand for 'ExecuteNonQuery'.
dbug: Microsoft.EntityFrameworkCore.Database.Command[20104]
      Created DbCommand for 'ExecuteNonQuery' (0ms).
dbug: Microsoft.EntityFrameworkCore.Database.Command[20106]
      Initialized DbCommand for 'ExecuteNonQuery' (0ms).
dbug: Microsoft.EntityFrameworkCore.Database.Command[20100]
      Executing DbCommand [Parameters=[], CommandType='Text', CommandTimeout='30']
      ALTER TABLE "ExerciseTargetedMuscles" ADD CONSTRAINT "FK_ExerciseTargetedMuscles_MuscleRoles_MuscleRoleId" FOREIGN KEY ("MuscleRoleId") REFERENCES "MuscleRoles" ("Id") ON DELETE CASCADE;
info: 7/12/2025 16:06:31.139 RelationalEventId.CommandExecuted[20101] (Microsoft.EntityFrameworkCore.Database.Command) 
      Executed DbCommand (1ms) [Parameters=[], CommandType='Text', CommandTimeout='30']
      ALTER TABLE "ExerciseTargetedMuscles" ADD CONSTRAINT "FK_ExerciseTargetedMuscles_MuscleRoles_MuscleRoleId" FOREIGN KEY ("MuscleRoleId") REFERENCES "MuscleRoles" ("Id") ON DELETE CASCADE;
info: Microsoft.EntityFrameworkCore.Database.Command[20101]
      Executed DbCommand (1ms) [Parameters=[], CommandType='Text', CommandTimeout='30']
      ALTER TABLE "ExerciseTargetedMuscles" ADD CONSTRAINT "FK_ExerciseTargetedMuscles_MuscleRoles_MuscleRoleId" FOREIGN KEY ("MuscleRoleId") REFERENCES "MuscleRoles" ("Id") ON DELETE CASCADE;
dbug: Microsoft.EntityFrameworkCore.Database.Command[20103]
      Creating DbCommand for 'ExecuteNonQuery'.
dbug: Microsoft.EntityFrameworkCore.Database.Command[20104]
      Created DbCommand for 'ExecuteNonQuery' (0ms).
dbug: Microsoft.EntityFrameworkCore.Database.Command[20106]
      Initialized DbCommand for 'ExecuteNonQuery' (0ms).
dbug: Microsoft.EntityFrameworkCore.Database.Command[20100]
      Executing DbCommand [Parameters=[], CommandType='Text', CommandTimeout='30']
      ALTER TABLE "MuscleGroups" ADD CONSTRAINT "FK_MuscleGroups_BodyParts_BodyPartId" FOREIGN KEY ("BodyPartId") REFERENCES "BodyParts" ("Id") ON DELETE CASCADE;
info: 7/12/2025 16:06:31.139 RelationalEventId.CommandExecuted[20101] (Microsoft.EntityFrameworkCore.Database.Command) 
      Executed DbCommand (0ms) [Parameters=[], CommandType='Text', CommandTimeout='30']
      ALTER TABLE "MuscleGroups" ADD CONSTRAINT "FK_MuscleGroups_BodyParts_BodyPartId" FOREIGN KEY ("BodyPartId") REFERENCES "BodyParts" ("Id") ON DELETE CASCADE;
info: Microsoft.EntityFrameworkCore.Database.Command[20101]
      Executed DbCommand (0ms) [Parameters=[], CommandType='Text', CommandTimeout='30']
      ALTER TABLE "MuscleGroups" ADD CONSTRAINT "FK_MuscleGroups_BodyParts_BodyPartId" FOREIGN KEY ("BodyPartId") REFERENCES "BodyParts" ("Id") ON DELETE CASCADE;
dbug: Microsoft.EntityFrameworkCore.Database.Command[20103]
      Creating DbCommand for 'ExecuteNonQuery'.
dbug: Microsoft.EntityFrameworkCore.Database.Command[20104]
      Created DbCommand for 'ExecuteNonQuery' (0ms).
dbug: Microsoft.EntityFrameworkCore.Database.Command[20106]
      Initialized DbCommand for 'ExecuteNonQuery' (0ms).
dbug: Microsoft.EntityFrameworkCore.Database.Command[20100]
      Executing DbCommand [Parameters=[], CommandType='Text', CommandTimeout='30']
      INSERT INTO "__EFMigrationsHistory" ("MigrationId", "ProductVersion")
      VALUES ('20250624084158_ReplaceEnumsWithReferenceData', '9.0.6');
info: Microsoft.EntityFrameworkCore.Database.Command[20101]
      Executed DbCommand (0ms) [Parameters=[], CommandType='Text', CommandTimeout='30']
      INSERT INTO "__EFMigrationsHistory" ("MigrationId", "ProductVersion")
      VALUES ('20250624084158_ReplaceEnumsWithReferenceData', '9.0.6');
info: 7/12/2025 16:06:31.139 RelationalEventId.CommandExecuted[20101] (Microsoft.EntityFrameworkCore.Database.Command) 
      Executed DbCommand (0ms) [Parameters=[], CommandType='Text', CommandTimeout='30']
      INSERT INTO "__EFMigrationsHistory" ("MigrationId", "ProductVersion")
      VALUES ('20250624084158_ReplaceEnumsWithReferenceData', '9.0.6');
info: Microsoft.EntityFrameworkCore.Migrations[20402]
      Applying migration '20250625121656_AddUserAndClaimEntities'.
info: 7/12/2025 16:06:31.139 RelationalEventId.MigrationApplying[20402] (Microsoft.EntityFrameworkCore.Migrations) 
      Applying migration '20250625121656_AddUserAndClaimEntities'.
dbug: Microsoft.EntityFrameworkCore.Database.Command[20103]
      Creating DbCommand for 'ExecuteNonQuery'.
dbug: Microsoft.EntityFrameworkCore.Database.Command[20104]
      Created DbCommand for 'ExecuteNonQuery' (0ms).
dbug: Microsoft.EntityFrameworkCore.Database.Command[20106]
      Initialized DbCommand for 'ExecuteNonQuery' (0ms).
dbug: Microsoft.EntityFrameworkCore.Database.Command[20100]
      Executing DbCommand [Parameters=[], CommandType='Text', CommandTimeout='30']
      ALTER TABLE "Users" DROP COLUMN "Username";
info: Microsoft.EntityFrameworkCore.Database.Command[20101]
      Executed DbCommand (0ms) [Parameters=[], CommandType='Text', CommandTimeout='30']
      ALTER TABLE "Users" DROP COLUMN "Username";
info: 7/12/2025 16:06:31.141 RelationalEventId.CommandExecuted[20101] (Microsoft.EntityFrameworkCore.Database.Command) 
      Executed DbCommand (0ms) [Parameters=[], CommandType='Text', CommandTimeout='30']
      ALTER TABLE "Users" DROP COLUMN "Username";
dbug: Microsoft.EntityFrameworkCore.Database.Command[20103]
      Creating DbCommand for 'ExecuteNonQuery'.
dbug: Microsoft.EntityFrameworkCore.Database.Command[20104]
      Created DbCommand for 'ExecuteNonQuery' (0ms).
dbug: Microsoft.EntityFrameworkCore.Database.Command[20106]
      Initialized DbCommand for 'ExecuteNonQuery' (0ms).
dbug: Microsoft.EntityFrameworkCore.Database.Command[20100]
      Executing DbCommand [Parameters=[], CommandType='Text', CommandTimeout='30']
      CREATE TABLE "Claims" (
          "Id" uuid NOT NULL,
          "UserId" uuid NOT NULL,
          "ClaimType" text NOT NULL,
          "ExpirationDate" timestamp with time zone,
          "Resource" text,
          CONSTRAINT "PK_Claims" PRIMARY KEY ("Id"),
          CONSTRAINT "FK_Claims_Users_UserId" FOREIGN KEY ("UserId") REFERENCES "Users" ("Id") ON DELETE CASCADE
      );
dbug: Microsoft.EntityFrameworkCore.Database.Command[20103]
      Creating DbCommand for 'ExecuteNonQuery'.
dbug: Microsoft.EntityFrameworkCore.Database.Command[20104]
      Created DbCommand for 'ExecuteNonQuery' (0ms).
dbug: Microsoft.EntityFrameworkCore.Database.Command[20106]
      Initialized DbCommand for 'ExecuteNonQuery' (0ms).
dbug: Microsoft.EntityFrameworkCore.Database.Command[20100]
      Executing DbCommand [Parameters=[], CommandType='Text', CommandTimeout='30']
      ALTER TABLE "Users" DROP COLUMN "Username";
info: Microsoft.EntityFrameworkCore.Database.Command[20101]
      Executed DbCommand (0ms) [Parameters=[], CommandType='Text', CommandTimeout='30']
      ALTER TABLE "Users" DROP COLUMN "Username";
info: 7/12/2025 16:06:31.141 RelationalEventId.CommandExecuted[20101] (Microsoft.EntityFrameworkCore.Database.Command) 
      Executed DbCommand (0ms) [Parameters=[], CommandType='Text', CommandTimeout='30']
      ALTER TABLE "Users" DROP COLUMN "Username";
dbug: Microsoft.EntityFrameworkCore.Database.Command[20103]
      Creating DbCommand for 'ExecuteNonQuery'.
dbug: Microsoft.EntityFrameworkCore.Database.Command[20104]
      Created DbCommand for 'ExecuteNonQuery' (0ms).
dbug: Microsoft.EntityFrameworkCore.Database.Command[20106]
      Initialized DbCommand for 'ExecuteNonQuery' (0ms).
dbug: Microsoft.EntityFrameworkCore.Database.Command[20100]
      Executing DbCommand [Parameters=[], CommandType='Text', CommandTimeout='30']
      CREATE TABLE "Claims" (
          "Id" uuid NOT NULL,
          "UserId" uuid NOT NULL,
          "ClaimType" text NOT NULL,
          "ExpirationDate" timestamp with time zone,
          "Resource" text,
          CONSTRAINT "PK_Claims" PRIMARY KEY ("Id"),
          CONSTRAINT "FK_Claims_Users_UserId" FOREIGN KEY ("UserId") REFERENCES "Users" ("Id") ON DELETE CASCADE
      );
info: Microsoft.EntityFrameworkCore.Database.Command[20101]
      Executed DbCommand (1ms) [Parameters=[], CommandType='Text', CommandTimeout='30']
      CREATE TABLE "Claims" (
          "Id" uuid NOT NULL,
          "UserId" uuid NOT NULL,
          "ClaimType" text NOT NULL,
          "ExpirationDate" timestamp with time zone,
          "Resource" text,
          CONSTRAINT "PK_Claims" PRIMARY KEY ("Id"),
          CONSTRAINT "FK_Claims_Users_UserId" FOREIGN KEY ("UserId") REFERENCES "Users" ("Id") ON DELETE CASCADE
      );
info: 7/12/2025 16:06:31.142 RelationalEventId.CommandExecuted[20101] (Microsoft.EntityFrameworkCore.Database.Command) 
      Executed DbCommand (1ms) [Parameters=[], CommandType='Text', CommandTimeout='30']
      CREATE TABLE "Claims" (
          "Id" uuid NOT NULL,
          "UserId" uuid NOT NULL,
          "ClaimType" text NOT NULL,
          "ExpirationDate" timestamp with time zone,
          "Resource" text,
          CONSTRAINT "PK_Claims" PRIMARY KEY ("Id"),
          CONSTRAINT "FK_Claims_Users_UserId" FOREIGN KEY ("UserId") REFERENCES "Users" ("Id") ON DELETE CASCADE
      );
dbug: Microsoft.EntityFrameworkCore.Database.Command[20103]
      Creating DbCommand for 'ExecuteNonQuery'.
dbug: Microsoft.EntityFrameworkCore.Database.Command[20104]
      Created DbCommand for 'ExecuteNonQuery' (0ms).
dbug: Microsoft.EntityFrameworkCore.Database.Command[20106]
      Initialized DbCommand for 'ExecuteNonQuery' (0ms).
dbug: Microsoft.EntityFrameworkCore.Database.Command[20100]
      Executing DbCommand [Parameters=[], CommandType='Text', CommandTimeout='30']
      CREATE UNIQUE INDEX "IX_Users_Email" ON "Users" ("Email");
info: Microsoft.EntityFrameworkCore.Database.Command[20101]
      Executed DbCommand (2ms) [Parameters=[], CommandType='Text', CommandTimeout='30']
      CREATE TABLE "Claims" (
          "Id" uuid NOT NULL,
          "UserId" uuid NOT NULL,
          "ClaimType" text NOT NULL,
          "ExpirationDate" timestamp with time zone,
          "Resource" text,
          CONSTRAINT "PK_Claims" PRIMARY KEY ("Id"),
          CONSTRAINT "FK_Claims_Users_UserId" FOREIGN KEY ("UserId") REFERENCES "Users" ("Id") ON DELETE CASCADE
      );
info: 7/12/2025 16:06:31.142 RelationalEventId.CommandExecuted[20101] (Microsoft.EntityFrameworkCore.Database.Command) 
      Executed DbCommand (2ms) [Parameters=[], CommandType='Text', CommandTimeout='30']
      CREATE TABLE "Claims" (
          "Id" uuid NOT NULL,
          "UserId" uuid NOT NULL,
          "ClaimType" text NOT NULL,
          "ExpirationDate" timestamp with time zone,
          "Resource" text,
          CONSTRAINT "PK_Claims" PRIMARY KEY ("Id"),
          CONSTRAINT "FK_Claims_Users_UserId" FOREIGN KEY ("UserId") REFERENCES "Users" ("Id") ON DELETE CASCADE
      );
dbug: Microsoft.EntityFrameworkCore.Database.Command[20103]
      Creating DbCommand for 'ExecuteNonQuery'.
dbug: Microsoft.EntityFrameworkCore.Database.Command[20104]
      Created DbCommand for 'ExecuteNonQuery' (0ms).
dbug: Microsoft.EntityFrameworkCore.Database.Command[20106]
      Initialized DbCommand for 'ExecuteNonQuery' (0ms).
dbug: Microsoft.EntityFrameworkCore.Database.Command[20100]
      Executing DbCommand [Parameters=[], CommandType='Text', CommandTimeout='30']
      CREATE UNIQUE INDEX "IX_Users_Email" ON "Users" ("Email");
info: 7/12/2025 16:06:31.143 RelationalEventId.CommandExecuted[20101] (Microsoft.EntityFrameworkCore.Database.Command) 
      Executed DbCommand (0ms) [Parameters=[], CommandType='Text', CommandTimeout='30']
      CREATE UNIQUE INDEX "IX_Users_Email" ON "Users" ("Email");
info: Microsoft.EntityFrameworkCore.Database.Command[20101]
      Executed DbCommand (0ms) [Parameters=[], CommandType='Text', CommandTimeout='30']
      CREATE UNIQUE INDEX "IX_Users_Email" ON "Users" ("Email");
dbug: Microsoft.EntityFrameworkCore.Database.Command[20103]
      Creating DbCommand for 'ExecuteNonQuery'.
dbug: Microsoft.EntityFrameworkCore.Database.Command[20104]
      Created DbCommand for 'ExecuteNonQuery' (0ms).
dbug: Microsoft.EntityFrameworkCore.Database.Command[20106]
      Initialized DbCommand for 'ExecuteNonQuery' (0ms).
dbug: Microsoft.EntityFrameworkCore.Database.Command[20100]
      Executing DbCommand [Parameters=[], CommandType='Text', CommandTimeout='30']
      CREATE INDEX "IX_Claims_UserId" ON "Claims" ("UserId");
info: Microsoft.EntityFrameworkCore.Database.Command[20101]
      Executed DbCommand (0ms) [Parameters=[], CommandType='Text', CommandTimeout='30']
      CREATE INDEX "IX_Claims_UserId" ON "Claims" ("UserId");
info: 7/12/2025 16:06:31.143 RelationalEventId.CommandExecuted[20101] (Microsoft.EntityFrameworkCore.Database.Command) 
      Executed DbCommand (0ms) [Parameters=[], CommandType='Text', CommandTimeout='30']
      CREATE INDEX "IX_Claims_UserId" ON "Claims" ("UserId");
dbug: Microsoft.EntityFrameworkCore.Database.Command[20103]
      Creating DbCommand for 'ExecuteNonQuery'.
dbug: Microsoft.EntityFrameworkCore.Database.Command[20104]
      Created DbCommand for 'ExecuteNonQuery' (0ms).
dbug: Microsoft.EntityFrameworkCore.Database.Command[20106]
      Initialized DbCommand for 'ExecuteNonQuery' (0ms).
dbug: Microsoft.EntityFrameworkCore.Database.Command[20100]
      Executing DbCommand [Parameters=[], CommandType='Text', CommandTimeout='30']
      INSERT INTO "__EFMigrationsHistory" ("MigrationId", "ProductVersion")
      VALUES ('20250625121656_AddUserAndClaimEntities', '9.0.6');
info: 7/12/2025 16:06:31.143 RelationalEventId.CommandExecuted[20101] (Microsoft.EntityFrameworkCore.Database.Command) 
      Executed DbCommand (0ms) [Parameters=[], CommandType='Text', CommandTimeout='30']
      INSERT INTO "__EFMigrationsHistory" ("MigrationId", "ProductVersion")
      VALUES ('20250625121656_AddUserAndClaimEntities', '9.0.6');
info: Microsoft.EntityFrameworkCore.Database.Command[20101]
      Executed DbCommand (0ms) [Parameters=[], CommandType='Text', CommandTimeout='30']
      INSERT INTO "__EFMigrationsHistory" ("MigrationId", "ProductVersion")
      VALUES ('20250625121656_AddUserAndClaimEntities', '9.0.6');
info: Microsoft.EntityFrameworkCore.Migrations[20402]
      Applying migration '20250626223647_AddExerciseEntityWithRelationships'.
info: 7/12/2025 16:06:31.143 RelationalEventId.MigrationApplying[20402] (Microsoft.EntityFrameworkCore.Migrations) 
      Applying migration '20250626223647_AddExerciseEntityWithRelationships'.
info: Microsoft.EntityFrameworkCore.Database.Command[20101]
      Executed DbCommand (1ms) [Parameters=[], CommandType='Text', CommandTimeout='30']
      CREATE UNIQUE INDEX "IX_Users_Email" ON "Users" ("Email");
info: 7/12/2025 16:06:31.143 RelationalEventId.CommandExecuted[20101] (Microsoft.EntityFrameworkCore.Database.Command) 
      Executed DbCommand (1ms) [Parameters=[], CommandType='Text', CommandTimeout='30']
      CREATE UNIQUE INDEX "IX_Users_Email" ON "Users" ("Email");
dbug: Microsoft.EntityFrameworkCore.Database.Command[20103]
      Creating DbCommand for 'ExecuteNonQuery'.
dbug: Microsoft.EntityFrameworkCore.Database.Command[20104]
      Created DbCommand for 'ExecuteNonQuery' (0ms).
dbug: Microsoft.EntityFrameworkCore.Database.Command[20106]
      Initialized DbCommand for 'ExecuteNonQuery' (0ms).
dbug: Microsoft.EntityFrameworkCore.Database.Command[20100]
      Executing DbCommand [Parameters=[], CommandType='Text', CommandTimeout='30']
      CREATE INDEX "IX_Claims_UserId" ON "Claims" ("UserId");
info: Microsoft.EntityFrameworkCore.Database.Command[20101]
      Executed DbCommand (0ms) [Parameters=[], CommandType='Text', CommandTimeout='30']
      CREATE INDEX "IX_Claims_UserId" ON "Claims" ("UserId");
info: 7/12/2025 16:06:31.144 RelationalEventId.CommandExecuted[20101] (Microsoft.EntityFrameworkCore.Database.Command) 
      Executed DbCommand (0ms) [Parameters=[], CommandType='Text', CommandTimeout='30']
      CREATE INDEX "IX_Claims_UserId" ON "Claims" ("UserId");
dbug: Microsoft.EntityFrameworkCore.Database.Command[20103]
      Creating DbCommand for 'ExecuteNonQuery'.
dbug: Microsoft.EntityFrameworkCore.Database.Command[20104]
      Created DbCommand for 'ExecuteNonQuery' (0ms).
dbug: Microsoft.EntityFrameworkCore.Database.Command[20106]
      Initialized DbCommand for 'ExecuteNonQuery' (0ms).
dbug: Microsoft.EntityFrameworkCore.Database.Command[20100]
      Executing DbCommand [Parameters=[], CommandType='Text', CommandTimeout='30']
      INSERT INTO "__EFMigrationsHistory" ("MigrationId", "ProductVersion")
      VALUES ('20250625121656_AddUserAndClaimEntities', '9.0.6');
info: Microsoft.EntityFrameworkCore.Database.Command[20101]
      Executed DbCommand (0ms) [Parameters=[], CommandType='Text', CommandTimeout='30']
      INSERT INTO "__EFMigrationsHistory" ("MigrationId", "ProductVersion")
      VALUES ('20250625121656_AddUserAndClaimEntities', '9.0.6');
info: 7/12/2025 16:06:31.144 RelationalEventId.CommandExecuted[20101] (Microsoft.EntityFrameworkCore.Database.Command) 
      Executed DbCommand (0ms) [Parameters=[], CommandType='Text', CommandTimeout='30']
      INSERT INTO "__EFMigrationsHistory" ("MigrationId", "ProductVersion")
      VALUES ('20250625121656_AddUserAndClaimEntities', '9.0.6');
info: Microsoft.EntityFrameworkCore.Migrations[20402]
      Applying migration '20250626223647_AddExerciseEntityWithRelationships'.
info: 7/12/2025 16:06:31.144 RelationalEventId.MigrationApplying[20402] (Microsoft.EntityFrameworkCore.Migrations) 
      Applying migration '20250626223647_AddExerciseEntityWithRelationships'.
dbug: Microsoft.EntityFrameworkCore.Database.Command[20103]
      Creating DbCommand for 'ExecuteNonQuery'.
dbug: Microsoft.EntityFrameworkCore.Database.Command[20104]
      Created DbCommand for 'ExecuteNonQuery' (0ms).
dbug: Microsoft.EntityFrameworkCore.Database.Command[20106]
      Initialized DbCommand for 'ExecuteNonQuery' (0ms).
dbug: Microsoft.EntityFrameworkCore.Database.Command[20103]
      Creating DbCommand for 'ExecuteNonQuery'.
dbug: Microsoft.EntityFrameworkCore.Database.Command[20104]
      Created DbCommand for 'ExecuteNonQuery' (0ms).
dbug: Microsoft.EntityFrameworkCore.Database.Command[20100]
      Executing DbCommand [Parameters=[], CommandType='Text', CommandTimeout='30']
      ALTER TABLE "ExerciseMovementPatterns" DROP CONSTRAINT "FK_ExerciseMovementPatterns_MovementPatterns_PatternId";
dbug: Microsoft.EntityFrameworkCore.Database.Command[20106]
      Initialized DbCommand for 'ExecuteNonQuery' (0ms).
dbug: Microsoft.EntityFrameworkCore.Database.Command[20100]
      Executing DbCommand [Parameters=[], CommandType='Text', CommandTimeout='30']
      ALTER TABLE "ExerciseMovementPatterns" DROP CONSTRAINT "FK_ExerciseMovementPatterns_MovementPatterns_PatternId";
info: Microsoft.EntityFrameworkCore.Database.Command[20101]
      Executed DbCommand (1ms) [Parameters=[], CommandType='Text', CommandTimeout='30']
      ALTER TABLE "ExerciseMovementPatterns" DROP CONSTRAINT "FK_ExerciseMovementPatterns_MovementPatterns_PatternId";
info: 7/12/2025 16:06:31.170 RelationalEventId.CommandExecuted[20101] (Microsoft.EntityFrameworkCore.Database.Command) 
      Executed DbCommand (1ms) [Parameters=[], CommandType='Text', CommandTimeout='30']
      ALTER TABLE "ExerciseMovementPatterns" DROP CONSTRAINT "FK_ExerciseMovementPatterns_MovementPatterns_PatternId";
dbug: Microsoft.EntityFrameworkCore.Database.Command[20103]
      Creating DbCommand for 'ExecuteNonQuery'.
dbug: Microsoft.EntityFrameworkCore.Database.Command[20104]
      Created DbCommand for 'ExecuteNonQuery' (0ms).
dbug: Microsoft.EntityFrameworkCore.Database.Command[20106]
      Initialized DbCommand for 'ExecuteNonQuery' (0ms).
dbug: Microsoft.EntityFrameworkCore.Database.Command[20100]
      Executing DbCommand [Parameters=[], CommandType='Text', CommandTimeout='30']
      ALTER TABLE "Exercises" DROP CONSTRAINT "FK_Exercises_DifficultyLevels_DifficultyLevelId";
info: Microsoft.EntityFrameworkCore.Database.Command[20101]
      Executed DbCommand (1ms) [Parameters=[], CommandType='Text', CommandTimeout='30']
      ALTER TABLE "ExerciseMovementPatterns" DROP CONSTRAINT "FK_ExerciseMovementPatterns_MovementPatterns_PatternId";
info: 7/12/2025 16:06:31.170 RelationalEventId.CommandExecuted[20101] (Microsoft.EntityFrameworkCore.Database.Command) 
      Executed DbCommand (1ms) [Parameters=[], CommandType='Text', CommandTimeout='30']
      ALTER TABLE "ExerciseMovementPatterns" DROP CONSTRAINT "FK_ExerciseMovementPatterns_MovementPatterns_PatternId";
dbug: Microsoft.EntityFrameworkCore.Database.Command[20103]
      Creating DbCommand for 'ExecuteNonQuery'.
dbug: Microsoft.EntityFrameworkCore.Database.Command[20104]
      Created DbCommand for 'ExecuteNonQuery' (0ms).
dbug: Microsoft.EntityFrameworkCore.Database.Command[20106]
      Initialized DbCommand for 'ExecuteNonQuery' (0ms).
dbug: Microsoft.EntityFrameworkCore.Database.Command[20100]
      Executing DbCommand [Parameters=[], CommandType='Text', CommandTimeout='30']
      ALTER TABLE "Exercises" DROP CONSTRAINT "FK_Exercises_DifficultyLevels_DifficultyLevelId";
info: Microsoft.EntityFrameworkCore.Database.Command[20101]
      Executed DbCommand (0ms) [Parameters=[], CommandType='Text', CommandTimeout='30']
      ALTER TABLE "Exercises" DROP CONSTRAINT "FK_Exercises_DifficultyLevels_DifficultyLevelId";
info: 7/12/2025 16:06:31.171 RelationalEventId.CommandExecuted[20101] (Microsoft.EntityFrameworkCore.Database.Command) 
      Executed DbCommand (0ms) [Parameters=[], CommandType='Text', CommandTimeout='30']
      ALTER TABLE "Exercises" DROP CONSTRAINT "FK_Exercises_DifficultyLevels_DifficultyLevelId";
dbug: Microsoft.EntityFrameworkCore.Database.Command[20103]
      Creating DbCommand for 'ExecuteNonQuery'.
dbug: Microsoft.EntityFrameworkCore.Database.Command[20104]
      Created DbCommand for 'ExecuteNonQuery' (0ms).
dbug: Microsoft.EntityFrameworkCore.Database.Command[20106]
      Initialized DbCommand for 'ExecuteNonQuery' (0ms).
dbug: Microsoft.EntityFrameworkCore.Database.Command[20100]
      Executing DbCommand [Parameters=[], CommandType='Text', CommandTimeout='30']
      ALTER TABLE "Exercises" DROP CONSTRAINT "FK_Exercises_KineticChainTypes_KineticChainTypeId";
info: Microsoft.EntityFrameworkCore.Database.Command[20101]
      Executed DbCommand (0ms) [Parameters=[], CommandType='Text', CommandTimeout='30']
      ALTER TABLE "Exercises" DROP CONSTRAINT "FK_Exercises_KineticChainTypes_KineticChainTypeId";
info: 7/12/2025 16:06:31.171 RelationalEventId.CommandExecuted[20101] (Microsoft.EntityFrameworkCore.Database.Command) 
      Executed DbCommand (0ms) [Parameters=[], CommandType='Text', CommandTimeout='30']
      ALTER TABLE "Exercises" DROP CONSTRAINT "FK_Exercises_KineticChainTypes_KineticChainTypeId";
dbug: Microsoft.EntityFrameworkCore.Database.Command[20103]
      Creating DbCommand for 'ExecuteNonQuery'.
dbug: Microsoft.EntityFrameworkCore.Database.Command[20104]
      Created DbCommand for 'ExecuteNonQuery' (0ms).
dbug: Microsoft.EntityFrameworkCore.Database.Command[20106]
      Initialized DbCommand for 'ExecuteNonQuery' (0ms).
dbug: Microsoft.EntityFrameworkCore.Database.Command[20100]
      Executing DbCommand [Parameters=[], CommandType='Text', CommandTimeout='30']
      ALTER TABLE "Exercises" RENAME COLUMN "DifficultyLevelId" TO "DifficultyId";
info: Microsoft.EntityFrameworkCore.Database.Command[20101]
      Executed DbCommand (0ms) [Parameters=[], CommandType='Text', CommandTimeout='30']
      ALTER TABLE "Exercises" RENAME COLUMN "DifficultyLevelId" TO "DifficultyId";
info: 7/12/2025 16:06:31.171 RelationalEventId.CommandExecuted[20101] (Microsoft.EntityFrameworkCore.Database.Command) 
      Executed DbCommand (0ms) [Parameters=[], CommandType='Text', CommandTimeout='30']
      ALTER TABLE "Exercises" RENAME COLUMN "DifficultyLevelId" TO "DifficultyId";
dbug: Microsoft.EntityFrameworkCore.Database.Command[20103]
      Creating DbCommand for 'ExecuteNonQuery'.
dbug: Microsoft.EntityFrameworkCore.Database.Command[20104]
      Created DbCommand for 'ExecuteNonQuery' (0ms).
dbug: Microsoft.EntityFrameworkCore.Database.Command[20106]
      Initialized DbCommand for 'ExecuteNonQuery' (0ms).
dbug: Microsoft.EntityFrameworkCore.Database.Command[20100]
      Executing DbCommand [Parameters=[], CommandType='Text', CommandTimeout='30']
      ALTER INDEX "IX_Exercises_DifficultyLevelId" RENAME TO "IX_Exercises_DifficultyId";
info: Microsoft.EntityFrameworkCore.Database.Command[20101]
      Executed DbCommand (0ms) [Parameters=[], CommandType='Text', CommandTimeout='30']
      ALTER INDEX "IX_Exercises_DifficultyLevelId" RENAME TO "IX_Exercises_DifficultyId";
info: 7/12/2025 16:06:31.171 RelationalEventId.CommandExecuted[20101] (Microsoft.EntityFrameworkCore.Database.Command) 
      Executed DbCommand (0ms) [Parameters=[], CommandType='Text', CommandTimeout='30']
      ALTER INDEX "IX_Exercises_DifficultyLevelId" RENAME TO "IX_Exercises_DifficultyId";
dbug: Microsoft.EntityFrameworkCore.Database.Command[20103]
      Creating DbCommand for 'ExecuteNonQuery'.
dbug: Microsoft.EntityFrameworkCore.Database.Command[20104]
      Created DbCommand for 'ExecuteNonQuery' (0ms).
dbug: Microsoft.EntityFrameworkCore.Database.Command[20106]
      Initialized DbCommand for 'ExecuteNonQuery' (0ms).
dbug: Microsoft.EntityFrameworkCore.Database.Command[20100]
      Executing DbCommand [Parameters=[], CommandType='Text', CommandTimeout='30']
      ALTER TABLE "ExerciseMovementPatterns" RENAME COLUMN "PatternId" TO "MovementPatternId";
info: Microsoft.EntityFrameworkCore.Database.Command[20101]
      Executed DbCommand (1ms) [Parameters=[], CommandType='Text', CommandTimeout='30']
      ALTER TABLE "Exercises" DROP CONSTRAINT "FK_Exercises_DifficultyLevels_DifficultyLevelId";
info: 7/12/2025 16:06:31.171 RelationalEventId.CommandExecuted[20101] (Microsoft.EntityFrameworkCore.Database.Command) 
      Executed DbCommand (1ms) [Parameters=[], CommandType='Text', CommandTimeout='30']
      ALTER TABLE "Exercises" DROP CONSTRAINT "FK_Exercises_DifficultyLevels_DifficultyLevelId";
dbug: Microsoft.EntityFrameworkCore.Database.Command[20103]
      Creating DbCommand for 'ExecuteNonQuery'.
dbug: Microsoft.EntityFrameworkCore.Database.Command[20104]
      Created DbCommand for 'ExecuteNonQuery' (0ms).
dbug: Microsoft.EntityFrameworkCore.Database.Command[20106]
      Initialized DbCommand for 'ExecuteNonQuery' (0ms).
info: Microsoft.EntityFrameworkCore.Database.Command[20101]
      Executed DbCommand (0ms) [Parameters=[], CommandType='Text', CommandTimeout='30']
      ALTER TABLE "ExerciseMovementPatterns" RENAME COLUMN "PatternId" TO "MovementPatternId";
info: 7/12/2025 16:06:31.171 RelationalEventId.CommandExecuted[20101] (Microsoft.EntityFrameworkCore.Database.Command) 
      Executed DbCommand (0ms) [Parameters=[], CommandType='Text', CommandTimeout='30']
      ALTER TABLE "ExerciseMovementPatterns" RENAME COLUMN "PatternId" TO "MovementPatternId";
dbug: Microsoft.EntityFrameworkCore.Database.Command[20103]
      Creating DbCommand for 'ExecuteNonQuery'.
dbug: Microsoft.EntityFrameworkCore.Database.Command[20100]
      Executing DbCommand [Parameters=[], CommandType='Text', CommandTimeout='30']
      ALTER TABLE "Exercises" DROP CONSTRAINT "FK_Exercises_KineticChainTypes_KineticChainTypeId";
dbug: Microsoft.EntityFrameworkCore.Database.Command[20104]
      Created DbCommand for 'ExecuteNonQuery' (0ms).
dbug: Microsoft.EntityFrameworkCore.Database.Command[20106]
      Initialized DbCommand for 'ExecuteNonQuery' (0ms).
dbug: Microsoft.EntityFrameworkCore.Database.Command[20100]
      Executing DbCommand [Parameters=[], CommandType='Text', CommandTimeout='30']
      ALTER INDEX "IX_ExerciseMovementPatterns_PatternId" RENAME TO "IX_ExerciseMovementPatterns_MovementPatternId";
info: Microsoft.EntityFrameworkCore.Database.Command[20101]
      Executed DbCommand (0ms) [Parameters=[], CommandType='Text', CommandTimeout='30']
      ALTER INDEX "IX_ExerciseMovementPatterns_PatternId" RENAME TO "IX_ExerciseMovementPatterns_MovementPatternId";
info: 7/12/2025 16:06:31.172 RelationalEventId.CommandExecuted[20101] (Microsoft.EntityFrameworkCore.Database.Command) 
      Executed DbCommand (0ms) [Parameters=[], CommandType='Text', CommandTimeout='30']
      ALTER INDEX "IX_ExerciseMovementPatterns_PatternId" RENAME TO "IX_ExerciseMovementPatterns_MovementPatternId";
dbug: Microsoft.EntityFrameworkCore.Database.Command[20103]
      Creating DbCommand for 'ExecuteNonQuery'.
dbug: Microsoft.EntityFrameworkCore.Database.Command[20104]
      Created DbCommand for 'ExecuteNonQuery' (0ms).
dbug: Microsoft.EntityFrameworkCore.Database.Command[20106]
      Initialized DbCommand for 'ExecuteNonQuery' (0ms).
dbug: Microsoft.EntityFrameworkCore.Database.Command[20100]
      Executing DbCommand [Parameters=[], CommandType='Text', CommandTimeout='30']
      ALTER TABLE "Exercises" ALTER COLUMN "Name" TYPE character varying(200);
info: Microsoft.EntityFrameworkCore.Database.Command[20101]
      Executed DbCommand (1ms) [Parameters=[], CommandType='Text', CommandTimeout='30']
      ALTER TABLE "Exercises" DROP CONSTRAINT "FK_Exercises_KineticChainTypes_KineticChainTypeId";
info: 7/12/2025 16:06:31.172 RelationalEventId.CommandExecuted[20101] (Microsoft.EntityFrameworkCore.Database.Command) 
      Executed DbCommand (1ms) [Parameters=[], CommandType='Text', CommandTimeout='30']
      ALTER TABLE "Exercises" DROP CONSTRAINT "FK_Exercises_KineticChainTypes_KineticChainTypeId";
dbug: Microsoft.EntityFrameworkCore.Database.Command[20103]
      Creating DbCommand for 'ExecuteNonQuery'.
dbug: Microsoft.EntityFrameworkCore.Database.Command[20104]
      Created DbCommand for 'ExecuteNonQuery' (0ms).
dbug: Microsoft.EntityFrameworkCore.Database.Command[20106]
      Initialized DbCommand for 'ExecuteNonQuery' (0ms).
dbug: Microsoft.EntityFrameworkCore.Database.Command[20100]
      Executing DbCommand [Parameters=[], CommandType='Text', CommandTimeout='30']
      ALTER TABLE "Exercises" RENAME COLUMN "DifficultyLevelId" TO "DifficultyId";
info: Microsoft.EntityFrameworkCore.Database.Command[20101]
      Executed DbCommand (0ms) [Parameters=[], CommandType='Text', CommandTimeout='30']
      ALTER TABLE "Exercises" RENAME COLUMN "DifficultyLevelId" TO "DifficultyId";
info: 7/12/2025 16:06:31.173 RelationalEventId.CommandExecuted[20101] (Microsoft.EntityFrameworkCore.Database.Command) 
      Executed DbCommand (0ms) [Parameters=[], CommandType='Text', CommandTimeout='30']
      ALTER TABLE "Exercises" RENAME COLUMN "DifficultyLevelId" TO "DifficultyId";
dbug: Microsoft.EntityFrameworkCore.Database.Command[20103]
      Creating DbCommand for 'ExecuteNonQuery'.
dbug: Microsoft.EntityFrameworkCore.Database.Command[20104]
      Created DbCommand for 'ExecuteNonQuery' (0ms).
dbug: Microsoft.EntityFrameworkCore.Database.Command[20106]
      Initialized DbCommand for 'ExecuteNonQuery' (0ms).
dbug: Microsoft.EntityFrameworkCore.Database.Command[20100]
      Executing DbCommand [Parameters=[], CommandType='Text', CommandTimeout='30']
      ALTER INDEX "IX_Exercises_DifficultyLevelId" RENAME TO "IX_Exercises_DifficultyId";
info: Microsoft.EntityFrameworkCore.Database.Command[20101]
      Executed DbCommand (0ms) [Parameters=[], CommandType='Text', CommandTimeout='30']
      ALTER INDEX "IX_Exercises_DifficultyLevelId" RENAME TO "IX_Exercises_DifficultyId";
info: 7/12/2025 16:06:31.173 RelationalEventId.CommandExecuted[20101] (Microsoft.EntityFrameworkCore.Database.Command) 
      Executed DbCommand (0ms) [Parameters=[], CommandType='Text', CommandTimeout='30']
      ALTER INDEX "IX_Exercises_DifficultyLevelId" RENAME TO "IX_Exercises_DifficultyId";
dbug: Microsoft.EntityFrameworkCore.Database.Command[20103]
      Creating DbCommand for 'ExecuteNonQuery'.
dbug: Microsoft.EntityFrameworkCore.Database.Command[20104]
      Created DbCommand for 'ExecuteNonQuery' (0ms).
dbug: Microsoft.EntityFrameworkCore.Database.Command[20106]
      Initialized DbCommand for 'ExecuteNonQuery' (0ms).
dbug: Microsoft.EntityFrameworkCore.Database.Command[20100]
      Executing DbCommand [Parameters=[], CommandType='Text', CommandTimeout='30']
      ALTER TABLE "ExerciseMovementPatterns" RENAME COLUMN "PatternId" TO "MovementPatternId";
info: Microsoft.EntityFrameworkCore.Database.Command[20101]
      Executed DbCommand (2ms) [Parameters=[], CommandType='Text', CommandTimeout='30']
      ALTER TABLE "Exercises" ALTER COLUMN "Name" TYPE character varying(200);
info: 7/12/2025 16:06:31.173 RelationalEventId.CommandExecuted[20101] (Microsoft.EntityFrameworkCore.Database.Command) 
      Executed DbCommand (2ms) [Parameters=[], CommandType='Text', CommandTimeout='30']
      ALTER TABLE "Exercises" ALTER COLUMN "Name" TYPE character varying(200);
dbug: Microsoft.EntityFrameworkCore.Database.Command[20103]
      Creating DbCommand for 'ExecuteNonQuery'.
dbug: Microsoft.EntityFrameworkCore.Database.Command[20104]
      Created DbCommand for 'ExecuteNonQuery' (0ms).
dbug: Microsoft.EntityFrameworkCore.Database.Command[20106]
      Initialized DbCommand for 'ExecuteNonQuery' (0ms).
dbug: Microsoft.EntityFrameworkCore.Database.Command[20100]
      Executing DbCommand [Parameters=[], CommandType='Text', CommandTimeout='30']
      ALTER TABLE "Exercises" ALTER COLUMN "KineticChainTypeId" DROP NOT NULL;
info: Microsoft.EntityFrameworkCore.Database.Command[20101]
      Executed DbCommand (0ms) [Parameters=[], CommandType='Text', CommandTimeout='30']
      ALTER TABLE "ExerciseMovementPatterns" RENAME COLUMN "PatternId" TO "MovementPatternId";
info: 7/12/2025 16:06:31.173 RelationalEventId.CommandExecuted[20101] (Microsoft.EntityFrameworkCore.Database.Command) 
      Executed DbCommand (0ms) [Parameters=[], CommandType='Text', CommandTimeout='30']
      ALTER TABLE "ExerciseMovementPatterns" RENAME COLUMN "PatternId" TO "MovementPatternId";
dbug: Microsoft.EntityFrameworkCore.Database.Command[20103]
      Creating DbCommand for 'ExecuteNonQuery'.
dbug: Microsoft.EntityFrameworkCore.Database.Command[20104]
      Created DbCommand for 'ExecuteNonQuery' (0ms).
dbug: Microsoft.EntityFrameworkCore.Database.Command[20106]
      Initialized DbCommand for 'ExecuteNonQuery' (0ms).
dbug: Microsoft.EntityFrameworkCore.Database.Command[20100]
      Executing DbCommand [Parameters=[], CommandType='Text', CommandTimeout='30']
      ALTER INDEX "IX_ExerciseMovementPatterns_PatternId" RENAME TO "IX_ExerciseMovementPatterns_MovementPatternId";
info: Microsoft.EntityFrameworkCore.Database.Command[20101]
      Executed DbCommand (0ms) [Parameters=[], CommandType='Text', CommandTimeout='30']
      ALTER TABLE "Exercises" ALTER COLUMN "KineticChainTypeId" DROP NOT NULL;
info: 7/12/2025 16:06:31.173 RelationalEventId.CommandExecuted[20101] (Microsoft.EntityFrameworkCore.Database.Command) 
      Executed DbCommand (0ms) [Parameters=[], CommandType='Text', CommandTimeout='30']
      ALTER TABLE "Exercises" ALTER COLUMN "KineticChainTypeId" DROP NOT NULL;
dbug: Microsoft.EntityFrameworkCore.Database.Command[20103]
      Creating DbCommand for 'ExecuteNonQuery'.
dbug: Microsoft.EntityFrameworkCore.Database.Command[20104]
      Created DbCommand for 'ExecuteNonQuery' (0ms).
dbug: Microsoft.EntityFrameworkCore.Database.Command[20106]
      Initialized DbCommand for 'ExecuteNonQuery' (0ms).
dbug: Microsoft.EntityFrameworkCore.Database.Command[20100]
      Executing DbCommand [Parameters=[], CommandType='Text', CommandTimeout='30']
      ALTER TABLE "Exercises" ALTER COLUMN "Instructions" TYPE character varying(5000);
info: Microsoft.EntityFrameworkCore.Database.Command[20101]
      Executed DbCommand (0ms) [Parameters=[], CommandType='Text', CommandTimeout='30']
      ALTER INDEX "IX_ExerciseMovementPatterns_PatternId" RENAME TO "IX_ExerciseMovementPatterns_MovementPatternId";
info: 7/12/2025 16:06:31.173 RelationalEventId.CommandExecuted[20101] (Microsoft.EntityFrameworkCore.Database.Command) 
      Executed DbCommand (0ms) [Parameters=[], CommandType='Text', CommandTimeout='30']
      ALTER INDEX "IX_ExerciseMovementPatterns_PatternId" RENAME TO "IX_ExerciseMovementPatterns_MovementPatternId";
dbug: Microsoft.EntityFrameworkCore.Database.Command[20103]
      Creating DbCommand for 'ExecuteNonQuery'.
dbug: Microsoft.EntityFrameworkCore.Database.Command[20104]
      Created DbCommand for 'ExecuteNonQuery' (0ms).
dbug: Microsoft.EntityFrameworkCore.Database.Command[20106]
      Initialized DbCommand for 'ExecuteNonQuery' (0ms).
dbug: Microsoft.EntityFrameworkCore.Database.Command[20100]
      Executing DbCommand [Parameters=[], CommandType='Text', CommandTimeout='30']
      ALTER TABLE "Exercises" ALTER COLUMN "Name" TYPE character varying(200);
info: Microsoft.EntityFrameworkCore.Database.Command[20101]
      Executed DbCommand (1ms) [Parameters=[], CommandType='Text', CommandTimeout='30']
      ALTER TABLE "Exercises" ALTER COLUMN "Instructions" TYPE character varying(5000);
info: 7/12/2025 16:06:31.175 RelationalEventId.CommandExecuted[20101] (Microsoft.EntityFrameworkCore.Database.Command) 
      Executed DbCommand (1ms) [Parameters=[], CommandType='Text', CommandTimeout='30']
      ALTER TABLE "Exercises" ALTER COLUMN "Instructions" TYPE character varying(5000);
dbug: Microsoft.EntityFrameworkCore.Database.Command[20103]
      Creating DbCommand for 'ExecuteNonQuery'.
dbug: Microsoft.EntityFrameworkCore.Database.Command[20104]
      Created DbCommand for 'ExecuteNonQuery' (0ms).
dbug: Microsoft.EntityFrameworkCore.Database.Command[20106]
      Initialized DbCommand for 'ExecuteNonQuery' (0ms).
dbug: Microsoft.EntityFrameworkCore.Database.Command[20100]
      Executing DbCommand [Parameters=[], CommandType='Text', CommandTimeout='30']
      ALTER TABLE "Exercises" ALTER COLUMN "Description" TYPE character varying(1000);
info: 7/12/2025 16:06:31.175 RelationalEventId.CommandExecuted[20101] (Microsoft.EntityFrameworkCore.Database.Command) 
      Executed DbCommand (2ms) [Parameters=[], CommandType='Text', CommandTimeout='30']
      ALTER TABLE "Exercises" ALTER COLUMN "Name" TYPE character varying(200);
info: Microsoft.EntityFrameworkCore.Database.Command[20101]
      Executed DbCommand (2ms) [Parameters=[], CommandType='Text', CommandTimeout='30']
      ALTER TABLE "Exercises" ALTER COLUMN "Name" TYPE character varying(200);
dbug: Microsoft.EntityFrameworkCore.Database.Command[20103]
      Creating DbCommand for 'ExecuteNonQuery'.
dbug: Microsoft.EntityFrameworkCore.Database.Command[20104]
      Created DbCommand for 'ExecuteNonQuery' (0ms).
dbug: Microsoft.EntityFrameworkCore.Database.Command[20106]
      Initialized DbCommand for 'ExecuteNonQuery' (0ms).
dbug: Microsoft.EntityFrameworkCore.Database.Command[20100]
      Executing DbCommand [Parameters=[], CommandType='Text', CommandTimeout='30']
      ALTER TABLE "Exercises" ALTER COLUMN "KineticChainTypeId" DROP NOT NULL;
info: Microsoft.EntityFrameworkCore.Database.Command[20101]
      Executed DbCommand (0ms) [Parameters=[], CommandType='Text', CommandTimeout='30']
      ALTER TABLE "Exercises" ALTER COLUMN "KineticChainTypeId" DROP NOT NULL;
info: 7/12/2025 16:06:31.175 RelationalEventId.CommandExecuted[20101] (Microsoft.EntityFrameworkCore.Database.Command) 
      Executed DbCommand (0ms) [Parameters=[], CommandType='Text', CommandTimeout='30']
      ALTER TABLE "Exercises" ALTER COLUMN "KineticChainTypeId" DROP NOT NULL;
dbug: Microsoft.EntityFrameworkCore.Database.Command[20103]
      Creating DbCommand for 'ExecuteNonQuery'.
dbug: Microsoft.EntityFrameworkCore.Database.Command[20104]
      Created DbCommand for 'ExecuteNonQuery' (0ms).
dbug: Microsoft.EntityFrameworkCore.Database.Command[20106]
      Initialized DbCommand for 'ExecuteNonQuery' (0ms).
dbug: Microsoft.EntityFrameworkCore.Database.Command[20100]
      Executing DbCommand [Parameters=[], CommandType='Text', CommandTimeout='30']
      ALTER TABLE "Exercises" ALTER COLUMN "Instructions" TYPE character varying(5000);
info: 7/12/2025 16:06:31.176 RelationalEventId.CommandExecuted[20101] (Microsoft.EntityFrameworkCore.Database.Command) 
      Executed DbCommand (1ms) [Parameters=[], CommandType='Text', CommandTimeout='30']
      ALTER TABLE "Exercises" ALTER COLUMN "Description" TYPE character varying(1000);
info: Microsoft.EntityFrameworkCore.Database.Command[20101]
      Executed DbCommand (1ms) [Parameters=[], CommandType='Text', CommandTimeout='30']
      ALTER TABLE "Exercises" ALTER COLUMN "Description" TYPE character varying(1000);
dbug: Microsoft.EntityFrameworkCore.Database.Command[20103]
      Creating DbCommand for 'ExecuteNonQuery'.
dbug: Microsoft.EntityFrameworkCore.Database.Command[20104]
      Created DbCommand for 'ExecuteNonQuery' (0ms).
dbug: Microsoft.EntityFrameworkCore.Database.Command[20106]
      Initialized DbCommand for 'ExecuteNonQuery' (0ms).
dbug: Microsoft.EntityFrameworkCore.Database.Command[20100]
      Executing DbCommand [Parameters=[], CommandType='Text', CommandTimeout='30']
      ALTER TABLE "Exercises" ADD "ImageUrl" text;
info: 7/12/2025 16:06:31.177 RelationalEventId.CommandExecuted[20101] (Microsoft.EntityFrameworkCore.Database.Command) 
      Executed DbCommand (0ms) [Parameters=[], CommandType='Text', CommandTimeout='30']
      ALTER TABLE "Exercises" ADD "ImageUrl" text;
info: Microsoft.EntityFrameworkCore.Database.Command[20101]
      Executed DbCommand (0ms) [Parameters=[], CommandType='Text', CommandTimeout='30']
      ALTER TABLE "Exercises" ADD "ImageUrl" text;
dbug: Microsoft.EntityFrameworkCore.Database.Command[20103]
      Creating DbCommand for 'ExecuteNonQuery'.
dbug: Microsoft.EntityFrameworkCore.Database.Command[20104]
      Created DbCommand for 'ExecuteNonQuery' (0ms).
dbug: Microsoft.EntityFrameworkCore.Database.Command[20106]
      Initialized DbCommand for 'ExecuteNonQuery' (0ms).
dbug: Microsoft.EntityFrameworkCore.Database.Command[20100]
      Executing DbCommand [Parameters=[], CommandType='Text', CommandTimeout='30']
      ALTER TABLE "Exercises" ADD "IsActive" boolean NOT NULL DEFAULT FALSE;
info: 7/12/2025 16:06:31.177 RelationalEventId.CommandExecuted[20101] (Microsoft.EntityFrameworkCore.Database.Command) 
      Executed DbCommand (1ms) [Parameters=[], CommandType='Text', CommandTimeout='30']
      ALTER TABLE "Exercises" ALTER COLUMN "Instructions" TYPE character varying(5000);
info: Microsoft.EntityFrameworkCore.Database.Command[20101]
      Executed DbCommand (1ms) [Parameters=[], CommandType='Text', CommandTimeout='30']
      ALTER TABLE "Exercises" ALTER COLUMN "Instructions" TYPE character varying(5000);
dbug: Microsoft.EntityFrameworkCore.Database.Command[20103]
      Creating DbCommand for 'ExecuteNonQuery'.
dbug: Microsoft.EntityFrameworkCore.Database.Command[20104]
      Created DbCommand for 'ExecuteNonQuery' (0ms).
dbug: Microsoft.EntityFrameworkCore.Database.Command[20106]
      Initialized DbCommand for 'ExecuteNonQuery' (0ms).
dbug: Microsoft.EntityFrameworkCore.Database.Command[20100]
      Executing DbCommand [Parameters=[], CommandType='Text', CommandTimeout='30']
      ALTER TABLE "Exercises" ALTER COLUMN "Description" TYPE character varying(1000);
info: Microsoft.EntityFrameworkCore.Database.Command[20101]
      Executed DbCommand (0ms) [Parameters=[], CommandType='Text', CommandTimeout='30']
      ALTER TABLE "Exercises" ADD "IsActive" boolean NOT NULL DEFAULT FALSE;
info: 7/12/2025 16:06:31.177 RelationalEventId.CommandExecuted[20101] (Microsoft.EntityFrameworkCore.Database.Command) 
      Executed DbCommand (0ms) [Parameters=[], CommandType='Text', CommandTimeout='30']
      ALTER TABLE "Exercises" ADD "IsActive" boolean NOT NULL DEFAULT FALSE;
dbug: Microsoft.EntityFrameworkCore.Database.Command[20103]
      Creating DbCommand for 'ExecuteNonQuery'.
dbug: Microsoft.EntityFrameworkCore.Database.Command[20104]
      Created DbCommand for 'ExecuteNonQuery' (0ms).
dbug: Microsoft.EntityFrameworkCore.Database.Command[20106]
      Initialized DbCommand for 'ExecuteNonQuery' (0ms).
dbug: Microsoft.EntityFrameworkCore.Database.Command[20100]
      Executing DbCommand [Parameters=[], CommandType='Text', CommandTimeout='30']
      CREATE TABLE "ExerciseBodyParts" (
          "ExerciseId" uuid NOT NULL,
          "BodyPartId" uuid NOT NULL,
          CONSTRAINT "PK_ExerciseBodyParts" PRIMARY KEY ("ExerciseId", "BodyPartId"),
          CONSTRAINT "FK_ExerciseBodyParts_BodyParts_BodyPartId" FOREIGN KEY ("BodyPartId") REFERENCES "BodyParts" ("Id") ON DELETE CASCADE,
          CONSTRAINT "FK_ExerciseBodyParts_Exercises_ExerciseId" FOREIGN KEY ("ExerciseId") REFERENCES "Exercises" ("Id") ON DELETE CASCADE
      );
info: Microsoft.EntityFrameworkCore.Database.Command[20101]
      Executed DbCommand (1ms) [Parameters=[], CommandType='Text', CommandTimeout='30']
      ALTER TABLE "Exercises" ALTER COLUMN "Description" TYPE character varying(1000);
info: 7/12/2025 16:06:31.178 RelationalEventId.CommandExecuted[20101] (Microsoft.EntityFrameworkCore.Database.Command) 
      Executed DbCommand (1ms) [Parameters=[], CommandType='Text', CommandTimeout='30']
      ALTER TABLE "Exercises" ALTER COLUMN "Description" TYPE character varying(1000);
dbug: Microsoft.EntityFrameworkCore.Database.Command[20103]
      Creating DbCommand for 'ExecuteNonQuery'.
dbug: Microsoft.EntityFrameworkCore.Database.Command[20104]
      Created DbCommand for 'ExecuteNonQuery' (0ms).
dbug: Microsoft.EntityFrameworkCore.Database.Command[20106]
      Initialized DbCommand for 'ExecuteNonQuery' (0ms).
dbug: Microsoft.EntityFrameworkCore.Database.Command[20100]
      Executing DbCommand [Parameters=[], CommandType='Text', CommandTimeout='30']
      ALTER TABLE "Exercises" ADD "ImageUrl" text;
info: Microsoft.EntityFrameworkCore.Database.Command[20101]
      Executed DbCommand (0ms) [Parameters=[], CommandType='Text', CommandTimeout='30']
      ALTER TABLE "Exercises" ADD "ImageUrl" text;
info: 7/12/2025 16:06:31.178 RelationalEventId.CommandExecuted[20101] (Microsoft.EntityFrameworkCore.Database.Command) 
      Executed DbCommand (0ms) [Parameters=[], CommandType='Text', CommandTimeout='30']
      ALTER TABLE "Exercises" ADD "ImageUrl" text;
dbug: Microsoft.EntityFrameworkCore.Database.Command[20103]
      Creating DbCommand for 'ExecuteNonQuery'.
dbug: Microsoft.EntityFrameworkCore.Database.Command[20104]
      Created DbCommand for 'ExecuteNonQuery' (0ms).
dbug: Microsoft.EntityFrameworkCore.Database.Command[20106]
      Initialized DbCommand for 'ExecuteNonQuery' (0ms).
dbug: Microsoft.EntityFrameworkCore.Database.Command[20100]
      Executing DbCommand [Parameters=[], CommandType='Text', CommandTimeout='30']
      ALTER TABLE "Exercises" ADD "IsActive" boolean NOT NULL DEFAULT FALSE;
info: Microsoft.EntityFrameworkCore.Database.Command[20101]
      Executed DbCommand (1ms) [Parameters=[], CommandType='Text', CommandTimeout='30']
      CREATE TABLE "ExerciseBodyParts" (
          "ExerciseId" uuid NOT NULL,
          "BodyPartId" uuid NOT NULL,
          CONSTRAINT "PK_ExerciseBodyParts" PRIMARY KEY ("ExerciseId", "BodyPartId"),
          CONSTRAINT "FK_ExerciseBodyParts_BodyParts_BodyPartId" FOREIGN KEY ("BodyPartId") REFERENCES "BodyParts" ("Id") ON DELETE CASCADE,
          CONSTRAINT "FK_ExerciseBodyParts_Exercises_ExerciseId" FOREIGN KEY ("ExerciseId") REFERENCES "Exercises" ("Id") ON DELETE CASCADE
      );
info: 7/12/2025 16:06:31.178 RelationalEventId.CommandExecuted[20101] (Microsoft.EntityFrameworkCore.Database.Command) 
      Executed DbCommand (1ms) [Parameters=[], CommandType='Text', CommandTimeout='30']
      CREATE TABLE "ExerciseBodyParts" (
          "ExerciseId" uuid NOT NULL,
          "BodyPartId" uuid NOT NULL,
          CONSTRAINT "PK_ExerciseBodyParts" PRIMARY KEY ("ExerciseId", "BodyPartId"),
          CONSTRAINT "FK_ExerciseBodyParts_BodyParts_BodyPartId" FOREIGN KEY ("BodyPartId") REFERENCES "BodyParts" ("Id") ON DELETE CASCADE,
          CONSTRAINT "FK_ExerciseBodyParts_Exercises_ExerciseId" FOREIGN KEY ("ExerciseId") REFERENCES "Exercises" ("Id") ON DELETE CASCADE
      );
dbug: Microsoft.EntityFrameworkCore.Database.Command[20103]
      Creating DbCommand for 'ExecuteNonQuery'.
dbug: Microsoft.EntityFrameworkCore.Database.Command[20104]
      Created DbCommand for 'ExecuteNonQuery' (0ms).
dbug: Microsoft.EntityFrameworkCore.Database.Command[20106]
      Initialized DbCommand for 'ExecuteNonQuery' (0ms).
dbug: Microsoft.EntityFrameworkCore.Database.Command[20100]
      Executing DbCommand [Parameters=[], CommandType='Text', CommandTimeout='30']
      CREATE TABLE "ExerciseMuscleGroups" (
          "ExerciseId" uuid NOT NULL,
          "MuscleGroupId" uuid NOT NULL,
          "MuscleRoleId" uuid NOT NULL,
          CONSTRAINT "PK_ExerciseMuscleGroups" PRIMARY KEY ("ExerciseId", "MuscleGroupId"),
          CONSTRAINT "FK_ExerciseMuscleGroups_Exercises_ExerciseId" FOREIGN KEY ("ExerciseId") REFERENCES "Exercises" ("Id") ON DELETE CASCADE,
          CONSTRAINT "FK_ExerciseMuscleGroups_MuscleGroups_MuscleGroupId" FOREIGN KEY ("MuscleGroupId") REFERENCES "MuscleGroups" ("Id") ON DELETE CASCADE,
          CONSTRAINT "FK_ExerciseMuscleGroups_MuscleRoles_MuscleRoleId" FOREIGN KEY ("MuscleRoleId") REFERENCES "MuscleRoles" ("Id") ON DELETE CASCADE
      );
info: Microsoft.EntityFrameworkCore.Database.Command[20101]
      Executed DbCommand (0ms) [Parameters=[], CommandType='Text', CommandTimeout='30']
      ALTER TABLE "Exercises" ADD "IsActive" boolean NOT NULL DEFAULT FALSE;
info: 7/12/2025 16:06:31.178 RelationalEventId.CommandExecuted[20101] (Microsoft.EntityFrameworkCore.Database.Command) 
      Executed DbCommand (0ms) [Parameters=[], CommandType='Text', CommandTimeout='30']
      ALTER TABLE "Exercises" ADD "IsActive" boolean NOT NULL DEFAULT FALSE;
dbug: Microsoft.EntityFrameworkCore.Database.Command[20103]
      Creating DbCommand for 'ExecuteNonQuery'.
dbug: Microsoft.EntityFrameworkCore.Database.Command[20104]
      Created DbCommand for 'ExecuteNonQuery' (0ms).
dbug: Microsoft.EntityFrameworkCore.Database.Command[20106]
      Initialized DbCommand for 'ExecuteNonQuery' (0ms).
dbug: Microsoft.EntityFrameworkCore.Database.Command[20100]
      Executing DbCommand [Parameters=[], CommandType='Text', CommandTimeout='30']
      CREATE TABLE "ExerciseBodyParts" (
          "ExerciseId" uuid NOT NULL,
          "BodyPartId" uuid NOT NULL,
          CONSTRAINT "PK_ExerciseBodyParts" PRIMARY KEY ("ExerciseId", "BodyPartId"),
          CONSTRAINT "FK_ExerciseBodyParts_BodyParts_BodyPartId" FOREIGN KEY ("BodyPartId") REFERENCES "BodyParts" ("Id") ON DELETE CASCADE,
          CONSTRAINT "FK_ExerciseBodyParts_Exercises_ExerciseId" FOREIGN KEY ("ExerciseId") REFERENCES "Exercises" ("Id") ON DELETE CASCADE
      );
info: Microsoft.EntityFrameworkCore.Database.Command[20101]
      Executed DbCommand (1ms) [Parameters=[], CommandType='Text', CommandTimeout='30']
      CREATE TABLE "ExerciseBodyParts" (
          "ExerciseId" uuid NOT NULL,
          "BodyPartId" uuid NOT NULL,
          CONSTRAINT "PK_ExerciseBodyParts" PRIMARY KEY ("ExerciseId", "BodyPartId"),
          CONSTRAINT "FK_ExerciseBodyParts_BodyParts_BodyPartId" FOREIGN KEY ("BodyPartId") REFERENCES "BodyParts" ("Id") ON DELETE CASCADE,
          CONSTRAINT "FK_ExerciseBodyParts_Exercises_ExerciseId" FOREIGN KEY ("ExerciseId") REFERENCES "Exercises" ("Id") ON DELETE CASCADE
      );
info: 7/12/2025 16:06:31.179 RelationalEventId.CommandExecuted[20101] (Microsoft.EntityFrameworkCore.Database.Command) 
      Executed DbCommand (1ms) [Parameters=[], CommandType='Text', CommandTimeout='30']
      CREATE TABLE "ExerciseBodyParts" (
          "ExerciseId" uuid NOT NULL,
          "BodyPartId" uuid NOT NULL,
          CONSTRAINT "PK_ExerciseBodyParts" PRIMARY KEY ("ExerciseId", "BodyPartId"),
          CONSTRAINT "FK_ExerciseBodyParts_BodyParts_BodyPartId" FOREIGN KEY ("BodyPartId") REFERENCES "BodyParts" ("Id") ON DELETE CASCADE,
          CONSTRAINT "FK_ExerciseBodyParts_Exercises_ExerciseId" FOREIGN KEY ("ExerciseId") REFERENCES "Exercises" ("Id") ON DELETE CASCADE
      );
dbug: Microsoft.EntityFrameworkCore.Database.Command[20103]
      Creating DbCommand for 'ExecuteNonQuery'.
dbug: Microsoft.EntityFrameworkCore.Database.Command[20104]
      Created DbCommand for 'ExecuteNonQuery' (0ms).
dbug: Microsoft.EntityFrameworkCore.Database.Command[20106]
      Initialized DbCommand for 'ExecuteNonQuery' (0ms).
dbug: Microsoft.EntityFrameworkCore.Database.Command[20100]
      Executing DbCommand [Parameters=[], CommandType='Text', CommandTimeout='30']
      CREATE TABLE "ExerciseMuscleGroups" (
          "ExerciseId" uuid NOT NULL,
          "MuscleGroupId" uuid NOT NULL,
          "MuscleRoleId" uuid NOT NULL,
          CONSTRAINT "PK_ExerciseMuscleGroups" PRIMARY KEY ("ExerciseId", "MuscleGroupId"),
          CONSTRAINT "FK_ExerciseMuscleGroups_Exercises_ExerciseId" FOREIGN KEY ("ExerciseId") REFERENCES "Exercises" ("Id") ON DELETE CASCADE,
          CONSTRAINT "FK_ExerciseMuscleGroups_MuscleGroups_MuscleGroupId" FOREIGN KEY ("MuscleGroupId") REFERENCES "MuscleGroups" ("Id") ON DELETE CASCADE,
          CONSTRAINT "FK_ExerciseMuscleGroups_MuscleRoles_MuscleRoleId" FOREIGN KEY ("MuscleRoleId") REFERENCES "MuscleRoles" ("Id") ON DELETE CASCADE
      );
info: Microsoft.EntityFrameworkCore.Database.Command[20101]
      Executed DbCommand (2ms) [Parameters=[], CommandType='Text', CommandTimeout='30']
      CREATE TABLE "ExerciseMuscleGroups" (
          "ExerciseId" uuid NOT NULL,
          "MuscleGroupId" uuid NOT NULL,
          "MuscleRoleId" uuid NOT NULL,
          CONSTRAINT "PK_ExerciseMuscleGroups" PRIMARY KEY ("ExerciseId", "MuscleGroupId"),
          CONSTRAINT "FK_ExerciseMuscleGroups_Exercises_ExerciseId" FOREIGN KEY ("ExerciseId") REFERENCES "Exercises" ("Id") ON DELETE CASCADE,
          CONSTRAINT "FK_ExerciseMuscleGroups_MuscleGroups_MuscleGroupId" FOREIGN KEY ("MuscleGroupId") REFERENCES "MuscleGroups" ("Id") ON DELETE CASCADE,
          CONSTRAINT "FK_ExerciseMuscleGroups_MuscleRoles_MuscleRoleId" FOREIGN KEY ("MuscleRoleId") REFERENCES "MuscleRoles" ("Id") ON DELETE CASCADE
      );
info: 7/12/2025 16:06:31.180 RelationalEventId.CommandExecuted[20101] (Microsoft.EntityFrameworkCore.Database.Command) 
      Executed DbCommand (2ms) [Parameters=[], CommandType='Text', CommandTimeout='30']
      CREATE TABLE "ExerciseMuscleGroups" (
          "ExerciseId" uuid NOT NULL,
          "MuscleGroupId" uuid NOT NULL,
          "MuscleRoleId" uuid NOT NULL,
          CONSTRAINT "PK_ExerciseMuscleGroups" PRIMARY KEY ("ExerciseId", "MuscleGroupId"),
          CONSTRAINT "FK_ExerciseMuscleGroups_Exercises_ExerciseId" FOREIGN KEY ("ExerciseId") REFERENCES "Exercises" ("Id") ON DELETE CASCADE,
          CONSTRAINT "FK_ExerciseMuscleGroups_MuscleGroups_MuscleGroupId" FOREIGN KEY ("MuscleGroupId") REFERENCES "MuscleGroups" ("Id") ON DELETE CASCADE,
          CONSTRAINT "FK_ExerciseMuscleGroups_MuscleRoles_MuscleRoleId" FOREIGN KEY ("MuscleRoleId") REFERENCES "MuscleRoles" ("Id") ON DELETE CASCADE
      );
dbug: Microsoft.EntityFrameworkCore.Database.Command[20103]
      Creating DbCommand for 'ExecuteNonQuery'.
dbug: Microsoft.EntityFrameworkCore.Database.Command[20104]
      Created DbCommand for 'ExecuteNonQuery' (0ms).
dbug: Microsoft.EntityFrameworkCore.Database.Command[20106]
      Initialized DbCommand for 'ExecuteNonQuery' (0ms).
dbug: Microsoft.EntityFrameworkCore.Database.Command[20100]
      Executing DbCommand [Parameters=[], CommandType='Text', CommandTimeout='30']
      CREATE UNIQUE INDEX "IX_Exercises_Name" ON "Exercises" ("Name");
info: Microsoft.EntityFrameworkCore.Database.Command[20101]
      Executed DbCommand (1ms) [Parameters=[], CommandType='Text', CommandTimeout='30']
      CREATE UNIQUE INDEX "IX_Exercises_Name" ON "Exercises" ("Name");
info: 7/12/2025 16:06:31.181 RelationalEventId.CommandExecuted[20101] (Microsoft.EntityFrameworkCore.Database.Command) 
      Executed DbCommand (1ms) [Parameters=[], CommandType='Text', CommandTimeout='30']
      CREATE UNIQUE INDEX "IX_Exercises_Name" ON "Exercises" ("Name");
dbug: Microsoft.EntityFrameworkCore.Database.Command[20103]
      Creating DbCommand for 'ExecuteNonQuery'.
dbug: Microsoft.EntityFrameworkCore.Database.Command[20104]
      Created DbCommand for 'ExecuteNonQuery' (0ms).
dbug: Microsoft.EntityFrameworkCore.Database.Command[20106]
      Initialized DbCommand for 'ExecuteNonQuery' (0ms).
dbug: Microsoft.EntityFrameworkCore.Database.Command[20100]
      Executing DbCommand [Parameters=[], CommandType='Text', CommandTimeout='30']
      CREATE INDEX "IX_ExerciseBodyParts_BodyPartId" ON "ExerciseBodyParts" ("BodyPartId");
info: Microsoft.EntityFrameworkCore.Database.Command[20101]
      Executed DbCommand (2ms) [Parameters=[], CommandType='Text', CommandTimeout='30']
      CREATE TABLE "ExerciseMuscleGroups" (
          "ExerciseId" uuid NOT NULL,
          "MuscleGroupId" uuid NOT NULL,
          "MuscleRoleId" uuid NOT NULL,
          CONSTRAINT "PK_ExerciseMuscleGroups" PRIMARY KEY ("ExerciseId", "MuscleGroupId"),
          CONSTRAINT "FK_ExerciseMuscleGroups_Exercises_ExerciseId" FOREIGN KEY ("ExerciseId") REFERENCES "Exercises" ("Id") ON DELETE CASCADE,
          CONSTRAINT "FK_ExerciseMuscleGroups_MuscleGroups_MuscleGroupId" FOREIGN KEY ("MuscleGroupId") REFERENCES "MuscleGroups" ("Id") ON DELETE CASCADE,
          CONSTRAINT "FK_ExerciseMuscleGroups_MuscleRoles_MuscleRoleId" FOREIGN KEY ("MuscleRoleId") REFERENCES "MuscleRoles" ("Id") ON DELETE CASCADE
      );
info: 7/12/2025 16:06:31.181 RelationalEventId.CommandExecuted[20101] (Microsoft.EntityFrameworkCore.Database.Command) 
      Executed DbCommand (2ms) [Parameters=[], CommandType='Text', CommandTimeout='30']
      CREATE TABLE "ExerciseMuscleGroups" (
          "ExerciseId" uuid NOT NULL,
          "MuscleGroupId" uuid NOT NULL,
          "MuscleRoleId" uuid NOT NULL,
          CONSTRAINT "PK_ExerciseMuscleGroups" PRIMARY KEY ("ExerciseId", "MuscleGroupId"),
          CONSTRAINT "FK_ExerciseMuscleGroups_Exercises_ExerciseId" FOREIGN KEY ("ExerciseId") REFERENCES "Exercises" ("Id") ON DELETE CASCADE,
          CONSTRAINT "FK_ExerciseMuscleGroups_MuscleGroups_MuscleGroupId" FOREIGN KEY ("MuscleGroupId") REFERENCES "MuscleGroups" ("Id") ON DELETE CASCADE,
          CONSTRAINT "FK_ExerciseMuscleGroups_MuscleRoles_MuscleRoleId" FOREIGN KEY ("MuscleRoleId") REFERENCES "MuscleRoles" ("Id") ON DELETE CASCADE
      );
dbug: Microsoft.EntityFrameworkCore.Database.Command[20103]
      Creating DbCommand for 'ExecuteNonQuery'.
dbug: Microsoft.EntityFrameworkCore.Database.Command[20104]
      Created DbCommand for 'ExecuteNonQuery' (0ms).
dbug: Microsoft.EntityFrameworkCore.Database.Command[20106]
      Initialized DbCommand for 'ExecuteNonQuery' (0ms).
dbug: Microsoft.EntityFrameworkCore.Database.Command[20100]
      Executing DbCommand [Parameters=[], CommandType='Text', CommandTimeout='30']
      CREATE UNIQUE INDEX "IX_Exercises_Name" ON "Exercises" ("Name");
info: Microsoft.EntityFrameworkCore.Database.Command[20101]
      Executed DbCommand (0ms) [Parameters=[], CommandType='Text', CommandTimeout='30']
      CREATE UNIQUE INDEX "IX_Exercises_Name" ON "Exercises" ("Name");
info: 7/12/2025 16:06:31.182 RelationalEventId.CommandExecuted[20101] (Microsoft.EntityFrameworkCore.Database.Command) 
      Executed DbCommand (0ms) [Parameters=[], CommandType='Text', CommandTimeout='30']
      CREATE UNIQUE INDEX "IX_Exercises_Name" ON "Exercises" ("Name");
dbug: Microsoft.EntityFrameworkCore.Database.Command[20103]
      Creating DbCommand for 'ExecuteNonQuery'.
dbug: Microsoft.EntityFrameworkCore.Database.Command[20104]
      Created DbCommand for 'ExecuteNonQuery' (0ms).
dbug: Microsoft.EntityFrameworkCore.Database.Command[20106]
      Initialized DbCommand for 'ExecuteNonQuery' (0ms).
dbug: Microsoft.EntityFrameworkCore.Database.Command[20100]
      Executing DbCommand [Parameters=[], CommandType='Text', CommandTimeout='30']
      CREATE INDEX "IX_ExerciseBodyParts_BodyPartId" ON "ExerciseBodyParts" ("BodyPartId");
info: Microsoft.EntityFrameworkCore.Database.Command[20101]
      Executed DbCommand (0ms) [Parameters=[], CommandType='Text', CommandTimeout='30']
      CREATE INDEX "IX_ExerciseBodyParts_BodyPartId" ON "ExerciseBodyParts" ("BodyPartId");
info: 7/12/2025 16:06:31.182 RelationalEventId.CommandExecuted[20101] (Microsoft.EntityFrameworkCore.Database.Command) 
      Executed DbCommand (0ms) [Parameters=[], CommandType='Text', CommandTimeout='30']
      CREATE INDEX "IX_ExerciseBodyParts_BodyPartId" ON "ExerciseBodyParts" ("BodyPartId");
dbug: Microsoft.EntityFrameworkCore.Database.Command[20103]
      Creating DbCommand for 'ExecuteNonQuery'.
dbug: Microsoft.EntityFrameworkCore.Database.Command[20104]
      Created DbCommand for 'ExecuteNonQuery' (0ms).
dbug: Microsoft.EntityFrameworkCore.Database.Command[20106]
      Initialized DbCommand for 'ExecuteNonQuery' (0ms).
dbug: Microsoft.EntityFrameworkCore.Database.Command[20100]
      Executing DbCommand [Parameters=[], CommandType='Text', CommandTimeout='30']
      CREATE INDEX "IX_ExerciseMuscleGroups_MuscleGroupId" ON "ExerciseMuscleGroups" ("MuscleGroupId");
info: Microsoft.EntityFrameworkCore.Database.Command[20101]
      Executed DbCommand (0ms) [Parameters=[], CommandType='Text', CommandTimeout='30']
      CREATE INDEX "IX_ExerciseBodyParts_BodyPartId" ON "ExerciseBodyParts" ("BodyPartId");
info: 7/12/2025 16:06:31.182 RelationalEventId.CommandExecuted[20101] (Microsoft.EntityFrameworkCore.Database.Command) 
      Executed DbCommand (0ms) [Parameters=[], CommandType='Text', CommandTimeout='30']
      CREATE INDEX "IX_ExerciseBodyParts_BodyPartId" ON "ExerciseBodyParts" ("BodyPartId");
dbug: Microsoft.EntityFrameworkCore.Database.Command[20103]
      Creating DbCommand for 'ExecuteNonQuery'.
dbug: Microsoft.EntityFrameworkCore.Database.Command[20104]
      Created DbCommand for 'ExecuteNonQuery' (0ms).
dbug: Microsoft.EntityFrameworkCore.Database.Command[20106]
      Initialized DbCommand for 'ExecuteNonQuery' (0ms).
dbug: Microsoft.EntityFrameworkCore.Database.Command[20100]
      Executing DbCommand [Parameters=[], CommandType='Text', CommandTimeout='30']
      CREATE INDEX "IX_ExerciseMuscleGroups_MuscleGroupId" ON "ExerciseMuscleGroups" ("MuscleGroupId");
info: Microsoft.EntityFrameworkCore.Database.Command[20101]
      Executed DbCommand (0ms) [Parameters=[], CommandType='Text', CommandTimeout='30']
      CREATE INDEX "IX_ExerciseMuscleGroups_MuscleGroupId" ON "ExerciseMuscleGroups" ("MuscleGroupId");
info: 7/12/2025 16:06:31.182 RelationalEventId.CommandExecuted[20101] (Microsoft.EntityFrameworkCore.Database.Command) 
      Executed DbCommand (0ms) [Parameters=[], CommandType='Text', CommandTimeout='30']
      CREATE INDEX "IX_ExerciseMuscleGroups_MuscleGroupId" ON "ExerciseMuscleGroups" ("MuscleGroupId");
dbug: Microsoft.EntityFrameworkCore.Database.Command[20103]
      Creating DbCommand for 'ExecuteNonQuery'.
dbug: Microsoft.EntityFrameworkCore.Database.Command[20104]
      Created DbCommand for 'ExecuteNonQuery' (0ms).
dbug: Microsoft.EntityFrameworkCore.Database.Command[20106]
      Initialized DbCommand for 'ExecuteNonQuery' (0ms).
dbug: Microsoft.EntityFrameworkCore.Database.Command[20100]
      Executing DbCommand [Parameters=[], CommandType='Text', CommandTimeout='30']
      CREATE INDEX "IX_ExerciseMuscleGroups_MuscleRoleId" ON "ExerciseMuscleGroups" ("MuscleRoleId");
info: Microsoft.EntityFrameworkCore.Database.Command[20101]
      Executed DbCommand (1ms) [Parameters=[], CommandType='Text', CommandTimeout='30']
      CREATE INDEX "IX_ExerciseMuscleGroups_MuscleGroupId" ON "ExerciseMuscleGroups" ("MuscleGroupId");
info: 7/12/2025 16:06:31.182 RelationalEventId.CommandExecuted[20101] (Microsoft.EntityFrameworkCore.Database.Command) 
      Executed DbCommand (1ms) [Parameters=[], CommandType='Text', CommandTimeout='30']
      CREATE INDEX "IX_ExerciseMuscleGroups_MuscleGroupId" ON "ExerciseMuscleGroups" ("MuscleGroupId");
dbug: Microsoft.EntityFrameworkCore.Database.Command[20103]
      Creating DbCommand for 'ExecuteNonQuery'.
dbug: Microsoft.EntityFrameworkCore.Database.Command[20104]
      Created DbCommand for 'ExecuteNonQuery' (0ms).
dbug: Microsoft.EntityFrameworkCore.Database.Command[20106]
      Initialized DbCommand for 'ExecuteNonQuery' (0ms).
dbug: Microsoft.EntityFrameworkCore.Database.Command[20100]
      Executing DbCommand [Parameters=[], CommandType='Text', CommandTimeout='30']
      CREATE INDEX "IX_ExerciseMuscleGroups_MuscleRoleId" ON "ExerciseMuscleGroups" ("MuscleRoleId");
info: Microsoft.EntityFrameworkCore.Database.Command[20101]
      Executed DbCommand (0ms) [Parameters=[], CommandType='Text', CommandTimeout='30']
      CREATE INDEX "IX_ExerciseMuscleGroups_MuscleRoleId" ON "ExerciseMuscleGroups" ("MuscleRoleId");
info: 7/12/2025 16:06:31.182 RelationalEventId.CommandExecuted[20101] (Microsoft.EntityFrameworkCore.Database.Command) 
      Executed DbCommand (0ms) [Parameters=[], CommandType='Text', CommandTimeout='30']
      CREATE INDEX "IX_ExerciseMuscleGroups_MuscleRoleId" ON "ExerciseMuscleGroups" ("MuscleRoleId");
dbug: Microsoft.EntityFrameworkCore.Database.Command[20103]
      Creating DbCommand for 'ExecuteNonQuery'.
dbug: Microsoft.EntityFrameworkCore.Database.Command[20104]
      Created DbCommand for 'ExecuteNonQuery' (0ms).
dbug: Microsoft.EntityFrameworkCore.Database.Command[20106]
      Initialized DbCommand for 'ExecuteNonQuery' (0ms).
dbug: Microsoft.EntityFrameworkCore.Database.Command[20100]
      Executing DbCommand [Parameters=[], CommandType='Text', CommandTimeout='30']
      ALTER TABLE "ExerciseMovementPatterns" ADD CONSTRAINT "FK_ExerciseMovementPatterns_MovementPatterns_MovementPatternId" FOREIGN KEY ("MovementPatternId") REFERENCES "MovementPatterns" ("Id") ON DELETE CASCADE;
info: Microsoft.EntityFrameworkCore.Database.Command[20101]
      Executed DbCommand (0ms) [Parameters=[], CommandType='Text', CommandTimeout='30']
      CREATE INDEX "IX_ExerciseMuscleGroups_MuscleRoleId" ON "ExerciseMuscleGroups" ("MuscleRoleId");
info: Microsoft.EntityFrameworkCore.Database.Command[20101]
      Executed DbCommand (0ms) [Parameters=[], CommandType='Text', CommandTimeout='30']
      ALTER TABLE "ExerciseMovementPatterns" ADD CONSTRAINT "FK_ExerciseMovementPatterns_MovementPatterns_MovementPatternId" FOREIGN KEY ("MovementPatternId") REFERENCES "MovementPatterns" ("Id") ON DELETE CASCADE;
info: 7/12/2025 16:06:31.183 RelationalEventId.CommandExecuted[20101] (Microsoft.EntityFrameworkCore.Database.Command) 
      Executed DbCommand (0ms) [Parameters=[], CommandType='Text', CommandTimeout='30']
      CREATE INDEX "IX_ExerciseMuscleGroups_MuscleRoleId" ON "ExerciseMuscleGroups" ("MuscleRoleId");
info: 7/12/2025 16:06:31.183 RelationalEventId.CommandExecuted[20101] (Microsoft.EntityFrameworkCore.Database.Command) 
      Executed DbCommand (0ms) [Parameters=[], CommandType='Text', CommandTimeout='30']
      ALTER TABLE "ExerciseMovementPatterns" ADD CONSTRAINT "FK_ExerciseMovementPatterns_MovementPatterns_MovementPatternId" FOREIGN KEY ("MovementPatternId") REFERENCES "MovementPatterns" ("Id") ON DELETE CASCADE;
dbug: Microsoft.EntityFrameworkCore.Database.Command[20103]
      Creating DbCommand for 'ExecuteNonQuery'.
dbug: Microsoft.EntityFrameworkCore.Database.Command[20104]
      Created DbCommand for 'ExecuteNonQuery' (0ms).
dbug: Microsoft.EntityFrameworkCore.Database.Command[20106]
      Initialized DbCommand for 'ExecuteNonQuery' (0ms).
dbug: Microsoft.EntityFrameworkCore.Database.Command[20100]
      Executing DbCommand [Parameters=[], CommandType='Text', CommandTimeout='30']
      ALTER TABLE "Exercises" ADD CONSTRAINT "FK_Exercises_DifficultyLevels_DifficultyId" FOREIGN KEY ("DifficultyId") REFERENCES "DifficultyLevels" ("Id") ON DELETE CASCADE;
dbug: Microsoft.EntityFrameworkCore.Database.Command[20103]
      Creating DbCommand for 'ExecuteNonQuery'.
dbug: Microsoft.EntityFrameworkCore.Database.Command[20104]
      Created DbCommand for 'ExecuteNonQuery' (0ms).
dbug: Microsoft.EntityFrameworkCore.Database.Command[20106]
      Initialized DbCommand for 'ExecuteNonQuery' (0ms).
dbug: Microsoft.EntityFrameworkCore.Database.Command[20100]
      Executing DbCommand [Parameters=[], CommandType='Text', CommandTimeout='30']
      ALTER TABLE "ExerciseMovementPatterns" ADD CONSTRAINT "FK_ExerciseMovementPatterns_MovementPatterns_MovementPatternId" FOREIGN KEY ("MovementPatternId") REFERENCES "MovementPatterns" ("Id") ON DELETE CASCADE;
info: Microsoft.EntityFrameworkCore.Database.Command[20101]
      Executed DbCommand (1ms) [Parameters=[], CommandType='Text', CommandTimeout='30']
      ALTER TABLE "ExerciseMovementPatterns" ADD CONSTRAINT "FK_ExerciseMovementPatterns_MovementPatterns_MovementPatternId" FOREIGN KEY ("MovementPatternId") REFERENCES "MovementPatterns" ("Id") ON DELETE CASCADE;
info: 7/12/2025 16:06:31.183 RelationalEventId.CommandExecuted[20101] (Microsoft.EntityFrameworkCore.Database.Command) 
      Executed DbCommand (1ms) [Parameters=[], CommandType='Text', CommandTimeout='30']
      ALTER TABLE "ExerciseMovementPatterns" ADD CONSTRAINT "FK_ExerciseMovementPatterns_MovementPatterns_MovementPatternId" FOREIGN KEY ("MovementPatternId") REFERENCES "MovementPatterns" ("Id") ON DELETE CASCADE;
dbug: Microsoft.EntityFrameworkCore.Database.Command[20103]
      Creating DbCommand for 'ExecuteNonQuery'.
dbug: Microsoft.EntityFrameworkCore.Database.Command[20104]
      Created DbCommand for 'ExecuteNonQuery' (0ms).
dbug: Microsoft.EntityFrameworkCore.Database.Command[20106]
      Initialized DbCommand for 'ExecuteNonQuery' (0ms).
dbug: Microsoft.EntityFrameworkCore.Database.Command[20100]
      Executing DbCommand [Parameters=[], CommandType='Text', CommandTimeout='30']
      ALTER TABLE "Exercises" ADD CONSTRAINT "FK_Exercises_DifficultyLevels_DifficultyId" FOREIGN KEY ("DifficultyId") REFERENCES "DifficultyLevels" ("Id") ON DELETE CASCADE;
info: Microsoft.EntityFrameworkCore.Database.Command[20101]
      Executed DbCommand (1ms) [Parameters=[], CommandType='Text', CommandTimeout='30']
      ALTER TABLE "Exercises" ADD CONSTRAINT "FK_Exercises_DifficultyLevels_DifficultyId" FOREIGN KEY ("DifficultyId") REFERENCES "DifficultyLevels" ("Id") ON DELETE CASCADE;
info: 7/12/2025 16:06:31.184 RelationalEventId.CommandExecuted[20101] (Microsoft.EntityFrameworkCore.Database.Command) 
      Executed DbCommand (1ms) [Parameters=[], CommandType='Text', CommandTimeout='30']
      ALTER TABLE "Exercises" ADD CONSTRAINT "FK_Exercises_DifficultyLevels_DifficultyId" FOREIGN KEY ("DifficultyId") REFERENCES "DifficultyLevels" ("Id") ON DELETE CASCADE;
dbug: Microsoft.EntityFrameworkCore.Database.Command[20103]
      Creating DbCommand for 'ExecuteNonQuery'.
dbug: Microsoft.EntityFrameworkCore.Database.Command[20104]
      Created DbCommand for 'ExecuteNonQuery' (0ms).
dbug: Microsoft.EntityFrameworkCore.Database.Command[20106]
      Initialized DbCommand for 'ExecuteNonQuery' (0ms).
dbug: Microsoft.EntityFrameworkCore.Database.Command[20100]
      Executing DbCommand [Parameters=[], CommandType='Text', CommandTimeout='30']
      ALTER TABLE "Exercises" ADD CONSTRAINT "FK_Exercises_KineticChainTypes_KineticChainTypeId" FOREIGN KEY ("KineticChainTypeId") REFERENCES "KineticChainTypes" ("Id");
info: Microsoft.EntityFrameworkCore.Database.Command[20101]
      Executed DbCommand (0ms) [Parameters=[], CommandType='Text', CommandTimeout='30']
      ALTER TABLE "Exercises" ADD CONSTRAINT "FK_Exercises_KineticChainTypes_KineticChainTypeId" FOREIGN KEY ("KineticChainTypeId") REFERENCES "KineticChainTypes" ("Id");
info: 7/12/2025 16:06:31.184 RelationalEventId.CommandExecuted[20101] (Microsoft.EntityFrameworkCore.Database.Command) 
      Executed DbCommand (0ms) [Parameters=[], CommandType='Text', CommandTimeout='30']
      ALTER TABLE "Exercises" ADD CONSTRAINT "FK_Exercises_KineticChainTypes_KineticChainTypeId" FOREIGN KEY ("KineticChainTypeId") REFERENCES "KineticChainTypes" ("Id");
dbug: Microsoft.EntityFrameworkCore.Database.Command[20103]
      Creating DbCommand for 'ExecuteNonQuery'.
dbug: Microsoft.EntityFrameworkCore.Database.Command[20104]
      Created DbCommand for 'ExecuteNonQuery' (0ms).
dbug: Microsoft.EntityFrameworkCore.Database.Command[20106]
      Initialized DbCommand for 'ExecuteNonQuery' (0ms).
dbug: Microsoft.EntityFrameworkCore.Database.Command[20100]
      Executing DbCommand [Parameters=[], CommandType='Text', CommandTimeout='30']
      INSERT INTO "__EFMigrationsHistory" ("MigrationId", "ProductVersion")
      VALUES ('20250626223647_AddExerciseEntityWithRelationships', '9.0.6');
info: Microsoft.EntityFrameworkCore.Database.Command[20101]
      Executed DbCommand (1ms) [Parameters=[], CommandType='Text', CommandTimeout='30']
      ALTER TABLE "Exercises" ADD CONSTRAINT "FK_Exercises_DifficultyLevels_DifficultyId" FOREIGN KEY ("DifficultyId") REFERENCES "DifficultyLevels" ("Id") ON DELETE CASCADE;
info: 7/12/2025 16:06:31.184 RelationalEventId.CommandExecuted[20101] (Microsoft.EntityFrameworkCore.Database.Command) 
      Executed DbCommand (1ms) [Parameters=[], CommandType='Text', CommandTimeout='30']
      ALTER TABLE "Exercises" ADD CONSTRAINT "FK_Exercises_DifficultyLevels_DifficultyId" FOREIGN KEY ("DifficultyId") REFERENCES "DifficultyLevels" ("Id") ON DELETE CASCADE;
info: Microsoft.EntityFrameworkCore.Database.Command[20101]
      Executed DbCommand (0ms) [Parameters=[], CommandType='Text', CommandTimeout='30']
      INSERT INTO "__EFMigrationsHistory" ("MigrationId", "ProductVersion")
      VALUES ('20250626223647_AddExerciseEntityWithRelationships', '9.0.6');
info: 7/12/2025 16:06:31.184 RelationalEventId.CommandExecuted[20101] (Microsoft.EntityFrameworkCore.Database.Command) 
      Executed DbCommand (0ms) [Parameters=[], CommandType='Text', CommandTimeout='30']
      INSERT INTO "__EFMigrationsHistory" ("MigrationId", "ProductVersion")
      VALUES ('20250626223647_AddExerciseEntityWithRelationships', '9.0.6');
dbug: Microsoft.EntityFrameworkCore.Database.Command[20103]
      Creating DbCommand for 'ExecuteNonQuery'.
dbug: Microsoft.EntityFrameworkCore.Database.Command[20104]
      Created DbCommand for 'ExecuteNonQuery' (0ms).
dbug: Microsoft.EntityFrameworkCore.Database.Command[20106]
      Initialized DbCommand for 'ExecuteNonQuery' (0ms).
dbug: Microsoft.EntityFrameworkCore.Database.Command[20100]
      Executing DbCommand [Parameters=[], CommandType='Text', CommandTimeout='30']
      ALTER TABLE "Exercises" ADD CONSTRAINT "FK_Exercises_KineticChainTypes_KineticChainTypeId" FOREIGN KEY ("KineticChainTypeId") REFERENCES "KineticChainTypes" ("Id");
info: Microsoft.EntityFrameworkCore.Migrations[20402]
      Applying migration '20250628001030_AddCoachNotesAndExerciseTypes'.
info: 7/12/2025 16:06:31.184 RelationalEventId.MigrationApplying[20402] (Microsoft.EntityFrameworkCore.Migrations) 
      Applying migration '20250628001030_AddCoachNotesAndExerciseTypes'.
info: Microsoft.EntityFrameworkCore.Database.Command[20101]
      Executed DbCommand (1ms) [Parameters=[], CommandType='Text', CommandTimeout='30']
      ALTER TABLE "Exercises" ADD CONSTRAINT "FK_Exercises_KineticChainTypes_KineticChainTypeId" FOREIGN KEY ("KineticChainTypeId") REFERENCES "KineticChainTypes" ("Id");
info: 7/12/2025 16:06:31.185 RelationalEventId.CommandExecuted[20101] (Microsoft.EntityFrameworkCore.Database.Command) 
      Executed DbCommand (1ms) [Parameters=[], CommandType='Text', CommandTimeout='30']
      ALTER TABLE "Exercises" ADD CONSTRAINT "FK_Exercises_KineticChainTypes_KineticChainTypeId" FOREIGN KEY ("KineticChainTypeId") REFERENCES "KineticChainTypes" ("Id");
dbug: Microsoft.EntityFrameworkCore.Database.Command[20103]
      Creating DbCommand for 'ExecuteNonQuery'.
dbug: Microsoft.EntityFrameworkCore.Database.Command[20104]
      Created DbCommand for 'ExecuteNonQuery' (0ms).
dbug: Microsoft.EntityFrameworkCore.Database.Command[20106]
      Initialized DbCommand for 'ExecuteNonQuery' (0ms).
dbug: Microsoft.EntityFrameworkCore.Database.Command[20100]
      Executing DbCommand [Parameters=[], CommandType='Text', CommandTimeout='30']
      INSERT INTO "__EFMigrationsHistory" ("MigrationId", "ProductVersion")
      VALUES ('20250626223647_AddExerciseEntityWithRelationships', '9.0.6');
info: Microsoft.EntityFrameworkCore.Database.Command[20101]
      Executed DbCommand (0ms) [Parameters=[], CommandType='Text', CommandTimeout='30']
      INSERT INTO "__EFMigrationsHistory" ("MigrationId", "ProductVersion")
      VALUES ('20250626223647_AddExerciseEntityWithRelationships', '9.0.6');
info: 7/12/2025 16:06:31.185 RelationalEventId.CommandExecuted[20101] (Microsoft.EntityFrameworkCore.Database.Command) 
      Executed DbCommand (0ms) [Parameters=[], CommandType='Text', CommandTimeout='30']
      INSERT INTO "__EFMigrationsHistory" ("MigrationId", "ProductVersion")
      VALUES ('20250626223647_AddExerciseEntityWithRelationships', '9.0.6');
info: Microsoft.EntityFrameworkCore.Migrations[20402]
      Applying migration '20250628001030_AddCoachNotesAndExerciseTypes'.
info: 7/12/2025 16:06:31.185 RelationalEventId.MigrationApplying[20402] (Microsoft.EntityFrameworkCore.Migrations) 
      Applying migration '20250628001030_AddCoachNotesAndExerciseTypes'.
dbug: Microsoft.EntityFrameworkCore.Database.Command[20103]
      Creating DbCommand for 'ExecuteNonQuery'.
dbug: Microsoft.EntityFrameworkCore.Database.Command[20104]
      Created DbCommand for 'ExecuteNonQuery' (0ms).
dbug: Microsoft.EntityFrameworkCore.Database.Command[20106]
      Initialized DbCommand for 'ExecuteNonQuery' (0ms).
dbug: Microsoft.EntityFrameworkCore.Database.Command[20100]
      Executing DbCommand [Parameters=[], CommandType='Text', CommandTimeout='30']
      ALTER TABLE "Exercises" DROP COLUMN "Instructions";
dbug: Microsoft.EntityFrameworkCore.Database.Command[20103]
      Creating DbCommand for 'ExecuteNonQuery'.
dbug: Microsoft.EntityFrameworkCore.Database.Command[20104]
      Created DbCommand for 'ExecuteNonQuery' (0ms).
dbug: Microsoft.EntityFrameworkCore.Database.Command[20106]
      Initialized DbCommand for 'ExecuteNonQuery' (0ms).
dbug: Microsoft.EntityFrameworkCore.Database.Command[20100]
      Executing DbCommand [Parameters=[], CommandType='Text', CommandTimeout='30']
      ALTER TABLE "Exercises" DROP COLUMN "Instructions";
info: Microsoft.EntityFrameworkCore.Database.Command[20101]
      Executed DbCommand (1ms) [Parameters=[], CommandType='Text', CommandTimeout='30']
      ALTER TABLE "Exercises" DROP COLUMN "Instructions";
info: 7/12/2025 16:06:31.195 RelationalEventId.CommandExecuted[20101] (Microsoft.EntityFrameworkCore.Database.Command) 
      Executed DbCommand (1ms) [Parameters=[], CommandType='Text', CommandTimeout='30']
      ALTER TABLE "Exercises" DROP COLUMN "Instructions";
dbug: Microsoft.EntityFrameworkCore.Database.Command[20103]
      Creating DbCommand for 'ExecuteNonQuery'.
dbug: Microsoft.EntityFrameworkCore.Database.Command[20104]
      Created DbCommand for 'ExecuteNonQuery' (0ms).
dbug: Microsoft.EntityFrameworkCore.Database.Command[20106]
      Initialized DbCommand for 'ExecuteNonQuery' (0ms).
dbug: Microsoft.EntityFrameworkCore.Database.Command[20100]
      Executing DbCommand [Parameters=[], CommandType='Text', CommandTimeout='30']
      CREATE TABLE "CoachNotes" (
          "Id" uuid NOT NULL,
          "ExerciseId" uuid NOT NULL,
          "Text" character varying(1000) NOT NULL,
          "Order" integer NOT NULL,
          CONSTRAINT "PK_CoachNotes" PRIMARY KEY ("Id"),
          CONSTRAINT "FK_CoachNotes_Exercises_ExerciseId" FOREIGN KEY ("ExerciseId") REFERENCES "Exercises" ("Id") ON DELETE CASCADE
      );
info: Microsoft.EntityFrameworkCore.Database.Command[20101]
      Executed DbCommand (0ms) [Parameters=[], CommandType='Text', CommandTimeout='30']
      ALTER TABLE "Exercises" DROP COLUMN "Instructions";
info: 7/12/2025 16:06:31.195 RelationalEventId.CommandExecuted[20101] (Microsoft.EntityFrameworkCore.Database.Command) 
      Executed DbCommand (0ms) [Parameters=[], CommandType='Text', CommandTimeout='30']
      ALTER TABLE "Exercises" DROP COLUMN "Instructions";
dbug: Microsoft.EntityFrameworkCore.Database.Command[20103]
      Creating DbCommand for 'ExecuteNonQuery'.
dbug: Microsoft.EntityFrameworkCore.Database.Command[20104]
      Created DbCommand for 'ExecuteNonQuery' (0ms).
dbug: Microsoft.EntityFrameworkCore.Database.Command[20106]
      Initialized DbCommand for 'ExecuteNonQuery' (0ms).
dbug: Microsoft.EntityFrameworkCore.Database.Command[20100]
      Executing DbCommand [Parameters=[], CommandType='Text', CommandTimeout='30']
      CREATE TABLE "CoachNotes" (
          "Id" uuid NOT NULL,
          "ExerciseId" uuid NOT NULL,
          "Text" character varying(1000) NOT NULL,
          "Order" integer NOT NULL,
          CONSTRAINT "PK_CoachNotes" PRIMARY KEY ("Id"),
          CONSTRAINT "FK_CoachNotes_Exercises_ExerciseId" FOREIGN KEY ("ExerciseId") REFERENCES "Exercises" ("Id") ON DELETE CASCADE
      );
info: Microsoft.EntityFrameworkCore.Database.Command[20101]
      Executed DbCommand (1ms) [Parameters=[], CommandType='Text', CommandTimeout='30']
      CREATE TABLE "CoachNotes" (
          "Id" uuid NOT NULL,
          "ExerciseId" uuid NOT NULL,
          "Text" character varying(1000) NOT NULL,
          "Order" integer NOT NULL,
          CONSTRAINT "PK_CoachNotes" PRIMARY KEY ("Id"),
          CONSTRAINT "FK_CoachNotes_Exercises_ExerciseId" FOREIGN KEY ("ExerciseId") REFERENCES "Exercises" ("Id") ON DELETE CASCADE
      );
info: 7/12/2025 16:06:31.196 RelationalEventId.CommandExecuted[20101] (Microsoft.EntityFrameworkCore.Database.Command) 
      Executed DbCommand (1ms) [Parameters=[], CommandType='Text', CommandTimeout='30']
      CREATE TABLE "CoachNotes" (
          "Id" uuid NOT NULL,
          "ExerciseId" uuid NOT NULL,
          "Text" character varying(1000) NOT NULL,
          "Order" integer NOT NULL,
          CONSTRAINT "PK_CoachNotes" PRIMARY KEY ("Id"),
          CONSTRAINT "FK_CoachNotes_Exercises_ExerciseId" FOREIGN KEY ("ExerciseId") REFERENCES "Exercises" ("Id") ON DELETE CASCADE
      );
dbug: Microsoft.EntityFrameworkCore.Database.Command[20103]
      Creating DbCommand for 'ExecuteNonQuery'.
dbug: Microsoft.EntityFrameworkCore.Database.Command[20104]
      Created DbCommand for 'ExecuteNonQuery' (0ms).
dbug: Microsoft.EntityFrameworkCore.Database.Command[20106]
      Initialized DbCommand for 'ExecuteNonQuery' (0ms).
dbug: Microsoft.EntityFrameworkCore.Database.Command[20100]
      Executing DbCommand [Parameters=[], CommandType='Text', CommandTimeout='30']
      CREATE TABLE "ExerciseTypes" (
          "Id" uuid NOT NULL,
          "Value" text NOT NULL,
          "Description" text,
          "DisplayOrder" integer NOT NULL,
          "IsActive" boolean NOT NULL,
          CONSTRAINT "PK_ExerciseTypes" PRIMARY KEY ("Id")
      );
info: Microsoft.EntityFrameworkCore.Database.Command[20101]
      Executed DbCommand (2ms) [Parameters=[], CommandType='Text', CommandTimeout='30']
      CREATE TABLE "CoachNotes" (
          "Id" uuid NOT NULL,
          "ExerciseId" uuid NOT NULL,
          "Text" character varying(1000) NOT NULL,
          "Order" integer NOT NULL,
          CONSTRAINT "PK_CoachNotes" PRIMARY KEY ("Id"),
          CONSTRAINT "FK_CoachNotes_Exercises_ExerciseId" FOREIGN KEY ("ExerciseId") REFERENCES "Exercises" ("Id") ON DELETE CASCADE
      );
info: 7/12/2025 16:06:31.197 RelationalEventId.CommandExecuted[20101] (Microsoft.EntityFrameworkCore.Database.Command) 
      Executed DbCommand (2ms) [Parameters=[], CommandType='Text', CommandTimeout='30']
      CREATE TABLE "CoachNotes" (
          "Id" uuid NOT NULL,
          "ExerciseId" uuid NOT NULL,
          "Text" character varying(1000) NOT NULL,
          "Order" integer NOT NULL,
          CONSTRAINT "PK_CoachNotes" PRIMARY KEY ("Id"),
          CONSTRAINT "FK_CoachNotes_Exercises_ExerciseId" FOREIGN KEY ("ExerciseId") REFERENCES "Exercises" ("Id") ON DELETE CASCADE
      );
dbug: Microsoft.EntityFrameworkCore.Database.Command[20103]
      Creating DbCommand for 'ExecuteNonQuery'.
dbug: Microsoft.EntityFrameworkCore.Database.Command[20104]
      Created DbCommand for 'ExecuteNonQuery' (0ms).
dbug: Microsoft.EntityFrameworkCore.Database.Command[20106]
      Initialized DbCommand for 'ExecuteNonQuery' (0ms).
dbug: Microsoft.EntityFrameworkCore.Database.Command[20100]
      Executing DbCommand [Parameters=[], CommandType='Text', CommandTimeout='30']
      CREATE TABLE "ExerciseTypes" (
          "Id" uuid NOT NULL,
          "Value" text NOT NULL,
          "Description" text,
          "DisplayOrder" integer NOT NULL,
          "IsActive" boolean NOT NULL,
          CONSTRAINT "PK_ExerciseTypes" PRIMARY KEY ("Id")
      );
info: Microsoft.EntityFrameworkCore.Database.Command[20101]
      Executed DbCommand (1ms) [Parameters=[], CommandType='Text', CommandTimeout='30']
      CREATE TABLE "ExerciseTypes" (
          "Id" uuid NOT NULL,
          "Value" text NOT NULL,
          "Description" text,
          "DisplayOrder" integer NOT NULL,
          "IsActive" boolean NOT NULL,
          CONSTRAINT "PK_ExerciseTypes" PRIMARY KEY ("Id")
      );
info: 7/12/2025 16:06:31.197 RelationalEventId.CommandExecuted[20101] (Microsoft.EntityFrameworkCore.Database.Command) 
      Executed DbCommand (1ms) [Parameters=[], CommandType='Text', CommandTimeout='30']
      CREATE TABLE "ExerciseTypes" (
          "Id" uuid NOT NULL,
          "Value" text NOT NULL,
          "Description" text,
          "DisplayOrder" integer NOT NULL,
          "IsActive" boolean NOT NULL,
          CONSTRAINT "PK_ExerciseTypes" PRIMARY KEY ("Id")
      );
dbug: Microsoft.EntityFrameworkCore.Database.Command[20103]
      Creating DbCommand for 'ExecuteNonQuery'.
dbug: Microsoft.EntityFrameworkCore.Database.Command[20104]
      Created DbCommand for 'ExecuteNonQuery' (0ms).
dbug: Microsoft.EntityFrameworkCore.Database.Command[20106]
      Initialized DbCommand for 'ExecuteNonQuery' (0ms).
dbug: Microsoft.EntityFrameworkCore.Database.Command[20100]
      Executing DbCommand [Parameters=[], CommandType='Text', CommandTimeout='30']
      CREATE TABLE "ExerciseExerciseTypes" (
          "ExerciseId" uuid NOT NULL,
          "ExerciseTypeId" uuid NOT NULL,
          CONSTRAINT "PK_ExerciseExerciseTypes" PRIMARY KEY ("ExerciseId", "ExerciseTypeId"),
          CONSTRAINT "FK_ExerciseExerciseTypes_ExerciseTypes_ExerciseTypeId" FOREIGN KEY ("ExerciseTypeId") REFERENCES "ExerciseTypes" ("Id") ON DELETE CASCADE,
          CONSTRAINT "FK_ExerciseExerciseTypes_Exercises_ExerciseId" FOREIGN KEY ("ExerciseId") REFERENCES "Exercises" ("Id") ON DELETE CASCADE
      );
info: Microsoft.EntityFrameworkCore.Database.Command[20101]
      Executed DbCommand (1ms) [Parameters=[], CommandType='Text', CommandTimeout='30']
      CREATE TABLE "ExerciseExerciseTypes" (
          "ExerciseId" uuid NOT NULL,
          "ExerciseTypeId" uuid NOT NULL,
          CONSTRAINT "PK_ExerciseExerciseTypes" PRIMARY KEY ("ExerciseId", "ExerciseTypeId"),
          CONSTRAINT "FK_ExerciseExerciseTypes_ExerciseTypes_ExerciseTypeId" FOREIGN KEY ("ExerciseTypeId") REFERENCES "ExerciseTypes" ("Id") ON DELETE CASCADE,
          CONSTRAINT "FK_ExerciseExerciseTypes_Exercises_ExerciseId" FOREIGN KEY ("ExerciseId") REFERENCES "Exercises" ("Id") ON DELETE CASCADE
      );
info: 7/12/2025 16:06:31.198 RelationalEventId.CommandExecuted[20101] (Microsoft.EntityFrameworkCore.Database.Command) 
      Executed DbCommand (1ms) [Parameters=[], CommandType='Text', CommandTimeout='30']
      CREATE TABLE "ExerciseExerciseTypes" (
          "ExerciseId" uuid NOT NULL,
          "ExerciseTypeId" uuid NOT NULL,
          CONSTRAINT "PK_ExerciseExerciseTypes" PRIMARY KEY ("ExerciseId", "ExerciseTypeId"),
          CONSTRAINT "FK_ExerciseExerciseTypes_ExerciseTypes_ExerciseTypeId" FOREIGN KEY ("ExerciseTypeId") REFERENCES "ExerciseTypes" ("Id") ON DELETE CASCADE,
          CONSTRAINT "FK_ExerciseExerciseTypes_Exercises_ExerciseId" FOREIGN KEY ("ExerciseId") REFERENCES "Exercises" ("Id") ON DELETE CASCADE
      );
dbug: Microsoft.EntityFrameworkCore.Database.Command[20103]
      Creating DbCommand for 'ExecuteNonQuery'.
dbug: Microsoft.EntityFrameworkCore.Database.Command[20104]
      Created DbCommand for 'ExecuteNonQuery' (0ms).
dbug: Microsoft.EntityFrameworkCore.Database.Command[20106]
      Initialized DbCommand for 'ExecuteNonQuery' (0ms).
dbug: Microsoft.EntityFrameworkCore.Database.Command[20100]
      Executing DbCommand [Parameters=[], CommandType='Text', CommandTimeout='30']
      INSERT INTO "ExerciseTypes" ("Id", "Description", "DisplayOrder", "IsActive", "Value")
      VALUES ('11223344-5566-7788-99aa-bbccddeeff00', 'Exercises performed to prepare the body for more intense activity', 1, TRUE, 'Warmup');
      INSERT INTO "ExerciseTypes" ("Id", "Description", "DisplayOrder", "IsActive", "Value")
      VALUES ('22334455-6677-8899-aabb-ccddeeff0011', 'Main exercises that form the core of the training session', 2, TRUE, 'Workout');
      INSERT INTO "ExerciseTypes" ("Id", "Description", "DisplayOrder", "IsActive", "Value")
      VALUES ('33445566-7788-99aa-bbcc-ddeeff001122', 'Exercises performed to help the body recover after intense activity', 3, TRUE, 'Cooldown');
      INSERT INTO "ExerciseTypes" ("Id", "Description", "DisplayOrder", "IsActive", "Value")
      VALUES ('44556677-8899-aabb-ccdd-eeff00112233', 'Periods of rest between exercises or sets - cannot be combined with other exercise types', 4, TRUE, 'Rest');
info: 7/12/2025 16:06:31.198 RelationalEventId.CommandExecuted[20101] (Microsoft.EntityFrameworkCore.Database.Command) 
      Executed DbCommand (1ms) [Parameters=[], CommandType='Text', CommandTimeout='30']
      CREATE TABLE "ExerciseTypes" (
          "Id" uuid NOT NULL,
          "Value" text NOT NULL,
          "Description" text,
          "DisplayOrder" integer NOT NULL,
          "IsActive" boolean NOT NULL,
          CONSTRAINT "PK_ExerciseTypes" PRIMARY KEY ("Id")
      );
info: Microsoft.EntityFrameworkCore.Database.Command[20101]
      Executed DbCommand (1ms) [Parameters=[], CommandType='Text', CommandTimeout='30']
      CREATE TABLE "ExerciseTypes" (
          "Id" uuid NOT NULL,
          "Value" text NOT NULL,
          "Description" text,
          "DisplayOrder" integer NOT NULL,
          "IsActive" boolean NOT NULL,
          CONSTRAINT "PK_ExerciseTypes" PRIMARY KEY ("Id")
      );
dbug: Microsoft.EntityFrameworkCore.Database.Command[20103]
      Creating DbCommand for 'ExecuteNonQuery'.
dbug: Microsoft.EntityFrameworkCore.Database.Command[20104]
      Created DbCommand for 'ExecuteNonQuery' (0ms).
dbug: Microsoft.EntityFrameworkCore.Database.Command[20106]
      Initialized DbCommand for 'ExecuteNonQuery' (0ms).
dbug: Microsoft.EntityFrameworkCore.Database.Command[20100]
      Executing DbCommand [Parameters=[], CommandType='Text', CommandTimeout='30']
      CREATE TABLE "ExerciseExerciseTypes" (
          "ExerciseId" uuid NOT NULL,
          "ExerciseTypeId" uuid NOT NULL,
          CONSTRAINT "PK_ExerciseExerciseTypes" PRIMARY KEY ("ExerciseId", "ExerciseTypeId"),
          CONSTRAINT "FK_ExerciseExerciseTypes_ExerciseTypes_ExerciseTypeId" FOREIGN KEY ("ExerciseTypeId") REFERENCES "ExerciseTypes" ("Id") ON DELETE CASCADE,
          CONSTRAINT "FK_ExerciseExerciseTypes_Exercises_ExerciseId" FOREIGN KEY ("ExerciseId") REFERENCES "Exercises" ("Id") ON DELETE CASCADE
      );
info: Microsoft.EntityFrameworkCore.Database.Command[20101]
      Executed DbCommand (1ms) [Parameters=[], CommandType='Text', CommandTimeout='30']
      INSERT INTO "ExerciseTypes" ("Id", "Description", "DisplayOrder", "IsActive", "Value")
      VALUES ('11223344-5566-7788-99aa-bbccddeeff00', 'Exercises performed to prepare the body for more intense activity', 1, TRUE, 'Warmup');
      INSERT INTO "ExerciseTypes" ("Id", "Description", "DisplayOrder", "IsActive", "Value")
      VALUES ('22334455-6677-8899-aabb-ccddeeff0011', 'Main exercises that form the core of the training session', 2, TRUE, 'Workout');
      INSERT INTO "ExerciseTypes" ("Id", "Description", "DisplayOrder", "IsActive", "Value")
      VALUES ('33445566-7788-99aa-bbcc-ddeeff001122', 'Exercises performed to help the body recover after intense activity', 3, TRUE, 'Cooldown');
      INSERT INTO "ExerciseTypes" ("Id", "Description", "DisplayOrder", "IsActive", "Value")
      VALUES ('44556677-8899-aabb-ccdd-eeff00112233', 'Periods of rest between exercises or sets - cannot be combined with other exercise types', 4, TRUE, 'Rest');
info: 7/12/2025 16:06:31.199 RelationalEventId.CommandExecuted[20101] (Microsoft.EntityFrameworkCore.Database.Command) 
      Executed DbCommand (1ms) [Parameters=[], CommandType='Text', CommandTimeout='30']
      INSERT INTO "ExerciseTypes" ("Id", "Description", "DisplayOrder", "IsActive", "Value")
      VALUES ('11223344-5566-7788-99aa-bbccddeeff00', 'Exercises performed to prepare the body for more intense activity', 1, TRUE, 'Warmup');
      INSERT INTO "ExerciseTypes" ("Id", "Description", "DisplayOrder", "IsActive", "Value")
      VALUES ('22334455-6677-8899-aabb-ccddeeff0011', 'Main exercises that form the core of the training session', 2, TRUE, 'Workout');
      INSERT INTO "ExerciseTypes" ("Id", "Description", "DisplayOrder", "IsActive", "Value")
      VALUES ('33445566-7788-99aa-bbcc-ddeeff001122', 'Exercises performed to help the body recover after intense activity', 3, TRUE, 'Cooldown');
      INSERT INTO "ExerciseTypes" ("Id", "Description", "DisplayOrder", "IsActive", "Value")
      VALUES ('44556677-8899-aabb-ccdd-eeff00112233', 'Periods of rest between exercises or sets - cannot be combined with other exercise types', 4, TRUE, 'Rest');
dbug: Microsoft.EntityFrameworkCore.Database.Command[20103]
      Creating DbCommand for 'ExecuteNonQuery'.
dbug: Microsoft.EntityFrameworkCore.Database.Command[20104]
      Created DbCommand for 'ExecuteNonQuery' (0ms).
dbug: Microsoft.EntityFrameworkCore.Database.Command[20106]
      Initialized DbCommand for 'ExecuteNonQuery' (0ms).
dbug: Microsoft.EntityFrameworkCore.Database.Command[20100]
      Executing DbCommand [Parameters=[], CommandType='Text', CommandTimeout='30']
      CREATE INDEX "IX_CoachNote_ExerciseId_Order" ON "CoachNotes" ("ExerciseId", "Order");
info: Microsoft.EntityFrameworkCore.Database.Command[20101]
      Executed DbCommand (0ms) [Parameters=[], CommandType='Text', CommandTimeout='30']
      CREATE INDEX "IX_CoachNote_ExerciseId_Order" ON "CoachNotes" ("ExerciseId", "Order");
info: 7/12/2025 16:06:31.199 RelationalEventId.CommandExecuted[20101] (Microsoft.EntityFrameworkCore.Database.Command) 
      Executed DbCommand (0ms) [Parameters=[], CommandType='Text', CommandTimeout='30']
      CREATE INDEX "IX_CoachNote_ExerciseId_Order" ON "CoachNotes" ("ExerciseId", "Order");
dbug: Microsoft.EntityFrameworkCore.Database.Command[20103]
      Creating DbCommand for 'ExecuteNonQuery'.
dbug: Microsoft.EntityFrameworkCore.Database.Command[20104]
      Created DbCommand for 'ExecuteNonQuery' (0ms).
dbug: Microsoft.EntityFrameworkCore.Database.Command[20106]
      Initialized DbCommand for 'ExecuteNonQuery' (0ms).
dbug: Microsoft.EntityFrameworkCore.Database.Command[20100]
      Executing DbCommand [Parameters=[], CommandType='Text', CommandTimeout='30']
      CREATE INDEX "IX_ExerciseExerciseTypes_ExerciseTypeId" ON "ExerciseExerciseTypes" ("ExerciseTypeId");
info: Microsoft.EntityFrameworkCore.Database.Command[20101]
      Executed DbCommand (1ms) [Parameters=[], CommandType='Text', CommandTimeout='30']
      CREATE TABLE "ExerciseExerciseTypes" (
          "ExerciseId" uuid NOT NULL,
          "ExerciseTypeId" uuid NOT NULL,
          CONSTRAINT "PK_ExerciseExerciseTypes" PRIMARY KEY ("ExerciseId", "ExerciseTypeId"),
          CONSTRAINT "FK_ExerciseExerciseTypes_ExerciseTypes_ExerciseTypeId" FOREIGN KEY ("ExerciseTypeId") REFERENCES "ExerciseTypes" ("Id") ON DELETE CASCADE,
          CONSTRAINT "FK_ExerciseExerciseTypes_Exercises_ExerciseId" FOREIGN KEY ("ExerciseId") REFERENCES "Exercises" ("Id") ON DELETE CASCADE
      );
info: 7/12/2025 16:06:31.199 RelationalEventId.CommandExecuted[20101] (Microsoft.EntityFrameworkCore.Database.Command) 
      Executed DbCommand (1ms) [Parameters=[], CommandType='Text', CommandTimeout='30']
      CREATE TABLE "ExerciseExerciseTypes" (
          "ExerciseId" uuid NOT NULL,
          "ExerciseTypeId" uuid NOT NULL,
          CONSTRAINT "PK_ExerciseExerciseTypes" PRIMARY KEY ("ExerciseId", "ExerciseTypeId"),
          CONSTRAINT "FK_ExerciseExerciseTypes_ExerciseTypes_ExerciseTypeId" FOREIGN KEY ("ExerciseTypeId") REFERENCES "ExerciseTypes" ("Id") ON DELETE CASCADE,
          CONSTRAINT "FK_ExerciseExerciseTypes_Exercises_ExerciseId" FOREIGN KEY ("ExerciseId") REFERENCES "Exercises" ("Id") ON DELETE CASCADE
      );
dbug: Microsoft.EntityFrameworkCore.Database.Command[20103]
      Creating DbCommand for 'ExecuteNonQuery'.
dbug: Microsoft.EntityFrameworkCore.Database.Command[20104]
      Created DbCommand for 'ExecuteNonQuery' (0ms).
dbug: Microsoft.EntityFrameworkCore.Database.Command[20106]
      Initialized DbCommand for 'ExecuteNonQuery' (0ms).
dbug: Microsoft.EntityFrameworkCore.Database.Command[20100]
      Executing DbCommand [Parameters=[], CommandType='Text', CommandTimeout='30']
      INSERT INTO "ExerciseTypes" ("Id", "Description", "DisplayOrder", "IsActive", "Value")
      VALUES ('11223344-5566-7788-99aa-bbccddeeff00', 'Exercises performed to prepare the body for more intense activity', 1, TRUE, 'Warmup');
      INSERT INTO "ExerciseTypes" ("Id", "Description", "DisplayOrder", "IsActive", "Value")
      VALUES ('22334455-6677-8899-aabb-ccddeeff0011', 'Main exercises that form the core of the training session', 2, TRUE, 'Workout');
      INSERT INTO "ExerciseTypes" ("Id", "Description", "DisplayOrder", "IsActive", "Value")
      VALUES ('33445566-7788-99aa-bbcc-ddeeff001122', 'Exercises performed to help the body recover after intense activity', 3, TRUE, 'Cooldown');
      INSERT INTO "ExerciseTypes" ("Id", "Description", "DisplayOrder", "IsActive", "Value")
      VALUES ('44556677-8899-aabb-ccdd-eeff00112233', 'Periods of rest between exercises or sets - cannot be combined with other exercise types', 4, TRUE, 'Rest');
info: Microsoft.EntityFrameworkCore.Database.Command[20101]
      Executed DbCommand (0ms) [Parameters=[], CommandType='Text', CommandTimeout='30']
      CREATE INDEX "IX_ExerciseExerciseTypes_ExerciseTypeId" ON "ExerciseExerciseTypes" ("ExerciseTypeId");
info: 7/12/2025 16:06:31.199 RelationalEventId.CommandExecuted[20101] (Microsoft.EntityFrameworkCore.Database.Command) 
      Executed DbCommand (0ms) [Parameters=[], CommandType='Text', CommandTimeout='30']
      CREATE INDEX "IX_ExerciseExerciseTypes_ExerciseTypeId" ON "ExerciseExerciseTypes" ("ExerciseTypeId");
dbug: Microsoft.EntityFrameworkCore.Database.Command[20103]
      Creating DbCommand for 'ExecuteNonQuery'.
dbug: Microsoft.EntityFrameworkCore.Database.Command[20104]
      Created DbCommand for 'ExecuteNonQuery' (0ms).
dbug: Microsoft.EntityFrameworkCore.Database.Command[20106]
      Initialized DbCommand for 'ExecuteNonQuery' (0ms).
dbug: Microsoft.EntityFrameworkCore.Database.Command[20100]
      Executing DbCommand [Parameters=[], CommandType='Text', CommandTimeout='30']
      INSERT INTO "__EFMigrationsHistory" ("MigrationId", "ProductVersion")
      VALUES ('20250628001030_AddCoachNotesAndExerciseTypes', '9.0.6');
info: Microsoft.EntityFrameworkCore.Database.Command[20101]
      Executed DbCommand (0ms) [Parameters=[], CommandType='Text', CommandTimeout='30']
      INSERT INTO "__EFMigrationsHistory" ("MigrationId", "ProductVersion")
      VALUES ('20250628001030_AddCoachNotesAndExerciseTypes', '9.0.6');
info: 7/12/2025 16:06:31.199 RelationalEventId.CommandExecuted[20101] (Microsoft.EntityFrameworkCore.Database.Command) 
      Executed DbCommand (0ms) [Parameters=[], CommandType='Text', CommandTimeout='30']
      INSERT INTO "__EFMigrationsHistory" ("MigrationId", "ProductVersion")
      VALUES ('20250628001030_AddCoachNotesAndExerciseTypes', '9.0.6');
info: Microsoft.EntityFrameworkCore.Migrations[20402]
      Applying migration '20250629125752_AddCrudFieldsToMuscleGroup'.
info: 7/12/2025 16:06:31.200 RelationalEventId.MigrationApplying[20402] (Microsoft.EntityFrameworkCore.Migrations) 
      Applying migration '20250629125752_AddCrudFieldsToMuscleGroup'.
info: Microsoft.EntityFrameworkCore.Database.Command[20101]
      Executed DbCommand (0ms) [Parameters=[], CommandType='Text', CommandTimeout='30']
      INSERT INTO "ExerciseTypes" ("Id", "Description", "DisplayOrder", "IsActive", "Value")
      VALUES ('11223344-5566-7788-99aa-bbccddeeff00', 'Exercises performed to prepare the body for more intense activity', 1, TRUE, 'Warmup');
      INSERT INTO "ExerciseTypes" ("Id", "Description", "DisplayOrder", "IsActive", "Value")
      VALUES ('22334455-6677-8899-aabb-ccddeeff0011', 'Main exercises that form the core of the training session', 2, TRUE, 'Workout');
      INSERT INTO "ExerciseTypes" ("Id", "Description", "DisplayOrder", "IsActive", "Value")
      VALUES ('33445566-7788-99aa-bbcc-ddeeff001122', 'Exercises performed to help the body recover after intense activity', 3, TRUE, 'Cooldown');
      INSERT INTO "ExerciseTypes" ("Id", "Description", "DisplayOrder", "IsActive", "Value")
      VALUES ('44556677-8899-aabb-ccdd-eeff00112233', 'Periods of rest between exercises or sets - cannot be combined with other exercise types', 4, TRUE, 'Rest');
info: 7/12/2025 16:06:31.200 RelationalEventId.CommandExecuted[20101] (Microsoft.EntityFrameworkCore.Database.Command) 
      Executed DbCommand (0ms) [Parameters=[], CommandType='Text', CommandTimeout='30']
      INSERT INTO "ExerciseTypes" ("Id", "Description", "DisplayOrder", "IsActive", "Value")
      VALUES ('11223344-5566-7788-99aa-bbccddeeff00', 'Exercises performed to prepare the body for more intense activity', 1, TRUE, 'Warmup');
      INSERT INTO "ExerciseTypes" ("Id", "Description", "DisplayOrder", "IsActive", "Value")
      VALUES ('22334455-6677-8899-aabb-ccddeeff0011', 'Main exercises that form the core of the training session', 2, TRUE, 'Workout');
      INSERT INTO "ExerciseTypes" ("Id", "Description", "DisplayOrder", "IsActive", "Value")
      VALUES ('33445566-7788-99aa-bbcc-ddeeff001122', 'Exercises performed to help the body recover after intense activity', 3, TRUE, 'Cooldown');
      INSERT INTO "ExerciseTypes" ("Id", "Description", "DisplayOrder", "IsActive", "Value")
      VALUES ('44556677-8899-aabb-ccdd-eeff00112233', 'Periods of rest between exercises or sets - cannot be combined with other exercise types', 4, TRUE, 'Rest');
dbug: Microsoft.EntityFrameworkCore.Database.Command[20103]
      Creating DbCommand for 'ExecuteNonQuery'.
dbug: Microsoft.EntityFrameworkCore.Database.Command[20104]
      Created DbCommand for 'ExecuteNonQuery' (0ms).
dbug: Microsoft.EntityFrameworkCore.Database.Command[20106]
      Initialized DbCommand for 'ExecuteNonQuery' (0ms).
dbug: Microsoft.EntityFrameworkCore.Database.Command[20100]
      Executing DbCommand [Parameters=[], CommandType='Text', CommandTimeout='30']
      CREATE INDEX "IX_CoachNote_ExerciseId_Order" ON "CoachNotes" ("ExerciseId", "Order");
info: Microsoft.EntityFrameworkCore.Database.Command[20101]
      Executed DbCommand (0ms) [Parameters=[], CommandType='Text', CommandTimeout='30']
      CREATE INDEX "IX_CoachNote_ExerciseId_Order" ON "CoachNotes" ("ExerciseId", "Order");
info: 7/12/2025 16:06:31.200 RelationalEventId.CommandExecuted[20101] (Microsoft.EntityFrameworkCore.Database.Command) 
      Executed DbCommand (0ms) [Parameters=[], CommandType='Text', CommandTimeout='30']
      CREATE INDEX "IX_CoachNote_ExerciseId_Order" ON "CoachNotes" ("ExerciseId", "Order");
dbug: Microsoft.EntityFrameworkCore.Database.Command[20103]
      Creating DbCommand for 'ExecuteNonQuery'.
dbug: Microsoft.EntityFrameworkCore.Database.Command[20104]
      Created DbCommand for 'ExecuteNonQuery' (0ms).
dbug: Microsoft.EntityFrameworkCore.Database.Command[20106]
      Initialized DbCommand for 'ExecuteNonQuery' (0ms).
dbug: Microsoft.EntityFrameworkCore.Database.Command[20100]
      Executing DbCommand [Parameters=[], CommandType='Text', CommandTimeout='30']
      CREATE INDEX "IX_ExerciseExerciseTypes_ExerciseTypeId" ON "ExerciseExerciseTypes" ("ExerciseTypeId");
info: Microsoft.EntityFrameworkCore.Database.Command[20101]
      Executed DbCommand (0ms) [Parameters=[], CommandType='Text', CommandTimeout='30']
      CREATE INDEX "IX_ExerciseExerciseTypes_ExerciseTypeId" ON "ExerciseExerciseTypes" ("ExerciseTypeId");
info: 7/12/2025 16:06:31.200 RelationalEventId.CommandExecuted[20101] (Microsoft.EntityFrameworkCore.Database.Command) 
      Executed DbCommand (0ms) [Parameters=[], CommandType='Text', CommandTimeout='30']
      CREATE INDEX "IX_ExerciseExerciseTypes_ExerciseTypeId" ON "ExerciseExerciseTypes" ("ExerciseTypeId");
dbug: Microsoft.EntityFrameworkCore.Database.Command[20103]
      Creating DbCommand for 'ExecuteNonQuery'.
dbug: Microsoft.EntityFrameworkCore.Database.Command[20104]
      Created DbCommand for 'ExecuteNonQuery' (0ms).
dbug: Microsoft.EntityFrameworkCore.Database.Command[20106]
      Initialized DbCommand for 'ExecuteNonQuery' (0ms).
dbug: Microsoft.EntityFrameworkCore.Database.Command[20100]
      Executing DbCommand [Parameters=[], CommandType='Text', CommandTimeout='30']
      INSERT INTO "__EFMigrationsHistory" ("MigrationId", "ProductVersion")
      VALUES ('20250628001030_AddCoachNotesAndExerciseTypes', '9.0.6');
info: Microsoft.EntityFrameworkCore.Database.Command[20101]
      Executed DbCommand (0ms) [Parameters=[], CommandType='Text', CommandTimeout='30']
      INSERT INTO "__EFMigrationsHistory" ("MigrationId", "ProductVersion")
      VALUES ('20250628001030_AddCoachNotesAndExerciseTypes', '9.0.6');
info: 7/12/2025 16:06:31.200 RelationalEventId.CommandExecuted[20101] (Microsoft.EntityFrameworkCore.Database.Command) 
      Executed DbCommand (0ms) [Parameters=[], CommandType='Text', CommandTimeout='30']
      INSERT INTO "__EFMigrationsHistory" ("MigrationId", "ProductVersion")
      VALUES ('20250628001030_AddCoachNotesAndExerciseTypes', '9.0.6');
info: Microsoft.EntityFrameworkCore.Migrations[20402]
      Applying migration '20250629125752_AddCrudFieldsToMuscleGroup'.
info: 7/12/2025 16:06:31.200 RelationalEventId.MigrationApplying[20402] (Microsoft.EntityFrameworkCore.Migrations) 
      Applying migration '20250629125752_AddCrudFieldsToMuscleGroup'.
dbug: Microsoft.EntityFrameworkCore.Database.Command[20103]
      Creating DbCommand for 'ExecuteNonQuery'.
dbug: Microsoft.EntityFrameworkCore.Database.Command[20103]
      Creating DbCommand for 'ExecuteNonQuery'.
dbug: Microsoft.EntityFrameworkCore.Database.Command[20104]
      Created DbCommand for 'ExecuteNonQuery' (0ms).
dbug: Microsoft.EntityFrameworkCore.Database.Command[20104]
      Created DbCommand for 'ExecuteNonQuery' (0ms).
dbug: Microsoft.EntityFrameworkCore.Database.Command[20106]
      Initialized DbCommand for 'ExecuteNonQuery' (0ms).
dbug: Microsoft.EntityFrameworkCore.Database.Command[20106]
      Initialized DbCommand for 'ExecuteNonQuery' (0ms).
dbug: Microsoft.EntityFrameworkCore.Database.Command[20100]
      Executing DbCommand [Parameters=[], CommandType='Text', CommandTimeout='30']
      ALTER TABLE "MuscleGroups" ALTER COLUMN "Name" TYPE character varying(100);
dbug: Microsoft.EntityFrameworkCore.Database.Command[20100]
      Executing DbCommand [Parameters=[], CommandType='Text', CommandTimeout='30']
      ALTER TABLE "MuscleGroups" ALTER COLUMN "Name" TYPE character varying(100);
info: Microsoft.EntityFrameworkCore.Database.Command[20101]
      Executed DbCommand (1ms) [Parameters=[], CommandType='Text', CommandTimeout='30']
      ALTER TABLE "MuscleGroups" ALTER COLUMN "Name" TYPE character varying(100);
info: Microsoft.EntityFrameworkCore.Database.Command[20101]
      Executed DbCommand (1ms) [Parameters=[], CommandType='Text', CommandTimeout='30']
      ALTER TABLE "MuscleGroups" ALTER COLUMN "Name" TYPE character varying(100);
info: 7/12/2025 16:06:31.211 RelationalEventId.CommandExecuted[20101] (Microsoft.EntityFrameworkCore.Database.Command) 
      Executed DbCommand (1ms) [Parameters=[], CommandType='Text', CommandTimeout='30']
      ALTER TABLE "MuscleGroups" ALTER COLUMN "Name" TYPE character varying(100);
info: 7/12/2025 16:06:31.211 RelationalEventId.CommandExecuted[20101] (Microsoft.EntityFrameworkCore.Database.Command) 
      Executed DbCommand (1ms) [Parameters=[], CommandType='Text', CommandTimeout='30']
      ALTER TABLE "MuscleGroups" ALTER COLUMN "Name" TYPE character varying(100);
dbug: Microsoft.EntityFrameworkCore.Database.Command[20103]
      Creating DbCommand for 'ExecuteNonQuery'.
dbug: Microsoft.EntityFrameworkCore.Database.Command[20104]
      Created DbCommand for 'ExecuteNonQuery' (0ms).
dbug: Microsoft.EntityFrameworkCore.Database.Command[20106]
      Initialized DbCommand for 'ExecuteNonQuery' (0ms).
dbug: Microsoft.EntityFrameworkCore.Database.Command[20100]
      Executing DbCommand [Parameters=[], CommandType='Text', CommandTimeout='30']
      ALTER TABLE "MuscleGroups" ADD "CreatedAt" timestamp with time zone NOT NULL DEFAULT TIMESTAMPTZ '2025-01-29T00:00:00Z';
dbug: Microsoft.EntityFrameworkCore.Database.Command[20103]
      Creating DbCommand for 'ExecuteNonQuery'.
dbug: Microsoft.EntityFrameworkCore.Database.Command[20104]
      Created DbCommand for 'ExecuteNonQuery' (0ms).
dbug: Microsoft.EntityFrameworkCore.Database.Command[20106]
      Initialized DbCommand for 'ExecuteNonQuery' (0ms).
dbug: Microsoft.EntityFrameworkCore.Database.Command[20100]
      Executing DbCommand [Parameters=[], CommandType='Text', CommandTimeout='30']
      ALTER TABLE "MuscleGroups" ADD "CreatedAt" timestamp with time zone NOT NULL DEFAULT TIMESTAMPTZ '2025-01-29T00:00:00Z';
info: Microsoft.EntityFrameworkCore.Database.Command[20101]
      Executed DbCommand (0ms) [Parameters=[], CommandType='Text', CommandTimeout='30']
      ALTER TABLE "MuscleGroups" ADD "CreatedAt" timestamp with time zone NOT NULL DEFAULT TIMESTAMPTZ '2025-01-29T00:00:00Z';
info: 7/12/2025 16:06:31.211 RelationalEventId.CommandExecuted[20101] (Microsoft.EntityFrameworkCore.Database.Command) 
      Executed DbCommand (0ms) [Parameters=[], CommandType='Text', CommandTimeout='30']
      ALTER TABLE "MuscleGroups" ADD "CreatedAt" timestamp with time zone NOT NULL DEFAULT TIMESTAMPTZ '2025-01-29T00:00:00Z';
dbug: Microsoft.EntityFrameworkCore.Database.Command[20103]
      Creating DbCommand for 'ExecuteNonQuery'.
dbug: Microsoft.EntityFrameworkCore.Database.Command[20104]
      Created DbCommand for 'ExecuteNonQuery' (0ms).
dbug: Microsoft.EntityFrameworkCore.Database.Command[20106]
      Initialized DbCommand for 'ExecuteNonQuery' (0ms).
dbug: Microsoft.EntityFrameworkCore.Database.Command[20100]
      Executing DbCommand [Parameters=[], CommandType='Text', CommandTimeout='30']
      ALTER TABLE "MuscleGroups" ADD "IsActive" boolean NOT NULL DEFAULT TRUE;
info: Microsoft.EntityFrameworkCore.Database.Command[20101]
      Executed DbCommand (0ms) [Parameters=[], CommandType='Text', CommandTimeout='30']
      ALTER TABLE "MuscleGroups" ADD "IsActive" boolean NOT NULL DEFAULT TRUE;
info: Microsoft.EntityFrameworkCore.Database.Command[20101]
      Executed DbCommand (1ms) [Parameters=[], CommandType='Text', CommandTimeout='30']
      ALTER TABLE "MuscleGroups" ADD "CreatedAt" timestamp with time zone NOT NULL DEFAULT TIMESTAMPTZ '2025-01-29T00:00:00Z';
info: 7/12/2025 16:06:31.212 RelationalEventId.CommandExecuted[20101] (Microsoft.EntityFrameworkCore.Database.Command) 
      Executed DbCommand (0ms) [Parameters=[], CommandType='Text', CommandTimeout='30']
      ALTER TABLE "MuscleGroups" ADD "IsActive" boolean NOT NULL DEFAULT TRUE;
dbug: Microsoft.EntityFrameworkCore.Database.Command[20103]
      Creating DbCommand for 'ExecuteNonQuery'.
dbug: Microsoft.EntityFrameworkCore.Database.Command[20104]
      Created DbCommand for 'ExecuteNonQuery' (0ms).
dbug: Microsoft.EntityFrameworkCore.Database.Command[20106]
      Initialized DbCommand for 'ExecuteNonQuery' (0ms).
dbug: Microsoft.EntityFrameworkCore.Database.Command[20100]
      Executing DbCommand [Parameters=[], CommandType='Text', CommandTimeout='30']
      ALTER TABLE "MuscleGroups" ADD "UpdatedAt" timestamp with time zone;
info: 7/12/2025 16:06:31.212 RelationalEventId.CommandExecuted[20101] (Microsoft.EntityFrameworkCore.Database.Command) 
      Executed DbCommand (1ms) [Parameters=[], CommandType='Text', CommandTimeout='30']
      ALTER TABLE "MuscleGroups" ADD "CreatedAt" timestamp with time zone NOT NULL DEFAULT TIMESTAMPTZ '2025-01-29T00:00:00Z';
dbug: Microsoft.EntityFrameworkCore.Database.Command[20103]
      Creating DbCommand for 'ExecuteNonQuery'.
dbug: Microsoft.EntityFrameworkCore.Database.Command[20104]
      Created DbCommand for 'ExecuteNonQuery' (0ms).
dbug: Microsoft.EntityFrameworkCore.Database.Command[20106]
      Initialized DbCommand for 'ExecuteNonQuery' (0ms).
dbug: Microsoft.EntityFrameworkCore.Database.Command[20100]
      Executing DbCommand [Parameters=[], CommandType='Text', CommandTimeout='30']
      ALTER TABLE "MuscleGroups" ADD "IsActive" boolean NOT NULL DEFAULT TRUE;
info: Microsoft.EntityFrameworkCore.Database.Command[20101]
      Executed DbCommand (0ms) [Parameters=[], CommandType='Text', CommandTimeout='30']
      ALTER TABLE "MuscleGroups" ADD "UpdatedAt" timestamp with time zone;
info: 7/12/2025 16:06:31.212 RelationalEventId.CommandExecuted[20101] (Microsoft.EntityFrameworkCore.Database.Command) 
      Executed DbCommand (0ms) [Parameters=[], CommandType='Text', CommandTimeout='30']
      ALTER TABLE "MuscleGroups" ADD "UpdatedAt" timestamp with time zone;
dbug: Microsoft.EntityFrameworkCore.Database.Command[20103]
      Creating DbCommand for 'ExecuteNonQuery'.
dbug: Microsoft.EntityFrameworkCore.Database.Command[20104]
      Created DbCommand for 'ExecuteNonQuery' (0ms).
dbug: Microsoft.EntityFrameworkCore.Database.Command[20106]
      Initialized DbCommand for 'ExecuteNonQuery' (0ms).
dbug: Microsoft.EntityFrameworkCore.Database.Command[20100]
      Executing DbCommand [Parameters=[], CommandType='Text', CommandTimeout='30']
      CREATE INDEX "IX_MuscleGroup_Name_IsActive" ON "MuscleGroups" ("Name", "IsActive");
info: Microsoft.EntityFrameworkCore.Database.Command[20101]
      Executed DbCommand (0ms) [Parameters=[], CommandType='Text', CommandTimeout='30']
      ALTER TABLE "MuscleGroups" ADD "IsActive" boolean NOT NULL DEFAULT TRUE;
info: 7/12/2025 16:06:31.212 RelationalEventId.CommandExecuted[20101] (Microsoft.EntityFrameworkCore.Database.Command) 
      Executed DbCommand (0ms) [Parameters=[], CommandType='Text', CommandTimeout='30']
      CREATE INDEX "IX_MuscleGroup_Name_IsActive" ON "MuscleGroups" ("Name", "IsActive");
info: Microsoft.EntityFrameworkCore.Database.Command[20101]
      Executed DbCommand (0ms) [Parameters=[], CommandType='Text', CommandTimeout='30']
      CREATE INDEX "IX_MuscleGroup_Name_IsActive" ON "MuscleGroups" ("Name", "IsActive");
dbug: Microsoft.EntityFrameworkCore.Database.Command[20103]
      Creating DbCommand for 'ExecuteNonQuery'.
dbug: Microsoft.EntityFrameworkCore.Database.Command[20104]
      Created DbCommand for 'ExecuteNonQuery' (0ms).
dbug: Microsoft.EntityFrameworkCore.Database.Command[20106]
      Initialized DbCommand for 'ExecuteNonQuery' (0ms).
info: 7/12/2025 16:06:31.212 RelationalEventId.CommandExecuted[20101] (Microsoft.EntityFrameworkCore.Database.Command) 
      Executed DbCommand (0ms) [Parameters=[], CommandType='Text', CommandTimeout='30']
      ALTER TABLE "MuscleGroups" ADD "IsActive" boolean NOT NULL DEFAULT TRUE;
dbug: Microsoft.EntityFrameworkCore.Database.Command[20100]
      Executing DbCommand [Parameters=[], CommandType='Text', CommandTimeout='30']
      UPDATE "MuscleGroups" 
                        SET "IsActive" = true, 
                            "CreatedAt" = NOW() AT TIME ZONE 'UTC' 
                        WHERE "IsActive" = false OR "CreatedAt" = '0001-01-01 00:00:00'::timestamp
dbug: Microsoft.EntityFrameworkCore.Database.Command[20103]
      Creating DbCommand for 'ExecuteNonQuery'.
dbug: Microsoft.EntityFrameworkCore.Database.Command[20104]
      Created DbCommand for 'ExecuteNonQuery' (0ms).
dbug: Microsoft.EntityFrameworkCore.Database.Command[20106]
      Initialized DbCommand for 'ExecuteNonQuery' (0ms).
dbug: Microsoft.EntityFrameworkCore.Database.Command[20100]
      Executing DbCommand [Parameters=[], CommandType='Text', CommandTimeout='30']
      ALTER TABLE "MuscleGroups" ADD "UpdatedAt" timestamp with time zone;
info: Microsoft.EntityFrameworkCore.Database.Command[20101]
      Executed DbCommand (0ms) [Parameters=[], CommandType='Text', CommandTimeout='30']
      ALTER TABLE "MuscleGroups" ADD "UpdatedAt" timestamp with time zone;
info: 7/12/2025 16:06:31.212 RelationalEventId.CommandExecuted[20101] (Microsoft.EntityFrameworkCore.Database.Command) 
      Executed DbCommand (0ms) [Parameters=[], CommandType='Text', CommandTimeout='30']
      ALTER TABLE "MuscleGroups" ADD "UpdatedAt" timestamp with time zone;
dbug: Microsoft.EntityFrameworkCore.Database.Command[20103]
      Creating DbCommand for 'ExecuteNonQuery'.
dbug: Microsoft.EntityFrameworkCore.Database.Command[20104]
      Created DbCommand for 'ExecuteNonQuery' (0ms).
dbug: Microsoft.EntityFrameworkCore.Database.Command[20106]
      Initialized DbCommand for 'ExecuteNonQuery' (0ms).
dbug: Microsoft.EntityFrameworkCore.Database.Command[20100]
      Executing DbCommand [Parameters=[], CommandType='Text', CommandTimeout='30']
      CREATE INDEX "IX_MuscleGroup_Name_IsActive" ON "MuscleGroups" ("Name", "IsActive");
info: Microsoft.EntityFrameworkCore.Database.Command[20101]
      Executed DbCommand (0ms) [Parameters=[], CommandType='Text', CommandTimeout='30']
      UPDATE "MuscleGroups" 
                        SET "IsActive" = true, 
                            "CreatedAt" = NOW() AT TIME ZONE 'UTC' 
                        WHERE "IsActive" = false OR "CreatedAt" = '0001-01-01 00:00:00'::timestamp
info: 7/12/2025 16:06:31.212 RelationalEventId.CommandExecuted[20101] (Microsoft.EntityFrameworkCore.Database.Command) 
      Executed DbCommand (0ms) [Parameters=[], CommandType='Text', CommandTimeout='30']
      UPDATE "MuscleGroups" 
                        SET "IsActive" = true, 
                            "CreatedAt" = NOW() AT TIME ZONE 'UTC' 
                        WHERE "IsActive" = false OR "CreatedAt" = '0001-01-01 00:00:00'::timestamp
dbug: Microsoft.EntityFrameworkCore.Database.Command[20103]
      Creating DbCommand for 'ExecuteNonQuery'.
dbug: Microsoft.EntityFrameworkCore.Database.Command[20104]
      Created DbCommand for 'ExecuteNonQuery' (0ms).
dbug: Microsoft.EntityFrameworkCore.Database.Command[20106]
      Initialized DbCommand for 'ExecuteNonQuery' (0ms).
dbug: Microsoft.EntityFrameworkCore.Database.Command[20100]
      Executing DbCommand [Parameters=[], CommandType='Text', CommandTimeout='30']
      INSERT INTO "__EFMigrationsHistory" ("MigrationId", "ProductVersion")
      VALUES ('20250629125752_AddCrudFieldsToMuscleGroup', '9.0.6');
info: Microsoft.EntityFrameworkCore.Database.Command[20101]
      Executed DbCommand (0ms) [Parameters=[], CommandType='Text', CommandTimeout='30']
      INSERT INTO "__EFMigrationsHistory" ("MigrationId", "ProductVersion")
      VALUES ('20250629125752_AddCrudFieldsToMuscleGroup', '9.0.6');
info: 7/12/2025 16:06:31.213 RelationalEventId.CommandExecuted[20101] (Microsoft.EntityFrameworkCore.Database.Command) 
      Executed DbCommand (0ms) [Parameters=[], CommandType='Text', CommandTimeout='30']
      INSERT INTO "__EFMigrationsHistory" ("MigrationId", "ProductVersion")
      VALUES ('20250629125752_AddCrudFieldsToMuscleGroup', '9.0.6');
info: Microsoft.EntityFrameworkCore.Migrations[20402]
      Applying migration '20250630121500_AddEquipmentAuditFields'.
info: 7/12/2025 16:06:31.213 RelationalEventId.MigrationApplying[20402] (Microsoft.EntityFrameworkCore.Migrations) 
      Applying migration '20250630121500_AddEquipmentAuditFields'.
info: Microsoft.EntityFrameworkCore.Database.Command[20101]
      Executed DbCommand (1ms) [Parameters=[], CommandType='Text', CommandTimeout='30']
      CREATE INDEX "IX_MuscleGroup_Name_IsActive" ON "MuscleGroups" ("Name", "IsActive");
info: 7/12/2025 16:06:31.213 RelationalEventId.CommandExecuted[20101] (Microsoft.EntityFrameworkCore.Database.Command) 
      Executed DbCommand (1ms) [Parameters=[], CommandType='Text', CommandTimeout='30']
      CREATE INDEX "IX_MuscleGroup_Name_IsActive" ON "MuscleGroups" ("Name", "IsActive");
dbug: Microsoft.EntityFrameworkCore.Database.Command[20103]
      Creating DbCommand for 'ExecuteNonQuery'.
dbug: Microsoft.EntityFrameworkCore.Database.Command[20104]
      Created DbCommand for 'ExecuteNonQuery' (0ms).
dbug: Microsoft.EntityFrameworkCore.Database.Command[20106]
      Initialized DbCommand for 'ExecuteNonQuery' (0ms).
dbug: Microsoft.EntityFrameworkCore.Database.Command[20100]
      Executing DbCommand [Parameters=[], CommandType='Text', CommandTimeout='30']
      UPDATE "MuscleGroups" 
                        SET "IsActive" = true, 
                            "CreatedAt" = NOW() AT TIME ZONE 'UTC' 
                        WHERE "IsActive" = false OR "CreatedAt" = '0001-01-01 00:00:00'::timestamp
info: Microsoft.EntityFrameworkCore.Database.Command[20101]
      Executed DbCommand (1ms) [Parameters=[], CommandType='Text', CommandTimeout='30']
      UPDATE "MuscleGroups" 
                        SET "IsActive" = true, 
                            "CreatedAt" = NOW() AT TIME ZONE 'UTC' 
                        WHERE "IsActive" = false OR "CreatedAt" = '0001-01-01 00:00:00'::timestamp
info: 7/12/2025 16:06:31.214 RelationalEventId.CommandExecuted[20101] (Microsoft.EntityFrameworkCore.Database.Command) 
      Executed DbCommand (1ms) [Parameters=[], CommandType='Text', CommandTimeout='30']
      UPDATE "MuscleGroups" 
                        SET "IsActive" = true, 
                            "CreatedAt" = NOW() AT TIME ZONE 'UTC' 
                        WHERE "IsActive" = false OR "CreatedAt" = '0001-01-01 00:00:00'::timestamp
dbug: Microsoft.EntityFrameworkCore.Database.Command[20103]
      Creating DbCommand for 'ExecuteNonQuery'.
dbug: Microsoft.EntityFrameworkCore.Database.Command[20104]
      Created DbCommand for 'ExecuteNonQuery' (0ms).
dbug: Microsoft.EntityFrameworkCore.Database.Command[20106]
      Initialized DbCommand for 'ExecuteNonQuery' (0ms).
dbug: Microsoft.EntityFrameworkCore.Database.Command[20100]
      Executing DbCommand [Parameters=[], CommandType='Text', CommandTimeout='30']
      INSERT INTO "__EFMigrationsHistory" ("MigrationId", "ProductVersion")
      VALUES ('20250629125752_AddCrudFieldsToMuscleGroup', '9.0.6');
info: Microsoft.EntityFrameworkCore.Database.Command[20101]
      Executed DbCommand (0ms) [Parameters=[], CommandType='Text', CommandTimeout='30']
      INSERT INTO "__EFMigrationsHistory" ("MigrationId", "ProductVersion")
      VALUES ('20250629125752_AddCrudFieldsToMuscleGroup', '9.0.6');
info: 7/12/2025 16:06:31.214 RelationalEventId.CommandExecuted[20101] (Microsoft.EntityFrameworkCore.Database.Command) 
      Executed DbCommand (0ms) [Parameters=[], CommandType='Text', CommandTimeout='30']
      INSERT INTO "__EFMigrationsHistory" ("MigrationId", "ProductVersion")
      VALUES ('20250629125752_AddCrudFieldsToMuscleGroup', '9.0.6');
info: Microsoft.EntityFrameworkCore.Migrations[20402]
      Applying migration '20250630121500_AddEquipmentAuditFields'.
info: 7/12/2025 16:06:31.214 RelationalEventId.MigrationApplying[20402] (Microsoft.EntityFrameworkCore.Migrations) 
      Applying migration '20250630121500_AddEquipmentAuditFields'.
dbug: Microsoft.EntityFrameworkCore.Database.Command[20103]
      Creating DbCommand for 'ExecuteNonQuery'.
dbug: Microsoft.EntityFrameworkCore.Database.Command[20104]
      Created DbCommand for 'ExecuteNonQuery' (0ms).
dbug: Microsoft.EntityFrameworkCore.Database.Command[20106]
      Initialized DbCommand for 'ExecuteNonQuery' (0ms).
dbug: Microsoft.EntityFrameworkCore.Database.Command[20100]
      Executing DbCommand [Parameters=[], CommandType='Text', CommandTimeout='30']
      ALTER TABLE "Equipment" ADD "IsActive" boolean NOT NULL DEFAULT TRUE;
info: Microsoft.EntityFrameworkCore.Database.Command[20101]
      Executed DbCommand (0ms) [Parameters=[], CommandType='Text', CommandTimeout='30']
      ALTER TABLE "Equipment" ADD "IsActive" boolean NOT NULL DEFAULT TRUE;
info: 7/12/2025 16:06:31.219 RelationalEventId.CommandExecuted[20101] (Microsoft.EntityFrameworkCore.Database.Command) 
      Executed DbCommand (0ms) [Parameters=[], CommandType='Text', CommandTimeout='30']
      ALTER TABLE "Equipment" ADD "IsActive" boolean NOT NULL DEFAULT TRUE;
dbug: Microsoft.EntityFrameworkCore.Database.Command[20103]
      Creating DbCommand for 'ExecuteNonQuery'.
dbug: Microsoft.EntityFrameworkCore.Database.Command[20104]
      Created DbCommand for 'ExecuteNonQuery' (0ms).
dbug: Microsoft.EntityFrameworkCore.Database.Command[20106]
      Initialized DbCommand for 'ExecuteNonQuery' (0ms).
dbug: Microsoft.EntityFrameworkCore.Database.Command[20100]
      Executing DbCommand [Parameters=[], CommandType='Text', CommandTimeout='30']
      ALTER TABLE "Equipment" ADD "CreatedAt" timestamp with time zone NOT NULL DEFAULT TIMESTAMPTZ '2025-07-12T14:06:31.213267Z';
info: Microsoft.EntityFrameworkCore.Database.Command[20101]
      Executed DbCommand (0ms) [Parameters=[], CommandType='Text', CommandTimeout='30']
      ALTER TABLE "Equipment" ADD "CreatedAt" timestamp with time zone NOT NULL DEFAULT TIMESTAMPTZ '2025-07-12T14:06:31.213267Z';
info: 7/12/2025 16:06:31.219 RelationalEventId.CommandExecuted[20101] (Microsoft.EntityFrameworkCore.Database.Command) 
      Executed DbCommand (0ms) [Parameters=[], CommandType='Text', CommandTimeout='30']
      ALTER TABLE "Equipment" ADD "CreatedAt" timestamp with time zone NOT NULL DEFAULT TIMESTAMPTZ '2025-07-12T14:06:31.213267Z';
dbug: Microsoft.EntityFrameworkCore.Database.Command[20103]
      Creating DbCommand for 'ExecuteNonQuery'.
dbug: Microsoft.EntityFrameworkCore.Database.Command[20104]
      Created DbCommand for 'ExecuteNonQuery' (0ms).
dbug: Microsoft.EntityFrameworkCore.Database.Command[20106]
      Initialized DbCommand for 'ExecuteNonQuery' (0ms).
dbug: Microsoft.EntityFrameworkCore.Database.Command[20100]
      Executing DbCommand [Parameters=[], CommandType='Text', CommandTimeout='30']
      ALTER TABLE "Equipment" ADD "UpdatedAt" timestamp with time zone;
info: 7/12/2025 16:06:31.219 RelationalEventId.CommandExecuted[20101] (Microsoft.EntityFrameworkCore.Database.Command) 
      Executed DbCommand (0ms) [Parameters=[], CommandType='Text', CommandTimeout='30']
      ALTER TABLE "Equipment" ADD "UpdatedAt" timestamp with time zone;
info: Microsoft.EntityFrameworkCore.Database.Command[20101]
      Executed DbCommand (0ms) [Parameters=[], CommandType='Text', CommandTimeout='30']
      ALTER TABLE "Equipment" ADD "UpdatedAt" timestamp with time zone;
dbug: Microsoft.EntityFrameworkCore.Database.Command[20103]
      Creating DbCommand for 'ExecuteNonQuery'.
dbug: Microsoft.EntityFrameworkCore.Database.Command[20104]
      Created DbCommand for 'ExecuteNonQuery' (0ms).
dbug: Microsoft.EntityFrameworkCore.Database.Command[20106]
      Initialized DbCommand for 'ExecuteNonQuery' (0ms).
dbug: Microsoft.EntityFrameworkCore.Database.Command[20100]
      Executing DbCommand [Parameters=[], CommandType='Text', CommandTimeout='30']
      UPDATE "Equipment" SET "IsActive" = true, "CreatedAt" = NOW() WHERE "IsActive" IS NULL OR "CreatedAt" IS NULL
info: Microsoft.EntityFrameworkCore.Database.Command[20101]
      Executed DbCommand (0ms) [Parameters=[], CommandType='Text', CommandTimeout='30']
      UPDATE "Equipment" SET "IsActive" = true, "CreatedAt" = NOW() WHERE "IsActive" IS NULL OR "CreatedAt" IS NULL
info: 7/12/2025 16:06:31.219 RelationalEventId.CommandExecuted[20101] (Microsoft.EntityFrameworkCore.Database.Command) 
      Executed DbCommand (0ms) [Parameters=[], CommandType='Text', CommandTimeout='30']
      UPDATE "Equipment" SET "IsActive" = true, "CreatedAt" = NOW() WHERE "IsActive" IS NULL OR "CreatedAt" IS NULL
dbug: Microsoft.EntityFrameworkCore.Database.Command[20103]
      Creating DbCommand for 'ExecuteNonQuery'.
dbug: Microsoft.EntityFrameworkCore.Database.Command[20104]
      Created DbCommand for 'ExecuteNonQuery' (0ms).
dbug: Microsoft.EntityFrameworkCore.Database.Command[20106]
      Initialized DbCommand for 'ExecuteNonQuery' (0ms).
dbug: Microsoft.EntityFrameworkCore.Database.Command[20100]
      Executing DbCommand [Parameters=[], CommandType='Text', CommandTimeout='30']
      INSERT INTO "__EFMigrationsHistory" ("MigrationId", "ProductVersion")
      VALUES ('20250630121500_AddEquipmentAuditFields', '9.0.6');
info: Microsoft.EntityFrameworkCore.Database.Command[20101]
      Executed DbCommand (0ms) [Parameters=[], CommandType='Text', CommandTimeout='30']
      INSERT INTO "__EFMigrationsHistory" ("MigrationId", "ProductVersion")
      VALUES ('20250630121500_AddEquipmentAuditFields', '9.0.6');
info: 7/12/2025 16:06:31.219 RelationalEventId.CommandExecuted[20101] (Microsoft.EntityFrameworkCore.Database.Command) 
      Executed DbCommand (0ms) [Parameters=[], CommandType='Text', CommandTimeout='30']
      INSERT INTO "__EFMigrationsHistory" ("MigrationId", "ProductVersion")
      VALUES ('20250630121500_AddEquipmentAuditFields', '9.0.6');
info: Microsoft.EntityFrameworkCore.Migrations[20402]
      Applying migration '20250707134224_AddKineticChainTypeToExercise'.
info: 7/12/2025 16:06:31.219 RelationalEventId.MigrationApplying[20402] (Microsoft.EntityFrameworkCore.Migrations) 
      Applying migration '20250707134224_AddKineticChainTypeToExercise'.
dbug: Microsoft.EntityFrameworkCore.Database.Command[20103]
      Creating DbCommand for 'ExecuteNonQuery'.
dbug: Microsoft.EntityFrameworkCore.Database.Command[20104]
      Created DbCommand for 'ExecuteNonQuery' (0ms).
dbug: Microsoft.EntityFrameworkCore.Database.Command[20106]
      Initialized DbCommand for 'ExecuteNonQuery' (0ms).
dbug: Microsoft.EntityFrameworkCore.Database.Command[20100]
      Executing DbCommand [Parameters=[], CommandType='Text', CommandTimeout='30']
      ALTER TABLE "Equipment" ADD "IsActive" boolean NOT NULL DEFAULT TRUE;
info: Microsoft.EntityFrameworkCore.Database.Command[20101]
      Executed DbCommand (1ms) [Parameters=[], CommandType='Text', CommandTimeout='30']
      ALTER TABLE "Equipment" ADD "IsActive" boolean NOT NULL DEFAULT TRUE;
info: 7/12/2025 16:06:31.221 RelationalEventId.CommandExecuted[20101] (Microsoft.EntityFrameworkCore.Database.Command) 
      Executed DbCommand (1ms) [Parameters=[], CommandType='Text', CommandTimeout='30']
      ALTER TABLE "Equipment" ADD "IsActive" boolean NOT NULL DEFAULT TRUE;
dbug: Microsoft.EntityFrameworkCore.Database.Command[20103]
      Creating DbCommand for 'ExecuteNonQuery'.
dbug: Microsoft.EntityFrameworkCore.Database.Command[20104]
      Created DbCommand for 'ExecuteNonQuery' (0ms).
dbug: Microsoft.EntityFrameworkCore.Database.Command[20106]
      Initialized DbCommand for 'ExecuteNonQuery' (0ms).
dbug: Microsoft.EntityFrameworkCore.Database.Command[20100]
      Executing DbCommand [Parameters=[], CommandType='Text', CommandTimeout='30']
      ALTER TABLE "Equipment" ADD "CreatedAt" timestamp with time zone NOT NULL DEFAULT TIMESTAMPTZ '2025-07-12T14:06:31.214669Z';
info: Microsoft.EntityFrameworkCore.Database.Command[20101]
      Executed DbCommand (0ms) [Parameters=[], CommandType='Text', CommandTimeout='30']
      ALTER TABLE "Equipment" ADD "CreatedAt" timestamp with time zone NOT NULL DEFAULT TIMESTAMPTZ '2025-07-12T14:06:31.214669Z';
info: 7/12/2025 16:06:31.221 RelationalEventId.CommandExecuted[20101] (Microsoft.EntityFrameworkCore.Database.Command) 
      Executed DbCommand (0ms) [Parameters=[], CommandType='Text', CommandTimeout='30']
      ALTER TABLE "Equipment" ADD "CreatedAt" timestamp with time zone NOT NULL DEFAULT TIMESTAMPTZ '2025-07-12T14:06:31.214669Z';
dbug: Microsoft.EntityFrameworkCore.Database.Command[20103]
      Creating DbCommand for 'ExecuteNonQuery'.
dbug: Microsoft.EntityFrameworkCore.Database.Command[20104]
      Created DbCommand for 'ExecuteNonQuery' (0ms).
dbug: Microsoft.EntityFrameworkCore.Database.Command[20106]
      Initialized DbCommand for 'ExecuteNonQuery' (0ms).
dbug: Microsoft.EntityFrameworkCore.Database.Command[20100]
      Executing DbCommand [Parameters=[], CommandType='Text', CommandTimeout='30']
      ALTER TABLE "Equipment" ADD "UpdatedAt" timestamp with time zone;
info: Microsoft.EntityFrameworkCore.Database.Command[20101]
      Executed DbCommand (0ms) [Parameters=[], CommandType='Text', CommandTimeout='30']
      ALTER TABLE "Equipment" ADD "UpdatedAt" timestamp with time zone;
info: 7/12/2025 16:06:31.222 RelationalEventId.CommandExecuted[20101] (Microsoft.EntityFrameworkCore.Database.Command) 
      Executed DbCommand (0ms) [Parameters=[], CommandType='Text', CommandTimeout='30']
      ALTER TABLE "Equipment" ADD "UpdatedAt" timestamp with time zone;
dbug: Microsoft.EntityFrameworkCore.Database.Command[20103]
      Creating DbCommand for 'ExecuteNonQuery'.
dbug: Microsoft.EntityFrameworkCore.Database.Command[20104]
      Created DbCommand for 'ExecuteNonQuery' (0ms).
dbug: Microsoft.EntityFrameworkCore.Database.Command[20106]
      Initialized DbCommand for 'ExecuteNonQuery' (0ms).
dbug: Microsoft.EntityFrameworkCore.Database.Command[20100]
      Executing DbCommand [Parameters=[], CommandType='Text', CommandTimeout='30']
      UPDATE "Equipment" SET "IsActive" = true, "CreatedAt" = NOW() WHERE "IsActive" IS NULL OR "CreatedAt" IS NULL
info: Microsoft.EntityFrameworkCore.Database.Command[20101]
      Executed DbCommand (0ms) [Parameters=[], CommandType='Text', CommandTimeout='30']
      UPDATE "Equipment" SET "IsActive" = true, "CreatedAt" = NOW() WHERE "IsActive" IS NULL OR "CreatedAt" IS NULL
info: 7/12/2025 16:06:31.222 RelationalEventId.CommandExecuted[20101] (Microsoft.EntityFrameworkCore.Database.Command) 
      Executed DbCommand (0ms) [Parameters=[], CommandType='Text', CommandTimeout='30']
      UPDATE "Equipment" SET "IsActive" = true, "CreatedAt" = NOW() WHERE "IsActive" IS NULL OR "CreatedAt" IS NULL
dbug: Microsoft.EntityFrameworkCore.Database.Command[20103]
      Creating DbCommand for 'ExecuteNonQuery'.
dbug: Microsoft.EntityFrameworkCore.Database.Command[20104]
      Created DbCommand for 'ExecuteNonQuery' (0ms).
dbug: Microsoft.EntityFrameworkCore.Database.Command[20106]
      Initialized DbCommand for 'ExecuteNonQuery' (0ms).
dbug: Microsoft.EntityFrameworkCore.Database.Command[20100]
      Executing DbCommand [Parameters=[], CommandType='Text', CommandTimeout='30']
      INSERT INTO "__EFMigrationsHistory" ("MigrationId", "ProductVersion")
      VALUES ('20250630121500_AddEquipmentAuditFields', '9.0.6');
info: Microsoft.EntityFrameworkCore.Database.Command[20101]
      Executed DbCommand (0ms) [Parameters=[], CommandType='Text', CommandTimeout='30']
      INSERT INTO "__EFMigrationsHistory" ("MigrationId", "ProductVersion")
      VALUES ('20250630121500_AddEquipmentAuditFields', '9.0.6');
info: 7/12/2025 16:06:31.222 RelationalEventId.CommandExecuted[20101] (Microsoft.EntityFrameworkCore.Database.Command) 
      Executed DbCommand (0ms) [Parameters=[], CommandType='Text', CommandTimeout='30']
      INSERT INTO "__EFMigrationsHistory" ("MigrationId", "ProductVersion")
      VALUES ('20250630121500_AddEquipmentAuditFields', '9.0.6');
info: Microsoft.EntityFrameworkCore.Migrations[20402]
      Applying migration '20250707134224_AddKineticChainTypeToExercise'.
info: 7/12/2025 16:06:31.222 RelationalEventId.MigrationApplying[20402] (Microsoft.EntityFrameworkCore.Migrations) 
      Applying migration '20250707134224_AddKineticChainTypeToExercise'.
dbug: Microsoft.EntityFrameworkCore.Database.Command[20103]
      Creating DbCommand for 'ExecuteNonQuery'.
dbug: Microsoft.EntityFrameworkCore.Database.Command[20104]
      Created DbCommand for 'ExecuteNonQuery' (0ms).
dbug: Microsoft.EntityFrameworkCore.Database.Command[20106]
      Initialized DbCommand for 'ExecuteNonQuery' (0ms).
dbug: Microsoft.EntityFrameworkCore.Database.Command[20103]
      Creating DbCommand for 'ExecuteNonQuery'.
dbug: Microsoft.EntityFrameworkCore.Database.Command[20104]
      Created DbCommand for 'ExecuteNonQuery' (0ms).
dbug: Microsoft.EntityFrameworkCore.Database.Command[20100]
      Executing DbCommand [Parameters=[], CommandType='Text', CommandTimeout='30']
      ALTER TABLE "Exercises" DROP CONSTRAINT "FK_Exercises_KineticChainTypes_KineticChainTypeId";
dbug: Microsoft.EntityFrameworkCore.Database.Command[20106]
      Initialized DbCommand for 'ExecuteNonQuery' (0ms).
dbug: Microsoft.EntityFrameworkCore.Database.Command[20100]
      Executing DbCommand [Parameters=[], CommandType='Text', CommandTimeout='30']
      ALTER TABLE "Exercises" DROP CONSTRAINT "FK_Exercises_KineticChainTypes_KineticChainTypeId";
info: Microsoft.EntityFrameworkCore.Database.Command[20101]
      Executed DbCommand (1ms) [Parameters=[], CommandType='Text', CommandTimeout='30']
      ALTER TABLE "Exercises" DROP CONSTRAINT "FK_Exercises_KineticChainTypes_KineticChainTypeId";
info: 7/12/2025 16:06:31.225 RelationalEventId.CommandExecuted[20101] (Microsoft.EntityFrameworkCore.Database.Command) 
      Executed DbCommand (1ms) [Parameters=[], CommandType='Text', CommandTimeout='30']
      ALTER TABLE "Exercises" DROP CONSTRAINT "FK_Exercises_KineticChainTypes_KineticChainTypeId";
dbug: Microsoft.EntityFrameworkCore.Database.Command[20103]
      Creating DbCommand for 'ExecuteNonQuery'.
dbug: Microsoft.EntityFrameworkCore.Database.Command[20104]
      Created DbCommand for 'ExecuteNonQuery' (0ms).
dbug: Microsoft.EntityFrameworkCore.Database.Command[20106]
      Initialized DbCommand for 'ExecuteNonQuery' (0ms).
dbug: Microsoft.EntityFrameworkCore.Database.Command[20100]
      Executing DbCommand [Parameters=[], CommandType='Text', CommandTimeout='30']
      ALTER TABLE "Exercises" RENAME COLUMN "KineticChainTypeId" TO "KineticChainId";
info: Microsoft.EntityFrameworkCore.Database.Command[20101]
      Executed DbCommand (0ms) [Parameters=[], CommandType='Text', CommandTimeout='30']
      ALTER TABLE "Exercises" RENAME COLUMN "KineticChainTypeId" TO "KineticChainId";
info: 7/12/2025 16:06:31.226 RelationalEventId.CommandExecuted[20101] (Microsoft.EntityFrameworkCore.Database.Command) 
      Executed DbCommand (0ms) [Parameters=[], CommandType='Text', CommandTimeout='30']
      ALTER TABLE "Exercises" RENAME COLUMN "KineticChainTypeId" TO "KineticChainId";
dbug: Microsoft.EntityFrameworkCore.Database.Command[20103]
      Creating DbCommand for 'ExecuteNonQuery'.
dbug: Microsoft.EntityFrameworkCore.Database.Command[20104]
      Created DbCommand for 'ExecuteNonQuery' (0ms).
dbug: Microsoft.EntityFrameworkCore.Database.Command[20106]
      Initialized DbCommand for 'ExecuteNonQuery' (0ms).
dbug: Microsoft.EntityFrameworkCore.Database.Command[20100]
      Executing DbCommand [Parameters=[], CommandType='Text', CommandTimeout='30']
      ALTER INDEX "IX_Exercises_KineticChainTypeId" RENAME TO "IX_Exercises_KineticChainId";
info: 7/12/2025 16:06:31.226 RelationalEventId.CommandExecuted[20101] (Microsoft.EntityFrameworkCore.Database.Command) 
      Executed DbCommand (0ms) [Parameters=[], CommandType='Text', CommandTimeout='30']
      ALTER INDEX "IX_Exercises_KineticChainTypeId" RENAME TO "IX_Exercises_KineticChainId";
info: Microsoft.EntityFrameworkCore.Database.Command[20101]
      Executed DbCommand (0ms) [Parameters=[], CommandType='Text', CommandTimeout='30']
      ALTER INDEX "IX_Exercises_KineticChainTypeId" RENAME TO "IX_Exercises_KineticChainId";
dbug: Microsoft.EntityFrameworkCore.Database.Command[20103]
      Creating DbCommand for 'ExecuteNonQuery'.
dbug: Microsoft.EntityFrameworkCore.Database.Command[20104]
      Created DbCommand for 'ExecuteNonQuery' (0ms).
dbug: Microsoft.EntityFrameworkCore.Database.Command[20106]
      Initialized DbCommand for 'ExecuteNonQuery' (0ms).
dbug: Microsoft.EntityFrameworkCore.Database.Command[20100]
      Executing DbCommand [Parameters=[], CommandType='Text', CommandTimeout='30']
      ALTER TABLE "Exercises" ADD CONSTRAINT "FK_Exercises_KineticChainTypes_KineticChainId" FOREIGN KEY ("KineticChainId") REFERENCES "KineticChainTypes" ("Id");
info: Microsoft.EntityFrameworkCore.Database.Command[20101]
      Executed DbCommand (1ms) [Parameters=[], CommandType='Text', CommandTimeout='30']
      ALTER TABLE "Exercises" DROP CONSTRAINT "FK_Exercises_KineticChainTypes_KineticChainTypeId";
info: 7/12/2025 16:06:31.226 RelationalEventId.CommandExecuted[20101] (Microsoft.EntityFrameworkCore.Database.Command) 
      Executed DbCommand (1ms) [Parameters=[], CommandType='Text', CommandTimeout='30']
      ALTER TABLE "Exercises" DROP CONSTRAINT "FK_Exercises_KineticChainTypes_KineticChainTypeId";
dbug: Microsoft.EntityFrameworkCore.Database.Command[20103]
      Creating DbCommand for 'ExecuteNonQuery'.
dbug: Microsoft.EntityFrameworkCore.Database.Command[20104]
      Created DbCommand for 'ExecuteNonQuery' (0ms).
dbug: Microsoft.EntityFrameworkCore.Database.Command[20106]
      Initialized DbCommand for 'ExecuteNonQuery' (0ms).
dbug: Microsoft.EntityFrameworkCore.Database.Command[20100]
      Executing DbCommand [Parameters=[], CommandType='Text', CommandTimeout='30']
      ALTER TABLE "Exercises" RENAME COLUMN "KineticChainTypeId" TO "KineticChainId";
info: Microsoft.EntityFrameworkCore.Database.Command[20101]
      Executed DbCommand (0ms) [Parameters=[], CommandType='Text', CommandTimeout='30']
      ALTER TABLE "Exercises" RENAME COLUMN "KineticChainTypeId" TO "KineticChainId";
info: 7/12/2025 16:06:31.226 RelationalEventId.CommandExecuted[20101] (Microsoft.EntityFrameworkCore.Database.Command) 
      Executed DbCommand (0ms) [Parameters=[], CommandType='Text', CommandTimeout='30']
      ALTER TABLE "Exercises" RENAME COLUMN "KineticChainTypeId" TO "KineticChainId";
dbug: Microsoft.EntityFrameworkCore.Database.Command[20103]
      Creating DbCommand for 'ExecuteNonQuery'.
dbug: Microsoft.EntityFrameworkCore.Database.Command[20104]
      Created DbCommand for 'ExecuteNonQuery' (0ms).
dbug: Microsoft.EntityFrameworkCore.Database.Command[20106]
      Initialized DbCommand for 'ExecuteNonQuery' (0ms).
dbug: Microsoft.EntityFrameworkCore.Database.Command[20100]
      Executing DbCommand [Parameters=[], CommandType='Text', CommandTimeout='30']
      ALTER INDEX "IX_Exercises_KineticChainTypeId" RENAME TO "IX_Exercises_KineticChainId";
info: Microsoft.EntityFrameworkCore.Database.Command[20101]
      Executed DbCommand (0ms) [Parameters=[], CommandType='Text', CommandTimeout='30']
      ALTER INDEX "IX_Exercises_KineticChainTypeId" RENAME TO "IX_Exercises_KineticChainId";
info: 7/12/2025 16:06:31.226 RelationalEventId.CommandExecuted[20101] (Microsoft.EntityFrameworkCore.Database.Command) 
      Executed DbCommand (0ms) [Parameters=[], CommandType='Text', CommandTimeout='30']
      ALTER INDEX "IX_Exercises_KineticChainTypeId" RENAME TO "IX_Exercises_KineticChainId";
dbug: Microsoft.EntityFrameworkCore.Database.Command[20103]
      Creating DbCommand for 'ExecuteNonQuery'.
dbug: Microsoft.EntityFrameworkCore.Database.Command[20104]
      Created DbCommand for 'ExecuteNonQuery' (0ms).
dbug: Microsoft.EntityFrameworkCore.Database.Command[20106]
      Initialized DbCommand for 'ExecuteNonQuery' (0ms).
dbug: Microsoft.EntityFrameworkCore.Database.Command[20100]
      Executing DbCommand [Parameters=[], CommandType='Text', CommandTimeout='30']
      ALTER TABLE "Exercises" ADD CONSTRAINT "FK_Exercises_KineticChainTypes_KineticChainId" FOREIGN KEY ("KineticChainId") REFERENCES "KineticChainTypes" ("Id");
info: Microsoft.EntityFrameworkCore.Database.Command[20101]
      Executed DbCommand (1ms) [Parameters=[], CommandType='Text', CommandTimeout='30']
      ALTER TABLE "Exercises" ADD CONSTRAINT "FK_Exercises_KineticChainTypes_KineticChainId" FOREIGN KEY ("KineticChainId") REFERENCES "KineticChainTypes" ("Id");
info: 7/12/2025 16:06:31.226 RelationalEventId.CommandExecuted[20101] (Microsoft.EntityFrameworkCore.Database.Command) 
      Executed DbCommand (1ms) [Parameters=[], CommandType='Text', CommandTimeout='30']
      ALTER TABLE "Exercises" ADD CONSTRAINT "FK_Exercises_KineticChainTypes_KineticChainId" FOREIGN KEY ("KineticChainId") REFERENCES "KineticChainTypes" ("Id");
dbug: Microsoft.EntityFrameworkCore.Database.Command[20103]
      Creating DbCommand for 'ExecuteNonQuery'.
dbug: Microsoft.EntityFrameworkCore.Database.Command[20104]
      Created DbCommand for 'ExecuteNonQuery' (0ms).
dbug: Microsoft.EntityFrameworkCore.Database.Command[20106]
      Initialized DbCommand for 'ExecuteNonQuery' (0ms).
dbug: Microsoft.EntityFrameworkCore.Database.Command[20100]
      Executing DbCommand [Parameters=[], CommandType='Text', CommandTimeout='30']
      INSERT INTO "__EFMigrationsHistory" ("MigrationId", "ProductVersion")
      VALUES ('20250707134224_AddKineticChainTypeToExercise', '9.0.6');
info: Microsoft.EntityFrameworkCore.Database.Command[20101]
      Executed DbCommand (0ms) [Parameters=[], CommandType='Text', CommandTimeout='30']
      INSERT INTO "__EFMigrationsHistory" ("MigrationId", "ProductVersion")
      VALUES ('20250707134224_AddKineticChainTypeToExercise', '9.0.6');
info: 7/12/2025 16:06:31.226 RelationalEventId.CommandExecuted[20101] (Microsoft.EntityFrameworkCore.Database.Command) 
      Executed DbCommand (0ms) [Parameters=[], CommandType='Text', CommandTimeout='30']
      INSERT INTO "__EFMigrationsHistory" ("MigrationId", "ProductVersion")
      VALUES ('20250707134224_AddKineticChainTypeToExercise', '9.0.6');
info: Microsoft.EntityFrameworkCore.Migrations[20402]
      Applying migration '20250707145052_FixKineticChainNullableForeignKey'.
info: 7/12/2025 16:06:31.227 RelationalEventId.MigrationApplying[20402] (Microsoft.EntityFrameworkCore.Migrations) 
      Applying migration '20250707145052_FixKineticChainNullableForeignKey'.
info: Microsoft.EntityFrameworkCore.Database.Command[20101]
      Executed DbCommand (1ms) [Parameters=[], CommandType='Text', CommandTimeout='30']
      ALTER TABLE "Exercises" ADD CONSTRAINT "FK_Exercises_KineticChainTypes_KineticChainId" FOREIGN KEY ("KineticChainId") REFERENCES "KineticChainTypes" ("Id");
info: 7/12/2025 16:06:31.227 RelationalEventId.CommandExecuted[20101] (Microsoft.EntityFrameworkCore.Database.Command) 
      Executed DbCommand (1ms) [Parameters=[], CommandType='Text', CommandTimeout='30']
      ALTER TABLE "Exercises" ADD CONSTRAINT "FK_Exercises_KineticChainTypes_KineticChainId" FOREIGN KEY ("KineticChainId") REFERENCES "KineticChainTypes" ("Id");
dbug: Microsoft.EntityFrameworkCore.Database.Command[20103]
      Creating DbCommand for 'ExecuteNonQuery'.
dbug: Microsoft.EntityFrameworkCore.Database.Command[20104]
      Created DbCommand for 'ExecuteNonQuery' (0ms).
dbug: Microsoft.EntityFrameworkCore.Database.Command[20106]
      Initialized DbCommand for 'ExecuteNonQuery' (0ms).
dbug: Microsoft.EntityFrameworkCore.Database.Command[20100]
      Executing DbCommand [Parameters=[], CommandType='Text', CommandTimeout='30']
      INSERT INTO "__EFMigrationsHistory" ("MigrationId", "ProductVersion")
      VALUES ('20250707134224_AddKineticChainTypeToExercise', '9.0.6');
info: Microsoft.EntityFrameworkCore.Database.Command[20101]
      Executed DbCommand (0ms) [Parameters=[], CommandType='Text', CommandTimeout='30']
      INSERT INTO "__EFMigrationsHistory" ("MigrationId", "ProductVersion")
      VALUES ('20250707134224_AddKineticChainTypeToExercise', '9.0.6');
info: 7/12/2025 16:06:31.227 RelationalEventId.CommandExecuted[20101] (Microsoft.EntityFrameworkCore.Database.Command) 
      Executed DbCommand (0ms) [Parameters=[], CommandType='Text', CommandTimeout='30']
      INSERT INTO "__EFMigrationsHistory" ("MigrationId", "ProductVersion")
      VALUES ('20250707134224_AddKineticChainTypeToExercise', '9.0.6');
info: Microsoft.EntityFrameworkCore.Migrations[20402]
      Applying migration '20250707145052_FixKineticChainNullableForeignKey'.
info: 7/12/2025 16:06:31.227 RelationalEventId.MigrationApplying[20402] (Microsoft.EntityFrameworkCore.Migrations) 
      Applying migration '20250707145052_FixKineticChainNullableForeignKey'.
dbug: Microsoft.EntityFrameworkCore.Database.Command[20103]
      Creating DbCommand for 'ExecuteNonQuery'.
dbug: Microsoft.EntityFrameworkCore.Database.Command[20103]
      Creating DbCommand for 'ExecuteNonQuery'.
dbug: Microsoft.EntityFrameworkCore.Database.Command[20104]
      Created DbCommand for 'ExecuteNonQuery' (0ms).
dbug: Microsoft.EntityFrameworkCore.Database.Command[20104]
      Created DbCommand for 'ExecuteNonQuery' (0ms).
dbug: Microsoft.EntityFrameworkCore.Database.Command[20106]
      Initialized DbCommand for 'ExecuteNonQuery' (0ms).
dbug: Microsoft.EntityFrameworkCore.Database.Command[20106]
      Initialized DbCommand for 'ExecuteNonQuery' (0ms).
dbug: Microsoft.EntityFrameworkCore.Database.Command[20100]
      Executing DbCommand [Parameters=[], CommandType='Text', CommandTimeout='30']
      ALTER TABLE "Exercises" DROP CONSTRAINT "FK_Exercises_KineticChainTypes_KineticChainId";
dbug: Microsoft.EntityFrameworkCore.Database.Command[20100]
      Executing DbCommand [Parameters=[], CommandType='Text', CommandTimeout='30']
      ALTER TABLE "Exercises" DROP CONSTRAINT "FK_Exercises_KineticChainTypes_KineticChainId";
info: Microsoft.EntityFrameworkCore.Database.Command[20101]
      Executed DbCommand (1ms) [Parameters=[], CommandType='Text', CommandTimeout='30']
      ALTER TABLE "Exercises" DROP CONSTRAINT "FK_Exercises_KineticChainTypes_KineticChainId";
info: 7/12/2025 16:06:31.233 RelationalEventId.CommandExecuted[20101] (Microsoft.EntityFrameworkCore.Database.Command) 
      Executed DbCommand (1ms) [Parameters=[], CommandType='Text', CommandTimeout='30']
      ALTER TABLE "Exercises" DROP CONSTRAINT "FK_Exercises_KineticChainTypes_KineticChainId";
dbug: Microsoft.EntityFrameworkCore.Database.Command[20103]
      Creating DbCommand for 'ExecuteNonQuery'.
dbug: Microsoft.EntityFrameworkCore.Database.Command[20104]
      Created DbCommand for 'ExecuteNonQuery' (0ms).
dbug: Microsoft.EntityFrameworkCore.Database.Command[20106]
      Initialized DbCommand for 'ExecuteNonQuery' (0ms).
dbug: Microsoft.EntityFrameworkCore.Database.Command[20100]
      Executing DbCommand [Parameters=[], CommandType='Text', CommandTimeout='30']
      ALTER TABLE "Exercises" ADD CONSTRAINT "FK_Exercises_KineticChainTypes_KineticChainId" FOREIGN KEY ("KineticChainId") REFERENCES "KineticChainTypes" ("Id") ON DELETE RESTRICT;
info: Microsoft.EntityFrameworkCore.Database.Command[20101]
      Executed DbCommand (1ms) [Parameters=[], CommandType='Text', CommandTimeout='30']
      ALTER TABLE "Exercises" DROP CONSTRAINT "FK_Exercises_KineticChainTypes_KineticChainId";
info: 7/12/2025 16:06:31.233 RelationalEventId.CommandExecuted[20101] (Microsoft.EntityFrameworkCore.Database.Command) 
      Executed DbCommand (1ms) [Parameters=[], CommandType='Text', CommandTimeout='30']
      ALTER TABLE "Exercises" DROP CONSTRAINT "FK_Exercises_KineticChainTypes_KineticChainId";
dbug: Microsoft.EntityFrameworkCore.Database.Command[20103]
      Creating DbCommand for 'ExecuteNonQuery'.
dbug: Microsoft.EntityFrameworkCore.Database.Command[20104]
      Created DbCommand for 'ExecuteNonQuery' (0ms).
dbug: Microsoft.EntityFrameworkCore.Database.Command[20106]
      Initialized DbCommand for 'ExecuteNonQuery' (0ms).
dbug: Microsoft.EntityFrameworkCore.Database.Command[20100]
      Executing DbCommand [Parameters=[], CommandType='Text', CommandTimeout='30']
      ALTER TABLE "Exercises" ADD CONSTRAINT "FK_Exercises_KineticChainTypes_KineticChainId" FOREIGN KEY ("KineticChainId") REFERENCES "KineticChainTypes" ("Id") ON DELETE RESTRICT;
info: Microsoft.EntityFrameworkCore.Database.Command[20101]
      Executed DbCommand (1ms) [Parameters=[], CommandType='Text', CommandTimeout='30']
      ALTER TABLE "Exercises" ADD CONSTRAINT "FK_Exercises_KineticChainTypes_KineticChainId" FOREIGN KEY ("KineticChainId") REFERENCES "KineticChainTypes" ("Id") ON DELETE RESTRICT;
info: 7/12/2025 16:06:31.234 RelationalEventId.CommandExecuted[20101] (Microsoft.EntityFrameworkCore.Database.Command) 
      Executed DbCommand (1ms) [Parameters=[], CommandType='Text', CommandTimeout='30']
      ALTER TABLE "Exercises" ADD CONSTRAINT "FK_Exercises_KineticChainTypes_KineticChainId" FOREIGN KEY ("KineticChainId") REFERENCES "KineticChainTypes" ("Id") ON DELETE RESTRICT;
dbug: Microsoft.EntityFrameworkCore.Database.Command[20103]
      Creating DbCommand for 'ExecuteNonQuery'.
dbug: Microsoft.EntityFrameworkCore.Database.Command[20104]
      Created DbCommand for 'ExecuteNonQuery' (0ms).
dbug: Microsoft.EntityFrameworkCore.Database.Command[20106]
      Initialized DbCommand for 'ExecuteNonQuery' (0ms).
dbug: Microsoft.EntityFrameworkCore.Database.Command[20100]
      Executing DbCommand [Parameters=[], CommandType='Text', CommandTimeout='30']
      INSERT INTO "__EFMigrationsHistory" ("MigrationId", "ProductVersion")
      VALUES ('20250707145052_FixKineticChainNullableForeignKey', '9.0.6');
info: Microsoft.EntityFrameworkCore.Database.Command[20101]
      Executed DbCommand (0ms) [Parameters=[], CommandType='Text', CommandTimeout='30']
      INSERT INTO "__EFMigrationsHistory" ("MigrationId", "ProductVersion")
      VALUES ('20250707145052_FixKineticChainNullableForeignKey', '9.0.6');
info: 7/12/2025 16:06:31.234 RelationalEventId.CommandExecuted[20101] (Microsoft.EntityFrameworkCore.Database.Command) 
      Executed DbCommand (0ms) [Parameters=[], CommandType='Text', CommandTimeout='30']
      INSERT INTO "__EFMigrationsHistory" ("MigrationId", "ProductVersion")
      VALUES ('20250707145052_FixKineticChainNullableForeignKey', '9.0.6');
info: Microsoft.EntityFrameworkCore.Migrations[20402]
      Applying migration '20250708180111_UpdateMovementPatternsData'.
info: 7/12/2025 16:06:31.234 RelationalEventId.MigrationApplying[20402] (Microsoft.EntityFrameworkCore.Migrations) 
      Applying migration '20250708180111_UpdateMovementPatternsData'.
info: Microsoft.EntityFrameworkCore.Database.Command[20101]
      Executed DbCommand (1ms) [Parameters=[], CommandType='Text', CommandTimeout='30']
      ALTER TABLE "Exercises" ADD CONSTRAINT "FK_Exercises_KineticChainTypes_KineticChainId" FOREIGN KEY ("KineticChainId") REFERENCES "KineticChainTypes" ("Id") ON DELETE RESTRICT;
info: 7/12/2025 16:06:31.234 RelationalEventId.CommandExecuted[20101] (Microsoft.EntityFrameworkCore.Database.Command) 
      Executed DbCommand (1ms) [Parameters=[], CommandType='Text', CommandTimeout='30']
      ALTER TABLE "Exercises" ADD CONSTRAINT "FK_Exercises_KineticChainTypes_KineticChainId" FOREIGN KEY ("KineticChainId") REFERENCES "KineticChainTypes" ("Id") ON DELETE RESTRICT;
dbug: Microsoft.EntityFrameworkCore.Database.Command[20103]
      Creating DbCommand for 'ExecuteNonQuery'.
dbug: Microsoft.EntityFrameworkCore.Database.Command[20104]
      Created DbCommand for 'ExecuteNonQuery' (0ms).
dbug: Microsoft.EntityFrameworkCore.Database.Command[20106]
      Initialized DbCommand for 'ExecuteNonQuery' (0ms).
dbug: Microsoft.EntityFrameworkCore.Database.Command[20100]
      Executing DbCommand [Parameters=[], CommandType='Text', CommandTimeout='30']
      INSERT INTO "__EFMigrationsHistory" ("MigrationId", "ProductVersion")
      VALUES ('20250707145052_FixKineticChainNullableForeignKey', '9.0.6');
info: Microsoft.EntityFrameworkCore.Database.Command[20101]
      Executed DbCommand (0ms) [Parameters=[], CommandType='Text', CommandTimeout='30']
      INSERT INTO "__EFMigrationsHistory" ("MigrationId", "ProductVersion")
      VALUES ('20250707145052_FixKineticChainNullableForeignKey', '9.0.6');
info: 7/12/2025 16:06:31.235 RelationalEventId.CommandExecuted[20101] (Microsoft.EntityFrameworkCore.Database.Command) 
      Executed DbCommand (0ms) [Parameters=[], CommandType='Text', CommandTimeout='30']
      INSERT INTO "__EFMigrationsHistory" ("MigrationId", "ProductVersion")
      VALUES ('20250707145052_FixKineticChainNullableForeignKey', '9.0.6');
info: Microsoft.EntityFrameworkCore.Migrations[20402]
      Applying migration '20250708180111_UpdateMovementPatternsData'.
info: 7/12/2025 16:06:31.235 RelationalEventId.MigrationApplying[20402] (Microsoft.EntityFrameworkCore.Migrations) 
      Applying migration '20250708180111_UpdateMovementPatternsData'.
dbug: Microsoft.EntityFrameworkCore.Database.Command[20103]
      Creating DbCommand for 'ExecuteNonQuery'.
dbug: Microsoft.EntityFrameworkCore.Database.Command[20104]
      Created DbCommand for 'ExecuteNonQuery' (0ms).
dbug: Microsoft.EntityFrameworkCore.Database.Command[20106]
      Initialized DbCommand for 'ExecuteNonQuery' (0ms).
dbug: Microsoft.EntityFrameworkCore.Database.Command[20103]
      Creating DbCommand for 'ExecuteNonQuery'.
dbug: Microsoft.EntityFrameworkCore.Database.Command[20100]
      Executing DbCommand [Parameters=[], CommandType='Text', CommandTimeout='30']
                      -- Create temporary table to store existing pattern IDs
                      CREATE TEMP TABLE existing_patterns AS 
                      SELECT "Id", "Name" FROM "MovementPatterns" WHERE "Name" IN ('Push', 'Pull', 'Squat');
dbug: Microsoft.EntityFrameworkCore.Database.Command[20104]
      Created DbCommand for 'ExecuteNonQuery' (0ms).
dbug: Microsoft.EntityFrameworkCore.Database.Command[20106]
      Initialized DbCommand for 'ExecuteNonQuery' (0ms).
dbug: Microsoft.EntityFrameworkCore.Database.Command[20100]
      Executing DbCommand [Parameters=[], CommandType='Text', CommandTimeout='30']
                      -- Create temporary table to store existing pattern IDs
                      CREATE TEMP TABLE existing_patterns AS 
                      SELECT "Id", "Name" FROM "MovementPatterns" WHERE "Name" IN ('Push', 'Pull', 'Squat');
info: Microsoft.EntityFrameworkCore.Database.Command[20101]
      Executed DbCommand (1ms) [Parameters=[], CommandType='Text', CommandTimeout='30']
                      -- Create temporary table to store existing pattern IDs
                      CREATE TEMP TABLE existing_patterns AS 
                      SELECT "Id", "Name" FROM "MovementPatterns" WHERE "Name" IN ('Push', 'Pull', 'Squat');
info: 7/12/2025 16:06:31.241 RelationalEventId.CommandExecuted[20101] (Microsoft.EntityFrameworkCore.Database.Command) 
      Executed DbCommand (1ms) [Parameters=[], CommandType='Text', CommandTimeout='30']
                      -- Create temporary table to store existing pattern IDs
                      CREATE TEMP TABLE existing_patterns AS 
                      SELECT "Id", "Name" FROM "MovementPatterns" WHERE "Name" IN ('Push', 'Pull', 'Squat');
dbug: Microsoft.EntityFrameworkCore.Database.Command[20103]
      Creating DbCommand for 'ExecuteNonQuery'.
dbug: Microsoft.EntityFrameworkCore.Database.Command[20104]
      Created DbCommand for 'ExecuteNonQuery' (0ms).
dbug: Microsoft.EntityFrameworkCore.Database.Command[20106]
      Initialized DbCommand for 'ExecuteNonQuery' (0ms).
dbug: Microsoft.EntityFrameworkCore.Database.Command[20100]
      Executing DbCommand [Parameters=[], CommandType='Text', CommandTimeout='30']
                      UPDATE "MovementPatterns" 
                      SET "Description" = 'A lower-body, knee-dominant movement characterized by the simultaneous bending of the hips, knees, and ankles while maintaining a relatively upright torso. Examples: Barbell Back Squat, Goblet Squat, Air Squat.'
                      WHERE "Name" = 'Squat';
info: Microsoft.EntityFrameworkCore.Database.Command[20101]
      Executed DbCommand (1ms) [Parameters=[], CommandType='Text', CommandTimeout='30']
                      -- Create temporary table to store existing pattern IDs
                      CREATE TEMP TABLE existing_patterns AS 
                      SELECT "Id", "Name" FROM "MovementPatterns" WHERE "Name" IN ('Push', 'Pull', 'Squat');
info: Microsoft.EntityFrameworkCore.Database.Command[20101]
      Executed DbCommand (0ms) [Parameters=[], CommandType='Text', CommandTimeout='30']
                      UPDATE "MovementPatterns" 
                      SET "Description" = 'A lower-body, knee-dominant movement characterized by the simultaneous bending of the hips, knees, and ankles while maintaining a relatively upright torso. Examples: Barbell Back Squat, Goblet Squat, Air Squat.'
                      WHERE "Name" = 'Squat';
info: 7/12/2025 16:06:31.241 RelationalEventId.CommandExecuted[20101] (Microsoft.EntityFrameworkCore.Database.Command) 
      Executed DbCommand (1ms) [Parameters=[], CommandType='Text', CommandTimeout='30']
                      -- Create temporary table to store existing pattern IDs
                      CREATE TEMP TABLE existing_patterns AS 
                      SELECT "Id", "Name" FROM "MovementPatterns" WHERE "Name" IN ('Push', 'Pull', 'Squat');
info: 7/12/2025 16:06:31.241 RelationalEventId.CommandExecuted[20101] (Microsoft.EntityFrameworkCore.Database.Command) 
      Executed DbCommand (0ms) [Parameters=[], CommandType='Text', CommandTimeout='30']
                      UPDATE "MovementPatterns" 
                      SET "Description" = 'A lower-body, knee-dominant movement characterized by the simultaneous bending of the hips, knees, and ankles while maintaining a relatively upright torso. Examples: Barbell Back Squat, Goblet Squat, Air Squat.'
                      WHERE "Name" = 'Squat';
dbug: Microsoft.EntityFrameworkCore.Database.Command[20103]
      Creating DbCommand for 'ExecuteNonQuery'.
dbug: Microsoft.EntityFrameworkCore.Database.Command[20103]
      Creating DbCommand for 'ExecuteNonQuery'.
dbug: Microsoft.EntityFrameworkCore.Database.Command[20104]
      Created DbCommand for 'ExecuteNonQuery' (0ms).
dbug: Microsoft.EntityFrameworkCore.Database.Command[20104]
      Created DbCommand for 'ExecuteNonQuery' (0ms).
dbug: Microsoft.EntityFrameworkCore.Database.Command[20106]
      Initialized DbCommand for 'ExecuteNonQuery' (0ms).
dbug: Microsoft.EntityFrameworkCore.Database.Command[20106]
      Initialized DbCommand for 'ExecuteNonQuery' (0ms).
dbug: Microsoft.EntityFrameworkCore.Database.Command[20100]
      Executing DbCommand [Parameters=[], CommandType='Text', CommandTimeout='30']
                      UPDATE "MovementPatterns" 
                      SET "Description" = 'A lower-body, knee-dominant movement characterized by the simultaneous bending of the hips, knees, and ankles while maintaining a relatively upright torso. Examples: Barbell Back Squat, Goblet Squat, Air Squat.'
                      WHERE "Name" = 'Squat';
dbug: Microsoft.EntityFrameworkCore.Database.Command[20100]
      Executing DbCommand [Parameters=[], CommandType='Text', CommandTimeout='30']
                      -- Create temp tables to store the old IDs
                      CREATE TEMP TABLE push_id AS SELECT "Id" FROM "MovementPatterns" WHERE "Name" = 'Push';
                      CREATE TEMP TABLE pull_id AS SELECT "Id" FROM "MovementPatterns" WHERE "Name" = 'Pull';
info: Microsoft.EntityFrameworkCore.Database.Command[20101]
      Executed DbCommand (0ms) [Parameters=[], CommandType='Text', CommandTimeout='30']
                      UPDATE "MovementPatterns" 
                      SET "Description" = 'A lower-body, knee-dominant movement characterized by the simultaneous bending of the hips, knees, and ankles while maintaining a relatively upright torso. Examples: Barbell Back Squat, Goblet Squat, Air Squat.'
                      WHERE "Name" = 'Squat';
info: 7/12/2025 16:06:31.241 RelationalEventId.CommandExecuted[20101] (Microsoft.EntityFrameworkCore.Database.Command) 
      Executed DbCommand (0ms) [Parameters=[], CommandType='Text', CommandTimeout='30']
                      UPDATE "MovementPatterns" 
                      SET "Description" = 'A lower-body, knee-dominant movement characterized by the simultaneous bending of the hips, knees, and ankles while maintaining a relatively upright torso. Examples: Barbell Back Squat, Goblet Squat, Air Squat.'
                      WHERE "Name" = 'Squat';
dbug: Microsoft.EntityFrameworkCore.Database.Command[20103]
      Creating DbCommand for 'ExecuteNonQuery'.
dbug: Microsoft.EntityFrameworkCore.Database.Command[20104]
      Created DbCommand for 'ExecuteNonQuery' (0ms).
dbug: Microsoft.EntityFrameworkCore.Database.Command[20106]
      Initialized DbCommand for 'ExecuteNonQuery' (0ms).
dbug: Microsoft.EntityFrameworkCore.Database.Command[20100]
      Executing DbCommand [Parameters=[], CommandType='Text', CommandTimeout='30']
                      -- Create temp tables to store the old IDs
                      CREATE TEMP TABLE push_id AS SELECT "Id" FROM "MovementPatterns" WHERE "Name" = 'Push';
                      CREATE TEMP TABLE pull_id AS SELECT "Id" FROM "MovementPatterns" WHERE "Name" = 'Pull';
info: Microsoft.EntityFrameworkCore.Database.Command[20101]
      Executed DbCommand (1ms) [Parameters=[], CommandType='Text', CommandTimeout='30']
                      -- Create temp tables to store the old IDs
                      CREATE TEMP TABLE push_id AS SELECT "Id" FROM "MovementPatterns" WHERE "Name" = 'Push';
                      CREATE TEMP TABLE pull_id AS SELECT "Id" FROM "MovementPatterns" WHERE "Name" = 'Pull';
info: 7/12/2025 16:06:31.242 RelationalEventId.CommandExecuted[20101] (Microsoft.EntityFrameworkCore.Database.Command) 
      Executed DbCommand (1ms) [Parameters=[], CommandType='Text', CommandTimeout='30']
                      -- Create temp tables to store the old IDs
                      CREATE TEMP TABLE push_id AS SELECT "Id" FROM "MovementPatterns" WHERE "Name" = 'Push';
                      CREATE TEMP TABLE pull_id AS SELECT "Id" FROM "MovementPatterns" WHERE "Name" = 'Pull';
dbug: Microsoft.EntityFrameworkCore.Database.Command[20103]
      Creating DbCommand for 'ExecuteNonQuery'.
dbug: Microsoft.EntityFrameworkCore.Database.Command[20104]
      Created DbCommand for 'ExecuteNonQuery' (0ms).
dbug: Microsoft.EntityFrameworkCore.Database.Command[20106]
      Initialized DbCommand for 'ExecuteNonQuery' (0ms).
dbug: Microsoft.EntityFrameworkCore.Database.Command[20100]
      Executing DbCommand [Parameters=[], CommandType='Text', CommandTimeout='30']
                      UPDATE "MovementPatterns" 
                      SET "Name" = 'Horizontal Push',
                          "Description" = 'Pushing forward, parallel to the ground. Examples: Bench Press, Push-up, Cable Chest Press.'
                      WHERE "Name" = 'Push';
info: Microsoft.EntityFrameworkCore.Database.Command[20101]
      Executed DbCommand (1ms) [Parameters=[], CommandType='Text', CommandTimeout='30']
                      -- Create temp tables to store the old IDs
                      CREATE TEMP TABLE push_id AS SELECT "Id" FROM "MovementPatterns" WHERE "Name" = 'Push';
                      CREATE TEMP TABLE pull_id AS SELECT "Id" FROM "MovementPatterns" WHERE "Name" = 'Pull';
info: 7/12/2025 16:06:31.242 RelationalEventId.CommandExecuted[20101] (Microsoft.EntityFrameworkCore.Database.Command) 
      Executed DbCommand (1ms) [Parameters=[], CommandType='Text', CommandTimeout='30']
                      -- Create temp tables to store the old IDs
                      CREATE TEMP TABLE push_id AS SELECT "Id" FROM "MovementPatterns" WHERE "Name" = 'Push';
                      CREATE TEMP TABLE pull_id AS SELECT "Id" FROM "MovementPatterns" WHERE "Name" = 'Pull';
dbug: Microsoft.EntityFrameworkCore.Database.Command[20103]
      Creating DbCommand for 'ExecuteNonQuery'.
dbug: Microsoft.EntityFrameworkCore.Database.Command[20104]
      Created DbCommand for 'ExecuteNonQuery' (0ms).
info: Microsoft.EntityFrameworkCore.Database.Command[20101]
      Executed DbCommand (0ms) [Parameters=[], CommandType='Text', CommandTimeout='30']
                      UPDATE "MovementPatterns" 
                      SET "Name" = 'Horizontal Push',
                          "Description" = 'Pushing forward, parallel to the ground. Examples: Bench Press, Push-up, Cable Chest Press.'
                      WHERE "Name" = 'Push';
dbug: Microsoft.EntityFrameworkCore.Database.Command[20106]
      Initialized DbCommand for 'ExecuteNonQuery' (0ms).
info: 7/12/2025 16:06:31.242 RelationalEventId.CommandExecuted[20101] (Microsoft.EntityFrameworkCore.Database.Command) 
      Executed DbCommand (0ms) [Parameters=[], CommandType='Text', CommandTimeout='30']
                      UPDATE "MovementPatterns" 
                      SET "Name" = 'Horizontal Push',
                          "Description" = 'Pushing forward, parallel to the ground. Examples: Bench Press, Push-up, Cable Chest Press.'
                      WHERE "Name" = 'Push';
dbug: Microsoft.EntityFrameworkCore.Database.Command[20100]
      Executing DbCommand [Parameters=[], CommandType='Text', CommandTimeout='30']
                      UPDATE "MovementPatterns" 
                      SET "Name" = 'Horizontal Push',
                          "Description" = 'Pushing forward, parallel to the ground. Examples: Bench Press, Push-up, Cable Chest Press.'
                      WHERE "Name" = 'Push';
dbug: Microsoft.EntityFrameworkCore.Database.Command[20103]
      Creating DbCommand for 'ExecuteNonQuery'.
dbug: Microsoft.EntityFrameworkCore.Database.Command[20104]
      Created DbCommand for 'ExecuteNonQuery' (0ms).
dbug: Microsoft.EntityFrameworkCore.Database.Command[20106]
      Initialized DbCommand for 'ExecuteNonQuery' (0ms).
dbug: Microsoft.EntityFrameworkCore.Database.Command[20100]
      Executing DbCommand [Parameters=[], CommandType='Text', CommandTimeout='30']
                      UPDATE "MovementPatterns" 
                      SET "Name" = 'Horizontal Pull',
                          "Description" = 'Pulling backward, parallel to the ground. Examples: Bent-Over Row, Seated Cable Row, Inverted Row.'
                      WHERE "Name" = 'Pull';
info: Microsoft.EntityFrameworkCore.Database.Command[20101]
      Executed DbCommand (0ms) [Parameters=[], CommandType='Text', CommandTimeout='30']
                      UPDATE "MovementPatterns" 
                      SET "Name" = 'Horizontal Pull',
                          "Description" = 'Pulling backward, parallel to the ground. Examples: Bent-Over Row, Seated Cable Row, Inverted Row.'
                      WHERE "Name" = 'Pull';
info: 7/12/2025 16:06:31.242 RelationalEventId.CommandExecuted[20101] (Microsoft.EntityFrameworkCore.Database.Command) 
      Executed DbCommand (0ms) [Parameters=[], CommandType='Text', CommandTimeout='30']
                      UPDATE "MovementPatterns" 
                      SET "Name" = 'Horizontal Pull',
                          "Description" = 'Pulling backward, parallel to the ground. Examples: Bent-Over Row, Seated Cable Row, Inverted Row.'
                      WHERE "Name" = 'Pull';
dbug: Microsoft.EntityFrameworkCore.Database.Command[20103]
      Creating DbCommand for 'ExecuteNonQuery'.
dbug: Microsoft.EntityFrameworkCore.Database.Command[20104]
      Created DbCommand for 'ExecuteNonQuery' (0ms).
dbug: Microsoft.EntityFrameworkCore.Database.Command[20106]
      Initialized DbCommand for 'ExecuteNonQuery' (0ms).
dbug: Microsoft.EntityFrameworkCore.Database.Command[20100]
      Executing DbCommand [Parameters=[], CommandType='Text', CommandTimeout='30']
                      -- Add Hinge
                      INSERT INTO "MovementPatterns" ("Id", "Name", "Description")
                      SELECT gen_random_uuid(), 'Hinge', 'A lower-body, hip-dominant movement involving flexion and extension primarily at the hip joint with minimal knee bend. This pattern is fundamental for lifting objects from the floor and developing the posterior chain. Examples: Deadlift, Kettlebell Swing, Good Morning.'
                      WHERE NOT EXISTS (SELECT 1 FROM "MovementPatterns" WHERE "Name" = 'Hinge');
                      -- Add Lunge
                      INSERT INTO "MovementPatterns" ("Id", "Name", "Description")
                      SELECT gen_random_uuid(), 'Lunge', 'A unilateral (single-leg focused) movement pattern that challenges balance, stability, and strength in a split stance. It is a key pattern for locomotion and single-leg stability. Examples: Forward Lunge, Reverse Lunge, Bulgarian Split Squat.'
                      WHERE NOT EXISTS (SELECT 1 FROM "MovementPatterns" WHERE "Name" = 'Lunge');
                      -- Add Vertical Push
                      INSERT INTO "MovementPatterns" ("Id", "Name", "Description")
                      SELECT gen_random_uuid(), 'Vertical Push', 'Pushing upward, overhead. Examples: Overhead Press, Dumbbell Shoulder Press, Handstand Push-up.'
                      WHERE NOT EXISTS (SELECT 1 FROM "MovementPatterns" WHERE "Name" = 'Vertical Push');
                      -- Add Vertical Pull
                      INSERT INTO "MovementPatterns" ("Id", "Name", "Description")
                      SELECT gen_random_uuid(), 'Vertical Pull', 'Pulling downward from an overhead position. Examples: Pull-up, Chin-up, Lat Pulldown.'
                      WHERE NOT EXISTS (SELECT 1 FROM "MovementPatterns" WHERE "Name" = 'Vertical Pull');
                      -- Add Carry
                      INSERT INTO "MovementPatterns" ("Id", "Name", "Description")
                      SELECT gen_random_uuid(), 'Carry', 'A pattern of locomotion (walking or running) while under an external load. This is considered highly functional as it integrates core stability with grip strength and full-body coordination. Examples: Farmer''s Walk, Suitcase Carry, Overhead Carry.'
                      WHERE NOT EXISTS (SELECT 1 FROM "MovementPatterns" WHERE "Name" = 'Carry');
                      -- Add Rotation/Anti-Rotation
                      INSERT INTO "MovementPatterns" ("Id", "Name", "Description")
                      SELECT gen_random_uuid(), 'Rotation/Anti-Rotation', 'A core-focused pattern involving either generating rotational force (twisting) or resisting it. This is crucial for athletic power transfer and spinal stability. Examples: Medicine Ball Rotational Throw (Rotation), Pallof Press (Anti-Rotation), Bird-Dog (Anti-Rotation).'
                      WHERE NOT EXISTS (SELECT 1 FROM "MovementPatterns" WHERE "Name" = 'Rotation/Anti-Rotation');
info: Microsoft.EntityFrameworkCore.Database.Command[20101]
      Executed DbCommand (0ms) [Parameters=[], CommandType='Text', CommandTimeout='30']
                      UPDATE "MovementPatterns" 
                      SET "Name" = 'Horizontal Push',
                          "Description" = 'Pushing forward, parallel to the ground. Examples: Bench Press, Push-up, Cable Chest Press.'
                      WHERE "Name" = 'Push';
info: 7/12/2025 16:06:31.242 RelationalEventId.CommandExecuted[20101] (Microsoft.EntityFrameworkCore.Database.Command) 
      Executed DbCommand (0ms) [Parameters=[], CommandType='Text', CommandTimeout='30']
                      UPDATE "MovementPatterns" 
                      SET "Name" = 'Horizontal Push',
                          "Description" = 'Pushing forward, parallel to the ground. Examples: Bench Press, Push-up, Cable Chest Press.'
                      WHERE "Name" = 'Push';
dbug: Microsoft.EntityFrameworkCore.Database.Command[20103]
      Creating DbCommand for 'ExecuteNonQuery'.
dbug: Microsoft.EntityFrameworkCore.Database.Command[20104]
      Created DbCommand for 'ExecuteNonQuery' (0ms).
dbug: Microsoft.EntityFrameworkCore.Database.Command[20106]
      Initialized DbCommand for 'ExecuteNonQuery' (0ms).
dbug: Microsoft.EntityFrameworkCore.Database.Command[20100]
      Executing DbCommand [Parameters=[], CommandType='Text', CommandTimeout='30']
                      UPDATE "MovementPatterns" 
                      SET "Name" = 'Horizontal Pull',
                          "Description" = 'Pulling backward, parallel to the ground. Examples: Bent-Over Row, Seated Cable Row, Inverted Row.'
                      WHERE "Name" = 'Pull';
info: Microsoft.EntityFrameworkCore.Database.Command[20101]
      Executed DbCommand (0ms) [Parameters=[], CommandType='Text', CommandTimeout='30']
                      UPDATE "MovementPatterns" 
                      SET "Name" = 'Horizontal Pull',
                          "Description" = 'Pulling backward, parallel to the ground. Examples: Bent-Over Row, Seated Cable Row, Inverted Row.'
                      WHERE "Name" = 'Pull';
info: 7/12/2025 16:06:31.242 RelationalEventId.CommandExecuted[20101] (Microsoft.EntityFrameworkCore.Database.Command) 
      Executed DbCommand (0ms) [Parameters=[], CommandType='Text', CommandTimeout='30']
                      UPDATE "MovementPatterns" 
                      SET "Name" = 'Horizontal Pull',
                          "Description" = 'Pulling backward, parallel to the ground. Examples: Bent-Over Row, Seated Cable Row, Inverted Row.'
                      WHERE "Name" = 'Pull';
dbug: Microsoft.EntityFrameworkCore.Database.Command[20103]
      Creating DbCommand for 'ExecuteNonQuery'.
dbug: Microsoft.EntityFrameworkCore.Database.Command[20104]
      Created DbCommand for 'ExecuteNonQuery' (0ms).
dbug: Microsoft.EntityFrameworkCore.Database.Command[20106]
      Initialized DbCommand for 'ExecuteNonQuery' (0ms).
dbug: Microsoft.EntityFrameworkCore.Database.Command[20100]
      Executing DbCommand [Parameters=[], CommandType='Text', CommandTimeout='30']
                      -- Add Hinge
                      INSERT INTO "MovementPatterns" ("Id", "Name", "Description")
                      SELECT gen_random_uuid(), 'Hinge', 'A lower-body, hip-dominant movement involving flexion and extension primarily at the hip joint with minimal knee bend. This pattern is fundamental for lifting objects from the floor and developing the posterior chain. Examples: Deadlift, Kettlebell Swing, Good Morning.'
                      WHERE NOT EXISTS (SELECT 1 FROM "MovementPatterns" WHERE "Name" = 'Hinge');
                      -- Add Lunge
                      INSERT INTO "MovementPatterns" ("Id", "Name", "Description")
                      SELECT gen_random_uuid(), 'Lunge', 'A unilateral (single-leg focused) movement pattern that challenges balance, stability, and strength in a split stance. It is a key pattern for locomotion and single-leg stability. Examples: Forward Lunge, Reverse Lunge, Bulgarian Split Squat.'
                      WHERE NOT EXISTS (SELECT 1 FROM "MovementPatterns" WHERE "Name" = 'Lunge');
                      -- Add Vertical Push
                      INSERT INTO "MovementPatterns" ("Id", "Name", "Description")
                      SELECT gen_random_uuid(), 'Vertical Push', 'Pushing upward, overhead. Examples: Overhead Press, Dumbbell Shoulder Press, Handstand Push-up.'
                      WHERE NOT EXISTS (SELECT 1 FROM "MovementPatterns" WHERE "Name" = 'Vertical Push');
                      -- Add Vertical Pull
                      INSERT INTO "MovementPatterns" ("Id", "Name", "Description")
                      SELECT gen_random_uuid(), 'Vertical Pull', 'Pulling downward from an overhead position. Examples: Pull-up, Chin-up, Lat Pulldown.'
                      WHERE NOT EXISTS (SELECT 1 FROM "MovementPatterns" WHERE "Name" = 'Vertical Pull');
                      -- Add Carry
                      INSERT INTO "MovementPatterns" ("Id", "Name", "Description")
                      SELECT gen_random_uuid(), 'Carry', 'A pattern of locomotion (walking or running) while under an external load. This is considered highly functional as it integrates core stability with grip strength and full-body coordination. Examples: Farmer''s Walk, Suitcase Carry, Overhead Carry.'
                      WHERE NOT EXISTS (SELECT 1 FROM "MovementPatterns" WHERE "Name" = 'Carry');
                      -- Add Rotation/Anti-Rotation
                      INSERT INTO "MovementPatterns" ("Id", "Name", "Description")
                      SELECT gen_random_uuid(), 'Rotation/Anti-Rotation', 'A core-focused pattern involving either generating rotational force (twisting) or resisting it. This is crucial for athletic power transfer and spinal stability. Examples: Medicine Ball Rotational Throw (Rotation), Pallof Press (Anti-Rotation), Bird-Dog (Anti-Rotation).'
                      WHERE NOT EXISTS (SELECT 1 FROM "MovementPatterns" WHERE "Name" = 'Rotation/Anti-Rotation');
info: Microsoft.EntityFrameworkCore.Database.Command[20101]
      Executed DbCommand (1ms) [Parameters=[], CommandType='Text', CommandTimeout='30']
                      -- Add Hinge
                      INSERT INTO "MovementPatterns" ("Id", "Name", "Description")
                      SELECT gen_random_uuid(), 'Hinge', 'A lower-body, hip-dominant movement involving flexion and extension primarily at the hip joint with minimal knee bend. This pattern is fundamental for lifting objects from the floor and developing the posterior chain. Examples: Deadlift, Kettlebell Swing, Good Morning.'
                      WHERE NOT EXISTS (SELECT 1 FROM "MovementPatterns" WHERE "Name" = 'Hinge');
                      -- Add Lunge
                      INSERT INTO "MovementPatterns" ("Id", "Name", "Description")
                      SELECT gen_random_uuid(), 'Lunge', 'A unilateral (single-leg focused) movement pattern that challenges balance, stability, and strength in a split stance. It is a key pattern for locomotion and single-leg stability. Examples: Forward Lunge, Reverse Lunge, Bulgarian Split Squat.'
                      WHERE NOT EXISTS (SELECT 1 FROM "MovementPatterns" WHERE "Name" = 'Lunge');
                      -- Add Vertical Push
                      INSERT INTO "MovementPatterns" ("Id", "Name", "Description")
                      SELECT gen_random_uuid(), 'Vertical Push', 'Pushing upward, overhead. Examples: Overhead Press, Dumbbell Shoulder Press, Handstand Push-up.'
                      WHERE NOT EXISTS (SELECT 1 FROM "MovementPatterns" WHERE "Name" = 'Vertical Push');
                      -- Add Vertical Pull
                      INSERT INTO "MovementPatterns" ("Id", "Name", "Description")
                      SELECT gen_random_uuid(), 'Vertical Pull', 'Pulling downward from an overhead position. Examples: Pull-up, Chin-up, Lat Pulldown.'
                      WHERE NOT EXISTS (SELECT 1 FROM "MovementPatterns" WHERE "Name" = 'Vertical Pull');
                      -- Add Carry
                      INSERT INTO "MovementPatterns" ("Id", "Name", "Description")
                      SELECT gen_random_uuid(), 'Carry', 'A pattern of locomotion (walking or running) while under an external load. This is considered highly functional as it integrates core stability with grip strength and full-body coordination. Examples: Farmer''s Walk, Suitcase Carry, Overhead Carry.'
                      WHERE NOT EXISTS (SELECT 1 FROM "MovementPatterns" WHERE "Name" = 'Carry');
                      -- Add Rotation/Anti-Rotation
                      INSERT INTO "MovementPatterns" ("Id", "Name", "Description")
                      SELECT gen_random_uuid(), 'Rotation/Anti-Rotation', 'A core-focused pattern involving either generating rotational force (twisting) or resisting it. This is crucial for athletic power transfer and spinal stability. Examples: Medicine Ball Rotational Throw (Rotation), Pallof Press (Anti-Rotation), Bird-Dog (Anti-Rotation).'
                      WHERE NOT EXISTS (SELECT 1 FROM "MovementPatterns" WHERE "Name" = 'Rotation/Anti-Rotation');
info: 7/12/2025 16:06:31.243 RelationalEventId.CommandExecuted[20101] (Microsoft.EntityFrameworkCore.Database.Command) 
      Executed DbCommand (1ms) [Parameters=[], CommandType='Text', CommandTimeout='30']
                      -- Add Hinge
                      INSERT INTO "MovementPatterns" ("Id", "Name", "Description")
                      SELECT gen_random_uuid(), 'Hinge', 'A lower-body, hip-dominant movement involving flexion and extension primarily at the hip joint with minimal knee bend. This pattern is fundamental for lifting objects from the floor and developing the posterior chain. Examples: Deadlift, Kettlebell Swing, Good Morning.'
                      WHERE NOT EXISTS (SELECT 1 FROM "MovementPatterns" WHERE "Name" = 'Hinge');
                      -- Add Lunge
                      INSERT INTO "MovementPatterns" ("Id", "Name", "Description")
                      SELECT gen_random_uuid(), 'Lunge', 'A unilateral (single-leg focused) movement pattern that challenges balance, stability, and strength in a split stance. It is a key pattern for locomotion and single-leg stability. Examples: Forward Lunge, Reverse Lunge, Bulgarian Split Squat.'
                      WHERE NOT EXISTS (SELECT 1 FROM "MovementPatterns" WHERE "Name" = 'Lunge');
                      -- Add Vertical Push
                      INSERT INTO "MovementPatterns" ("Id", "Name", "Description")
                      SELECT gen_random_uuid(), 'Vertical Push', 'Pushing upward, overhead. Examples: Overhead Press, Dumbbell Shoulder Press, Handstand Push-up.'
                      WHERE NOT EXISTS (SELECT 1 FROM "MovementPatterns" WHERE "Name" = 'Vertical Push');
                      -- Add Vertical Pull
                      INSERT INTO "MovementPatterns" ("Id", "Name", "Description")
                      SELECT gen_random_uuid(), 'Vertical Pull', 'Pulling downward from an overhead position. Examples: Pull-up, Chin-up, Lat Pulldown.'
                      WHERE NOT EXISTS (SELECT 1 FROM "MovementPatterns" WHERE "Name" = 'Vertical Pull');
                      -- Add Carry
                      INSERT INTO "MovementPatterns" ("Id", "Name", "Description")
                      SELECT gen_random_uuid(), 'Carry', 'A pattern of locomotion (walking or running) while under an external load. This is considered highly functional as it integrates core stability with grip strength and full-body coordination. Examples: Farmer''s Walk, Suitcase Carry, Overhead Carry.'
                      WHERE NOT EXISTS (SELECT 1 FROM "MovementPatterns" WHERE "Name" = 'Carry');
                      -- Add Rotation/Anti-Rotation
                      INSERT INTO "MovementPatterns" ("Id", "Name", "Description")
                      SELECT gen_random_uuid(), 'Rotation/Anti-Rotation', 'A core-focused pattern involving either generating rotational force (twisting) or resisting it. This is crucial for athletic power transfer and spinal stability. Examples: Medicine Ball Rotational Throw (Rotation), Pallof Press (Anti-Rotation), Bird-Dog (Anti-Rotation).'
                      WHERE NOT EXISTS (SELECT 1 FROM "MovementPatterns" WHERE "Name" = 'Rotation/Anti-Rotation');
dbug: Microsoft.EntityFrameworkCore.Database.Command[20103]
      Creating DbCommand for 'ExecuteNonQuery'.
dbug: Microsoft.EntityFrameworkCore.Database.Command[20104]
      Created DbCommand for 'ExecuteNonQuery' (0ms).
dbug: Microsoft.EntityFrameworkCore.Database.Command[20106]
      Initialized DbCommand for 'ExecuteNonQuery' (0ms).
dbug: Microsoft.EntityFrameworkCore.Database.Command[20100]
      Executing DbCommand [Parameters=[], CommandType='Text', CommandTimeout='30']
                      DROP TABLE IF EXISTS existing_patterns;
                      DROP TABLE IF EXISTS push_id;
                      DROP TABLE IF EXISTS pull_id;
info: Microsoft.EntityFrameworkCore.Database.Command[20101]
      Executed DbCommand (1ms) [Parameters=[], CommandType='Text', CommandTimeout='30']
                      -- Add Hinge
                      INSERT INTO "MovementPatterns" ("Id", "Name", "Description")
                      SELECT gen_random_uuid(), 'Hinge', 'A lower-body, hip-dominant movement involving flexion and extension primarily at the hip joint with minimal knee bend. This pattern is fundamental for lifting objects from the floor and developing the posterior chain. Examples: Deadlift, Kettlebell Swing, Good Morning.'
                      WHERE NOT EXISTS (SELECT 1 FROM "MovementPatterns" WHERE "Name" = 'Hinge');
                      -- Add Lunge
                      INSERT INTO "MovementPatterns" ("Id", "Name", "Description")
                      SELECT gen_random_uuid(), 'Lunge', 'A unilateral (single-leg focused) movement pattern that challenges balance, stability, and strength in a split stance. It is a key pattern for locomotion and single-leg stability. Examples: Forward Lunge, Reverse Lunge, Bulgarian Split Squat.'
                      WHERE NOT EXISTS (SELECT 1 FROM "MovementPatterns" WHERE "Name" = 'Lunge');
                      -- Add Vertical Push
                      INSERT INTO "MovementPatterns" ("Id", "Name", "Description")
                      SELECT gen_random_uuid(), 'Vertical Push', 'Pushing upward, overhead. Examples: Overhead Press, Dumbbell Shoulder Press, Handstand Push-up.'
                      WHERE NOT EXISTS (SELECT 1 FROM "MovementPatterns" WHERE "Name" = 'Vertical Push');
                      -- Add Vertical Pull
                      INSERT INTO "MovementPatterns" ("Id", "Name", "Description")
                      SELECT gen_random_uuid(), 'Vertical Pull', 'Pulling downward from an overhead position. Examples: Pull-up, Chin-up, Lat Pulldown.'
                      WHERE NOT EXISTS (SELECT 1 FROM "MovementPatterns" WHERE "Name" = 'Vertical Pull');
                      -- Add Carry
                      INSERT INTO "MovementPatterns" ("Id", "Name", "Description")
                      SELECT gen_random_uuid(), 'Carry', 'A pattern of locomotion (walking or running) while under an external load. This is considered highly functional as it integrates core stability with grip strength and full-body coordination. Examples: Farmer''s Walk, Suitcase Carry, Overhead Carry.'
                      WHERE NOT EXISTS (SELECT 1 FROM "MovementPatterns" WHERE "Name" = 'Carry');
                      -- Add Rotation/Anti-Rotation
                      INSERT INTO "MovementPatterns" ("Id", "Name", "Description")
                      SELECT gen_random_uuid(), 'Rotation/Anti-Rotation', 'A core-focused pattern involving either generating rotational force (twisting) or resisting it. This is crucial for athletic power transfer and spinal stability. Examples: Medicine Ball Rotational Throw (Rotation), Pallof Press (Anti-Rotation), Bird-Dog (Anti-Rotation).'
                      WHERE NOT EXISTS (SELECT 1 FROM "MovementPatterns" WHERE "Name" = 'Rotation/Anti-Rotation');
info: 7/12/2025 16:06:31.243 RelationalEventId.CommandExecuted[20101] (Microsoft.EntityFrameworkCore.Database.Command) 
      Executed DbCommand (1ms) [Parameters=[], CommandType='Text', CommandTimeout='30']
                      -- Add Hinge
                      INSERT INTO "MovementPatterns" ("Id", "Name", "Description")
                      SELECT gen_random_uuid(), 'Hinge', 'A lower-body, hip-dominant movement involving flexion and extension primarily at the hip joint with minimal knee bend. This pattern is fundamental for lifting objects from the floor and developing the posterior chain. Examples: Deadlift, Kettlebell Swing, Good Morning.'
                      WHERE NOT EXISTS (SELECT 1 FROM "MovementPatterns" WHERE "Name" = 'Hinge');
                      -- Add Lunge
                      INSERT INTO "MovementPatterns" ("Id", "Name", "Description")
                      SELECT gen_random_uuid(), 'Lunge', 'A unilateral (single-leg focused) movement pattern that challenges balance, stability, and strength in a split stance. It is a key pattern for locomotion and single-leg stability. Examples: Forward Lunge, Reverse Lunge, Bulgarian Split Squat.'
                      WHERE NOT EXISTS (SELECT 1 FROM "MovementPatterns" WHERE "Name" = 'Lunge');
                      -- Add Vertical Push
                      INSERT INTO "MovementPatterns" ("Id", "Name", "Description")
                      SELECT gen_random_uuid(), 'Vertical Push', 'Pushing upward, overhead. Examples: Overhead Press, Dumbbell Shoulder Press, Handstand Push-up.'
                      WHERE NOT EXISTS (SELECT 1 FROM "MovementPatterns" WHERE "Name" = 'Vertical Push');
                      -- Add Vertical Pull
                      INSERT INTO "MovementPatterns" ("Id", "Name", "Description")
                      SELECT gen_random_uuid(), 'Vertical Pull', 'Pulling downward from an overhead position. Examples: Pull-up, Chin-up, Lat Pulldown.'
                      WHERE NOT EXISTS (SELECT 1 FROM "MovementPatterns" WHERE "Name" = 'Vertical Pull');
                      -- Add Carry
                      INSERT INTO "MovementPatterns" ("Id", "Name", "Description")
                      SELECT gen_random_uuid(), 'Carry', 'A pattern of locomotion (walking or running) while under an external load. This is considered highly functional as it integrates core stability with grip strength and full-body coordination. Examples: Farmer''s Walk, Suitcase Carry, Overhead Carry.'
                      WHERE NOT EXISTS (SELECT 1 FROM "MovementPatterns" WHERE "Name" = 'Carry');
                      -- Add Rotation/Anti-Rotation
                      INSERT INTO "MovementPatterns" ("Id", "Name", "Description")
                      SELECT gen_random_uuid(), 'Rotation/Anti-Rotation', 'A core-focused pattern involving either generating rotational force (twisting) or resisting it. This is crucial for athletic power transfer and spinal stability. Examples: Medicine Ball Rotational Throw (Rotation), Pallof Press (Anti-Rotation), Bird-Dog (Anti-Rotation).'
                      WHERE NOT EXISTS (SELECT 1 FROM "MovementPatterns" WHERE "Name" = 'Rotation/Anti-Rotation');
info: Microsoft.EntityFrameworkCore.Database.Command[20101]
      Executed DbCommand (1ms) [Parameters=[], CommandType='Text', CommandTimeout='30']
                      DROP TABLE IF EXISTS existing_patterns;
                      DROP TABLE IF EXISTS push_id;
                      DROP TABLE IF EXISTS pull_id;
info: 7/12/2025 16:06:31.244 RelationalEventId.CommandExecuted[20101] (Microsoft.EntityFrameworkCore.Database.Command) 
      Executed DbCommand (1ms) [Parameters=[], CommandType='Text', CommandTimeout='30']
                      DROP TABLE IF EXISTS existing_patterns;
                      DROP TABLE IF EXISTS push_id;
                      DROP TABLE IF EXISTS pull_id;
dbug: Microsoft.EntityFrameworkCore.Database.Command[20103]
      Creating DbCommand for 'ExecuteNonQuery'.
dbug: Microsoft.EntityFrameworkCore.Database.Command[20103]
      Creating DbCommand for 'ExecuteNonQuery'.
dbug: Microsoft.EntityFrameworkCore.Database.Command[20104]
      Created DbCommand for 'ExecuteNonQuery' (0ms).
dbug: Microsoft.EntityFrameworkCore.Database.Command[20106]
      Initialized DbCommand for 'ExecuteNonQuery' (0ms).
dbug: Microsoft.EntityFrameworkCore.Database.Command[20100]
      Executing DbCommand [Parameters=[], CommandType='Text', CommandTimeout='30']
      INSERT INTO "__EFMigrationsHistory" ("MigrationId", "ProductVersion")
      VALUES ('20250708180111_UpdateMovementPatternsData', '9.0.6');
dbug: Microsoft.EntityFrameworkCore.Database.Command[20104]
      Created DbCommand for 'ExecuteNonQuery' (0ms).
dbug: Microsoft.EntityFrameworkCore.Database.Command[20106]
      Initialized DbCommand for 'ExecuteNonQuery' (0ms).
dbug: Microsoft.EntityFrameworkCore.Database.Command[20100]
      Executing DbCommand [Parameters=[], CommandType='Text', CommandTimeout='30']
                      DROP TABLE IF EXISTS existing_patterns;
                      DROP TABLE IF EXISTS push_id;
                      DROP TABLE IF EXISTS pull_id;
info: Microsoft.EntityFrameworkCore.Database.Command[20101]
      Executed DbCommand (0ms) [Parameters=[], CommandType='Text', CommandTimeout='30']
      INSERT INTO "__EFMigrationsHistory" ("MigrationId", "ProductVersion")
      VALUES ('20250708180111_UpdateMovementPatternsData', '9.0.6');
info: 7/12/2025 16:06:31.244 RelationalEventId.CommandExecuted[20101] (Microsoft.EntityFrameworkCore.Database.Command) 
      Executed DbCommand (0ms) [Parameters=[], CommandType='Text', CommandTimeout='30']
      INSERT INTO "__EFMigrationsHistory" ("MigrationId", "ProductVersion")
      VALUES ('20250708180111_UpdateMovementPatternsData', '9.0.6');
info: Microsoft.EntityFrameworkCore.Migrations[20402]
      Applying migration '20250709084215_AddExerciseLinksTable'.
info: 7/12/2025 16:06:31.244 RelationalEventId.MigrationApplying[20402] (Microsoft.EntityFrameworkCore.Migrations) 
      Applying migration '20250709084215_AddExerciseLinksTable'.
info: Microsoft.EntityFrameworkCore.Database.Command[20101]
      Executed DbCommand (1ms) [Parameters=[], CommandType='Text', CommandTimeout='30']
                      DROP TABLE IF EXISTS existing_patterns;
                      DROP TABLE IF EXISTS push_id;
                      DROP TABLE IF EXISTS pull_id;
info: 7/12/2025 16:06:31.245 RelationalEventId.CommandExecuted[20101] (Microsoft.EntityFrameworkCore.Database.Command) 
      Executed DbCommand (1ms) [Parameters=[], CommandType='Text', CommandTimeout='30']
                      DROP TABLE IF EXISTS existing_patterns;
                      DROP TABLE IF EXISTS push_id;
                      DROP TABLE IF EXISTS pull_id;
dbug: Microsoft.EntityFrameworkCore.Database.Command[20103]
      Creating DbCommand for 'ExecuteNonQuery'.
dbug: Microsoft.EntityFrameworkCore.Database.Command[20104]
      Created DbCommand for 'ExecuteNonQuery' (0ms).
dbug: Microsoft.EntityFrameworkCore.Database.Command[20106]
      Initialized DbCommand for 'ExecuteNonQuery' (0ms).
dbug: Microsoft.EntityFrameworkCore.Database.Command[20100]
      Executing DbCommand [Parameters=[], CommandType='Text', CommandTimeout='30']
      INSERT INTO "__EFMigrationsHistory" ("MigrationId", "ProductVersion")
      VALUES ('20250708180111_UpdateMovementPatternsData', '9.0.6');
info: Microsoft.EntityFrameworkCore.Database.Command[20101]
      Executed DbCommand (0ms) [Parameters=[], CommandType='Text', CommandTimeout='30']
      INSERT INTO "__EFMigrationsHistory" ("MigrationId", "ProductVersion")
      VALUES ('20250708180111_UpdateMovementPatternsData', '9.0.6');
info: 7/12/2025 16:06:31.245 RelationalEventId.CommandExecuted[20101] (Microsoft.EntityFrameworkCore.Database.Command) 
      Executed DbCommand (0ms) [Parameters=[], CommandType='Text', CommandTimeout='30']
      INSERT INTO "__EFMigrationsHistory" ("MigrationId", "ProductVersion")
      VALUES ('20250708180111_UpdateMovementPatternsData', '9.0.6');
info: Microsoft.EntityFrameworkCore.Migrations[20402]
      Applying migration '20250709084215_AddExerciseLinksTable'.
info: 7/12/2025 16:06:31.245 RelationalEventId.MigrationApplying[20402] (Microsoft.EntityFrameworkCore.Migrations) 
      Applying migration '20250709084215_AddExerciseLinksTable'.
dbug: Microsoft.EntityFrameworkCore.Database.Command[20103]
      Creating DbCommand for 'ExecuteNonQuery'.
dbug: Microsoft.EntityFrameworkCore.Database.Command[20103]
      Creating DbCommand for 'ExecuteNonQuery'.
dbug: Microsoft.EntityFrameworkCore.Database.Command[20104]
      Created DbCommand for 'ExecuteNonQuery' (0ms).
dbug: Microsoft.EntityFrameworkCore.Database.Command[20104]
      Created DbCommand for 'ExecuteNonQuery' (0ms).
dbug: Microsoft.EntityFrameworkCore.Database.Command[20106]
      Initialized DbCommand for 'ExecuteNonQuery' (0ms).
dbug: Microsoft.EntityFrameworkCore.Database.Command[20106]
      Initialized DbCommand for 'ExecuteNonQuery' (0ms).
dbug: Microsoft.EntityFrameworkCore.Database.Command[20100]
      Executing DbCommand [Parameters=[], CommandType='Text', CommandTimeout='30']
      CREATE TABLE "ExerciseLinks" (
          "Id" uuid NOT NULL,
          "SourceExerciseId" uuid NOT NULL,
          "TargetExerciseId" uuid NOT NULL,
          "LinkType" character varying(10) NOT NULL,
          "DisplayOrder" integer NOT NULL,
          "IsActive" boolean NOT NULL,
          "CreatedAt" timestamp with time zone NOT NULL,
          "UpdatedAt" timestamp with time zone NOT NULL,
          CONSTRAINT "PK_ExerciseLinks" PRIMARY KEY ("Id"),
          CONSTRAINT "FK_ExerciseLinks_Exercises_SourceExerciseId" FOREIGN KEY ("SourceExerciseId") REFERENCES "Exercises" ("Id") ON DELETE RESTRICT,
          CONSTRAINT "FK_ExerciseLinks_Exercises_TargetExerciseId" FOREIGN KEY ("TargetExerciseId") REFERENCES "Exercises" ("Id") ON DELETE RESTRICT
      );
dbug: Microsoft.EntityFrameworkCore.Database.Command[20100]
      Executing DbCommand [Parameters=[], CommandType='Text', CommandTimeout='30']
      CREATE TABLE "ExerciseLinks" (
          "Id" uuid NOT NULL,
          "SourceExerciseId" uuid NOT NULL,
          "TargetExerciseId" uuid NOT NULL,
          "LinkType" character varying(10) NOT NULL,
          "DisplayOrder" integer NOT NULL,
          "IsActive" boolean NOT NULL,
          "CreatedAt" timestamp with time zone NOT NULL,
          "UpdatedAt" timestamp with time zone NOT NULL,
          CONSTRAINT "PK_ExerciseLinks" PRIMARY KEY ("Id"),
          CONSTRAINT "FK_ExerciseLinks_Exercises_SourceExerciseId" FOREIGN KEY ("SourceExerciseId") REFERENCES "Exercises" ("Id") ON DELETE RESTRICT,
          CONSTRAINT "FK_ExerciseLinks_Exercises_TargetExerciseId" FOREIGN KEY ("TargetExerciseId") REFERENCES "Exercises" ("Id") ON DELETE RESTRICT
      );
info: Microsoft.EntityFrameworkCore.Database.Command[20101]
      Executed DbCommand (1ms) [Parameters=[], CommandType='Text', CommandTimeout='30']
      CREATE TABLE "ExerciseLinks" (
          "Id" uuid NOT NULL,
          "SourceExerciseId" uuid NOT NULL,
          "TargetExerciseId" uuid NOT NULL,
          "LinkType" character varying(10) NOT NULL,
          "DisplayOrder" integer NOT NULL,
          "IsActive" boolean NOT NULL,
          "CreatedAt" timestamp with time zone NOT NULL,
          "UpdatedAt" timestamp with time zone NOT NULL,
          CONSTRAINT "PK_ExerciseLinks" PRIMARY KEY ("Id"),
          CONSTRAINT "FK_ExerciseLinks_Exercises_SourceExerciseId" FOREIGN KEY ("SourceExerciseId") REFERENCES "Exercises" ("Id") ON DELETE RESTRICT,
          CONSTRAINT "FK_ExerciseLinks_Exercises_TargetExerciseId" FOREIGN KEY ("TargetExerciseId") REFERENCES "Exercises" ("Id") ON DELETE RESTRICT
      );
info: Microsoft.EntityFrameworkCore.Database.Command[20101]
      Executed DbCommand (1ms) [Parameters=[], CommandType='Text', CommandTimeout='30']
      CREATE TABLE "ExerciseLinks" (
          "Id" uuid NOT NULL,
          "SourceExerciseId" uuid NOT NULL,
          "TargetExerciseId" uuid NOT NULL,
          "LinkType" character varying(10) NOT NULL,
          "DisplayOrder" integer NOT NULL,
          "IsActive" boolean NOT NULL,
          "CreatedAt" timestamp with time zone NOT NULL,
          "UpdatedAt" timestamp with time zone NOT NULL,
          CONSTRAINT "PK_ExerciseLinks" PRIMARY KEY ("Id"),
          CONSTRAINT "FK_ExerciseLinks_Exercises_SourceExerciseId" FOREIGN KEY ("SourceExerciseId") REFERENCES "Exercises" ("Id") ON DELETE RESTRICT,
          CONSTRAINT "FK_ExerciseLinks_Exercises_TargetExerciseId" FOREIGN KEY ("TargetExerciseId") REFERENCES "Exercises" ("Id") ON DELETE RESTRICT
      );
info: 7/12/2025 16:06:31.261 RelationalEventId.CommandExecuted[20101] (Microsoft.EntityFrameworkCore.Database.Command) 
      Executed DbCommand (1ms) [Parameters=[], CommandType='Text', CommandTimeout='30']
      CREATE TABLE "ExerciseLinks" (
          "Id" uuid NOT NULL,
          "SourceExerciseId" uuid NOT NULL,
          "TargetExerciseId" uuid NOT NULL,
          "LinkType" character varying(10) NOT NULL,
          "DisplayOrder" integer NOT NULL,
          "IsActive" boolean NOT NULL,
          "CreatedAt" timestamp with time zone NOT NULL,
          "UpdatedAt" timestamp with time zone NOT NULL,
          CONSTRAINT "PK_ExerciseLinks" PRIMARY KEY ("Id"),
          CONSTRAINT "FK_ExerciseLinks_Exercises_SourceExerciseId" FOREIGN KEY ("SourceExerciseId") REFERENCES "Exercises" ("Id") ON DELETE RESTRICT,
          CONSTRAINT "FK_ExerciseLinks_Exercises_TargetExerciseId" FOREIGN KEY ("TargetExerciseId") REFERENCES "Exercises" ("Id") ON DELETE RESTRICT
      );
info: 7/12/2025 16:06:31.261 RelationalEventId.CommandExecuted[20101] (Microsoft.EntityFrameworkCore.Database.Command) 
      Executed DbCommand (1ms) [Parameters=[], CommandType='Text', CommandTimeout='30']
      CREATE TABLE "ExerciseLinks" (
          "Id" uuid NOT NULL,
          "SourceExerciseId" uuid NOT NULL,
          "TargetExerciseId" uuid NOT NULL,
          "LinkType" character varying(10) NOT NULL,
          "DisplayOrder" integer NOT NULL,
          "IsActive" boolean NOT NULL,
          "CreatedAt" timestamp with time zone NOT NULL,
          "UpdatedAt" timestamp with time zone NOT NULL,
          CONSTRAINT "PK_ExerciseLinks" PRIMARY KEY ("Id"),
          CONSTRAINT "FK_ExerciseLinks_Exercises_SourceExerciseId" FOREIGN KEY ("SourceExerciseId") REFERENCES "Exercises" ("Id") ON DELETE RESTRICT,
          CONSTRAINT "FK_ExerciseLinks_Exercises_TargetExerciseId" FOREIGN KEY ("TargetExerciseId") REFERENCES "Exercises" ("Id") ON DELETE RESTRICT
      );
dbug: Microsoft.EntityFrameworkCore.Database.Command[20103]
      Creating DbCommand for 'ExecuteNonQuery'.
dbug: Microsoft.EntityFrameworkCore.Database.Command[20104]
      Created DbCommand for 'ExecuteNonQuery' (0ms).
dbug: Microsoft.EntityFrameworkCore.Database.Command[20103]
      Creating DbCommand for 'ExecuteNonQuery'.
dbug: Microsoft.EntityFrameworkCore.Database.Command[20106]
      Initialized DbCommand for 'ExecuteNonQuery' (0ms).
dbug: Microsoft.EntityFrameworkCore.Database.Command[20104]
      Created DbCommand for 'ExecuteNonQuery' (0ms).
dbug: Microsoft.EntityFrameworkCore.Database.Command[20106]
      Initialized DbCommand for 'ExecuteNonQuery' (0ms).
dbug: Microsoft.EntityFrameworkCore.Database.Command[20100]
      Executing DbCommand [Parameters=[], CommandType='Text', CommandTimeout='30']
      CREATE UNIQUE INDEX "IX_ExerciseLink_Source_Target_Type_Unique" ON "ExerciseLinks" ("SourceExerciseId", "TargetExerciseId", "LinkType");
dbug: Microsoft.EntityFrameworkCore.Database.Command[20100]
      Executing DbCommand [Parameters=[], CommandType='Text', CommandTimeout='30']
      CREATE UNIQUE INDEX "IX_ExerciseLink_Source_Target_Type_Unique" ON "ExerciseLinks" ("SourceExerciseId", "TargetExerciseId", "LinkType");
info: Microsoft.EntityFrameworkCore.Database.Command[20101]
      Executed DbCommand (0ms) [Parameters=[], CommandType='Text', CommandTimeout='30']
      CREATE UNIQUE INDEX "IX_ExerciseLink_Source_Target_Type_Unique" ON "ExerciseLinks" ("SourceExerciseId", "TargetExerciseId", "LinkType");
info: 7/12/2025 16:06:31.261 RelationalEventId.CommandExecuted[20101] (Microsoft.EntityFrameworkCore.Database.Command) 
      Executed DbCommand (0ms) [Parameters=[], CommandType='Text', CommandTimeout='30']
      CREATE UNIQUE INDEX "IX_ExerciseLink_Source_Target_Type_Unique" ON "ExerciseLinks" ("SourceExerciseId", "TargetExerciseId", "LinkType");
dbug: Microsoft.EntityFrameworkCore.Database.Command[20103]
      Creating DbCommand for 'ExecuteNonQuery'.
dbug: Microsoft.EntityFrameworkCore.Database.Command[20104]
      Created DbCommand for 'ExecuteNonQuery' (0ms).
dbug: Microsoft.EntityFrameworkCore.Database.Command[20106]
      Initialized DbCommand for 'ExecuteNonQuery' (0ms).
dbug: Microsoft.EntityFrameworkCore.Database.Command[20100]
      Executing DbCommand [Parameters=[], CommandType='Text', CommandTimeout='30']
      CREATE INDEX "IX_ExerciseLink_SourceExerciseId_LinkType" ON "ExerciseLinks" ("SourceExerciseId", "LinkType");
info: Microsoft.EntityFrameworkCore.Database.Command[20101]
      Executed DbCommand (1ms) [Parameters=[], CommandType='Text', CommandTimeout='30']
      CREATE UNIQUE INDEX "IX_ExerciseLink_Source_Target_Type_Unique" ON "ExerciseLinks" ("SourceExerciseId", "TargetExerciseId", "LinkType");
info: 7/12/2025 16:06:31.262 RelationalEventId.CommandExecuted[20101] (Microsoft.EntityFrameworkCore.Database.Command) 
      Executed DbCommand (1ms) [Parameters=[], CommandType='Text', CommandTimeout='30']
      CREATE UNIQUE INDEX "IX_ExerciseLink_Source_Target_Type_Unique" ON "ExerciseLinks" ("SourceExerciseId", "TargetExerciseId", "LinkType");
dbug: Microsoft.EntityFrameworkCore.Database.Command[20103]
      Creating DbCommand for 'ExecuteNonQuery'.
dbug: Microsoft.EntityFrameworkCore.Database.Command[20104]
      Created DbCommand for 'ExecuteNonQuery' (0ms).
dbug: Microsoft.EntityFrameworkCore.Database.Command[20106]
      Initialized DbCommand for 'ExecuteNonQuery' (0ms).
dbug: Microsoft.EntityFrameworkCore.Database.Command[20100]
      Executing DbCommand [Parameters=[], CommandType='Text', CommandTimeout='30']
      CREATE INDEX "IX_ExerciseLink_SourceExerciseId_LinkType" ON "ExerciseLinks" ("SourceExerciseId", "LinkType");
info: Microsoft.EntityFrameworkCore.Database.Command[20101]
      Executed DbCommand (0ms) [Parameters=[], CommandType='Text', CommandTimeout='30']
      CREATE INDEX "IX_ExerciseLink_SourceExerciseId_LinkType" ON "ExerciseLinks" ("SourceExerciseId", "LinkType");
info: 7/12/2025 16:06:31.262 RelationalEventId.CommandExecuted[20101] (Microsoft.EntityFrameworkCore.Database.Command) 
      Executed DbCommand (0ms) [Parameters=[], CommandType='Text', CommandTimeout='30']
      CREATE INDEX "IX_ExerciseLink_SourceExerciseId_LinkType" ON "ExerciseLinks" ("SourceExerciseId", "LinkType");
dbug: Microsoft.EntityFrameworkCore.Database.Command[20103]
      Creating DbCommand for 'ExecuteNonQuery'.
dbug: Microsoft.EntityFrameworkCore.Database.Command[20104]
      Created DbCommand for 'ExecuteNonQuery' (0ms).
dbug: Microsoft.EntityFrameworkCore.Database.Command[20106]
      Initialized DbCommand for 'ExecuteNonQuery' (0ms).
dbug: Microsoft.EntityFrameworkCore.Database.Command[20100]
      Executing DbCommand [Parameters=[], CommandType='Text', CommandTimeout='30']
      CREATE INDEX "IX_ExerciseLink_TargetExerciseId" ON "ExerciseLinks" ("TargetExerciseId");
info: Microsoft.EntityFrameworkCore.Database.Command[20101]
      Executed DbCommand (0ms) [Parameters=[], CommandType='Text', CommandTimeout='30']
      CREATE INDEX "IX_ExerciseLink_SourceExerciseId_LinkType" ON "ExerciseLinks" ("SourceExerciseId", "LinkType");
info: 7/12/2025 16:06:31.262 RelationalEventId.CommandExecuted[20101] (Microsoft.EntityFrameworkCore.Database.Command) 
      Executed DbCommand (0ms) [Parameters=[], CommandType='Text', CommandTimeout='30']
      CREATE INDEX "IX_ExerciseLink_SourceExerciseId_LinkType" ON "ExerciseLinks" ("SourceExerciseId", "LinkType");
dbug: Microsoft.EntityFrameworkCore.Database.Command[20103]
      Creating DbCommand for 'ExecuteNonQuery'.
dbug: Microsoft.EntityFrameworkCore.Database.Command[20104]
      Created DbCommand for 'ExecuteNonQuery' (0ms).
dbug: Microsoft.EntityFrameworkCore.Database.Command[20106]
      Initialized DbCommand for 'ExecuteNonQuery' (0ms).
dbug: Microsoft.EntityFrameworkCore.Database.Command[20100]
      Executing DbCommand [Parameters=[], CommandType='Text', CommandTimeout='30']
      CREATE INDEX "IX_ExerciseLink_TargetExerciseId" ON "ExerciseLinks" ("TargetExerciseId");
info: Microsoft.EntityFrameworkCore.Database.Command[20101]
      Executed DbCommand (0ms) [Parameters=[], CommandType='Text', CommandTimeout='30']
      CREATE INDEX "IX_ExerciseLink_TargetExerciseId" ON "ExerciseLinks" ("TargetExerciseId");
info: 7/12/2025 16:06:31.262 RelationalEventId.CommandExecuted[20101] (Microsoft.EntityFrameworkCore.Database.Command) 
      Executed DbCommand (0ms) [Parameters=[], CommandType='Text', CommandTimeout='30']
      CREATE INDEX "IX_ExerciseLink_TargetExerciseId" ON "ExerciseLinks" ("TargetExerciseId");
dbug: Microsoft.EntityFrameworkCore.Database.Command[20103]
      Creating DbCommand for 'ExecuteNonQuery'.
dbug: Microsoft.EntityFrameworkCore.Database.Command[20104]
      Created DbCommand for 'ExecuteNonQuery' (0ms).
dbug: Microsoft.EntityFrameworkCore.Database.Command[20106]
      Initialized DbCommand for 'ExecuteNonQuery' (0ms).
dbug: Microsoft.EntityFrameworkCore.Database.Command[20100]
      Executing DbCommand [Parameters=[], CommandType='Text', CommandTimeout='30']
      INSERT INTO "__EFMigrationsHistory" ("MigrationId", "ProductVersion")
      VALUES ('20250709084215_AddExerciseLinksTable', '9.0.6');
info: Microsoft.EntityFrameworkCore.Database.Command[20101]
      Executed DbCommand (0ms) [Parameters=[], CommandType='Text', CommandTimeout='30']
      INSERT INTO "__EFMigrationsHistory" ("MigrationId", "ProductVersion")
      VALUES ('20250709084215_AddExerciseLinksTable', '9.0.6');
info: 7/12/2025 16:06:31.262 RelationalEventId.CommandExecuted[20101] (Microsoft.EntityFrameworkCore.Database.Command) 
      Executed DbCommand (0ms) [Parameters=[], CommandType='Text', CommandTimeout='30']
      INSERT INTO "__EFMigrationsHistory" ("MigrationId", "ProductVersion")
      VALUES ('20250709084215_AddExerciseLinksTable', '9.0.6');
info: Microsoft.EntityFrameworkCore.Migrations[20402]
      Applying migration '20250710203453_AddExerciseWeightTypeTable'.
info: 7/12/2025 16:06:31.262 RelationalEventId.MigrationApplying[20402] (Microsoft.EntityFrameworkCore.Migrations) 
      Applying migration '20250710203453_AddExerciseWeightTypeTable'.
info: Microsoft.EntityFrameworkCore.Database.Command[20101]
      Executed DbCommand (0ms) [Parameters=[], CommandType='Text', CommandTimeout='30']
      CREATE INDEX "IX_ExerciseLink_TargetExerciseId" ON "ExerciseLinks" ("TargetExerciseId");
info: 7/12/2025 16:06:31.263 RelationalEventId.CommandExecuted[20101] (Microsoft.EntityFrameworkCore.Database.Command) 
      Executed DbCommand (0ms) [Parameters=[], CommandType='Text', CommandTimeout='30']
      CREATE INDEX "IX_ExerciseLink_TargetExerciseId" ON "ExerciseLinks" ("TargetExerciseId");
dbug: Microsoft.EntityFrameworkCore.Database.Command[20103]
      Creating DbCommand for 'ExecuteNonQuery'.
dbug: Microsoft.EntityFrameworkCore.Database.Command[20104]
      Created DbCommand for 'ExecuteNonQuery' (0ms).
dbug: Microsoft.EntityFrameworkCore.Database.Command[20106]
      Initialized DbCommand for 'ExecuteNonQuery' (0ms).
dbug: Microsoft.EntityFrameworkCore.Database.Command[20100]
      Executing DbCommand [Parameters=[], CommandType='Text', CommandTimeout='30']
      INSERT INTO "__EFMigrationsHistory" ("MigrationId", "ProductVersion")
      VALUES ('20250709084215_AddExerciseLinksTable', '9.0.6');
info: Microsoft.EntityFrameworkCore.Database.Command[20101]
      Executed DbCommand (0ms) [Parameters=[], CommandType='Text', CommandTimeout='30']
      INSERT INTO "__EFMigrationsHistory" ("MigrationId", "ProductVersion")
      VALUES ('20250709084215_AddExerciseLinksTable', '9.0.6');
info: 7/12/2025 16:06:31.263 RelationalEventId.CommandExecuted[20101] (Microsoft.EntityFrameworkCore.Database.Command) 
      Executed DbCommand (0ms) [Parameters=[], CommandType='Text', CommandTimeout='30']
      INSERT INTO "__EFMigrationsHistory" ("MigrationId", "ProductVersion")
      VALUES ('20250709084215_AddExerciseLinksTable', '9.0.6');
info: Microsoft.EntityFrameworkCore.Migrations[20402]
      Applying migration '20250710203453_AddExerciseWeightTypeTable'.
info: 7/12/2025 16:06:31.263 RelationalEventId.MigrationApplying[20402] (Microsoft.EntityFrameworkCore.Migrations) 
      Applying migration '20250710203453_AddExerciseWeightTypeTable'.
dbug: Microsoft.EntityFrameworkCore.Database.Command[20103]
      Creating DbCommand for 'ExecuteNonQuery'.
dbug: Microsoft.EntityFrameworkCore.Database.Command[20103]
      Creating DbCommand for 'ExecuteNonQuery'.
dbug: Microsoft.EntityFrameworkCore.Database.Command[20104]
      Created DbCommand for 'ExecuteNonQuery' (0ms).
dbug: Microsoft.EntityFrameworkCore.Database.Command[20106]
      Initialized DbCommand for 'ExecuteNonQuery' (0ms).
dbug: Microsoft.EntityFrameworkCore.Database.Command[20104]
      Created DbCommand for 'ExecuteNonQuery' (0ms).
dbug: Microsoft.EntityFrameworkCore.Database.Command[20106]
      Initialized DbCommand for 'ExecuteNonQuery' (0ms).
dbug: Microsoft.EntityFrameworkCore.Database.Command[20100]
      Executing DbCommand [Parameters=[], CommandType='Text', CommandTimeout='30']
      CREATE TABLE "ExerciseWeightTypes" (
          "Id" uuid NOT NULL,
          "Code" character varying(50) NOT NULL,
          "Value" character varying(100) NOT NULL,
          "Description" text,
          "DisplayOrder" integer NOT NULL,
          "IsActive" boolean NOT NULL,
          CONSTRAINT "PK_ExerciseWeightTypes" PRIMARY KEY ("Id")
      );
dbug: Microsoft.EntityFrameworkCore.Database.Command[20100]
      Executing DbCommand [Parameters=[], CommandType='Text', CommandTimeout='30']
      CREATE TABLE "ExerciseWeightTypes" (
          "Id" uuid NOT NULL,
          "Code" character varying(50) NOT NULL,
          "Value" character varying(100) NOT NULL,
          "Description" text,
          "DisplayOrder" integer NOT NULL,
          "IsActive" boolean NOT NULL,
          CONSTRAINT "PK_ExerciseWeightTypes" PRIMARY KEY ("Id")
      );
info: Microsoft.EntityFrameworkCore.Database.Command[20101]
      Executed DbCommand (1ms) [Parameters=[], CommandType='Text', CommandTimeout='30']
      CREATE TABLE "ExerciseWeightTypes" (
          "Id" uuid NOT NULL,
          "Code" character varying(50) NOT NULL,
          "Value" character varying(100) NOT NULL,
          "Description" text,
          "DisplayOrder" integer NOT NULL,
          "IsActive" boolean NOT NULL,
          CONSTRAINT "PK_ExerciseWeightTypes" PRIMARY KEY ("Id")
      );
info: Microsoft.EntityFrameworkCore.Database.Command[20101]
      Executed DbCommand (1ms) [Parameters=[], CommandType='Text', CommandTimeout='30']
      CREATE TABLE "ExerciseWeightTypes" (
          "Id" uuid NOT NULL,
          "Code" character varying(50) NOT NULL,
          "Value" character varying(100) NOT NULL,
          "Description" text,
          "DisplayOrder" integer NOT NULL,
          "IsActive" boolean NOT NULL,
          CONSTRAINT "PK_ExerciseWeightTypes" PRIMARY KEY ("Id")
      );
info: 7/12/2025 16:06:31.271 RelationalEventId.CommandExecuted[20101] (Microsoft.EntityFrameworkCore.Database.Command) 
      Executed DbCommand (1ms) [Parameters=[], CommandType='Text', CommandTimeout='30']
      CREATE TABLE "ExerciseWeightTypes" (
          "Id" uuid NOT NULL,
          "Code" character varying(50) NOT NULL,
          "Value" character varying(100) NOT NULL,
          "Description" text,
          "DisplayOrder" integer NOT NULL,
          "IsActive" boolean NOT NULL,
          CONSTRAINT "PK_ExerciseWeightTypes" PRIMARY KEY ("Id")
      );
info: 7/12/2025 16:06:31.271 RelationalEventId.CommandExecuted[20101] (Microsoft.EntityFrameworkCore.Database.Command) 
      Executed DbCommand (1ms) [Parameters=[], CommandType='Text', CommandTimeout='30']
      CREATE TABLE "ExerciseWeightTypes" (
          "Id" uuid NOT NULL,
          "Code" character varying(50) NOT NULL,
          "Value" character varying(100) NOT NULL,
          "Description" text,
          "DisplayOrder" integer NOT NULL,
          "IsActive" boolean NOT NULL,
          CONSTRAINT "PK_ExerciseWeightTypes" PRIMARY KEY ("Id")
      );
dbug: Microsoft.EntityFrameworkCore.Database.Command[20103]
      Creating DbCommand for 'ExecuteNonQuery'.
dbug: Microsoft.EntityFrameworkCore.Database.Command[20103]
      Creating DbCommand for 'ExecuteNonQuery'.
dbug: Microsoft.EntityFrameworkCore.Database.Command[20104]
      Created DbCommand for 'ExecuteNonQuery' (0ms).
dbug: Microsoft.EntityFrameworkCore.Database.Command[20104]
      Created DbCommand for 'ExecuteNonQuery' (0ms).
dbug: Microsoft.EntityFrameworkCore.Database.Command[20106]
      Initialized DbCommand for 'ExecuteNonQuery' (0ms).
dbug: Microsoft.EntityFrameworkCore.Database.Command[20106]
      Initialized DbCommand for 'ExecuteNonQuery' (0ms).
dbug: Microsoft.EntityFrameworkCore.Database.Command[20100]
      Executing DbCommand [Parameters=[], CommandType='Text', CommandTimeout='30']
      CREATE UNIQUE INDEX "IX_ExerciseWeightType_Code" ON "ExerciseWeightTypes" ("Code");
dbug: Microsoft.EntityFrameworkCore.Database.Command[20100]
      Executing DbCommand [Parameters=[], CommandType='Text', CommandTimeout='30']
      CREATE UNIQUE INDEX "IX_ExerciseWeightType_Code" ON "ExerciseWeightTypes" ("Code");
info: Microsoft.EntityFrameworkCore.Database.Command[20101]
      Executed DbCommand (1ms) [Parameters=[], CommandType='Text', CommandTimeout='30']
      CREATE UNIQUE INDEX "IX_ExerciseWeightType_Code" ON "ExerciseWeightTypes" ("Code");
info: 7/12/2025 16:06:31.272 RelationalEventId.CommandExecuted[20101] (Microsoft.EntityFrameworkCore.Database.Command) 
      Executed DbCommand (1ms) [Parameters=[], CommandType='Text', CommandTimeout='30']
      CREATE UNIQUE INDEX "IX_ExerciseWeightType_Code" ON "ExerciseWeightTypes" ("Code");
dbug: Microsoft.EntityFrameworkCore.Database.Command[20103]
      Creating DbCommand for 'ExecuteNonQuery'.
dbug: Microsoft.EntityFrameworkCore.Database.Command[20104]
      Created DbCommand for 'ExecuteNonQuery' (0ms).
dbug: Microsoft.EntityFrameworkCore.Database.Command[20106]
      Initialized DbCommand for 'ExecuteNonQuery' (0ms).
dbug: Microsoft.EntityFrameworkCore.Database.Command[20100]
      Executing DbCommand [Parameters=[], CommandType='Text', CommandTimeout='30']
      CREATE INDEX "IX_ExerciseWeightType_Value" ON "ExerciseWeightTypes" ("Value");
info: Microsoft.EntityFrameworkCore.Database.Command[20101]
      Executed DbCommand (1ms) [Parameters=[], CommandType='Text', CommandTimeout='30']
      CREATE UNIQUE INDEX "IX_ExerciseWeightType_Code" ON "ExerciseWeightTypes" ("Code");
info: 7/12/2025 16:06:31.272 RelationalEventId.CommandExecuted[20101] (Microsoft.EntityFrameworkCore.Database.Command) 
      Executed DbCommand (1ms) [Parameters=[], CommandType='Text', CommandTimeout='30']
      CREATE UNIQUE INDEX "IX_ExerciseWeightType_Code" ON "ExerciseWeightTypes" ("Code");
dbug: Microsoft.EntityFrameworkCore.Database.Command[20103]
      Creating DbCommand for 'ExecuteNonQuery'.
dbug: Microsoft.EntityFrameworkCore.Database.Command[20104]
      Created DbCommand for 'ExecuteNonQuery' (0ms).
dbug: Microsoft.EntityFrameworkCore.Database.Command[20106]
      Initialized DbCommand for 'ExecuteNonQuery' (0ms).
dbug: Microsoft.EntityFrameworkCore.Database.Command[20100]
      Executing DbCommand [Parameters=[], CommandType='Text', CommandTimeout='30']
      CREATE INDEX "IX_ExerciseWeightType_Value" ON "ExerciseWeightTypes" ("Value");
info: Microsoft.EntityFrameworkCore.Database.Command[20101]
      Executed DbCommand (0ms) [Parameters=[], CommandType='Text', CommandTimeout='30']
      CREATE INDEX "IX_ExerciseWeightType_Value" ON "ExerciseWeightTypes" ("Value");
info: 7/12/2025 16:06:31.272 RelationalEventId.CommandExecuted[20101] (Microsoft.EntityFrameworkCore.Database.Command) 
      Executed DbCommand (0ms) [Parameters=[], CommandType='Text', CommandTimeout='30']
      CREATE INDEX "IX_ExerciseWeightType_Value" ON "ExerciseWeightTypes" ("Value");
dbug: Microsoft.EntityFrameworkCore.Database.Command[20103]
      Creating DbCommand for 'ExecuteNonQuery'.
dbug: Microsoft.EntityFrameworkCore.Database.Command[20104]
      Created DbCommand for 'ExecuteNonQuery' (0ms).
dbug: Microsoft.EntityFrameworkCore.Database.Command[20106]
      Initialized DbCommand for 'ExecuteNonQuery' (0ms).
dbug: Microsoft.EntityFrameworkCore.Database.Command[20100]
      Executing DbCommand [Parameters=[], CommandType='Text', CommandTimeout='30']
      INSERT INTO "__EFMigrationsHistory" ("MigrationId", "ProductVersion")
      VALUES ('20250710203453_AddExerciseWeightTypeTable', '9.0.6');
info: Microsoft.EntityFrameworkCore.Database.Command[20101]
      Executed DbCommand (0ms) [Parameters=[], CommandType='Text', CommandTimeout='30']
      INSERT INTO "__EFMigrationsHistory" ("MigrationId", "ProductVersion")
      VALUES ('20250710203453_AddExerciseWeightTypeTable', '9.0.6');
info: 7/12/2025 16:06:31.272 RelationalEventId.CommandExecuted[20101] (Microsoft.EntityFrameworkCore.Database.Command) 
      Executed DbCommand (0ms) [Parameters=[], CommandType='Text', CommandTimeout='30']
      INSERT INTO "__EFMigrationsHistory" ("MigrationId", "ProductVersion")
      VALUES ('20250710203453_AddExerciseWeightTypeTable', '9.0.6');
info: Microsoft.EntityFrameworkCore.Migrations[20402]
      Applying migration '20250710203732_SeedExerciseWeightTypeData'.
info: 7/12/2025 16:06:31.272 RelationalEventId.MigrationApplying[20402] (Microsoft.EntityFrameworkCore.Migrations) 
      Applying migration '20250710203732_SeedExerciseWeightTypeData'.
info: Microsoft.EntityFrameworkCore.Database.Command[20101]
      Executed DbCommand (1ms) [Parameters=[], CommandType='Text', CommandTimeout='30']
      CREATE INDEX "IX_ExerciseWeightType_Value" ON "ExerciseWeightTypes" ("Value");
info: 7/12/2025 16:06:31.273 RelationalEventId.CommandExecuted[20101] (Microsoft.EntityFrameworkCore.Database.Command) 
      Executed DbCommand (1ms) [Parameters=[], CommandType='Text', CommandTimeout='30']
      CREATE INDEX "IX_ExerciseWeightType_Value" ON "ExerciseWeightTypes" ("Value");
dbug: Microsoft.EntityFrameworkCore.Database.Command[20103]
      Creating DbCommand for 'ExecuteNonQuery'.
dbug: Microsoft.EntityFrameworkCore.Database.Command[20104]
      Created DbCommand for 'ExecuteNonQuery' (0ms).
dbug: Microsoft.EntityFrameworkCore.Database.Command[20106]
      Initialized DbCommand for 'ExecuteNonQuery' (0ms).
dbug: Microsoft.EntityFrameworkCore.Database.Command[20100]
      Executing DbCommand [Parameters=[], CommandType='Text', CommandTimeout='30']
      INSERT INTO "__EFMigrationsHistory" ("MigrationId", "ProductVersion")
      VALUES ('20250710203453_AddExerciseWeightTypeTable', '9.0.6');
info: Microsoft.EntityFrameworkCore.Database.Command[20101]
      Executed DbCommand (0ms) [Parameters=[], CommandType='Text', CommandTimeout='30']
      INSERT INTO "__EFMigrationsHistory" ("MigrationId", "ProductVersion")
      VALUES ('20250710203453_AddExerciseWeightTypeTable', '9.0.6');
info: 7/12/2025 16:06:31.273 RelationalEventId.CommandExecuted[20101] (Microsoft.EntityFrameworkCore.Database.Command) 
      Executed DbCommand (0ms) [Parameters=[], CommandType='Text', CommandTimeout='30']
      INSERT INTO "__EFMigrationsHistory" ("MigrationId", "ProductVersion")
      VALUES ('20250710203453_AddExerciseWeightTypeTable', '9.0.6');
info: Microsoft.EntityFrameworkCore.Migrations[20402]
      Applying migration '20250710203732_SeedExerciseWeightTypeData'.
info: 7/12/2025 16:06:31.273 RelationalEventId.MigrationApplying[20402] (Microsoft.EntityFrameworkCore.Migrations) 
      Applying migration '20250710203732_SeedExerciseWeightTypeData'.
dbug: Microsoft.EntityFrameworkCore.Database.Command[20103]
      Creating DbCommand for 'ExecuteNonQuery'.
dbug: Microsoft.EntityFrameworkCore.Database.Command[20104]
      Created DbCommand for 'ExecuteNonQuery' (0ms).
dbug: Microsoft.EntityFrameworkCore.Database.Command[20106]
      Initialized DbCommand for 'ExecuteNonQuery' (0ms).
dbug: Microsoft.EntityFrameworkCore.Database.Command[20100]
      Executing DbCommand [Parameters=[], CommandType='Text', CommandTimeout='30']
      INSERT INTO "ExerciseWeightTypes" ("Id", "Code", "Description", "DisplayOrder", "IsActive", "Value")
      VALUES ('a1f3e2d4-5b6c-4d7e-8f9a-0b1c2d3e4f5a', 'BODYWEIGHT_ONLY', 'Exercises that cannot have external weight added', 1, TRUE, 'Bodyweight Only');
      INSERT INTO "ExerciseWeightTypes" ("Id", "Code", "Description", "DisplayOrder", "IsActive", "Value")
      VALUES ('b2e4d3c5-6a7b-5c8d-9e0f-1a2b3c4d5e6f', 'BODYWEIGHT_OPTIONAL', 'Exercises that can be performed with or without additional weight', 2, TRUE, 'Bodyweight Optional');
      INSERT INTO "ExerciseWeightTypes" ("Id", "Code", "Description", "DisplayOrder", "IsActive", "Value")
      VALUES ('c3d5c4b6-7b8c-6d9e-0f1a-2b3c4d5e6f7a', 'WEIGHT_REQUIRED', 'Exercises that must have external weight specified', 3, TRUE, 'Weight Required');
      INSERT INTO "ExerciseWeightTypes" ("Id", "Code", "Description", "DisplayOrder", "IsActive", "Value")
      VALUES ('d4c6b5a7-8c9d-7e0f-1a2b-3c4d5e6f7a8b', 'MACHINE_WEIGHT', 'Exercises performed on machines with weight stacks', 4, TRUE, 'Machine Weight');
      INSERT INTO "ExerciseWeightTypes" ("Id", "Code", "Description", "DisplayOrder", "IsActive", "Value")
      VALUES ('e5b7a698-9d0e-8f1a-2b3c-4d5e6f7a8b9c', 'NO_WEIGHT', 'Exercises that do not use weight as a metric', 5, TRUE, 'No Weight');
dbug: Microsoft.EntityFrameworkCore.Database.Command[20103]
      Creating DbCommand for 'ExecuteNonQuery'.
dbug: Microsoft.EntityFrameworkCore.Database.Command[20104]
      Created DbCommand for 'ExecuteNonQuery' (0ms).
dbug: Microsoft.EntityFrameworkCore.Database.Command[20106]
      Initialized DbCommand for 'ExecuteNonQuery' (0ms).
dbug: Microsoft.EntityFrameworkCore.Database.Command[20100]
      Executing DbCommand [Parameters=[], CommandType='Text', CommandTimeout='30']
      INSERT INTO "ExerciseWeightTypes" ("Id", "Code", "Description", "DisplayOrder", "IsActive", "Value")
      VALUES ('a1f3e2d4-5b6c-4d7e-8f9a-0b1c2d3e4f5a', 'BODYWEIGHT_ONLY', 'Exercises that cannot have external weight added', 1, TRUE, 'Bodyweight Only');
      INSERT INTO "ExerciseWeightTypes" ("Id", "Code", "Description", "DisplayOrder", "IsActive", "Value")
      VALUES ('b2e4d3c5-6a7b-5c8d-9e0f-1a2b3c4d5e6f', 'BODYWEIGHT_OPTIONAL', 'Exercises that can be performed with or without additional weight', 2, TRUE, 'Bodyweight Optional');
      INSERT INTO "ExerciseWeightTypes" ("Id", "Code", "Description", "DisplayOrder", "IsActive", "Value")
      VALUES ('c3d5c4b6-7b8c-6d9e-0f1a-2b3c4d5e6f7a', 'WEIGHT_REQUIRED', 'Exercises that must have external weight specified', 3, TRUE, 'Weight Required');
      INSERT INTO "ExerciseWeightTypes" ("Id", "Code", "Description", "DisplayOrder", "IsActive", "Value")
      VALUES ('d4c6b5a7-8c9d-7e0f-1a2b-3c4d5e6f7a8b', 'MACHINE_WEIGHT', 'Exercises performed on machines with weight stacks', 4, TRUE, 'Machine Weight');
      INSERT INTO "ExerciseWeightTypes" ("Id", "Code", "Description", "DisplayOrder", "IsActive", "Value")
      VALUES ('e5b7a698-9d0e-8f1a-2b3c-4d5e6f7a8b9c', 'NO_WEIGHT', 'Exercises that do not use weight as a metric', 5, TRUE, 'No Weight');
info: Microsoft.EntityFrameworkCore.Database.Command[20101]
      Executed DbCommand (1ms) [Parameters=[], CommandType='Text', CommandTimeout='30']
      INSERT INTO "ExerciseWeightTypes" ("Id", "Code", "Description", "DisplayOrder", "IsActive", "Value")
      VALUES ('a1f3e2d4-5b6c-4d7e-8f9a-0b1c2d3e4f5a', 'BODYWEIGHT_ONLY', 'Exercises that cannot have external weight added', 1, TRUE, 'Bodyweight Only');
      INSERT INTO "ExerciseWeightTypes" ("Id", "Code", "Description", "DisplayOrder", "IsActive", "Value")
      VALUES ('b2e4d3c5-6a7b-5c8d-9e0f-1a2b3c4d5e6f', 'BODYWEIGHT_OPTIONAL', 'Exercises that can be performed with or without additional weight', 2, TRUE, 'Bodyweight Optional');
      INSERT INTO "ExerciseWeightTypes" ("Id", "Code", "Description", "DisplayOrder", "IsActive", "Value")
      VALUES ('c3d5c4b6-7b8c-6d9e-0f1a-2b3c4d5e6f7a', 'WEIGHT_REQUIRED', 'Exercises that must have external weight specified', 3, TRUE, 'Weight Required');
      INSERT INTO "ExerciseWeightTypes" ("Id", "Code", "Description", "DisplayOrder", "IsActive", "Value")
      VALUES ('d4c6b5a7-8c9d-7e0f-1a2b-3c4d5e6f7a8b', 'MACHINE_WEIGHT', 'Exercises performed on machines with weight stacks', 4, TRUE, 'Machine Weight');
      INSERT INTO "ExerciseWeightTypes" ("Id", "Code", "Description", "DisplayOrder", "IsActive", "Value")
      VALUES ('e5b7a698-9d0e-8f1a-2b3c-4d5e6f7a8b9c', 'NO_WEIGHT', 'Exercises that do not use weight as a metric', 5, TRUE, 'No Weight');
info: Microsoft.EntityFrameworkCore.Database.Command[20101]
      Executed DbCommand (1ms) [Parameters=[], CommandType='Text', CommandTimeout='30']
      INSERT INTO "ExerciseWeightTypes" ("Id", "Code", "Description", "DisplayOrder", "IsActive", "Value")
      VALUES ('a1f3e2d4-5b6c-4d7e-8f9a-0b1c2d3e4f5a', 'BODYWEIGHT_ONLY', 'Exercises that cannot have external weight added', 1, TRUE, 'Bodyweight Only');
      INSERT INTO "ExerciseWeightTypes" ("Id", "Code", "Description", "DisplayOrder", "IsActive", "Value")
      VALUES ('b2e4d3c5-6a7b-5c8d-9e0f-1a2b3c4d5e6f', 'BODYWEIGHT_OPTIONAL', 'Exercises that can be performed with or without additional weight', 2, TRUE, 'Bodyweight Optional');
      INSERT INTO "ExerciseWeightTypes" ("Id", "Code", "Description", "DisplayOrder", "IsActive", "Value")
      VALUES ('c3d5c4b6-7b8c-6d9e-0f1a-2b3c4d5e6f7a', 'WEIGHT_REQUIRED', 'Exercises that must have external weight specified', 3, TRUE, 'Weight Required');
      INSERT INTO "ExerciseWeightTypes" ("Id", "Code", "Description", "DisplayOrder", "IsActive", "Value")
      VALUES ('d4c6b5a7-8c9d-7e0f-1a2b-3c4d5e6f7a8b', 'MACHINE_WEIGHT', 'Exercises performed on machines with weight stacks', 4, TRUE, 'Machine Weight');
      INSERT INTO "ExerciseWeightTypes" ("Id", "Code", "Description", "DisplayOrder", "IsActive", "Value")
      VALUES ('e5b7a698-9d0e-8f1a-2b3c-4d5e6f7a8b9c', 'NO_WEIGHT', 'Exercises that do not use weight as a metric', 5, TRUE, 'No Weight');
info: 7/12/2025 16:06:31.283 RelationalEventId.CommandExecuted[20101] (Microsoft.EntityFrameworkCore.Database.Command) 
      Executed DbCommand (1ms) [Parameters=[], CommandType='Text', CommandTimeout='30']
      INSERT INTO "ExerciseWeightTypes" ("Id", "Code", "Description", "DisplayOrder", "IsActive", "Value")
      VALUES ('a1f3e2d4-5b6c-4d7e-8f9a-0b1c2d3e4f5a', 'BODYWEIGHT_ONLY', 'Exercises that cannot have external weight added', 1, TRUE, 'Bodyweight Only');
      INSERT INTO "ExerciseWeightTypes" ("Id", "Code", "Description", "DisplayOrder", "IsActive", "Value")
      VALUES ('b2e4d3c5-6a7b-5c8d-9e0f-1a2b3c4d5e6f', 'BODYWEIGHT_OPTIONAL', 'Exercises that can be performed with or without additional weight', 2, TRUE, 'Bodyweight Optional');
      INSERT INTO "ExerciseWeightTypes" ("Id", "Code", "Description", "DisplayOrder", "IsActive", "Value")
      VALUES ('c3d5c4b6-7b8c-6d9e-0f1a-2b3c4d5e6f7a', 'WEIGHT_REQUIRED', 'Exercises that must have external weight specified', 3, TRUE, 'Weight Required');
      INSERT INTO "ExerciseWeightTypes" ("Id", "Code", "Description", "DisplayOrder", "IsActive", "Value")
      VALUES ('d4c6b5a7-8c9d-7e0f-1a2b-3c4d5e6f7a8b', 'MACHINE_WEIGHT', 'Exercises performed on machines with weight stacks', 4, TRUE, 'Machine Weight');
      INSERT INTO "ExerciseWeightTypes" ("Id", "Code", "Description", "DisplayOrder", "IsActive", "Value")
      VALUES ('e5b7a698-9d0e-8f1a-2b3c-4d5e6f7a8b9c', 'NO_WEIGHT', 'Exercises that do not use weight as a metric', 5, TRUE, 'No Weight');
info: 7/12/2025 16:06:31.283 RelationalEventId.CommandExecuted[20101] (Microsoft.EntityFrameworkCore.Database.Command) 
      Executed DbCommand (1ms) [Parameters=[], CommandType='Text', CommandTimeout='30']
      INSERT INTO "ExerciseWeightTypes" ("Id", "Code", "Description", "DisplayOrder", "IsActive", "Value")
      VALUES ('a1f3e2d4-5b6c-4d7e-8f9a-0b1c2d3e4f5a', 'BODYWEIGHT_ONLY', 'Exercises that cannot have external weight added', 1, TRUE, 'Bodyweight Only');
      INSERT INTO "ExerciseWeightTypes" ("Id", "Code", "Description", "DisplayOrder", "IsActive", "Value")
      VALUES ('b2e4d3c5-6a7b-5c8d-9e0f-1a2b3c4d5e6f', 'BODYWEIGHT_OPTIONAL', 'Exercises that can be performed with or without additional weight', 2, TRUE, 'Bodyweight Optional');
      INSERT INTO "ExerciseWeightTypes" ("Id", "Code", "Description", "DisplayOrder", "IsActive", "Value")
      VALUES ('c3d5c4b6-7b8c-6d9e-0f1a-2b3c4d5e6f7a', 'WEIGHT_REQUIRED', 'Exercises that must have external weight specified', 3, TRUE, 'Weight Required');
      INSERT INTO "ExerciseWeightTypes" ("Id", "Code", "Description", "DisplayOrder", "IsActive", "Value")
      VALUES ('d4c6b5a7-8c9d-7e0f-1a2b-3c4d5e6f7a8b', 'MACHINE_WEIGHT', 'Exercises performed on machines with weight stacks', 4, TRUE, 'Machine Weight');
      INSERT INTO "ExerciseWeightTypes" ("Id", "Code", "Description", "DisplayOrder", "IsActive", "Value")
      VALUES ('e5b7a698-9d0e-8f1a-2b3c-4d5e6f7a8b9c', 'NO_WEIGHT', 'Exercises that do not use weight as a metric', 5, TRUE, 'No Weight');
dbug: Microsoft.EntityFrameworkCore.Database.Command[20103]
      Creating DbCommand for 'ExecuteNonQuery'.
dbug: Microsoft.EntityFrameworkCore.Database.Command[20104]
      Created DbCommand for 'ExecuteNonQuery' (0ms).
dbug: Microsoft.EntityFrameworkCore.Database.Command[20106]
      Initialized DbCommand for 'ExecuteNonQuery' (0ms).
dbug: Microsoft.EntityFrameworkCore.Database.Command[20103]
      Creating DbCommand for 'ExecuteNonQuery'.
dbug: Microsoft.EntityFrameworkCore.Database.Command[20100]
      Executing DbCommand [Parameters=[], CommandType='Text', CommandTimeout='30']
      INSERT INTO "__EFMigrationsHistory" ("MigrationId", "ProductVersion")
      VALUES ('20250710203732_SeedExerciseWeightTypeData', '9.0.6');
dbug: Microsoft.EntityFrameworkCore.Database.Command[20104]
      Created DbCommand for 'ExecuteNonQuery' (0ms).
dbug: Microsoft.EntityFrameworkCore.Database.Command[20106]
      Initialized DbCommand for 'ExecuteNonQuery' (0ms).
dbug: Microsoft.EntityFrameworkCore.Database.Command[20100]
      Executing DbCommand [Parameters=[], CommandType='Text', CommandTimeout='30']
      INSERT INTO "__EFMigrationsHistory" ("MigrationId", "ProductVersion")
      VALUES ('20250710203732_SeedExerciseWeightTypeData', '9.0.6');
info: Microsoft.EntityFrameworkCore.Database.Command[20101]
      Executed DbCommand (0ms) [Parameters=[], CommandType='Text', CommandTimeout='30']
      INSERT INTO "__EFMigrationsHistory" ("MigrationId", "ProductVersion")
      VALUES ('20250710203732_SeedExerciseWeightTypeData', '9.0.6');
info: Microsoft.EntityFrameworkCore.Database.Command[20101]
      Executed DbCommand (0ms) [Parameters=[], CommandType='Text', CommandTimeout='30']
      INSERT INTO "__EFMigrationsHistory" ("MigrationId", "ProductVersion")
      VALUES ('20250710203732_SeedExerciseWeightTypeData', '9.0.6');
info: 7/12/2025 16:06:31.283 RelationalEventId.CommandExecuted[20101] (Microsoft.EntityFrameworkCore.Database.Command) 
      Executed DbCommand (0ms) [Parameters=[], CommandType='Text', CommandTimeout='30']
      INSERT INTO "__EFMigrationsHistory" ("MigrationId", "ProductVersion")
      VALUES ('20250710203732_SeedExerciseWeightTypeData', '9.0.6');
info: 7/12/2025 16:06:31.283 RelationalEventId.CommandExecuted[20101] (Microsoft.EntityFrameworkCore.Database.Command) 
      Executed DbCommand (0ms) [Parameters=[], CommandType='Text', CommandTimeout='30']
      INSERT INTO "__EFMigrationsHistory" ("MigrationId", "ProductVersion")
      VALUES ('20250710203732_SeedExerciseWeightTypeData', '9.0.6');
info: Microsoft.EntityFrameworkCore.Migrations[20402]
      Applying migration '20250710212725_AddExerciseWeightTypeToExercise'.
info: Microsoft.EntityFrameworkCore.Migrations[20402]
      Applying migration '20250710212725_AddExerciseWeightTypeToExercise'.
info: 7/12/2025 16:06:31.283 RelationalEventId.MigrationApplying[20402] (Microsoft.EntityFrameworkCore.Migrations) 
      Applying migration '20250710212725_AddExerciseWeightTypeToExercise'.
info: 7/12/2025 16:06:31.283 RelationalEventId.MigrationApplying[20402] (Microsoft.EntityFrameworkCore.Migrations) 
      Applying migration '20250710212725_AddExerciseWeightTypeToExercise'.
dbug: Microsoft.EntityFrameworkCore.Database.Command[20103]
      Creating DbCommand for 'ExecuteNonQuery'.
dbug: Microsoft.EntityFrameworkCore.Database.Command[20103]
      Creating DbCommand for 'ExecuteNonQuery'.
dbug: Microsoft.EntityFrameworkCore.Database.Command[20104]
      Created DbCommand for 'ExecuteNonQuery' (0ms).
dbug: Microsoft.EntityFrameworkCore.Database.Command[20106]
      Initialized DbCommand for 'ExecuteNonQuery' (0ms).
dbug: Microsoft.EntityFrameworkCore.Database.Command[20100]
      Executing DbCommand [Parameters=[], CommandType='Text', CommandTimeout='30']
      ALTER TABLE "Exercises" ADD "ExerciseWeightTypeId" uuid;
dbug: Microsoft.EntityFrameworkCore.Database.Command[20104]
      Created DbCommand for 'ExecuteNonQuery' (0ms).
dbug: Microsoft.EntityFrameworkCore.Database.Command[20106]
      Initialized DbCommand for 'ExecuteNonQuery' (0ms).
dbug: Microsoft.EntityFrameworkCore.Database.Command[20100]
      Executing DbCommand [Parameters=[], CommandType='Text', CommandTimeout='30']
      ALTER TABLE "Exercises" ADD "ExerciseWeightTypeId" uuid;
info: Microsoft.EntityFrameworkCore.Database.Command[20101]
      Executed DbCommand (0ms) [Parameters=[], CommandType='Text', CommandTimeout='30']
      ALTER TABLE "Exercises" ADD "ExerciseWeightTypeId" uuid;
info: 7/12/2025 16:06:31.291 RelationalEventId.CommandExecuted[20101] (Microsoft.EntityFrameworkCore.Database.Command) 
      Executed DbCommand (0ms) [Parameters=[], CommandType='Text', CommandTimeout='30']
      ALTER TABLE "Exercises" ADD "ExerciseWeightTypeId" uuid;
dbug: Microsoft.EntityFrameworkCore.Database.Command[20103]
      Creating DbCommand for 'ExecuteNonQuery'.
dbug: Microsoft.EntityFrameworkCore.Database.Command[20104]
      Created DbCommand for 'ExecuteNonQuery' (0ms).
dbug: Microsoft.EntityFrameworkCore.Database.Command[20106]
      Initialized DbCommand for 'ExecuteNonQuery' (0ms).
dbug: Microsoft.EntityFrameworkCore.Database.Command[20100]
      Executing DbCommand [Parameters=[], CommandType='Text', CommandTimeout='30']
      CREATE INDEX "IX_Exercises_ExerciseWeightTypeId" ON "Exercises" ("ExerciseWeightTypeId");
info: Microsoft.EntityFrameworkCore.Database.Command[20101]
      Executed DbCommand (0ms) [Parameters=[], CommandType='Text', CommandTimeout='30']
      ALTER TABLE "Exercises" ADD "ExerciseWeightTypeId" uuid;
info: 7/12/2025 16:06:31.291 RelationalEventId.CommandExecuted[20101] (Microsoft.EntityFrameworkCore.Database.Command) 
      Executed DbCommand (0ms) [Parameters=[], CommandType='Text', CommandTimeout='30']
      ALTER TABLE "Exercises" ADD "ExerciseWeightTypeId" uuid;
dbug: Microsoft.EntityFrameworkCore.Database.Command[20103]
      Creating DbCommand for 'ExecuteNonQuery'.
dbug: Microsoft.EntityFrameworkCore.Database.Command[20104]
      Created DbCommand for 'ExecuteNonQuery' (0ms).
dbug: Microsoft.EntityFrameworkCore.Database.Command[20106]
      Initialized DbCommand for 'ExecuteNonQuery' (0ms).
dbug: Microsoft.EntityFrameworkCore.Database.Command[20100]
      Executing DbCommand [Parameters=[], CommandType='Text', CommandTimeout='30']
      CREATE INDEX "IX_Exercises_ExerciseWeightTypeId" ON "Exercises" ("ExerciseWeightTypeId");
info: Microsoft.EntityFrameworkCore.Database.Command[20101]
      Executed DbCommand (0ms) [Parameters=[], CommandType='Text', CommandTimeout='30']
      CREATE INDEX "IX_Exercises_ExerciseWeightTypeId" ON "Exercises" ("ExerciseWeightTypeId");
info: 7/12/2025 16:06:31.291 RelationalEventId.CommandExecuted[20101] (Microsoft.EntityFrameworkCore.Database.Command) 
      Executed DbCommand (0ms) [Parameters=[], CommandType='Text', CommandTimeout='30']
      CREATE INDEX "IX_Exercises_ExerciseWeightTypeId" ON "Exercises" ("ExerciseWeightTypeId");
dbug: Microsoft.EntityFrameworkCore.Database.Command[20103]
      Creating DbCommand for 'ExecuteNonQuery'.
dbug: Microsoft.EntityFrameworkCore.Database.Command[20104]
      Created DbCommand for 'ExecuteNonQuery' (0ms).
dbug: Microsoft.EntityFrameworkCore.Database.Command[20106]
      Initialized DbCommand for 'ExecuteNonQuery' (0ms).
dbug: Microsoft.EntityFrameworkCore.Database.Command[20100]
      Executing DbCommand [Parameters=[], CommandType='Text', CommandTimeout='30']
      ALTER TABLE "Exercises" ADD CONSTRAINT "FK_Exercises_ExerciseWeightTypes_ExerciseWeightTypeId" FOREIGN KEY ("ExerciseWeightTypeId") REFERENCES "ExerciseWeightTypes" ("Id");
info: 7/12/2025 16:06:31.292 RelationalEventId.CommandExecuted[20101] (Microsoft.EntityFrameworkCore.Database.Command) 
      Executed DbCommand (1ms) [Parameters=[], CommandType='Text', CommandTimeout='30']
      CREATE INDEX "IX_Exercises_ExerciseWeightTypeId" ON "Exercises" ("ExerciseWeightTypeId");
info: Microsoft.EntityFrameworkCore.Database.Command[20101]
      Executed DbCommand (1ms) [Parameters=[], CommandType='Text', CommandTimeout='30']
      CREATE INDEX "IX_Exercises_ExerciseWeightTypeId" ON "Exercises" ("ExerciseWeightTypeId");
dbug: Microsoft.EntityFrameworkCore.Database.Command[20103]
      Creating DbCommand for 'ExecuteNonQuery'.
dbug: Microsoft.EntityFrameworkCore.Database.Command[20104]
      Created DbCommand for 'ExecuteNonQuery' (0ms).
dbug: Microsoft.EntityFrameworkCore.Database.Command[20106]
      Initialized DbCommand for 'ExecuteNonQuery' (0ms).
dbug: Microsoft.EntityFrameworkCore.Database.Command[20100]
      Executing DbCommand [Parameters=[], CommandType='Text', CommandTimeout='30']
      ALTER TABLE "Exercises" ADD CONSTRAINT "FK_Exercises_ExerciseWeightTypes_ExerciseWeightTypeId" FOREIGN KEY ("ExerciseWeightTypeId") REFERENCES "ExerciseWeightTypes" ("Id");
info: Microsoft.EntityFrameworkCore.Database.Command[20101]
      Executed DbCommand (1ms) [Parameters=[], CommandType='Text', CommandTimeout='30']
      ALTER TABLE "Exercises" ADD CONSTRAINT "FK_Exercises_ExerciseWeightTypes_ExerciseWeightTypeId" FOREIGN KEY ("ExerciseWeightTypeId") REFERENCES "ExerciseWeightTypes" ("Id");
info: 7/12/2025 16:06:31.292 RelationalEventId.CommandExecuted[20101] (Microsoft.EntityFrameworkCore.Database.Command) 
      Executed DbCommand (1ms) [Parameters=[], CommandType='Text', CommandTimeout='30']
      ALTER TABLE "Exercises" ADD CONSTRAINT "FK_Exercises_ExerciseWeightTypes_ExerciseWeightTypeId" FOREIGN KEY ("ExerciseWeightTypeId") REFERENCES "ExerciseWeightTypes" ("Id");
dbug: Microsoft.EntityFrameworkCore.Database.Command[20103]
      Creating DbCommand for 'ExecuteNonQuery'.
dbug: Microsoft.EntityFrameworkCore.Database.Command[20104]
      Created DbCommand for 'ExecuteNonQuery' (0ms).
dbug: Microsoft.EntityFrameworkCore.Database.Command[20106]
      Initialized DbCommand for 'ExecuteNonQuery' (0ms).
dbug: Microsoft.EntityFrameworkCore.Database.Command[20100]
      Executing DbCommand [Parameters=[], CommandType='Text', CommandTimeout='30']
      INSERT INTO "__EFMigrationsHistory" ("MigrationId", "ProductVersion")
      VALUES ('20250710212725_AddExerciseWeightTypeToExercise', '9.0.6');
info: Microsoft.EntityFrameworkCore.Database.Command[20101]
      Executed DbCommand (0ms) [Parameters=[], CommandType='Text', CommandTimeout='30']
      INSERT INTO "__EFMigrationsHistory" ("MigrationId", "ProductVersion")
      VALUES ('20250710212725_AddExerciseWeightTypeToExercise', '9.0.6');
info: 7/12/2025 16:06:31.292 RelationalEventId.CommandExecuted[20101] (Microsoft.EntityFrameworkCore.Database.Command) 
      Executed DbCommand (0ms) [Parameters=[], CommandType='Text', CommandTimeout='30']
      INSERT INTO "__EFMigrationsHistory" ("MigrationId", "ProductVersion")
      VALUES ('20250710212725_AddExerciseWeightTypeToExercise', '9.0.6');
info: Microsoft.EntityFrameworkCore.Migrations[20402]
      Applying migration '20250711221054_MakeKineticChainAndWeightTypeNullable'.
info: 7/12/2025 16:06:31.292 RelationalEventId.MigrationApplying[20402] (Microsoft.EntityFrameworkCore.Migrations) 
      Applying migration '20250711221054_MakeKineticChainAndWeightTypeNullable'.
info: Microsoft.EntityFrameworkCore.Database.Command[20101]
      Executed DbCommand (1ms) [Parameters=[], CommandType='Text', CommandTimeout='30']
      ALTER TABLE "Exercises" ADD CONSTRAINT "FK_Exercises_ExerciseWeightTypes_ExerciseWeightTypeId" FOREIGN KEY ("ExerciseWeightTypeId") REFERENCES "ExerciseWeightTypes" ("Id");
info: 7/12/2025 16:06:31.293 RelationalEventId.CommandExecuted[20101] (Microsoft.EntityFrameworkCore.Database.Command) 
      Executed DbCommand (1ms) [Parameters=[], CommandType='Text', CommandTimeout='30']
      ALTER TABLE "Exercises" ADD CONSTRAINT "FK_Exercises_ExerciseWeightTypes_ExerciseWeightTypeId" FOREIGN KEY ("ExerciseWeightTypeId") REFERENCES "ExerciseWeightTypes" ("Id");
dbug: Microsoft.EntityFrameworkCore.Database.Command[20103]
      Creating DbCommand for 'ExecuteNonQuery'.
dbug: Microsoft.EntityFrameworkCore.Database.Command[20104]
      Created DbCommand for 'ExecuteNonQuery' (0ms).
dbug: Microsoft.EntityFrameworkCore.Database.Command[20106]
      Initialized DbCommand for 'ExecuteNonQuery' (0ms).
dbug: Microsoft.EntityFrameworkCore.Database.Command[20100]
      Executing DbCommand [Parameters=[], CommandType='Text', CommandTimeout='30']
      INSERT INTO "__EFMigrationsHistory" ("MigrationId", "ProductVersion")
      VALUES ('20250710212725_AddExerciseWeightTypeToExercise', '9.0.6');
info: Microsoft.EntityFrameworkCore.Database.Command[20101]
      Executed DbCommand (0ms) [Parameters=[], CommandType='Text', CommandTimeout='30']
      INSERT INTO "__EFMigrationsHistory" ("MigrationId", "ProductVersion")
      VALUES ('20250710212725_AddExerciseWeightTypeToExercise', '9.0.6');
info: 7/12/2025 16:06:31.293 RelationalEventId.CommandExecuted[20101] (Microsoft.EntityFrameworkCore.Database.Command) 
      Executed DbCommand (0ms) [Parameters=[], CommandType='Text', CommandTimeout='30']
      INSERT INTO "__EFMigrationsHistory" ("MigrationId", "ProductVersion")
      VALUES ('20250710212725_AddExerciseWeightTypeToExercise', '9.0.6');
info: Microsoft.EntityFrameworkCore.Migrations[20402]
      Applying migration '20250711221054_MakeKineticChainAndWeightTypeNullable'.
info: 7/12/2025 16:06:31.293 RelationalEventId.MigrationApplying[20402] (Microsoft.EntityFrameworkCore.Migrations) 
      Applying migration '20250711221054_MakeKineticChainAndWeightTypeNullable'.
dbug: Microsoft.EntityFrameworkCore.Database.Command[20103]
      Creating DbCommand for 'ExecuteNonQuery'.
dbug: Microsoft.EntityFrameworkCore.Database.Command[20104]
      Created DbCommand for 'ExecuteNonQuery' (0ms).
dbug: Microsoft.EntityFrameworkCore.Database.Command[20106]
      Initialized DbCommand for 'ExecuteNonQuery' (0ms).
dbug: Microsoft.EntityFrameworkCore.Database.Command[20103]
      Creating DbCommand for 'ExecuteNonQuery'.
dbug: Microsoft.EntityFrameworkCore.Database.Command[20104]
      Created DbCommand for 'ExecuteNonQuery' (0ms).
dbug: Microsoft.EntityFrameworkCore.Database.Command[20106]
      Initialized DbCommand for 'ExecuteNonQuery' (0ms).
dbug: Microsoft.EntityFrameworkCore.Database.Command[20100]
      Executing DbCommand [Parameters=[], CommandType='Text', CommandTimeout='30']
      ALTER TABLE "Exercises" DROP CONSTRAINT "FK_Exercises_KineticChainTypes_KineticChainId";
dbug: Microsoft.EntityFrameworkCore.Database.Command[20100]
      Executing DbCommand [Parameters=[], CommandType='Text', CommandTimeout='30']
      ALTER TABLE "Exercises" DROP CONSTRAINT "FK_Exercises_KineticChainTypes_KineticChainId";
info: Microsoft.EntityFrameworkCore.Database.Command[20101]
      Executed DbCommand (1ms) [Parameters=[], CommandType='Text', CommandTimeout='30']
      ALTER TABLE "Exercises" DROP CONSTRAINT "FK_Exercises_KineticChainTypes_KineticChainId";
info: 7/12/2025 16:06:31.304 RelationalEventId.CommandExecuted[20101] (Microsoft.EntityFrameworkCore.Database.Command) 
      Executed DbCommand (1ms) [Parameters=[], CommandType='Text', CommandTimeout='30']
      ALTER TABLE "Exercises" DROP CONSTRAINT "FK_Exercises_KineticChainTypes_KineticChainId";
dbug: Microsoft.EntityFrameworkCore.Database.Command[20103]
      Creating DbCommand for 'ExecuteNonQuery'.
dbug: Microsoft.EntityFrameworkCore.Database.Command[20104]
      Created DbCommand for 'ExecuteNonQuery' (0ms).
dbug: Microsoft.EntityFrameworkCore.Database.Command[20106]
      Initialized DbCommand for 'ExecuteNonQuery' (0ms).
dbug: Microsoft.EntityFrameworkCore.Database.Command[20100]
      Executing DbCommand [Parameters=[], CommandType='Text', CommandTimeout='30']
      ALTER TABLE "Exercises" DROP CONSTRAINT "FK_Exercises_ExerciseWeightTypes_ExerciseWeightTypeId";
info: Microsoft.EntityFrameworkCore.Database.Command[20101]
      Executed DbCommand (1ms) [Parameters=[], CommandType='Text', CommandTimeout='30']
      ALTER TABLE "Exercises" DROP CONSTRAINT "FK_Exercises_KineticChainTypes_KineticChainId";
info: 7/12/2025 16:06:31.304 RelationalEventId.CommandExecuted[20101] (Microsoft.EntityFrameworkCore.Database.Command) 
      Executed DbCommand (1ms) [Parameters=[], CommandType='Text', CommandTimeout='30']
      ALTER TABLE "Exercises" DROP CONSTRAINT "FK_Exercises_KineticChainTypes_KineticChainId";
dbug: Microsoft.EntityFrameworkCore.Database.Command[20103]
      Creating DbCommand for 'ExecuteNonQuery'.
dbug: Microsoft.EntityFrameworkCore.Database.Command[20104]
      Created DbCommand for 'ExecuteNonQuery' (0ms).
dbug: Microsoft.EntityFrameworkCore.Database.Command[20106]
      Initialized DbCommand for 'ExecuteNonQuery' (0ms).
dbug: Microsoft.EntityFrameworkCore.Database.Command[20100]
      Executing DbCommand [Parameters=[], CommandType='Text', CommandTimeout='30']
      ALTER TABLE "Exercises" DROP CONSTRAINT "FK_Exercises_ExerciseWeightTypes_ExerciseWeightTypeId";
info: Microsoft.EntityFrameworkCore.Database.Command[20101]
      Executed DbCommand (1ms) [Parameters=[], CommandType='Text', CommandTimeout='30']
      ALTER TABLE "Exercises" DROP CONSTRAINT "FK_Exercises_ExerciseWeightTypes_ExerciseWeightTypeId";
info: 7/12/2025 16:06:31.304 RelationalEventId.CommandExecuted[20101] (Microsoft.EntityFrameworkCore.Database.Command) 
      Executed DbCommand (1ms) [Parameters=[], CommandType='Text', CommandTimeout='30']
      ALTER TABLE "Exercises" DROP CONSTRAINT "FK_Exercises_ExerciseWeightTypes_ExerciseWeightTypeId";
dbug: Microsoft.EntityFrameworkCore.Database.Command[20103]
      Creating DbCommand for 'ExecuteNonQuery'.
dbug: Microsoft.EntityFrameworkCore.Database.Command[20104]
      Created DbCommand for 'ExecuteNonQuery' (0ms).
dbug: Microsoft.EntityFrameworkCore.Database.Command[20106]
      Initialized DbCommand for 'ExecuteNonQuery' (0ms).
dbug: Microsoft.EntityFrameworkCore.Database.Command[20100]
      Executing DbCommand [Parameters=[], CommandType='Text', CommandTimeout='30']
      ALTER TABLE "Exercises" ALTER COLUMN "KineticChainId" DROP NOT NULL;
info: Microsoft.EntityFrameworkCore.Database.Command[20101]
      Executed DbCommand (0ms) [Parameters=[], CommandType='Text', CommandTimeout='30']
      ALTER TABLE "Exercises" ALTER COLUMN "KineticChainId" DROP NOT NULL;
info: 7/12/2025 16:06:31.305 RelationalEventId.CommandExecuted[20101] (Microsoft.EntityFrameworkCore.Database.Command) 
      Executed DbCommand (0ms) [Parameters=[], CommandType='Text', CommandTimeout='30']
      ALTER TABLE "Exercises" ALTER COLUMN "KineticChainId" DROP NOT NULL;
dbug: Microsoft.EntityFrameworkCore.Database.Command[20103]
      Creating DbCommand for 'ExecuteNonQuery'.
dbug: Microsoft.EntityFrameworkCore.Database.Command[20104]
      Created DbCommand for 'ExecuteNonQuery' (0ms).
dbug: Microsoft.EntityFrameworkCore.Database.Command[20106]
      Initialized DbCommand for 'ExecuteNonQuery' (0ms).
dbug: Microsoft.EntityFrameworkCore.Database.Command[20100]
      Executing DbCommand [Parameters=[], CommandType='Text', CommandTimeout='30']
      ALTER TABLE "Exercises" ADD CONSTRAINT "FK_Exercises_KineticChainTypes_KineticChainId" FOREIGN KEY ("KineticChainId") REFERENCES "KineticChainTypes" ("Id") ON DELETE SET NULL;
info: Microsoft.EntityFrameworkCore.Database.Command[20101]
      Executed DbCommand (1ms) [Parameters=[], CommandType='Text', CommandTimeout='30']
      ALTER TABLE "Exercises" DROP CONSTRAINT "FK_Exercises_ExerciseWeightTypes_ExerciseWeightTypeId";
info: 7/12/2025 16:06:31.305 RelationalEventId.CommandExecuted[20101] (Microsoft.EntityFrameworkCore.Database.Command) 
      Executed DbCommand (1ms) [Parameters=[], CommandType='Text', CommandTimeout='30']
      ALTER TABLE "Exercises" DROP CONSTRAINT "FK_Exercises_ExerciseWeightTypes_ExerciseWeightTypeId";
dbug: Microsoft.EntityFrameworkCore.Database.Command[20103]
      Creating DbCommand for 'ExecuteNonQuery'.
dbug: Microsoft.EntityFrameworkCore.Database.Command[20104]
      Created DbCommand for 'ExecuteNonQuery' (0ms).
dbug: Microsoft.EntityFrameworkCore.Database.Command[20106]
      Initialized DbCommand for 'ExecuteNonQuery' (0ms).
dbug: Microsoft.EntityFrameworkCore.Database.Command[20100]
      Executing DbCommand [Parameters=[], CommandType='Text', CommandTimeout='30']
      ALTER TABLE "Exercises" ALTER COLUMN "KineticChainId" DROP NOT NULL;
info: Microsoft.EntityFrameworkCore.Database.Command[20101]
      Executed DbCommand (0ms) [Parameters=[], CommandType='Text', CommandTimeout='30']
      ALTER TABLE "Exercises" ALTER COLUMN "KineticChainId" DROP NOT NULL;
info: 7/12/2025 16:06:31.305 RelationalEventId.CommandExecuted[20101] (Microsoft.EntityFrameworkCore.Database.Command) 
      Executed DbCommand (0ms) [Parameters=[], CommandType='Text', CommandTimeout='30']
      ALTER TABLE "Exercises" ALTER COLUMN "KineticChainId" DROP NOT NULL;
dbug: Microsoft.EntityFrameworkCore.Database.Command[20103]
      Creating DbCommand for 'ExecuteNonQuery'.
dbug: Microsoft.EntityFrameworkCore.Database.Command[20104]
      Created DbCommand for 'ExecuteNonQuery' (0ms).
dbug: Microsoft.EntityFrameworkCore.Database.Command[20106]
      Initialized DbCommand for 'ExecuteNonQuery' (0ms).
dbug: Microsoft.EntityFrameworkCore.Database.Command[20100]
      Executing DbCommand [Parameters=[], CommandType='Text', CommandTimeout='30']
      ALTER TABLE "Exercises" ADD CONSTRAINT "FK_Exercises_KineticChainTypes_KineticChainId" FOREIGN KEY ("KineticChainId") REFERENCES "KineticChainTypes" ("Id") ON DELETE SET NULL;
info: Microsoft.EntityFrameworkCore.Database.Command[20101]
      Executed DbCommand (1ms) [Parameters=[], CommandType='Text', CommandTimeout='30']
      ALTER TABLE "Exercises" ADD CONSTRAINT "FK_Exercises_KineticChainTypes_KineticChainId" FOREIGN KEY ("KineticChainId") REFERENCES "KineticChainTypes" ("Id") ON DELETE SET NULL;
info: 7/12/2025 16:06:31.306 RelationalEventId.CommandExecuted[20101] (Microsoft.EntityFrameworkCore.Database.Command) 
      Executed DbCommand (1ms) [Parameters=[], CommandType='Text', CommandTimeout='30']
      ALTER TABLE "Exercises" ADD CONSTRAINT "FK_Exercises_KineticChainTypes_KineticChainId" FOREIGN KEY ("KineticChainId") REFERENCES "KineticChainTypes" ("Id") ON DELETE SET NULL;
dbug: Microsoft.EntityFrameworkCore.Database.Command[20103]
      Creating DbCommand for 'ExecuteNonQuery'.
dbug: Microsoft.EntityFrameworkCore.Database.Command[20104]
      Created DbCommand for 'ExecuteNonQuery' (0ms).
dbug: Microsoft.EntityFrameworkCore.Database.Command[20106]
      Initialized DbCommand for 'ExecuteNonQuery' (0ms).
dbug: Microsoft.EntityFrameworkCore.Database.Command[20100]
      Executing DbCommand [Parameters=[], CommandType='Text', CommandTimeout='30']
      ALTER TABLE "Exercises" ADD CONSTRAINT "FK_Exercises_ExerciseWeightTypes_ExerciseWeightTypeId" FOREIGN KEY ("ExerciseWeightTypeId") REFERENCES "ExerciseWeightTypes" ("Id") ON DELETE SET NULL;
info: Microsoft.EntityFrameworkCore.Database.Command[20101]
      Executed DbCommand (1ms) [Parameters=[], CommandType='Text', CommandTimeout='30']
      ALTER TABLE "Exercises" ADD CONSTRAINT "FK_Exercises_KineticChainTypes_KineticChainId" FOREIGN KEY ("KineticChainId") REFERENCES "KineticChainTypes" ("Id") ON DELETE SET NULL;
info: 7/12/2025 16:06:31.306 RelationalEventId.CommandExecuted[20101] (Microsoft.EntityFrameworkCore.Database.Command) 
      Executed DbCommand (1ms) [Parameters=[], CommandType='Text', CommandTimeout='30']
      ALTER TABLE "Exercises" ADD CONSTRAINT "FK_Exercises_KineticChainTypes_KineticChainId" FOREIGN KEY ("KineticChainId") REFERENCES "KineticChainTypes" ("Id") ON DELETE SET NULL;
dbug: Microsoft.EntityFrameworkCore.Database.Command[20103]
      Creating DbCommand for 'ExecuteNonQuery'.
dbug: Microsoft.EntityFrameworkCore.Database.Command[20104]
      Created DbCommand for 'ExecuteNonQuery' (0ms).
dbug: Microsoft.EntityFrameworkCore.Database.Command[20106]
      Initialized DbCommand for 'ExecuteNonQuery' (0ms).
dbug: Microsoft.EntityFrameworkCore.Database.Command[20100]
      Executing DbCommand [Parameters=[], CommandType='Text', CommandTimeout='30']
      ALTER TABLE "Exercises" ADD CONSTRAINT "FK_Exercises_ExerciseWeightTypes_ExerciseWeightTypeId" FOREIGN KEY ("ExerciseWeightTypeId") REFERENCES "ExerciseWeightTypes" ("Id") ON DELETE SET NULL;
info: Microsoft.EntityFrameworkCore.Database.Command[20101]
      Executed DbCommand (1ms) [Parameters=[], CommandType='Text', CommandTimeout='30']
      ALTER TABLE "Exercises" ADD CONSTRAINT "FK_Exercises_ExerciseWeightTypes_ExerciseWeightTypeId" FOREIGN KEY ("ExerciseWeightTypeId") REFERENCES "ExerciseWeightTypes" ("Id") ON DELETE SET NULL;
info: 7/12/2025 16:06:31.306 RelationalEventId.CommandExecuted[20101] (Microsoft.EntityFrameworkCore.Database.Command) 
      Executed DbCommand (1ms) [Parameters=[], CommandType='Text', CommandTimeout='30']
      ALTER TABLE "Exercises" ADD CONSTRAINT "FK_Exercises_ExerciseWeightTypes_ExerciseWeightTypeId" FOREIGN KEY ("ExerciseWeightTypeId") REFERENCES "ExerciseWeightTypes" ("Id") ON DELETE SET NULL;
dbug: Microsoft.EntityFrameworkCore.Database.Command[20103]
      Creating DbCommand for 'ExecuteNonQuery'.
dbug: Microsoft.EntityFrameworkCore.Database.Command[20104]
      Created DbCommand for 'ExecuteNonQuery' (0ms).
dbug: Microsoft.EntityFrameworkCore.Database.Command[20106]
      Initialized DbCommand for 'ExecuteNonQuery' (0ms).
dbug: Microsoft.EntityFrameworkCore.Database.Command[20100]
      Executing DbCommand [Parameters=[], CommandType='Text', CommandTimeout='30']
      INSERT INTO "__EFMigrationsHistory" ("MigrationId", "ProductVersion")
      VALUES ('20250711221054_MakeKineticChainAndWeightTypeNullable', '9.0.6');
info: Microsoft.EntityFrameworkCore.Database.Command[20101]
      Executed DbCommand (0ms) [Parameters=[], CommandType='Text', CommandTimeout='30']
      INSERT INTO "__EFMigrationsHistory" ("MigrationId", "ProductVersion")
      VALUES ('20250711221054_MakeKineticChainAndWeightTypeNullable', '9.0.6');
info: 7/12/2025 16:06:31.307 RelationalEventId.CommandExecuted[20101] (Microsoft.EntityFrameworkCore.Database.Command) 
      Executed DbCommand (0ms) [Parameters=[], CommandType='Text', CommandTimeout='30']
      INSERT INTO "__EFMigrationsHistory" ("MigrationId", "ProductVersion")
      VALUES ('20250711221054_MakeKineticChainAndWeightTypeNullable', '9.0.6');
info: Microsoft.EntityFrameworkCore.Database.Command[20101]
      Executed DbCommand (1ms) [Parameters=[], CommandType='Text', CommandTimeout='30']
      ALTER TABLE "Exercises" ADD CONSTRAINT "FK_Exercises_ExerciseWeightTypes_ExerciseWeightTypeId" FOREIGN KEY ("ExerciseWeightTypeId") REFERENCES "ExerciseWeightTypes" ("Id") ON DELETE SET NULL;
info: 7/12/2025 16:06:31.307 RelationalEventId.CommandExecuted[20101] (Microsoft.EntityFrameworkCore.Database.Command) 
      Executed DbCommand (1ms) [Parameters=[], CommandType='Text', CommandTimeout='30']
      ALTER TABLE "Exercises" ADD CONSTRAINT "FK_Exercises_ExerciseWeightTypes_ExerciseWeightTypeId" FOREIGN KEY ("ExerciseWeightTypeId") REFERENCES "ExerciseWeightTypes" ("Id") ON DELETE SET NULL;
dbug: Microsoft.EntityFrameworkCore.Database.Command[20103]
      Creating DbCommand for 'ExecuteNonQuery'.
dbug: Microsoft.EntityFrameworkCore.Database.Command[20104]
      Created DbCommand for 'ExecuteNonQuery' (0ms).
dbug: Microsoft.EntityFrameworkCore.Database.Command[20106]
      Initialized DbCommand for 'ExecuteNonQuery' (0ms).
dbug: Microsoft.EntityFrameworkCore.Database.Command[20100]
      Executing DbCommand [Parameters=[], CommandType='Text', CommandTimeout='30']
      INSERT INTO "__EFMigrationsHistory" ("MigrationId", "ProductVersion")
      VALUES ('20250711221054_MakeKineticChainAndWeightTypeNullable', '9.0.6');
info: Microsoft.EntityFrameworkCore.Database.Command[20101]
      Executed DbCommand (0ms) [Parameters=[], CommandType='Text', CommandTimeout='30']
      INSERT INTO "__EFMigrationsHistory" ("MigrationId", "ProductVersion")
      VALUES ('20250711221054_MakeKineticChainAndWeightTypeNullable', '9.0.6');
info: 7/12/2025 16:06:31.307 RelationalEventId.CommandExecuted[20101] (Microsoft.EntityFrameworkCore.Database.Command) 
      Executed DbCommand (0ms) [Parameters=[], CommandType='Text', CommandTimeout='30']
      INSERT INTO "__EFMigrationsHistory" ("MigrationId", "ProductVersion")
      VALUES ('20250711221054_MakeKineticChainAndWeightTypeNullable', '9.0.6');
dbug: Microsoft.EntityFrameworkCore.Database.Command[20103]
      Creating DbCommand for 'ExecuteReader'.
dbug: Microsoft.EntityFrameworkCore.Database.Command[20103]
      Creating DbCommand for 'ExecuteReader'.
dbug: Microsoft.EntityFrameworkCore.Database.Command[20104]
      Created DbCommand for 'ExecuteReader' (0ms).
dbug: Microsoft.EntityFrameworkCore.Database.Command[20106]
      Initialized DbCommand for 'ExecuteReader' (0ms).
dbug: Microsoft.EntityFrameworkCore.Database.Command[20104]
      Created DbCommand for 'ExecuteReader' (0ms).
dbug: Microsoft.EntityFrameworkCore.Database.Command[20106]
      Initialized DbCommand for 'ExecuteReader' (0ms).
dbug: Microsoft.EntityFrameworkCore.Database.Command[20100]
      Executing DbCommand [Parameters=[], CommandType='Text', CommandTimeout='30']
      SELECT EXISTS (
          SELECT 1
          FROM "BodyParts" AS b)
dbug: Microsoft.EntityFrameworkCore.Database.Command[20100]
      Executing DbCommand [Parameters=[], CommandType='Text', CommandTimeout='30']
      SELECT EXISTS (
          SELECT 1
          FROM "BodyParts" AS b)
info: Microsoft.EntityFrameworkCore.Database.Command[20101]
      Executed DbCommand (1ms) [Parameters=[], CommandType='Text', CommandTimeout='30']
      SELECT EXISTS (
          SELECT 1
          FROM "BodyParts" AS b)
info: Microsoft.EntityFrameworkCore.Database.Command[20101]
      Executed DbCommand (1ms) [Parameters=[], CommandType='Text', CommandTimeout='30']
      SELECT EXISTS (
          SELECT 1
          FROM "BodyParts" AS b)
info: 7/12/2025 16:06:31.380 RelationalEventId.CommandExecuted[20101] (Microsoft.EntityFrameworkCore.Database.Command) 
      Executed DbCommand (1ms) [Parameters=[], CommandType='Text', CommandTimeout='30']
      SELECT EXISTS (
          SELECT 1
          FROM "BodyParts" AS b)
info: 7/12/2025 16:06:31.380 RelationalEventId.CommandExecuted[20101] (Microsoft.EntityFrameworkCore.Database.Command) 
      Executed DbCommand (1ms) [Parameters=[], CommandType='Text', CommandTimeout='30']
      SELECT EXISTS (
          SELECT 1
          FROM "BodyParts" AS b)
dbug: Microsoft.EntityFrameworkCore.Database.Command[20301]
      Closing data reader to 'bddtestdb' on server 'tcp://127.0.0.1:33502'.
dbug: Microsoft.EntityFrameworkCore.Database.Command[20301]
      Closing data reader to 'bddtestdb' on server 'tcp://127.0.0.1:33503'.
dbug: Microsoft.EntityFrameworkCore.Database.Command[20300]
      A data reader for 'bddtestdb' on server 'tcp://127.0.0.1:33503' is being disposed after spending 10ms reading results.
dbug: Microsoft.EntityFrameworkCore.Database.Command[20300]
      A data reader for 'bddtestdb' on server 'tcp://127.0.0.1:33502' is being disposed after spending 10ms reading results.
dbug: Microsoft.EntityFrameworkCore.Database.Command[20103]
      Creating DbCommand for 'ExecuteScalar'.
dbug: Microsoft.EntityFrameworkCore.Database.Command[20103]
      Creating DbCommand for 'ExecuteScalar'.
dbug: Microsoft.EntityFrameworkCore.Database.Command[20104]
      Created DbCommand for 'ExecuteScalar' (0ms).
dbug: Microsoft.EntityFrameworkCore.Database.Command[20106]
      Initialized DbCommand for 'ExecuteScalar' (0ms).
dbug: Microsoft.EntityFrameworkCore.Database.Command[20104]
      Created DbCommand for 'ExecuteScalar' (0ms).
dbug: Microsoft.EntityFrameworkCore.Database.Command[20106]
      Initialized DbCommand for 'ExecuteScalar' (0ms).
dbug: Microsoft.EntityFrameworkCore.Database.Command[20100]
      Executing DbCommand [Parameters=[], CommandType='Text', CommandTimeout='30']
      SELECT CASE WHEN COUNT(*) = 0 THEN FALSE ELSE TRUE END
      FROM pg_class AS cls
      JOIN pg_namespace AS ns ON ns.oid = cls.relnamespace
      WHERE
              cls.relkind IN ('r', 'v', 'm', 'f', 'p') AND
              ns.nspname NOT IN ('pg_catalog', 'information_schema') AND
              -- Exclude tables which are members of PG extensions
              NOT EXISTS (
                  SELECT 1 FROM pg_depend WHERE
                      classid=(
                          SELECT cls.oid
                          FROM pg_class AS cls
                                   JOIN pg_namespace AS ns ON ns.oid = cls.relnamespace
                          WHERE relname='pg_class' AND ns.nspname='pg_catalog'
                      ) AND
                      objid=cls.oid AND
                      deptype IN ('e', 'x')
              )
dbug: Microsoft.EntityFrameworkCore.Database.Command[20100]
      Executing DbCommand [Parameters=[], CommandType='Text', CommandTimeout='30']
      SELECT CASE WHEN COUNT(*) = 0 THEN FALSE ELSE TRUE END
      FROM pg_class AS cls
      JOIN pg_namespace AS ns ON ns.oid = cls.relnamespace
      WHERE
              cls.relkind IN ('r', 'v', 'm', 'f', 'p') AND
              ns.nspname NOT IN ('pg_catalog', 'information_schema') AND
              -- Exclude tables which are members of PG extensions
              NOT EXISTS (
                  SELECT 1 FROM pg_depend WHERE
                      classid=(
                          SELECT cls.oid
                          FROM pg_class AS cls
                                   JOIN pg_namespace AS ns ON ns.oid = cls.relnamespace
                          WHERE relname='pg_class' AND ns.nspname='pg_catalog'
                      ) AND
                      objid=cls.oid AND
                      deptype IN ('e', 'x')
              )
info: Microsoft.EntityFrameworkCore.Database.Command[20101]
      Executed DbCommand (4ms) [Parameters=[], CommandType='Text', CommandTimeout='30']
      SELECT CASE WHEN COUNT(*) = 0 THEN FALSE ELSE TRUE END
      FROM pg_class AS cls
      JOIN pg_namespace AS ns ON ns.oid = cls.relnamespace
      WHERE
              cls.relkind IN ('r', 'v', 'm', 'f', 'p') AND
              ns.nspname NOT IN ('pg_catalog', 'information_schema') AND
              -- Exclude tables which are members of PG extensions
              NOT EXISTS (
                  SELECT 1 FROM pg_depend WHERE
                      classid=(
                          SELECT cls.oid
                          FROM pg_class AS cls
                                   JOIN pg_namespace AS ns ON ns.oid = cls.relnamespace
                          WHERE relname='pg_class' AND ns.nspname='pg_catalog'
                      ) AND
                      objid=cls.oid AND
                      deptype IN ('e', 'x')
              )
info: Microsoft.EntityFrameworkCore.Database.Command[20101]
      Executed DbCommand (4ms) [Parameters=[], CommandType='Text', CommandTimeout='30']
      SELECT CASE WHEN COUNT(*) = 0 THEN FALSE ELSE TRUE END
      FROM pg_class AS cls
      JOIN pg_namespace AS ns ON ns.oid = cls.relnamespace
      WHERE
              cls.relkind IN ('r', 'v', 'm', 'f', 'p') AND
              ns.nspname NOT IN ('pg_catalog', 'information_schema') AND
              -- Exclude tables which are members of PG extensions
              NOT EXISTS (
                  SELECT 1 FROM pg_depend WHERE
                      classid=(
                          SELECT cls.oid
                          FROM pg_class AS cls
                                   JOIN pg_namespace AS ns ON ns.oid = cls.relnamespace
                          WHERE relname='pg_class' AND ns.nspname='pg_catalog'
                      ) AND
                      objid=cls.oid AND
                      deptype IN ('e', 'x')
              )
info: 7/12/2025 16:06:31.437 RelationalEventId.CommandExecuted[20101] (Microsoft.EntityFrameworkCore.Database.Command) 
      Executed DbCommand (4ms) [Parameters=[], CommandType='Text', CommandTimeout='30']
      SELECT CASE WHEN COUNT(*) = 0 THEN FALSE ELSE TRUE END
      FROM pg_class AS cls
      JOIN pg_namespace AS ns ON ns.oid = cls.relnamespace
      WHERE
              cls.relkind IN ('r', 'v', 'm', 'f', 'p') AND
              ns.nspname NOT IN ('pg_catalog', 'information_schema') AND
              -- Exclude tables which are members of PG extensions
              NOT EXISTS (
                  SELECT 1 FROM pg_depend WHERE
                      classid=(
                          SELECT cls.oid
                          FROM pg_class AS cls
                                   JOIN pg_namespace AS ns ON ns.oid = cls.relnamespace
                          WHERE relname='pg_class' AND ns.nspname='pg_catalog'
                      ) AND
                      objid=cls.oid AND
                      deptype IN ('e', 'x')
              )
info: 7/12/2025 16:06:31.437 RelationalEventId.CommandExecuted[20101] (Microsoft.EntityFrameworkCore.Database.Command) 
      Executed DbCommand (4ms) [Parameters=[], CommandType='Text', CommandTimeout='30']
      SELECT CASE WHEN COUNT(*) = 0 THEN FALSE ELSE TRUE END
      FROM pg_class AS cls
      JOIN pg_namespace AS ns ON ns.oid = cls.relnamespace
      WHERE
              cls.relkind IN ('r', 'v', 'm', 'f', 'p') AND
              ns.nspname NOT IN ('pg_catalog', 'information_schema') AND
              -- Exclude tables which are members of PG extensions
              NOT EXISTS (
                  SELECT 1 FROM pg_depend WHERE
                      classid=(
                          SELECT cls.oid
                          FROM pg_class AS cls
                                   JOIN pg_namespace AS ns ON ns.oid = cls.relnamespace
                          WHERE relname='pg_class' AND ns.nspname='pg_catalog'
                      ) AND
                      objid=cls.oid AND
                      deptype IN ('e', 'x')
              )
dbug: Microsoft.EntityFrameworkCore.Database.Command[20103]
      Creating DbCommand for 'ExecuteReader'.
dbug: Microsoft.EntityFrameworkCore.Database.Command[20103]
      Creating DbCommand for 'ExecuteReader'.
dbug: Microsoft.EntityFrameworkCore.Database.Command[20104]
      Created DbCommand for 'ExecuteReader' (0ms).
dbug: Microsoft.EntityFrameworkCore.Database.Command[20106]
      Initialized DbCommand for 'ExecuteReader' (0ms).
dbug: Microsoft.EntityFrameworkCore.Database.Command[20104]
      Created DbCommand for 'ExecuteReader' (0ms).
dbug: Microsoft.EntityFrameworkCore.Database.Command[20106]
      Initialized DbCommand for 'ExecuteReader' (0ms).
dbug: Microsoft.EntityFrameworkCore.Database.Command[20100]
      Executing DbCommand [Parameters=[], CommandType='Text', CommandTimeout='30']
      SELECT EXISTS (
          SELECT 1
          FROM "BodyParts" AS b)
dbug: Microsoft.EntityFrameworkCore.Database.Command[20100]
      Executing DbCommand [Parameters=[], CommandType='Text', CommandTimeout='30']
      SELECT EXISTS (
          SELECT 1
          FROM "BodyParts" AS b)
info: Microsoft.EntityFrameworkCore.Database.Command[20101]
      Executed DbCommand (0ms) [Parameters=[], CommandType='Text', CommandTimeout='30']
      SELECT EXISTS (
          SELECT 1
          FROM "BodyParts" AS b)
info: 7/12/2025 16:06:31.439 RelationalEventId.CommandExecuted[20101] (Microsoft.EntityFrameworkCore.Database.Command) 
      Executed DbCommand (0ms) [Parameters=[], CommandType='Text', CommandTimeout='30']
      SELECT EXISTS (
          SELECT 1
          FROM "BodyParts" AS b)
info: Microsoft.EntityFrameworkCore.Database.Command[20101]
      Executed DbCommand (0ms) [Parameters=[], CommandType='Text', CommandTimeout='30']
      SELECT EXISTS (
          SELECT 1
          FROM "BodyParts" AS b)
info: 7/12/2025 16:06:31.439 RelationalEventId.CommandExecuted[20101] (Microsoft.EntityFrameworkCore.Database.Command) 
      Executed DbCommand (0ms) [Parameters=[], CommandType='Text', CommandTimeout='30']
      SELECT EXISTS (
          SELECT 1
          FROM "BodyParts" AS b)
dbug: Microsoft.EntityFrameworkCore.Database.Command[20301]
      Closing data reader to 'bddtestdb' on server 'tcp://127.0.0.1:33503'.
dbug: Microsoft.EntityFrameworkCore.Database.Command[20301]
      Closing data reader to 'bddtestdb' on server 'tcp://127.0.0.1:33502'.
dbug: Microsoft.EntityFrameworkCore.Database.Command[20300]
      A data reader for 'bddtestdb' on server 'tcp://127.0.0.1:33502' is being disposed after spending 0ms reading results.
dbug: Microsoft.EntityFrameworkCore.Database.Command[20300]
      A data reader for 'bddtestdb' on server 'tcp://127.0.0.1:33503' is being disposed after spending 0ms reading results.
dbug: Microsoft.EntityFrameworkCore.Database.Command[20103]
      Creating DbCommand for 'ExecuteReader'.
dbug: Microsoft.EntityFrameworkCore.Database.Command[20104]
      Created DbCommand for 'ExecuteReader' (0ms).
dbug: Microsoft.EntityFrameworkCore.Database.Command[20103]
      Creating DbCommand for 'ExecuteReader'.
dbug: Microsoft.EntityFrameworkCore.Database.Command[20104]
      Created DbCommand for 'ExecuteReader' (0ms).
dbug: Microsoft.EntityFrameworkCore.Database.Command[20106]
      Initialized DbCommand for 'ExecuteReader' (0ms).
dbug: Microsoft.EntityFrameworkCore.Database.Command[20100]
      Executing DbCommand [Parameters=[], CommandType='Text', CommandTimeout='30']
      SELECT e."Id", e."CreatedAt", e."DisplayOrder", e."IsActive", e."LinkType", e."SourceExerciseId", e."TargetExerciseId", e."UpdatedAt"
      FROM "ExerciseLinks" AS e
dbug: Microsoft.EntityFrameworkCore.Database.Command[20106]
      Initialized DbCommand for 'ExecuteReader' (0ms).
dbug: Microsoft.EntityFrameworkCore.Database.Command[20100]
      Executing DbCommand [Parameters=[], CommandType='Text', CommandTimeout='30']
      SELECT e."Id", e."CreatedAt", e."DisplayOrder", e."IsActive", e."LinkType", e."SourceExerciseId", e."TargetExerciseId", e."UpdatedAt"
      FROM "ExerciseLinks" AS e
info: Microsoft.EntityFrameworkCore.Database.Command[20101]
      Executed DbCommand (1ms) [Parameters=[], CommandType='Text', CommandTimeout='30']
      SELECT e."Id", e."CreatedAt", e."DisplayOrder", e."IsActive", e."LinkType", e."SourceExerciseId", e."TargetExerciseId", e."UpdatedAt"
      FROM "ExerciseLinks" AS e
info: 7/12/2025 16:06:31.471 RelationalEventId.CommandExecuted[20101] (Microsoft.EntityFrameworkCore.Database.Command) 
      Executed DbCommand (1ms) [Parameters=[], CommandType='Text', CommandTimeout='30']
      SELECT e."Id", e."CreatedAt", e."DisplayOrder", e."IsActive", e."LinkType", e."SourceExerciseId", e."TargetExerciseId", e."UpdatedAt"
      FROM "ExerciseLinks" AS e
dbug: Microsoft.EntityFrameworkCore.Database.Command[20301]
      Closing data reader to 'bddtestdb' on server 'tcp://127.0.0.1:33503'.
dbug: Microsoft.EntityFrameworkCore.Database.Command[20300]
      A data reader for 'bddtestdb' on server 'tcp://127.0.0.1:33503' is being disposed after spending 0ms reading results.
info: Microsoft.EntityFrameworkCore.Database.Command[20101]
      Executed DbCommand (1ms) [Parameters=[], CommandType='Text', CommandTimeout='30']
      SELECT e."Id", e."CreatedAt", e."DisplayOrder", e."IsActive", e."LinkType", e."SourceExerciseId", e."TargetExerciseId", e."UpdatedAt"
      FROM "ExerciseLinks" AS e
info: 7/12/2025 16:06:31.472 RelationalEventId.CommandExecuted[20101] (Microsoft.EntityFrameworkCore.Database.Command) 
      Executed DbCommand (1ms) [Parameters=[], CommandType='Text', CommandTimeout='30']
      SELECT e."Id", e."CreatedAt", e."DisplayOrder", e."IsActive", e."LinkType", e."SourceExerciseId", e."TargetExerciseId", e."UpdatedAt"
      FROM "ExerciseLinks" AS e
dbug: Microsoft.EntityFrameworkCore.Database.Command[20301]
      Closing data reader to 'bddtestdb' on server 'tcp://127.0.0.1:33502'.
dbug: Microsoft.EntityFrameworkCore.Database.Command[20300]
      A data reader for 'bddtestdb' on server 'tcp://127.0.0.1:33502' is being disposed after spending 0ms reading results.
dbug: Microsoft.EntityFrameworkCore.Database.Command[20103]
      Creating DbCommand for 'ExecuteReader'.
dbug: Microsoft.EntityFrameworkCore.Database.Command[20104]
      Created DbCommand for 'ExecuteReader' (0ms).
dbug: Microsoft.EntityFrameworkCore.Database.Command[20106]
      Initialized DbCommand for 'ExecuteReader' (0ms).
dbug: Microsoft.EntityFrameworkCore.Database.Command[20103]
      Creating DbCommand for 'ExecuteReader'.
dbug: Microsoft.EntityFrameworkCore.Database.Command[20104]
      Created DbCommand for 'ExecuteReader' (0ms).
dbug: Microsoft.EntityFrameworkCore.Database.Command[20100]
      Executing DbCommand [Parameters=[], CommandType='Text', CommandTimeout='30']
      SELECT e."Id", e."Description", e."DifficultyId", e."ExerciseWeightTypeId", e."ImageUrl", e."IsActive", e."IsUnilateral", e."KineticChainId", e."Name", e."VideoUrl"
      FROM "Exercises" AS e
dbug: Microsoft.EntityFrameworkCore.Database.Command[20106]
      Initialized DbCommand for 'ExecuteReader' (0ms).
dbug: Microsoft.EntityFrameworkCore.Database.Command[20100]
      Executing DbCommand [Parameters=[], CommandType='Text', CommandTimeout='30']
      SELECT e."Id", e."Description", e."DifficultyId", e."ExerciseWeightTypeId", e."ImageUrl", e."IsActive", e."IsUnilateral", e."KineticChainId", e."Name", e."VideoUrl"
      FROM "Exercises" AS e
info: Microsoft.EntityFrameworkCore.Database.Command[20101]
      Executed DbCommand (0ms) [Parameters=[], CommandType='Text', CommandTimeout='30']
      SELECT e."Id", e."Description", e."DifficultyId", e."ExerciseWeightTypeId", e."ImageUrl", e."IsActive", e."IsUnilateral", e."KineticChainId", e."Name", e."VideoUrl"
      FROM "Exercises" AS e
info: 7/12/2025 16:06:31.475 RelationalEventId.CommandExecuted[20101] (Microsoft.EntityFrameworkCore.Database.Command) 
      Executed DbCommand (0ms) [Parameters=[], CommandType='Text', CommandTimeout='30']
      SELECT e."Id", e."Description", e."DifficultyId", e."ExerciseWeightTypeId", e."ImageUrl", e."IsActive", e."IsUnilateral", e."KineticChainId", e."Name", e."VideoUrl"
      FROM "Exercises" AS e
dbug: Microsoft.EntityFrameworkCore.Database.Command[20301]
      Closing data reader to 'bddtestdb' on server 'tcp://127.0.0.1:33503'.
dbug: Microsoft.EntityFrameworkCore.Database.Command[20300]
      A data reader for 'bddtestdb' on server 'tcp://127.0.0.1:33503' is being disposed after spending 0ms reading results.
info: Microsoft.EntityFrameworkCore.Database.Command[20101]
      Executed DbCommand (1ms) [Parameters=[], CommandType='Text', CommandTimeout='30']
      SELECT e."Id", e."Description", e."DifficultyId", e."ExerciseWeightTypeId", e."ImageUrl", e."IsActive", e."IsUnilateral", e."KineticChainId", e."Name", e."VideoUrl"
      FROM "Exercises" AS e
info: 7/12/2025 16:06:31.476 RelationalEventId.CommandExecuted[20101] (Microsoft.EntityFrameworkCore.Database.Command) 
      Executed DbCommand (1ms) [Parameters=[], CommandType='Text', CommandTimeout='30']
      SELECT e."Id", e."Description", e."DifficultyId", e."ExerciseWeightTypeId", e."ImageUrl", e."IsActive", e."IsUnilateral", e."KineticChainId", e."Name", e."VideoUrl"
      FROM "Exercises" AS e
dbug: Microsoft.EntityFrameworkCore.Database.Command[20301]
      Closing data reader to 'bddtestdb' on server 'tcp://127.0.0.1:33502'.
dbug: Microsoft.EntityFrameworkCore.Database.Command[20300]
      A data reader for 'bddtestdb' on server 'tcp://127.0.0.1:33502' is being disposed after spending 0ms reading results.
dbug: Microsoft.EntityFrameworkCore.Database.Command[20103]
      Creating DbCommand for 'ExecuteScalar'.
dbug: Microsoft.EntityFrameworkCore.Database.Command[20104]
      Created DbCommand for 'ExecuteScalar' (0ms).
dbug: Microsoft.EntityFrameworkCore.Database.Command[20106]
      Initialized DbCommand for 'ExecuteScalar' (0ms).
dbug: Microsoft.EntityFrameworkCore.Database.Command[20100]
      Executing DbCommand [Parameters=[], CommandType='Text', CommandTimeout='30']
      SELECT CASE WHEN COUNT(*) = 0 THEN FALSE ELSE TRUE END
      FROM pg_class AS cls
      JOIN pg_namespace AS ns ON ns.oid = cls.relnamespace
      WHERE
              cls.relkind IN ('r', 'v', 'm', 'f', 'p') AND
              ns.nspname NOT IN ('pg_catalog', 'information_schema') AND
              -- Exclude tables which are members of PG extensions
              NOT EXISTS (
                  SELECT 1 FROM pg_depend WHERE
                      classid=(
                          SELECT cls.oid
                          FROM pg_class AS cls
                                   JOIN pg_namespace AS ns ON ns.oid = cls.relnamespace
                          WHERE relname='pg_class' AND ns.nspname='pg_catalog'
                      ) AND
                      objid=cls.oid AND
                      deptype IN ('e', 'x')
              )
info: Microsoft.EntityFrameworkCore.Database.Command[20101]
      Executed DbCommand (1ms) [Parameters=[], CommandType='Text', CommandTimeout='30']
      SELECT CASE WHEN COUNT(*) = 0 THEN FALSE ELSE TRUE END
      FROM pg_class AS cls
      JOIN pg_namespace AS ns ON ns.oid = cls.relnamespace
      WHERE
              cls.relkind IN ('r', 'v', 'm', 'f', 'p') AND
              ns.nspname NOT IN ('pg_catalog', 'information_schema') AND
              -- Exclude tables which are members of PG extensions
              NOT EXISTS (
                  SELECT 1 FROM pg_depend WHERE
                      classid=(
                          SELECT cls.oid
                          FROM pg_class AS cls
                                   JOIN pg_namespace AS ns ON ns.oid = cls.relnamespace
                          WHERE relname='pg_class' AND ns.nspname='pg_catalog'
                      ) AND
                      objid=cls.oid AND
                      deptype IN ('e', 'x')
              )
info: 7/12/2025 16:06:31.486 RelationalEventId.CommandExecuted[20101] (Microsoft.EntityFrameworkCore.Database.Command) 
      Executed DbCommand (1ms) [Parameters=[], CommandType='Text', CommandTimeout='30']
      SELECT CASE WHEN COUNT(*) = 0 THEN FALSE ELSE TRUE END
      FROM pg_class AS cls
      JOIN pg_namespace AS ns ON ns.oid = cls.relnamespace
      WHERE
              cls.relkind IN ('r', 'v', 'm', 'f', 'p') AND
              ns.nspname NOT IN ('pg_catalog', 'information_schema') AND
              -- Exclude tables which are members of PG extensions
              NOT EXISTS (
                  SELECT 1 FROM pg_depend WHERE
                      classid=(
                          SELECT cls.oid
                          FROM pg_class AS cls
                                   JOIN pg_namespace AS ns ON ns.oid = cls.relnamespace
                          WHERE relname='pg_class' AND ns.nspname='pg_catalog'
                      ) AND
                      objid=cls.oid AND
                      deptype IN ('e', 'x')
              )
dbug: Microsoft.EntityFrameworkCore.Database.Command[20103]
      Creating DbCommand for 'ExecuteReader'.
dbug: Microsoft.EntityFrameworkCore.Database.Command[20104]
      Created DbCommand for 'ExecuteReader' (0ms).
dbug: Microsoft.EntityFrameworkCore.Database.Command[20106]
      Initialized DbCommand for 'ExecuteReader' (0ms).
dbug: Microsoft.EntityFrameworkCore.Database.Command[20100]
      Executing DbCommand [Parameters=[], CommandType='Text', CommandTimeout='30']
      SELECT EXISTS (
          SELECT 1
          FROM "BodyParts" AS b)
info: Microsoft.EntityFrameworkCore.Database.Command[20101]
      Executed DbCommand (0ms) [Parameters=[], CommandType='Text', CommandTimeout='30']
      SELECT EXISTS (
          SELECT 1
          FROM "BodyParts" AS b)
info: 7/12/2025 16:06:31.487 RelationalEventId.CommandExecuted[20101] (Microsoft.EntityFrameworkCore.Database.Command) 
      Executed DbCommand (0ms) [Parameters=[], CommandType='Text', CommandTimeout='30']
      SELECT EXISTS (
          SELECT 1
          FROM "BodyParts" AS b)
dbug: Microsoft.EntityFrameworkCore.Database.Command[20301]
      Closing data reader to 'bddtestdb' on server 'tcp://127.0.0.1:33503'.
dbug: Microsoft.EntityFrameworkCore.Database.Command[20300]
      A data reader for 'bddtestdb' on server 'tcp://127.0.0.1:33503' is being disposed after spending 0ms reading results.
dbug: Microsoft.EntityFrameworkCore.Database.Command[20103]
      Creating DbCommand for 'ExecuteReader'.
dbug: Microsoft.EntityFrameworkCore.Database.Command[20104]
      Created DbCommand for 'ExecuteReader' (0ms).
dbug: Microsoft.EntityFrameworkCore.Database.Command[20106]
      Initialized DbCommand for 'ExecuteReader' (0ms).
dbug: Microsoft.EntityFrameworkCore.Database.Command[20100]
      Executing DbCommand [Parameters=[], CommandType='Text', CommandTimeout='30']
      SELECT e."Id", e."CreatedAt", e."DisplayOrder", e."IsActive", e."LinkType", e."SourceExerciseId", e."TargetExerciseId", e."UpdatedAt"
      FROM "ExerciseLinks" AS e
info: Microsoft.EntityFrameworkCore.Database.Command[20101]
      Executed DbCommand (0ms) [Parameters=[], CommandType='Text', CommandTimeout='30']
      SELECT e."Id", e."CreatedAt", e."DisplayOrder", e."IsActive", e."LinkType", e."SourceExerciseId", e."TargetExerciseId", e."UpdatedAt"
      FROM "ExerciseLinks" AS e
info: 7/12/2025 16:06:31.496 RelationalEventId.CommandExecuted[20101] (Microsoft.EntityFrameworkCore.Database.Command) 
      Executed DbCommand (0ms) [Parameters=[], CommandType='Text', CommandTimeout='30']
      SELECT e."Id", e."CreatedAt", e."DisplayOrder", e."IsActive", e."LinkType", e."SourceExerciseId", e."TargetExerciseId", e."UpdatedAt"
      FROM "ExerciseLinks" AS e
dbug: Microsoft.EntityFrameworkCore.Database.Command[20301]
      Closing data reader to 'bddtestdb' on server 'tcp://127.0.0.1:33502'.
dbug: Microsoft.EntityFrameworkCore.Database.Command[20300]
      A data reader for 'bddtestdb' on server 'tcp://127.0.0.1:33502' is being disposed after spending 0ms reading results.
dbug: Microsoft.EntityFrameworkCore.Database.Command[20103]
      Creating DbCommand for 'ExecuteReader'.
dbug: Microsoft.EntityFrameworkCore.Database.Command[20104]
      Created DbCommand for 'ExecuteReader' (0ms).
dbug: Microsoft.EntityFrameworkCore.Database.Command[20106]
      Initialized DbCommand for 'ExecuteReader' (0ms).
dbug: Microsoft.EntityFrameworkCore.Database.Command[20100]
      Executing DbCommand [Parameters=[], CommandType='Text', CommandTimeout='30']
      SELECT e."Id", e."Description", e."DifficultyId", e."ExerciseWeightTypeId", e."ImageUrl", e."IsActive", e."IsUnilateral", e."KineticChainId", e."Name", e."VideoUrl"
      FROM "Exercises" AS e
info: Microsoft.EntityFrameworkCore.Database.Command[20101]
      Executed DbCommand (0ms) [Parameters=[], CommandType='Text', CommandTimeout='30']
      SELECT e."Id", e."Description", e."DifficultyId", e."ExerciseWeightTypeId", e."ImageUrl", e."IsActive", e."IsUnilateral", e."KineticChainId", e."Name", e."VideoUrl"
      FROM "Exercises" AS e
info: 7/12/2025 16:06:31.496 RelationalEventId.CommandExecuted[20101] (Microsoft.EntityFrameworkCore.Database.Command) 
      Executed DbCommand (0ms) [Parameters=[], CommandType='Text', CommandTimeout='30']
      SELECT e."Id", e."Description", e."DifficultyId", e."ExerciseWeightTypeId", e."ImageUrl", e."IsActive", e."IsUnilateral", e."KineticChainId", e."Name", e."VideoUrl"
      FROM "Exercises" AS e
dbug: Microsoft.EntityFrameworkCore.Database.Command[20301]
      Closing data reader to 'bddtestdb' on server 'tcp://127.0.0.1:33502'.
dbug: Microsoft.EntityFrameworkCore.Database.Command[20300]
      A data reader for 'bddtestdb' on server 'tcp://127.0.0.1:33502' is being disposed after spending 0ms reading results.
dbug: Microsoft.EntityFrameworkCore.Database.Command[20103]
      Creating DbCommand for 'ExecuteReader'.
dbug: Microsoft.EntityFrameworkCore.Database.Command[20104]
      Created DbCommand for 'ExecuteReader' (0ms).
dbug: Microsoft.EntityFrameworkCore.Database.Command[20106]
      Initialized DbCommand for 'ExecuteReader' (0ms).
dbug: Microsoft.EntityFrameworkCore.Database.Command[20100]
      Executing DbCommand [Parameters=[], CommandType='Text', CommandTimeout='30']
      SELECT e."Id", e."CreatedAt", e."DisplayOrder", e."IsActive", e."LinkType", e."SourceExerciseId", e."TargetExerciseId", e."UpdatedAt"
      FROM "ExerciseLinks" AS e
info: Microsoft.EntityFrameworkCore.Database.Command[20101]
      Executed DbCommand (0ms) [Parameters=[], CommandType='Text', CommandTimeout='30']
      SELECT e."Id", e."CreatedAt", e."DisplayOrder", e."IsActive", e."LinkType", e."SourceExerciseId", e."TargetExerciseId", e."UpdatedAt"
      FROM "ExerciseLinks" AS e
info: 7/12/2025 16:06:31.497 RelationalEventId.CommandExecuted[20101] (Microsoft.EntityFrameworkCore.Database.Command) 
      Executed DbCommand (0ms) [Parameters=[], CommandType='Text', CommandTimeout='30']
      SELECT e."Id", e."CreatedAt", e."DisplayOrder", e."IsActive", e."LinkType", e."SourceExerciseId", e."TargetExerciseId", e."UpdatedAt"
      FROM "ExerciseLinks" AS e
dbug: Microsoft.EntityFrameworkCore.Database.Command[20301]
      Closing data reader to 'bddtestdb' on server 'tcp://127.0.0.1:33502'.
dbug: Microsoft.EntityFrameworkCore.Database.Command[20300]
      A data reader for 'bddtestdb' on server 'tcp://127.0.0.1:33502' is being disposed after spending 0ms reading results.
dbug: Microsoft.EntityFrameworkCore.Database.Command[20103]
      Creating DbCommand for 'ExecuteReader'.
dbug: Microsoft.EntityFrameworkCore.Database.Command[20104]
      Created DbCommand for 'ExecuteReader' (0ms).
dbug: Microsoft.EntityFrameworkCore.Database.Command[20106]
      Initialized DbCommand for 'ExecuteReader' (0ms).
dbug: Microsoft.EntityFrameworkCore.Database.Command[20100]
      Executing DbCommand [Parameters=[], CommandType='Text', CommandTimeout='30']
      SELECT e."Id", e."Description", e."DifficultyId", e."ExerciseWeightTypeId", e."ImageUrl", e."IsActive", e."IsUnilateral", e."KineticChainId", e."Name", e."VideoUrl"
      FROM "Exercises" AS e
info: Microsoft.EntityFrameworkCore.Database.Command[20101]
      Executed DbCommand (0ms) [Parameters=[], CommandType='Text', CommandTimeout='30']
      SELECT e."Id", e."Description", e."DifficultyId", e."ExerciseWeightTypeId", e."ImageUrl", e."IsActive", e."IsUnilateral", e."KineticChainId", e."Name", e."VideoUrl"
      FROM "Exercises" AS e
info: 7/12/2025 16:06:31.497 RelationalEventId.CommandExecuted[20101] (Microsoft.EntityFrameworkCore.Database.Command) 
      Executed DbCommand (0ms) [Parameters=[], CommandType='Text', CommandTimeout='30']
      SELECT e."Id", e."Description", e."DifficultyId", e."ExerciseWeightTypeId", e."ImageUrl", e."IsActive", e."IsUnilateral", e."KineticChainId", e."Name", e."VideoUrl"
      FROM "Exercises" AS e
dbug: Microsoft.EntityFrameworkCore.Database.Command[20301]
      Closing data reader to 'bddtestdb' on server 'tcp://127.0.0.1:33502'.
dbug: Microsoft.EntityFrameworkCore.Database.Command[20300]
      A data reader for 'bddtestdb' on server 'tcp://127.0.0.1:33502' is being disposed after spending 0ms reading results.
dbug: Microsoft.EntityFrameworkCore.Database.Command[20103]
      Creating DbCommand for 'ExecuteScalar'.
dbug: Microsoft.EntityFrameworkCore.Database.Command[20104]
      Created DbCommand for 'ExecuteScalar' (0ms).
dbug: Microsoft.EntityFrameworkCore.Database.Command[20106]
      Initialized DbCommand for 'ExecuteScalar' (0ms).
dbug: Microsoft.EntityFrameworkCore.Database.Command[20100]
      Executing DbCommand [Parameters=[], CommandType='Text', CommandTimeout='30']
      SELECT CASE WHEN COUNT(*) = 0 THEN FALSE ELSE TRUE END
      FROM pg_class AS cls
      JOIN pg_namespace AS ns ON ns.oid = cls.relnamespace
      WHERE
              cls.relkind IN ('r', 'v', 'm', 'f', 'p') AND
              ns.nspname NOT IN ('pg_catalog', 'information_schema') AND
              -- Exclude tables which are members of PG extensions
              NOT EXISTS (
                  SELECT 1 FROM pg_depend WHERE
                      classid=(
                          SELECT cls.oid
                          FROM pg_class AS cls
                                   JOIN pg_namespace AS ns ON ns.oid = cls.relnamespace
                          WHERE relname='pg_class' AND ns.nspname='pg_catalog'
                      ) AND
                      objid=cls.oid AND
                      deptype IN ('e', 'x')
              )
info: Microsoft.EntityFrameworkCore.Database.Command[20101]
      Executed DbCommand (1ms) [Parameters=[], CommandType='Text', CommandTimeout='30']
      SELECT CASE WHEN COUNT(*) = 0 THEN FALSE ELSE TRUE END
      FROM pg_class AS cls
      JOIN pg_namespace AS ns ON ns.oid = cls.relnamespace
      WHERE
              cls.relkind IN ('r', 'v', 'm', 'f', 'p') AND
              ns.nspname NOT IN ('pg_catalog', 'information_schema') AND
              -- Exclude tables which are members of PG extensions
              NOT EXISTS (
                  SELECT 1 FROM pg_depend WHERE
                      classid=(
                          SELECT cls.oid
                          FROM pg_class AS cls
                                   JOIN pg_namespace AS ns ON ns.oid = cls.relnamespace
                          WHERE relname='pg_class' AND ns.nspname='pg_catalog'
                      ) AND
                      objid=cls.oid AND
                      deptype IN ('e', 'x')
              )
info: 7/12/2025 16:06:31.502 RelationalEventId.CommandExecuted[20101] (Microsoft.EntityFrameworkCore.Database.Command) 
      Executed DbCommand (1ms) [Parameters=[], CommandType='Text', CommandTimeout='30']
      SELECT CASE WHEN COUNT(*) = 0 THEN FALSE ELSE TRUE END
      FROM pg_class AS cls
      JOIN pg_namespace AS ns ON ns.oid = cls.relnamespace
      WHERE
              cls.relkind IN ('r', 'v', 'm', 'f', 'p') AND
              ns.nspname NOT IN ('pg_catalog', 'information_schema') AND
              -- Exclude tables which are members of PG extensions
              NOT EXISTS (
                  SELECT 1 FROM pg_depend WHERE
                      classid=(
                          SELECT cls.oid
                          FROM pg_class AS cls
                                   JOIN pg_namespace AS ns ON ns.oid = cls.relnamespace
                          WHERE relname='pg_class' AND ns.nspname='pg_catalog'
                      ) AND
                      objid=cls.oid AND
                      deptype IN ('e', 'x')
              )
dbug: Microsoft.EntityFrameworkCore.Database.Command[20103]
      Creating DbCommand for 'ExecuteReader'.
dbug: Microsoft.EntityFrameworkCore.Database.Command[20104]
      Created DbCommand for 'ExecuteReader' (0ms).
dbug: Microsoft.EntityFrameworkCore.Database.Command[20106]
      Initialized DbCommand for 'ExecuteReader' (0ms).
dbug: Microsoft.EntityFrameworkCore.Database.Command[20100]
      Executing DbCommand [Parameters=[], CommandType='Text', CommandTimeout='30']
      SELECT EXISTS (
          SELECT 1
          FROM "BodyParts" AS b)
info: Microsoft.EntityFrameworkCore.Database.Command[20101]
      Executed DbCommand (0ms) [Parameters=[], CommandType='Text', CommandTimeout='30']
      SELECT EXISTS (
          SELECT 1
          FROM "BodyParts" AS b)
info: 7/12/2025 16:06:31.502 RelationalEventId.CommandExecuted[20101] (Microsoft.EntityFrameworkCore.Database.Command) 
      Executed DbCommand (0ms) [Parameters=[], CommandType='Text', CommandTimeout='30']
      SELECT EXISTS (
          SELECT 1
          FROM "BodyParts" AS b)
dbug: Microsoft.EntityFrameworkCore.Database.Command[20301]
      Closing data reader to 'bddtestdb' on server 'tcp://127.0.0.1:33502'.
dbug: Microsoft.EntityFrameworkCore.Database.Command[20300]
      A data reader for 'bddtestdb' on server 'tcp://127.0.0.1:33502' is being disposed after spending 0ms reading results.
dbug: Microsoft.EntityFrameworkCore.Database.Command[20103]
      Creating DbCommand for 'ExecuteReader'.
dbug: Microsoft.EntityFrameworkCore.Database.Command[20104]
      Created DbCommand for 'ExecuteReader' (0ms).
dbug: Microsoft.EntityFrameworkCore.Database.Command[20106]
      Initialized DbCommand for 'ExecuteReader' (0ms).
dbug: Microsoft.EntityFrameworkCore.Database.Command[20100]
      Executing DbCommand [Parameters=[], CommandType='Text', CommandTimeout='30']
      SELECT e."Id", e."CreatedAt", e."DisplayOrder", e."IsActive", e."LinkType", e."SourceExerciseId", e."TargetExerciseId", e."UpdatedAt"
      FROM "ExerciseLinks" AS e
info: Microsoft.EntityFrameworkCore.Database.Command[20101]
      Executed DbCommand (0ms) [Parameters=[], CommandType='Text', CommandTimeout='30']
      SELECT e."Id", e."CreatedAt", e."DisplayOrder", e."IsActive", e."LinkType", e."SourceExerciseId", e."TargetExerciseId", e."UpdatedAt"
      FROM "ExerciseLinks" AS e
info: 7/12/2025 16:06:31.509 RelationalEventId.CommandExecuted[20101] (Microsoft.EntityFrameworkCore.Database.Command) 
      Executed DbCommand (0ms) [Parameters=[], CommandType='Text', CommandTimeout='30']
      SELECT e."Id", e."CreatedAt", e."DisplayOrder", e."IsActive", e."LinkType", e."SourceExerciseId", e."TargetExerciseId", e."UpdatedAt"
      FROM "ExerciseLinks" AS e
dbug: Microsoft.EntityFrameworkCore.Database.Command[20301]
      Closing data reader to 'bddtestdb' on server 'tcp://127.0.0.1:33502'.
dbug: Microsoft.EntityFrameworkCore.Database.Command[20300]
      A data reader for 'bddtestdb' on server 'tcp://127.0.0.1:33502' is being disposed after spending 0ms reading results.
dbug: Microsoft.EntityFrameworkCore.Database.Command[20103]
      Creating DbCommand for 'ExecuteReader'.
dbug: Microsoft.EntityFrameworkCore.Database.Command[20104]
      Created DbCommand for 'ExecuteReader' (0ms).
dbug: Microsoft.EntityFrameworkCore.Database.Command[20106]
      Initialized DbCommand for 'ExecuteReader' (0ms).
dbug: Microsoft.EntityFrameworkCore.Database.Command[20100]
      Executing DbCommand [Parameters=[], CommandType='Text', CommandTimeout='30']
      SELECT e."Id", e."Description", e."DifficultyId", e."ExerciseWeightTypeId", e."ImageUrl", e."IsActive", e."IsUnilateral", e."KineticChainId", e."Name", e."VideoUrl"
      FROM "Exercises" AS e
info: Microsoft.EntityFrameworkCore.Database.Command[20101]
      Executed DbCommand (0ms) [Parameters=[], CommandType='Text', CommandTimeout='30']
      SELECT e."Id", e."Description", e."DifficultyId", e."ExerciseWeightTypeId", e."ImageUrl", e."IsActive", e."IsUnilateral", e."KineticChainId", e."Name", e."VideoUrl"
      FROM "Exercises" AS e
info: 7/12/2025 16:06:31.509 RelationalEventId.CommandExecuted[20101] (Microsoft.EntityFrameworkCore.Database.Command) 
      Executed DbCommand (0ms) [Parameters=[], CommandType='Text', CommandTimeout='30']
      SELECT e."Id", e."Description", e."DifficultyId", e."ExerciseWeightTypeId", e."ImageUrl", e."IsActive", e."IsUnilateral", e."KineticChainId", e."Name", e."VideoUrl"
      FROM "Exercises" AS e
dbug: Microsoft.EntityFrameworkCore.Database.Command[20301]
      Closing data reader to 'bddtestdb' on server 'tcp://127.0.0.1:33502'.
dbug: Microsoft.EntityFrameworkCore.Database.Command[20300]
      A data reader for 'bddtestdb' on server 'tcp://127.0.0.1:33502' is being disposed after spending 0ms reading results.
-&gt; #XW001: Completed feature: Database Connection
[testcontainers.org 00:00:03.95] Delete Docker container 7662c7dbe742
dbug: Microsoft.EntityFrameworkCore.Database.Command[20103]
      Creating DbCommand for 'ExecuteReader'.
dbug: Microsoft.EntityFrameworkCore.Database.Command[20104]
      Created DbCommand for 'ExecuteReader' (0ms).
dbug: Microsoft.EntityFrameworkCore.Database.Command[20106]
      Initialized DbCommand for 'ExecuteReader' (0ms).
dbug: Microsoft.EntityFrameworkCore.Database.Command[20100]
      Executing DbCommand [Parameters=[], CommandType='Text', CommandTimeout='30']
      SELECT d."Id", d."Description", d."DisplayOrder", d."IsActive", d."Value"
      FROM "DifficultyLevels" AS d
      WHERE d."IsActive"
      ORDER BY d."DisplayOrder"
info: Microsoft.EntityFrameworkCore.Database.Command[20101]
      Executed DbCommand (2ms) [Parameters=[], CommandType='Text', CommandTimeout='30']
      SELECT d."Id", d."Description", d."DisplayOrder", d."IsActive", d."Value"
      FROM "DifficultyLevels" AS d
      WHERE d."IsActive"
      ORDER BY d."DisplayOrder"
info: 7/12/2025 16:06:31.534 RelationalEventId.CommandExecuted[20101] (Microsoft.EntityFrameworkCore.Database.Command) 
      Executed DbCommand (2ms) [Parameters=[], CommandType='Text', CommandTimeout='30']
      SELECT d."Id", d."Description", d."DisplayOrder", d."IsActive", d."Value"
      FROM "DifficultyLevels" AS d
      WHERE d."IsActive"
      ORDER BY d."DisplayOrder"
dbug: Microsoft.EntityFrameworkCore.Database.Command[20301]
      Closing data reader to 'bddtestdb' on server 'tcp://127.0.0.1:33503'.
dbug: Microsoft.EntityFrameworkCore.Database.Command[20300]
      A data reader for 'bddtestdb' on server 'tcp://127.0.0.1:33503' is being disposed after spending 6ms reading results.
Scenario failed: Get difficulty level by valid ID
Error: Expected actualStatusCode to be 200 because expected status code 200 but got 400, but found 400 (difference of 200).
Stack Trace:    at FluentAssertions.Execution.XUnit2TestFramework.Throw(String message)
   at FluentAssertions.Execution.TestFrameworkProvider.Throw(String message)
   at FluentAssertions.Execution.DefaultAssertionStrategy.HandleFailure(String message)
   at FluentAssertions.Execution.AssertionScope.FailWith(Func`1 failReasonFunc)
   at FluentAssertions.Execution.AssertionScope.FailWith(Func`1 failReasonFunc)
   at FluentAssertions.Execution.AssertionScope.FailWith(String message, Object[] args)
   at FluentAssertions.Numeric.NumericAssertions`2.Be(T expected, String because, Object[] becauseArgs)
   at GetFitterGetBigger.API.IntegrationTests.StepDefinitions.Api.ResponseSteps.ThenTheResponseStatusShouldBe(Int32 expectedStatusCode) in /home/esqueleto/myWork/GetFitterGetBigger/GetFitterGetBigger.API/GetFitterGetBigger.API.IntegrationTests/StepDefinitions/Api/ResponseSteps.cs:line 24
   at InvokeStub_Action`2.Invoke(Object, Span`1)
   at System.Reflection.MethodBaseInvoker.InvokeWithFewArgs(Object obj, BindingFlags invokeAttr, Binder binder, Object[] parameters, CultureInfo culture)
--- End of stack trace from previous location ---
   at TechTalk.SpecFlow.Bindings.BindingInvoker.InvokeBindingAsync(IBinding binding, IContextManager contextManager, Object[] arguments, ITestTracer testTracer, DurationHolder durationHolder)
   at TechTalk.SpecFlow.Infrastructure.TestExecutionEngine.ExecuteStepMatchAsync(BindingMatch match, Object[] arguments, DurationHolder durationHolder)
   at TechTalk.SpecFlow.Infrastructure.TestExecutionEngine.ExecuteStepAsync(IContextManager contextManager, StepInstance stepInstance)
   at TechTalk.SpecFlow.Infrastructure.TestExecutionEngine.OnAfterLastStepAsync()
   at TechTalk.SpecFlow.TestRunner.CollectScenarioErrorsAsync()
   at GetFitterGetBigger.API.IntegrationTests.Features.ReferenceData.DifficultyLevelsReferenceDataFeature.ScenarioCleanupAsync() in /home/esqueleto/myWork/GetFitterGetBigger/GetFitterGetBigger.API/GetFitterGetBigger.API.IntegrationTests/Features/ReferenceData/DifficultyLevels.feature.cs:line 74
   at GetFitterGetBigger.API.IntegrationTests.Features.ReferenceData.DifficultyLevelsReferenceDataFeature.GetDifficultyLevelByValidID() in /home/esqueleto/myWork/GetFitterGetBigger/GetFitterGetBigger.API/GetFitterGetBigger.API.IntegrationTests/Features/ReferenceData/DifficultyLevels.feature.cs:line 150
   at Xunit.Sdk.TestInvoker`1.&lt;&gt;c__DisplayClass47_0.&lt;&lt;InvokeTestMethodAsync&gt;b__1&gt;d.MoveNext() in /_/src/xunit.execution/Sdk/Frameworks/Runners/TestInvoker.cs:line 259
--- End of stack trace from previous location ---
   at Xunit.Sdk.ExecutionTimer.AggregateAsync(Func`1 asyncAction) in /_/src/xunit.execution/Sdk/Frameworks/ExecutionTimer.cs:line 48
   at Xunit.Sdk.ExceptionAggregator.RunAsync(Func`1 code) in /_/src/xunit.core/Sdk/ExceptionAggregator.cs:line 90
dbug: Microsoft.EntityFrameworkCore.Database.Command[20103]
      Creating DbCommand for 'ExecuteReader'.
dbug: Microsoft.EntityFrameworkCore.Database.Command[20104]
      Created DbCommand for 'ExecuteReader' (0ms).
dbug: Microsoft.EntityFrameworkCore.Database.Command[20106]
      Initialized DbCommand for 'ExecuteReader' (0ms).
dbug: Microsoft.EntityFrameworkCore.Database.Command[20100]
      Executing DbCommand [Parameters=[], CommandType='Text', CommandTimeout='30']
      SELECT e."Id", e."CreatedAt", e."DisplayOrder", e."IsActive", e."LinkType", e."SourceExerciseId", e."TargetExerciseId", e."UpdatedAt"
      FROM "ExerciseLinks" AS e
info: Microsoft.EntityFrameworkCore.Database.Command[20101]
      Executed DbCommand (1ms) [Parameters=[], CommandType='Text', CommandTimeout='30']
      SELECT e."Id", e."CreatedAt", e."DisplayOrder", e."IsActive", e."LinkType", e."SourceExerciseId", e."TargetExerciseId", e."UpdatedAt"
      FROM "ExerciseLinks" AS e
info: 7/12/2025 16:06:31.595 RelationalEventId.CommandExecuted[20101] (Microsoft.EntityFrameworkCore.Database.Command) 
      Executed DbCommand (1ms) [Parameters=[], CommandType='Text', CommandTimeout='30']
      SELECT e."Id", e."CreatedAt", e."DisplayOrder", e."IsActive", e."LinkType", e."SourceExerciseId", e."TargetExerciseId", e."UpdatedAt"
      FROM "ExerciseLinks" AS e
dbug: Microsoft.EntityFrameworkCore.Database.Command[20301]
      Closing data reader to 'bddtestdb' on server 'tcp://127.0.0.1:33503'.
dbug: Microsoft.EntityFrameworkCore.Database.Command[20300]
      A data reader for 'bddtestdb' on server 'tcp://127.0.0.1:33503' is being disposed after spending 0ms reading results.
dbug: Microsoft.EntityFrameworkCore.Database.Command[20103]
      Creating DbCommand for 'ExecuteReader'.
dbug: Microsoft.EntityFrameworkCore.Database.Command[20104]
      Created DbCommand for 'ExecuteReader' (0ms).
dbug: Microsoft.EntityFrameworkCore.Database.Command[20106]
      Initialized DbCommand for 'ExecuteReader' (0ms).
dbug: Microsoft.EntityFrameworkCore.Database.Command[20100]
      Executing DbCommand [Parameters=[], CommandType='Text', CommandTimeout='30']
      SELECT e."Id", e."Description", e."DifficultyId", e."ExerciseWeightTypeId", e."ImageUrl", e."IsActive", e."IsUnilateral", e."KineticChainId", e."Name", e."VideoUrl"
      FROM "Exercises" AS e
info: Microsoft.EntityFrameworkCore.Database.Command[20101]
      Executed DbCommand (0ms) [Parameters=[], CommandType='Text', CommandTimeout='30']
      SELECT e."Id", e."Description", e."DifficultyId", e."ExerciseWeightTypeId", e."ImageUrl", e."IsActive", e."IsUnilateral", e."KineticChainId", e."Name", e."VideoUrl"
      FROM "Exercises" AS e
info: 7/12/2025 16:06:31.595 RelationalEventId.CommandExecuted[20101] (Microsoft.EntityFrameworkCore.Database.Command) 
      Executed DbCommand (0ms) [Parameters=[], CommandType='Text', CommandTimeout='30']
      SELECT e."Id", e."Description", e."DifficultyId", e."ExerciseWeightTypeId", e."ImageUrl", e."IsActive", e."IsUnilateral", e."KineticChainId", e."Name", e."VideoUrl"
      FROM "Exercises" AS e
dbug: Microsoft.EntityFrameworkCore.Database.Command[20301]
      Closing data reader to 'bddtestdb' on server 'tcp://127.0.0.1:33503'.
dbug: Microsoft.EntityFrameworkCore.Database.Command[20300]
      A data reader for 'bddtestdb' on server 'tcp://127.0.0.1:33503' is being disposed after spending 0ms reading results.
dbug: Microsoft.EntityFrameworkCore.Database.Command[20103]
      Creating DbCommand for 'ExecuteReader'.
dbug: Microsoft.EntityFrameworkCore.Database.Command[20104]
      Created DbCommand for 'ExecuteReader' (0ms).
dbug: Microsoft.EntityFrameworkCore.Database.Command[20106]
      Initialized DbCommand for 'ExecuteReader' (0ms).
dbug: Microsoft.EntityFrameworkCore.Database.Command[20100]
      Executing DbCommand [Parameters=[], CommandType='Text', CommandTimeout='30']
      SELECT e."Id", e."CreatedAt", e."DisplayOrder", e."IsActive", e."LinkType", e."SourceExerciseId", e."TargetExerciseId", e."UpdatedAt"
      FROM "ExerciseLinks" AS e
info: Microsoft.EntityFrameworkCore.Database.Command[20101]
      Executed DbCommand (0ms) [Parameters=[], CommandType='Text', CommandTimeout='30']
      SELECT e."Id", e."CreatedAt", e."DisplayOrder", e."IsActive", e."LinkType", e."SourceExerciseId", e."TargetExerciseId", e."UpdatedAt"
      FROM "ExerciseLinks" AS e
info: 7/12/2025 16:06:31.596 RelationalEventId.CommandExecuted[20101] (Microsoft.EntityFrameworkCore.Database.Command) 
      Executed DbCommand (0ms) [Parameters=[], CommandType='Text', CommandTimeout='30']
      SELECT e."Id", e."CreatedAt", e."DisplayOrder", e."IsActive", e."LinkType", e."SourceExerciseId", e."TargetExerciseId", e."UpdatedAt"
      FROM "ExerciseLinks" AS e
dbug: Microsoft.EntityFrameworkCore.Database.Command[20301]
      Closing data reader to 'bddtestdb' on server 'tcp://127.0.0.1:33503'.
dbug: Microsoft.EntityFrameworkCore.Database.Command[20300]
      A data reader for 'bddtestdb' on server 'tcp://127.0.0.1:33503' is being disposed after spending 0ms reading results.
dbug: Microsoft.EntityFrameworkCore.Database.Command[20103]
      Creating DbCommand for 'ExecuteReader'.
dbug: Microsoft.EntityFrameworkCore.Database.Command[20104]
      Created DbCommand for 'ExecuteReader' (0ms).
dbug: Microsoft.EntityFrameworkCore.Database.Command[20106]
      Initialized DbCommand for 'ExecuteReader' (0ms).
dbug: Microsoft.EntityFrameworkCore.Database.Command[20100]
      Executing DbCommand [Parameters=[], CommandType='Text', CommandTimeout='30']
      SELECT e."Id", e."Description", e."DifficultyId", e."ExerciseWeightTypeId", e."ImageUrl", e."IsActive", e."IsUnilateral", e."KineticChainId", e."Name", e."VideoUrl"
      FROM "Exercises" AS e
info: Microsoft.EntityFrameworkCore.Database.Command[20101]
      Executed DbCommand (0ms) [Parameters=[], CommandType='Text', CommandTimeout='30']
      SELECT e."Id", e."Description", e."DifficultyId", e."ExerciseWeightTypeId", e."ImageUrl", e."IsActive", e."IsUnilateral", e."KineticChainId", e."Name", e."VideoUrl"
      FROM "Exercises" AS e
info: 7/12/2025 16:06:31.597 RelationalEventId.CommandExecuted[20101] (Microsoft.EntityFrameworkCore.Database.Command) 
      Executed DbCommand (0ms) [Parameters=[], CommandType='Text', CommandTimeout='30']
      SELECT e."Id", e."Description", e."DifficultyId", e."ExerciseWeightTypeId", e."ImageUrl", e."IsActive", e."IsUnilateral", e."KineticChainId", e."Name", e."VideoUrl"
      FROM "Exercises" AS e
dbug: Microsoft.EntityFrameworkCore.Database.Command[20301]
      Closing data reader to 'bddtestdb' on server 'tcp://127.0.0.1:33503'.
dbug: Microsoft.EntityFrameworkCore.Database.Command[20300]
      A data reader for 'bddtestdb' on server 'tcp://127.0.0.1:33503' is being disposed after spending 0ms reading results.
dbug: Microsoft.EntityFrameworkCore.Database.Command[20103]
      Creating DbCommand for 'ExecuteScalar'.
dbug: Microsoft.EntityFrameworkCore.Database.Command[20104]
      Created DbCommand for 'ExecuteScalar' (0ms).
dbug: Microsoft.EntityFrameworkCore.Database.Command[20106]
      Initialized DbCommand for 'ExecuteScalar' (0ms).
dbug: Microsoft.EntityFrameworkCore.Database.Command[20100]
      Executing DbCommand [Parameters=[], CommandType='Text', CommandTimeout='30']
      SELECT CASE WHEN COUNT(*) = 0 THEN FALSE ELSE TRUE END
      FROM pg_class AS cls
      JOIN pg_namespace AS ns ON ns.oid = cls.relnamespace
      WHERE
              cls.relkind IN ('r', 'v', 'm', 'f', 'p') AND
              ns.nspname NOT IN ('pg_catalog', 'information_schema') AND
              -- Exclude tables which are members of PG extensions
              NOT EXISTS (
                  SELECT 1 FROM pg_depend WHERE
                      classid=(
                          SELECT cls.oid
                          FROM pg_class AS cls
                                   JOIN pg_namespace AS ns ON ns.oid = cls.relnamespace
                          WHERE relname='pg_class' AND ns.nspname='pg_catalog'
                      ) AND
                      objid=cls.oid AND
                      deptype IN ('e', 'x')
              )
info: Microsoft.EntityFrameworkCore.Database.Command[20101]
      Executed DbCommand (1ms) [Parameters=[], CommandType='Text', CommandTimeout='30']
      SELECT CASE WHEN COUNT(*) = 0 THEN FALSE ELSE TRUE END
      FROM pg_class AS cls
      JOIN pg_namespace AS ns ON ns.oid = cls.relnamespace
      WHERE
              cls.relkind IN ('r', 'v', 'm', 'f', 'p') AND
              ns.nspname NOT IN ('pg_catalog', 'information_schema') AND
              -- Exclude tables which are members of PG extensions
              NOT EXISTS (
                  SELECT 1 FROM pg_depend WHERE
                      classid=(
                          SELECT cls.oid
                          FROM pg_class AS cls
                                   JOIN pg_namespace AS ns ON ns.oid = cls.relnamespace
                          WHERE relname='pg_class' AND ns.nspname='pg_catalog'
                      ) AND
                      objid=cls.oid AND
                      deptype IN ('e', 'x')
              )
info: 7/12/2025 16:06:31.603 RelationalEventId.CommandExecuted[20101] (Microsoft.EntityFrameworkCore.Database.Command) 
      Executed DbCommand (1ms) [Parameters=[], CommandType='Text', CommandTimeout='30']
      SELECT CASE WHEN COUNT(*) = 0 THEN FALSE ELSE TRUE END
      FROM pg_class AS cls
      JOIN pg_namespace AS ns ON ns.oid = cls.relnamespace
      WHERE
              cls.relkind IN ('r', 'v', 'm', 'f', 'p') AND
              ns.nspname NOT IN ('pg_catalog', 'information_schema') AND
              -- Exclude tables which are members of PG extensions
              NOT EXISTS (
                  SELECT 1 FROM pg_depend WHERE
                      classid=(
                          SELECT cls.oid
                          FROM pg_class AS cls
                                   JOIN pg_namespace AS ns ON ns.oid = cls.relnamespace
                          WHERE relname='pg_class' AND ns.nspname='pg_catalog'
                      ) AND
                      objid=cls.oid AND
                      deptype IN ('e', 'x')
              )
dbug: Microsoft.EntityFrameworkCore.Database.Command[20103]
      Creating DbCommand for 'ExecuteReader'.
dbug: Microsoft.EntityFrameworkCore.Database.Command[20104]
      Created DbCommand for 'ExecuteReader' (0ms).
dbug: Microsoft.EntityFrameworkCore.Database.Command[20106]
      Initialized DbCommand for 'ExecuteReader' (0ms).
dbug: Microsoft.EntityFrameworkCore.Database.Command[20100]
      Executing DbCommand [Parameters=[], CommandType='Text', CommandTimeout='30']
      SELECT EXISTS (
          SELECT 1
          FROM "BodyParts" AS b)
info: Microsoft.EntityFrameworkCore.Database.Command[20101]
      Executed DbCommand (0ms) [Parameters=[], CommandType='Text', CommandTimeout='30']
      SELECT EXISTS (
          SELECT 1
          FROM "BodyParts" AS b)
info: 7/12/2025 16:06:31.604 RelationalEventId.CommandExecuted[20101] (Microsoft.EntityFrameworkCore.Database.Command) 
      Executed DbCommand (0ms) [Parameters=[], CommandType='Text', CommandTimeout='30']
      SELECT EXISTS (
          SELECT 1
          FROM "BodyParts" AS b)
dbug: Microsoft.EntityFrameworkCore.Database.Command[20301]
      Closing data reader to 'bddtestdb' on server 'tcp://127.0.0.1:33503'.
dbug: Microsoft.EntityFrameworkCore.Database.Command[20300]
      A data reader for 'bddtestdb' on server 'tcp://127.0.0.1:33503' is being disposed after spending 0ms reading results.
[xUnit.net 00:00:04.38]       Expected actualStatusCode to be 200 because expected status code 200 but got 400, but found 400 (difference of 200).
[xUnit.net 00:00:04.38]       Stack Trace:
[xUnit.net 00:00:04.38]            at FluentAssertions.Execution.XUnit2TestFramework.Throw(String message)
[xUnit.net 00:00:04.38]            at FluentAssertions.Execution.TestFrameworkProvider.Throw(String message)
[xUnit.net 00:00:04.38]            at FluentAssertions.Execution.DefaultAssertionStrategy.HandleFailure(String message)
[xUnit.net 00:00:04.38]            at FluentAssertions.Execution.AssertionScope.FailWith(Func`1 failReasonFunc)
[xUnit.net 00:00:04.38]            at FluentAssertions.Execution.AssertionScope.FailWith(Func`1 failReasonFunc)
[xUnit.net 00:00:04.38]            at FluentAssertions.Execution.AssertionScope.FailWith(String message, Object[] args)
[xUnit.net 00:00:04.38]            at FluentAssertions.Numeric.NumericAssertions`2.Be(T expected, String because, Object[] becauseArgs)
[xUnit.net 00:00:04.38]         /home/esqueleto/myWork/GetFitterGetBigger/GetFitterGetBigger.API/GetFitterGetBigger.API.IntegrationTests/StepDefinitions/Api/ResponseSteps.cs(24,0): at GetFitterGetBigger.API.IntegrationTests.StepDefinitions.Api.ResponseSteps.ThenTheResponseStatusShouldBe(Int32 expectedStatusCode)
[xUnit.net 00:00:04.38]            at InvokeStub_Action`2.Invoke(Object, Span`1)
[xUnit.net 00:00:04.38]            at System.Reflection.MethodBaseInvoker.InvokeWithFewArgs(Object obj, BindingFlags invokeAttr, Binder binder, Object[] parameters, CultureInfo culture)
[xUnit.net 00:00:04.38]         --- End of stack trace from previous location ---
[xUnit.net 00:00:04.38]            at TechTalk.SpecFlow.Bindings.BindingInvoker.InvokeBindingAsync(IBinding binding, IContextManager contextManager, Object[] arguments, ITestTracer testTracer, DurationHolder durationHolder)
[xUnit.net 00:00:04.38]            at TechTalk.SpecFlow.Infrastructure.TestExecutionEngine.ExecuteStepMatchAsync(BindingMatch match, Object[] arguments, DurationHolder durationHolder)
[xUnit.net 00:00:04.38]            at TechTalk.SpecFlow.Infrastructure.TestExecutionEngine.ExecuteStepAsync(IContextManager contextManager, StepInstance stepInstance)
[xUnit.net 00:00:04.38]            at TechTalk.SpecFlow.Infrastructure.TestExecutionEngine.OnAfterLastStepAsync()
[xUnit.net 00:00:04.38]            at TechTalk.SpecFlow.TestRunner.CollectScenarioErrorsAsync()
[xUnit.net 00:00:04.38]         /home/esqueleto/myWork/GetFitterGetBigger/GetFitterGetBigger.API/GetFitterGetBigger.API.IntegrationTests/Features/ReferenceData/DifficultyLevels.feature.cs(74,0): at GetFitterGetBigger.API.IntegrationTests.Features.ReferenceData.DifficultyLevelsReferenceDataFeature.ScenarioCleanupAsync()
[xUnit.net 00:00:04.38]         /home/esqueleto/myWork/GetFitterGetBigger/GetFitterGetBigger.API/GetFitterGetBigger.API.IntegrationTests/Features/ReferenceData/DifficultyLevels.feature.cs(150,0): at GetFitterGetBigger.API.IntegrationTests.Features.ReferenceData.DifficultyLevelsReferenceDataFeature.GetDifficultyLevelByValidID()
[xUnit.net 00:00:04.38]         --- End of stack trace from previous location ---
[xUnit.net 00:00:04.38]       Output:
[xUnit.net 00:00:04.38]         -&gt; Initialized HttpClient for scenario: Get difficulty level by valid ID
[xUnit.net 00:00:04.38]         Given the database is empty
[xUnit.net 00:00:04.38]         -&gt; Executing step: Given the database is empty
[xUnit.net 00:00:04.38]         -&gt; done: DatabaseSteps.GivenTheDatabaseIsEmpty() (0.0s)
[xUnit.net 00:00:04.38]         -&gt; Step result: Passed
[xUnit.net 00:00:04.38]         And the database has reference data
[xUnit.net 00:00:04.38]         -&gt; Executing step: Given the database has reference data
[xUnit.net 00:00:04.38]         -&gt; done: DatabaseSteps.GivenTheDatabaseHasReferenceData() (0.0s)
[xUnit.net 00:00:04.38]         -&gt; Step result: Passed
[xUnit.net 00:00:04.38]         Given I send a GET request to "/api/ReferenceTables/DifficultyLevels"
[xUnit.net 00:00:04.38]         -&gt; Executing step: Given I send a GET request to "/api/ReferenceTables/DifficultyLevels"
[xUnit.net 00:00:04.38]         -&gt; done: RequestSteps.WhenISendARequestTo("GET", "/api/ReferenceTab...") (0.1s)
[xUnit.net 00:00:04.38]         -&gt; Step result: Passed
[xUnit.net 00:00:04.38]         And the response contains at least 1 item
[xUnit.net 00:00:04.38]         -&gt; Executing step: Given the response contains at least 1 item
[xUnit.net 00:00:04.38]         -&gt; done: ResponseSteps.ThenTheResponseContainsAtLeastItems(1) (0.0s)
[xUnit.net 00:00:04.38]         -&gt; Step result: Passed
[xUnit.net 00:00:04.38]         And I store the first item from the response as "firstDifficultyLevel"
[xUnit.net 00:00:04.38]         -&gt; Executing step: Given I store the first item from the response as "firstDifficultyLevel"
[xUnit.net 00:00:04.38]         -&gt; done: ResponseSteps.ThenIStoreTheFirstItemFromTheResponseAs("firstDifficultyLevel") (0.0s)
[xUnit.net 00:00:04.38]         -&gt; Step result: Passed
[xUnit.net 00:00:04.38]         When I send a GET request to "/api/ReferenceTables/DifficultyLevels/&lt;firstDifficultyLevel.Id&gt;"
[xUnit.net 00:00:04.38]         -&gt; Executing step: When I send a GET request to "/api/ReferenceTables/DifficultyLevels/&lt;firstDifficultyLevel.Id&gt;"
[xUnit.net 00:00:04.38]         -&gt; done: RequestSteps.WhenISendARequestTo("GET", "/api/ReferenceTab...") (0.0s)
[xUnit.net 00:00:04.38]         -&gt; Step result: Passed
[xUnit.net 00:00:04.38]         Then the response status should be 200
[xUnit.net 00:00:04.38]         -&gt; Executing step: Then the response status should be 200
[xUnit.net 00:00:04.38]         -&gt; error: Expected actualStatusCode to be 200 because expected status code 200 but got 400, but found 400 (difference of 200). (0.0s)
[xUnit.net 00:00:04.38]         -&gt; Step result: Failed
[xUnit.net 00:00:04.38]         -&gt; Error: Expected actualStatusCode to be 200 because expected status code 200 but got 400, but found 400 (difference of 200).
[xUnit.net 00:00:04.38]         And the response should have property "id" with value "&lt;firstDifficultyLevel.Id&gt;"
[xUnit.net 00:00:04.38]         -&gt; skipped because of previous errors
[xUnit.net 00:00:04.38]         And the response should have property "value" with value "&lt;firstDifficultyLevel.Value&gt;"
[xUnit.net 00:00:04.38]         -&gt; skipped because of previous errors
dbug: Microsoft.EntityFrameworkCore.Database.Command[20103]
      Creating DbCommand for 'ExecuteScalar'.
dbug: Microsoft.EntityFrameworkCore.Database.Command[20104]
      Created DbCommand for 'ExecuteScalar' (0ms).
dbug: Microsoft.EntityFrameworkCore.Database.Command[20106]
      Initialized DbCommand for 'ExecuteScalar' (0ms).
dbug: Microsoft.EntityFrameworkCore.Database.Command[20100]
      Executing DbCommand [Parameters=[], CommandType='Text', CommandTimeout='30']
      SELECT CASE WHEN COUNT(*) = 0 THEN FALSE ELSE TRUE END
      FROM pg_class AS cls
      JOIN pg_namespace AS ns ON ns.oid = cls.relnamespace
      WHERE
              cls.relkind IN ('r', 'v', 'm', 'f', 'p') AND
              ns.nspname NOT IN ('pg_catalog', 'information_schema') AND
              -- Exclude tables which are members of PG extensions
              NOT EXISTS (
                  SELECT 1 FROM pg_depend WHERE
                      classid=(
                          SELECT cls.oid
                          FROM pg_class AS cls
                                   JOIN pg_namespace AS ns ON ns.oid = cls.relnamespace
                          WHERE relname='pg_class' AND ns.nspname='pg_catalog'
                      ) AND
                      objid=cls.oid AND
                      deptype IN ('e', 'x')
              )
info: Microsoft.EntityFrameworkCore.Database.Command[20101]
      Executed DbCommand (1ms) [Parameters=[], CommandType='Text', CommandTimeout='30']
      SELECT CASE WHEN COUNT(*) = 0 THEN FALSE ELSE TRUE END
      FROM pg_class AS cls
      JOIN pg_namespace AS ns ON ns.oid = cls.relnamespace
      WHERE
              cls.relkind IN ('r', 'v', 'm', 'f', 'p') AND
              ns.nspname NOT IN ('pg_catalog', 'information_schema') AND
              -- Exclude tables which are members of PG extensions
              NOT EXISTS (
                  SELECT 1 FROM pg_depend WHERE
                      classid=(
                          SELECT cls.oid
                          FROM pg_class AS cls
                                   JOIN pg_namespace AS ns ON ns.oid = cls.relnamespace
                          WHERE relname='pg_class' AND ns.nspname='pg_catalog'
                      ) AND
                      objid=cls.oid AND
                      deptype IN ('e', 'x')
              )
info: 7/12/2025 16:06:31.610 RelationalEventId.CommandExecuted[20101] (Microsoft.EntityFrameworkCore.Database.Command) 
      Executed DbCommand (1ms) [Parameters=[], CommandType='Text', CommandTimeout='30']
      SELECT CASE WHEN COUNT(*) = 0 THEN FALSE ELSE TRUE END
      FROM pg_class AS cls
      JOIN pg_namespace AS ns ON ns.oid = cls.relnamespace
      WHERE
              cls.relkind IN ('r', 'v', 'm', 'f', 'p') AND
              ns.nspname NOT IN ('pg_catalog', 'information_schema') AND
              -- Exclude tables which are members of PG extensions
              NOT EXISTS (
                  SELECT 1 FROM pg_depend WHERE
                      classid=(
                          SELECT cls.oid
                          FROM pg_class AS cls
                                   JOIN pg_namespace AS ns ON ns.oid = cls.relnamespace
                          WHERE relname='pg_class' AND ns.nspname='pg_catalog'
                      ) AND
                      objid=cls.oid AND
                      deptype IN ('e', 'x')
              )
dbug: Microsoft.EntityFrameworkCore.Database.Command[20103]
      Creating DbCommand for 'ExecuteReader'.
dbug: Microsoft.EntityFrameworkCore.Database.Command[20104]
      Created DbCommand for 'ExecuteReader' (0ms).
dbug: Microsoft.EntityFrameworkCore.Database.Command[20106]
      Initialized DbCommand for 'ExecuteReader' (0ms).
dbug: Microsoft.EntityFrameworkCore.Database.Command[20100]
      Executing DbCommand [Parameters=[], CommandType='Text', CommandTimeout='30']
      SELECT EXISTS (
          SELECT 1
          FROM "BodyParts" AS b)
info: Microsoft.EntityFrameworkCore.Database.Command[20101]
      Executed DbCommand (0ms) [Parameters=[], CommandType='Text', CommandTimeout='30']
      SELECT EXISTS (
          SELECT 1
          FROM "BodyParts" AS b)
info: 7/12/2025 16:06:31.610 RelationalEventId.CommandExecuted[20101] (Microsoft.EntityFrameworkCore.Database.Command) 
      Executed DbCommand (0ms) [Parameters=[], CommandType='Text', CommandTimeout='30']
      SELECT EXISTS (
          SELECT 1
          FROM "BodyParts" AS b)
dbug: Microsoft.EntityFrameworkCore.Database.Command[20301]
      Closing data reader to 'bddtestdb' on server 'tcp://127.0.0.1:33503'.
dbug: Microsoft.EntityFrameworkCore.Database.Command[20300]
      A data reader for 'bddtestdb' on server 'tcp://127.0.0.1:33503' is being disposed after spending 0ms reading results.
dbug: Microsoft.EntityFrameworkCore.Database.Command[20103]
      Creating DbCommand for 'ExecuteReader'.
dbug: Microsoft.EntityFrameworkCore.Database.Command[20104]
      Created DbCommand for 'ExecuteReader' (0ms).
dbug: Microsoft.EntityFrameworkCore.Database.Command[20106]
      Initialized DbCommand for 'ExecuteReader' (0ms).
dbug: Microsoft.EntityFrameworkCore.Database.Command[20100]
      Executing DbCommand [Parameters=[], CommandType='Text', CommandTimeout='30']
      SELECT e."Id", e."CreatedAt", e."DisplayOrder", e."IsActive", e."LinkType", e."SourceExerciseId", e."TargetExerciseId", e."UpdatedAt"
      FROM "ExerciseLinks" AS e
info: Microsoft.EntityFrameworkCore.Database.Command[20101]
      Executed DbCommand (0ms) [Parameters=[], CommandType='Text', CommandTimeout='30']
      SELECT e."Id", e."CreatedAt", e."DisplayOrder", e."IsActive", e."LinkType", e."SourceExerciseId", e."TargetExerciseId", e."UpdatedAt"
      FROM "ExerciseLinks" AS e
info: 7/12/2025 16:06:31.613 RelationalEventId.CommandExecuted[20101] (Microsoft.EntityFrameworkCore.Database.Command) 
      Executed DbCommand (0ms) [Parameters=[], CommandType='Text', CommandTimeout='30']
      SELECT e."Id", e."CreatedAt", e."DisplayOrder", e."IsActive", e."LinkType", e."SourceExerciseId", e."TargetExerciseId", e."UpdatedAt"
      FROM "ExerciseLinks" AS e
dbug: Microsoft.EntityFrameworkCore.Database.Command[20301]
      Closing data reader to 'bddtestdb' on server 'tcp://127.0.0.1:33503'.
dbug: Microsoft.EntityFrameworkCore.Database.Command[20300]
      A data reader for 'bddtestdb' on server 'tcp://127.0.0.1:33503' is being disposed after spending 0ms reading results.
dbug: Microsoft.EntityFrameworkCore.Database.Command[20103]
      Creating DbCommand for 'ExecuteReader'.
dbug: Microsoft.EntityFrameworkCore.Database.Command[20104]
      Created DbCommand for 'ExecuteReader' (0ms).
dbug: Microsoft.EntityFrameworkCore.Database.Command[20106]
      Initialized DbCommand for 'ExecuteReader' (0ms).
dbug: Microsoft.EntityFrameworkCore.Database.Command[20100]
      Executing DbCommand [Parameters=[], CommandType='Text', CommandTimeout='30']
      SELECT e."Id", e."Description", e."DifficultyId", e."ExerciseWeightTypeId", e."ImageUrl", e."IsActive", e."IsUnilateral", e."KineticChainId", e."Name", e."VideoUrl"
      FROM "Exercises" AS e
info: Microsoft.EntityFrameworkCore.Database.Command[20101]
      Executed DbCommand (0ms) [Parameters=[], CommandType='Text', CommandTimeout='30']
      SELECT e."Id", e."Description", e."DifficultyId", e."ExerciseWeightTypeId", e."ImageUrl", e."IsActive", e."IsUnilateral", e."KineticChainId", e."Name", e."VideoUrl"
      FROM "Exercises" AS e
info: 7/12/2025 16:06:31.613 RelationalEventId.CommandExecuted[20101] (Microsoft.EntityFrameworkCore.Database.Command) 
      Executed DbCommand (0ms) [Parameters=[], CommandType='Text', CommandTimeout='30']
      SELECT e."Id", e."Description", e."DifficultyId", e."ExerciseWeightTypeId", e."ImageUrl", e."IsActive", e."IsUnilateral", e."KineticChainId", e."Name", e."VideoUrl"
      FROM "Exercises" AS e
dbug: Microsoft.EntityFrameworkCore.Database.Command[20301]
      Closing data reader to 'bddtestdb' on server 'tcp://127.0.0.1:33503'.
dbug: Microsoft.EntityFrameworkCore.Database.Command[20300]
      A data reader for 'bddtestdb' on server 'tcp://127.0.0.1:33503' is being disposed after spending 0ms reading results.
dbug: Microsoft.EntityFrameworkCore.Database.Command[20103]
      Creating DbCommand for 'ExecuteScalar'.
dbug: Microsoft.EntityFrameworkCore.Database.Command[20104]
      Created DbCommand for 'ExecuteScalar' (0ms).
dbug: Microsoft.EntityFrameworkCore.Database.Command[20106]
      Initialized DbCommand for 'ExecuteScalar' (0ms).
dbug: Microsoft.EntityFrameworkCore.Database.Command[20100]
      Executing DbCommand [Parameters=[], CommandType='Text', CommandTimeout='30']
      SELECT CASE WHEN COUNT(*) = 0 THEN FALSE ELSE TRUE END
      FROM pg_class AS cls
      JOIN pg_namespace AS ns ON ns.oid = cls.relnamespace
      WHERE
              cls.relkind IN ('r', 'v', 'm', 'f', 'p') AND
              ns.nspname NOT IN ('pg_catalog', 'information_schema') AND
              -- Exclude tables which are members of PG extensions
              NOT EXISTS (
                  SELECT 1 FROM pg_depend WHERE
                      classid=(
                          SELECT cls.oid
                          FROM pg_class AS cls
                                   JOIN pg_namespace AS ns ON ns.oid = cls.relnamespace
                          WHERE relname='pg_class' AND ns.nspname='pg_catalog'
                      ) AND
                      objid=cls.oid AND
                      deptype IN ('e', 'x')
              )
info: Microsoft.EntityFrameworkCore.Database.Command[20101]
      Executed DbCommand (1ms) [Parameters=[], CommandType='Text', CommandTimeout='30']
      SELECT CASE WHEN COUNT(*) = 0 THEN FALSE ELSE TRUE END
      FROM pg_class AS cls
      JOIN pg_namespace AS ns ON ns.oid = cls.relnamespace
      WHERE
              cls.relkind IN ('r', 'v', 'm', 'f', 'p') AND
              ns.nspname NOT IN ('pg_catalog', 'information_schema') AND
              -- Exclude tables which are members of PG extensions
              NOT EXISTS (
                  SELECT 1 FROM pg_depend WHERE
                      classid=(
                          SELECT cls.oid
                          FROM pg_class AS cls
                                   JOIN pg_namespace AS ns ON ns.oid = cls.relnamespace
                          WHERE relname='pg_class' AND ns.nspname='pg_catalog'
                      ) AND
                      objid=cls.oid AND
                      deptype IN ('e', 'x')
              )
info: 7/12/2025 16:06:31.618 RelationalEventId.CommandExecuted[20101] (Microsoft.EntityFrameworkCore.Database.Command) 
      Executed DbCommand (1ms) [Parameters=[], CommandType='Text', CommandTimeout='30']
      SELECT CASE WHEN COUNT(*) = 0 THEN FALSE ELSE TRUE END
      FROM pg_class AS cls
      JOIN pg_namespace AS ns ON ns.oid = cls.relnamespace
      WHERE
              cls.relkind IN ('r', 'v', 'm', 'f', 'p') AND
              ns.nspname NOT IN ('pg_catalog', 'information_schema') AND
              -- Exclude tables which are members of PG extensions
              NOT EXISTS (
                  SELECT 1 FROM pg_depend WHERE
                      classid=(
                          SELECT cls.oid
                          FROM pg_class AS cls
                                   JOIN pg_namespace AS ns ON ns.oid = cls.relnamespace
                          WHERE relname='pg_class' AND ns.nspname='pg_catalog'
                      ) AND
                      objid=cls.oid AND
                      deptype IN ('e', 'x')
              )
dbug: Microsoft.EntityFrameworkCore.Database.Command[20103]
      Creating DbCommand for 'ExecuteReader'.
dbug: Microsoft.EntityFrameworkCore.Database.Command[20104]
      Created DbCommand for 'ExecuteReader' (0ms).
dbug: Microsoft.EntityFrameworkCore.Database.Command[20106]
      Initialized DbCommand for 'ExecuteReader' (0ms).
dbug: Microsoft.EntityFrameworkCore.Database.Command[20100]
      Executing DbCommand [Parameters=[], CommandType='Text', CommandTimeout='30']
      SELECT EXISTS (
          SELECT 1
          FROM "BodyParts" AS b)
info: Microsoft.EntityFrameworkCore.Database.Command[20101]
      Executed DbCommand (0ms) [Parameters=[], CommandType='Text', CommandTimeout='30']
      SELECT EXISTS (
          SELECT 1
          FROM "BodyParts" AS b)
info: 7/12/2025 16:06:31.618 RelationalEventId.CommandExecuted[20101] (Microsoft.EntityFrameworkCore.Database.Command) 
      Executed DbCommand (0ms) [Parameters=[], CommandType='Text', CommandTimeout='30']
      SELECT EXISTS (
          SELECT 1
          FROM "BodyParts" AS b)
dbug: Microsoft.EntityFrameworkCore.Database.Command[20301]
      Closing data reader to 'bddtestdb' on server 'tcp://127.0.0.1:33503'.
dbug: Microsoft.EntityFrameworkCore.Database.Command[20300]
      A data reader for 'bddtestdb' on server 'tcp://127.0.0.1:33503' is being disposed after spending 0ms reading results.
dbug: Microsoft.EntityFrameworkCore.Database.Command[20103]
      Creating DbCommand for 'ExecuteReader'.
dbug: Microsoft.EntityFrameworkCore.Database.Command[20104]
      Created DbCommand for 'ExecuteReader' (0ms).
dbug: Microsoft.EntityFrameworkCore.Database.Command[20106]
      Initialized DbCommand for 'ExecuteReader' (0ms).
dbug: Microsoft.EntityFrameworkCore.Database.Command[20100]
      Executing DbCommand [Parameters=[@__ToLower_0='beginner'], CommandType='Text', CommandTimeout='30']
      SELECT d."Id", d."Description", d."DisplayOrder", d."IsActive", d."Value"
      FROM "DifficultyLevels" AS d
      WHERE lower(d."Value") = @__ToLower_0 AND d."IsActive"
      LIMIT 1
info: Microsoft.EntityFrameworkCore.Database.Command[20101]
      Executed DbCommand (4ms) [Parameters=[@__ToLower_0='beginner'], CommandType='Text', CommandTimeout='30']
      SELECT d."Id", d."Description", d."DisplayOrder", d."IsActive", d."Value"
      FROM "DifficultyLevels" AS d
      WHERE lower(d."Value") = @__ToLower_0 AND d."IsActive"
      LIMIT 1
info: 7/12/2025 16:06:31.657 RelationalEventId.CommandExecuted[20101] (Microsoft.EntityFrameworkCore.Database.Command) 
      Executed DbCommand (4ms) [Parameters=[@__ToLower_0='beginner'], CommandType='Text', CommandTimeout='30']
      SELECT d."Id", d."Description", d."DisplayOrder", d."IsActive", d."Value"
      FROM "DifficultyLevels" AS d
      WHERE lower(d."Value") = @__ToLower_0 AND d."IsActive"
      LIMIT 1
dbug: Microsoft.EntityFrameworkCore.Database.Command[20301]
      Closing data reader to 'bddtestdb' on server 'tcp://127.0.0.1:33503'.
dbug: Microsoft.EntityFrameworkCore.Database.Command[20300]
      A data reader for 'bddtestdb' on server 'tcp://127.0.0.1:33503' is being disposed after spending 0ms reading results.
dbug: Microsoft.EntityFrameworkCore.Database.Command[20103]
      Creating DbCommand for 'ExecuteReader'.
dbug: Microsoft.EntityFrameworkCore.Database.Command[20104]
      Created DbCommand for 'ExecuteReader' (0ms).
dbug: Microsoft.EntityFrameworkCore.Database.Command[20106]
      Initialized DbCommand for 'ExecuteReader' (0ms).
dbug: Microsoft.EntityFrameworkCore.Database.Command[20100]
      Executing DbCommand [Parameters=[], CommandType='Text', CommandTimeout='30']
      SELECT e."Id", e."CreatedAt", e."DisplayOrder", e."IsActive", e."LinkType", e."SourceExerciseId", e."TargetExerciseId", e."UpdatedAt"
      FROM "ExerciseLinks" AS e
info: Microsoft.EntityFrameworkCore.Database.Command[20101]
      Executed DbCommand (0ms) [Parameters=[], CommandType='Text', CommandTimeout='30']
      SELECT e."Id", e."CreatedAt", e."DisplayOrder", e."IsActive", e."LinkType", e."SourceExerciseId", e."TargetExerciseId", e."UpdatedAt"
      FROM "ExerciseLinks" AS e
info: 7/12/2025 16:06:31.661 RelationalEventId.CommandExecuted[20101] (Microsoft.EntityFrameworkCore.Database.Command) 
      Executed DbCommand (0ms) [Parameters=[], CommandType='Text', CommandTimeout='30']
      SELECT e."Id", e."CreatedAt", e."DisplayOrder", e."IsActive", e."LinkType", e."SourceExerciseId", e."TargetExerciseId", e."UpdatedAt"
      FROM "ExerciseLinks" AS e
dbug: Microsoft.EntityFrameworkCore.Database.Command[20301]
      Closing data reader to 'bddtestdb' on server 'tcp://127.0.0.1:33503'.
dbug: Microsoft.EntityFrameworkCore.Database.Command[20300]
      A data reader for 'bddtestdb' on server 'tcp://127.0.0.1:33503' is being disposed after spending 0ms reading results.
dbug: Microsoft.EntityFrameworkCore.Database.Command[20103]
      Creating DbCommand for 'ExecuteReader'.
dbug: Microsoft.EntityFrameworkCore.Database.Command[20104]
      Created DbCommand for 'ExecuteReader' (0ms).
dbug: Microsoft.EntityFrameworkCore.Database.Command[20106]
      Initialized DbCommand for 'ExecuteReader' (0ms).
dbug: Microsoft.EntityFrameworkCore.Database.Command[20100]
      Executing DbCommand [Parameters=[], CommandType='Text', CommandTimeout='30']
      SELECT e."Id", e."Description", e."DifficultyId", e."ExerciseWeightTypeId", e."ImageUrl", e."IsActive", e."IsUnilateral", e."KineticChainId", e."Name", e."VideoUrl"
      FROM "Exercises" AS e
info: Microsoft.EntityFrameworkCore.Database.Command[20101]
      Executed DbCommand (0ms) [Parameters=[], CommandType='Text', CommandTimeout='30']
      SELECT e."Id", e."Description", e."DifficultyId", e."ExerciseWeightTypeId", e."ImageUrl", e."IsActive", e."IsUnilateral", e."KineticChainId", e."Name", e."VideoUrl"
      FROM "Exercises" AS e
info: 7/12/2025 16:06:31.661 RelationalEventId.CommandExecuted[20101] (Microsoft.EntityFrameworkCore.Database.Command) 
      Executed DbCommand (0ms) [Parameters=[], CommandType='Text', CommandTimeout='30']
      SELECT e."Id", e."Description", e."DifficultyId", e."ExerciseWeightTypeId", e."ImageUrl", e."IsActive", e."IsUnilateral", e."KineticChainId", e."Name", e."VideoUrl"
      FROM "Exercises" AS e
dbug: Microsoft.EntityFrameworkCore.Database.Command[20301]
      Closing data reader to 'bddtestdb' on server 'tcp://127.0.0.1:33503'.
dbug: Microsoft.EntityFrameworkCore.Database.Command[20300]
      A data reader for 'bddtestdb' on server 'tcp://127.0.0.1:33503' is being disposed after spending 0ms reading results.
[testcontainers.org 00:00:04.10] Delete Docker container a2509f273d82
dbug: Microsoft.EntityFrameworkCore.Database.Command[20103]
      Creating DbCommand for 'ExecuteReader'.
dbug: Microsoft.EntityFrameworkCore.Database.Command[20104]
      Created DbCommand for 'ExecuteReader' (0ms).
dbug: Microsoft.EntityFrameworkCore.Database.Command[20106]
      Initialized DbCommand for 'ExecuteReader' (0ms).
dbug: Microsoft.EntityFrameworkCore.Database.Command[20100]
      Executing DbCommand [Parameters=[], CommandType='Text', CommandTimeout='30']
      SELECT e."Id", e."CreatedAt", e."DisplayOrder", e."IsActive", e."LinkType", e."SourceExerciseId", e."TargetExerciseId", e."UpdatedAt"
      FROM "ExerciseLinks" AS e
info: Microsoft.EntityFrameworkCore.Database.Command[20101]
      Executed DbCommand (0ms) [Parameters=[], CommandType='Text', CommandTimeout='30']
      SELECT e."Id", e."CreatedAt", e."DisplayOrder", e."IsActive", e."LinkType", e."SourceExerciseId", e."TargetExerciseId", e."UpdatedAt"
      FROM "ExerciseLinks" AS e
info: 7/12/2025 16:06:31.662 RelationalEventId.CommandExecuted[20101] (Microsoft.EntityFrameworkCore.Database.Command) 
      Executed DbCommand (0ms) [Parameters=[], CommandType='Text', CommandTimeout='30']
      SELECT e."Id", e."CreatedAt", e."DisplayOrder", e."IsActive", e."LinkType", e."SourceExerciseId", e."TargetExerciseId", e."UpdatedAt"
      FROM "ExerciseLinks" AS e
dbug: Microsoft.EntityFrameworkCore.Database.Command[20301]
      Closing data reader to 'bddtestdb' on server 'tcp://127.0.0.1:33503'.
dbug: Microsoft.EntityFrameworkCore.Database.Command[20300]
      A data reader for 'bddtestdb' on server 'tcp://127.0.0.1:33503' is being disposed after spending 0ms reading results.
dbug: Microsoft.EntityFrameworkCore.Database.Command[20103]
      Creating DbCommand for 'ExecuteReader'.
dbug: Microsoft.EntityFrameworkCore.Database.Command[20104]
      Created DbCommand for 'ExecuteReader' (0ms).
dbug: Microsoft.EntityFrameworkCore.Database.Command[20106]
      Initialized DbCommand for 'ExecuteReader' (0ms).
dbug: Microsoft.EntityFrameworkCore.Database.Command[20100]
      Executing DbCommand [Parameters=[], CommandType='Text', CommandTimeout='30']
      SELECT e."Id", e."Description", e."DifficultyId", e."ExerciseWeightTypeId", e."ImageUrl", e."IsActive", e."IsUnilateral", e."KineticChainId", e."Name", e."VideoUrl"
      FROM "Exercises" AS e
info: Microsoft.EntityFrameworkCore.Database.Command[20101]
      Executed DbCommand (0ms) [Parameters=[], CommandType='Text', CommandTimeout='30']
      SELECT e."Id", e."Description", e."DifficultyId", e."ExerciseWeightTypeId", e."ImageUrl", e."IsActive", e."IsUnilateral", e."KineticChainId", e."Name", e."VideoUrl"
      FROM "Exercises" AS e
info: 7/12/2025 16:06:31.662 RelationalEventId.CommandExecuted[20101] (Microsoft.EntityFrameworkCore.Database.Command) 
      Executed DbCommand (0ms) [Parameters=[], CommandType='Text', CommandTimeout='30']
      SELECT e."Id", e."Description", e."DifficultyId", e."ExerciseWeightTypeId", e."ImageUrl", e."IsActive", e."IsUnilateral", e."KineticChainId", e."Name", e."VideoUrl"
      FROM "Exercises" AS e
dbug: Microsoft.EntityFrameworkCore.Database.Command[20301]
      Closing data reader to 'bddtestdb' on server 'tcp://127.0.0.1:33503'.
dbug: Microsoft.EntityFrameworkCore.Database.Command[20300]
      A data reader for 'bddtestdb' on server 'tcp://127.0.0.1:33503' is being disposed after spending 0ms reading results.
dbug: Microsoft.EntityFrameworkCore.Database.Command[20103]
      Creating DbCommand for 'ExecuteScalar'.
dbug: Microsoft.EntityFrameworkCore.Database.Command[20104]
      Created DbCommand for 'ExecuteScalar' (0ms).
dbug: Microsoft.EntityFrameworkCore.Database.Command[20106]
      Initialized DbCommand for 'ExecuteScalar' (0ms).
dbug: Microsoft.EntityFrameworkCore.Database.Command[20100]
      Executing DbCommand [Parameters=[], CommandType='Text', CommandTimeout='30']
      SELECT CASE WHEN COUNT(*) = 0 THEN FALSE ELSE TRUE END
      FROM pg_class AS cls
      JOIN pg_namespace AS ns ON ns.oid = cls.relnamespace
      WHERE
              cls.relkind IN ('r', 'v', 'm', 'f', 'p') AND
              ns.nspname NOT IN ('pg_catalog', 'information_schema') AND
              -- Exclude tables which are members of PG extensions
              NOT EXISTS (
                  SELECT 1 FROM pg_depend WHERE
                      classid=(
                          SELECT cls.oid
                          FROM pg_class AS cls
                                   JOIN pg_namespace AS ns ON ns.oid = cls.relnamespace
                          WHERE relname='pg_class' AND ns.nspname='pg_catalog'
                      ) AND
                      objid=cls.oid AND
                      deptype IN ('e', 'x')
              )
info: Microsoft.EntityFrameworkCore.Database.Command[20101]
      Executed DbCommand (1ms) [Parameters=[], CommandType='Text', CommandTimeout='30']
      SELECT CASE WHEN COUNT(*) = 0 THEN FALSE ELSE TRUE END
      FROM pg_class AS cls
      JOIN pg_namespace AS ns ON ns.oid = cls.relnamespace
      WHERE
              cls.relkind IN ('r', 'v', 'm', 'f', 'p') AND
              ns.nspname NOT IN ('pg_catalog', 'information_schema') AND
              -- Exclude tables which are members of PG extensions
              NOT EXISTS (
                  SELECT 1 FROM pg_depend WHERE
                      classid=(
                          SELECT cls.oid
                          FROM pg_class AS cls
                                   JOIN pg_namespace AS ns ON ns.oid = cls.relnamespace
                          WHERE relname='pg_class' AND ns.nspname='pg_catalog'
                      ) AND
                      objid=cls.oid AND
                      deptype IN ('e', 'x')
              )
info: 7/12/2025 16:06:31.667 RelationalEventId.CommandExecuted[20101] (Microsoft.EntityFrameworkCore.Database.Command) 
      Executed DbCommand (1ms) [Parameters=[], CommandType='Text', CommandTimeout='30']
      SELECT CASE WHEN COUNT(*) = 0 THEN FALSE ELSE TRUE END
      FROM pg_class AS cls
      JOIN pg_namespace AS ns ON ns.oid = cls.relnamespace
      WHERE
              cls.relkind IN ('r', 'v', 'm', 'f', 'p') AND
              ns.nspname NOT IN ('pg_catalog', 'information_schema') AND
              -- Exclude tables which are members of PG extensions
              NOT EXISTS (
                  SELECT 1 FROM pg_depend WHERE
                      classid=(
                          SELECT cls.oid
                          FROM pg_class AS cls
                                   JOIN pg_namespace AS ns ON ns.oid = cls.relnamespace
                          WHERE relname='pg_class' AND ns.nspname='pg_catalog'
                      ) AND
                      objid=cls.oid AND
                      deptype IN ('e', 'x')
              )
dbug: Microsoft.EntityFrameworkCore.Database.Command[20103]
      Creating DbCommand for 'ExecuteReader'.
dbug: Microsoft.EntityFrameworkCore.Database.Command[20104]
      Created DbCommand for 'ExecuteReader' (0ms).
dbug: Microsoft.EntityFrameworkCore.Database.Command[20106]
      Initialized DbCommand for 'ExecuteReader' (0ms).
dbug: Microsoft.EntityFrameworkCore.Database.Command[20100]
      Executing DbCommand [Parameters=[], CommandType='Text', CommandTimeout='30']
      SELECT EXISTS (
          SELECT 1
          FROM "BodyParts" AS b)
info: Microsoft.EntityFrameworkCore.Database.Command[20101]
      Executed DbCommand (0ms) [Parameters=[], CommandType='Text', CommandTimeout='30']
      SELECT EXISTS (
          SELECT 1
          FROM "BodyParts" AS b)
info: 7/12/2025 16:06:31.667 RelationalEventId.CommandExecuted[20101] (Microsoft.EntityFrameworkCore.Database.Command) 
      Executed DbCommand (0ms) [Parameters=[], CommandType='Text', CommandTimeout='30']
      SELECT EXISTS (
          SELECT 1
          FROM "BodyParts" AS b)
dbug: Microsoft.EntityFrameworkCore.Database.Command[20301]
      Closing data reader to 'bddtestdb' on server 'tcp://127.0.0.1:33503'.
dbug: Microsoft.EntityFrameworkCore.Database.Command[20300]
      A data reader for 'bddtestdb' on server 'tcp://127.0.0.1:33503' is being disposed after spending 0ms reading results.
dbug: Microsoft.EntityFrameworkCore.Database.Command[20103]
      Creating DbCommand for 'ExecuteScalar'.
dbug: Microsoft.EntityFrameworkCore.Database.Command[20104]
      Created DbCommand for 'ExecuteScalar' (0ms).
dbug: Microsoft.EntityFrameworkCore.Database.Command[20106]
      Initialized DbCommand for 'ExecuteScalar' (0ms).
dbug: Microsoft.EntityFrameworkCore.Database.Command[20100]
      Executing DbCommand [Parameters=[], CommandType='Text', CommandTimeout='30']
      SELECT CASE WHEN COUNT(*) = 0 THEN FALSE ELSE TRUE END
      FROM pg_class AS cls
      JOIN pg_namespace AS ns ON ns.oid = cls.relnamespace
      WHERE
              cls.relkind IN ('r', 'v', 'm', 'f', 'p') AND
              ns.nspname NOT IN ('pg_catalog', 'information_schema') AND
              -- Exclude tables which are members of PG extensions
              NOT EXISTS (
                  SELECT 1 FROM pg_depend WHERE
                      classid=(
                          SELECT cls.oid
                          FROM pg_class AS cls
                                   JOIN pg_namespace AS ns ON ns.oid = cls.relnamespace
                          WHERE relname='pg_class' AND ns.nspname='pg_catalog'
                      ) AND
                      objid=cls.oid AND
                      deptype IN ('e', 'x')
              )
info: Microsoft.EntityFrameworkCore.Database.Command[20101]
      Executed DbCommand (1ms) [Parameters=[], CommandType='Text', CommandTimeout='30']
      SELECT CASE WHEN COUNT(*) = 0 THEN FALSE ELSE TRUE END
      FROM pg_class AS cls
      JOIN pg_namespace AS ns ON ns.oid = cls.relnamespace
      WHERE
              cls.relkind IN ('r', 'v', 'm', 'f', 'p') AND
              ns.nspname NOT IN ('pg_catalog', 'information_schema') AND
              -- Exclude tables which are members of PG extensions
              NOT EXISTS (
                  SELECT 1 FROM pg_depend WHERE
                      classid=(
                          SELECT cls.oid
                          FROM pg_class AS cls
                                   JOIN pg_namespace AS ns ON ns.oid = cls.relnamespace
                          WHERE relname='pg_class' AND ns.nspname='pg_catalog'
                      ) AND
                      objid=cls.oid AND
                      deptype IN ('e', 'x')
              )
info: 7/12/2025 16:06:31.673 RelationalEventId.CommandExecuted[20101] (Microsoft.EntityFrameworkCore.Database.Command) 
      Executed DbCommand (1ms) [Parameters=[], CommandType='Text', CommandTimeout='30']
      SELECT CASE WHEN COUNT(*) = 0 THEN FALSE ELSE TRUE END
      FROM pg_class AS cls
      JOIN pg_namespace AS ns ON ns.oid = cls.relnamespace
      WHERE
              cls.relkind IN ('r', 'v', 'm', 'f', 'p') AND
              ns.nspname NOT IN ('pg_catalog', 'information_schema') AND
              -- Exclude tables which are members of PG extensions
              NOT EXISTS (
                  SELECT 1 FROM pg_depend WHERE
                      classid=(
                          SELECT cls.oid
                          FROM pg_class AS cls
                                   JOIN pg_namespace AS ns ON ns.oid = cls.relnamespace
                          WHERE relname='pg_class' AND ns.nspname='pg_catalog'
                      ) AND
                      objid=cls.oid AND
                      deptype IN ('e', 'x')
              )
dbug: Microsoft.EntityFrameworkCore.Database.Command[20103]
      Creating DbCommand for 'ExecuteReader'.
dbug: Microsoft.EntityFrameworkCore.Database.Command[20104]
      Created DbCommand for 'ExecuteReader' (0ms).
dbug: Microsoft.EntityFrameworkCore.Database.Command[20106]
      Initialized DbCommand for 'ExecuteReader' (0ms).
dbug: Microsoft.EntityFrameworkCore.Database.Command[20100]
      Executing DbCommand [Parameters=[], CommandType='Text', CommandTimeout='30']
      SELECT EXISTS (
          SELECT 1
          FROM "BodyParts" AS b)
info: Microsoft.EntityFrameworkCore.Database.Command[20101]
      Executed DbCommand (0ms) [Parameters=[], CommandType='Text', CommandTimeout='30']
      SELECT EXISTS (
          SELECT 1
          FROM "BodyParts" AS b)
info: 7/12/2025 16:06:31.674 RelationalEventId.CommandExecuted[20101] (Microsoft.EntityFrameworkCore.Database.Command) 
      Executed DbCommand (0ms) [Parameters=[], CommandType='Text', CommandTimeout='30']
      SELECT EXISTS (
          SELECT 1
          FROM "BodyParts" AS b)
dbug: Microsoft.EntityFrameworkCore.Database.Command[20301]
      Closing data reader to 'bddtestdb' on server 'tcp://127.0.0.1:33503'.
dbug: Microsoft.EntityFrameworkCore.Database.Command[20300]
      A data reader for 'bddtestdb' on server 'tcp://127.0.0.1:33503' is being disposed after spending 0ms reading results.
dbug: Microsoft.EntityFrameworkCore.Database.Command[20103]
      Creating DbCommand for 'ExecuteReader'.
dbug: Microsoft.EntityFrameworkCore.Database.Command[20104]
      Created DbCommand for 'ExecuteReader' (0ms).
dbug: Microsoft.EntityFrameworkCore.Database.Command[20106]
      Initialized DbCommand for 'ExecuteReader' (0ms).
dbug: Microsoft.EntityFrameworkCore.Database.Command[20100]
      Executing DbCommand [Parameters=[], CommandType='Text', CommandTimeout='30']
      SELECT e."Id", e."CreatedAt", e."DisplayOrder", e."IsActive", e."LinkType", e."SourceExerciseId", e."TargetExerciseId", e."UpdatedAt"
      FROM "ExerciseLinks" AS e
info: Microsoft.EntityFrameworkCore.Database.Command[20101]
      Executed DbCommand (0ms) [Parameters=[], CommandType='Text', CommandTimeout='30']
      SELECT e."Id", e."CreatedAt", e."DisplayOrder", e."IsActive", e."LinkType", e."SourceExerciseId", e."TargetExerciseId", e."UpdatedAt"
      FROM "ExerciseLinks" AS e
info: 7/12/2025 16:06:31.676 RelationalEventId.CommandExecuted[20101] (Microsoft.EntityFrameworkCore.Database.Command) 
      Executed DbCommand (0ms) [Parameters=[], CommandType='Text', CommandTimeout='30']
      SELECT e."Id", e."CreatedAt", e."DisplayOrder", e."IsActive", e."LinkType", e."SourceExerciseId", e."TargetExerciseId", e."UpdatedAt"
      FROM "ExerciseLinks" AS e
dbug: Microsoft.EntityFrameworkCore.Database.Command[20301]
      Closing data reader to 'bddtestdb' on server 'tcp://127.0.0.1:33503'.
dbug: Microsoft.EntityFrameworkCore.Database.Command[20300]
      A data reader for 'bddtestdb' on server 'tcp://127.0.0.1:33503' is being disposed after spending 0ms reading results.
dbug: Microsoft.EntityFrameworkCore.Database.Command[20103]
      Creating DbCommand for 'ExecuteReader'.
dbug: Microsoft.EntityFrameworkCore.Database.Command[20104]
      Created DbCommand for 'ExecuteReader' (0ms).
dbug: Microsoft.EntityFrameworkCore.Database.Command[20106]
      Initialized DbCommand for 'ExecuteReader' (0ms).
dbug: Microsoft.EntityFrameworkCore.Database.Command[20100]
      Executing DbCommand [Parameters=[], CommandType='Text', CommandTimeout='30']
      SELECT e."Id", e."Description", e."DifficultyId", e."ExerciseWeightTypeId", e."ImageUrl", e."IsActive", e."IsUnilateral", e."KineticChainId", e."Name", e."VideoUrl"
      FROM "Exercises" AS e
info: Microsoft.EntityFrameworkCore.Database.Command[20101]
      Executed DbCommand (0ms) [Parameters=[], CommandType='Text', CommandTimeout='30']
      SELECT e."Id", e."Description", e."DifficultyId", e."ExerciseWeightTypeId", e."ImageUrl", e."IsActive", e."IsUnilateral", e."KineticChainId", e."Name", e."VideoUrl"
      FROM "Exercises" AS e
info: 7/12/2025 16:06:31.676 RelationalEventId.CommandExecuted[20101] (Microsoft.EntityFrameworkCore.Database.Command) 
      Executed DbCommand (0ms) [Parameters=[], CommandType='Text', CommandTimeout='30']
      SELECT e."Id", e."Description", e."DifficultyId", e."ExerciseWeightTypeId", e."ImageUrl", e."IsActive", e."IsUnilateral", e."KineticChainId", e."Name", e."VideoUrl"
      FROM "Exercises" AS e
dbug: Microsoft.EntityFrameworkCore.Database.Command[20301]
      Closing data reader to 'bddtestdb' on server 'tcp://127.0.0.1:33503'.
dbug: Microsoft.EntityFrameworkCore.Database.Command[20300]
      A data reader for 'bddtestdb' on server 'tcp://127.0.0.1:33503' is being disposed after spending 0ms reading results.
dbug: Microsoft.EntityFrameworkCore.Database.Command[20103]
      Creating DbCommand for 'ExecuteScalar'.
dbug: Microsoft.EntityFrameworkCore.Database.Command[20104]
      Created DbCommand for 'ExecuteScalar' (0ms).
dbug: Microsoft.EntityFrameworkCore.Database.Command[20106]
      Initialized DbCommand for 'ExecuteScalar' (0ms).
dbug: Microsoft.EntityFrameworkCore.Database.Command[20100]
      Executing DbCommand [Parameters=[], CommandType='Text', CommandTimeout='30']
      SELECT CASE WHEN COUNT(*) = 0 THEN FALSE ELSE TRUE END
      FROM pg_class AS cls
      JOIN pg_namespace AS ns ON ns.oid = cls.relnamespace
      WHERE
              cls.relkind IN ('r', 'v', 'm', 'f', 'p') AND
              ns.nspname NOT IN ('pg_catalog', 'information_schema') AND
              -- Exclude tables which are members of PG extensions
              NOT EXISTS (
                  SELECT 1 FROM pg_depend WHERE
                      classid=(
                          SELECT cls.oid
                          FROM pg_class AS cls
                                   JOIN pg_namespace AS ns ON ns.oid = cls.relnamespace
                          WHERE relname='pg_class' AND ns.nspname='pg_catalog'
                      ) AND
                      objid=cls.oid AND
                      deptype IN ('e', 'x')
              )
info: Microsoft.EntityFrameworkCore.Database.Command[20101]
      Executed DbCommand (1ms) [Parameters=[], CommandType='Text', CommandTimeout='30']
      SELECT CASE WHEN COUNT(*) = 0 THEN FALSE ELSE TRUE END
      FROM pg_class AS cls
      JOIN pg_namespace AS ns ON ns.oid = cls.relnamespace
      WHERE
              cls.relkind IN ('r', 'v', 'm', 'f', 'p') AND
              ns.nspname NOT IN ('pg_catalog', 'information_schema') AND
              -- Exclude tables which are members of PG extensions
              NOT EXISTS (
                  SELECT 1 FROM pg_depend WHERE
                      classid=(
                          SELECT cls.oid
                          FROM pg_class AS cls
                                   JOIN pg_namespace AS ns ON ns.oid = cls.relnamespace
                          WHERE relname='pg_class' AND ns.nspname='pg_catalog'
                      ) AND
                      objid=cls.oid AND
                      deptype IN ('e', 'x')
              )
info: 7/12/2025 16:06:31.681 RelationalEventId.CommandExecuted[20101] (Microsoft.EntityFrameworkCore.Database.Command) 
      Executed DbCommand (1ms) [Parameters=[], CommandType='Text', CommandTimeout='30']
      SELECT CASE WHEN COUNT(*) = 0 THEN FALSE ELSE TRUE END
      FROM pg_class AS cls
      JOIN pg_namespace AS ns ON ns.oid = cls.relnamespace
      WHERE
              cls.relkind IN ('r', 'v', 'm', 'f', 'p') AND
              ns.nspname NOT IN ('pg_catalog', 'information_schema') AND
              -- Exclude tables which are members of PG extensions
              NOT EXISTS (
                  SELECT 1 FROM pg_depend WHERE
                      classid=(
                          SELECT cls.oid
                          FROM pg_class AS cls
                                   JOIN pg_namespace AS ns ON ns.oid = cls.relnamespace
                          WHERE relname='pg_class' AND ns.nspname='pg_catalog'
                      ) AND
                      objid=cls.oid AND
                      deptype IN ('e', 'x')
              )
dbug: Microsoft.EntityFrameworkCore.Database.Command[20103]
      Creating DbCommand for 'ExecuteReader'.
dbug: Microsoft.EntityFrameworkCore.Database.Command[20104]
      Created DbCommand for 'ExecuteReader' (0ms).
dbug: Microsoft.EntityFrameworkCore.Database.Command[20106]
      Initialized DbCommand for 'ExecuteReader' (0ms).
dbug: Microsoft.EntityFrameworkCore.Database.Command[20100]
      Executing DbCommand [Parameters=[], CommandType='Text', CommandTimeout='30']
      SELECT EXISTS (
          SELECT 1
          FROM "BodyParts" AS b)
info: Microsoft.EntityFrameworkCore.Database.Command[20101]
      Executed DbCommand (0ms) [Parameters=[], CommandType='Text', CommandTimeout='30']
      SELECT EXISTS (
          SELECT 1
          FROM "BodyParts" AS b)
info: 7/12/2025 16:06:31.682 RelationalEventId.CommandExecuted[20101] (Microsoft.EntityFrameworkCore.Database.Command) 
      Executed DbCommand (0ms) [Parameters=[], CommandType='Text', CommandTimeout='30']
      SELECT EXISTS (
          SELECT 1
          FROM "BodyParts" AS b)
dbug: Microsoft.EntityFrameworkCore.Database.Command[20301]
      Closing data reader to 'bddtestdb' on server 'tcp://127.0.0.1:33503'.
dbug: Microsoft.EntityFrameworkCore.Database.Command[20300]
      A data reader for 'bddtestdb' on server 'tcp://127.0.0.1:33503' is being disposed after spending 0ms reading results.
dbug: Microsoft.EntityFrameworkCore.Database.Command[20103]
      Creating DbCommand for 'ExecuteReader'.
dbug: Microsoft.EntityFrameworkCore.Database.Command[20104]
      Created DbCommand for 'ExecuteReader' (0ms).
dbug: Microsoft.EntityFrameworkCore.Database.Command[20106]
      Initialized DbCommand for 'ExecuteReader' (0ms).
dbug: Microsoft.EntityFrameworkCore.Database.Command[20100]
      Executing DbCommand [Parameters=[], CommandType='Text', CommandTimeout='30']
      SELECT e."Id", e."CreatedAt", e."DisplayOrder", e."IsActive", e."LinkType", e."SourceExerciseId", e."TargetExerciseId", e."UpdatedAt"
      FROM "ExerciseLinks" AS e
info: Microsoft.EntityFrameworkCore.Database.Command[20101]
      Executed DbCommand (0ms) [Parameters=[], CommandType='Text', CommandTimeout='30']
      SELECT e."Id", e."CreatedAt", e."DisplayOrder", e."IsActive", e."LinkType", e."SourceExerciseId", e."TargetExerciseId", e."UpdatedAt"
      FROM "ExerciseLinks" AS e
info: 7/12/2025 16:06:31.685 RelationalEventId.CommandExecuted[20101] (Microsoft.EntityFrameworkCore.Database.Command) 
      Executed DbCommand (0ms) [Parameters=[], CommandType='Text', CommandTimeout='30']
      SELECT e."Id", e."CreatedAt", e."DisplayOrder", e."IsActive", e."LinkType", e."SourceExerciseId", e."TargetExerciseId", e."UpdatedAt"
      FROM "ExerciseLinks" AS e
dbug: Microsoft.EntityFrameworkCore.Database.Command[20301]
      Closing data reader to 'bddtestdb' on server 'tcp://127.0.0.1:33503'.
dbug: Microsoft.EntityFrameworkCore.Database.Command[20300]
      A data reader for 'bddtestdb' on server 'tcp://127.0.0.1:33503' is being disposed after spending 0ms reading results.
dbug: Microsoft.EntityFrameworkCore.Database.Command[20103]
      Creating DbCommand for 'ExecuteReader'.
dbug: Microsoft.EntityFrameworkCore.Database.Command[20104]
      Created DbCommand for 'ExecuteReader' (0ms).
dbug: Microsoft.EntityFrameworkCore.Database.Command[20106]
      Initialized DbCommand for 'ExecuteReader' (0ms).
dbug: Microsoft.EntityFrameworkCore.Database.Command[20100]
      Executing DbCommand [Parameters=[], CommandType='Text', CommandTimeout='30']
      SELECT e."Id", e."Description", e."DifficultyId", e."ExerciseWeightTypeId", e."ImageUrl", e."IsActive", e."IsUnilateral", e."KineticChainId", e."Name", e."VideoUrl"
      FROM "Exercises" AS e
info: Microsoft.EntityFrameworkCore.Database.Command[20101]
      Executed DbCommand (0ms) [Parameters=[], CommandType='Text', CommandTimeout='30']
      SELECT e."Id", e."Description", e."DifficultyId", e."ExerciseWeightTypeId", e."ImageUrl", e."IsActive", e."IsUnilateral", e."KineticChainId", e."Name", e."VideoUrl"
      FROM "Exercises" AS e
info: 7/12/2025 16:06:31.685 RelationalEventId.CommandExecuted[20101] (Microsoft.EntityFrameworkCore.Database.Command) 
      Executed DbCommand (0ms) [Parameters=[], CommandType='Text', CommandTimeout='30']
      SELECT e."Id", e."Description", e."DifficultyId", e."ExerciseWeightTypeId", e."ImageUrl", e."IsActive", e."IsUnilateral", e."KineticChainId", e."Name", e."VideoUrl"
      FROM "Exercises" AS e
dbug: Microsoft.EntityFrameworkCore.Database.Command[20301]
      Closing data reader to 'bddtestdb' on server 'tcp://127.0.0.1:33503'.
dbug: Microsoft.EntityFrameworkCore.Database.Command[20300]
      A data reader for 'bddtestdb' on server 'tcp://127.0.0.1:33503' is being disposed after spending 0ms reading results.
dbug: Microsoft.EntityFrameworkCore.Database.Command[20103]
      Creating DbCommand for 'ExecuteReader'.
dbug: Microsoft.EntityFrameworkCore.Database.Command[20104]
      Created DbCommand for 'ExecuteReader' (0ms).
dbug: Microsoft.EntityFrameworkCore.Database.Command[20106]
      Initialized DbCommand for 'ExecuteReader' (0ms).
dbug: Microsoft.EntityFrameworkCore.Database.Command[20100]
      Executing DbCommand [Parameters=[], CommandType='Text', CommandTimeout='30']
      SELECT e."Id", e."CreatedAt", e."DisplayOrder", e."IsActive", e."LinkType", e."SourceExerciseId", e."TargetExerciseId", e."UpdatedAt"
      FROM "ExerciseLinks" AS e
info: Microsoft.EntityFrameworkCore.Database.Command[20101]
      Executed DbCommand (0ms) [Parameters=[], CommandType='Text', CommandTimeout='30']
      SELECT e."Id", e."CreatedAt", e."DisplayOrder", e."IsActive", e."LinkType", e."SourceExerciseId", e."TargetExerciseId", e."UpdatedAt"
      FROM "ExerciseLinks" AS e
info: 7/12/2025 16:06:31.686 RelationalEventId.CommandExecuted[20101] (Microsoft.EntityFrameworkCore.Database.Command) 
      Executed DbCommand (0ms) [Parameters=[], CommandType='Text', CommandTimeout='30']
      SELECT e."Id", e."CreatedAt", e."DisplayOrder", e."IsActive", e."LinkType", e."SourceExerciseId", e."TargetExerciseId", e."UpdatedAt"
      FROM "ExerciseLinks" AS e
dbug: Microsoft.EntityFrameworkCore.Database.Command[20301]
      Closing data reader to 'bddtestdb' on server 'tcp://127.0.0.1:33503'.
dbug: Microsoft.EntityFrameworkCore.Database.Command[20300]
      A data reader for 'bddtestdb' on server 'tcp://127.0.0.1:33503' is being disposed after spending 0ms reading results.
dbug: Microsoft.EntityFrameworkCore.Database.Command[20103]
      Creating DbCommand for 'ExecuteReader'.
dbug: Microsoft.EntityFrameworkCore.Database.Command[20104]
      Created DbCommand for 'ExecuteReader' (0ms).
dbug: Microsoft.EntityFrameworkCore.Database.Command[20106]
      Initialized DbCommand for 'ExecuteReader' (0ms).
dbug: Microsoft.EntityFrameworkCore.Database.Command[20100]
      Executing DbCommand [Parameters=[], CommandType='Text', CommandTimeout='30']
      SELECT e."Id", e."Description", e."DifficultyId", e."ExerciseWeightTypeId", e."ImageUrl", e."IsActive", e."IsUnilateral", e."KineticChainId", e."Name", e."VideoUrl"
      FROM "Exercises" AS e
info: Microsoft.EntityFrameworkCore.Database.Command[20101]
      Executed DbCommand (0ms) [Parameters=[], CommandType='Text', CommandTimeout='30']
      SELECT e."Id", e."Description", e."DifficultyId", e."ExerciseWeightTypeId", e."ImageUrl", e."IsActive", e."IsUnilateral", e."KineticChainId", e."Name", e."VideoUrl"
      FROM "Exercises" AS e
info: 7/12/2025 16:06:31.686 RelationalEventId.CommandExecuted[20101] (Microsoft.EntityFrameworkCore.Database.Command) 
      Executed DbCommand (0ms) [Parameters=[], CommandType='Text', CommandTimeout='30']
      SELECT e."Id", e."Description", e."DifficultyId", e."ExerciseWeightTypeId", e."ImageUrl", e."IsActive", e."IsUnilateral", e."KineticChainId", e."Name", e."VideoUrl"
      FROM "Exercises" AS e
dbug: Microsoft.EntityFrameworkCore.Database.Command[20301]
      Closing data reader to 'bddtestdb' on server 'tcp://127.0.0.1:33503'.
dbug: Microsoft.EntityFrameworkCore.Database.Command[20300]
      A data reader for 'bddtestdb' on server 'tcp://127.0.0.1:33503' is being disposed after spending 0ms reading results.
dbug: Microsoft.EntityFrameworkCore.Database.Command[20103]
      Creating DbCommand for 'ExecuteScalar'.
dbug: Microsoft.EntityFrameworkCore.Database.Command[20104]
      Created DbCommand for 'ExecuteScalar' (0ms).
dbug: Microsoft.EntityFrameworkCore.Database.Command[20106]
      Initialized DbCommand for 'ExecuteScalar' (0ms).
dbug: Microsoft.EntityFrameworkCore.Database.Command[20100]
      Executing DbCommand [Parameters=[], CommandType='Text', CommandTimeout='30']
      SELECT CASE WHEN COUNT(*) = 0 THEN FALSE ELSE TRUE END
      FROM pg_class AS cls
      JOIN pg_namespace AS ns ON ns.oid = cls.relnamespace
      WHERE
              cls.relkind IN ('r', 'v', 'm', 'f', 'p') AND
              ns.nspname NOT IN ('pg_catalog', 'information_schema') AND
              -- Exclude tables which are members of PG extensions
              NOT EXISTS (
                  SELECT 1 FROM pg_depend WHERE
                      classid=(
                          SELECT cls.oid
                          FROM pg_class AS cls
                                   JOIN pg_namespace AS ns ON ns.oid = cls.relnamespace
                          WHERE relname='pg_class' AND ns.nspname='pg_catalog'
                      ) AND
                      objid=cls.oid AND
                      deptype IN ('e', 'x')
              )
info: Microsoft.EntityFrameworkCore.Database.Command[20101]
      Executed DbCommand (1ms) [Parameters=[], CommandType='Text', CommandTimeout='30']
      SELECT CASE WHEN COUNT(*) = 0 THEN FALSE ELSE TRUE END
      FROM pg_class AS cls
      JOIN pg_namespace AS ns ON ns.oid = cls.relnamespace
      WHERE
              cls.relkind IN ('r', 'v', 'm', 'f', 'p') AND
              ns.nspname NOT IN ('pg_catalog', 'information_schema') AND
              -- Exclude tables which are members of PG extensions
              NOT EXISTS (
                  SELECT 1 FROM pg_depend WHERE
                      classid=(
                          SELECT cls.oid
                          FROM pg_class AS cls
                                   JOIN pg_namespace AS ns ON ns.oid = cls.relnamespace
                          WHERE relname='pg_class' AND ns.nspname='pg_catalog'
                      ) AND
                      objid=cls.oid AND
                      deptype IN ('e', 'x')
              )
info: 7/12/2025 16:06:31.691 RelationalEventId.CommandExecuted[20101] (Microsoft.EntityFrameworkCore.Database.Command) 
      Executed DbCommand (1ms) [Parameters=[], CommandType='Text', CommandTimeout='30']
      SELECT CASE WHEN COUNT(*) = 0 THEN FALSE ELSE TRUE END
      FROM pg_class AS cls
      JOIN pg_namespace AS ns ON ns.oid = cls.relnamespace
      WHERE
              cls.relkind IN ('r', 'v', 'm', 'f', 'p') AND
              ns.nspname NOT IN ('pg_catalog', 'information_schema') AND
              -- Exclude tables which are members of PG extensions
              NOT EXISTS (
                  SELECT 1 FROM pg_depend WHERE
                      classid=(
                          SELECT cls.oid
                          FROM pg_class AS cls
                                   JOIN pg_namespace AS ns ON ns.oid = cls.relnamespace
                          WHERE relname='pg_class' AND ns.nspname='pg_catalog'
                      ) AND
                      objid=cls.oid AND
                      deptype IN ('e', 'x')
              )
dbug: Microsoft.EntityFrameworkCore.Database.Command[20103]
      Creating DbCommand for 'ExecuteReader'.
dbug: Microsoft.EntityFrameworkCore.Database.Command[20104]
      Created DbCommand for 'ExecuteReader' (0ms).
dbug: Microsoft.EntityFrameworkCore.Database.Command[20106]
      Initialized DbCommand for 'ExecuteReader' (0ms).
dbug: Microsoft.EntityFrameworkCore.Database.Command[20100]
      Executing DbCommand [Parameters=[], CommandType='Text', CommandTimeout='30']
      SELECT EXISTS (
          SELECT 1
          FROM "BodyParts" AS b)
info: Microsoft.EntityFrameworkCore.Database.Command[20101]
      Executed DbCommand (0ms) [Parameters=[], CommandType='Text', CommandTimeout='30']
      SELECT EXISTS (
          SELECT 1
          FROM "BodyParts" AS b)
info: 7/12/2025 16:06:31.691 RelationalEventId.CommandExecuted[20101] (Microsoft.EntityFrameworkCore.Database.Command) 
      Executed DbCommand (0ms) [Parameters=[], CommandType='Text', CommandTimeout='30']
      SELECT EXISTS (
          SELECT 1
          FROM "BodyParts" AS b)
dbug: Microsoft.EntityFrameworkCore.Database.Command[20301]
      Closing data reader to 'bddtestdb' on server 'tcp://127.0.0.1:33503'.
dbug: Microsoft.EntityFrameworkCore.Database.Command[20300]
      A data reader for 'bddtestdb' on server 'tcp://127.0.0.1:33503' is being disposed after spending 0ms reading results.
dbug: Microsoft.EntityFrameworkCore.Database.Command[20103]
      Creating DbCommand for 'ExecuteScalar'.
dbug: Microsoft.EntityFrameworkCore.Database.Command[20104]
      Created DbCommand for 'ExecuteScalar' (0ms).
dbug: Microsoft.EntityFrameworkCore.Database.Command[20106]
      Initialized DbCommand for 'ExecuteScalar' (0ms).
dbug: Microsoft.EntityFrameworkCore.Database.Command[20100]
      Executing DbCommand [Parameters=[], CommandType='Text', CommandTimeout='30']
      SELECT CASE WHEN COUNT(*) = 0 THEN FALSE ELSE TRUE END
      FROM pg_class AS cls
      JOIN pg_namespace AS ns ON ns.oid = cls.relnamespace
      WHERE
              cls.relkind IN ('r', 'v', 'm', 'f', 'p') AND
              ns.nspname NOT IN ('pg_catalog', 'information_schema') AND
              -- Exclude tables which are members of PG extensions
              NOT EXISTS (
                  SELECT 1 FROM pg_depend WHERE
                      classid=(
                          SELECT cls.oid
                          FROM pg_class AS cls
                                   JOIN pg_namespace AS ns ON ns.oid = cls.relnamespace
                          WHERE relname='pg_class' AND ns.nspname='pg_catalog'
                      ) AND
                      objid=cls.oid AND
                      deptype IN ('e', 'x')
              )
info: Microsoft.EntityFrameworkCore.Database.Command[20101]
      Executed DbCommand (1ms) [Parameters=[], CommandType='Text', CommandTimeout='30']
      SELECT CASE WHEN COUNT(*) = 0 THEN FALSE ELSE TRUE END
      FROM pg_class AS cls
      JOIN pg_namespace AS ns ON ns.oid = cls.relnamespace
      WHERE
              cls.relkind IN ('r', 'v', 'm', 'f', 'p') AND
              ns.nspname NOT IN ('pg_catalog', 'information_schema') AND
              -- Exclude tables which are members of PG extensions
              NOT EXISTS (
                  SELECT 1 FROM pg_depend WHERE
                      classid=(
                          SELECT cls.oid
                          FROM pg_class AS cls
                                   JOIN pg_namespace AS ns ON ns.oid = cls.relnamespace
                          WHERE relname='pg_class' AND ns.nspname='pg_catalog'
                      ) AND
                      objid=cls.oid AND
                      deptype IN ('e', 'x')
              )
info: 7/12/2025 16:06:31.696 RelationalEventId.CommandExecuted[20101] (Microsoft.EntityFrameworkCore.Database.Command) 
      Executed DbCommand (1ms) [Parameters=[], CommandType='Text', CommandTimeout='30']
      SELECT CASE WHEN COUNT(*) = 0 THEN FALSE ELSE TRUE END
      FROM pg_class AS cls
      JOIN pg_namespace AS ns ON ns.oid = cls.relnamespace
      WHERE
              cls.relkind IN ('r', 'v', 'm', 'f', 'p') AND
              ns.nspname NOT IN ('pg_catalog', 'information_schema') AND
              -- Exclude tables which are members of PG extensions
              NOT EXISTS (
                  SELECT 1 FROM pg_depend WHERE
                      classid=(
                          SELECT cls.oid
                          FROM pg_class AS cls
                                   JOIN pg_namespace AS ns ON ns.oid = cls.relnamespace
                          WHERE relname='pg_class' AND ns.nspname='pg_catalog'
                      ) AND
                      objid=cls.oid AND
                      deptype IN ('e', 'x')
              )
dbug: Microsoft.EntityFrameworkCore.Database.Command[20103]
      Creating DbCommand for 'ExecuteReader'.
dbug: Microsoft.EntityFrameworkCore.Database.Command[20104]
      Created DbCommand for 'ExecuteReader' (0ms).
dbug: Microsoft.EntityFrameworkCore.Database.Command[20106]
      Initialized DbCommand for 'ExecuteReader' (0ms).
dbug: Microsoft.EntityFrameworkCore.Database.Command[20100]
      Executing DbCommand [Parameters=[], CommandType='Text', CommandTimeout='30']
      SELECT EXISTS (
          SELECT 1
          FROM "BodyParts" AS b)
info: Microsoft.EntityFrameworkCore.Database.Command[20101]
      Executed DbCommand (0ms) [Parameters=[], CommandType='Text', CommandTimeout='30']
      SELECT EXISTS (
          SELECT 1
          FROM "BodyParts" AS b)
info: 7/12/2025 16:06:31.696 RelationalEventId.CommandExecuted[20101] (Microsoft.EntityFrameworkCore.Database.Command) 
      Executed DbCommand (0ms) [Parameters=[], CommandType='Text', CommandTimeout='30']
      SELECT EXISTS (
          SELECT 1
          FROM "BodyParts" AS b)
dbug: Microsoft.EntityFrameworkCore.Database.Command[20301]
      Closing data reader to 'bddtestdb' on server 'tcp://127.0.0.1:33503'.
dbug: Microsoft.EntityFrameworkCore.Database.Command[20300]
      A data reader for 'bddtestdb' on server 'tcp://127.0.0.1:33503' is being disposed after spending 0ms reading results.
dbug: Microsoft.EntityFrameworkCore.Database.Command[20103]
      Creating DbCommand for 'ExecuteReader'.
dbug: Microsoft.EntityFrameworkCore.Database.Command[20104]
      Created DbCommand for 'ExecuteReader' (0ms).
dbug: Microsoft.EntityFrameworkCore.Database.Command[20106]
      Initialized DbCommand for 'ExecuteReader' (0ms).
dbug: Microsoft.EntityFrameworkCore.Database.Command[20100]
      Executing DbCommand [Parameters=[], CommandType='Text', CommandTimeout='30']
      SELECT e."Id", e."CreatedAt", e."DisplayOrder", e."IsActive", e."LinkType", e."SourceExerciseId", e."TargetExerciseId", e."UpdatedAt"
      FROM "ExerciseLinks" AS e
info: Microsoft.EntityFrameworkCore.Database.Command[20101]
      Executed DbCommand (0ms) [Parameters=[], CommandType='Text', CommandTimeout='30']
      SELECT e."Id", e."CreatedAt", e."DisplayOrder", e."IsActive", e."LinkType", e."SourceExerciseId", e."TargetExerciseId", e."UpdatedAt"
      FROM "ExerciseLinks" AS e
info: 7/12/2025 16:06:31.698 RelationalEventId.CommandExecuted[20101] (Microsoft.EntityFrameworkCore.Database.Command) 
      Executed DbCommand (0ms) [Parameters=[], CommandType='Text', CommandTimeout='30']
      SELECT e."Id", e."CreatedAt", e."DisplayOrder", e."IsActive", e."LinkType", e."SourceExerciseId", e."TargetExerciseId", e."UpdatedAt"
      FROM "ExerciseLinks" AS e
dbug: Microsoft.EntityFrameworkCore.Database.Command[20301]
      Closing data reader to 'bddtestdb' on server 'tcp://127.0.0.1:33503'.
dbug: Microsoft.EntityFrameworkCore.Database.Command[20300]
      A data reader for 'bddtestdb' on server 'tcp://127.0.0.1:33503' is being disposed after spending 0ms reading results.
dbug: Microsoft.EntityFrameworkCore.Database.Command[20103]
      Creating DbCommand for 'ExecuteReader'.
dbug: Microsoft.EntityFrameworkCore.Database.Command[20104]
      Created DbCommand for 'ExecuteReader' (0ms).
dbug: Microsoft.EntityFrameworkCore.Database.Command[20106]
      Initialized DbCommand for 'ExecuteReader' (0ms).
dbug: Microsoft.EntityFrameworkCore.Database.Command[20100]
      Executing DbCommand [Parameters=[], CommandType='Text', CommandTimeout='30']
      SELECT e."Id", e."Description", e."DifficultyId", e."ExerciseWeightTypeId", e."ImageUrl", e."IsActive", e."IsUnilateral", e."KineticChainId", e."Name", e."VideoUrl"
      FROM "Exercises" AS e
info: Microsoft.EntityFrameworkCore.Database.Command[20101]
      Executed DbCommand (0ms) [Parameters=[], CommandType='Text', CommandTimeout='30']
      SELECT e."Id", e."Description", e."DifficultyId", e."ExerciseWeightTypeId", e."ImageUrl", e."IsActive", e."IsUnilateral", e."KineticChainId", e."Name", e."VideoUrl"
      FROM "Exercises" AS e
info: 7/12/2025 16:06:31.699 RelationalEventId.CommandExecuted[20101] (Microsoft.EntityFrameworkCore.Database.Command) 
      Executed DbCommand (0ms) [Parameters=[], CommandType='Text', CommandTimeout='30']
      SELECT e."Id", e."Description", e."DifficultyId", e."ExerciseWeightTypeId", e."ImageUrl", e."IsActive", e."IsUnilateral", e."KineticChainId", e."Name", e."VideoUrl"
      FROM "Exercises" AS e
dbug: Microsoft.EntityFrameworkCore.Database.Command[20301]
      Closing data reader to 'bddtestdb' on server 'tcp://127.0.0.1:33503'.
dbug: Microsoft.EntityFrameworkCore.Database.Command[20300]
      A data reader for 'bddtestdb' on server 'tcp://127.0.0.1:33503' is being disposed after spending 0ms reading results.
dbug: Microsoft.EntityFrameworkCore.Database.Command[20103]
      Creating DbCommand for 'ExecuteScalar'.
dbug: Microsoft.EntityFrameworkCore.Database.Command[20104]
      Created DbCommand for 'ExecuteScalar' (0ms).
dbug: Microsoft.EntityFrameworkCore.Database.Command[20106]
      Initialized DbCommand for 'ExecuteScalar' (0ms).
dbug: Microsoft.EntityFrameworkCore.Database.Command[20100]
      Executing DbCommand [Parameters=[], CommandType='Text', CommandTimeout='30']
      SELECT CASE WHEN COUNT(*) = 0 THEN FALSE ELSE TRUE END
      FROM pg_class AS cls
      JOIN pg_namespace AS ns ON ns.oid = cls.relnamespace
      WHERE
              cls.relkind IN ('r', 'v', 'm', 'f', 'p') AND
              ns.nspname NOT IN ('pg_catalog', 'information_schema') AND
              -- Exclude tables which are members of PG extensions
              NOT EXISTS (
                  SELECT 1 FROM pg_depend WHERE
                      classid=(
                          SELECT cls.oid
                          FROM pg_class AS cls
                                   JOIN pg_namespace AS ns ON ns.oid = cls.relnamespace
                          WHERE relname='pg_class' AND ns.nspname='pg_catalog'
                      ) AND
                      objid=cls.oid AND
                      deptype IN ('e', 'x')
              )
info: Microsoft.EntityFrameworkCore.Database.Command[20101]
      Executed DbCommand (1ms) [Parameters=[], CommandType='Text', CommandTimeout='30']
      SELECT CASE WHEN COUNT(*) = 0 THEN FALSE ELSE TRUE END
      FROM pg_class AS cls
      JOIN pg_namespace AS ns ON ns.oid = cls.relnamespace
      WHERE
              cls.relkind IN ('r', 'v', 'm', 'f', 'p') AND
              ns.nspname NOT IN ('pg_catalog', 'information_schema') AND
              -- Exclude tables which are members of PG extensions
              NOT EXISTS (
                  SELECT 1 FROM pg_depend WHERE
                      classid=(
                          SELECT cls.oid
                          FROM pg_class AS cls
                                   JOIN pg_namespace AS ns ON ns.oid = cls.relnamespace
                          WHERE relname='pg_class' AND ns.nspname='pg_catalog'
                      ) AND
                      objid=cls.oid AND
                      deptype IN ('e', 'x')
              )
info: 7/12/2025 16:06:31.703 RelationalEventId.CommandExecuted[20101] (Microsoft.EntityFrameworkCore.Database.Command) 
      Executed DbCommand (1ms) [Parameters=[], CommandType='Text', CommandTimeout='30']
      SELECT CASE WHEN COUNT(*) = 0 THEN FALSE ELSE TRUE END
      FROM pg_class AS cls
      JOIN pg_namespace AS ns ON ns.oid = cls.relnamespace
      WHERE
              cls.relkind IN ('r', 'v', 'm', 'f', 'p') AND
              ns.nspname NOT IN ('pg_catalog', 'information_schema') AND
              -- Exclude tables which are members of PG extensions
              NOT EXISTS (
                  SELECT 1 FROM pg_depend WHERE
                      classid=(
                          SELECT cls.oid
                          FROM pg_class AS cls
                                   JOIN pg_namespace AS ns ON ns.oid = cls.relnamespace
                          WHERE relname='pg_class' AND ns.nspname='pg_catalog'
                      ) AND
                      objid=cls.oid AND
                      deptype IN ('e', 'x')
              )
dbug: Microsoft.EntityFrameworkCore.Database.Command[20103]
      Creating DbCommand for 'ExecuteReader'.
dbug: Microsoft.EntityFrameworkCore.Database.Command[20104]
      Created DbCommand for 'ExecuteReader' (0ms).
dbug: Microsoft.EntityFrameworkCore.Database.Command[20106]
      Initialized DbCommand for 'ExecuteReader' (0ms).
dbug: Microsoft.EntityFrameworkCore.Database.Command[20100]
      Executing DbCommand [Parameters=[], CommandType='Text', CommandTimeout='30']
      SELECT EXISTS (
          SELECT 1
          FROM "BodyParts" AS b)
info: Microsoft.EntityFrameworkCore.Database.Command[20101]
      Executed DbCommand (0ms) [Parameters=[], CommandType='Text', CommandTimeout='30']
      SELECT EXISTS (
          SELECT 1
          FROM "BodyParts" AS b)
info: 7/12/2025 16:06:31.704 RelationalEventId.CommandExecuted[20101] (Microsoft.EntityFrameworkCore.Database.Command) 
      Executed DbCommand (0ms) [Parameters=[], CommandType='Text', CommandTimeout='30']
      SELECT EXISTS (
          SELECT 1
          FROM "BodyParts" AS b)
dbug: Microsoft.EntityFrameworkCore.Database.Command[20301]
      Closing data reader to 'bddtestdb' on server 'tcp://127.0.0.1:33503'.
dbug: Microsoft.EntityFrameworkCore.Database.Command[20300]
      A data reader for 'bddtestdb' on server 'tcp://127.0.0.1:33503' is being disposed after spending 0ms reading results.
dbug: Microsoft.EntityFrameworkCore.Database.Command[20103]
      Creating DbCommand for 'ExecuteReader'.
dbug: Microsoft.EntityFrameworkCore.Database.Command[20104]
      Created DbCommand for 'ExecuteReader' (0ms).
dbug: Microsoft.EntityFrameworkCore.Database.Command[20106]
      Initialized DbCommand for 'ExecuteReader' (0ms).
dbug: Microsoft.EntityFrameworkCore.Database.Command[20100]
      Executing DbCommand [Parameters=[], CommandType='Text', CommandTimeout='30']
      SELECT e."Id", e."CreatedAt", e."DisplayOrder", e."IsActive", e."LinkType", e."SourceExerciseId", e."TargetExerciseId", e."UpdatedAt"
      FROM "ExerciseLinks" AS e
info: Microsoft.EntityFrameworkCore.Database.Command[20101]
      Executed DbCommand (0ms) [Parameters=[], CommandType='Text', CommandTimeout='30']
      SELECT e."Id", e."CreatedAt", e."DisplayOrder", e."IsActive", e."LinkType", e."SourceExerciseId", e."TargetExerciseId", e."UpdatedAt"
      FROM "ExerciseLinks" AS e
info: 7/12/2025 16:06:31.706 RelationalEventId.CommandExecuted[20101] (Microsoft.EntityFrameworkCore.Database.Command) 
      Executed DbCommand (0ms) [Parameters=[], CommandType='Text', CommandTimeout='30']
      SELECT e."Id", e."CreatedAt", e."DisplayOrder", e."IsActive", e."LinkType", e."SourceExerciseId", e."TargetExerciseId", e."UpdatedAt"
      FROM "ExerciseLinks" AS e
dbug: Microsoft.EntityFrameworkCore.Database.Command[20301]
      Closing data reader to 'bddtestdb' on server 'tcp://127.0.0.1:33503'.
dbug: Microsoft.EntityFrameworkCore.Database.Command[20300]
      A data reader for 'bddtestdb' on server 'tcp://127.0.0.1:33503' is being disposed after spending 0ms reading results.
dbug: Microsoft.EntityFrameworkCore.Database.Command[20103]
      Creating DbCommand for 'ExecuteReader'.
dbug: Microsoft.EntityFrameworkCore.Database.Command[20104]
      Created DbCommand for 'ExecuteReader' (0ms).
dbug: Microsoft.EntityFrameworkCore.Database.Command[20106]
      Initialized DbCommand for 'ExecuteReader' (0ms).
dbug: Microsoft.EntityFrameworkCore.Database.Command[20100]
      Executing DbCommand [Parameters=[], CommandType='Text', CommandTimeout='30']
      SELECT e."Id", e."Description", e."DifficultyId", e."ExerciseWeightTypeId", e."ImageUrl", e."IsActive", e."IsUnilateral", e."KineticChainId", e."Name", e."VideoUrl"
      FROM "Exercises" AS e
info: Microsoft.EntityFrameworkCore.Database.Command[20101]
      Executed DbCommand (0ms) [Parameters=[], CommandType='Text', CommandTimeout='30']
      SELECT e."Id", e."Description", e."DifficultyId", e."ExerciseWeightTypeId", e."ImageUrl", e."IsActive", e."IsUnilateral", e."KineticChainId", e."Name", e."VideoUrl"
      FROM "Exercises" AS e
info: 7/12/2025 16:06:31.707 RelationalEventId.CommandExecuted[20101] (Microsoft.EntityFrameworkCore.Database.Command) 
      Executed DbCommand (0ms) [Parameters=[], CommandType='Text', CommandTimeout='30']
      SELECT e."Id", e."Description", e."DifficultyId", e."ExerciseWeightTypeId", e."ImageUrl", e."IsActive", e."IsUnilateral", e."KineticChainId", e."Name", e."VideoUrl"
      FROM "Exercises" AS e
dbug: Microsoft.EntityFrameworkCore.Database.Command[20301]
      Closing data reader to 'bddtestdb' on server 'tcp://127.0.0.1:33503'.
dbug: Microsoft.EntityFrameworkCore.Database.Command[20300]
      A data reader for 'bddtestdb' on server 'tcp://127.0.0.1:33503' is being disposed after spending 0ms reading results.
dbug: Microsoft.EntityFrameworkCore.Database.Command[20103]
      Creating DbCommand for 'ExecuteReader'.
dbug: Microsoft.EntityFrameworkCore.Database.Command[20104]
      Created DbCommand for 'ExecuteReader' (0ms).
dbug: Microsoft.EntityFrameworkCore.Database.Command[20106]
      Initialized DbCommand for 'ExecuteReader' (0ms).
dbug: Microsoft.EntityFrameworkCore.Database.Command[20100]
      Executing DbCommand [Parameters=[], CommandType='Text', CommandTimeout='30']
      SELECT e."Id", e."CreatedAt", e."DisplayOrder", e."IsActive", e."LinkType", e."SourceExerciseId", e."TargetExerciseId", e."UpdatedAt"
      FROM "ExerciseLinks" AS e
info: Microsoft.EntityFrameworkCore.Database.Command[20101]
      Executed DbCommand (0ms) [Parameters=[], CommandType='Text', CommandTimeout='30']
      SELECT e."Id", e."CreatedAt", e."DisplayOrder", e."IsActive", e."LinkType", e."SourceExerciseId", e."TargetExerciseId", e."UpdatedAt"
      FROM "ExerciseLinks" AS e
info: 7/12/2025 16:06:31.708 RelationalEventId.CommandExecuted[20101] (Microsoft.EntityFrameworkCore.Database.Command) 
      Executed DbCommand (0ms) [Parameters=[], CommandType='Text', CommandTimeout='30']
      SELECT e."Id", e."CreatedAt", e."DisplayOrder", e."IsActive", e."LinkType", e."SourceExerciseId", e."TargetExerciseId", e."UpdatedAt"
      FROM "ExerciseLinks" AS e
dbug: Microsoft.EntityFrameworkCore.Database.Command[20301]
      Closing data reader to 'bddtestdb' on server 'tcp://127.0.0.1:33503'.
dbug: Microsoft.EntityFrameworkCore.Database.Command[20300]
      A data reader for 'bddtestdb' on server 'tcp://127.0.0.1:33503' is being disposed after spending 0ms reading results.
dbug: Microsoft.EntityFrameworkCore.Database.Command[20103]
      Creating DbCommand for 'ExecuteReader'.
dbug: Microsoft.EntityFrameworkCore.Database.Command[20104]
      Created DbCommand for 'ExecuteReader' (0ms).
dbug: Microsoft.EntityFrameworkCore.Database.Command[20106]
      Initialized DbCommand for 'ExecuteReader' (0ms).
dbug: Microsoft.EntityFrameworkCore.Database.Command[20100]
      Executing DbCommand [Parameters=[], CommandType='Text', CommandTimeout='30']
      SELECT e."Id", e."Description", e."DifficultyId", e."ExerciseWeightTypeId", e."ImageUrl", e."IsActive", e."IsUnilateral", e."KineticChainId", e."Name", e."VideoUrl"
      FROM "Exercises" AS e
info: Microsoft.EntityFrameworkCore.Database.Command[20101]
      Executed DbCommand (0ms) [Parameters=[], CommandType='Text', CommandTimeout='30']
      SELECT e."Id", e."Description", e."DifficultyId", e."ExerciseWeightTypeId", e."ImageUrl", e."IsActive", e."IsUnilateral", e."KineticChainId", e."Name", e."VideoUrl"
      FROM "Exercises" AS e
info: 7/12/2025 16:06:31.708 RelationalEventId.CommandExecuted[20101] (Microsoft.EntityFrameworkCore.Database.Command) 
      Executed DbCommand (0ms) [Parameters=[], CommandType='Text', CommandTimeout='30']
      SELECT e."Id", e."Description", e."DifficultyId", e."ExerciseWeightTypeId", e."ImageUrl", e."IsActive", e."IsUnilateral", e."KineticChainId", e."Name", e."VideoUrl"
      FROM "Exercises" AS e
dbug: Microsoft.EntityFrameworkCore.Database.Command[20301]
      Closing data reader to 'bddtestdb' on server 'tcp://127.0.0.1:33503'.
dbug: Microsoft.EntityFrameworkCore.Database.Command[20300]
      A data reader for 'bddtestdb' on server 'tcp://127.0.0.1:33503' is being disposed after spending 0ms reading results.
dbug: Microsoft.EntityFrameworkCore.Database.Command[20103]
      Creating DbCommand for 'ExecuteScalar'.
dbug: Microsoft.EntityFrameworkCore.Database.Command[20104]
      Created DbCommand for 'ExecuteScalar' (0ms).
dbug: Microsoft.EntityFrameworkCore.Database.Command[20106]
      Initialized DbCommand for 'ExecuteScalar' (0ms).
dbug: Microsoft.EntityFrameworkCore.Database.Command[20100]
      Executing DbCommand [Parameters=[], CommandType='Text', CommandTimeout='30']
      SELECT CASE WHEN COUNT(*) = 0 THEN FALSE ELSE TRUE END
      FROM pg_class AS cls
      JOIN pg_namespace AS ns ON ns.oid = cls.relnamespace
      WHERE
              cls.relkind IN ('r', 'v', 'm', 'f', 'p') AND
              ns.nspname NOT IN ('pg_catalog', 'information_schema') AND
              -- Exclude tables which are members of PG extensions
              NOT EXISTS (
                  SELECT 1 FROM pg_depend WHERE
                      classid=(
                          SELECT cls.oid
                          FROM pg_class AS cls
                                   JOIN pg_namespace AS ns ON ns.oid = cls.relnamespace
                          WHERE relname='pg_class' AND ns.nspname='pg_catalog'
                      ) AND
                      objid=cls.oid AND
                      deptype IN ('e', 'x')
              )
info: Microsoft.EntityFrameworkCore.Database.Command[20101]
      Executed DbCommand (1ms) [Parameters=[], CommandType='Text', CommandTimeout='30']
      SELECT CASE WHEN COUNT(*) = 0 THEN FALSE ELSE TRUE END
      FROM pg_class AS cls
      JOIN pg_namespace AS ns ON ns.oid = cls.relnamespace
      WHERE
              cls.relkind IN ('r', 'v', 'm', 'f', 'p') AND
              ns.nspname NOT IN ('pg_catalog', 'information_schema') AND
              -- Exclude tables which are members of PG extensions
              NOT EXISTS (
                  SELECT 1 FROM pg_depend WHERE
                      classid=(
                          SELECT cls.oid
                          FROM pg_class AS cls
                                   JOIN pg_namespace AS ns ON ns.oid = cls.relnamespace
                          WHERE relname='pg_class' AND ns.nspname='pg_catalog'
                      ) AND
                      objid=cls.oid AND
                      deptype IN ('e', 'x')
              )
info: 7/12/2025 16:06:31.712 RelationalEventId.CommandExecuted[20101] (Microsoft.EntityFrameworkCore.Database.Command) 
      Executed DbCommand (1ms) [Parameters=[], CommandType='Text', CommandTimeout='30']
      SELECT CASE WHEN COUNT(*) = 0 THEN FALSE ELSE TRUE END
      FROM pg_class AS cls
      JOIN pg_namespace AS ns ON ns.oid = cls.relnamespace
      WHERE
              cls.relkind IN ('r', 'v', 'm', 'f', 'p') AND
              ns.nspname NOT IN ('pg_catalog', 'information_schema') AND
              -- Exclude tables which are members of PG extensions
              NOT EXISTS (
                  SELECT 1 FROM pg_depend WHERE
                      classid=(
                          SELECT cls.oid
                          FROM pg_class AS cls
                                   JOIN pg_namespace AS ns ON ns.oid = cls.relnamespace
                          WHERE relname='pg_class' AND ns.nspname='pg_catalog'
                      ) AND
                      objid=cls.oid AND
                      deptype IN ('e', 'x')
              )
dbug: Microsoft.EntityFrameworkCore.Database.Command[20103]
      Creating DbCommand for 'ExecuteReader'.
dbug: Microsoft.EntityFrameworkCore.Database.Command[20104]
      Created DbCommand for 'ExecuteReader' (0ms).
dbug: Microsoft.EntityFrameworkCore.Database.Command[20106]
      Initialized DbCommand for 'ExecuteReader' (0ms).
dbug: Microsoft.EntityFrameworkCore.Database.Command[20100]
      Executing DbCommand [Parameters=[], CommandType='Text', CommandTimeout='30']
      SELECT EXISTS (
          SELECT 1
          FROM "BodyParts" AS b)
info: Microsoft.EntityFrameworkCore.Database.Command[20101]
      Executed DbCommand (0ms) [Parameters=[], CommandType='Text', CommandTimeout='30']
      SELECT EXISTS (
          SELECT 1
          FROM "BodyParts" AS b)
info: 7/12/2025 16:06:31.712 RelationalEventId.CommandExecuted[20101] (Microsoft.EntityFrameworkCore.Database.Command) 
      Executed DbCommand (0ms) [Parameters=[], CommandType='Text', CommandTimeout='30']
      SELECT EXISTS (
          SELECT 1
          FROM "BodyParts" AS b)
dbug: Microsoft.EntityFrameworkCore.Database.Command[20301]
      Closing data reader to 'bddtestdb' on server 'tcp://127.0.0.1:33503'.
dbug: Microsoft.EntityFrameworkCore.Database.Command[20300]
      A data reader for 'bddtestdb' on server 'tcp://127.0.0.1:33503' is being disposed after spending 0ms reading results.
dbug: Microsoft.EntityFrameworkCore.Database.Command[20103]
      Creating DbCommand for 'ExecuteScalar'.
dbug: Microsoft.EntityFrameworkCore.Database.Command[20104]
      Created DbCommand for 'ExecuteScalar' (0ms).
dbug: Microsoft.EntityFrameworkCore.Database.Command[20106]
      Initialized DbCommand for 'ExecuteScalar' (0ms).
dbug: Microsoft.EntityFrameworkCore.Database.Command[20100]
      Executing DbCommand [Parameters=[], CommandType='Text', CommandTimeout='30']
      SELECT CASE WHEN COUNT(*) = 0 THEN FALSE ELSE TRUE END
      FROM pg_class AS cls
      JOIN pg_namespace AS ns ON ns.oid = cls.relnamespace
      WHERE
              cls.relkind IN ('r', 'v', 'm', 'f', 'p') AND
              ns.nspname NOT IN ('pg_catalog', 'information_schema') AND
              -- Exclude tables which are members of PG extensions
              NOT EXISTS (
                  SELECT 1 FROM pg_depend WHERE
                      classid=(
                          SELECT cls.oid
                          FROM pg_class AS cls
                                   JOIN pg_namespace AS ns ON ns.oid = cls.relnamespace
                          WHERE relname='pg_class' AND ns.nspname='pg_catalog'
                      ) AND
                      objid=cls.oid AND
                      deptype IN ('e', 'x')
              )
info: Microsoft.EntityFrameworkCore.Database.Command[20101]
      Executed DbCommand (1ms) [Parameters=[], CommandType='Text', CommandTimeout='30']
      SELECT CASE WHEN COUNT(*) = 0 THEN FALSE ELSE TRUE END
      FROM pg_class AS cls
      JOIN pg_namespace AS ns ON ns.oid = cls.relnamespace
      WHERE
              cls.relkind IN ('r', 'v', 'm', 'f', 'p') AND
              ns.nspname NOT IN ('pg_catalog', 'information_schema') AND
              -- Exclude tables which are members of PG extensions
              NOT EXISTS (
                  SELECT 1 FROM pg_depend WHERE
                      classid=(
                          SELECT cls.oid
                          FROM pg_class AS cls
                                   JOIN pg_namespace AS ns ON ns.oid = cls.relnamespace
                          WHERE relname='pg_class' AND ns.nspname='pg_catalog'
                      ) AND
                      objid=cls.oid AND
                      deptype IN ('e', 'x')
              )
info: 7/12/2025 16:06:31.716 RelationalEventId.CommandExecuted[20101] (Microsoft.EntityFrameworkCore.Database.Command) 
      Executed DbCommand (1ms) [Parameters=[], CommandType='Text', CommandTimeout='30']
      SELECT CASE WHEN COUNT(*) = 0 THEN FALSE ELSE TRUE END
      FROM pg_class AS cls
      JOIN pg_namespace AS ns ON ns.oid = cls.relnamespace
      WHERE
              cls.relkind IN ('r', 'v', 'm', 'f', 'p') AND
              ns.nspname NOT IN ('pg_catalog', 'information_schema') AND
              -- Exclude tables which are members of PG extensions
              NOT EXISTS (
                  SELECT 1 FROM pg_depend WHERE
                      classid=(
                          SELECT cls.oid
                          FROM pg_class AS cls
                                   JOIN pg_namespace AS ns ON ns.oid = cls.relnamespace
                          WHERE relname='pg_class' AND ns.nspname='pg_catalog'
                      ) AND
                      objid=cls.oid AND
                      deptype IN ('e', 'x')
              )
dbug: Microsoft.EntityFrameworkCore.Database.Command[20103]
      Creating DbCommand for 'ExecuteReader'.
dbug: Microsoft.EntityFrameworkCore.Database.Command[20104]
      Created DbCommand for 'ExecuteReader' (0ms).
dbug: Microsoft.EntityFrameworkCore.Database.Command[20106]
      Initialized DbCommand for 'ExecuteReader' (0ms).
dbug: Microsoft.EntityFrameworkCore.Database.Command[20100]
      Executing DbCommand [Parameters=[], CommandType='Text', CommandTimeout='30']
      SELECT EXISTS (
          SELECT 1
          FROM "BodyParts" AS b)
info: Microsoft.EntityFrameworkCore.Database.Command[20101]
      Executed DbCommand (0ms) [Parameters=[], CommandType='Text', CommandTimeout='30']
      SELECT EXISTS (
          SELECT 1
          FROM "BodyParts" AS b)
info: 7/12/2025 16:06:31.716 RelationalEventId.CommandExecuted[20101] (Microsoft.EntityFrameworkCore.Database.Command) 
      Executed DbCommand (0ms) [Parameters=[], CommandType='Text', CommandTimeout='30']
      SELECT EXISTS (
          SELECT 1
          FROM "BodyParts" AS b)
dbug: Microsoft.EntityFrameworkCore.Database.Command[20301]
      Closing data reader to 'bddtestdb' on server 'tcp://127.0.0.1:33503'.
dbug: Microsoft.EntityFrameworkCore.Database.Command[20300]
      A data reader for 'bddtestdb' on server 'tcp://127.0.0.1:33503' is being disposed after spending 0ms reading results.
dbug: Microsoft.EntityFrameworkCore.Database.Command[20103]
      Creating DbCommand for 'ExecuteReader'.
dbug: Microsoft.EntityFrameworkCore.Database.Command[20104]
      Created DbCommand for 'ExecuteReader' (0ms).
dbug: Microsoft.EntityFrameworkCore.Database.Command[20106]
      Initialized DbCommand for 'ExecuteReader' (0ms).
dbug: Microsoft.EntityFrameworkCore.Database.Command[20100]
      Executing DbCommand [Parameters=[], CommandType='Text', CommandTimeout='30']
      SELECT e."Id", e."CreatedAt", e."DisplayOrder", e."IsActive", e."LinkType", e."SourceExerciseId", e."TargetExerciseId", e."UpdatedAt"
      FROM "ExerciseLinks" AS e
info: Microsoft.EntityFrameworkCore.Database.Command[20101]
      Executed DbCommand (0ms) [Parameters=[], CommandType='Text', CommandTimeout='30']
      SELECT e."Id", e."CreatedAt", e."DisplayOrder", e."IsActive", e."LinkType", e."SourceExerciseId", e."TargetExerciseId", e."UpdatedAt"
      FROM "ExerciseLinks" AS e
info: 7/12/2025 16:06:31.719 RelationalEventId.CommandExecuted[20101] (Microsoft.EntityFrameworkCore.Database.Command) 
      Executed DbCommand (0ms) [Parameters=[], CommandType='Text', CommandTimeout='30']
      SELECT e."Id", e."CreatedAt", e."DisplayOrder", e."IsActive", e."LinkType", e."SourceExerciseId", e."TargetExerciseId", e."UpdatedAt"
      FROM "ExerciseLinks" AS e
dbug: Microsoft.EntityFrameworkCore.Database.Command[20301]
      Closing data reader to 'bddtestdb' on server 'tcp://127.0.0.1:33503'.
dbug: Microsoft.EntityFrameworkCore.Database.Command[20300]
      A data reader for 'bddtestdb' on server 'tcp://127.0.0.1:33503' is being disposed after spending 0ms reading results.
dbug: Microsoft.EntityFrameworkCore.Database.Command[20103]
      Creating DbCommand for 'ExecuteReader'.
dbug: Microsoft.EntityFrameworkCore.Database.Command[20104]
      Created DbCommand for 'ExecuteReader' (0ms).
dbug: Microsoft.EntityFrameworkCore.Database.Command[20106]
      Initialized DbCommand for 'ExecuteReader' (0ms).
dbug: Microsoft.EntityFrameworkCore.Database.Command[20100]
      Executing DbCommand [Parameters=[], CommandType='Text', CommandTimeout='30']
      SELECT e."Id", e."Description", e."DifficultyId", e."ExerciseWeightTypeId", e."ImageUrl", e."IsActive", e."IsUnilateral", e."KineticChainId", e."Name", e."VideoUrl"
      FROM "Exercises" AS e
info: Microsoft.EntityFrameworkCore.Database.Command[20101]
      Executed DbCommand (0ms) [Parameters=[], CommandType='Text', CommandTimeout='30']
      SELECT e."Id", e."Description", e."DifficultyId", e."ExerciseWeightTypeId", e."ImageUrl", e."IsActive", e."IsUnilateral", e."KineticChainId", e."Name", e."VideoUrl"
      FROM "Exercises" AS e
info: 7/12/2025 16:06:31.719 RelationalEventId.CommandExecuted[20101] (Microsoft.EntityFrameworkCore.Database.Command) 
      Executed DbCommand (0ms) [Parameters=[], CommandType='Text', CommandTimeout='30']
      SELECT e."Id", e."Description", e."DifficultyId", e."ExerciseWeightTypeId", e."ImageUrl", e."IsActive", e."IsUnilateral", e."KineticChainId", e."Name", e."VideoUrl"
      FROM "Exercises" AS e
dbug: Microsoft.EntityFrameworkCore.Database.Command[20301]
      Closing data reader to 'bddtestdb' on server 'tcp://127.0.0.1:33503'.
dbug: Microsoft.EntityFrameworkCore.Database.Command[20300]
      A data reader for 'bddtestdb' on server 'tcp://127.0.0.1:33503' is being disposed after spending 0ms reading results.
dbug: Microsoft.EntityFrameworkCore.Database.Command[20103]
      Creating DbCommand for 'ExecuteScalar'.
dbug: Microsoft.EntityFrameworkCore.Database.Command[20104]
      Created DbCommand for 'ExecuteScalar' (0ms).
dbug: Microsoft.EntityFrameworkCore.Database.Command[20106]
      Initialized DbCommand for 'ExecuteScalar' (0ms).
dbug: Microsoft.EntityFrameworkCore.Database.Command[20100]
      Executing DbCommand [Parameters=[], CommandType='Text', CommandTimeout='30']
      SELECT CASE WHEN COUNT(*) = 0 THEN FALSE ELSE TRUE END
      FROM pg_class AS cls
      JOIN pg_namespace AS ns ON ns.oid = cls.relnamespace
      WHERE
              cls.relkind IN ('r', 'v', 'm', 'f', 'p') AND
              ns.nspname NOT IN ('pg_catalog', 'information_schema') AND
              -- Exclude tables which are members of PG extensions
              NOT EXISTS (
                  SELECT 1 FROM pg_depend WHERE
                      classid=(
                          SELECT cls.oid
                          FROM pg_class AS cls
                                   JOIN pg_namespace AS ns ON ns.oid = cls.relnamespace
                          WHERE relname='pg_class' AND ns.nspname='pg_catalog'
                      ) AND
                      objid=cls.oid AND
                      deptype IN ('e', 'x')
              )
info: Microsoft.EntityFrameworkCore.Database.Command[20101]
      Executed DbCommand (1ms) [Parameters=[], CommandType='Text', CommandTimeout='30']
      SELECT CASE WHEN COUNT(*) = 0 THEN FALSE ELSE TRUE END
      FROM pg_class AS cls
      JOIN pg_namespace AS ns ON ns.oid = cls.relnamespace
      WHERE
              cls.relkind IN ('r', 'v', 'm', 'f', 'p') AND
              ns.nspname NOT IN ('pg_catalog', 'information_schema') AND
              -- Exclude tables which are members of PG extensions
              NOT EXISTS (
                  SELECT 1 FROM pg_depend WHERE
                      classid=(
                          SELECT cls.oid
                          FROM pg_class AS cls
                                   JOIN pg_namespace AS ns ON ns.oid = cls.relnamespace
                          WHERE relname='pg_class' AND ns.nspname='pg_catalog'
                      ) AND
                      objid=cls.oid AND
                      deptype IN ('e', 'x')
              )
info: 7/12/2025 16:06:31.723 RelationalEventId.CommandExecuted[20101] (Microsoft.EntityFrameworkCore.Database.Command) 
      Executed DbCommand (1ms) [Parameters=[], CommandType='Text', CommandTimeout='30']
      SELECT CASE WHEN COUNT(*) = 0 THEN FALSE ELSE TRUE END
      FROM pg_class AS cls
      JOIN pg_namespace AS ns ON ns.oid = cls.relnamespace
      WHERE
              cls.relkind IN ('r', 'v', 'm', 'f', 'p') AND
              ns.nspname NOT IN ('pg_catalog', 'information_schema') AND
              -- Exclude tables which are members of PG extensions
              NOT EXISTS (
                  SELECT 1 FROM pg_depend WHERE
                      classid=(
                          SELECT cls.oid
                          FROM pg_class AS cls
                                   JOIN pg_namespace AS ns ON ns.oid = cls.relnamespace
                          WHERE relname='pg_class' AND ns.nspname='pg_catalog'
                      ) AND
                      objid=cls.oid AND
                      deptype IN ('e', 'x')
              )
dbug: Microsoft.EntityFrameworkCore.Database.Command[20103]
      Creating DbCommand for 'ExecuteReader'.
dbug: Microsoft.EntityFrameworkCore.Database.Command[20104]
      Created DbCommand for 'ExecuteReader' (0ms).
dbug: Microsoft.EntityFrameworkCore.Database.Command[20106]
      Initialized DbCommand for 'ExecuteReader' (0ms).
dbug: Microsoft.EntityFrameworkCore.Database.Command[20100]
      Executing DbCommand [Parameters=[], CommandType='Text', CommandTimeout='30']
      SELECT EXISTS (
          SELECT 1
          FROM "BodyParts" AS b)
info: Microsoft.EntityFrameworkCore.Database.Command[20101]
      Executed DbCommand (0ms) [Parameters=[], CommandType='Text', CommandTimeout='30']
      SELECT EXISTS (
          SELECT 1
          FROM "BodyParts" AS b)
info: 7/12/2025 16:06:31.724 RelationalEventId.CommandExecuted[20101] (Microsoft.EntityFrameworkCore.Database.Command) 
      Executed DbCommand (0ms) [Parameters=[], CommandType='Text', CommandTimeout='30']
      SELECT EXISTS (
          SELECT 1
          FROM "BodyParts" AS b)
dbug: Microsoft.EntityFrameworkCore.Database.Command[20301]
      Closing data reader to 'bddtestdb' on server 'tcp://127.0.0.1:33503'.
dbug: Microsoft.EntityFrameworkCore.Database.Command[20300]
      A data reader for 'bddtestdb' on server 'tcp://127.0.0.1:33503' is being disposed after spending 0ms reading results.
dbug: Microsoft.EntityFrameworkCore.Database.Command[20103]
      Creating DbCommand for 'ExecuteReader'.
dbug: Microsoft.EntityFrameworkCore.Database.Command[20104]
      Created DbCommand for 'ExecuteReader' (0ms).
dbug: Microsoft.EntityFrameworkCore.Database.Command[20106]
      Initialized DbCommand for 'ExecuteReader' (0ms).
dbug: Microsoft.EntityFrameworkCore.Database.Command[20100]
      Executing DbCommand [Parameters=[], CommandType='Text', CommandTimeout='30']
      SELECT e."Id", e."CreatedAt", e."DisplayOrder", e."IsActive", e."LinkType", e."SourceExerciseId", e."TargetExerciseId", e."UpdatedAt"
      FROM "ExerciseLinks" AS e
info: Microsoft.EntityFrameworkCore.Database.Command[20101]
      Executed DbCommand (0ms) [Parameters=[], CommandType='Text', CommandTimeout='30']
      SELECT e."Id", e."CreatedAt", e."DisplayOrder", e."IsActive", e."LinkType", e."SourceExerciseId", e."TargetExerciseId", e."UpdatedAt"
      FROM "ExerciseLinks" AS e
info: 7/12/2025 16:06:31.726 RelationalEventId.CommandExecuted[20101] (Microsoft.EntityFrameworkCore.Database.Command) 
      Executed DbCommand (0ms) [Parameters=[], CommandType='Text', CommandTimeout='30']
      SELECT e."Id", e."CreatedAt", e."DisplayOrder", e."IsActive", e."LinkType", e."SourceExerciseId", e."TargetExerciseId", e."UpdatedAt"
      FROM "ExerciseLinks" AS e
dbug: Microsoft.EntityFrameworkCore.Database.Command[20301]
      Closing data reader to 'bddtestdb' on server 'tcp://127.0.0.1:33503'.
dbug: Microsoft.EntityFrameworkCore.Database.Command[20300]
      A data reader for 'bddtestdb' on server 'tcp://127.0.0.1:33503' is being disposed after spending 0ms reading results.
dbug: Microsoft.EntityFrameworkCore.Database.Command[20103]
      Creating DbCommand for 'ExecuteReader'.
dbug: Microsoft.EntityFrameworkCore.Database.Command[20104]
      Created DbCommand for 'ExecuteReader' (0ms).
dbug: Microsoft.EntityFrameworkCore.Database.Command[20106]
      Initialized DbCommand for 'ExecuteReader' (0ms).
dbug: Microsoft.EntityFrameworkCore.Database.Command[20100]
      Executing DbCommand [Parameters=[], CommandType='Text', CommandTimeout='30']
      SELECT e."Id", e."Description", e."DifficultyId", e."ExerciseWeightTypeId", e."ImageUrl", e."IsActive", e."IsUnilateral", e."KineticChainId", e."Name", e."VideoUrl"
      FROM "Exercises" AS e
info: Microsoft.EntityFrameworkCore.Database.Command[20101]
      Executed DbCommand (0ms) [Parameters=[], CommandType='Text', CommandTimeout='30']
      SELECT e."Id", e."Description", e."DifficultyId", e."ExerciseWeightTypeId", e."ImageUrl", e."IsActive", e."IsUnilateral", e."KineticChainId", e."Name", e."VideoUrl"
      FROM "Exercises" AS e
info: 7/12/2025 16:06:31.727 RelationalEventId.CommandExecuted[20101] (Microsoft.EntityFrameworkCore.Database.Command) 
      Executed DbCommand (0ms) [Parameters=[], CommandType='Text', CommandTimeout='30']
      SELECT e."Id", e."Description", e."DifficultyId", e."ExerciseWeightTypeId", e."ImageUrl", e."IsActive", e."IsUnilateral", e."KineticChainId", e."Name", e."VideoUrl"
      FROM "Exercises" AS e
dbug: Microsoft.EntityFrameworkCore.Database.Command[20301]
      Closing data reader to 'bddtestdb' on server 'tcp://127.0.0.1:33503'.
dbug: Microsoft.EntityFrameworkCore.Database.Command[20300]
      A data reader for 'bddtestdb' on server 'tcp://127.0.0.1:33503' is being disposed after spending 0ms reading results.
dbug: Microsoft.EntityFrameworkCore.Database.Command[20103]
      Creating DbCommand for 'ExecuteReader'.
dbug: Microsoft.EntityFrameworkCore.Database.Command[20104]
      Created DbCommand for 'ExecuteReader' (0ms).
dbug: Microsoft.EntityFrameworkCore.Database.Command[20106]
      Initialized DbCommand for 'ExecuteReader' (0ms).
dbug: Microsoft.EntityFrameworkCore.Database.Command[20100]
      Executing DbCommand [Parameters=[], CommandType='Text', CommandTimeout='30']
      SELECT e."Id", e."CreatedAt", e."DisplayOrder", e."IsActive", e."LinkType", e."SourceExerciseId", e."TargetExerciseId", e."UpdatedAt"
      FROM "ExerciseLinks" AS e
info: Microsoft.EntityFrameworkCore.Database.Command[20101]
      Executed DbCommand (0ms) [Parameters=[], CommandType='Text', CommandTimeout='30']
      SELECT e."Id", e."CreatedAt", e."DisplayOrder", e."IsActive", e."LinkType", e."SourceExerciseId", e."TargetExerciseId", e."UpdatedAt"
      FROM "ExerciseLinks" AS e
info: 7/12/2025 16:06:31.727 RelationalEventId.CommandExecuted[20101] (Microsoft.EntityFrameworkCore.Database.Command) 
      Executed DbCommand (0ms) [Parameters=[], CommandType='Text', CommandTimeout='30']
      SELECT e."Id", e."CreatedAt", e."DisplayOrder", e."IsActive", e."LinkType", e."SourceExerciseId", e."TargetExerciseId", e."UpdatedAt"
      FROM "ExerciseLinks" AS e
dbug: Microsoft.EntityFrameworkCore.Database.Command[20301]
      Closing data reader to 'bddtestdb' on server 'tcp://127.0.0.1:33503'.
dbug: Microsoft.EntityFrameworkCore.Database.Command[20300]
      A data reader for 'bddtestdb' on server 'tcp://127.0.0.1:33503' is being disposed after spending 0ms reading results.
dbug: Microsoft.EntityFrameworkCore.Database.Command[20103]
      Creating DbCommand for 'ExecuteReader'.
dbug: Microsoft.EntityFrameworkCore.Database.Command[20104]
      Created DbCommand for 'ExecuteReader' (0ms).
dbug: Microsoft.EntityFrameworkCore.Database.Command[20106]
      Initialized DbCommand for 'ExecuteReader' (0ms).
dbug: Microsoft.EntityFrameworkCore.Database.Command[20100]
      Executing DbCommand [Parameters=[], CommandType='Text', CommandTimeout='30']
      SELECT e."Id", e."Description", e."DifficultyId", e."ExerciseWeightTypeId", e."ImageUrl", e."IsActive", e."IsUnilateral", e."KineticChainId", e."Name", e."VideoUrl"
      FROM "Exercises" AS e
info: Microsoft.EntityFrameworkCore.Database.Command[20101]
      Executed DbCommand (0ms) [Parameters=[], CommandType='Text', CommandTimeout='30']
      SELECT e."Id", e."Description", e."DifficultyId", e."ExerciseWeightTypeId", e."ImageUrl", e."IsActive", e."IsUnilateral", e."KineticChainId", e."Name", e."VideoUrl"
      FROM "Exercises" AS e
info: 7/12/2025 16:06:31.727 RelationalEventId.CommandExecuted[20101] (Microsoft.EntityFrameworkCore.Database.Command) 
      Executed DbCommand (0ms) [Parameters=[], CommandType='Text', CommandTimeout='30']
      SELECT e."Id", e."Description", e."DifficultyId", e."ExerciseWeightTypeId", e."ImageUrl", e."IsActive", e."IsUnilateral", e."KineticChainId", e."Name", e."VideoUrl"
      FROM "Exercises" AS e
dbug: Microsoft.EntityFrameworkCore.Database.Command[20301]
      Closing data reader to 'bddtestdb' on server 'tcp://127.0.0.1:33503'.
dbug: Microsoft.EntityFrameworkCore.Database.Command[20300]
      A data reader for 'bddtestdb' on server 'tcp://127.0.0.1:33503' is being disposed after spending 0ms reading results.
dbug: Microsoft.EntityFrameworkCore.Database.Command[20103]
      Creating DbCommand for 'ExecuteScalar'.
dbug: Microsoft.EntityFrameworkCore.Database.Command[20104]
      Created DbCommand for 'ExecuteScalar' (0ms).
dbug: Microsoft.EntityFrameworkCore.Database.Command[20106]
      Initialized DbCommand for 'ExecuteScalar' (0ms).
dbug: Microsoft.EntityFrameworkCore.Database.Command[20100]
      Executing DbCommand [Parameters=[], CommandType='Text', CommandTimeout='30']
      SELECT CASE WHEN COUNT(*) = 0 THEN FALSE ELSE TRUE END
      FROM pg_class AS cls
      JOIN pg_namespace AS ns ON ns.oid = cls.relnamespace
      WHERE
              cls.relkind IN ('r', 'v', 'm', 'f', 'p') AND
              ns.nspname NOT IN ('pg_catalog', 'information_schema') AND
              -- Exclude tables which are members of PG extensions
              NOT EXISTS (
                  SELECT 1 FROM pg_depend WHERE
                      classid=(
                          SELECT cls.oid
                          FROM pg_class AS cls
                                   JOIN pg_namespace AS ns ON ns.oid = cls.relnamespace
                          WHERE relname='pg_class' AND ns.nspname='pg_catalog'
                      ) AND
                      objid=cls.oid AND
                      deptype IN ('e', 'x')
              )
info: Microsoft.EntityFrameworkCore.Database.Command[20101]
      Executed DbCommand (1ms) [Parameters=[], CommandType='Text', CommandTimeout='30']
      SELECT CASE WHEN COUNT(*) = 0 THEN FALSE ELSE TRUE END
      FROM pg_class AS cls
      JOIN pg_namespace AS ns ON ns.oid = cls.relnamespace
      WHERE
              cls.relkind IN ('r', 'v', 'm', 'f', 'p') AND
              ns.nspname NOT IN ('pg_catalog', 'information_schema') AND
              -- Exclude tables which are members of PG extensions
              NOT EXISTS (
                  SELECT 1 FROM pg_depend WHERE
                      classid=(
                          SELECT cls.oid
                          FROM pg_class AS cls
                                   JOIN pg_namespace AS ns ON ns.oid = cls.relnamespace
                          WHERE relname='pg_class' AND ns.nspname='pg_catalog'
                      ) AND
                      objid=cls.oid AND
                      deptype IN ('e', 'x')
              )
info: 7/12/2025 16:06:31.732 RelationalEventId.CommandExecuted[20101] (Microsoft.EntityFrameworkCore.Database.Command) 
      Executed DbCommand (1ms) [Parameters=[], CommandType='Text', CommandTimeout='30']
      SELECT CASE WHEN COUNT(*) = 0 THEN FALSE ELSE TRUE END
      FROM pg_class AS cls
      JOIN pg_namespace AS ns ON ns.oid = cls.relnamespace
      WHERE
              cls.relkind IN ('r', 'v', 'm', 'f', 'p') AND
              ns.nspname NOT IN ('pg_catalog', 'information_schema') AND
              -- Exclude tables which are members of PG extensions
              NOT EXISTS (
                  SELECT 1 FROM pg_depend WHERE
                      classid=(
                          SELECT cls.oid
                          FROM pg_class AS cls
                                   JOIN pg_namespace AS ns ON ns.oid = cls.relnamespace
                          WHERE relname='pg_class' AND ns.nspname='pg_catalog'
                      ) AND
                      objid=cls.oid AND
                      deptype IN ('e', 'x')
              )
dbug: Microsoft.EntityFrameworkCore.Database.Command[20103]
      Creating DbCommand for 'ExecuteReader'.
dbug: Microsoft.EntityFrameworkCore.Database.Command[20104]
      Created DbCommand for 'ExecuteReader' (0ms).
dbug: Microsoft.EntityFrameworkCore.Database.Command[20106]
      Initialized DbCommand for 'ExecuteReader' (0ms).
dbug: Microsoft.EntityFrameworkCore.Database.Command[20100]
      Executing DbCommand [Parameters=[], CommandType='Text', CommandTimeout='30']
      SELECT EXISTS (
          SELECT 1
          FROM "BodyParts" AS b)
info: Microsoft.EntityFrameworkCore.Database.Command[20101]
      Executed DbCommand (0ms) [Parameters=[], CommandType='Text', CommandTimeout='30']
      SELECT EXISTS (
          SELECT 1
          FROM "BodyParts" AS b)
info: 7/12/2025 16:06:31.732 RelationalEventId.CommandExecuted[20101] (Microsoft.EntityFrameworkCore.Database.Command) 
      Executed DbCommand (0ms) [Parameters=[], CommandType='Text', CommandTimeout='30']
      SELECT EXISTS (
          SELECT 1
          FROM "BodyParts" AS b)
dbug: Microsoft.EntityFrameworkCore.Database.Command[20301]
      Closing data reader to 'bddtestdb' on server 'tcp://127.0.0.1:33503'.
dbug: Microsoft.EntityFrameworkCore.Database.Command[20300]
      A data reader for 'bddtestdb' on server 'tcp://127.0.0.1:33503' is being disposed after spending 0ms reading results.
dbug: Microsoft.EntityFrameworkCore.Database.Command[20103]
      Creating DbCommand for 'ExecuteScalar'.
dbug: Microsoft.EntityFrameworkCore.Database.Command[20104]
      Created DbCommand for 'ExecuteScalar' (0ms).
dbug: Microsoft.EntityFrameworkCore.Database.Command[20106]
      Initialized DbCommand for 'ExecuteScalar' (0ms).
dbug: Microsoft.EntityFrameworkCore.Database.Command[20100]
      Executing DbCommand [Parameters=[], CommandType='Text', CommandTimeout='30']
      SELECT CASE WHEN COUNT(*) = 0 THEN FALSE ELSE TRUE END
      FROM pg_class AS cls
      JOIN pg_namespace AS ns ON ns.oid = cls.relnamespace
      WHERE
              cls.relkind IN ('r', 'v', 'm', 'f', 'p') AND
              ns.nspname NOT IN ('pg_catalog', 'information_schema') AND
              -- Exclude tables which are members of PG extensions
              NOT EXISTS (
                  SELECT 1 FROM pg_depend WHERE
                      classid=(
                          SELECT cls.oid
                          FROM pg_class AS cls
                                   JOIN pg_namespace AS ns ON ns.oid = cls.relnamespace
                          WHERE relname='pg_class' AND ns.nspname='pg_catalog'
                      ) AND
                      objid=cls.oid AND
                      deptype IN ('e', 'x')
              )
info: Microsoft.EntityFrameworkCore.Database.Command[20101]
      Executed DbCommand (1ms) [Parameters=[], CommandType='Text', CommandTimeout='30']
      SELECT CASE WHEN COUNT(*) = 0 THEN FALSE ELSE TRUE END
      FROM pg_class AS cls
      JOIN pg_namespace AS ns ON ns.oid = cls.relnamespace
      WHERE
              cls.relkind IN ('r', 'v', 'm', 'f', 'p') AND
              ns.nspname NOT IN ('pg_catalog', 'information_schema') AND
              -- Exclude tables which are members of PG extensions
              NOT EXISTS (
                  SELECT 1 FROM pg_depend WHERE
                      classid=(
                          SELECT cls.oid
                          FROM pg_class AS cls
                                   JOIN pg_namespace AS ns ON ns.oid = cls.relnamespace
                          WHERE relname='pg_class' AND ns.nspname='pg_catalog'
                      ) AND
                      objid=cls.oid AND
                      deptype IN ('e', 'x')
              )
info: 7/12/2025 16:06:31.738 RelationalEventId.CommandExecuted[20101] (Microsoft.EntityFrameworkCore.Database.Command) 
      Executed DbCommand (1ms) [Parameters=[], CommandType='Text', CommandTimeout='30']
      SELECT CASE WHEN COUNT(*) = 0 THEN FALSE ELSE TRUE END
      FROM pg_class AS cls
      JOIN pg_namespace AS ns ON ns.oid = cls.relnamespace
      WHERE
              cls.relkind IN ('r', 'v', 'm', 'f', 'p') AND
              ns.nspname NOT IN ('pg_catalog', 'information_schema') AND
              -- Exclude tables which are members of PG extensions
              NOT EXISTS (
                  SELECT 1 FROM pg_depend WHERE
                      classid=(
                          SELECT cls.oid
                          FROM pg_class AS cls
                                   JOIN pg_namespace AS ns ON ns.oid = cls.relnamespace
                          WHERE relname='pg_class' AND ns.nspname='pg_catalog'
                      ) AND
                      objid=cls.oid AND
                      deptype IN ('e', 'x')
              )
dbug: Microsoft.EntityFrameworkCore.Database.Command[20103]
      Creating DbCommand for 'ExecuteReader'.
dbug: Microsoft.EntityFrameworkCore.Database.Command[20104]
      Created DbCommand for 'ExecuteReader' (0ms).
dbug: Microsoft.EntityFrameworkCore.Database.Command[20106]
      Initialized DbCommand for 'ExecuteReader' (0ms).
dbug: Microsoft.EntityFrameworkCore.Database.Command[20100]
      Executing DbCommand [Parameters=[], CommandType='Text', CommandTimeout='30']
      SELECT EXISTS (
          SELECT 1
          FROM "BodyParts" AS b)
info: Microsoft.EntityFrameworkCore.Database.Command[20101]
      Executed DbCommand (0ms) [Parameters=[], CommandType='Text', CommandTimeout='30']
      SELECT EXISTS (
          SELECT 1
          FROM "BodyParts" AS b)
info: 7/12/2025 16:06:31.738 RelationalEventId.CommandExecuted[20101] (Microsoft.EntityFrameworkCore.Database.Command) 
      Executed DbCommand (0ms) [Parameters=[], CommandType='Text', CommandTimeout='30']
      SELECT EXISTS (
          SELECT 1
          FROM "BodyParts" AS b)
dbug: Microsoft.EntityFrameworkCore.Database.Command[20301]
      Closing data reader to 'bddtestdb' on server 'tcp://127.0.0.1:33503'.
dbug: Microsoft.EntityFrameworkCore.Database.Command[20300]
      A data reader for 'bddtestdb' on server 'tcp://127.0.0.1:33503' is being disposed after spending 0ms reading results.
dbug: Microsoft.EntityFrameworkCore.Database.Command[20103]
      Creating DbCommand for 'ExecuteReader'.
dbug: Microsoft.EntityFrameworkCore.Database.Command[20104]
      Created DbCommand for 'ExecuteReader' (0ms).
dbug: Microsoft.EntityFrameworkCore.Database.Command[20106]
      Initialized DbCommand for 'ExecuteReader' (0ms).
dbug: Microsoft.EntityFrameworkCore.Database.Command[20100]
      Executing DbCommand [Parameters=[], CommandType='Text', CommandTimeout='30']
      SELECT e."Id", e."CreatedAt", e."DisplayOrder", e."IsActive", e."LinkType", e."SourceExerciseId", e."TargetExerciseId", e."UpdatedAt"
      FROM "ExerciseLinks" AS e
info: Microsoft.EntityFrameworkCore.Database.Command[20101]
      Executed DbCommand (0ms) [Parameters=[], CommandType='Text', CommandTimeout='30']
      SELECT e."Id", e."CreatedAt", e."DisplayOrder", e."IsActive", e."LinkType", e."SourceExerciseId", e."TargetExerciseId", e."UpdatedAt"
      FROM "ExerciseLinks" AS e
info: 7/12/2025 16:06:31.741 RelationalEventId.CommandExecuted[20101] (Microsoft.EntityFrameworkCore.Database.Command) 
      Executed DbCommand (0ms) [Parameters=[], CommandType='Text', CommandTimeout='30']
      SELECT e."Id", e."CreatedAt", e."DisplayOrder", e."IsActive", e."LinkType", e."SourceExerciseId", e."TargetExerciseId", e."UpdatedAt"
      FROM "ExerciseLinks" AS e
dbug: Microsoft.EntityFrameworkCore.Database.Command[20301]
      Closing data reader to 'bddtestdb' on server 'tcp://127.0.0.1:33503'.
dbug: Microsoft.EntityFrameworkCore.Database.Command[20300]
      A data reader for 'bddtestdb' on server 'tcp://127.0.0.1:33503' is being disposed after spending 0ms reading results.
dbug: Microsoft.EntityFrameworkCore.Database.Command[20103]
      Creating DbCommand for 'ExecuteReader'.
dbug: Microsoft.EntityFrameworkCore.Database.Command[20104]
      Created DbCommand for 'ExecuteReader' (0ms).
dbug: Microsoft.EntityFrameworkCore.Database.Command[20106]
      Initialized DbCommand for 'ExecuteReader' (0ms).
dbug: Microsoft.EntityFrameworkCore.Database.Command[20100]
      Executing DbCommand [Parameters=[], CommandType='Text', CommandTimeout='30']
      SELECT e."Id", e."Description", e."DifficultyId", e."ExerciseWeightTypeId", e."ImageUrl", e."IsActive", e."IsUnilateral", e."KineticChainId", e."Name", e."VideoUrl"
      FROM "Exercises" AS e
info: Microsoft.EntityFrameworkCore.Database.Command[20101]
      Executed DbCommand (0ms) [Parameters=[], CommandType='Text', CommandTimeout='30']
      SELECT e."Id", e."Description", e."DifficultyId", e."ExerciseWeightTypeId", e."ImageUrl", e."IsActive", e."IsUnilateral", e."KineticChainId", e."Name", e."VideoUrl"
      FROM "Exercises" AS e
info: 7/12/2025 16:06:31.741 RelationalEventId.CommandExecuted[20101] (Microsoft.EntityFrameworkCore.Database.Command) 
      Executed DbCommand (0ms) [Parameters=[], CommandType='Text', CommandTimeout='30']
      SELECT e."Id", e."Description", e."DifficultyId", e."ExerciseWeightTypeId", e."ImageUrl", e."IsActive", e."IsUnilateral", e."KineticChainId", e."Name", e."VideoUrl"
      FROM "Exercises" AS e
dbug: Microsoft.EntityFrameworkCore.Database.Command[20301]
      Closing data reader to 'bddtestdb' on server 'tcp://127.0.0.1:33503'.
dbug: Microsoft.EntityFrameworkCore.Database.Command[20300]
      A data reader for 'bddtestdb' on server 'tcp://127.0.0.1:33503' is being disposed after spending 0ms reading results.
dbug: Microsoft.EntityFrameworkCore.Database.Command[20103]
      Creating DbCommand for 'ExecuteScalar'.
dbug: Microsoft.EntityFrameworkCore.Database.Command[20104]
      Created DbCommand for 'ExecuteScalar' (0ms).
dbug: Microsoft.EntityFrameworkCore.Database.Command[20106]
      Initialized DbCommand for 'ExecuteScalar' (0ms).
dbug: Microsoft.EntityFrameworkCore.Database.Command[20100]
      Executing DbCommand [Parameters=[], CommandType='Text', CommandTimeout='30']
      SELECT CASE WHEN COUNT(*) = 0 THEN FALSE ELSE TRUE END
      FROM pg_class AS cls
      JOIN pg_namespace AS ns ON ns.oid = cls.relnamespace
      WHERE
              cls.relkind IN ('r', 'v', 'm', 'f', 'p') AND
              ns.nspname NOT IN ('pg_catalog', 'information_schema') AND
              -- Exclude tables which are members of PG extensions
              NOT EXISTS (
                  SELECT 1 FROM pg_depend WHERE
                      classid=(
                          SELECT cls.oid
                          FROM pg_class AS cls
                                   JOIN pg_namespace AS ns ON ns.oid = cls.relnamespace
                          WHERE relname='pg_class' AND ns.nspname='pg_catalog'
                      ) AND
                      objid=cls.oid AND
                      deptype IN ('e', 'x')
              )
info: Microsoft.EntityFrameworkCore.Database.Command[20101]
      Executed DbCommand (1ms) [Parameters=[], CommandType='Text', CommandTimeout='30']
      SELECT CASE WHEN COUNT(*) = 0 THEN FALSE ELSE TRUE END
      FROM pg_class AS cls
      JOIN pg_namespace AS ns ON ns.oid = cls.relnamespace
      WHERE
              cls.relkind IN ('r', 'v', 'm', 'f', 'p') AND
              ns.nspname NOT IN ('pg_catalog', 'information_schema') AND
              -- Exclude tables which are members of PG extensions
              NOT EXISTS (
                  SELECT 1 FROM pg_depend WHERE
                      classid=(
                          SELECT cls.oid
                          FROM pg_class AS cls
                                   JOIN pg_namespace AS ns ON ns.oid = cls.relnamespace
                          WHERE relname='pg_class' AND ns.nspname='pg_catalog'
                      ) AND
                      objid=cls.oid AND
                      deptype IN ('e', 'x')
              )
info: 7/12/2025 16:06:31.746 RelationalEventId.CommandExecuted[20101] (Microsoft.EntityFrameworkCore.Database.Command) 
      Executed DbCommand (1ms) [Parameters=[], CommandType='Text', CommandTimeout='30']
      SELECT CASE WHEN COUNT(*) = 0 THEN FALSE ELSE TRUE END
      FROM pg_class AS cls
      JOIN pg_namespace AS ns ON ns.oid = cls.relnamespace
      WHERE
              cls.relkind IN ('r', 'v', 'm', 'f', 'p') AND
              ns.nspname NOT IN ('pg_catalog', 'information_schema') AND
              -- Exclude tables which are members of PG extensions
              NOT EXISTS (
                  SELECT 1 FROM pg_depend WHERE
                      classid=(
                          SELECT cls.oid
                          FROM pg_class AS cls
                                   JOIN pg_namespace AS ns ON ns.oid = cls.relnamespace
                          WHERE relname='pg_class' AND ns.nspname='pg_catalog'
                      ) AND
                      objid=cls.oid AND
                      deptype IN ('e', 'x')
              )
dbug: Microsoft.EntityFrameworkCore.Database.Command[20103]
      Creating DbCommand for 'ExecuteReader'.
dbug: Microsoft.EntityFrameworkCore.Database.Command[20104]
      Created DbCommand for 'ExecuteReader' (0ms).
dbug: Microsoft.EntityFrameworkCore.Database.Command[20106]
      Initialized DbCommand for 'ExecuteReader' (0ms).
dbug: Microsoft.EntityFrameworkCore.Database.Command[20100]
      Executing DbCommand [Parameters=[], CommandType='Text', CommandTimeout='30']
      SELECT EXISTS (
          SELECT 1
          FROM "BodyParts" AS b)
info: Microsoft.EntityFrameworkCore.Database.Command[20101]
      Executed DbCommand (0ms) [Parameters=[], CommandType='Text', CommandTimeout='30']
      SELECT EXISTS (
          SELECT 1
          FROM "BodyParts" AS b)
info: 7/12/2025 16:06:31.747 RelationalEventId.CommandExecuted[20101] (Microsoft.EntityFrameworkCore.Database.Command) 
      Executed DbCommand (0ms) [Parameters=[], CommandType='Text', CommandTimeout='30']
      SELECT EXISTS (
          SELECT 1
          FROM "BodyParts" AS b)
dbug: Microsoft.EntityFrameworkCore.Database.Command[20301]
      Closing data reader to 'bddtestdb' on server 'tcp://127.0.0.1:33503'.
dbug: Microsoft.EntityFrameworkCore.Database.Command[20300]
      A data reader for 'bddtestdb' on server 'tcp://127.0.0.1:33503' is being disposed after spending 0ms reading results.
dbug: Microsoft.EntityFrameworkCore.Database.Command[20103]
      Creating DbCommand for 'ExecuteReader'.
dbug: Microsoft.EntityFrameworkCore.Database.Command[20104]
      Created DbCommand for 'ExecuteReader' (0ms).
dbug: Microsoft.EntityFrameworkCore.Database.Command[20106]
      Initialized DbCommand for 'ExecuteReader' (0ms).
dbug: Microsoft.EntityFrameworkCore.Database.Command[20100]
      Executing DbCommand [Parameters=[@__ToLower_0='&lt;firstdifficultylevel.value&gt;'], CommandType='Text', CommandTimeout='30']
      SELECT d."Id", d."Description", d."DisplayOrder", d."IsActive", d."Value"
      FROM "DifficultyLevels" AS d
      WHERE lower(d."Value") = @__ToLower_0 AND d."IsActive"
      LIMIT 1
info: Microsoft.EntityFrameworkCore.Database.Command[20101]
      Executed DbCommand (0ms) [Parameters=[@__ToLower_0='&lt;firstdifficultylevel.value&gt;'], CommandType='Text', CommandTimeout='30']
      SELECT d."Id", d."Description", d."DisplayOrder", d."IsActive", d."Value"
      FROM "DifficultyLevels" AS d
      WHERE lower(d."Value") = @__ToLower_0 AND d."IsActive"
      LIMIT 1
info: 7/12/2025 16:06:31.750 RelationalEventId.CommandExecuted[20101] (Microsoft.EntityFrameworkCore.Database.Command) 
      Executed DbCommand (0ms) [Parameters=[@__ToLower_0='&lt;firstdifficultylevel.value&gt;'], CommandType='Text', CommandTimeout='30']
      SELECT d."Id", d."Description", d."DisplayOrder", d."IsActive", d."Value"
      FROM "DifficultyLevels" AS d
      WHERE lower(d."Value") = @__ToLower_0 AND d."IsActive"
      LIMIT 1
dbug: Microsoft.EntityFrameworkCore.Database.Command[20301]
      Closing data reader to 'bddtestdb' on server 'tcp://127.0.0.1:33503'.
dbug: Microsoft.EntityFrameworkCore.Database.Command[20300]
      A data reader for 'bddtestdb' on server 'tcp://127.0.0.1:33503' is being disposed after spending 0ms reading results.
Scenario failed: Get difficulty level by valid value
Error: Expected actualStatusCode to be 200 because expected status code 200 but got 404, but found 404 (difference of 204).
Stack Trace:    at FluentAssertions.Execution.XUnit2TestFramework.Throw(String message)
   at FluentAssertions.Execution.TestFrameworkProvider.Throw(String message)
   at FluentAssertions.Execution.DefaultAssertionStrategy.HandleFailure(String message)
   at FluentAssertions.Execution.AssertionScope.FailWith(Func`1 failReasonFunc)
   at FluentAssertions.Execution.AssertionScope.FailWith(Func`1 failReasonFunc)
   at FluentAssertions.Execution.AssertionScope.FailWith(String message, Object[] args)
   at FluentAssertions.Numeric.NumericAssertions`2.Be(T expected, String because, Object[] becauseArgs)
   at GetFitterGetBigger.API.IntegrationTests.StepDefinitions.Api.ResponseSteps.ThenTheResponseStatusShouldBe(Int32 expectedStatusCode) in /home/esqueleto/myWork/GetFitterGetBigger/GetFitterGetBigger.API/GetFitterGetBigger.API.IntegrationTests/StepDefinitions/Api/ResponseSteps.cs:line 24
   at InvokeStub_Action`2.Invoke(Object, Span`1)
   at System.Reflection.MethodBaseInvoker.InvokeWithFewArgs(Object obj, BindingFlags invokeAttr, Binder binder, Object[] parameters, CultureInfo culture)
--- End of stack trace from previous location ---
   at TechTalk.SpecFlow.Bindings.BindingInvoker.InvokeBindingAsync(IBinding binding, IContextManager contextManager, Object[] arguments, ITestTracer testTracer, DurationHolder durationHolder)
   at TechTalk.SpecFlow.Infrastructure.TestExecutionEngine.ExecuteStepMatchAsync(BindingMatch match, Object[] arguments, DurationHolder durationHolder)
   at TechTalk.SpecFlow.Infrastructure.TestExecutionEngine.ExecuteStepAsync(IContextManager contextManager, StepInstance stepInstance)
   at TechTalk.SpecFlow.Infrastructure.TestExecutionEngine.OnAfterLastStepAsync()
   at TechTalk.SpecFlow.TestRunner.CollectScenarioErrorsAsync()
   at GetFitterGetBigger.API.IntegrationTests.Features.ReferenceData.DifficultyLevelsReferenceDataFeature.ScenarioCleanupAsync() in /home/esqueleto/myWork/GetFitterGetBigger/GetFitterGetBigger.API/GetFitterGetBigger.API.IntegrationTests/Features/ReferenceData/DifficultyLevels.feature.cs:line 74
   at GetFitterGetBigger.API.IntegrationTests.Features.ReferenceData.DifficultyLevelsReferenceDataFeature.GetDifficultyLevelByValidValue() in /home/esqueleto/myWork/GetFitterGetBigger/GetFitterGetBigger.API/GetFitterGetBigger.API.IntegrationTests/Features/ReferenceData/DifficultyLevels.feature.cs:line 239
   at Xunit.Sdk.TestInvoker`1.&lt;&gt;c__DisplayClass47_0.&lt;&lt;InvokeTestMethodAsync&gt;b__1&gt;d.MoveNext() in /_/src/xunit.execution/Sdk/Frameworks/Runners/TestInvoker.cs:line 259
--- End of stack trace from previous location ---
   at Xunit.Sdk.ExecutionTimer.AggregateAsync(Func`1 asyncAction) in /_/src/xunit.execution/Sdk/Frameworks/ExecutionTimer.cs:line 48
   at Xunit.Sdk.ExceptionAggregator.RunAsync(Func`1 code) in /_/src/xunit.core/Sdk/ExceptionAggregator.cs:line 90
dbug: Microsoft.EntityFrameworkCore.Database.Command[20103]
      Creating DbCommand for 'ExecuteReader'.
dbug: Microsoft.EntityFrameworkCore.Database.Command[20104]
      Created DbCommand for 'ExecuteReader' (0ms).
dbug: Microsoft.EntityFrameworkCore.Database.Command[20106]
      Initialized DbCommand for 'ExecuteReader' (0ms).
dbug: Microsoft.EntityFrameworkCore.Database.Command[20100]
      Executing DbCommand [Parameters=[], CommandType='Text', CommandTimeout='30']
      SELECT e."Id", e."CreatedAt", e."DisplayOrder", e."IsActive", e."LinkType", e."SourceExerciseId", e."TargetExerciseId", e."UpdatedAt"
      FROM "ExerciseLinks" AS e
info: Microsoft.EntityFrameworkCore.Database.Command[20101]
      Executed DbCommand (0ms) [Parameters=[], CommandType='Text', CommandTimeout='30']
      SELECT e."Id", e."CreatedAt", e."DisplayOrder", e."IsActive", e."LinkType", e."SourceExerciseId", e."TargetExerciseId", e."UpdatedAt"
      FROM "ExerciseLinks" AS e
info: 7/12/2025 16:06:31.761 RelationalEventId.CommandExecuted[20101] (Microsoft.EntityFrameworkCore.Database.Command) 
      Executed DbCommand (0ms) [Parameters=[], CommandType='Text', CommandTimeout='30']
      SELECT e."Id", e."CreatedAt", e."DisplayOrder", e."IsActive", e."LinkType", e."SourceExerciseId", e."TargetExerciseId", e."UpdatedAt"
      FROM "ExerciseLinks" AS e
dbug: Microsoft.EntityFrameworkCore.Database.Command[20301]
      Closing data reader to 'bddtestdb' on server 'tcp://127.0.0.1:33503'.
dbug: Microsoft.EntityFrameworkCore.Database.Command[20300]
      A data reader for 'bddtestdb' on server 'tcp://127.0.0.1:33503' is being disposed after spending 0ms reading results.
dbug: Microsoft.EntityFrameworkCore.Database.Command[20103]
      Creating DbCommand for 'ExecuteReader'.
dbug: Microsoft.EntityFrameworkCore.Database.Command[20104]
      Created DbCommand for 'ExecuteReader' (0ms).
dbug: Microsoft.EntityFrameworkCore.Database.Command[20106]
      Initialized DbCommand for 'ExecuteReader' (0ms).
dbug: Microsoft.EntityFrameworkCore.Database.Command[20100]
      Executing DbCommand [Parameters=[], CommandType='Text', CommandTimeout='30']
      SELECT e."Id", e."Description", e."DifficultyId", e."ExerciseWeightTypeId", e."ImageUrl", e."IsActive", e."IsUnilateral", e."KineticChainId", e."Name", e."VideoUrl"
      FROM "Exercises" AS e
info: Microsoft.EntityFrameworkCore.Database.Command[20101]
      Executed DbCommand (0ms) [Parameters=[], CommandType='Text', CommandTimeout='30']
      SELECT e."Id", e."Description", e."DifficultyId", e."ExerciseWeightTypeId", e."ImageUrl", e."IsActive", e."IsUnilateral", e."KineticChainId", e."Name", e."VideoUrl"
      FROM "Exercises" AS e
info: 7/12/2025 16:06:31.761 RelationalEventId.CommandExecuted[20101] (Microsoft.EntityFrameworkCore.Database.Command) 
      Executed DbCommand (0ms) [Parameters=[], CommandType='Text', CommandTimeout='30']
      SELECT e."Id", e."Description", e."DifficultyId", e."ExerciseWeightTypeId", e."ImageUrl", e."IsActive", e."IsUnilateral", e."KineticChainId", e."Name", e."VideoUrl"
      FROM "Exercises" AS e
dbug: Microsoft.EntityFrameworkCore.Database.Command[20301]
      Closing data reader to 'bddtestdb' on server 'tcp://127.0.0.1:33503'.
dbug: Microsoft.EntityFrameworkCore.Database.Command[20300]
      A data reader for 'bddtestdb' on server 'tcp://127.0.0.1:33503' is being disposed after spending 0ms reading results.
dbug: Microsoft.EntityFrameworkCore.Database.Command[20103]
      Creating DbCommand for 'ExecuteReader'.
dbug: Microsoft.EntityFrameworkCore.Database.Command[20104]
      Created DbCommand for 'ExecuteReader' (0ms).
dbug: Microsoft.EntityFrameworkCore.Database.Command[20106]
      Initialized DbCommand for 'ExecuteReader' (0ms).
dbug: Microsoft.EntityFrameworkCore.Database.Command[20100]
      Executing DbCommand [Parameters=[], CommandType='Text', CommandTimeout='30']
      SELECT e."Id", e."CreatedAt", e."DisplayOrder", e."IsActive", e."LinkType", e."SourceExerciseId", e."TargetExerciseId", e."UpdatedAt"
      FROM "ExerciseLinks" AS e
info: Microsoft.EntityFrameworkCore.Database.Command[20101]
      Executed DbCommand (0ms) [Parameters=[], CommandType='Text', CommandTimeout='30']
      SELECT e."Id", e."CreatedAt", e."DisplayOrder", e."IsActive", e."LinkType", e."SourceExerciseId", e."TargetExerciseId", e."UpdatedAt"
      FROM "ExerciseLinks" AS e
info: 7/12/2025 16:06:31.762 RelationalEventId.CommandExecuted[20101] (Microsoft.EntityFrameworkCore.Database.Command) 
      Executed DbCommand (0ms) [Parameters=[], CommandType='Text', CommandTimeout='30']
      SELECT e."Id", e."CreatedAt", e."DisplayOrder", e."IsActive", e."LinkType", e."SourceExerciseId", e."TargetExerciseId", e."UpdatedAt"
      FROM "ExerciseLinks" AS e
dbug: Microsoft.EntityFrameworkCore.Database.Command[20301]
      Closing data reader to 'bddtestdb' on server 'tcp://127.0.0.1:33503'.
dbug: Microsoft.EntityFrameworkCore.Database.Command[20300]
      A data reader for 'bddtestdb' on server 'tcp://127.0.0.1:33503' is being disposed after spending 0ms reading results.
dbug: Microsoft.EntityFrameworkCore.Database.Command[20103]
      Creating DbCommand for 'ExecuteReader'.
dbug: Microsoft.EntityFrameworkCore.Database.Command[20104]
      Created DbCommand for 'ExecuteReader' (0ms).
dbug: Microsoft.EntityFrameworkCore.Database.Command[20106]
      Initialized DbCommand for 'ExecuteReader' (0ms).
dbug: Microsoft.EntityFrameworkCore.Database.Command[20100]
      Executing DbCommand [Parameters=[], CommandType='Text', CommandTimeout='30']
      SELECT e."Id", e."Description", e."DifficultyId", e."ExerciseWeightTypeId", e."ImageUrl", e."IsActive", e."IsUnilateral", e."KineticChainId", e."Name", e."VideoUrl"
      FROM "Exercises" AS e
info: Microsoft.EntityFrameworkCore.Database.Command[20101]
      Executed DbCommand (0ms) [Parameters=[], CommandType='Text', CommandTimeout='30']
      SELECT e."Id", e."Description", e."DifficultyId", e."ExerciseWeightTypeId", e."ImageUrl", e."IsActive", e."IsUnilateral", e."KineticChainId", e."Name", e."VideoUrl"
      FROM "Exercises" AS e
info: 7/12/2025 16:06:31.762 RelationalEventId.CommandExecuted[20101] (Microsoft.EntityFrameworkCore.Database.Command) 
      Executed DbCommand (0ms) [Parameters=[], CommandType='Text', CommandTimeout='30']
      SELECT e."Id", e."Description", e."DifficultyId", e."ExerciseWeightTypeId", e."ImageUrl", e."IsActive", e."IsUnilateral", e."KineticChainId", e."Name", e."VideoUrl"
      FROM "Exercises" AS e
dbug: Microsoft.EntityFrameworkCore.Database.Command[20301]
      Closing data reader to 'bddtestdb' on server 'tcp://127.0.0.1:33503'.
dbug: Microsoft.EntityFrameworkCore.Database.Command[20300]
      A data reader for 'bddtestdb' on server 'tcp://127.0.0.1:33503' is being disposed after spending 0ms reading results.
dbug: Microsoft.EntityFrameworkCore.Database.Command[20103]
      Creating DbCommand for 'ExecuteScalar'.
dbug: Microsoft.EntityFrameworkCore.Database.Command[20104]
      Created DbCommand for 'ExecuteScalar' (0ms).
dbug: Microsoft.EntityFrameworkCore.Database.Command[20106]
      Initialized DbCommand for 'ExecuteScalar' (0ms).
dbug: Microsoft.EntityFrameworkCore.Database.Command[20100]
      Executing DbCommand [Parameters=[], CommandType='Text', CommandTimeout='30']
      SELECT CASE WHEN COUNT(*) = 0 THEN FALSE ELSE TRUE END
      FROM pg_class AS cls
      JOIN pg_namespace AS ns ON ns.oid = cls.relnamespace
      WHERE
              cls.relkind IN ('r', 'v', 'm', 'f', 'p') AND
              ns.nspname NOT IN ('pg_catalog', 'information_schema') AND
              -- Exclude tables which are members of PG extensions
              NOT EXISTS (
                  SELECT 1 FROM pg_depend WHERE
                      classid=(
                          SELECT cls.oid
                          FROM pg_class AS cls
                                   JOIN pg_namespace AS ns ON ns.oid = cls.relnamespace
                          WHERE relname='pg_class' AND ns.nspname='pg_catalog'
                      ) AND
                      objid=cls.oid AND
                      deptype IN ('e', 'x')
              )
info: Microsoft.EntityFrameworkCore.Database.Command[20101]
      Executed DbCommand (1ms) [Parameters=[], CommandType='Text', CommandTimeout='30']
      SELECT CASE WHEN COUNT(*) = 0 THEN FALSE ELSE TRUE END
      FROM pg_class AS cls
      JOIN pg_namespace AS ns ON ns.oid = cls.relnamespace
      WHERE
              cls.relkind IN ('r', 'v', 'm', 'f', 'p') AND
              ns.nspname NOT IN ('pg_catalog', 'information_schema') AND
              -- Exclude tables which are members of PG extensions
              NOT EXISTS (
                  SELECT 1 FROM pg_depend WHERE
                      classid=(
                          SELECT cls.oid
                          FROM pg_class AS cls
                                   JOIN pg_namespace AS ns ON ns.oid = cls.relnamespace
                          WHERE relname='pg_class' AND ns.nspname='pg_catalog'
                      ) AND
                      objid=cls.oid AND
                      deptype IN ('e', 'x')
              )
info: 7/12/2025 16:06:31.766 RelationalEventId.CommandExecuted[20101] (Microsoft.EntityFrameworkCore.Database.Command) 
      Executed DbCommand (1ms) [Parameters=[], CommandType='Text', CommandTimeout='30']
      SELECT CASE WHEN COUNT(*) = 0 THEN FALSE ELSE TRUE END
      FROM pg_class AS cls
      JOIN pg_namespace AS ns ON ns.oid = cls.relnamespace
      WHERE
              cls.relkind IN ('r', 'v', 'm', 'f', 'p') AND
              ns.nspname NOT IN ('pg_catalog', 'information_schema') AND
              -- Exclude tables which are members of PG extensions
              NOT EXISTS (
                  SELECT 1 FROM pg_depend WHERE
                      classid=(
                          SELECT cls.oid
                          FROM pg_class AS cls
                                   JOIN pg_namespace AS ns ON ns.oid = cls.relnamespace
                          WHERE relname='pg_class' AND ns.nspname='pg_catalog'
                      ) AND
                      objid=cls.oid AND
                      deptype IN ('e', 'x')
              )
dbug: Microsoft.EntityFrameworkCore.Database.Command[20103]
      Creating DbCommand for 'ExecuteReader'.
dbug: Microsoft.EntityFrameworkCore.Database.Command[20104]
      Created DbCommand for 'ExecuteReader' (0ms).
dbug: Microsoft.EntityFrameworkCore.Database.Command[20106]
      Initialized DbCommand for 'ExecuteReader' (0ms).
dbug: Microsoft.EntityFrameworkCore.Database.Command[20100]
      Executing DbCommand [Parameters=[], CommandType='Text', CommandTimeout='30']
      SELECT EXISTS (
          SELECT 1
          FROM "BodyParts" AS b)
info: Microsoft.EntityFrameworkCore.Database.Command[20101]
      Executed DbCommand (0ms) [Parameters=[], CommandType='Text', CommandTimeout='30']
      SELECT EXISTS (
          SELECT 1
          FROM "BodyParts" AS b)
info: 7/12/2025 16:06:31.766 RelationalEventId.CommandExecuted[20101] (Microsoft.EntityFrameworkCore.Database.Command) 
      Executed DbCommand (0ms) [Parameters=[], CommandType='Text', CommandTimeout='30']
      SELECT EXISTS (
          SELECT 1
          FROM "BodyParts" AS b)
dbug: Microsoft.EntityFrameworkCore.Database.Command[20301]
      Closing data reader to 'bddtestdb' on server 'tcp://127.0.0.1:33503'.
dbug: Microsoft.EntityFrameworkCore.Database.Command[20300]
      A data reader for 'bddtestdb' on server 'tcp://127.0.0.1:33503' is being disposed after spending 0ms reading results.
[xUnit.net 00:00:04.54]       Expected actualStatusCode to be 200 because expected status code 200 but got 404, but found 404 (difference of 204).
[xUnit.net 00:00:04.54]       Stack Trace:
[xUnit.net 00:00:04.54]            at FluentAssertions.Execution.XUnit2TestFramework.Throw(String message)
[xUnit.net 00:00:04.54]            at FluentAssertions.Execution.TestFrameworkProvider.Throw(String message)
[xUnit.net 00:00:04.54]            at FluentAssertions.Execution.DefaultAssertionStrategy.HandleFailure(String message)
[xUnit.net 00:00:04.54]            at FluentAssertions.Execution.AssertionScope.FailWith(Func`1 failReasonFunc)
[xUnit.net 00:00:04.54]            at FluentAssertions.Execution.AssertionScope.FailWith(Func`1 failReasonFunc)
[xUnit.net 00:00:04.54]            at FluentAssertions.Execution.AssertionScope.FailWith(String message, Object[] args)
[xUnit.net 00:00:04.54]            at FluentAssertions.Numeric.NumericAssertions`2.Be(T expected, String because, Object[] becauseArgs)
[xUnit.net 00:00:04.54]         /home/esqueleto/myWork/GetFitterGetBigger/GetFitterGetBigger.API/GetFitterGetBigger.API.IntegrationTests/StepDefinitions/Api/ResponseSteps.cs(24,0): at GetFitterGetBigger.API.IntegrationTests.StepDefinitions.Api.ResponseSteps.ThenTheResponseStatusShouldBe(Int32 expectedStatusCode)
[xUnit.net 00:00:04.54]            at InvokeStub_Action`2.Invoke(Object, Span`1)
[xUnit.net 00:00:04.54]            at System.Reflection.MethodBaseInvoker.InvokeWithFewArgs(Object obj, BindingFlags invokeAttr, Binder binder, Object[] parameters, CultureInfo culture)
[xUnit.net 00:00:04.54]         --- End of stack trace from previous location ---
[xUnit.net 00:00:04.54]            at TechTalk.SpecFlow.Bindings.BindingInvoker.InvokeBindingAsync(IBinding binding, IContextManager contextManager, Object[] arguments, ITestTracer testTracer, DurationHolder durationHolder)
[xUnit.net 00:00:04.54]            at TechTalk.SpecFlow.Infrastructure.TestExecutionEngine.ExecuteStepMatchAsync(BindingMatch match, Object[] arguments, DurationHolder durationHolder)
[xUnit.net 00:00:04.54]            at TechTalk.SpecFlow.Infrastructure.TestExecutionEngine.ExecuteStepAsync(IContextManager contextManager, StepInstance stepInstance)
[xUnit.net 00:00:04.54]            at TechTalk.SpecFlow.Infrastructure.TestExecutionEngine.OnAfterLastStepAsync()
[xUnit.net 00:00:04.54]            at TechTalk.SpecFlow.TestRunner.CollectScenarioErrorsAsync()
[xUnit.net 00:00:04.54]         /home/esqueleto/myWork/GetFitterGetBigger/GetFitterGetBigger.API/GetFitterGetBigger.API.IntegrationTests/Features/ReferenceData/DifficultyLevels.feature.cs(74,0): at GetFitterGetBigger.API.IntegrationTests.Features.ReferenceData.DifficultyLevelsReferenceDataFeature.ScenarioCleanupAsync()
[xUnit.net 00:00:04.54]         /home/esqueleto/myWork/GetFitterGetBigger/GetFitterGetBigger.API/GetFitterGetBigger.API.IntegrationTests/Features/ReferenceData/DifficultyLevels.feature.cs(239,0): at GetFitterGetBigger.API.IntegrationTests.Features.ReferenceData.DifficultyLevelsReferenceDataFeature.GetDifficultyLevelByValidValue()
[xUnit.net 00:00:04.54]         --- End of stack trace from previous location ---
[xUnit.net 00:00:04.54]       Output:
[xUnit.net 00:00:04.54]         -&gt; Initialized HttpClient for scenario: Get difficulty level by valid value
[xUnit.net 00:00:04.54]         Given the database is empty
[xUnit.net 00:00:04.54]         -&gt; Executing step: Given the database is empty
[xUnit.net 00:00:04.54]         -&gt; done: DatabaseSteps.GivenTheDatabaseIsEmpty() (0.0s)
[xUnit.net 00:00:04.54]         -&gt; Step result: Passed
[xUnit.net 00:00:04.54]         And the database has reference data
[xUnit.net 00:00:04.54]         -&gt; Executing step: Given the database has reference data
[xUnit.net 00:00:04.54]         -&gt; done: DatabaseSteps.GivenTheDatabaseHasReferenceData() (0.0s)
[xUnit.net 00:00:04.54]         -&gt; Step result: Passed
[xUnit.net 00:00:04.54]         Given I send a GET request to "/api/ReferenceTables/DifficultyLevels"
[xUnit.net 00:00:04.54]         -&gt; Executing step: Given I send a GET request to "/api/ReferenceTables/DifficultyLevels"
[xUnit.net 00:00:04.54]         -&gt; done: RequestSteps.WhenISendARequestTo("GET", "/api/ReferenceTab...") (0.0s)
[xUnit.net 00:00:04.54]         -&gt; Step result: Passed
[xUnit.net 00:00:04.54]         And the response contains at least 1 item
[xUnit.net 00:00:04.54]         -&gt; Executing step: Given the response contains at least 1 item
[xUnit.net 00:00:04.54]         -&gt; done: ResponseSteps.ThenTheResponseContainsAtLeastItems(1) (0.0s)
[xUnit.net 00:00:04.54]         -&gt; Step result: Passed
[xUnit.net 00:00:04.54]         And I store the first item from the response as "firstDifficultyLevel"
[xUnit.net 00:00:04.54]         -&gt; Executing step: Given I store the first item from the response as "firstDifficultyLevel"
[xUnit.net 00:00:04.54]         -&gt; done: ResponseSteps.ThenIStoreTheFirstItemFromTheResponseAs("firstDifficultyLevel") (0.0s)
[xUnit.net 00:00:04.54]         -&gt; Step result: Passed
[xUnit.net 00:00:04.54]         When I send a GET request to "/api/ReferenceTables/DifficultyLevels/ByValue/&lt;firstDifficultyLevel.Value&gt;"
[xUnit.net 00:00:04.54]         -&gt; Executing step: When I send a GET request to "/api/ReferenceTables/DifficultyLevels/ByValue/&lt;firstDifficultyLevel.Value&gt;"
[xUnit.net 00:00:04.54]         -&gt; done: RequestSteps.WhenISendARequestTo("GET", "/api/ReferenceTab...") (0.0s)
[xUnit.net 00:00:04.54]         -&gt; Step result: Passed
[xUnit.net 00:00:04.54]         Then the response status should be 200
[xUnit.net 00:00:04.54]         -&gt; Executing step: Then the response status should be 200
[xUnit.net 00:00:04.54]         -&gt; error: Expected actualStatusCode to be 200 because expected status code 200 but got 404, but found 404 (difference of 204). (0.0s)
[xUnit.net 00:00:04.54]         -&gt; Step result: Failed
[xUnit.net 00:00:04.54]         -&gt; Error: Expected actualStatusCode to be 200 because expected status code 200 but got 404, but found 404 (difference of 204).
[xUnit.net 00:00:04.54]         And the response should have property "value" with value "&lt;firstDifficultyLevel.Value&gt;"
[xUnit.net 00:00:04.54]         -&gt; skipped because of previous errors
dbug: Microsoft.EntityFrameworkCore.Database.Command[20103]
      Creating DbCommand for 'ExecuteScalar'.
dbug: Microsoft.EntityFrameworkCore.Database.Command[20104]
      Created DbCommand for 'ExecuteScalar' (0ms).
dbug: Microsoft.EntityFrameworkCore.Database.Command[20106]
      Initialized DbCommand for 'ExecuteScalar' (0ms).
dbug: Microsoft.EntityFrameworkCore.Database.Command[20100]
      Executing DbCommand [Parameters=[], CommandType='Text', CommandTimeout='30']
      SELECT CASE WHEN COUNT(*) = 0 THEN FALSE ELSE TRUE END
      FROM pg_class AS cls
      JOIN pg_namespace AS ns ON ns.oid = cls.relnamespace
      WHERE
              cls.relkind IN ('r', 'v', 'm', 'f', 'p') AND
              ns.nspname NOT IN ('pg_catalog', 'information_schema') AND
              -- Exclude tables which are members of PG extensions
              NOT EXISTS (
                  SELECT 1 FROM pg_depend WHERE
                      classid=(
                          SELECT cls.oid
                          FROM pg_class AS cls
                                   JOIN pg_namespace AS ns ON ns.oid = cls.relnamespace
                          WHERE relname='pg_class' AND ns.nspname='pg_catalog'
                      ) AND
                      objid=cls.oid AND
                      deptype IN ('e', 'x')
              )
info: Microsoft.EntityFrameworkCore.Database.Command[20101]
      Executed DbCommand (1ms) [Parameters=[], CommandType='Text', CommandTimeout='30']
      SELECT CASE WHEN COUNT(*) = 0 THEN FALSE ELSE TRUE END
      FROM pg_class AS cls
      JOIN pg_namespace AS ns ON ns.oid = cls.relnamespace
      WHERE
              cls.relkind IN ('r', 'v', 'm', 'f', 'p') AND
              ns.nspname NOT IN ('pg_catalog', 'information_schema') AND
              -- Exclude tables which are members of PG extensions
              NOT EXISTS (
                  SELECT 1 FROM pg_depend WHERE
                      classid=(
                          SELECT cls.oid
                          FROM pg_class AS cls
                                   JOIN pg_namespace AS ns ON ns.oid = cls.relnamespace
                          WHERE relname='pg_class' AND ns.nspname='pg_catalog'
                      ) AND
                      objid=cls.oid AND
                      deptype IN ('e', 'x')
              )
info: 7/12/2025 16:06:31.771 RelationalEventId.CommandExecuted[20101] (Microsoft.EntityFrameworkCore.Database.Command) 
      Executed DbCommand (1ms) [Parameters=[], CommandType='Text', CommandTimeout='30']
      SELECT CASE WHEN COUNT(*) = 0 THEN FALSE ELSE TRUE END
      FROM pg_class AS cls
      JOIN pg_namespace AS ns ON ns.oid = cls.relnamespace
      WHERE
              cls.relkind IN ('r', 'v', 'm', 'f', 'p') AND
              ns.nspname NOT IN ('pg_catalog', 'information_schema') AND
              -- Exclude tables which are members of PG extensions
              NOT EXISTS (
                  SELECT 1 FROM pg_depend WHERE
                      classid=(
                          SELECT cls.oid
                          FROM pg_class AS cls
                                   JOIN pg_namespace AS ns ON ns.oid = cls.relnamespace
                          WHERE relname='pg_class' AND ns.nspname='pg_catalog'
                      ) AND
                      objid=cls.oid AND
                      deptype IN ('e', 'x')
              )
dbug: Microsoft.EntityFrameworkCore.Database.Command[20103]
      Creating DbCommand for 'ExecuteReader'.
dbug: Microsoft.EntityFrameworkCore.Database.Command[20104]
      Created DbCommand for 'ExecuteReader' (0ms).
dbug: Microsoft.EntityFrameworkCore.Database.Command[20106]
      Initialized DbCommand for 'ExecuteReader' (0ms).
dbug: Microsoft.EntityFrameworkCore.Database.Command[20100]
      Executing DbCommand [Parameters=[], CommandType='Text', CommandTimeout='30']
      SELECT EXISTS (
          SELECT 1
          FROM "BodyParts" AS b)
info: Microsoft.EntityFrameworkCore.Database.Command[20101]
      Executed DbCommand (0ms) [Parameters=[], CommandType='Text', CommandTimeout='30']
      SELECT EXISTS (
          SELECT 1
          FROM "BodyParts" AS b)
info: 7/12/2025 16:06:31.772 RelationalEventId.CommandExecuted[20101] (Microsoft.EntityFrameworkCore.Database.Command) 
      Executed DbCommand (0ms) [Parameters=[], CommandType='Text', CommandTimeout='30']
      SELECT EXISTS (
          SELECT 1
          FROM "BodyParts" AS b)
dbug: Microsoft.EntityFrameworkCore.Database.Command[20301]
      Closing data reader to 'bddtestdb' on server 'tcp://127.0.0.1:33503'.
dbug: Microsoft.EntityFrameworkCore.Database.Command[20300]
      A data reader for 'bddtestdb' on server 'tcp://127.0.0.1:33503' is being disposed after spending 0ms reading results.
dbug: Microsoft.EntityFrameworkCore.Database.Command[20103]
      Creating DbCommand for 'ExecuteReader'.
dbug: Microsoft.EntityFrameworkCore.Database.Command[20104]
      Created DbCommand for 'ExecuteReader' (0ms).
dbug: Microsoft.EntityFrameworkCore.Database.Command[20106]
      Initialized DbCommand for 'ExecuteReader' (0ms).
dbug: Microsoft.EntityFrameworkCore.Database.Command[20100]
      Executing DbCommand [Parameters=[], CommandType='Text', CommandTimeout='30']
      SELECT e."Id", e."CreatedAt", e."DisplayOrder", e."IsActive", e."LinkType", e."SourceExerciseId", e."TargetExerciseId", e."UpdatedAt"
      FROM "ExerciseLinks" AS e
info: Microsoft.EntityFrameworkCore.Database.Command[20101]
      Executed DbCommand (0ms) [Parameters=[], CommandType='Text', CommandTimeout='30']
      SELECT e."Id", e."CreatedAt", e."DisplayOrder", e."IsActive", e."LinkType", e."SourceExerciseId", e."TargetExerciseId", e."UpdatedAt"
      FROM "ExerciseLinks" AS e
info: 7/12/2025 16:06:31.774 RelationalEventId.CommandExecuted[20101] (Microsoft.EntityFrameworkCore.Database.Command) 
      Executed DbCommand (0ms) [Parameters=[], CommandType='Text', CommandTimeout='30']
      SELECT e."Id", e."CreatedAt", e."DisplayOrder", e."IsActive", e."LinkType", e."SourceExerciseId", e."TargetExerciseId", e."UpdatedAt"
      FROM "ExerciseLinks" AS e
dbug: Microsoft.EntityFrameworkCore.Database.Command[20301]
      Closing data reader to 'bddtestdb' on server 'tcp://127.0.0.1:33503'.
dbug: Microsoft.EntityFrameworkCore.Database.Command[20300]
      A data reader for 'bddtestdb' on server 'tcp://127.0.0.1:33503' is being disposed after spending 0ms reading results.
dbug: Microsoft.EntityFrameworkCore.Database.Command[20103]
      Creating DbCommand for 'ExecuteReader'.
dbug: Microsoft.EntityFrameworkCore.Database.Command[20104]
      Created DbCommand for 'ExecuteReader' (0ms).
dbug: Microsoft.EntityFrameworkCore.Database.Command[20106]
      Initialized DbCommand for 'ExecuteReader' (0ms).
dbug: Microsoft.EntityFrameworkCore.Database.Command[20100]
      Executing DbCommand [Parameters=[], CommandType='Text', CommandTimeout='30']
      SELECT e."Id", e."Description", e."DifficultyId", e."ExerciseWeightTypeId", e."ImageUrl", e."IsActive", e."IsUnilateral", e."KineticChainId", e."Name", e."VideoUrl"
      FROM "Exercises" AS e
info: Microsoft.EntityFrameworkCore.Database.Command[20101]
      Executed DbCommand (0ms) [Parameters=[], CommandType='Text', CommandTimeout='30']
      SELECT e."Id", e."Description", e."DifficultyId", e."ExerciseWeightTypeId", e."ImageUrl", e."IsActive", e."IsUnilateral", e."KineticChainId", e."Name", e."VideoUrl"
      FROM "Exercises" AS e
info: 7/12/2025 16:06:31.775 RelationalEventId.CommandExecuted[20101] (Microsoft.EntityFrameworkCore.Database.Command) 
      Executed DbCommand (0ms) [Parameters=[], CommandType='Text', CommandTimeout='30']
      SELECT e."Id", e."Description", e."DifficultyId", e."ExerciseWeightTypeId", e."ImageUrl", e."IsActive", e."IsUnilateral", e."KineticChainId", e."Name", e."VideoUrl"
      FROM "Exercises" AS e
dbug: Microsoft.EntityFrameworkCore.Database.Command[20301]
      Closing data reader to 'bddtestdb' on server 'tcp://127.0.0.1:33503'.
dbug: Microsoft.EntityFrameworkCore.Database.Command[20300]
      A data reader for 'bddtestdb' on server 'tcp://127.0.0.1:33503' is being disposed after spending 0ms reading results.
dbug: Microsoft.EntityFrameworkCore.Database.Command[20103]
      Creating DbCommand for 'ExecuteScalar'.
dbug: Microsoft.EntityFrameworkCore.Database.Command[20104]
      Created DbCommand for 'ExecuteScalar' (0ms).
dbug: Microsoft.EntityFrameworkCore.Database.Command[20106]
      Initialized DbCommand for 'ExecuteScalar' (0ms).
dbug: Microsoft.EntityFrameworkCore.Database.Command[20100]
      Executing DbCommand [Parameters=[], CommandType='Text', CommandTimeout='30']
      SELECT CASE WHEN COUNT(*) = 0 THEN FALSE ELSE TRUE END
      FROM pg_class AS cls
      JOIN pg_namespace AS ns ON ns.oid = cls.relnamespace
      WHERE
              cls.relkind IN ('r', 'v', 'm', 'f', 'p') AND
              ns.nspname NOT IN ('pg_catalog', 'information_schema') AND
              -- Exclude tables which are members of PG extensions
              NOT EXISTS (
                  SELECT 1 FROM pg_depend WHERE
                      classid=(
                          SELECT cls.oid
                          FROM pg_class AS cls
                                   JOIN pg_namespace AS ns ON ns.oid = cls.relnamespace
                          WHERE relname='pg_class' AND ns.nspname='pg_catalog'
                      ) AND
                      objid=cls.oid AND
                      deptype IN ('e', 'x')
              )
info: Microsoft.EntityFrameworkCore.Database.Command[20101]
      Executed DbCommand (1ms) [Parameters=[], CommandType='Text', CommandTimeout='30']
      SELECT CASE WHEN COUNT(*) = 0 THEN FALSE ELSE TRUE END
      FROM pg_class AS cls
      JOIN pg_namespace AS ns ON ns.oid = cls.relnamespace
      WHERE
              cls.relkind IN ('r', 'v', 'm', 'f', 'p') AND
              ns.nspname NOT IN ('pg_catalog', 'information_schema') AND
              -- Exclude tables which are members of PG extensions
              NOT EXISTS (
                  SELECT 1 FROM pg_depend WHERE
                      classid=(
                          SELECT cls.oid
                          FROM pg_class AS cls
                                   JOIN pg_namespace AS ns ON ns.oid = cls.relnamespace
                          WHERE relname='pg_class' AND ns.nspname='pg_catalog'
                      ) AND
                      objid=cls.oid AND
                      deptype IN ('e', 'x')
              )
info: 7/12/2025 16:06:31.779 RelationalEventId.CommandExecuted[20101] (Microsoft.EntityFrameworkCore.Database.Command) 
      Executed DbCommand (1ms) [Parameters=[], CommandType='Text', CommandTimeout='30']
      SELECT CASE WHEN COUNT(*) = 0 THEN FALSE ELSE TRUE END
      FROM pg_class AS cls
      JOIN pg_namespace AS ns ON ns.oid = cls.relnamespace
      WHERE
              cls.relkind IN ('r', 'v', 'm', 'f', 'p') AND
              ns.nspname NOT IN ('pg_catalog', 'information_schema') AND
              -- Exclude tables which are members of PG extensions
              NOT EXISTS (
                  SELECT 1 FROM pg_depend WHERE
                      classid=(
                          SELECT cls.oid
                          FROM pg_class AS cls
                                   JOIN pg_namespace AS ns ON ns.oid = cls.relnamespace
                          WHERE relname='pg_class' AND ns.nspname='pg_catalog'
                      ) AND
                      objid=cls.oid AND
                      deptype IN ('e', 'x')
              )
dbug: Microsoft.EntityFrameworkCore.Database.Command[20103]
      Creating DbCommand for 'ExecuteReader'.
dbug: Microsoft.EntityFrameworkCore.Database.Command[20104]
      Created DbCommand for 'ExecuteReader' (0ms).
dbug: Microsoft.EntityFrameworkCore.Database.Command[20106]
      Initialized DbCommand for 'ExecuteReader' (0ms).
dbug: Microsoft.EntityFrameworkCore.Database.Command[20100]
      Executing DbCommand [Parameters=[], CommandType='Text', CommandTimeout='30']
      SELECT EXISTS (
          SELECT 1
          FROM "BodyParts" AS b)
info: Microsoft.EntityFrameworkCore.Database.Command[20101]
      Executed DbCommand (0ms) [Parameters=[], CommandType='Text', CommandTimeout='30']
      SELECT EXISTS (
          SELECT 1
          FROM "BodyParts" AS b)
info: 7/12/2025 16:06:31.779 RelationalEventId.CommandExecuted[20101] (Microsoft.EntityFrameworkCore.Database.Command) 
      Executed DbCommand (0ms) [Parameters=[], CommandType='Text', CommandTimeout='30']
      SELECT EXISTS (
          SELECT 1
          FROM "BodyParts" AS b)
dbug: Microsoft.EntityFrameworkCore.Database.Command[20301]
      Closing data reader to 'bddtestdb' on server 'tcp://127.0.0.1:33503'.
dbug: Microsoft.EntityFrameworkCore.Database.Command[20300]
      A data reader for 'bddtestdb' on server 'tcp://127.0.0.1:33503' is being disposed after spending 0ms reading results.
dbug: Microsoft.EntityFrameworkCore.Database.Command[20103]
      Creating DbCommand for 'ExecuteReader'.
dbug: Microsoft.EntityFrameworkCore.Database.Command[20104]
      Created DbCommand for 'ExecuteReader' (0ms).
dbug: Microsoft.EntityFrameworkCore.Database.Command[20106]
      Initialized DbCommand for 'ExecuteReader' (0ms).
dbug: Microsoft.EntityFrameworkCore.Database.Command[20100]
      Executing DbCommand [Parameters=[@__ToLower_0='nonexistentdifficultylevel'], CommandType='Text', CommandTimeout='30']
      SELECT d."Id", d."Description", d."DisplayOrder", d."IsActive", d."Value"
      FROM "DifficultyLevels" AS d
      WHERE lower(d."Value") = @__ToLower_0 AND d."IsActive"
      LIMIT 1
info: Microsoft.EntityFrameworkCore.Database.Command[20101]
      Executed DbCommand (0ms) [Parameters=[@__ToLower_0='nonexistentdifficultylevel'], CommandType='Text', CommandTimeout='30']
      SELECT d."Id", d."Description", d."DisplayOrder", d."IsActive", d."Value"
      FROM "DifficultyLevels" AS d
      WHERE lower(d."Value") = @__ToLower_0 AND d."IsActive"
      LIMIT 1
info: 7/12/2025 16:06:31.780 RelationalEventId.CommandExecuted[20101] (Microsoft.EntityFrameworkCore.Database.Command) 
      Executed DbCommand (0ms) [Parameters=[@__ToLower_0='nonexistentdifficultylevel'], CommandType='Text', CommandTimeout='30']
      SELECT d."Id", d."Description", d."DisplayOrder", d."IsActive", d."Value"
      FROM "DifficultyLevels" AS d
      WHERE lower(d."Value") = @__ToLower_0 AND d."IsActive"
      LIMIT 1
dbug: Microsoft.EntityFrameworkCore.Database.Command[20301]
      Closing data reader to 'bddtestdb' on server 'tcp://127.0.0.1:33503'.
dbug: Microsoft.EntityFrameworkCore.Database.Command[20300]
      A data reader for 'bddtestdb' on server 'tcp://127.0.0.1:33503' is being disposed after spending 0ms reading results.
dbug: Microsoft.EntityFrameworkCore.Database.Command[20103]
      Creating DbCommand for 'ExecuteReader'.
dbug: Microsoft.EntityFrameworkCore.Database.Command[20104]
      Created DbCommand for 'ExecuteReader' (0ms).
dbug: Microsoft.EntityFrameworkCore.Database.Command[20106]
      Initialized DbCommand for 'ExecuteReader' (0ms).
dbug: Microsoft.EntityFrameworkCore.Database.Command[20100]
      Executing DbCommand [Parameters=[], CommandType='Text', CommandTimeout='30']
      SELECT e."Id", e."CreatedAt", e."DisplayOrder", e."IsActive", e."LinkType", e."SourceExerciseId", e."TargetExerciseId", e."UpdatedAt"
      FROM "ExerciseLinks" AS e
info: Microsoft.EntityFrameworkCore.Database.Command[20101]
      Executed DbCommand (0ms) [Parameters=[], CommandType='Text', CommandTimeout='30']
      SELECT e."Id", e."CreatedAt", e."DisplayOrder", e."IsActive", e."LinkType", e."SourceExerciseId", e."TargetExerciseId", e."UpdatedAt"
      FROM "ExerciseLinks" AS e
info: 7/12/2025 16:06:31.782 RelationalEventId.CommandExecuted[20101] (Microsoft.EntityFrameworkCore.Database.Command) 
      Executed DbCommand (0ms) [Parameters=[], CommandType='Text', CommandTimeout='30']
      SELECT e."Id", e."CreatedAt", e."DisplayOrder", e."IsActive", e."LinkType", e."SourceExerciseId", e."TargetExerciseId", e."UpdatedAt"
      FROM "ExerciseLinks" AS e
dbug: Microsoft.EntityFrameworkCore.Database.Command[20301]
      Closing data reader to 'bddtestdb' on server 'tcp://127.0.0.1:33503'.
dbug: Microsoft.EntityFrameworkCore.Database.Command[20300]
      A data reader for 'bddtestdb' on server 'tcp://127.0.0.1:33503' is being disposed after spending 0ms reading results.
dbug: Microsoft.EntityFrameworkCore.Database.Command[20103]
      Creating DbCommand for 'ExecuteReader'.
dbug: Microsoft.EntityFrameworkCore.Database.Command[20104]
      Created DbCommand for 'ExecuteReader' (0ms).
dbug: Microsoft.EntityFrameworkCore.Database.Command[20106]
      Initialized DbCommand for 'ExecuteReader' (0ms).
dbug: Microsoft.EntityFrameworkCore.Database.Command[20100]
      Executing DbCommand [Parameters=[], CommandType='Text', CommandTimeout='30']
      SELECT e."Id", e."Description", e."DifficultyId", e."ExerciseWeightTypeId", e."ImageUrl", e."IsActive", e."IsUnilateral", e."KineticChainId", e."Name", e."VideoUrl"
      FROM "Exercises" AS e
info: Microsoft.EntityFrameworkCore.Database.Command[20101]
      Executed DbCommand (0ms) [Parameters=[], CommandType='Text', CommandTimeout='30']
      SELECT e."Id", e."Description", e."DifficultyId", e."ExerciseWeightTypeId", e."ImageUrl", e."IsActive", e."IsUnilateral", e."KineticChainId", e."Name", e."VideoUrl"
      FROM "Exercises" AS e
info: 7/12/2025 16:06:31.782 RelationalEventId.CommandExecuted[20101] (Microsoft.EntityFrameworkCore.Database.Command) 
      Executed DbCommand (0ms) [Parameters=[], CommandType='Text', CommandTimeout='30']
      SELECT e."Id", e."Description", e."DifficultyId", e."ExerciseWeightTypeId", e."ImageUrl", e."IsActive", e."IsUnilateral", e."KineticChainId", e."Name", e."VideoUrl"
      FROM "Exercises" AS e
dbug: Microsoft.EntityFrameworkCore.Database.Command[20301]
      Closing data reader to 'bddtestdb' on server 'tcp://127.0.0.1:33503'.
dbug: Microsoft.EntityFrameworkCore.Database.Command[20300]
      A data reader for 'bddtestdb' on server 'tcp://127.0.0.1:33503' is being disposed after spending 0ms reading results.
dbug: Microsoft.EntityFrameworkCore.Database.Command[20103]
      Creating DbCommand for 'ExecuteReader'.
dbug: Microsoft.EntityFrameworkCore.Database.Command[20104]
      Created DbCommand for 'ExecuteReader' (0ms).
dbug: Microsoft.EntityFrameworkCore.Database.Command[20106]
      Initialized DbCommand for 'ExecuteReader' (0ms).
dbug: Microsoft.EntityFrameworkCore.Database.Command[20100]
      Executing DbCommand [Parameters=[], CommandType='Text', CommandTimeout='30']
      SELECT e."Id", e."CreatedAt", e."DisplayOrder", e."IsActive", e."LinkType", e."SourceExerciseId", e."TargetExerciseId", e."UpdatedAt"
      FROM "ExerciseLinks" AS e
info: Microsoft.EntityFrameworkCore.Database.Command[20101]
      Executed DbCommand (0ms) [Parameters=[], CommandType='Text', CommandTimeout='30']
      SELECT e."Id", e."CreatedAt", e."DisplayOrder", e."IsActive", e."LinkType", e."SourceExerciseId", e."TargetExerciseId", e."UpdatedAt"
      FROM "ExerciseLinks" AS e
info: 7/12/2025 16:06:31.783 RelationalEventId.CommandExecuted[20101] (Microsoft.EntityFrameworkCore.Database.Command) 
      Executed DbCommand (0ms) [Parameters=[], CommandType='Text', CommandTimeout='30']
      SELECT e."Id", e."CreatedAt", e."DisplayOrder", e."IsActive", e."LinkType", e."SourceExerciseId", e."TargetExerciseId", e."UpdatedAt"
      FROM "ExerciseLinks" AS e
dbug: Microsoft.EntityFrameworkCore.Database.Command[20301]
      Closing data reader to 'bddtestdb' on server 'tcp://127.0.0.1:33503'.
dbug: Microsoft.EntityFrameworkCore.Database.Command[20300]
      A data reader for 'bddtestdb' on server 'tcp://127.0.0.1:33503' is being disposed after spending 0ms reading results.
dbug: Microsoft.EntityFrameworkCore.Database.Command[20103]
      Creating DbCommand for 'ExecuteReader'.
dbug: Microsoft.EntityFrameworkCore.Database.Command[20104]
      Created DbCommand for 'ExecuteReader' (0ms).
dbug: Microsoft.EntityFrameworkCore.Database.Command[20106]
      Initialized DbCommand for 'ExecuteReader' (0ms).
dbug: Microsoft.EntityFrameworkCore.Database.Command[20100]
      Executing DbCommand [Parameters=[], CommandType='Text', CommandTimeout='30']
      SELECT e."Id", e."Description", e."DifficultyId", e."ExerciseWeightTypeId", e."ImageUrl", e."IsActive", e."IsUnilateral", e."KineticChainId", e."Name", e."VideoUrl"
      FROM "Exercises" AS e
info: Microsoft.EntityFrameworkCore.Database.Command[20101]
      Executed DbCommand (0ms) [Parameters=[], CommandType='Text', CommandTimeout='30']
      SELECT e."Id", e."Description", e."DifficultyId", e."ExerciseWeightTypeId", e."ImageUrl", e."IsActive", e."IsUnilateral", e."KineticChainId", e."Name", e."VideoUrl"
      FROM "Exercises" AS e
info: 7/12/2025 16:06:31.783 RelationalEventId.CommandExecuted[20101] (Microsoft.EntityFrameworkCore.Database.Command) 
      Executed DbCommand (0ms) [Parameters=[], CommandType='Text', CommandTimeout='30']
      SELECT e."Id", e."Description", e."DifficultyId", e."ExerciseWeightTypeId", e."ImageUrl", e."IsActive", e."IsUnilateral", e."KineticChainId", e."Name", e."VideoUrl"
      FROM "Exercises" AS e
dbug: Microsoft.EntityFrameworkCore.Database.Command[20301]
      Closing data reader to 'bddtestdb' on server 'tcp://127.0.0.1:33503'.
dbug: Microsoft.EntityFrameworkCore.Database.Command[20300]
      A data reader for 'bddtestdb' on server 'tcp://127.0.0.1:33503' is being disposed after spending 0ms reading results.
dbug: Microsoft.EntityFrameworkCore.Database.Command[20103]
      Creating DbCommand for 'ExecuteScalar'.
dbug: Microsoft.EntityFrameworkCore.Database.Command[20104]
      Created DbCommand for 'ExecuteScalar' (0ms).
dbug: Microsoft.EntityFrameworkCore.Database.Command[20106]
      Initialized DbCommand for 'ExecuteScalar' (0ms).
dbug: Microsoft.EntityFrameworkCore.Database.Command[20100]
      Executing DbCommand [Parameters=[], CommandType='Text', CommandTimeout='30']
      SELECT CASE WHEN COUNT(*) = 0 THEN FALSE ELSE TRUE END
      FROM pg_class AS cls
      JOIN pg_namespace AS ns ON ns.oid = cls.relnamespace
      WHERE
              cls.relkind IN ('r', 'v', 'm', 'f', 'p') AND
              ns.nspname NOT IN ('pg_catalog', 'information_schema') AND
              -- Exclude tables which are members of PG extensions
              NOT EXISTS (
                  SELECT 1 FROM pg_depend WHERE
                      classid=(
                          SELECT cls.oid
                          FROM pg_class AS cls
                                   JOIN pg_namespace AS ns ON ns.oid = cls.relnamespace
                          WHERE relname='pg_class' AND ns.nspname='pg_catalog'
                      ) AND
                      objid=cls.oid AND
                      deptype IN ('e', 'x')
              )
info: Microsoft.EntityFrameworkCore.Database.Command[20101]
      Executed DbCommand (1ms) [Parameters=[], CommandType='Text', CommandTimeout='30']
      SELECT CASE WHEN COUNT(*) = 0 THEN FALSE ELSE TRUE END
      FROM pg_class AS cls
      JOIN pg_namespace AS ns ON ns.oid = cls.relnamespace
      WHERE
              cls.relkind IN ('r', 'v', 'm', 'f', 'p') AND
              ns.nspname NOT IN ('pg_catalog', 'information_schema') AND
              -- Exclude tables which are members of PG extensions
              NOT EXISTS (
                  SELECT 1 FROM pg_depend WHERE
                      classid=(
                          SELECT cls.oid
                          FROM pg_class AS cls
                                   JOIN pg_namespace AS ns ON ns.oid = cls.relnamespace
                          WHERE relname='pg_class' AND ns.nspname='pg_catalog'
                      ) AND
                      objid=cls.oid AND
                      deptype IN ('e', 'x')
              )
info: 7/12/2025 16:06:31.789 RelationalEventId.CommandExecuted[20101] (Microsoft.EntityFrameworkCore.Database.Command) 
      Executed DbCommand (1ms) [Parameters=[], CommandType='Text', CommandTimeout='30']
      SELECT CASE WHEN COUNT(*) = 0 THEN FALSE ELSE TRUE END
      FROM pg_class AS cls
      JOIN pg_namespace AS ns ON ns.oid = cls.relnamespace
      WHERE
              cls.relkind IN ('r', 'v', 'm', 'f', 'p') AND
              ns.nspname NOT IN ('pg_catalog', 'information_schema') AND
              -- Exclude tables which are members of PG extensions
              NOT EXISTS (
                  SELECT 1 FROM pg_depend WHERE
                      classid=(
                          SELECT cls.oid
                          FROM pg_class AS cls
                                   JOIN pg_namespace AS ns ON ns.oid = cls.relnamespace
                          WHERE relname='pg_class' AND ns.nspname='pg_catalog'
                      ) AND
                      objid=cls.oid AND
                      deptype IN ('e', 'x')
              )
dbug: Microsoft.EntityFrameworkCore.Database.Command[20103]
      Creating DbCommand for 'ExecuteReader'.
dbug: Microsoft.EntityFrameworkCore.Database.Command[20104]
      Created DbCommand for 'ExecuteReader' (0ms).
dbug: Microsoft.EntityFrameworkCore.Database.Command[20106]
      Initialized DbCommand for 'ExecuteReader' (0ms).
dbug: Microsoft.EntityFrameworkCore.Database.Command[20100]
      Executing DbCommand [Parameters=[], CommandType='Text', CommandTimeout='30']
      SELECT EXISTS (
          SELECT 1
          FROM "BodyParts" AS b)
info: Microsoft.EntityFrameworkCore.Database.Command[20101]
      Executed DbCommand (0ms) [Parameters=[], CommandType='Text', CommandTimeout='30']
      SELECT EXISTS (
          SELECT 1
          FROM "BodyParts" AS b)
info: 7/12/2025 16:06:31.789 RelationalEventId.CommandExecuted[20101] (Microsoft.EntityFrameworkCore.Database.Command) 
      Executed DbCommand (0ms) [Parameters=[], CommandType='Text', CommandTimeout='30']
      SELECT EXISTS (
          SELECT 1
          FROM "BodyParts" AS b)
dbug: Microsoft.EntityFrameworkCore.Database.Command[20301]
      Closing data reader to 'bddtestdb' on server 'tcp://127.0.0.1:33503'.
dbug: Microsoft.EntityFrameworkCore.Database.Command[20300]
      A data reader for 'bddtestdb' on server 'tcp://127.0.0.1:33503' is being disposed after spending 0ms reading results.
dbug: Microsoft.EntityFrameworkCore.Database.Command[20103]
      Creating DbCommand for 'ExecuteScalar'.
dbug: Microsoft.EntityFrameworkCore.Database.Command[20104]
      Created DbCommand for 'ExecuteScalar' (0ms).
dbug: Microsoft.EntityFrameworkCore.Database.Command[20106]
      Initialized DbCommand for 'ExecuteScalar' (0ms).
dbug: Microsoft.EntityFrameworkCore.Database.Command[20100]
      Executing DbCommand [Parameters=[], CommandType='Text', CommandTimeout='30']
      SELECT CASE WHEN COUNT(*) = 0 THEN FALSE ELSE TRUE END
      FROM pg_class AS cls
      JOIN pg_namespace AS ns ON ns.oid = cls.relnamespace
      WHERE
              cls.relkind IN ('r', 'v', 'm', 'f', 'p') AND
              ns.nspname NOT IN ('pg_catalog', 'information_schema') AND
              -- Exclude tables which are members of PG extensions
              NOT EXISTS (
                  SELECT 1 FROM pg_depend WHERE
                      classid=(
                          SELECT cls.oid
                          FROM pg_class AS cls
                                   JOIN pg_namespace AS ns ON ns.oid = cls.relnamespace
                          WHERE relname='pg_class' AND ns.nspname='pg_catalog'
                      ) AND
                      objid=cls.oid AND
                      deptype IN ('e', 'x')
              )
info: Microsoft.EntityFrameworkCore.Database.Command[20101]
      Executed DbCommand (1ms) [Parameters=[], CommandType='Text', CommandTimeout='30']
      SELECT CASE WHEN COUNT(*) = 0 THEN FALSE ELSE TRUE END
      FROM pg_class AS cls
      JOIN pg_namespace AS ns ON ns.oid = cls.relnamespace
      WHERE
              cls.relkind IN ('r', 'v', 'm', 'f', 'p') AND
              ns.nspname NOT IN ('pg_catalog', 'information_schema') AND
              -- Exclude tables which are members of PG extensions
              NOT EXISTS (
                  SELECT 1 FROM pg_depend WHERE
                      classid=(
                          SELECT cls.oid
                          FROM pg_class AS cls
                                   JOIN pg_namespace AS ns ON ns.oid = cls.relnamespace
                          WHERE relname='pg_class' AND ns.nspname='pg_catalog'
                      ) AND
                      objid=cls.oid AND
                      deptype IN ('e', 'x')
              )
info: 7/12/2025 16:06:31.795 RelationalEventId.CommandExecuted[20101] (Microsoft.EntityFrameworkCore.Database.Command) 
      Executed DbCommand (1ms) [Parameters=[], CommandType='Text', CommandTimeout='30']
      SELECT CASE WHEN COUNT(*) = 0 THEN FALSE ELSE TRUE END
      FROM pg_class AS cls
      JOIN pg_namespace AS ns ON ns.oid = cls.relnamespace
      WHERE
              cls.relkind IN ('r', 'v', 'm', 'f', 'p') AND
              ns.nspname NOT IN ('pg_catalog', 'information_schema') AND
              -- Exclude tables which are members of PG extensions
              NOT EXISTS (
                  SELECT 1 FROM pg_depend WHERE
                      classid=(
                          SELECT cls.oid
                          FROM pg_class AS cls
                                   JOIN pg_namespace AS ns ON ns.oid = cls.relnamespace
                          WHERE relname='pg_class' AND ns.nspname='pg_catalog'
                      ) AND
                      objid=cls.oid AND
                      deptype IN ('e', 'x')
              )
dbug: Microsoft.EntityFrameworkCore.Database.Command[20103]
      Creating DbCommand for 'ExecuteReader'.
dbug: Microsoft.EntityFrameworkCore.Database.Command[20104]
      Created DbCommand for 'ExecuteReader' (0ms).
dbug: Microsoft.EntityFrameworkCore.Database.Command[20106]
      Initialized DbCommand for 'ExecuteReader' (0ms).
dbug: Microsoft.EntityFrameworkCore.Database.Command[20100]
      Executing DbCommand [Parameters=[], CommandType='Text', CommandTimeout='30']
      SELECT EXISTS (
          SELECT 1
          FROM "BodyParts" AS b)
info: Microsoft.EntityFrameworkCore.Database.Command[20101]
      Executed DbCommand (0ms) [Parameters=[], CommandType='Text', CommandTimeout='30']
      SELECT EXISTS (
          SELECT 1
          FROM "BodyParts" AS b)
info: 7/12/2025 16:06:31.795 RelationalEventId.CommandExecuted[20101] (Microsoft.EntityFrameworkCore.Database.Command) 
      Executed DbCommand (0ms) [Parameters=[], CommandType='Text', CommandTimeout='30']
      SELECT EXISTS (
          SELECT 1
          FROM "BodyParts" AS b)
dbug: Microsoft.EntityFrameworkCore.Database.Command[20301]
      Closing data reader to 'bddtestdb' on server 'tcp://127.0.0.1:33503'.
dbug: Microsoft.EntityFrameworkCore.Database.Command[20300]
      A data reader for 'bddtestdb' on server 'tcp://127.0.0.1:33503' is being disposed after spending 0ms reading results.
dbug: Microsoft.EntityFrameworkCore.Database.Command[20103]
      Creating DbCommand for 'ExecuteReader'.
dbug: Microsoft.EntityFrameworkCore.Database.Command[20104]
      Created DbCommand for 'ExecuteReader' (0ms).
dbug: Microsoft.EntityFrameworkCore.Database.Command[20106]
      Initialized DbCommand for 'ExecuteReader' (0ms).
dbug: Microsoft.EntityFrameworkCore.Database.Command[20100]
      Executing DbCommand [Parameters=[], CommandType='Text', CommandTimeout='30']
      SELECT e."Id", e."CreatedAt", e."DisplayOrder", e."IsActive", e."LinkType", e."SourceExerciseId", e."TargetExerciseId", e."UpdatedAt"
      FROM "ExerciseLinks" AS e
info: Microsoft.EntityFrameworkCore.Database.Command[20101]
      Executed DbCommand (0ms) [Parameters=[], CommandType='Text', CommandTimeout='30']
      SELECT e."Id", e."CreatedAt", e."DisplayOrder", e."IsActive", e."LinkType", e."SourceExerciseId", e."TargetExerciseId", e."UpdatedAt"
      FROM "ExerciseLinks" AS e
info: 7/12/2025 16:06:31.798 RelationalEventId.CommandExecuted[20101] (Microsoft.EntityFrameworkCore.Database.Command) 
      Executed DbCommand (0ms) [Parameters=[], CommandType='Text', CommandTimeout='30']
      SELECT e."Id", e."CreatedAt", e."DisplayOrder", e."IsActive", e."LinkType", e."SourceExerciseId", e."TargetExerciseId", e."UpdatedAt"
      FROM "ExerciseLinks" AS e
dbug: Microsoft.EntityFrameworkCore.Database.Command[20301]
      Closing data reader to 'bddtestdb' on server 'tcp://127.0.0.1:33503'.
dbug: Microsoft.EntityFrameworkCore.Database.Command[20300]
      A data reader for 'bddtestdb' on server 'tcp://127.0.0.1:33503' is being disposed after spending 0ms reading results.
dbug: Microsoft.EntityFrameworkCore.Database.Command[20103]
      Creating DbCommand for 'ExecuteReader'.
dbug: Microsoft.EntityFrameworkCore.Database.Command[20104]
      Created DbCommand for 'ExecuteReader' (0ms).
dbug: Microsoft.EntityFrameworkCore.Database.Command[20106]
      Initialized DbCommand for 'ExecuteReader' (0ms).
dbug: Microsoft.EntityFrameworkCore.Database.Command[20100]
      Executing DbCommand [Parameters=[], CommandType='Text', CommandTimeout='30']
      SELECT e."Id", e."Description", e."DifficultyId", e."ExerciseWeightTypeId", e."ImageUrl", e."IsActive", e."IsUnilateral", e."KineticChainId", e."Name", e."VideoUrl"
      FROM "Exercises" AS e
info: Microsoft.EntityFrameworkCore.Database.Command[20101]
      Executed DbCommand (0ms) [Parameters=[], CommandType='Text', CommandTimeout='30']
      SELECT e."Id", e."Description", e."DifficultyId", e."ExerciseWeightTypeId", e."ImageUrl", e."IsActive", e."IsUnilateral", e."KineticChainId", e."Name", e."VideoUrl"
      FROM "Exercises" AS e
info: 7/12/2025 16:06:31.798 RelationalEventId.CommandExecuted[20101] (Microsoft.EntityFrameworkCore.Database.Command) 
      Executed DbCommand (0ms) [Parameters=[], CommandType='Text', CommandTimeout='30']
      SELECT e."Id", e."Description", e."DifficultyId", e."ExerciseWeightTypeId", e."ImageUrl", e."IsActive", e."IsUnilateral", e."KineticChainId", e."Name", e."VideoUrl"
      FROM "Exercises" AS e
dbug: Microsoft.EntityFrameworkCore.Database.Command[20301]
      Closing data reader to 'bddtestdb' on server 'tcp://127.0.0.1:33503'.
dbug: Microsoft.EntityFrameworkCore.Database.Command[20300]
      A data reader for 'bddtestdb' on server 'tcp://127.0.0.1:33503' is being disposed after spending 0ms reading results.
dbug: Microsoft.EntityFrameworkCore.Database.Command[20103]
      Creating DbCommand for 'ExecuteScalar'.
dbug: Microsoft.EntityFrameworkCore.Database.Command[20104]
      Created DbCommand for 'ExecuteScalar' (0ms).
dbug: Microsoft.EntityFrameworkCore.Database.Command[20106]
      Initialized DbCommand for 'ExecuteScalar' (0ms).
dbug: Microsoft.EntityFrameworkCore.Database.Command[20100]
      Executing DbCommand [Parameters=[], CommandType='Text', CommandTimeout='30']
      SELECT CASE WHEN COUNT(*) = 0 THEN FALSE ELSE TRUE END
      FROM pg_class AS cls
      JOIN pg_namespace AS ns ON ns.oid = cls.relnamespace
      WHERE
              cls.relkind IN ('r', 'v', 'm', 'f', 'p') AND
              ns.nspname NOT IN ('pg_catalog', 'information_schema') AND
              -- Exclude tables which are members of PG extensions
              NOT EXISTS (
                  SELECT 1 FROM pg_depend WHERE
                      classid=(
                          SELECT cls.oid
                          FROM pg_class AS cls
                                   JOIN pg_namespace AS ns ON ns.oid = cls.relnamespace
                          WHERE relname='pg_class' AND ns.nspname='pg_catalog'
                      ) AND
                      objid=cls.oid AND
                      deptype IN ('e', 'x')
              )
info: Microsoft.EntityFrameworkCore.Database.Command[20101]
      Executed DbCommand (1ms) [Parameters=[], CommandType='Text', CommandTimeout='30']
      SELECT CASE WHEN COUNT(*) = 0 THEN FALSE ELSE TRUE END
      FROM pg_class AS cls
      JOIN pg_namespace AS ns ON ns.oid = cls.relnamespace
      WHERE
              cls.relkind IN ('r', 'v', 'm', 'f', 'p') AND
              ns.nspname NOT IN ('pg_catalog', 'information_schema') AND
              -- Exclude tables which are members of PG extensions
              NOT EXISTS (
                  SELECT 1 FROM pg_depend WHERE
                      classid=(
                          SELECT cls.oid
                          FROM pg_class AS cls
                                   JOIN pg_namespace AS ns ON ns.oid = cls.relnamespace
                          WHERE relname='pg_class' AND ns.nspname='pg_catalog'
                      ) AND
                      objid=cls.oid AND
                      deptype IN ('e', 'x')
              )
info: 7/12/2025 16:06:31.803 RelationalEventId.CommandExecuted[20101] (Microsoft.EntityFrameworkCore.Database.Command) 
      Executed DbCommand (1ms) [Parameters=[], CommandType='Text', CommandTimeout='30']
      SELECT CASE WHEN COUNT(*) = 0 THEN FALSE ELSE TRUE END
      FROM pg_class AS cls
      JOIN pg_namespace AS ns ON ns.oid = cls.relnamespace
      WHERE
              cls.relkind IN ('r', 'v', 'm', 'f', 'p') AND
              ns.nspname NOT IN ('pg_catalog', 'information_schema') AND
              -- Exclude tables which are members of PG extensions
              NOT EXISTS (
                  SELECT 1 FROM pg_depend WHERE
                      classid=(
                          SELECT cls.oid
                          FROM pg_class AS cls
                                   JOIN pg_namespace AS ns ON ns.oid = cls.relnamespace
                          WHERE relname='pg_class' AND ns.nspname='pg_catalog'
                      ) AND
                      objid=cls.oid AND
                      deptype IN ('e', 'x')
              )
dbug: Microsoft.EntityFrameworkCore.Database.Command[20103]
      Creating DbCommand for 'ExecuteReader'.
dbug: Microsoft.EntityFrameworkCore.Database.Command[20104]
      Created DbCommand for 'ExecuteReader' (0ms).
dbug: Microsoft.EntityFrameworkCore.Database.Command[20106]
      Initialized DbCommand for 'ExecuteReader' (0ms).
dbug: Microsoft.EntityFrameworkCore.Database.Command[20100]
      Executing DbCommand [Parameters=[], CommandType='Text', CommandTimeout='30']
      SELECT EXISTS (
          SELECT 1
          FROM "BodyParts" AS b)
info: Microsoft.EntityFrameworkCore.Database.Command[20101]
      Executed DbCommand (0ms) [Parameters=[], CommandType='Text', CommandTimeout='30']
      SELECT EXISTS (
          SELECT 1
          FROM "BodyParts" AS b)
info: 7/12/2025 16:06:31.804 RelationalEventId.CommandExecuted[20101] (Microsoft.EntityFrameworkCore.Database.Command) 
      Executed DbCommand (0ms) [Parameters=[], CommandType='Text', CommandTimeout='30']
      SELECT EXISTS (
          SELECT 1
          FROM "BodyParts" AS b)
dbug: Microsoft.EntityFrameworkCore.Database.Command[20301]
      Closing data reader to 'bddtestdb' on server 'tcp://127.0.0.1:33503'.
dbug: Microsoft.EntityFrameworkCore.Database.Command[20300]
      A data reader for 'bddtestdb' on server 'tcp://127.0.0.1:33503' is being disposed after spending 0ms reading results.
dbug: Microsoft.EntityFrameworkCore.Database.Command[20103]
      Creating DbCommand for 'ExecuteReader'.
dbug: Microsoft.EntityFrameworkCore.Database.Command[20104]
      Created DbCommand for 'ExecuteReader' (0ms).
dbug: Microsoft.EntityFrameworkCore.Database.Command[20106]
      Initialized DbCommand for 'ExecuteReader' (0ms).
dbug: Microsoft.EntityFrameworkCore.Database.Command[20100]
      Executing DbCommand [Parameters=[@__p_0='00000000-0000-0000-0000-000000000000' (Nullable = true)], CommandType='Text', CommandTimeout='30']
      SELECT d."Id", d."Description", d."DisplayOrder", d."IsActive", d."Value"
      FROM "DifficultyLevels" AS d
      WHERE d."Id" = @__p_0
      LIMIT 1
info: Microsoft.EntityFrameworkCore.Database.Command[20101]
      Executed DbCommand (1ms) [Parameters=[@__p_0='00000000-0000-0000-0000-000000000000' (Nullable = true)], CommandType='Text', CommandTimeout='30']
      SELECT d."Id", d."Description", d."DisplayOrder", d."IsActive", d."Value"
      FROM "DifficultyLevels" AS d
      WHERE d."Id" = @__p_0
      LIMIT 1
info: 7/12/2025 16:06:31.813 RelationalEventId.CommandExecuted[20101] (Microsoft.EntityFrameworkCore.Database.Command) 
      Executed DbCommand (1ms) [Parameters=[@__p_0='00000000-0000-0000-0000-000000000000' (Nullable = true)], CommandType='Text', CommandTimeout='30']
      SELECT d."Id", d."Description", d."DisplayOrder", d."IsActive", d."Value"
      FROM "DifficultyLevels" AS d
      WHERE d."Id" = @__p_0
      LIMIT 1
dbug: Microsoft.EntityFrameworkCore.Database.Command[20301]
      Closing data reader to 'bddtestdb' on server 'tcp://127.0.0.1:33503'.
dbug: Microsoft.EntityFrameworkCore.Database.Command[20300]
      A data reader for 'bddtestdb' on server 'tcp://127.0.0.1:33503' is being disposed after spending 0ms reading results.
dbug: Microsoft.EntityFrameworkCore.Database.Command[20103]
      Creating DbCommand for 'ExecuteReader'.
dbug: Microsoft.EntityFrameworkCore.Database.Command[20104]
      Created DbCommand for 'ExecuteReader' (0ms).
dbug: Microsoft.EntityFrameworkCore.Database.Command[20106]
      Initialized DbCommand for 'ExecuteReader' (0ms).
dbug: Microsoft.EntityFrameworkCore.Database.Command[20100]
      Executing DbCommand [Parameters=[], CommandType='Text', CommandTimeout='30']
      SELECT e."Id", e."CreatedAt", e."DisplayOrder", e."IsActive", e."LinkType", e."SourceExerciseId", e."TargetExerciseId", e."UpdatedAt"
      FROM "ExerciseLinks" AS e
info: Microsoft.EntityFrameworkCore.Database.Command[20101]
      Executed DbCommand (0ms) [Parameters=[], CommandType='Text', CommandTimeout='30']
      SELECT e."Id", e."CreatedAt", e."DisplayOrder", e."IsActive", e."LinkType", e."SourceExerciseId", e."TargetExerciseId", e."UpdatedAt"
      FROM "ExerciseLinks" AS e
info: 7/12/2025 16:06:31.815 RelationalEventId.CommandExecuted[20101] (Microsoft.EntityFrameworkCore.Database.Command) 
      Executed DbCommand (0ms) [Parameters=[], CommandType='Text', CommandTimeout='30']
      SELECT e."Id", e."CreatedAt", e."DisplayOrder", e."IsActive", e."LinkType", e."SourceExerciseId", e."TargetExerciseId", e."UpdatedAt"
      FROM "ExerciseLinks" AS e
dbug: Microsoft.EntityFrameworkCore.Database.Command[20301]
      Closing data reader to 'bddtestdb' on server 'tcp://127.0.0.1:33503'.
dbug: Microsoft.EntityFrameworkCore.Database.Command[20300]
      A data reader for 'bddtestdb' on server 'tcp://127.0.0.1:33503' is being disposed after spending 0ms reading results.
dbug: Microsoft.EntityFrameworkCore.Database.Command[20103]
      Creating DbCommand for 'ExecuteReader'.
dbug: Microsoft.EntityFrameworkCore.Database.Command[20104]
      Created DbCommand for 'ExecuteReader' (0ms).
dbug: Microsoft.EntityFrameworkCore.Database.Command[20106]
      Initialized DbCommand for 'ExecuteReader' (0ms).
dbug: Microsoft.EntityFrameworkCore.Database.Command[20100]
      Executing DbCommand [Parameters=[], CommandType='Text', CommandTimeout='30']
      SELECT e."Id", e."Description", e."DifficultyId", e."ExerciseWeightTypeId", e."ImageUrl", e."IsActive", e."IsUnilateral", e."KineticChainId", e."Name", e."VideoUrl"
      FROM "Exercises" AS e
info: Microsoft.EntityFrameworkCore.Database.Command[20101]
      Executed DbCommand (0ms) [Parameters=[], CommandType='Text', CommandTimeout='30']
      SELECT e."Id", e."Description", e."DifficultyId", e."ExerciseWeightTypeId", e."ImageUrl", e."IsActive", e."IsUnilateral", e."KineticChainId", e."Name", e."VideoUrl"
      FROM "Exercises" AS e
info: 7/12/2025 16:06:31.815 RelationalEventId.CommandExecuted[20101] (Microsoft.EntityFrameworkCore.Database.Command) 
      Executed DbCommand (0ms) [Parameters=[], CommandType='Text', CommandTimeout='30']
      SELECT e."Id", e."Description", e."DifficultyId", e."ExerciseWeightTypeId", e."ImageUrl", e."IsActive", e."IsUnilateral", e."KineticChainId", e."Name", e."VideoUrl"
      FROM "Exercises" AS e
dbug: Microsoft.EntityFrameworkCore.Database.Command[20301]
      Closing data reader to 'bddtestdb' on server 'tcp://127.0.0.1:33503'.
dbug: Microsoft.EntityFrameworkCore.Database.Command[20300]
      A data reader for 'bddtestdb' on server 'tcp://127.0.0.1:33503' is being disposed after spending 0ms reading results.
dbug: Microsoft.EntityFrameworkCore.Database.Command[20103]
      Creating DbCommand for 'ExecuteReader'.
dbug: Microsoft.EntityFrameworkCore.Database.Command[20104]
      Created DbCommand for 'ExecuteReader' (0ms).
dbug: Microsoft.EntityFrameworkCore.Database.Command[20106]
      Initialized DbCommand for 'ExecuteReader' (0ms).
dbug: Microsoft.EntityFrameworkCore.Database.Command[20100]
      Executing DbCommand [Parameters=[], CommandType='Text', CommandTimeout='30']
      SELECT e."Id", e."CreatedAt", e."DisplayOrder", e."IsActive", e."LinkType", e."SourceExerciseId", e."TargetExerciseId", e."UpdatedAt"
      FROM "ExerciseLinks" AS e
info: Microsoft.EntityFrameworkCore.Database.Command[20101]
      Executed DbCommand (0ms) [Parameters=[], CommandType='Text', CommandTimeout='30']
      SELECT e."Id", e."CreatedAt", e."DisplayOrder", e."IsActive", e."LinkType", e."SourceExerciseId", e."TargetExerciseId", e."UpdatedAt"
      FROM "ExerciseLinks" AS e
info: 7/12/2025 16:06:31.815 RelationalEventId.CommandExecuted[20101] (Microsoft.EntityFrameworkCore.Database.Command) 
      Executed DbCommand (0ms) [Parameters=[], CommandType='Text', CommandTimeout='30']
      SELECT e."Id", e."CreatedAt", e."DisplayOrder", e."IsActive", e."LinkType", e."SourceExerciseId", e."TargetExerciseId", e."UpdatedAt"
      FROM "ExerciseLinks" AS e
dbug: Microsoft.EntityFrameworkCore.Database.Command[20301]
      Closing data reader to 'bddtestdb' on server 'tcp://127.0.0.1:33503'.
dbug: Microsoft.EntityFrameworkCore.Database.Command[20300]
      A data reader for 'bddtestdb' on server 'tcp://127.0.0.1:33503' is being disposed after spending 0ms reading results.
dbug: Microsoft.EntityFrameworkCore.Database.Command[20103]
      Creating DbCommand for 'ExecuteReader'.
dbug: Microsoft.EntityFrameworkCore.Database.Command[20104]
      Created DbCommand for 'ExecuteReader' (0ms).
dbug: Microsoft.EntityFrameworkCore.Database.Command[20106]
      Initialized DbCommand for 'ExecuteReader' (0ms).
dbug: Microsoft.EntityFrameworkCore.Database.Command[20100]
      Executing DbCommand [Parameters=[], CommandType='Text', CommandTimeout='30']
      SELECT e."Id", e."Description", e."DifficultyId", e."ExerciseWeightTypeId", e."ImageUrl", e."IsActive", e."IsUnilateral", e."KineticChainId", e."Name", e."VideoUrl"
      FROM "Exercises" AS e
info: Microsoft.EntityFrameworkCore.Database.Command[20101]
      Executed DbCommand (0ms) [Parameters=[], CommandType='Text', CommandTimeout='30']
      SELECT e."Id", e."Description", e."DifficultyId", e."ExerciseWeightTypeId", e."ImageUrl", e."IsActive", e."IsUnilateral", e."KineticChainId", e."Name", e."VideoUrl"
      FROM "Exercises" AS e
info: 7/12/2025 16:06:31.816 RelationalEventId.CommandExecuted[20101] (Microsoft.EntityFrameworkCore.Database.Command) 
      Executed DbCommand (0ms) [Parameters=[], CommandType='Text', CommandTimeout='30']
      SELECT e."Id", e."Description", e."DifficultyId", e."ExerciseWeightTypeId", e."ImageUrl", e."IsActive", e."IsUnilateral", e."KineticChainId", e."Name", e."VideoUrl"
      FROM "Exercises" AS e
dbug: Microsoft.EntityFrameworkCore.Database.Command[20301]
      Closing data reader to 'bddtestdb' on server 'tcp://127.0.0.1:33503'.
dbug: Microsoft.EntityFrameworkCore.Database.Command[20300]
      A data reader for 'bddtestdb' on server 'tcp://127.0.0.1:33503' is being disposed after spending 0ms reading results.
dbug: Microsoft.EntityFrameworkCore.Database.Command[20103]
      Creating DbCommand for 'ExecuteScalar'.
dbug: Microsoft.EntityFrameworkCore.Database.Command[20104]
      Created DbCommand for 'ExecuteScalar' (0ms).
dbug: Microsoft.EntityFrameworkCore.Database.Command[20106]
      Initialized DbCommand for 'ExecuteScalar' (0ms).
dbug: Microsoft.EntityFrameworkCore.Database.Command[20100]
      Executing DbCommand [Parameters=[], CommandType='Text', CommandTimeout='30']
      SELECT CASE WHEN COUNT(*) = 0 THEN FALSE ELSE TRUE END
      FROM pg_class AS cls
      JOIN pg_namespace AS ns ON ns.oid = cls.relnamespace
      WHERE
              cls.relkind IN ('r', 'v', 'm', 'f', 'p') AND
              ns.nspname NOT IN ('pg_catalog', 'information_schema') AND
              -- Exclude tables which are members of PG extensions
              NOT EXISTS (
                  SELECT 1 FROM pg_depend WHERE
                      classid=(
                          SELECT cls.oid
                          FROM pg_class AS cls
                                   JOIN pg_namespace AS ns ON ns.oid = cls.relnamespace
                          WHERE relname='pg_class' AND ns.nspname='pg_catalog'
                      ) AND
                      objid=cls.oid AND
                      deptype IN ('e', 'x')
              )
info: Microsoft.EntityFrameworkCore.Database.Command[20101]
      Executed DbCommand (1ms) [Parameters=[], CommandType='Text', CommandTimeout='30']
      SELECT CASE WHEN COUNT(*) = 0 THEN FALSE ELSE TRUE END
      FROM pg_class AS cls
      JOIN pg_namespace AS ns ON ns.oid = cls.relnamespace
      WHERE
              cls.relkind IN ('r', 'v', 'm', 'f', 'p') AND
              ns.nspname NOT IN ('pg_catalog', 'information_schema') AND
              -- Exclude tables which are members of PG extensions
              NOT EXISTS (
                  SELECT 1 FROM pg_depend WHERE
                      classid=(
                          SELECT cls.oid
                          FROM pg_class AS cls
                                   JOIN pg_namespace AS ns ON ns.oid = cls.relnamespace
                          WHERE relname='pg_class' AND ns.nspname='pg_catalog'
                      ) AND
                      objid=cls.oid AND
                      deptype IN ('e', 'x')
              )
info: 7/12/2025 16:06:31.820 RelationalEventId.CommandExecuted[20101] (Microsoft.EntityFrameworkCore.Database.Command) 
      Executed DbCommand (1ms) [Parameters=[], CommandType='Text', CommandTimeout='30']
      SELECT CASE WHEN COUNT(*) = 0 THEN FALSE ELSE TRUE END
      FROM pg_class AS cls
      JOIN pg_namespace AS ns ON ns.oid = cls.relnamespace
      WHERE
              cls.relkind IN ('r', 'v', 'm', 'f', 'p') AND
              ns.nspname NOT IN ('pg_catalog', 'information_schema') AND
              -- Exclude tables which are members of PG extensions
              NOT EXISTS (
                  SELECT 1 FROM pg_depend WHERE
                      classid=(
                          SELECT cls.oid
                          FROM pg_class AS cls
                                   JOIN pg_namespace AS ns ON ns.oid = cls.relnamespace
                          WHERE relname='pg_class' AND ns.nspname='pg_catalog'
                      ) AND
                      objid=cls.oid AND
                      deptype IN ('e', 'x')
              )
dbug: Microsoft.EntityFrameworkCore.Database.Command[20103]
      Creating DbCommand for 'ExecuteReader'.
dbug: Microsoft.EntityFrameworkCore.Database.Command[20104]
      Created DbCommand for 'ExecuteReader' (0ms).
dbug: Microsoft.EntityFrameworkCore.Database.Command[20106]
      Initialized DbCommand for 'ExecuteReader' (0ms).
dbug: Microsoft.EntityFrameworkCore.Database.Command[20100]
      Executing DbCommand [Parameters=[], CommandType='Text', CommandTimeout='30']
      SELECT EXISTS (
          SELECT 1
          FROM "BodyParts" AS b)
info: Microsoft.EntityFrameworkCore.Database.Command[20101]
      Executed DbCommand (0ms) [Parameters=[], CommandType='Text', CommandTimeout='30']
      SELECT EXISTS (
          SELECT 1
          FROM "BodyParts" AS b)
info: 7/12/2025 16:06:31.820 RelationalEventId.CommandExecuted[20101] (Microsoft.EntityFrameworkCore.Database.Command) 
      Executed DbCommand (0ms) [Parameters=[], CommandType='Text', CommandTimeout='30']
      SELECT EXISTS (
          SELECT 1
          FROM "BodyParts" AS b)
dbug: Microsoft.EntityFrameworkCore.Database.Command[20301]
      Closing data reader to 'bddtestdb' on server 'tcp://127.0.0.1:33503'.
dbug: Microsoft.EntityFrameworkCore.Database.Command[20300]
      A data reader for 'bddtestdb' on server 'tcp://127.0.0.1:33503' is being disposed after spending 0ms reading results.
dbug: Microsoft.EntityFrameworkCore.Database.Command[20103]
      Creating DbCommand for 'ExecuteScalar'.
dbug: Microsoft.EntityFrameworkCore.Database.Command[20104]
      Created DbCommand for 'ExecuteScalar' (0ms).
dbug: Microsoft.EntityFrameworkCore.Database.Command[20106]
      Initialized DbCommand for 'ExecuteScalar' (0ms).
dbug: Microsoft.EntityFrameworkCore.Database.Command[20100]
      Executing DbCommand [Parameters=[], CommandType='Text', CommandTimeout='30']
      SELECT CASE WHEN COUNT(*) = 0 THEN FALSE ELSE TRUE END
      FROM pg_class AS cls
      JOIN pg_namespace AS ns ON ns.oid = cls.relnamespace
      WHERE
              cls.relkind IN ('r', 'v', 'm', 'f', 'p') AND
              ns.nspname NOT IN ('pg_catalog', 'information_schema') AND
              -- Exclude tables which are members of PG extensions
              NOT EXISTS (
                  SELECT 1 FROM pg_depend WHERE
                      classid=(
                          SELECT cls.oid
                          FROM pg_class AS cls
                                   JOIN pg_namespace AS ns ON ns.oid = cls.relnamespace
                          WHERE relname='pg_class' AND ns.nspname='pg_catalog'
                      ) AND
                      objid=cls.oid AND
                      deptype IN ('e', 'x')
              )
info: Microsoft.EntityFrameworkCore.Database.Command[20101]
      Executed DbCommand (1ms) [Parameters=[], CommandType='Text', CommandTimeout='30']
      SELECT CASE WHEN COUNT(*) = 0 THEN FALSE ELSE TRUE END
      FROM pg_class AS cls
      JOIN pg_namespace AS ns ON ns.oid = cls.relnamespace
      WHERE
              cls.relkind IN ('r', 'v', 'm', 'f', 'p') AND
              ns.nspname NOT IN ('pg_catalog', 'information_schema') AND
              -- Exclude tables which are members of PG extensions
              NOT EXISTS (
                  SELECT 1 FROM pg_depend WHERE
                      classid=(
                          SELECT cls.oid
                          FROM pg_class AS cls
                                   JOIN pg_namespace AS ns ON ns.oid = cls.relnamespace
                          WHERE relname='pg_class' AND ns.nspname='pg_catalog'
                      ) AND
                      objid=cls.oid AND
                      deptype IN ('e', 'x')
              )
info: 7/12/2025 16:06:31.824 RelationalEventId.CommandExecuted[20101] (Microsoft.EntityFrameworkCore.Database.Command) 
      Executed DbCommand (1ms) [Parameters=[], CommandType='Text', CommandTimeout='30']
      SELECT CASE WHEN COUNT(*) = 0 THEN FALSE ELSE TRUE END
      FROM pg_class AS cls
      JOIN pg_namespace AS ns ON ns.oid = cls.relnamespace
      WHERE
              cls.relkind IN ('r', 'v', 'm', 'f', 'p') AND
              ns.nspname NOT IN ('pg_catalog', 'information_schema') AND
              -- Exclude tables which are members of PG extensions
              NOT EXISTS (
                  SELECT 1 FROM pg_depend WHERE
                      classid=(
                          SELECT cls.oid
                          FROM pg_class AS cls
                                   JOIN pg_namespace AS ns ON ns.oid = cls.relnamespace
                          WHERE relname='pg_class' AND ns.nspname='pg_catalog'
                      ) AND
                      objid=cls.oid AND
                      deptype IN ('e', 'x')
              )
dbug: Microsoft.EntityFrameworkCore.Database.Command[20103]
      Creating DbCommand for 'ExecuteReader'.
dbug: Microsoft.EntityFrameworkCore.Database.Command[20104]
      Created DbCommand for 'ExecuteReader' (0ms).
dbug: Microsoft.EntityFrameworkCore.Database.Command[20106]
      Initialized DbCommand for 'ExecuteReader' (0ms).
dbug: Microsoft.EntityFrameworkCore.Database.Command[20100]
      Executing DbCommand [Parameters=[], CommandType='Text', CommandTimeout='30']
      SELECT EXISTS (
          SELECT 1
          FROM "BodyParts" AS b)
info: Microsoft.EntityFrameworkCore.Database.Command[20101]
      Executed DbCommand (0ms) [Parameters=[], CommandType='Text', CommandTimeout='30']
      SELECT EXISTS (
          SELECT 1
          FROM "BodyParts" AS b)
info: 7/12/2025 16:06:31.825 RelationalEventId.CommandExecuted[20101] (Microsoft.EntityFrameworkCore.Database.Command) 
      Executed DbCommand (0ms) [Parameters=[], CommandType='Text', CommandTimeout='30']
      SELECT EXISTS (
          SELECT 1
          FROM "BodyParts" AS b)
dbug: Microsoft.EntityFrameworkCore.Database.Command[20301]
      Closing data reader to 'bddtestdb' on server 'tcp://127.0.0.1:33503'.
dbug: Microsoft.EntityFrameworkCore.Database.Command[20300]
      A data reader for 'bddtestdb' on server 'tcp://127.0.0.1:33503' is being disposed after spending 0ms reading results.
dbug: Microsoft.EntityFrameworkCore.Database.Command[20103]
      Creating DbCommand for 'ExecuteReader'.
dbug: Microsoft.EntityFrameworkCore.Database.Command[20104]
      Created DbCommand for 'ExecuteReader' (0ms).
dbug: Microsoft.EntityFrameworkCore.Database.Command[20106]
      Initialized DbCommand for 'ExecuteReader' (0ms).
dbug: Microsoft.EntityFrameworkCore.Database.Command[20100]
      Executing DbCommand [Parameters=[], CommandType='Text', CommandTimeout='30']
      SELECT e."Id", e."CreatedAt", e."DisplayOrder", e."IsActive", e."LinkType", e."SourceExerciseId", e."TargetExerciseId", e."UpdatedAt"
      FROM "ExerciseLinks" AS e
info: Microsoft.EntityFrameworkCore.Database.Command[20101]
      Executed DbCommand (1ms) [Parameters=[], CommandType='Text', CommandTimeout='30']
      SELECT e."Id", e."CreatedAt", e."DisplayOrder", e."IsActive", e."LinkType", e."SourceExerciseId", e."TargetExerciseId", e."UpdatedAt"
      FROM "ExerciseLinks" AS e
info: 7/12/2025 16:06:31.828 RelationalEventId.CommandExecuted[20101] (Microsoft.EntityFrameworkCore.Database.Command) 
      Executed DbCommand (1ms) [Parameters=[], CommandType='Text', CommandTimeout='30']
      SELECT e."Id", e."CreatedAt", e."DisplayOrder", e."IsActive", e."LinkType", e."SourceExerciseId", e."TargetExerciseId", e."UpdatedAt"
      FROM "ExerciseLinks" AS e
dbug: Microsoft.EntityFrameworkCore.Database.Command[20301]
      Closing data reader to 'bddtestdb' on server 'tcp://127.0.0.1:33503'.
dbug: Microsoft.EntityFrameworkCore.Database.Command[20300]
      A data reader for 'bddtestdb' on server 'tcp://127.0.0.1:33503' is being disposed after spending 0ms reading results.
dbug: Microsoft.EntityFrameworkCore.Database.Command[20103]
      Creating DbCommand for 'ExecuteReader'.
dbug: Microsoft.EntityFrameworkCore.Database.Command[20104]
      Created DbCommand for 'ExecuteReader' (0ms).
dbug: Microsoft.EntityFrameworkCore.Database.Command[20106]
      Initialized DbCommand for 'ExecuteReader' (0ms).
dbug: Microsoft.EntityFrameworkCore.Database.Command[20100]
      Executing DbCommand [Parameters=[], CommandType='Text', CommandTimeout='30']
      SELECT e."Id", e."Description", e."DifficultyId", e."ExerciseWeightTypeId", e."ImageUrl", e."IsActive", e."IsUnilateral", e."KineticChainId", e."Name", e."VideoUrl"
      FROM "Exercises" AS e
info: Microsoft.EntityFrameworkCore.Database.Command[20101]
      Executed DbCommand (0ms) [Parameters=[], CommandType='Text', CommandTimeout='30']
      SELECT e."Id", e."Description", e."DifficultyId", e."ExerciseWeightTypeId", e."ImageUrl", e."IsActive", e."IsUnilateral", e."KineticChainId", e."Name", e."VideoUrl"
      FROM "Exercises" AS e
info: 7/12/2025 16:06:31.828 RelationalEventId.CommandExecuted[20101] (Microsoft.EntityFrameworkCore.Database.Command) 
      Executed DbCommand (0ms) [Parameters=[], CommandType='Text', CommandTimeout='30']
      SELECT e."Id", e."Description", e."DifficultyId", e."ExerciseWeightTypeId", e."ImageUrl", e."IsActive", e."IsUnilateral", e."KineticChainId", e."Name", e."VideoUrl"
      FROM "Exercises" AS e
dbug: Microsoft.EntityFrameworkCore.Database.Command[20301]
      Closing data reader to 'bddtestdb' on server 'tcp://127.0.0.1:33503'.
dbug: Microsoft.EntityFrameworkCore.Database.Command[20300]
      A data reader for 'bddtestdb' on server 'tcp://127.0.0.1:33503' is being disposed after spending 0ms reading results.
dbug: Microsoft.EntityFrameworkCore.Database.Command[20103]
      Creating DbCommand for 'ExecuteScalar'.
dbug: Microsoft.EntityFrameworkCore.Database.Command[20104]
      Created DbCommand for 'ExecuteScalar' (0ms).
dbug: Microsoft.EntityFrameworkCore.Database.Command[20106]
      Initialized DbCommand for 'ExecuteScalar' (0ms).
dbug: Microsoft.EntityFrameworkCore.Database.Command[20100]
      Executing DbCommand [Parameters=[], CommandType='Text', CommandTimeout='30']
      SELECT CASE WHEN COUNT(*) = 0 THEN FALSE ELSE TRUE END
      FROM pg_class AS cls
      JOIN pg_namespace AS ns ON ns.oid = cls.relnamespace
      WHERE
              cls.relkind IN ('r', 'v', 'm', 'f', 'p') AND
              ns.nspname NOT IN ('pg_catalog', 'information_schema') AND
              -- Exclude tables which are members of PG extensions
              NOT EXISTS (
                  SELECT 1 FROM pg_depend WHERE
                      classid=(
                          SELECT cls.oid
                          FROM pg_class AS cls
                                   JOIN pg_namespace AS ns ON ns.oid = cls.relnamespace
                          WHERE relname='pg_class' AND ns.nspname='pg_catalog'
                      ) AND
                      objid=cls.oid AND
                      deptype IN ('e', 'x')
              )
info: Microsoft.EntityFrameworkCore.Database.Command[20101]
      Executed DbCommand (1ms) [Parameters=[], CommandType='Text', CommandTimeout='30']
      SELECT CASE WHEN COUNT(*) = 0 THEN FALSE ELSE TRUE END
      FROM pg_class AS cls
      JOIN pg_namespace AS ns ON ns.oid = cls.relnamespace
      WHERE
              cls.relkind IN ('r', 'v', 'm', 'f', 'p') AND
              ns.nspname NOT IN ('pg_catalog', 'information_schema') AND
              -- Exclude tables which are members of PG extensions
              NOT EXISTS (
                  SELECT 1 FROM pg_depend WHERE
                      classid=(
                          SELECT cls.oid
                          FROM pg_class AS cls
                                   JOIN pg_namespace AS ns ON ns.oid = cls.relnamespace
                          WHERE relname='pg_class' AND ns.nspname='pg_catalog'
                      ) AND
                      objid=cls.oid AND
                      deptype IN ('e', 'x')
              )
info: 7/12/2025 16:06:31.832 RelationalEventId.CommandExecuted[20101] (Microsoft.EntityFrameworkCore.Database.Command) 
      Executed DbCommand (1ms) [Parameters=[], CommandType='Text', CommandTimeout='30']
      SELECT CASE WHEN COUNT(*) = 0 THEN FALSE ELSE TRUE END
      FROM pg_class AS cls
      JOIN pg_namespace AS ns ON ns.oid = cls.relnamespace
      WHERE
              cls.relkind IN ('r', 'v', 'm', 'f', 'p') AND
              ns.nspname NOT IN ('pg_catalog', 'information_schema') AND
              -- Exclude tables which are members of PG extensions
              NOT EXISTS (
                  SELECT 1 FROM pg_depend WHERE
                      classid=(
                          SELECT cls.oid
                          FROM pg_class AS cls
                                   JOIN pg_namespace AS ns ON ns.oid = cls.relnamespace
                          WHERE relname='pg_class' AND ns.nspname='pg_catalog'
                      ) AND
                      objid=cls.oid AND
                      deptype IN ('e', 'x')
              )
dbug: Microsoft.EntityFrameworkCore.Database.Command[20103]
      Creating DbCommand for 'ExecuteReader'.
dbug: Microsoft.EntityFrameworkCore.Database.Command[20104]
      Created DbCommand for 'ExecuteReader' (0ms).
dbug: Microsoft.EntityFrameworkCore.Database.Command[20106]
      Initialized DbCommand for 'ExecuteReader' (0ms).
dbug: Microsoft.EntityFrameworkCore.Database.Command[20100]
      Executing DbCommand [Parameters=[], CommandType='Text', CommandTimeout='30']
      SELECT EXISTS (
          SELECT 1
          FROM "BodyParts" AS b)
info: Microsoft.EntityFrameworkCore.Database.Command[20101]
      Executed DbCommand (0ms) [Parameters=[], CommandType='Text', CommandTimeout='30']
      SELECT EXISTS (
          SELECT 1
          FROM "BodyParts" AS b)
info: 7/12/2025 16:06:31.833 RelationalEventId.CommandExecuted[20101] (Microsoft.EntityFrameworkCore.Database.Command) 
      Executed DbCommand (0ms) [Parameters=[], CommandType='Text', CommandTimeout='30']
      SELECT EXISTS (
          SELECT 1
          FROM "BodyParts" AS b)
dbug: Microsoft.EntityFrameworkCore.Database.Command[20301]
      Closing data reader to 'bddtestdb' on server 'tcp://127.0.0.1:33503'.
dbug: Microsoft.EntityFrameworkCore.Database.Command[20300]
      A data reader for 'bddtestdb' on server 'tcp://127.0.0.1:33503' is being disposed after spending 0ms reading results.
dbug: Microsoft.EntityFrameworkCore.Database.Command[20103]
      Creating DbCommand for 'ExecuteReader'.
dbug: Microsoft.EntityFrameworkCore.Database.Command[20104]
      Created DbCommand for 'ExecuteReader' (0ms).
dbug: Microsoft.EntityFrameworkCore.Database.Command[20106]
      Initialized DbCommand for 'ExecuteReader' (0ms).
dbug: Microsoft.EntityFrameworkCore.Database.Command[20100]
      Executing DbCommand [Parameters=[], CommandType='Text', CommandTimeout='30']
      SELECT e."Id", e."CreatedAt", e."DisplayOrder", e."IsActive", e."LinkType", e."SourceExerciseId", e."TargetExerciseId", e."UpdatedAt"
      FROM "ExerciseLinks" AS e
info: Microsoft.EntityFrameworkCore.Database.Command[20101]
      Executed DbCommand (0ms) [Parameters=[], CommandType='Text', CommandTimeout='30']
      SELECT e."Id", e."CreatedAt", e."DisplayOrder", e."IsActive", e."LinkType", e."SourceExerciseId", e."TargetExerciseId", e."UpdatedAt"
      FROM "ExerciseLinks" AS e
info: 7/12/2025 16:06:31.836 RelationalEventId.CommandExecuted[20101] (Microsoft.EntityFrameworkCore.Database.Command) 
      Executed DbCommand (0ms) [Parameters=[], CommandType='Text', CommandTimeout='30']
      SELECT e."Id", e."CreatedAt", e."DisplayOrder", e."IsActive", e."LinkType", e."SourceExerciseId", e."TargetExerciseId", e."UpdatedAt"
      FROM "ExerciseLinks" AS e
dbug: Microsoft.EntityFrameworkCore.Database.Command[20301]
      Closing data reader to 'bddtestdb' on server 'tcp://127.0.0.1:33503'.
dbug: Microsoft.EntityFrameworkCore.Database.Command[20300]
      A data reader for 'bddtestdb' on server 'tcp://127.0.0.1:33503' is being disposed after spending 0ms reading results.
dbug: Microsoft.EntityFrameworkCore.Database.Command[20103]
      Creating DbCommand for 'ExecuteReader'.
dbug: Microsoft.EntityFrameworkCore.Database.Command[20104]
      Created DbCommand for 'ExecuteReader' (0ms).
dbug: Microsoft.EntityFrameworkCore.Database.Command[20106]
      Initialized DbCommand for 'ExecuteReader' (0ms).
dbug: Microsoft.EntityFrameworkCore.Database.Command[20100]
      Executing DbCommand [Parameters=[], CommandType='Text', CommandTimeout='30']
      SELECT e."Id", e."Description", e."DifficultyId", e."ExerciseWeightTypeId", e."ImageUrl", e."IsActive", e."IsUnilateral", e."KineticChainId", e."Name", e."VideoUrl"
      FROM "Exercises" AS e
info: Microsoft.EntityFrameworkCore.Database.Command[20101]
      Executed DbCommand (0ms) [Parameters=[], CommandType='Text', CommandTimeout='30']
      SELECT e."Id", e."Description", e."DifficultyId", e."ExerciseWeightTypeId", e."ImageUrl", e."IsActive", e."IsUnilateral", e."KineticChainId", e."Name", e."VideoUrl"
      FROM "Exercises" AS e
info: 7/12/2025 16:06:31.837 RelationalEventId.CommandExecuted[20101] (Microsoft.EntityFrameworkCore.Database.Command) 
      Executed DbCommand (0ms) [Parameters=[], CommandType='Text', CommandTimeout='30']
      SELECT e."Id", e."Description", e."DifficultyId", e."ExerciseWeightTypeId", e."ImageUrl", e."IsActive", e."IsUnilateral", e."KineticChainId", e."Name", e."VideoUrl"
      FROM "Exercises" AS e
dbug: Microsoft.EntityFrameworkCore.Database.Command[20301]
      Closing data reader to 'bddtestdb' on server 'tcp://127.0.0.1:33503'.
dbug: Microsoft.EntityFrameworkCore.Database.Command[20300]
      A data reader for 'bddtestdb' on server 'tcp://127.0.0.1:33503' is being disposed after spending 0ms reading results.
dbug: Microsoft.EntityFrameworkCore.Database.Command[20103]
      Creating DbCommand for 'ExecuteReader'.
dbug: Microsoft.EntityFrameworkCore.Database.Command[20104]
      Created DbCommand for 'ExecuteReader' (0ms).
dbug: Microsoft.EntityFrameworkCore.Database.Command[20106]
      Initialized DbCommand for 'ExecuteReader' (0ms).
dbug: Microsoft.EntityFrameworkCore.Database.Command[20100]
      Executing DbCommand [Parameters=[], CommandType='Text', CommandTimeout='30']
      SELECT e."Id", e."CreatedAt", e."DisplayOrder", e."IsActive", e."LinkType", e."SourceExerciseId", e."TargetExerciseId", e."UpdatedAt"
      FROM "ExerciseLinks" AS e
info: Microsoft.EntityFrameworkCore.Database.Command[20101]
      Executed DbCommand (0ms) [Parameters=[], CommandType='Text', CommandTimeout='30']
      SELECT e."Id", e."CreatedAt", e."DisplayOrder", e."IsActive", e."LinkType", e."SourceExerciseId", e."TargetExerciseId", e."UpdatedAt"
      FROM "ExerciseLinks" AS e
info: 7/12/2025 16:06:31.837 RelationalEventId.CommandExecuted[20101] (Microsoft.EntityFrameworkCore.Database.Command) 
      Executed DbCommand (0ms) [Parameters=[], CommandType='Text', CommandTimeout='30']
      SELECT e."Id", e."CreatedAt", e."DisplayOrder", e."IsActive", e."LinkType", e."SourceExerciseId", e."TargetExerciseId", e."UpdatedAt"
      FROM "ExerciseLinks" AS e
dbug: Microsoft.EntityFrameworkCore.Database.Command[20301]
      Closing data reader to 'bddtestdb' on server 'tcp://127.0.0.1:33503'.
dbug: Microsoft.EntityFrameworkCore.Database.Command[20300]
      A data reader for 'bddtestdb' on server 'tcp://127.0.0.1:33503' is being disposed after spending 0ms reading results.
dbug: Microsoft.EntityFrameworkCore.Database.Command[20103]
      Creating DbCommand for 'ExecuteReader'.
dbug: Microsoft.EntityFrameworkCore.Database.Command[20104]
      Created DbCommand for 'ExecuteReader' (0ms).
dbug: Microsoft.EntityFrameworkCore.Database.Command[20106]
      Initialized DbCommand for 'ExecuteReader' (0ms).
dbug: Microsoft.EntityFrameworkCore.Database.Command[20100]
      Executing DbCommand [Parameters=[], CommandType='Text', CommandTimeout='30']
      SELECT e."Id", e."Description", e."DifficultyId", e."ExerciseWeightTypeId", e."ImageUrl", e."IsActive", e."IsUnilateral", e."KineticChainId", e."Name", e."VideoUrl"
      FROM "Exercises" AS e
info: Microsoft.EntityFrameworkCore.Database.Command[20101]
      Executed DbCommand (0ms) [Parameters=[], CommandType='Text', CommandTimeout='30']
      SELECT e."Id", e."Description", e."DifficultyId", e."ExerciseWeightTypeId", e."ImageUrl", e."IsActive", e."IsUnilateral", e."KineticChainId", e."Name", e."VideoUrl"
      FROM "Exercises" AS e
info: 7/12/2025 16:06:31.838 RelationalEventId.CommandExecuted[20101] (Microsoft.EntityFrameworkCore.Database.Command) 
      Executed DbCommand (0ms) [Parameters=[], CommandType='Text', CommandTimeout='30']
      SELECT e."Id", e."Description", e."DifficultyId", e."ExerciseWeightTypeId", e."ImageUrl", e."IsActive", e."IsUnilateral", e."KineticChainId", e."Name", e."VideoUrl"
      FROM "Exercises" AS e
dbug: Microsoft.EntityFrameworkCore.Database.Command[20301]
      Closing data reader to 'bddtestdb' on server 'tcp://127.0.0.1:33503'.
dbug: Microsoft.EntityFrameworkCore.Database.Command[20300]
      A data reader for 'bddtestdb' on server 'tcp://127.0.0.1:33503' is being disposed after spending 0ms reading results.
dbug: Microsoft.EntityFrameworkCore.Database.Command[20103]
      Creating DbCommand for 'ExecuteScalar'.
dbug: Microsoft.EntityFrameworkCore.Database.Command[20104]
      Created DbCommand for 'ExecuteScalar' (0ms).
dbug: Microsoft.EntityFrameworkCore.Database.Command[20106]
      Initialized DbCommand for 'ExecuteScalar' (0ms).
dbug: Microsoft.EntityFrameworkCore.Database.Command[20100]
      Executing DbCommand [Parameters=[], CommandType='Text', CommandTimeout='30']
      SELECT CASE WHEN COUNT(*) = 0 THEN FALSE ELSE TRUE END
      FROM pg_class AS cls
      JOIN pg_namespace AS ns ON ns.oid = cls.relnamespace
      WHERE
              cls.relkind IN ('r', 'v', 'm', 'f', 'p') AND
              ns.nspname NOT IN ('pg_catalog', 'information_schema') AND
              -- Exclude tables which are members of PG extensions
              NOT EXISTS (
                  SELECT 1 FROM pg_depend WHERE
                      classid=(
                          SELECT cls.oid
                          FROM pg_class AS cls
                                   JOIN pg_namespace AS ns ON ns.oid = cls.relnamespace
                          WHERE relname='pg_class' AND ns.nspname='pg_catalog'
                      ) AND
                      objid=cls.oid AND
                      deptype IN ('e', 'x')
              )
info: Microsoft.EntityFrameworkCore.Database.Command[20101]
      Executed DbCommand (1ms) [Parameters=[], CommandType='Text', CommandTimeout='30']
      SELECT CASE WHEN COUNT(*) = 0 THEN FALSE ELSE TRUE END
      FROM pg_class AS cls
      JOIN pg_namespace AS ns ON ns.oid = cls.relnamespace
      WHERE
              cls.relkind IN ('r', 'v', 'm', 'f', 'p') AND
              ns.nspname NOT IN ('pg_catalog', 'information_schema') AND
              -- Exclude tables which are members of PG extensions
              NOT EXISTS (
                  SELECT 1 FROM pg_depend WHERE
                      classid=(
                          SELECT cls.oid
                          FROM pg_class AS cls
                                   JOIN pg_namespace AS ns ON ns.oid = cls.relnamespace
                          WHERE relname='pg_class' AND ns.nspname='pg_catalog'
                      ) AND
                      objid=cls.oid AND
                      deptype IN ('e', 'x')
              )
info: 7/12/2025 16:06:31.847 RelationalEventId.CommandExecuted[20101] (Microsoft.EntityFrameworkCore.Database.Command) 
      Executed DbCommand (1ms) [Parameters=[], CommandType='Text', CommandTimeout='30']
      SELECT CASE WHEN COUNT(*) = 0 THEN FALSE ELSE TRUE END
      FROM pg_class AS cls
      JOIN pg_namespace AS ns ON ns.oid = cls.relnamespace
      WHERE
              cls.relkind IN ('r', 'v', 'm', 'f', 'p') AND
              ns.nspname NOT IN ('pg_catalog', 'information_schema') AND
              -- Exclude tables which are members of PG extensions
              NOT EXISTS (
                  SELECT 1 FROM pg_depend WHERE
                      classid=(
                          SELECT cls.oid
                          FROM pg_class AS cls
                                   JOIN pg_namespace AS ns ON ns.oid = cls.relnamespace
                          WHERE relname='pg_class' AND ns.nspname='pg_catalog'
                      ) AND
                      objid=cls.oid AND
                      deptype IN ('e', 'x')
              )
dbug: Microsoft.EntityFrameworkCore.Database.Command[20103]
      Creating DbCommand for 'ExecuteReader'.
dbug: Microsoft.EntityFrameworkCore.Database.Command[20104]
      Created DbCommand for 'ExecuteReader' (0ms).
dbug: Microsoft.EntityFrameworkCore.Database.Command[20106]
      Initialized DbCommand for 'ExecuteReader' (0ms).
dbug: Microsoft.EntityFrameworkCore.Database.Command[20100]
      Executing DbCommand [Parameters=[], CommandType='Text', CommandTimeout='30']
      SELECT EXISTS (
          SELECT 1
          FROM "BodyParts" AS b)
info: Microsoft.EntityFrameworkCore.Database.Command[20101]
      Executed DbCommand (0ms) [Parameters=[], CommandType='Text', CommandTimeout='30']
      SELECT EXISTS (
          SELECT 1
          FROM "BodyParts" AS b)
info: 7/12/2025 16:06:31.848 RelationalEventId.CommandExecuted[20101] (Microsoft.EntityFrameworkCore.Database.Command) 
      Executed DbCommand (0ms) [Parameters=[], CommandType='Text', CommandTimeout='30']
      SELECT EXISTS (
          SELECT 1
          FROM "BodyParts" AS b)
dbug: Microsoft.EntityFrameworkCore.Database.Command[20301]
      Closing data reader to 'bddtestdb' on server 'tcp://127.0.0.1:33503'.
dbug: Microsoft.EntityFrameworkCore.Database.Command[20300]
      A data reader for 'bddtestdb' on server 'tcp://127.0.0.1:33503' is being disposed after spending 0ms reading results.
dbug: Microsoft.EntityFrameworkCore.Database.Command[20103]
      Creating DbCommand for 'ExecuteScalar'.
dbug: Microsoft.EntityFrameworkCore.Database.Command[20104]
      Created DbCommand for 'ExecuteScalar' (0ms).
dbug: Microsoft.EntityFrameworkCore.Database.Command[20106]
      Initialized DbCommand for 'ExecuteScalar' (0ms).
dbug: Microsoft.EntityFrameworkCore.Database.Command[20100]
      Executing DbCommand [Parameters=[], CommandType='Text', CommandTimeout='30']
      SELECT CASE WHEN COUNT(*) = 0 THEN FALSE ELSE TRUE END
      FROM pg_class AS cls
      JOIN pg_namespace AS ns ON ns.oid = cls.relnamespace
      WHERE
              cls.relkind IN ('r', 'v', 'm', 'f', 'p') AND
              ns.nspname NOT IN ('pg_catalog', 'information_schema') AND
              -- Exclude tables which are members of PG extensions
              NOT EXISTS (
                  SELECT 1 FROM pg_depend WHERE
                      classid=(
                          SELECT cls.oid
                          FROM pg_class AS cls
                                   JOIN pg_namespace AS ns ON ns.oid = cls.relnamespace
                          WHERE relname='pg_class' AND ns.nspname='pg_catalog'
                      ) AND
                      objid=cls.oid AND
                      deptype IN ('e', 'x')
              )
info: Microsoft.EntityFrameworkCore.Database.Command[20101]
      Executed DbCommand (1ms) [Parameters=[], CommandType='Text', CommandTimeout='30']
      SELECT CASE WHEN COUNT(*) = 0 THEN FALSE ELSE TRUE END
      FROM pg_class AS cls
      JOIN pg_namespace AS ns ON ns.oid = cls.relnamespace
      WHERE
              cls.relkind IN ('r', 'v', 'm', 'f', 'p') AND
              ns.nspname NOT IN ('pg_catalog', 'information_schema') AND
              -- Exclude tables which are members of PG extensions
              NOT EXISTS (
                  SELECT 1 FROM pg_depend WHERE
                      classid=(
                          SELECT cls.oid
                          FROM pg_class AS cls
                                   JOIN pg_namespace AS ns ON ns.oid = cls.relnamespace
                          WHERE relname='pg_class' AND ns.nspname='pg_catalog'
                      ) AND
                      objid=cls.oid AND
                      deptype IN ('e', 'x')
              )
info: 7/12/2025 16:06:31.853 RelationalEventId.CommandExecuted[20101] (Microsoft.EntityFrameworkCore.Database.Command) 
      Executed DbCommand (1ms) [Parameters=[], CommandType='Text', CommandTimeout='30']
      SELECT CASE WHEN COUNT(*) = 0 THEN FALSE ELSE TRUE END
      FROM pg_class AS cls
      JOIN pg_namespace AS ns ON ns.oid = cls.relnamespace
      WHERE
              cls.relkind IN ('r', 'v', 'm', 'f', 'p') AND
              ns.nspname NOT IN ('pg_catalog', 'information_schema') AND
              -- Exclude tables which are members of PG extensions
              NOT EXISTS (
                  SELECT 1 FROM pg_depend WHERE
                      classid=(
                          SELECT cls.oid
                          FROM pg_class AS cls
                                   JOIN pg_namespace AS ns ON ns.oid = cls.relnamespace
                          WHERE relname='pg_class' AND ns.nspname='pg_catalog'
                      ) AND
                      objid=cls.oid AND
                      deptype IN ('e', 'x')
              )
dbug: Microsoft.EntityFrameworkCore.Database.Command[20103]
      Creating DbCommand for 'ExecuteReader'.
dbug: Microsoft.EntityFrameworkCore.Database.Command[20104]
      Created DbCommand for 'ExecuteReader' (0ms).
dbug: Microsoft.EntityFrameworkCore.Database.Command[20106]
      Initialized DbCommand for 'ExecuteReader' (0ms).
dbug: Microsoft.EntityFrameworkCore.Database.Command[20100]
      Executing DbCommand [Parameters=[], CommandType='Text', CommandTimeout='30']
      SELECT EXISTS (
          SELECT 1
          FROM "BodyParts" AS b)
info: Microsoft.EntityFrameworkCore.Database.Command[20101]
      Executed DbCommand (0ms) [Parameters=[], CommandType='Text', CommandTimeout='30']
      SELECT EXISTS (
          SELECT 1
          FROM "BodyParts" AS b)
info: 7/12/2025 16:06:31.853 RelationalEventId.CommandExecuted[20101] (Microsoft.EntityFrameworkCore.Database.Command) 
      Executed DbCommand (0ms) [Parameters=[], CommandType='Text', CommandTimeout='30']
      SELECT EXISTS (
          SELECT 1
          FROM "BodyParts" AS b)
dbug: Microsoft.EntityFrameworkCore.Database.Command[20301]
      Closing data reader to 'bddtestdb' on server 'tcp://127.0.0.1:33503'.
dbug: Microsoft.EntityFrameworkCore.Database.Command[20300]
      A data reader for 'bddtestdb' on server 'tcp://127.0.0.1:33503' is being disposed after spending 0ms reading results.
dbug: Microsoft.EntityFrameworkCore.Database.Command[20103]
      Creating DbCommand for 'ExecuteReader'.
dbug: Microsoft.EntityFrameworkCore.Database.Command[20104]
      Created DbCommand for 'ExecuteReader' (0ms).
dbug: Microsoft.EntityFrameworkCore.Database.Command[20106]
      Initialized DbCommand for 'ExecuteReader' (0ms).
dbug: Microsoft.EntityFrameworkCore.Database.Command[20100]
      Executing DbCommand [Parameters=[], CommandType='Text', CommandTimeout='30']
      SELECT e."Id", e."CreatedAt", e."DisplayOrder", e."IsActive", e."LinkType", e."SourceExerciseId", e."TargetExerciseId", e."UpdatedAt"
      FROM "ExerciseLinks" AS e
info: Microsoft.EntityFrameworkCore.Database.Command[20101]
      Executed DbCommand (0ms) [Parameters=[], CommandType='Text', CommandTimeout='30']
      SELECT e."Id", e."CreatedAt", e."DisplayOrder", e."IsActive", e."LinkType", e."SourceExerciseId", e."TargetExerciseId", e."UpdatedAt"
      FROM "ExerciseLinks" AS e
info: 7/12/2025 16:06:31.856 RelationalEventId.CommandExecuted[20101] (Microsoft.EntityFrameworkCore.Database.Command) 
      Executed DbCommand (0ms) [Parameters=[], CommandType='Text', CommandTimeout='30']
      SELECT e."Id", e."CreatedAt", e."DisplayOrder", e."IsActive", e."LinkType", e."SourceExerciseId", e."TargetExerciseId", e."UpdatedAt"
      FROM "ExerciseLinks" AS e
dbug: Microsoft.EntityFrameworkCore.Database.Command[20301]
      Closing data reader to 'bddtestdb' on server 'tcp://127.0.0.1:33503'.
dbug: Microsoft.EntityFrameworkCore.Database.Command[20300]
      A data reader for 'bddtestdb' on server 'tcp://127.0.0.1:33503' is being disposed after spending 0ms reading results.
dbug: Microsoft.EntityFrameworkCore.Database.Command[20103]
      Creating DbCommand for 'ExecuteReader'.
dbug: Microsoft.EntityFrameworkCore.Database.Command[20104]
      Created DbCommand for 'ExecuteReader' (0ms).
dbug: Microsoft.EntityFrameworkCore.Database.Command[20106]
      Initialized DbCommand for 'ExecuteReader' (0ms).
dbug: Microsoft.EntityFrameworkCore.Database.Command[20100]
      Executing DbCommand [Parameters=[], CommandType='Text', CommandTimeout='30']
      SELECT e."Id", e."Description", e."DifficultyId", e."ExerciseWeightTypeId", e."ImageUrl", e."IsActive", e."IsUnilateral", e."KineticChainId", e."Name", e."VideoUrl"
      FROM "Exercises" AS e
info: Microsoft.EntityFrameworkCore.Database.Command[20101]
      Executed DbCommand (0ms) [Parameters=[], CommandType='Text', CommandTimeout='30']
      SELECT e."Id", e."Description", e."DifficultyId", e."ExerciseWeightTypeId", e."ImageUrl", e."IsActive", e."IsUnilateral", e."KineticChainId", e."Name", e."VideoUrl"
      FROM "Exercises" AS e
info: 7/12/2025 16:06:31.856 RelationalEventId.CommandExecuted[20101] (Microsoft.EntityFrameworkCore.Database.Command) 
      Executed DbCommand (0ms) [Parameters=[], CommandType='Text', CommandTimeout='30']
      SELECT e."Id", e."Description", e."DifficultyId", e."ExerciseWeightTypeId", e."ImageUrl", e."IsActive", e."IsUnilateral", e."KineticChainId", e."Name", e."VideoUrl"
      FROM "Exercises" AS e
dbug: Microsoft.EntityFrameworkCore.Database.Command[20301]
      Closing data reader to 'bddtestdb' on server 'tcp://127.0.0.1:33503'.
dbug: Microsoft.EntityFrameworkCore.Database.Command[20300]
      A data reader for 'bddtestdb' on server 'tcp://127.0.0.1:33503' is being disposed after spending 0ms reading results.
dbug: Microsoft.EntityFrameworkCore.Database.Command[20103]
      Creating DbCommand for 'ExecuteScalar'.
dbug: Microsoft.EntityFrameworkCore.Database.Command[20104]
      Created DbCommand for 'ExecuteScalar' (0ms).
dbug: Microsoft.EntityFrameworkCore.Database.Command[20106]
      Initialized DbCommand for 'ExecuteScalar' (0ms).
dbug: Microsoft.EntityFrameworkCore.Database.Command[20100]
      Executing DbCommand [Parameters=[], CommandType='Text', CommandTimeout='30']
      SELECT CASE WHEN COUNT(*) = 0 THEN FALSE ELSE TRUE END
      FROM pg_class AS cls
      JOIN pg_namespace AS ns ON ns.oid = cls.relnamespace
      WHERE
              cls.relkind IN ('r', 'v', 'm', 'f', 'p') AND
              ns.nspname NOT IN ('pg_catalog', 'information_schema') AND
              -- Exclude tables which are members of PG extensions
              NOT EXISTS (
                  SELECT 1 FROM pg_depend WHERE
                      classid=(
                          SELECT cls.oid
                          FROM pg_class AS cls
                                   JOIN pg_namespace AS ns ON ns.oid = cls.relnamespace
                          WHERE relname='pg_class' AND ns.nspname='pg_catalog'
                      ) AND
                      objid=cls.oid AND
                      deptype IN ('e', 'x')
              )
info: Microsoft.EntityFrameworkCore.Database.Command[20101]
      Executed DbCommand (1ms) [Parameters=[], CommandType='Text', CommandTimeout='30']
      SELECT CASE WHEN COUNT(*) = 0 THEN FALSE ELSE TRUE END
      FROM pg_class AS cls
      JOIN pg_namespace AS ns ON ns.oid = cls.relnamespace
      WHERE
              cls.relkind IN ('r', 'v', 'm', 'f', 'p') AND
              ns.nspname NOT IN ('pg_catalog', 'information_schema') AND
              -- Exclude tables which are members of PG extensions
              NOT EXISTS (
                  SELECT 1 FROM pg_depend WHERE
                      classid=(
                          SELECT cls.oid
                          FROM pg_class AS cls
                                   JOIN pg_namespace AS ns ON ns.oid = cls.relnamespace
                          WHERE relname='pg_class' AND ns.nspname='pg_catalog'
                      ) AND
                      objid=cls.oid AND
                      deptype IN ('e', 'x')
              )
info: 7/12/2025 16:06:31.861 RelationalEventId.CommandExecuted[20101] (Microsoft.EntityFrameworkCore.Database.Command) 
      Executed DbCommand (1ms) [Parameters=[], CommandType='Text', CommandTimeout='30']
      SELECT CASE WHEN COUNT(*) = 0 THEN FALSE ELSE TRUE END
      FROM pg_class AS cls
      JOIN pg_namespace AS ns ON ns.oid = cls.relnamespace
      WHERE
              cls.relkind IN ('r', 'v', 'm', 'f', 'p') AND
              ns.nspname NOT IN ('pg_catalog', 'information_schema') AND
              -- Exclude tables which are members of PG extensions
              NOT EXISTS (
                  SELECT 1 FROM pg_depend WHERE
                      classid=(
                          SELECT cls.oid
                          FROM pg_class AS cls
                                   JOIN pg_namespace AS ns ON ns.oid = cls.relnamespace
                          WHERE relname='pg_class' AND ns.nspname='pg_catalog'
                      ) AND
                      objid=cls.oid AND
                      deptype IN ('e', 'x')
              )
dbug: Microsoft.EntityFrameworkCore.Database.Command[20103]
      Creating DbCommand for 'ExecuteReader'.
dbug: Microsoft.EntityFrameworkCore.Database.Command[20104]
      Created DbCommand for 'ExecuteReader' (0ms).
dbug: Microsoft.EntityFrameworkCore.Database.Command[20106]
      Initialized DbCommand for 'ExecuteReader' (0ms).
dbug: Microsoft.EntityFrameworkCore.Database.Command[20100]
      Executing DbCommand [Parameters=[], CommandType='Text', CommandTimeout='30']
      SELECT EXISTS (
          SELECT 1
          FROM "BodyParts" AS b)
info: Microsoft.EntityFrameworkCore.Database.Command[20101]
      Executed DbCommand (0ms) [Parameters=[], CommandType='Text', CommandTimeout='30']
      SELECT EXISTS (
          SELECT 1
          FROM "BodyParts" AS b)
info: 7/12/2025 16:06:31.862 RelationalEventId.CommandExecuted[20101] (Microsoft.EntityFrameworkCore.Database.Command) 
      Executed DbCommand (0ms) [Parameters=[], CommandType='Text', CommandTimeout='30']
      SELECT EXISTS (
          SELECT 1
          FROM "BodyParts" AS b)
dbug: Microsoft.EntityFrameworkCore.Database.Command[20301]
      Closing data reader to 'bddtestdb' on server 'tcp://127.0.0.1:33503'.
dbug: Microsoft.EntityFrameworkCore.Database.Command[20300]
      A data reader for 'bddtestdb' on server 'tcp://127.0.0.1:33503' is being disposed after spending 0ms reading results.
dbug: Microsoft.EntityFrameworkCore.Database.Command[20103]
      Creating DbCommand for 'ExecuteReader'.
dbug: Microsoft.EntityFrameworkCore.Database.Command[20104]
      Created DbCommand for 'ExecuteReader' (0ms).
dbug: Microsoft.EntityFrameworkCore.Database.Command[20106]
      Initialized DbCommand for 'ExecuteReader' (0ms).
dbug: Microsoft.EntityFrameworkCore.Database.Command[20100]
      Executing DbCommand [Parameters=[], CommandType='Text', CommandTimeout='30']
      SELECT e."Id", e."CreatedAt", e."DisplayOrder", e."IsActive", e."LinkType", e."SourceExerciseId", e."TargetExerciseId", e."UpdatedAt"
      FROM "ExerciseLinks" AS e
info: Microsoft.EntityFrameworkCore.Database.Command[20101]
      Executed DbCommand (0ms) [Parameters=[], CommandType='Text', CommandTimeout='30']
      SELECT e."Id", e."CreatedAt", e."DisplayOrder", e."IsActive", e."LinkType", e."SourceExerciseId", e."TargetExerciseId", e."UpdatedAt"
      FROM "ExerciseLinks" AS e
info: 7/12/2025 16:06:31.864 RelationalEventId.CommandExecuted[20101] (Microsoft.EntityFrameworkCore.Database.Command) 
      Executed DbCommand (0ms) [Parameters=[], CommandType='Text', CommandTimeout='30']
      SELECT e."Id", e."CreatedAt", e."DisplayOrder", e."IsActive", e."LinkType", e."SourceExerciseId", e."TargetExerciseId", e."UpdatedAt"
      FROM "ExerciseLinks" AS e
dbug: Microsoft.EntityFrameworkCore.Database.Command[20301]
      Closing data reader to 'bddtestdb' on server 'tcp://127.0.0.1:33503'.
dbug: Microsoft.EntityFrameworkCore.Database.Command[20300]
      A data reader for 'bddtestdb' on server 'tcp://127.0.0.1:33503' is being disposed after spending 0ms reading results.
dbug: Microsoft.EntityFrameworkCore.Database.Command[20103]
      Creating DbCommand for 'ExecuteReader'.
dbug: Microsoft.EntityFrameworkCore.Database.Command[20104]
      Created DbCommand for 'ExecuteReader' (0ms).
dbug: Microsoft.EntityFrameworkCore.Database.Command[20106]
      Initialized DbCommand for 'ExecuteReader' (0ms).
dbug: Microsoft.EntityFrameworkCore.Database.Command[20100]
      Executing DbCommand [Parameters=[], CommandType='Text', CommandTimeout='30']
      SELECT e."Id", e."Description", e."DifficultyId", e."ExerciseWeightTypeId", e."ImageUrl", e."IsActive", e."IsUnilateral", e."KineticChainId", e."Name", e."VideoUrl"
      FROM "Exercises" AS e
info: Microsoft.EntityFrameworkCore.Database.Command[20101]
      Executed DbCommand (0ms) [Parameters=[], CommandType='Text', CommandTimeout='30']
      SELECT e."Id", e."Description", e."DifficultyId", e."ExerciseWeightTypeId", e."ImageUrl", e."IsActive", e."IsUnilateral", e."KineticChainId", e."Name", e."VideoUrl"
      FROM "Exercises" AS e
info: 7/12/2025 16:06:31.865 RelationalEventId.CommandExecuted[20101] (Microsoft.EntityFrameworkCore.Database.Command) 
      Executed DbCommand (0ms) [Parameters=[], CommandType='Text', CommandTimeout='30']
      SELECT e."Id", e."Description", e."DifficultyId", e."ExerciseWeightTypeId", e."ImageUrl", e."IsActive", e."IsUnilateral", e."KineticChainId", e."Name", e."VideoUrl"
      FROM "Exercises" AS e
dbug: Microsoft.EntityFrameworkCore.Database.Command[20301]
      Closing data reader to 'bddtestdb' on server 'tcp://127.0.0.1:33503'.
dbug: Microsoft.EntityFrameworkCore.Database.Command[20300]
      A data reader for 'bddtestdb' on server 'tcp://127.0.0.1:33503' is being disposed after spending 0ms reading results.
dbug: Microsoft.EntityFrameworkCore.Database.Command[20103]
      Creating DbCommand for 'ExecuteReader'.
dbug: Microsoft.EntityFrameworkCore.Database.Command[20104]
      Created DbCommand for 'ExecuteReader' (0ms).
dbug: Microsoft.EntityFrameworkCore.Database.Command[20106]
      Initialized DbCommand for 'ExecuteReader' (0ms).
dbug: Microsoft.EntityFrameworkCore.Database.Command[20100]
      Executing DbCommand [Parameters=[], CommandType='Text', CommandTimeout='30']
      SELECT e."Id", e."CreatedAt", e."DisplayOrder", e."IsActive", e."LinkType", e."SourceExerciseId", e."TargetExerciseId", e."UpdatedAt"
      FROM "ExerciseLinks" AS e
info: Microsoft.EntityFrameworkCore.Database.Command[20101]
      Executed DbCommand (0ms) [Parameters=[], CommandType='Text', CommandTimeout='30']
      SELECT e."Id", e."CreatedAt", e."DisplayOrder", e."IsActive", e."LinkType", e."SourceExerciseId", e."TargetExerciseId", e."UpdatedAt"
      FROM "ExerciseLinks" AS e
info: 7/12/2025 16:06:31.865 RelationalEventId.CommandExecuted[20101] (Microsoft.EntityFrameworkCore.Database.Command) 
      Executed DbCommand (0ms) [Parameters=[], CommandType='Text', CommandTimeout='30']
      SELECT e."Id", e."CreatedAt", e."DisplayOrder", e."IsActive", e."LinkType", e."SourceExerciseId", e."TargetExerciseId", e."UpdatedAt"
      FROM "ExerciseLinks" AS e
dbug: Microsoft.EntityFrameworkCore.Database.Command[20301]
      Closing data reader to 'bddtestdb' on server 'tcp://127.0.0.1:33503'.
dbug: Microsoft.EntityFrameworkCore.Database.Command[20300]
      A data reader for 'bddtestdb' on server 'tcp://127.0.0.1:33503' is being disposed after spending 0ms reading results.
dbug: Microsoft.EntityFrameworkCore.Database.Command[20103]
      Creating DbCommand for 'ExecuteReader'.
dbug: Microsoft.EntityFrameworkCore.Database.Command[20104]
      Created DbCommand for 'ExecuteReader' (0ms).
dbug: Microsoft.EntityFrameworkCore.Database.Command[20106]
      Initialized DbCommand for 'ExecuteReader' (0ms).
dbug: Microsoft.EntityFrameworkCore.Database.Command[20100]
      Executing DbCommand [Parameters=[], CommandType='Text', CommandTimeout='30']
      SELECT e."Id", e."Description", e."DifficultyId", e."ExerciseWeightTypeId", e."ImageUrl", e."IsActive", e."IsUnilateral", e."KineticChainId", e."Name", e."VideoUrl"
      FROM "Exercises" AS e
info: Microsoft.EntityFrameworkCore.Database.Command[20101]
      Executed DbCommand (0ms) [Parameters=[], CommandType='Text', CommandTimeout='30']
      SELECT e."Id", e."Description", e."DifficultyId", e."ExerciseWeightTypeId", e."ImageUrl", e."IsActive", e."IsUnilateral", e."KineticChainId", e."Name", e."VideoUrl"
      FROM "Exercises" AS e
info: 7/12/2025 16:06:31.865 RelationalEventId.CommandExecuted[20101] (Microsoft.EntityFrameworkCore.Database.Command) 
      Executed DbCommand (0ms) [Parameters=[], CommandType='Text', CommandTimeout='30']
      SELECT e."Id", e."Description", e."DifficultyId", e."ExerciseWeightTypeId", e."ImageUrl", e."IsActive", e."IsUnilateral", e."KineticChainId", e."Name", e."VideoUrl"
      FROM "Exercises" AS e
dbug: Microsoft.EntityFrameworkCore.Database.Command[20301]
      Closing data reader to 'bddtestdb' on server 'tcp://127.0.0.1:33503'.
dbug: Microsoft.EntityFrameworkCore.Database.Command[20300]
      A data reader for 'bddtestdb' on server 'tcp://127.0.0.1:33503' is being disposed after spending 0ms reading results.
dbug: Microsoft.EntityFrameworkCore.Database.Command[20103]
      Creating DbCommand for 'ExecuteScalar'.
dbug: Microsoft.EntityFrameworkCore.Database.Command[20104]
      Created DbCommand for 'ExecuteScalar' (0ms).
dbug: Microsoft.EntityFrameworkCore.Database.Command[20106]
      Initialized DbCommand for 'ExecuteScalar' (0ms).
dbug: Microsoft.EntityFrameworkCore.Database.Command[20100]
      Executing DbCommand [Parameters=[], CommandType='Text', CommandTimeout='30']
      SELECT CASE WHEN COUNT(*) = 0 THEN FALSE ELSE TRUE END
      FROM pg_class AS cls
      JOIN pg_namespace AS ns ON ns.oid = cls.relnamespace
      WHERE
              cls.relkind IN ('r', 'v', 'm', 'f', 'p') AND
              ns.nspname NOT IN ('pg_catalog', 'information_schema') AND
              -- Exclude tables which are members of PG extensions
              NOT EXISTS (
                  SELECT 1 FROM pg_depend WHERE
                      classid=(
                          SELECT cls.oid
                          FROM pg_class AS cls
                                   JOIN pg_namespace AS ns ON ns.oid = cls.relnamespace
                          WHERE relname='pg_class' AND ns.nspname='pg_catalog'
                      ) AND
                      objid=cls.oid AND
                      deptype IN ('e', 'x')
              )
info: Microsoft.EntityFrameworkCore.Database.Command[20101]
      Executed DbCommand (1ms) [Parameters=[], CommandType='Text', CommandTimeout='30']
      SELECT CASE WHEN COUNT(*) = 0 THEN FALSE ELSE TRUE END
      FROM pg_class AS cls
      JOIN pg_namespace AS ns ON ns.oid = cls.relnamespace
      WHERE
              cls.relkind IN ('r', 'v', 'm', 'f', 'p') AND
              ns.nspname NOT IN ('pg_catalog', 'information_schema') AND
              -- Exclude tables which are members of PG extensions
              NOT EXISTS (
                  SELECT 1 FROM pg_depend WHERE
                      classid=(
                          SELECT cls.oid
                          FROM pg_class AS cls
                                   JOIN pg_namespace AS ns ON ns.oid = cls.relnamespace
                          WHERE relname='pg_class' AND ns.nspname='pg_catalog'
                      ) AND
                      objid=cls.oid AND
                      deptype IN ('e', 'x')
              )
info: 7/12/2025 16:06:31.869 RelationalEventId.CommandExecuted[20101] (Microsoft.EntityFrameworkCore.Database.Command) 
      Executed DbCommand (1ms) [Parameters=[], CommandType='Text', CommandTimeout='30']
      SELECT CASE WHEN COUNT(*) = 0 THEN FALSE ELSE TRUE END
      FROM pg_class AS cls
      JOIN pg_namespace AS ns ON ns.oid = cls.relnamespace
      WHERE
              cls.relkind IN ('r', 'v', 'm', 'f', 'p') AND
              ns.nspname NOT IN ('pg_catalog', 'information_schema') AND
              -- Exclude tables which are members of PG extensions
              NOT EXISTS (
                  SELECT 1 FROM pg_depend WHERE
                      classid=(
                          SELECT cls.oid
                          FROM pg_class AS cls
                                   JOIN pg_namespace AS ns ON ns.oid = cls.relnamespace
                          WHERE relname='pg_class' AND ns.nspname='pg_catalog'
                      ) AND
                      objid=cls.oid AND
                      deptype IN ('e', 'x')
              )
dbug: Microsoft.EntityFrameworkCore.Database.Command[20103]
      Creating DbCommand for 'ExecuteReader'.
dbug: Microsoft.EntityFrameworkCore.Database.Command[20104]
      Created DbCommand for 'ExecuteReader' (0ms).
dbug: Microsoft.EntityFrameworkCore.Database.Command[20106]
      Initialized DbCommand for 'ExecuteReader' (0ms).
dbug: Microsoft.EntityFrameworkCore.Database.Command[20100]
      Executing DbCommand [Parameters=[], CommandType='Text', CommandTimeout='30']
      SELECT EXISTS (
          SELECT 1
          FROM "BodyParts" AS b)
info: Microsoft.EntityFrameworkCore.Database.Command[20101]
      Executed DbCommand (0ms) [Parameters=[], CommandType='Text', CommandTimeout='30']
      SELECT EXISTS (
          SELECT 1
          FROM "BodyParts" AS b)
info: 7/12/2025 16:06:31.870 RelationalEventId.CommandExecuted[20101] (Microsoft.EntityFrameworkCore.Database.Command) 
      Executed DbCommand (0ms) [Parameters=[], CommandType='Text', CommandTimeout='30']
      SELECT EXISTS (
          SELECT 1
          FROM "BodyParts" AS b)
dbug: Microsoft.EntityFrameworkCore.Database.Command[20301]
      Closing data reader to 'bddtestdb' on server 'tcp://127.0.0.1:33503'.
dbug: Microsoft.EntityFrameworkCore.Database.Command[20300]
      A data reader for 'bddtestdb' on server 'tcp://127.0.0.1:33503' is being disposed after spending 0ms reading results.
dbug: Microsoft.EntityFrameworkCore.Database.Command[20103]
      Creating DbCommand for 'ExecuteReader'.
dbug: Microsoft.EntityFrameworkCore.Database.Command[20104]
      Created DbCommand for 'ExecuteReader' (0ms).
dbug: Microsoft.EntityFrameworkCore.Database.Command[20106]
      Initialized DbCommand for 'ExecuteReader' (0ms).
dbug: Microsoft.EntityFrameworkCore.Database.Command[20100]
      Executing DbCommand [Parameters=[], CommandType='Text', CommandTimeout='30']
      SELECT e."Id", e."CreatedAt", e."DisplayOrder", e."IsActive", e."LinkType", e."SourceExerciseId", e."TargetExerciseId", e."UpdatedAt"
      FROM "ExerciseLinks" AS e
info: Microsoft.EntityFrameworkCore.Database.Command[20101]
      Executed DbCommand (0ms) [Parameters=[], CommandType='Text', CommandTimeout='30']
      SELECT e."Id", e."CreatedAt", e."DisplayOrder", e."IsActive", e."LinkType", e."SourceExerciseId", e."TargetExerciseId", e."UpdatedAt"
      FROM "ExerciseLinks" AS e
info: 7/12/2025 16:06:31.871 RelationalEventId.CommandExecuted[20101] (Microsoft.EntityFrameworkCore.Database.Command) 
      Executed DbCommand (0ms) [Parameters=[], CommandType='Text', CommandTimeout='30']
      SELECT e."Id", e."CreatedAt", e."DisplayOrder", e."IsActive", e."LinkType", e."SourceExerciseId", e."TargetExerciseId", e."UpdatedAt"
      FROM "ExerciseLinks" AS e
dbug: Microsoft.EntityFrameworkCore.Database.Command[20301]
      Closing data reader to 'bddtestdb' on server 'tcp://127.0.0.1:33503'.
dbug: Microsoft.EntityFrameworkCore.Database.Command[20300]
      A data reader for 'bddtestdb' on server 'tcp://127.0.0.1:33503' is being disposed after spending 0ms reading results.
dbug: Microsoft.EntityFrameworkCore.Database.Command[20103]
      Creating DbCommand for 'ExecuteReader'.
dbug: Microsoft.EntityFrameworkCore.Database.Command[20104]
      Created DbCommand for 'ExecuteReader' (0ms).
dbug: Microsoft.EntityFrameworkCore.Database.Command[20106]
      Initialized DbCommand for 'ExecuteReader' (0ms).
dbug: Microsoft.EntityFrameworkCore.Database.Command[20100]
      Executing DbCommand [Parameters=[], CommandType='Text', CommandTimeout='30']
      SELECT e."Id", e."Description", e."DifficultyId", e."ExerciseWeightTypeId", e."ImageUrl", e."IsActive", e."IsUnilateral", e."KineticChainId", e."Name", e."VideoUrl"
      FROM "Exercises" AS e
info: Microsoft.EntityFrameworkCore.Database.Command[20101]
      Executed DbCommand (0ms) [Parameters=[], CommandType='Text', CommandTimeout='30']
      SELECT e."Id", e."Description", e."DifficultyId", e."ExerciseWeightTypeId", e."ImageUrl", e."IsActive", e."IsUnilateral", e."KineticChainId", e."Name", e."VideoUrl"
      FROM "Exercises" AS e
info: 7/12/2025 16:06:31.871 RelationalEventId.CommandExecuted[20101] (Microsoft.EntityFrameworkCore.Database.Command) 
      Executed DbCommand (0ms) [Parameters=[], CommandType='Text', CommandTimeout='30']
      SELECT e."Id", e."Description", e."DifficultyId", e."ExerciseWeightTypeId", e."ImageUrl", e."IsActive", e."IsUnilateral", e."KineticChainId", e."Name", e."VideoUrl"
      FROM "Exercises" AS e
dbug: Microsoft.EntityFrameworkCore.Database.Command[20301]
      Closing data reader to 'bddtestdb' on server 'tcp://127.0.0.1:33503'.
dbug: Microsoft.EntityFrameworkCore.Database.Command[20300]
      A data reader for 'bddtestdb' on server 'tcp://127.0.0.1:33503' is being disposed after spending 0ms reading results.
-&gt; #XW002: Completed feature: Difficulty Levels Reference Data
[testcontainers.org 00:00:04.31] Delete Docker container 700735cadf39
[testcontainers.org 00:00:04.46] Delete Docker container c68841e3a3d8
[xUnit.net 00:00:04.93]   Finished:    GetFitterGetBigger.API.IntegrationTests
</StdOut>
    </Output>
    <RunInfos>
      <RunInfo computerName="DesktopUbuntu" outcome="Error" timestamp="2025-07-12T16:06:31.6066569+02:00">
        <Text>[xUnit.net 00:00:04.38]     Get difficulty level by valid ID [FAIL]</Text>
      </RunInfo>
      <RunInfo computerName="DesktopUbuntu" outcome="Error" timestamp="2025-07-12T16:06:31.7672212+02:00">
        <Text>[xUnit.net 00:00:04.54]     Get difficulty level by valid value [FAIL]</Text>
      </RunInfo>
    </RunInfos>
  </ResultSummary>
</TestRun>