<?xml version="1.0" encoding="utf-8"?>
<TestRun id="b5123521-a0a3-4f93-b226-6d37d072a017" name="@DesktopUbuntu 2025-07-12 16:05:40" xmlns="http://microsoft.com/schemas/VisualStudio/TeamTest/2010">
  <Times creation="2025-07-12T16:05:40.0537320+02:00" queuing="2025-07-12T16:05:40.0537320+02:00" start="2025-07-12T16:05:35.2137906+02:00" finish="2025-07-12T16:05:40.4187701+02:00" />
  <TestSettings name="default" id="33182397-1994-4994-be2e-5b68e42aacc7">
    <Deployment runDeploymentRoot="_DesktopUbuntu_2025-07-12_16_05_40" />
  </TestSettings>
  <Results>
    <UnitTestResult executionId="89023433-7e48-4527-a9f3-ebea7c1e9dd1" testId="6b5bab49-7e83-4742-8d68-1815f12ca24a" testName="Get difficulty level by value with different casing(casing: &quot;Beginner&quot;, exampleTags: [])" computerName="DesktopUbuntu" duration="00:00:00.0230998" startTime="2025-07-12T16:05:39.8770391+02:00" endTime="2025-07-12T16:05:39.8770392+02:00" testType="13cdc9d9-ddb5-4fa4-a97d-d965ccfc6d4b" outcome="Failed" testListId="8c84fa94-04c1-424b-9868-57a2d4851a1d" relativeResultsDirectory="89023433-7e48-4527-a9f3-ebea7c1e9dd1">
      <Output>
        <StdOut>-&gt; Initialized HttpClient for scenario: Get difficulty level by value with different casing
Given the database is empty
-&gt; Executing step: Given the database is empty
-&gt; done: DatabaseSteps.GivenTheDatabaseIsEmpty() (0.0s)
-&gt; Step result: Passed
And the database has reference data
-&gt; Executing step: Given the database has reference data
-&gt; done: DatabaseSteps.GivenTheDatabaseHasReferenceData() (0.0s)
-&gt; Step result: Passed
Given I send a GET request to "/api/ReferenceTables/DifficultyLevels"
-&gt; Executing step: Given I send a GET request to "/api/ReferenceTables/DifficultyLevels"
-&gt; done: RequestSteps.WhenISendARequestTo("GET", "/api/ReferenceTab...") (0.0s)
-&gt; Step result: Passed
And the response contains an item with value "Beginner"
-&gt; No matching step definition found for the step. Use the following code to create one:
        [Given("the response contains an item with value {string}")]&#xD;
        public void GivenTheResponseContainsAnItemWithValue(string beginner0)&#xD;
        {&#xD;
            _scenarioContext.Pending();&#xD;
        }&#xD;

When I send a GET request to "/api/ReferenceTables/DifficultyLevels/ByValue/Beginner"
-&gt; skipped because of previous errors
Then the response status should be 200
-&gt; skipped because of previous errors
And the response should have property "value" with value "Beginner"
-&gt; skipped because of previous errors</StdOut>
        <ErrorInfo>
          <Message>TechTalk.SpecFlow.MissingStepDefinitionException : No matching step definition found for one or more steps.</Message>
          <StackTrace>   at TechTalk.SpecFlow.ErrorHandling.ErrorProvider.ThrowPendingError(ScenarioExecutionStatus testStatus, String message)
   at TechTalk.SpecFlow.Infrastructure.TestExecutionEngine.OnAfterLastStepAsync()
   at TechTalk.SpecFlow.TestRunner.CollectScenarioErrorsAsync()
   at GetFitterGetBigger.API.IntegrationTests.Features.ReferenceData.DifficultyLevelsReferenceDataFeature.ScenarioCleanupAsync() in /home/esqueleto/myWork/GetFitterGetBigger/GetFitterGetBigger.API/GetFitterGetBigger.API.IntegrationTests/Features/ReferenceData/DifficultyLevels.feature.cs:line 74
   at GetFitterGetBigger.API.IntegrationTests.Features.ReferenceData.DifficultyLevelsReferenceDataFeature.GetDifficultyLevelByValueWithDifferentCasing(String casing, String[] exampleTags) in /home/esqueleto/myWork/GetFitterGetBigger/GetFitterGetBigger.API/GetFitterGetBigger.API.IntegrationTests/Features/ReferenceData/DifficultyLevels.feature.cs:line 307
--- End of stack trace from previous location ---</StackTrace>
        </ErrorInfo>
      </Output>
    </UnitTestResult>
    <UnitTestResult executionId="ce4e8c57-6757-4cb1-8daa-960b6686d3f3" testId="78c8d0c4-5915-18ed-925c-a215ae58addc" testName="Get difficulty level by value with different casing(casing: &quot;beginner&quot;, exampleTags: [])" computerName="DesktopUbuntu" duration="00:00:00.0348690" startTime="2025-07-12T16:05:39.7848243+02:00" endTime="2025-07-12T16:05:39.7848244+02:00" testType="13cdc9d9-ddb5-4fa4-a97d-d965ccfc6d4b" outcome="Failed" testListId="8c84fa94-04c1-424b-9868-57a2d4851a1d" relativeResultsDirectory="ce4e8c57-6757-4cb1-8daa-960b6686d3f3">
      <Output>
        <StdOut>-&gt; Initialized HttpClient for scenario: Get difficulty level by value with different casing
Given the database is empty
-&gt; Executing step: Given the database is empty
-&gt; done: DatabaseSteps.GivenTheDatabaseIsEmpty() (0.0s)
-&gt; Step result: Passed
And the database has reference data
-&gt; Executing step: Given the database has reference data
-&gt; done: DatabaseSteps.GivenTheDatabaseHasReferenceData() (0.0s)
-&gt; Step result: Passed
Given I send a GET request to "/api/ReferenceTables/DifficultyLevels"
-&gt; Executing step: Given I send a GET request to "/api/ReferenceTables/DifficultyLevels"
-&gt; done: RequestSteps.WhenISendARequestTo("GET", "/api/ReferenceTab...") (0.0s)
-&gt; Step result: Passed
And the response contains an item with value "Beginner"
-&gt; No matching step definition found for the step. Use the following code to create one:
        [Given("the response contains an item with value {string}")]&#xD;
        public void GivenTheResponseContainsAnItemWithValue(string beginner)&#xD;
        {&#xD;
            _scenarioContext.Pending();&#xD;
        }&#xD;

When I send a GET request to "/api/ReferenceTables/DifficultyLevels/ByValue/beginner"
-&gt; skipped because of previous errors
Then the response status should be 200
-&gt; skipped because of previous errors
And the response should have property "value" with value "Beginner"
-&gt; skipped because of previous errors</StdOut>
        <ErrorInfo>
          <Message>TechTalk.SpecFlow.MissingStepDefinitionException : No matching step definition found for one or more steps.</Message>
          <StackTrace>   at TechTalk.SpecFlow.ErrorHandling.ErrorProvider.ThrowPendingError(ScenarioExecutionStatus testStatus, String message)
   at TechTalk.SpecFlow.Infrastructure.TestExecutionEngine.OnAfterLastStepAsync()
   at TechTalk.SpecFlow.TestRunner.CollectScenarioErrorsAsync()
   at GetFitterGetBigger.API.IntegrationTests.Features.ReferenceData.DifficultyLevelsReferenceDataFeature.ScenarioCleanupAsync() in /home/esqueleto/myWork/GetFitterGetBigger/GetFitterGetBigger.API/GetFitterGetBigger.API.IntegrationTests/Features/ReferenceData/DifficultyLevels.feature.cs:line 74
   at GetFitterGetBigger.API.IntegrationTests.Features.ReferenceData.DifficultyLevelsReferenceDataFeature.GetDifficultyLevelByValueWithDifferentCasing(String casing, String[] exampleTags) in /home/esqueleto/myWork/GetFitterGetBigger/GetFitterGetBigger.API/GetFitterGetBigger.API.IntegrationTests/Features/ReferenceData/DifficultyLevels.feature.cs:line 307
--- End of stack trace from previous location ---</StackTrace>
        </ErrorInfo>
      </Output>
    </UnitTestResult>
    <UnitTestResult executionId="b3307efd-3b6d-446a-bb78-1bce17361b78" testId="8143067d-510a-1b22-fed2-1bfd042b77ac" testName="Get difficulty level by invalid ID format returns bad request" computerName="DesktopUbuntu" duration="00:00:00.0201395" startTime="2025-07-12T16:05:40.0833731+02:00" endTime="2025-07-12T16:05:40.0833732+02:00" testType="13cdc9d9-ddb5-4fa4-a97d-d965ccfc6d4b" outcome="Passed" testListId="8c84fa94-04c1-424b-9868-57a2d4851a1d" relativeResultsDirectory="b3307efd-3b6d-446a-bb78-1bce17361b78">
      <Output>
        <StdOut>-&gt; Initialized HttpClient for scenario: Get difficulty level by invalid ID format returns bad request
Given the database is empty
-&gt; Executing step: Given the database is empty
-&gt; done: DatabaseSteps.GivenTheDatabaseIsEmpty() (0.0s)
-&gt; Step result: Passed
And the database has reference data
-&gt; Executing step: Given the database has reference data
-&gt; done: DatabaseSteps.GivenTheDatabaseHasReferenceData() (0.0s)
-&gt; Step result: Passed
When I send a GET request to "/api/ReferenceTables/DifficultyLevels/8a8adb1d-24d2-4979-a5a6-0d760e6da24b"
-&gt; Executing step: When I send a GET request to "/api/ReferenceTables/DifficultyLevels/8a8adb1d-24d2-4979-a5a6-0d760e6da24b"
-&gt; done: RequestSteps.WhenISendARequestTo("GET", "/api/ReferenceTab...") (0.0s)
-&gt; Step result: Passed
Then the response status should be 400
-&gt; Executing step: Then the response status should be 400
-&gt; done: ResponseSteps.ThenTheResponseStatusShouldBe(400) (0.0s)
-&gt; Step result: Passed
And the response should contain "Invalid ID format"
-&gt; Executing step: Then the response should contain "Invalid ID format"
-&gt; done: ResponseSteps.ThenTheResponseShouldContain("Invalid ID format") (0.0s)
-&gt; Step result: Passed
And the response should contain "Expected format: 'difficultylevel-{guid}'"
-&gt; Executing step: Then the response should contain "Expected format: 'difficultylevel-{guid}'"
-&gt; done: ResponseSteps.ThenTheResponseShouldContain("Expected format: ...") (0.0s)
-&gt; Step result: Passed</StdOut>
      </Output>
    </UnitTestResult>
    <UnitTestResult executionId="46aaef71-e6f5-4b4e-b521-91ee76b62c04" testId="a450ef01-55c7-1965-e168-73ab1fa6db6e" testName="Get difficulty level by value with different casing(casing: &quot;BeGiNnEr&quot;, exampleTags: [])" computerName="DesktopUbuntu" duration="00:00:00.0182480" startTime="2025-07-12T16:05:39.8433414+02:00" endTime="2025-07-12T16:05:39.8433415+02:00" testType="13cdc9d9-ddb5-4fa4-a97d-d965ccfc6d4b" outcome="Failed" testListId="8c84fa94-04c1-424b-9868-57a2d4851a1d" relativeResultsDirectory="46aaef71-e6f5-4b4e-b521-91ee76b62c04">
      <Output>
        <StdOut>-&gt; Initialized HttpClient for scenario: Get difficulty level by value with different casing
Given the database is empty
-&gt; Executing step: Given the database is empty
-&gt; done: DatabaseSteps.GivenTheDatabaseIsEmpty() (0.0s)
-&gt; Step result: Passed
And the database has reference data
-&gt; Executing step: Given the database has reference data
-&gt; done: DatabaseSteps.GivenTheDatabaseHasReferenceData() (0.0s)
-&gt; Step result: Passed
Given I send a GET request to "/api/ReferenceTables/DifficultyLevels"
-&gt; Executing step: Given I send a GET request to "/api/ReferenceTables/DifficultyLevels"
-&gt; done: RequestSteps.WhenISendARequestTo("GET", "/api/ReferenceTab...") (0.0s)
-&gt; Step result: Passed
And the response contains an item with value "Beginner"
-&gt; No matching step definition found for the step. Use the following code to create one:
        [Given("the response contains an item with value {string}")]&#xD;
        public void GivenTheResponseContainsAnItemWithValue(string beginner0)&#xD;
        {&#xD;
            _scenarioContext.Pending();&#xD;
        }&#xD;

When I send a GET request to "/api/ReferenceTables/DifficultyLevels/ByValue/BeGiNnEr"
-&gt; skipped because of previous errors
Then the response status should be 200
-&gt; skipped because of previous errors
And the response should have property "value" with value "Beginner"
-&gt; skipped because of previous errors</StdOut>
        <ErrorInfo>
          <Message>TechTalk.SpecFlow.MissingStepDefinitionException : No matching step definition found for one or more steps.</Message>
          <StackTrace>   at TechTalk.SpecFlow.ErrorHandling.ErrorProvider.ThrowPendingError(ScenarioExecutionStatus testStatus, String message)
   at TechTalk.SpecFlow.Infrastructure.TestExecutionEngine.OnAfterLastStepAsync()
   at TechTalk.SpecFlow.TestRunner.CollectScenarioErrorsAsync()
   at GetFitterGetBigger.API.IntegrationTests.Features.ReferenceData.DifficultyLevelsReferenceDataFeature.ScenarioCleanupAsync() in /home/esqueleto/myWork/GetFitterGetBigger/GetFitterGetBigger.API/GetFitterGetBigger.API.IntegrationTests/Features/ReferenceData/DifficultyLevels.feature.cs:line 74
   at GetFitterGetBigger.API.IntegrationTests.Features.ReferenceData.DifficultyLevelsReferenceDataFeature.GetDifficultyLevelByValueWithDifferentCasing(String casing, String[] exampleTags) in /home/esqueleto/myWork/GetFitterGetBigger/GetFitterGetBigger.API/GetFitterGetBigger.API.IntegrationTests/Features/ReferenceData/DifficultyLevels.feature.cs:line 307
--- End of stack trace from previous location ---</StackTrace>
        </ErrorInfo>
      </Output>
    </UnitTestResult>
    <UnitTestResult executionId="37738894-521b-4e30-9f59-d18134d818ec" testId="29bd479b-00e8-49d2-ced1-f439e4dd47a8" testName="Get difficulty level by valid value" computerName="DesktopUbuntu" duration="00:00:00.0300729" startTime="2025-07-12T16:05:39.9151083+02:00" endTime="2025-07-12T16:05:39.9151084+02:00" testType="13cdc9d9-ddb5-4fa4-a97d-d965ccfc6d4b" outcome="Failed" testListId="8c84fa94-04c1-424b-9868-57a2d4851a1d" relativeResultsDirectory="37738894-521b-4e30-9f59-d18134d818ec">
      <Output>
        <StdOut>-&gt; Initialized HttpClient for scenario: Get difficulty level by valid value
Given the database is empty
-&gt; Executing step: Given the database is empty
-&gt; done: DatabaseSteps.GivenTheDatabaseIsEmpty() (0.0s)
-&gt; Step result: Passed
And the database has reference data
-&gt; Executing step: Given the database has reference data
-&gt; done: DatabaseSteps.GivenTheDatabaseHasReferenceData() (0.0s)
-&gt; Step result: Passed
Given I send a GET request to "/api/ReferenceTables/DifficultyLevels"
-&gt; Executing step: Given I send a GET request to "/api/ReferenceTables/DifficultyLevels"
-&gt; done: RequestSteps.WhenISendARequestTo("GET", "/api/ReferenceTab...") (0.0s)
-&gt; Step result: Passed
And the response contains at least 1 item
-&gt; No matching step definition found for the step. Use the following code to create one:
        [Given("the response contains at least {int} item")]&#xD;
        public void GivenTheResponseContainsAtLeastItem(int p0)&#xD;
        {&#xD;
            _scenarioContext.Pending();&#xD;
        }&#xD;

And I store the first item from the response as "firstDifficultyLevel"
-&gt; No matching step definition found for the step. Use the following code to create one:
        [Given("I store the first item from the response as {string}")]&#xD;
        public void GivenIStoreTheFirstItemFromTheResponseAs(string firstDifficultyLevel0)&#xD;
        {&#xD;
            _scenarioContext.Pending();&#xD;
        }&#xD;

When I send a GET request to "/api/ReferenceTables/DifficultyLevels/ByValue/&lt;firstDifficultyLevel.Value&gt;"
-&gt; skipped because of previous errors
Then the response status should be 200
-&gt; skipped because of previous errors
And the response should have property "value" with value "&lt;firstDifficultyLevel.Value&gt;"
-&gt; skipped because of previous errors</StdOut>
        <ErrorInfo>
          <Message>TechTalk.SpecFlow.MissingStepDefinitionException : No matching step definition found for one or more steps.</Message>
          <StackTrace>   at TechTalk.SpecFlow.ErrorHandling.ErrorProvider.ThrowPendingError(ScenarioExecutionStatus testStatus, String message)
   at TechTalk.SpecFlow.Infrastructure.TestExecutionEngine.OnAfterLastStepAsync()
   at TechTalk.SpecFlow.TestRunner.CollectScenarioErrorsAsync()
   at GetFitterGetBigger.API.IntegrationTests.Features.ReferenceData.DifficultyLevelsReferenceDataFeature.ScenarioCleanupAsync() in /home/esqueleto/myWork/GetFitterGetBigger/GetFitterGetBigger.API/GetFitterGetBigger.API.IntegrationTests/Features/ReferenceData/DifficultyLevels.feature.cs:line 74
   at GetFitterGetBigger.API.IntegrationTests.Features.ReferenceData.DifficultyLevelsReferenceDataFeature.GetDifficultyLevelByValidValue() in /home/esqueleto/myWork/GetFitterGetBigger/GetFitterGetBigger.API/GetFitterGetBigger.API.IntegrationTests/Features/ReferenceData/DifficultyLevels.feature.cs:line 239
--- End of stack trace from previous location ---</StackTrace>
        </ErrorInfo>
      </Output>
    </UnitTestResult>
    <UnitTestResult executionId="70322640-fc6b-43c7-9783-a86c56b0dfe9" testId="7d84a9b6-dc51-9fb7-23d3-28b46d8b1ac9" testName="Get difficulty level by non-existent value returns not found" computerName="DesktopUbuntu" duration="00:00:00.0717259" startTime="2025-07-12T16:05:39.9940748+02:00" endTime="2025-07-12T16:05:39.9940749+02:00" testType="13cdc9d9-ddb5-4fa4-a97d-d965ccfc6d4b" outcome="Passed" testListId="8c84fa94-04c1-424b-9868-57a2d4851a1d" relativeResultsDirectory="70322640-fc6b-43c7-9783-a86c56b0dfe9">
      <Output>
        <StdOut>-&gt; Initialized HttpClient for scenario: Get difficulty level by non-existent value returns not found
Given the database is empty
-&gt; Executing step: Given the database is empty
-&gt; done: DatabaseSteps.GivenTheDatabaseIsEmpty() (0.0s)
-&gt; Step result: Passed
And the database has reference data
-&gt; Executing step: Given the database has reference data
-&gt; done: DatabaseSteps.GivenTheDatabaseHasReferenceData() (0.0s)
-&gt; Step result: Passed
When I send a GET request to "/api/ReferenceTables/DifficultyLevels/ByValue/NonExistentDifficultyLevel"
-&gt; Executing step: When I send a GET request to "/api/ReferenceTables/DifficultyLevels/ByValue/NonExistentDifficultyLevel"
-&gt; done: RequestSteps.WhenISendARequestTo("GET", "/api/ReferenceTab...") (0.1s)
-&gt; Step result: Passed
Then the response status should be 404
-&gt; Executing step: Then the response status should be 404
-&gt; done: ResponseSteps.ThenTheResponseStatusShouldBe(404) (0.0s)
-&gt; Step result: Passed</StdOut>
      </Output>
    </UnitTestResult>
    <UnitTestResult executionId="75dcd282-d1b9-48ab-9819-eb5464ed5367" testId="24b86cba-8a25-b3a3-0b66-1b00364a89c0" testName="Get difficulty level by valid ID" computerName="DesktopUbuntu" duration="00:00:01.1863223" startTime="2025-07-12T16:05:39.7418862+02:00" endTime="2025-07-12T16:05:39.7418863+02:00" testType="13cdc9d9-ddb5-4fa4-a97d-d965ccfc6d4b" outcome="Failed" testListId="8c84fa94-04c1-424b-9868-57a2d4851a1d" relativeResultsDirectory="75dcd282-d1b9-48ab-9819-eb5464ed5367">
      <Output>
        <StdOut>-&gt; Initialized HttpClient for scenario: Get difficulty level by valid ID
Given the database is empty
-&gt; Executing step: Given the database is empty
-&gt; done: DatabaseSteps.GivenTheDatabaseIsEmpty() (0.0s)
-&gt; Step result: Passed
And the database has reference data
-&gt; Executing step: Given the database has reference data
-&gt; done: DatabaseSteps.GivenTheDatabaseHasReferenceData() (0.0s)
-&gt; Step result: Passed
Given I send a GET request to "/api/ReferenceTables/DifficultyLevels"
-&gt; Executing step: Given I send a GET request to "/api/ReferenceTables/DifficultyLevels"
-&gt; done: RequestSteps.WhenISendARequestTo("GET", "/api/ReferenceTab...") (0.1s)
-&gt; Step result: Passed
And the response contains at least 1 item
-&gt; No matching step definition found for the step. Use the following code to create one:
        [Given("the response contains at least {int} item")]&#xD;
        public void GivenTheResponseContainsAtLeastItem(int p0)&#xD;
        {&#xD;
            _scenarioContext.Pending();&#xD;
        }&#xD;

And I store the first item from the response as "firstDifficultyLevel"
-&gt; No matching step definition found for the step. Use the following code to create one:
        [Given("I store the first item from the response as {string}")]&#xD;
        public void GivenIStoreTheFirstItemFromTheResponseAs(string firstDifficultyLevel)&#xD;
        {&#xD;
            _scenarioContext.Pending();&#xD;
        }&#xD;

When I send a GET request to "/api/ReferenceTables/DifficultyLevels/&lt;firstDifficultyLevel.Id&gt;"
-&gt; skipped because of previous errors
Then the response status should be 200
-&gt; skipped because of previous errors
And the response should have property "id" with value "&lt;firstDifficultyLevel.Id&gt;"
-&gt; skipped because of previous errors
And the response should have property "value" with value "&lt;firstDifficultyLevel.Value&gt;"
-&gt; skipped because of previous errors</StdOut>
        <ErrorInfo>
          <Message>TechTalk.SpecFlow.MissingStepDefinitionException : No matching step definition found for one or more steps.</Message>
          <StackTrace>   at TechTalk.SpecFlow.ErrorHandling.ErrorProvider.ThrowPendingError(ScenarioExecutionStatus testStatus, String message)
   at TechTalk.SpecFlow.Infrastructure.TestExecutionEngine.OnAfterLastStepAsync()
   at TechTalk.SpecFlow.TestRunner.CollectScenarioErrorsAsync()
   at GetFitterGetBigger.API.IntegrationTests.Features.ReferenceData.DifficultyLevelsReferenceDataFeature.ScenarioCleanupAsync() in /home/esqueleto/myWork/GetFitterGetBigger/GetFitterGetBigger.API/GetFitterGetBigger.API.IntegrationTests/Features/ReferenceData/DifficultyLevels.feature.cs:line 74
   at GetFitterGetBigger.API.IntegrationTests.Features.ReferenceData.DifficultyLevelsReferenceDataFeature.GetDifficultyLevelByValidID() in /home/esqueleto/myWork/GetFitterGetBigger/GetFitterGetBigger.API/GetFitterGetBigger.API.IntegrationTests/Features/ReferenceData/DifficultyLevels.feature.cs:line 150
--- End of stack trace from previous location ---</StackTrace>
        </ErrorInfo>
      </Output>
    </UnitTestResult>
    <UnitTestResult executionId="1527eab6-5a0b-4ea1-bf42-64329b3b45b4" testId="ff8f3041-b633-1617-4d2d-8212db51b23f" testName="Get all difficulty levels" computerName="DesktopUbuntu" duration="00:00:00.0160299" startTime="2025-07-12T16:05:40.0573044+02:00" endTime="2025-07-12T16:05:40.0573046+02:00" testType="13cdc9d9-ddb5-4fa4-a97d-d965ccfc6d4b" outcome="Passed" testListId="8c84fa94-04c1-424b-9868-57a2d4851a1d" relativeResultsDirectory="1527eab6-5a0b-4ea1-bf42-64329b3b45b4">
      <Output>
        <StdOut>-&gt; Initialized HttpClient for scenario: Get all difficulty levels
Given the database is empty
-&gt; Executing step: Given the database is empty
-&gt; done: DatabaseSteps.GivenTheDatabaseIsEmpty() (0.0s)
-&gt; Step result: Passed
And the database has reference data
-&gt; Executing step: Given the database has reference data
-&gt; done: DatabaseSteps.GivenTheDatabaseHasReferenceData() (0.0s)
-&gt; Step result: Passed
When I send a GET request to "/api/ReferenceTables/DifficultyLevels"
-&gt; Executing step: When I send a GET request to "/api/ReferenceTables/DifficultyLevels"
-&gt; done: RequestSteps.WhenISendARequestTo("GET", "/api/ReferenceTab...") (0.0s)
-&gt; Step result: Passed
Then the response status should be 200
-&gt; Executing step: Then the response status should be 200
-&gt; done: ResponseSteps.ThenTheResponseStatusShouldBe(200) (0.0s)
-&gt; Step result: Passed
And the response should be a JSON array
-&gt; Executing step: Then the response should be a JSON array
-&gt; done: ResponseSteps.ThenTheResponseShouldBeAJsonArray() (0.0s)
-&gt; Step result: Passed</StdOut>
      </Output>
    </UnitTestResult>
    <UnitTestResult executionId="216597d5-4661-4fb3-bef4-0d6b7bb1c841" testId="20571401-7eb7-cd89-4987-788dae12b96c" testName="Get difficulty level by value with different casing(casing: &quot;BEGINNER&quot;, exampleTags: [])" computerName="DesktopUbuntu" duration="00:00:00.0259634" startTime="2025-07-12T16:05:39.8169861+02:00" endTime="2025-07-12T16:05:39.8169862+02:00" testType="13cdc9d9-ddb5-4fa4-a97d-d965ccfc6d4b" outcome="Failed" testListId="8c84fa94-04c1-424b-9868-57a2d4851a1d" relativeResultsDirectory="216597d5-4661-4fb3-bef4-0d6b7bb1c841">
      <Output>
        <StdOut>-&gt; Initialized HttpClient for scenario: Get difficulty level by value with different casing
Given the database is empty
-&gt; Executing step: Given the database is empty
-&gt; done: DatabaseSteps.GivenTheDatabaseIsEmpty() (0.0s)
-&gt; Step result: Passed
And the database has reference data
-&gt; Executing step: Given the database has reference data
-&gt; done: DatabaseSteps.GivenTheDatabaseHasReferenceData() (0.0s)
-&gt; Step result: Passed
Given I send a GET request to "/api/ReferenceTables/DifficultyLevels"
-&gt; Executing step: Given I send a GET request to "/api/ReferenceTables/DifficultyLevels"
-&gt; done: RequestSteps.WhenISendARequestTo("GET", "/api/ReferenceTab...") (0.0s)
-&gt; Step result: Passed
And the response contains an item with value "Beginner"
-&gt; No matching step definition found for the step. Use the following code to create one:
        [Given("the response contains an item with value {string}")]&#xD;
        public void GivenTheResponseContainsAnItemWithValue(string beginner0)&#xD;
        {&#xD;
            _scenarioContext.Pending();&#xD;
        }&#xD;

When I send a GET request to "/api/ReferenceTables/DifficultyLevels/ByValue/BEGINNER"
-&gt; skipped because of previous errors
Then the response status should be 200
-&gt; skipped because of previous errors
And the response should have property "value" with value "Beginner"
-&gt; skipped because of previous errors</StdOut>
        <ErrorInfo>
          <Message>TechTalk.SpecFlow.MissingStepDefinitionException : No matching step definition found for one or more steps.</Message>
          <StackTrace>   at TechTalk.SpecFlow.ErrorHandling.ErrorProvider.ThrowPendingError(ScenarioExecutionStatus testStatus, String message)
   at TechTalk.SpecFlow.Infrastructure.TestExecutionEngine.OnAfterLastStepAsync()
   at TechTalk.SpecFlow.TestRunner.CollectScenarioErrorsAsync()
   at GetFitterGetBigger.API.IntegrationTests.Features.ReferenceData.DifficultyLevelsReferenceDataFeature.ScenarioCleanupAsync() in /home/esqueleto/myWork/GetFitterGetBigger/GetFitterGetBigger.API/GetFitterGetBigger.API.IntegrationTests/Features/ReferenceData/DifficultyLevels.feature.cs:line 74
   at GetFitterGetBigger.API.IntegrationTests.Features.ReferenceData.DifficultyLevelsReferenceDataFeature.GetDifficultyLevelByValueWithDifferentCasing(String casing, String[] exampleTags) in /home/esqueleto/myWork/GetFitterGetBigger/GetFitterGetBigger.API/GetFitterGetBigger.API.IntegrationTests/Features/ReferenceData/DifficultyLevels.feature.cs:line 307
--- End of stack trace from previous location ---</StackTrace>
        </ErrorInfo>
      </Output>
    </UnitTestResult>
    <UnitTestResult executionId="c2804bb5-a620-4aa0-9517-df6dd0e0dd4d" testId="7dc8d6e5-a945-2023-9853-f2cf4c56e8e2" testName="Get difficulty level by non-existent ID returns not found" computerName="DesktopUbuntu" duration="00:00:00.0284858" startTime="2025-07-12T16:05:40.0350192+02:00" endTime="2025-07-12T16:05:40.0350193+02:00" testType="13cdc9d9-ddb5-4fa4-a97d-d965ccfc6d4b" outcome="Passed" testListId="8c84fa94-04c1-424b-9868-57a2d4851a1d" relativeResultsDirectory="c2804bb5-a620-4aa0-9517-df6dd0e0dd4d">
      <Output>
        <StdOut>-&gt; Initialized HttpClient for scenario: Get difficulty level by non-existent ID returns not found
Given the database is empty
-&gt; Executing step: Given the database is empty
-&gt; done: DatabaseSteps.GivenTheDatabaseIsEmpty() (0.0s)
-&gt; Step result: Passed
And the database has reference data
-&gt; Executing step: Given the database has reference data
-&gt; done: DatabaseSteps.GivenTheDatabaseHasReferenceData() (0.0s)
-&gt; Step result: Passed
When I send a GET request to "/api/ReferenceTables/DifficultyLevels/difficultylevel-00000000-0000-0000-0000-000000000000"
-&gt; Executing step: When I send a GET request to "/api/ReferenceTables/DifficultyLevels/difficultylevel-00000000-0000-0000-0000-000000000000"
-&gt; done: RequestSteps.WhenISendARequestTo("GET", "/api/ReferenceTab...") (0.0s)
-&gt; Step result: Passed
Then the response status should be 404
-&gt; Executing step: Then the response status should be 404
-&gt; done: ResponseSteps.ThenTheResponseStatusShouldBe(404) (0.0s)
-&gt; Step result: Passed</StdOut>
      </Output>
    </UnitTestResult>
    <UnitTestResult executionId="5ef85fc0-2a09-487b-acc1-748c1a19cc8a" testId="809e8303-d8db-83e6-c645-da5f376be7b8" testName="Database is accessible" computerName="DesktopUbuntu" duration="00:00:01.0971245" startTime="2025-07-12T16:05:39.6509026+02:00" endTime="2025-07-12T16:05:39.6509116+02:00" testType="13cdc9d9-ddb5-4fa4-a97d-d965ccfc6d4b" outcome="Passed" testListId="8c84fa94-04c1-424b-9868-57a2d4851a1d" relativeResultsDirectory="5ef85fc0-2a09-487b-acc1-748c1a19cc8a">
      <Output>
        <StdOut>-&gt; Initialized HttpClient for scenario: Database is accessible
Given the database is empty
-&gt; Executing step: Given the database is empty
-&gt; done: DatabaseSteps.GivenTheDatabaseIsEmpty() (0.0s)
-&gt; Step result: Passed
Then the database should be accessible
-&gt; Executing step: Then the database should be accessible
-&gt; done: DatabaseSteps.ThenTheDatabaseShouldBeAccessible() (0.0s)
-&gt; Step result: Passed</StdOut>
      </Output>
    </UnitTestResult>
  </Results>
  <TestDefinitions>
    <UnitTest name="Get difficulty level by valid ID" storage="/home/esqueleto/mywork/getfittergetbigger/getfittergetbigger.api/getfittergetbigger.api.integrationtests/bin/debug/net9.0/getfittergetbigger.api.integrationtests.dll" id="24b86cba-8a25-b3a3-0b66-1b00364a89c0">
      <Execution id="75dcd282-d1b9-48ab-9819-eb5464ed5367" />
      <TestMethod codeBase="/home/esqueleto/myWork/GetFitterGetBigger/GetFitterGetBigger.API/GetFitterGetBigger.API.IntegrationTests/bin/Debug/net9.0/GetFitterGetBigger.API.IntegrationTests.dll" adapterTypeName="executor://xunit/VsTestRunner2/netcoreapp" className="GetFitterGetBigger.API.IntegrationTests.Features.ReferenceData.DifficultyLevelsReferenceDataFeature" name="GetDifficultyLevelByValidID" />
    </UnitTest>
    <UnitTest name="Database is accessible" storage="/home/esqueleto/mywork/getfittergetbigger/getfittergetbigger.api/getfittergetbigger.api.integrationtests/bin/debug/net9.0/getfittergetbigger.api.integrationtests.dll" id="809e8303-d8db-83e6-c645-da5f376be7b8">
      <Execution id="5ef85fc0-2a09-487b-acc1-748c1a19cc8a" />
      <TestMethod codeBase="/home/esqueleto/myWork/GetFitterGetBigger/GetFitterGetBigger.API/GetFitterGetBigger.API.IntegrationTests/bin/Debug/net9.0/GetFitterGetBigger.API.IntegrationTests.dll" adapterTypeName="executor://xunit/VsTestRunner2/netcoreapp" className="GetFitterGetBigger.API.IntegrationTests.Features.Basic.DatabaseConnectionFeature" name="DatabaseIsAccessible" />
    </UnitTest>
    <UnitTest name="Get difficulty level by value with different casing(casing: &quot;BEGINNER&quot;, exampleTags: [])" storage="/home/esqueleto/mywork/getfittergetbigger/getfittergetbigger.api/getfittergetbigger.api.integrationtests/bin/debug/net9.0/getfittergetbigger.api.integrationtests.dll" id="20571401-7eb7-cd89-4987-788dae12b96c">
      <Execution id="216597d5-4661-4fb3-bef4-0d6b7bb1c841" />
      <TestMethod codeBase="/home/esqueleto/myWork/GetFitterGetBigger/GetFitterGetBigger.API/GetFitterGetBigger.API.IntegrationTests/bin/Debug/net9.0/GetFitterGetBigger.API.IntegrationTests.dll" adapterTypeName="executor://xunit/VsTestRunner2/netcoreapp" className="GetFitterGetBigger.API.IntegrationTests.Features.ReferenceData.DifficultyLevelsReferenceDataFeature" name="GetDifficultyLevelByValueWithDifferentCasing" />
    </UnitTest>
    <UnitTest name="Get difficulty level by value with different casing(casing: &quot;BeGiNnEr&quot;, exampleTags: [])" storage="/home/esqueleto/mywork/getfittergetbigger/getfittergetbigger.api/getfittergetbigger.api.integrationtests/bin/debug/net9.0/getfittergetbigger.api.integrationtests.dll" id="a450ef01-55c7-1965-e168-73ab1fa6db6e">
      <Execution id="46aaef71-e6f5-4b4e-b521-91ee76b62c04" />
      <TestMethod codeBase="/home/esqueleto/myWork/GetFitterGetBigger/GetFitterGetBigger.API/GetFitterGetBigger.API.IntegrationTests/bin/Debug/net9.0/GetFitterGetBigger.API.IntegrationTests.dll" adapterTypeName="executor://xunit/VsTestRunner2/netcoreapp" className="GetFitterGetBigger.API.IntegrationTests.Features.ReferenceData.DifficultyLevelsReferenceDataFeature" name="GetDifficultyLevelByValueWithDifferentCasing" />
    </UnitTest>
    <UnitTest name="Get difficulty level by valid value" storage="/home/esqueleto/mywork/getfittergetbigger/getfittergetbigger.api/getfittergetbigger.api.integrationtests/bin/debug/net9.0/getfittergetbigger.api.integrationtests.dll" id="29bd479b-00e8-49d2-ced1-f439e4dd47a8">
      <Execution id="37738894-521b-4e30-9f59-d18134d818ec" />
      <TestMethod codeBase="/home/esqueleto/myWork/GetFitterGetBigger/GetFitterGetBigger.API/GetFitterGetBigger.API.IntegrationTests/bin/Debug/net9.0/GetFitterGetBigger.API.IntegrationTests.dll" adapterTypeName="executor://xunit/VsTestRunner2/netcoreapp" className="GetFitterGetBigger.API.IntegrationTests.Features.ReferenceData.DifficultyLevelsReferenceDataFeature" name="GetDifficultyLevelByValidValue" />
    </UnitTest>
    <UnitTest name="Get difficulty level by non-existent value returns not found" storage="/home/esqueleto/mywork/getfittergetbigger/getfittergetbigger.api/getfittergetbigger.api.integrationtests/bin/debug/net9.0/getfittergetbigger.api.integrationtests.dll" id="7d84a9b6-dc51-9fb7-23d3-28b46d8b1ac9">
      <Execution id="70322640-fc6b-43c7-9783-a86c56b0dfe9" />
      <TestMethod codeBase="/home/esqueleto/myWork/GetFitterGetBigger/GetFitterGetBigger.API/GetFitterGetBigger.API.IntegrationTests/bin/Debug/net9.0/GetFitterGetBigger.API.IntegrationTests.dll" adapterTypeName="executor://xunit/VsTestRunner2/netcoreapp" className="GetFitterGetBigger.API.IntegrationTests.Features.ReferenceData.DifficultyLevelsReferenceDataFeature" name="GetDifficultyLevelByNon_ExistentValueReturnsNotFound" />
    </UnitTest>
    <UnitTest name="Get difficulty level by invalid ID format returns bad request" storage="/home/esqueleto/mywork/getfittergetbigger/getfittergetbigger.api/getfittergetbigger.api.integrationtests/bin/debug/net9.0/getfittergetbigger.api.integrationtests.dll" id="8143067d-510a-1b22-fed2-1bfd042b77ac">
      <Execution id="b3307efd-3b6d-446a-bb78-1bce17361b78" />
      <TestMethod codeBase="/home/esqueleto/myWork/GetFitterGetBigger/GetFitterGetBigger.API/GetFitterGetBigger.API.IntegrationTests/bin/Debug/net9.0/GetFitterGetBigger.API.IntegrationTests.dll" adapterTypeName="executor://xunit/VsTestRunner2/netcoreapp" className="GetFitterGetBigger.API.IntegrationTests.Features.ReferenceData.DifficultyLevelsReferenceDataFeature" name="GetDifficultyLevelByInvalidIDFormatReturnsBadRequest" />
    </UnitTest>
    <UnitTest name="Get all difficulty levels" storage="/home/esqueleto/mywork/getfittergetbigger/getfittergetbigger.api/getfittergetbigger.api.integrationtests/bin/debug/net9.0/getfittergetbigger.api.integrationtests.dll" id="ff8f3041-b633-1617-4d2d-8212db51b23f">
      <Execution id="1527eab6-5a0b-4ea1-bf42-64329b3b45b4" />
      <TestMethod codeBase="/home/esqueleto/myWork/GetFitterGetBigger/GetFitterGetBigger.API/GetFitterGetBigger.API.IntegrationTests/bin/Debug/net9.0/GetFitterGetBigger.API.IntegrationTests.dll" adapterTypeName="executor://xunit/VsTestRunner2/netcoreapp" className="GetFitterGetBigger.API.IntegrationTests.Features.ReferenceData.DifficultyLevelsReferenceDataFeature" name="GetAllDifficultyLevels" />
    </UnitTest>
    <UnitTest name="Get difficulty level by value with different casing(casing: &quot;Beginner&quot;, exampleTags: [])" storage="/home/esqueleto/mywork/getfittergetbigger/getfittergetbigger.api/getfittergetbigger.api.integrationtests/bin/debug/net9.0/getfittergetbigger.api.integrationtests.dll" id="6b5bab49-7e83-4742-8d68-1815f12ca24a">
      <Execution id="89023433-7e48-4527-a9f3-ebea7c1e9dd1" />
      <TestMethod codeBase="/home/esqueleto/myWork/GetFitterGetBigger/GetFitterGetBigger.API/GetFitterGetBigger.API.IntegrationTests/bin/Debug/net9.0/GetFitterGetBigger.API.IntegrationTests.dll" adapterTypeName="executor://xunit/VsTestRunner2/netcoreapp" className="GetFitterGetBigger.API.IntegrationTests.Features.ReferenceData.DifficultyLevelsReferenceDataFeature" name="GetDifficultyLevelByValueWithDifferentCasing" />
    </UnitTest>
    <UnitTest name="Get difficulty level by non-existent ID returns not found" storage="/home/esqueleto/mywork/getfittergetbigger/getfittergetbigger.api/getfittergetbigger.api.integrationtests/bin/debug/net9.0/getfittergetbigger.api.integrationtests.dll" id="7dc8d6e5-a945-2023-9853-f2cf4c56e8e2">
      <Execution id="c2804bb5-a620-4aa0-9517-df6dd0e0dd4d" />
      <TestMethod codeBase="/home/esqueleto/myWork/GetFitterGetBigger/GetFitterGetBigger.API/GetFitterGetBigger.API.IntegrationTests/bin/Debug/net9.0/GetFitterGetBigger.API.IntegrationTests.dll" adapterTypeName="executor://xunit/VsTestRunner2/netcoreapp" className="GetFitterGetBigger.API.IntegrationTests.Features.ReferenceData.DifficultyLevelsReferenceDataFeature" name="GetDifficultyLevelByNon_ExistentIDReturnsNotFound" />
    </UnitTest>
    <UnitTest name="Get difficulty level by value with different casing(casing: &quot;beginner&quot;, exampleTags: [])" storage="/home/esqueleto/mywork/getfittergetbigger/getfittergetbigger.api/getfittergetbigger.api.integrationtests/bin/debug/net9.0/getfittergetbigger.api.integrationtests.dll" id="78c8d0c4-5915-18ed-925c-a215ae58addc">
      <Execution id="ce4e8c57-6757-4cb1-8daa-960b6686d3f3" />
      <TestMethod codeBase="/home/esqueleto/myWork/GetFitterGetBigger/GetFitterGetBigger.API/GetFitterGetBigger.API.IntegrationTests/bin/Debug/net9.0/GetFitterGetBigger.API.IntegrationTests.dll" adapterTypeName="executor://xunit/VsTestRunner2/netcoreapp" className="GetFitterGetBigger.API.IntegrationTests.Features.ReferenceData.DifficultyLevelsReferenceDataFeature" name="GetDifficultyLevelByValueWithDifferentCasing" />
    </UnitTest>
  </TestDefinitions>
  <TestEntries>
    <TestEntry testId="6b5bab49-7e83-4742-8d68-1815f12ca24a" executionId="89023433-7e48-4527-a9f3-ebea7c1e9dd1" testListId="8c84fa94-04c1-424b-9868-57a2d4851a1d" />
    <TestEntry testId="78c8d0c4-5915-18ed-925c-a215ae58addc" executionId="ce4e8c57-6757-4cb1-8daa-960b6686d3f3" testListId="8c84fa94-04c1-424b-9868-57a2d4851a1d" />
    <TestEntry testId="8143067d-510a-1b22-fed2-1bfd042b77ac" executionId="b3307efd-3b6d-446a-bb78-1bce17361b78" testListId="8c84fa94-04c1-424b-9868-57a2d4851a1d" />
    <TestEntry testId="a450ef01-55c7-1965-e168-73ab1fa6db6e" executionId="46aaef71-e6f5-4b4e-b521-91ee76b62c04" testListId="8c84fa94-04c1-424b-9868-57a2d4851a1d" />
    <TestEntry testId="29bd479b-00e8-49d2-ced1-f439e4dd47a8" executionId="37738894-521b-4e30-9f59-d18134d818ec" testListId="8c84fa94-04c1-424b-9868-57a2d4851a1d" />
    <TestEntry testId="7d84a9b6-dc51-9fb7-23d3-28b46d8b1ac9" executionId="70322640-fc6b-43c7-9783-a86c56b0dfe9" testListId="8c84fa94-04c1-424b-9868-57a2d4851a1d" />
    <TestEntry testId="24b86cba-8a25-b3a3-0b66-1b00364a89c0" executionId="75dcd282-d1b9-48ab-9819-eb5464ed5367" testListId="8c84fa94-04c1-424b-9868-57a2d4851a1d" />
    <TestEntry testId="ff8f3041-b633-1617-4d2d-8212db51b23f" executionId="1527eab6-5a0b-4ea1-bf42-64329b3b45b4" testListId="8c84fa94-04c1-424b-9868-57a2d4851a1d" />
    <TestEntry testId="20571401-7eb7-cd89-4987-788dae12b96c" executionId="216597d5-4661-4fb3-bef4-0d6b7bb1c841" testListId="8c84fa94-04c1-424b-9868-57a2d4851a1d" />
    <TestEntry testId="7dc8d6e5-a945-2023-9853-f2cf4c56e8e2" executionId="c2804bb5-a620-4aa0-9517-df6dd0e0dd4d" testListId="8c84fa94-04c1-424b-9868-57a2d4851a1d" />
    <TestEntry testId="809e8303-d8db-83e6-c645-da5f376be7b8" executionId="5ef85fc0-2a09-487b-acc1-748c1a19cc8a" testListId="8c84fa94-04c1-424b-9868-57a2d4851a1d" />
  </TestEntries>
  <TestLists>
    <TestList name="Results Not in a List" id="8c84fa94-04c1-424b-9868-57a2d4851a1d" />
    <TestList name="All Loaded Results" id="19431567-8539-422a-85d7-44ee4e166bda" />
  </TestLists>
  <ResultSummary outcome="Failed">
    <Counters total="11" executed="11" passed="5" failed="6" error="0" timeout="0" aborted="0" inconclusive="0" passedButRunAborted="0" notRunnable="0" notExecuted="0" disconnected="0" warning="0" completed="0" inProgress="0" pending="0" />
    <Output>
      <StdOut>[xUnit.net 00:00:00.00] xUnit.net VSTest Adapter v2.8.2+699d445a1a (64-bit .NET 9.0.3)
[xUnit.net 00:00:00.04]   Discovering: GetFitterGetBigger.API.IntegrationTests
[xUnit.net 00:00:00.06]   Discovered:  GetFitterGetBigger.API.IntegrationTests
[xUnit.net 00:00:00.07]   Starting:    GetFitterGetBigger.API.IntegrationTests
-&gt; Loading plugin /home/esqueleto/myWork/GetFitterGetBigger/GetFitterGetBigger.API/GetFitterGetBigger.API.IntegrationTests/bin/Debug/net9.0/TechTalk.SpecFlow.xUnit.SpecFlowPlugin.dll
-&gt; Loading plugin /home/esqueleto/myWork/GetFitterGetBigger/GetFitterGetBigger.API/GetFitterGetBigger.API.IntegrationTests/bin/Debug/net9.0/GetFitterGetBigger.API.IntegrationTests.dll
-&gt; Using specflow.json
[testcontainers.org 00:00:00.07] Connected to Docker:
  Host: unix:///var/run/docker.sock
  Server Version: 27.3.1
  Kernel Version: 6.14.0-23-generic
  API Version: 1.47
  Operating System: Ubuntu 25.04
  Total Memory: 61.38 GB
[testcontainers.org 00:00:00.13] Docker container b81301ee1e48 created
[testcontainers.org 00:00:00.15] Start Docker container b81301ee1e48
[testcontainers.org 00:00:00.25] Wait for Docker container b81301ee1e48 to complete readiness checks
[testcontainers.org 00:00:00.25] Docker container b81301ee1e48 ready
[testcontainers.org 00:00:00.27] Docker container 5c5916a8dcfb created
[testcontainers.org 00:00:00.27] Docker container 704bf95cde6d created
[testcontainers.org 00:00:00.27] Start Docker container 5c5916a8dcfb
[testcontainers.org 00:00:00.27] Start Docker container 704bf95cde6d
[testcontainers.org 00:00:00.40] Wait for Docker container 5c5916a8dcfb to complete readiness checks
[testcontainers.org 00:00:00.40] Wait for Docker container 704bf95cde6d to complete readiness checks
[testcontainers.org 00:00:00.40] Execute "pg_isready --host localhost --dbname bddtestdb --username bddtestuser" at Docker container 5c5916a8dcfb
[testcontainers.org 00:00:00.40] Execute "pg_isready --host localhost --dbname bddtestdb --username bddtestuser" at Docker container 704bf95cde6d
[testcontainers.org 00:00:01.44] Execute "pg_isready --host localhost --dbname bddtestdb --username bddtestuser" at Docker container 5c5916a8dcfb
[testcontainers.org 00:00:01.44] Execute "pg_isready --host localhost --dbname bddtestdb --username bddtestuser" at Docker container 704bf95cde6d
[testcontainers.org 00:00:01.49] Docker container 5c5916a8dcfb ready
[testcontainers.org 00:00:01.49] Docker container 704bf95cde6d ready
[testcontainers.org 00:00:01.56] Docker container 80f9ca26c504 created
[testcontainers.org 00:00:01.56] Docker container 765d81009900 created
[testcontainers.org 00:00:01.56] Start Docker container 80f9ca26c504
[testcontainers.org 00:00:01.56] Start Docker container 765d81009900
[testcontainers.org 00:00:01.70] Wait for Docker container 80f9ca26c504 to complete readiness checks
[testcontainers.org 00:00:01.70] Wait for Docker container 765d81009900 to complete readiness checks
[testcontainers.org 00:00:01.70] Execute "pg_isready --host localhost --dbname bddtestdb --username bddtestuser" at Docker container 80f9ca26c504
[testcontainers.org 00:00:01.70] Execute "pg_isready --host localhost --dbname bddtestdb --username bddtestuser" at Docker container 765d81009900
[testcontainers.org 00:00:02.74] Execute "pg_isready --host localhost --dbname bddtestdb --username bddtestuser" at Docker container 80f9ca26c504
[testcontainers.org 00:00:02.74] Execute "pg_isready --host localhost --dbname bddtestdb --username bddtestuser" at Docker container 765d81009900
[testcontainers.org 00:00:02.78] Docker container 80f9ca26c504 ready
[testcontainers.org 00:00:02.78] Docker container 765d81009900 ready
-&gt; #XW001: Starting feature: Database Connection
-&gt; #XW002: Starting feature: Difficulty Levels Reference Data
-&gt; #XW002: Tags: 
-&gt; #XW001: Tags: 
warn: Microsoft.EntityFrameworkCore.Model.Validation[10400]
      Sensitive data logging is enabled. Log entries and exception messages may include sensitive application data; this mode should only be enabled during development.
warn: 7/12/2025 16:05:38.956 CoreEventId.SensitiveDataLoggingEnabledWarning[10400] (Microsoft.EntityFrameworkCore.Infrastructure) 
      Sensitive data logging is enabled. Log entries and exception messages may include sensitive application data; this mode should only be enabled during development.
dbug: Microsoft.EntityFrameworkCore.Database.Command[20103]
      Creating DbCommand for 'ExecuteReader'.
dbug: Microsoft.EntityFrameworkCore.Database.Command[20103]
      Creating DbCommand for 'ExecuteReader'.
dbug: Microsoft.EntityFrameworkCore.Database.Command[20104]
      Created DbCommand for 'ExecuteReader' (2ms).
dbug: Microsoft.EntityFrameworkCore.Database.Command[20104]
      Created DbCommand for 'ExecuteReader' (2ms).
dbug: Microsoft.EntityFrameworkCore.Database.Command[20106]
      Initialized DbCommand for 'ExecuteReader' (4ms).
dbug: Microsoft.EntityFrameworkCore.Database.Command[20106]
      Initialized DbCommand for 'ExecuteReader' (4ms).
dbug: Microsoft.EntityFrameworkCore.Database.Command[20100]
      Executing DbCommand [Parameters=[], CommandType='Text', CommandTimeout='30']
      SELECT "MigrationId", "ProductVersion"
      FROM "__EFMigrationsHistory"
      ORDER BY "MigrationId";
dbug: Microsoft.EntityFrameworkCore.Database.Command[20100]
      Executing DbCommand [Parameters=[], CommandType='Text', CommandTimeout='30']
      SELECT "MigrationId", "ProductVersion"
      FROM "__EFMigrationsHistory"
      ORDER BY "MigrationId";
fail: Microsoft.EntityFrameworkCore.Database.Command[20102]
      Failed executing DbCommand (11ms) [Parameters=[], CommandType='Text', CommandTimeout='30']
      SELECT "MigrationId", "ProductVersion"
      FROM "__EFMigrationsHistory"
      ORDER BY "MigrationId";
fail: Microsoft.EntityFrameworkCore.Database.Command[20102]
      Failed executing DbCommand (11ms) [Parameters=[], CommandType='Text', CommandTimeout='30']
      SELECT "MigrationId", "ProductVersion"
      FROM "__EFMigrationsHistory"
      ORDER BY "MigrationId";
fail: 7/12/2025 16:05:39.082 RelationalEventId.CommandError[20102] (Microsoft.EntityFrameworkCore.Database.Command) 
      Failed executing DbCommand (11ms) [Parameters=[], CommandType='Text', CommandTimeout='30']
      SELECT "MigrationId", "ProductVersion"
      FROM "__EFMigrationsHistory"
      ORDER BY "MigrationId";
fail: 7/12/2025 16:05:39.082 RelationalEventId.CommandError[20102] (Microsoft.EntityFrameworkCore.Database.Command) 
      Failed executing DbCommand (11ms) [Parameters=[], CommandType='Text', CommandTimeout='30']
      SELECT "MigrationId", "ProductVersion"
      FROM "__EFMigrationsHistory"
      ORDER BY "MigrationId";
dbug: Microsoft.EntityFrameworkCore.Migrations[20400]
      Migrating using database 'bddtestdb' on server 'tcp://127.0.0.1:33492'.
dbug: Microsoft.EntityFrameworkCore.Migrations[20400]
      Migrating using database 'bddtestdb' on server 'tcp://127.0.0.1:33493'.
dbug: Microsoft.EntityFrameworkCore.Database.Command[20103]
      Creating DbCommand for 'ExecuteNonQuery'.
dbug: Microsoft.EntityFrameworkCore.Database.Command[20104]
      Created DbCommand for 'ExecuteNonQuery' (0ms).
dbug: Microsoft.EntityFrameworkCore.Database.Command[20103]
      Creating DbCommand for 'ExecuteNonQuery'.
dbug: Microsoft.EntityFrameworkCore.Database.Command[20104]
      Created DbCommand for 'ExecuteNonQuery' (0ms).
dbug: Microsoft.EntityFrameworkCore.Database.Command[20106]
      Initialized DbCommand for 'ExecuteNonQuery' (0ms).
dbug: Microsoft.EntityFrameworkCore.Database.Command[20106]
      Initialized DbCommand for 'ExecuteNonQuery' (0ms).
dbug: Microsoft.EntityFrameworkCore.Database.Command[20100]
      Executing DbCommand [Parameters=[], CommandType='Text', CommandTimeout='30']
      CREATE TABLE IF NOT EXISTS "__EFMigrationsHistory" (
          "MigrationId" character varying(150) NOT NULL,
          "ProductVersion" character varying(32) NOT NULL,
          CONSTRAINT "PK___EFMigrationsHistory" PRIMARY KEY ("MigrationId")
      );
dbug: Microsoft.EntityFrameworkCore.Database.Command[20100]
      Executing DbCommand [Parameters=[], CommandType='Text', CommandTimeout='30']
      CREATE TABLE IF NOT EXISTS "__EFMigrationsHistory" (
          "MigrationId" character varying(150) NOT NULL,
          "ProductVersion" character varying(32) NOT NULL,
          CONSTRAINT "PK___EFMigrationsHistory" PRIMARY KEY ("MigrationId")
      );
info: Microsoft.EntityFrameworkCore.Database.Command[20101]
      Executed DbCommand (3ms) [Parameters=[], CommandType='Text', CommandTimeout='30']
      CREATE TABLE IF NOT EXISTS "__EFMigrationsHistory" (
          "MigrationId" character varying(150) NOT NULL,
          "ProductVersion" character varying(32) NOT NULL,
          CONSTRAINT "PK___EFMigrationsHistory" PRIMARY KEY ("MigrationId")
      );
info: Microsoft.EntityFrameworkCore.Database.Command[20101]
      Executed DbCommand (3ms) [Parameters=[], CommandType='Text', CommandTimeout='30']
      CREATE TABLE IF NOT EXISTS "__EFMigrationsHistory" (
          "MigrationId" character varying(150) NOT NULL,
          "ProductVersion" character varying(32) NOT NULL,
          CONSTRAINT "PK___EFMigrationsHistory" PRIMARY KEY ("MigrationId")
      );
info: 7/12/2025 16:05:39.207 RelationalEventId.CommandExecuted[20101] (Microsoft.EntityFrameworkCore.Database.Command) 
      Executed DbCommand (3ms) [Parameters=[], CommandType='Text', CommandTimeout='30']
      CREATE TABLE IF NOT EXISTS "__EFMigrationsHistory" (
          "MigrationId" character varying(150) NOT NULL,
          "ProductVersion" character varying(32) NOT NULL,
          CONSTRAINT "PK___EFMigrationsHistory" PRIMARY KEY ("MigrationId")
      );
info: 7/12/2025 16:05:39.207 RelationalEventId.CommandExecuted[20101] (Microsoft.EntityFrameworkCore.Database.Command) 
      Executed DbCommand (3ms) [Parameters=[], CommandType='Text', CommandTimeout='30']
      CREATE TABLE IF NOT EXISTS "__EFMigrationsHistory" (
          "MigrationId" character varying(150) NOT NULL,
          "ProductVersion" character varying(32) NOT NULL,
          CONSTRAINT "PK___EFMigrationsHistory" PRIMARY KEY ("MigrationId")
      );
info: Microsoft.EntityFrameworkCore.Migrations[20411]
      Acquiring an exclusive lock for migration application. See https://aka.ms/efcore-docs-migrations-lock for more information if this takes too long.
info: Microsoft.EntityFrameworkCore.Migrations[20411]
      Acquiring an exclusive lock for migration application. See https://aka.ms/efcore-docs-migrations-lock for more information if this takes too long.
info: 7/12/2025 16:05:39.210 RelationalEventId.AcquiringMigrationLock[20411] (Microsoft.EntityFrameworkCore.Migrations) 
      Acquiring an exclusive lock for migration application. See https://aka.ms/efcore-docs-migrations-lock for more information if this takes too long.
info: 7/12/2025 16:05:39.210 RelationalEventId.AcquiringMigrationLock[20411] (Microsoft.EntityFrameworkCore.Migrations) 
      Acquiring an exclusive lock for migration application. See https://aka.ms/efcore-docs-migrations-lock for more information if this takes too long.
dbug: Microsoft.EntityFrameworkCore.Database.Command[20103]
      Creating DbCommand for 'ExecuteNonQuery'.
dbug: Microsoft.EntityFrameworkCore.Database.Command[20103]
      Creating DbCommand for 'ExecuteNonQuery'.
dbug: Microsoft.EntityFrameworkCore.Database.Command[20104]
      Created DbCommand for 'ExecuteNonQuery' (0ms).
dbug: Microsoft.EntityFrameworkCore.Database.Command[20104]
      Created DbCommand for 'ExecuteNonQuery' (0ms).
dbug: Microsoft.EntityFrameworkCore.Database.Command[20106]
      Initialized DbCommand for 'ExecuteNonQuery' (0ms).
dbug: Microsoft.EntityFrameworkCore.Database.Command[20106]
      Initialized DbCommand for 'ExecuteNonQuery' (0ms).
dbug: Microsoft.EntityFrameworkCore.Database.Command[20100]
      Executing DbCommand [Parameters=[], CommandType='Text', CommandTimeout='30']
      LOCK TABLE "__EFMigrationsHistory" IN ACCESS EXCLUSIVE MODE
dbug: Microsoft.EntityFrameworkCore.Database.Command[20100]
      Executing DbCommand [Parameters=[], CommandType='Text', CommandTimeout='30']
      LOCK TABLE "__EFMigrationsHistory" IN ACCESS EXCLUSIVE MODE
info: Microsoft.EntityFrameworkCore.Database.Command[20101]
      Executed DbCommand (0ms) [Parameters=[], CommandType='Text', CommandTimeout='30']
      LOCK TABLE "__EFMigrationsHistory" IN ACCESS EXCLUSIVE MODE
info: 7/12/2025 16:05:39.211 RelationalEventId.CommandExecuted[20101] (Microsoft.EntityFrameworkCore.Database.Command) 
      Executed DbCommand (0ms) [Parameters=[], CommandType='Text', CommandTimeout='30']
      LOCK TABLE "__EFMigrationsHistory" IN ACCESS EXCLUSIVE MODE
info: Microsoft.EntityFrameworkCore.Database.Command[20101]
      Executed DbCommand (0ms) [Parameters=[], CommandType='Text', CommandTimeout='30']
      LOCK TABLE "__EFMigrationsHistory" IN ACCESS EXCLUSIVE MODE
info: 7/12/2025 16:05:39.211 RelationalEventId.CommandExecuted[20101] (Microsoft.EntityFrameworkCore.Database.Command) 
      Executed DbCommand (0ms) [Parameters=[], CommandType='Text', CommandTimeout='30']
      LOCK TABLE "__EFMigrationsHistory" IN ACCESS EXCLUSIVE MODE
dbug: Microsoft.EntityFrameworkCore.Database.Command[20103]
      Creating DbCommand for 'ExecuteReader'.
dbug: Microsoft.EntityFrameworkCore.Database.Command[20104]
      Created DbCommand for 'ExecuteReader' (0ms).
dbug: Microsoft.EntityFrameworkCore.Database.Command[20103]
      Creating DbCommand for 'ExecuteReader'.
dbug: Microsoft.EntityFrameworkCore.Database.Command[20104]
      Created DbCommand for 'ExecuteReader' (0ms).
dbug: Microsoft.EntityFrameworkCore.Database.Command[20106]
      Initialized DbCommand for 'ExecuteReader' (0ms).
dbug: Microsoft.EntityFrameworkCore.Database.Command[20106]
      Initialized DbCommand for 'ExecuteReader' (0ms).
dbug: Microsoft.EntityFrameworkCore.Database.Command[20100]
      Executing DbCommand [Parameters=[], CommandType='Text', CommandTimeout='30']
      SELECT "MigrationId", "ProductVersion"
      FROM "__EFMigrationsHistory"
      ORDER BY "MigrationId";
dbug: Microsoft.EntityFrameworkCore.Database.Command[20100]
      Executing DbCommand [Parameters=[], CommandType='Text', CommandTimeout='30']
      SELECT "MigrationId", "ProductVersion"
      FROM "__EFMigrationsHistory"
      ORDER BY "MigrationId";
info: Microsoft.EntityFrameworkCore.Database.Command[20101]
      Executed DbCommand (1ms) [Parameters=[], CommandType='Text', CommandTimeout='30']
      SELECT "MigrationId", "ProductVersion"
      FROM "__EFMigrationsHistory"
      ORDER BY "MigrationId";
info: Microsoft.EntityFrameworkCore.Database.Command[20101]
      Executed DbCommand (1ms) [Parameters=[], CommandType='Text', CommandTimeout='30']
      SELECT "MigrationId", "ProductVersion"
      FROM "__EFMigrationsHistory"
      ORDER BY "MigrationId";
info: 7/12/2025 16:05:39.212 RelationalEventId.CommandExecuted[20101] (Microsoft.EntityFrameworkCore.Database.Command) 
      Executed DbCommand (1ms) [Parameters=[], CommandType='Text', CommandTimeout='30']
      SELECT "MigrationId", "ProductVersion"
      FROM "__EFMigrationsHistory"
      ORDER BY "MigrationId";
info: 7/12/2025 16:05:39.212 RelationalEventId.CommandExecuted[20101] (Microsoft.EntityFrameworkCore.Database.Command) 
      Executed DbCommand (1ms) [Parameters=[], CommandType='Text', CommandTimeout='30']
      SELECT "MigrationId", "ProductVersion"
      FROM "__EFMigrationsHistory"
      ORDER BY "MigrationId";
dbug: Microsoft.EntityFrameworkCore.Database.Command[20301]
      Closing data reader to 'bddtestdb' on server 'tcp://127.0.0.1:33492'.
dbug: Microsoft.EntityFrameworkCore.Database.Command[20301]
      Closing data reader to 'bddtestdb' on server 'tcp://127.0.0.1:33493'.
dbug: Microsoft.EntityFrameworkCore.Database.Command[20300]
      A data reader for 'bddtestdb' on server 'tcp://127.0.0.1:33492' is being disposed after spending 1ms reading results.
dbug: Microsoft.EntityFrameworkCore.Database.Command[20300]
      A data reader for 'bddtestdb' on server 'tcp://127.0.0.1:33493' is being disposed after spending 1ms reading results.
info: Microsoft.EntityFrameworkCore.Migrations[20402]
      Applying migration '20250623233141_InitialCreate'.
info: Microsoft.EntityFrameworkCore.Migrations[20402]
      Applying migration '20250623233141_InitialCreate'.
info: 7/12/2025 16:05:39.217 RelationalEventId.MigrationApplying[20402] (Microsoft.EntityFrameworkCore.Migrations) 
      Applying migration '20250623233141_InitialCreate'.
info: 7/12/2025 16:05:39.217 RelationalEventId.MigrationApplying[20402] (Microsoft.EntityFrameworkCore.Migrations) 
      Applying migration '20250623233141_InitialCreate'.
dbug: Microsoft.EntityFrameworkCore.Database.Command[20103]
      Creating DbCommand for 'ExecuteNonQuery'.
dbug: Microsoft.EntityFrameworkCore.Database.Command[20104]
      Created DbCommand for 'ExecuteNonQuery' (0ms).
dbug: Microsoft.EntityFrameworkCore.Database.Command[20103]
      Creating DbCommand for 'ExecuteNonQuery'.
dbug: Microsoft.EntityFrameworkCore.Database.Command[20106]
      Initialized DbCommand for 'ExecuteNonQuery' (0ms).
dbug: Microsoft.EntityFrameworkCore.Database.Command[20104]
      Created DbCommand for 'ExecuteNonQuery' (0ms).
dbug: Microsoft.EntityFrameworkCore.Database.Command[20106]
      Initialized DbCommand for 'ExecuteNonQuery' (0ms).
dbug: Microsoft.EntityFrameworkCore.Database.Command[20100]
      Executing DbCommand [Parameters=[], CommandType='Text', CommandTimeout='30']
      CREATE TABLE "Equipment" (
          "Id" uuid NOT NULL,
          "Name" text NOT NULL,
          CONSTRAINT "PK_Equipment" PRIMARY KEY ("Id")
      );
dbug: Microsoft.EntityFrameworkCore.Database.Command[20100]
      Executing DbCommand [Parameters=[], CommandType='Text', CommandTimeout='30']
      CREATE TABLE "Equipment" (
          "Id" uuid NOT NULL,
          "Name" text NOT NULL,
          CONSTRAINT "PK_Equipment" PRIMARY KEY ("Id")
      );
info: Microsoft.EntityFrameworkCore.Database.Command[20101]
      Executed DbCommand (1ms) [Parameters=[], CommandType='Text', CommandTimeout='30']
      CREATE TABLE "Equipment" (
          "Id" uuid NOT NULL,
          "Name" text NOT NULL,
          CONSTRAINT "PK_Equipment" PRIMARY KEY ("Id")
      );
info: Microsoft.EntityFrameworkCore.Database.Command[20101]
      Executed DbCommand (1ms) [Parameters=[], CommandType='Text', CommandTimeout='30']
      CREATE TABLE "Equipment" (
          "Id" uuid NOT NULL,
          "Name" text NOT NULL,
          CONSTRAINT "PK_Equipment" PRIMARY KEY ("Id")
      );
info: 7/12/2025 16:05:39.230 RelationalEventId.CommandExecuted[20101] (Microsoft.EntityFrameworkCore.Database.Command) 
      Executed DbCommand (1ms) [Parameters=[], CommandType='Text', CommandTimeout='30']
      CREATE TABLE "Equipment" (
          "Id" uuid NOT NULL,
          "Name" text NOT NULL,
          CONSTRAINT "PK_Equipment" PRIMARY KEY ("Id")
      );
info: 7/12/2025 16:05:39.230 RelationalEventId.CommandExecuted[20101] (Microsoft.EntityFrameworkCore.Database.Command) 
      Executed DbCommand (1ms) [Parameters=[], CommandType='Text', CommandTimeout='30']
      CREATE TABLE "Equipment" (
          "Id" uuid NOT NULL,
          "Name" text NOT NULL,
          CONSTRAINT "PK_Equipment" PRIMARY KEY ("Id")
      );
dbug: Microsoft.EntityFrameworkCore.Database.Command[20103]
      Creating DbCommand for 'ExecuteNonQuery'.
dbug: Microsoft.EntityFrameworkCore.Database.Command[20103]
      Creating DbCommand for 'ExecuteNonQuery'.
dbug: Microsoft.EntityFrameworkCore.Database.Command[20104]
      Created DbCommand for 'ExecuteNonQuery' (0ms).
dbug: Microsoft.EntityFrameworkCore.Database.Command[20106]
      Initialized DbCommand for 'ExecuteNonQuery' (0ms).
dbug: Microsoft.EntityFrameworkCore.Database.Command[20104]
      Created DbCommand for 'ExecuteNonQuery' (0ms).
dbug: Microsoft.EntityFrameworkCore.Database.Command[20106]
      Initialized DbCommand for 'ExecuteNonQuery' (0ms).
dbug: Microsoft.EntityFrameworkCore.Database.Command[20100]
      Executing DbCommand [Parameters=[], CommandType='Text', CommandTimeout='30']
      CREATE TABLE "Exercises" (
          "Id" uuid NOT NULL,
          "Name" text NOT NULL,
          "Description" text NOT NULL,
          "Instructions" text NOT NULL,
          "VideoUrl" text,
          "Difficulty" integer NOT NULL,
          "KineticChain" integer NOT NULL,
          "IsUnilateral" boolean NOT NULL,
          CONSTRAINT "PK_Exercises" PRIMARY KEY ("Id")
      );
dbug: Microsoft.EntityFrameworkCore.Database.Command[20100]
      Executing DbCommand [Parameters=[], CommandType='Text', CommandTimeout='30']
      CREATE TABLE "Exercises" (
          "Id" uuid NOT NULL,
          "Name" text NOT NULL,
          "Description" text NOT NULL,
          "Instructions" text NOT NULL,
          "VideoUrl" text,
          "Difficulty" integer NOT NULL,
          "KineticChain" integer NOT NULL,
          "IsUnilateral" boolean NOT NULL,
          CONSTRAINT "PK_Exercises" PRIMARY KEY ("Id")
      );
info: Microsoft.EntityFrameworkCore.Database.Command[20101]
      Executed DbCommand (1ms) [Parameters=[], CommandType='Text', CommandTimeout='30']
      CREATE TABLE "Exercises" (
          "Id" uuid NOT NULL,
          "Name" text NOT NULL,
          "Description" text NOT NULL,
          "Instructions" text NOT NULL,
          "VideoUrl" text,
          "Difficulty" integer NOT NULL,
          "KineticChain" integer NOT NULL,
          "IsUnilateral" boolean NOT NULL,
          CONSTRAINT "PK_Exercises" PRIMARY KEY ("Id")
      );
info: 7/12/2025 16:05:39.231 RelationalEventId.CommandExecuted[20101] (Microsoft.EntityFrameworkCore.Database.Command) 
      Executed DbCommand (1ms) [Parameters=[], CommandType='Text', CommandTimeout='30']
      CREATE TABLE "Exercises" (
          "Id" uuid NOT NULL,
          "Name" text NOT NULL,
          "Description" text NOT NULL,
          "Instructions" text NOT NULL,
          "VideoUrl" text,
          "Difficulty" integer NOT NULL,
          "KineticChain" integer NOT NULL,
          "IsUnilateral" boolean NOT NULL,
          CONSTRAINT "PK_Exercises" PRIMARY KEY ("Id")
      );
dbug: Microsoft.EntityFrameworkCore.Database.Command[20103]
      Creating DbCommand for 'ExecuteNonQuery'.
dbug: Microsoft.EntityFrameworkCore.Database.Command[20104]
      Created DbCommand for 'ExecuteNonQuery' (0ms).
dbug: Microsoft.EntityFrameworkCore.Database.Command[20106]
      Initialized DbCommand for 'ExecuteNonQuery' (0ms).
dbug: Microsoft.EntityFrameworkCore.Database.Command[20100]
      Executing DbCommand [Parameters=[], CommandType='Text', CommandTimeout='30']
      CREATE TABLE "MetricTypes" (
          "Id" uuid NOT NULL,
          "Name" text NOT NULL,
          CONSTRAINT "PK_MetricTypes" PRIMARY KEY ("Id")
      );
info: Microsoft.EntityFrameworkCore.Database.Command[20101]
      Executed DbCommand (1ms) [Parameters=[], CommandType='Text', CommandTimeout='30']
      CREATE TABLE "MetricTypes" (
          "Id" uuid NOT NULL,
          "Name" text NOT NULL,
          CONSTRAINT "PK_MetricTypes" PRIMARY KEY ("Id")
      );
info: 7/12/2025 16:05:39.232 RelationalEventId.CommandExecuted[20101] (Microsoft.EntityFrameworkCore.Database.Command) 
      Executed DbCommand (1ms) [Parameters=[], CommandType='Text', CommandTimeout='30']
      CREATE TABLE "MetricTypes" (
          "Id" uuid NOT NULL,
          "Name" text NOT NULL,
          CONSTRAINT "PK_MetricTypes" PRIMARY KEY ("Id")
      );
dbug: Microsoft.EntityFrameworkCore.Database.Command[20103]
      Creating DbCommand for 'ExecuteNonQuery'.
dbug: Microsoft.EntityFrameworkCore.Database.Command[20104]
      Created DbCommand for 'ExecuteNonQuery' (0ms).
dbug: Microsoft.EntityFrameworkCore.Database.Command[20106]
      Initialized DbCommand for 'ExecuteNonQuery' (0ms).
dbug: Microsoft.EntityFrameworkCore.Database.Command[20100]
      Executing DbCommand [Parameters=[], CommandType='Text', CommandTimeout='30']
      CREATE TABLE "MovementPatterns" (
          "Id" uuid NOT NULL,
          "Name" text NOT NULL,
          "Description" text NOT NULL,
          CONSTRAINT "PK_MovementPatterns" PRIMARY KEY ("Id")
      );
info: Microsoft.EntityFrameworkCore.Database.Command[20101]
      Executed DbCommand (2ms) [Parameters=[], CommandType='Text', CommandTimeout='30']
      CREATE TABLE "Exercises" (
          "Id" uuid NOT NULL,
          "Name" text NOT NULL,
          "Description" text NOT NULL,
          "Instructions" text NOT NULL,
          "VideoUrl" text,
          "Difficulty" integer NOT NULL,
          "KineticChain" integer NOT NULL,
          "IsUnilateral" boolean NOT NULL,
          CONSTRAINT "PK_Exercises" PRIMARY KEY ("Id")
      );
info: 7/12/2025 16:05:39.232 RelationalEventId.CommandExecuted[20101] (Microsoft.EntityFrameworkCore.Database.Command) 
      Executed DbCommand (2ms) [Parameters=[], CommandType='Text', CommandTimeout='30']
      CREATE TABLE "Exercises" (
          "Id" uuid NOT NULL,
          "Name" text NOT NULL,
          "Description" text NOT NULL,
          "Instructions" text NOT NULL,
          "VideoUrl" text,
          "Difficulty" integer NOT NULL,
          "KineticChain" integer NOT NULL,
          "IsUnilateral" boolean NOT NULL,
          CONSTRAINT "PK_Exercises" PRIMARY KEY ("Id")
      );
dbug: Microsoft.EntityFrameworkCore.Database.Command[20103]
      Creating DbCommand for 'ExecuteNonQuery'.
dbug: Microsoft.EntityFrameworkCore.Database.Command[20104]
      Created DbCommand for 'ExecuteNonQuery' (0ms).
dbug: Microsoft.EntityFrameworkCore.Database.Command[20106]
      Initialized DbCommand for 'ExecuteNonQuery' (0ms).
dbug: Microsoft.EntityFrameworkCore.Database.Command[20100]
      Executing DbCommand [Parameters=[], CommandType='Text', CommandTimeout='30']
      CREATE TABLE "MetricTypes" (
          "Id" uuid NOT NULL,
          "Name" text NOT NULL,
          CONSTRAINT "PK_MetricTypes" PRIMARY KEY ("Id")
      );
info: Microsoft.EntityFrameworkCore.Database.Command[20101]
      Executed DbCommand (1ms) [Parameters=[], CommandType='Text', CommandTimeout='30']
      CREATE TABLE "MovementPatterns" (
          "Id" uuid NOT NULL,
          "Name" text NOT NULL,
          "Description" text NOT NULL,
          CONSTRAINT "PK_MovementPatterns" PRIMARY KEY ("Id")
      );
info: 7/12/2025 16:05:39.233 RelationalEventId.CommandExecuted[20101] (Microsoft.EntityFrameworkCore.Database.Command) 
      Executed DbCommand (1ms) [Parameters=[], CommandType='Text', CommandTimeout='30']
      CREATE TABLE "MovementPatterns" (
          "Id" uuid NOT NULL,
          "Name" text NOT NULL,
          "Description" text NOT NULL,
          CONSTRAINT "PK_MovementPatterns" PRIMARY KEY ("Id")
      );
dbug: Microsoft.EntityFrameworkCore.Database.Command[20103]
      Creating DbCommand for 'ExecuteNonQuery'.
dbug: Microsoft.EntityFrameworkCore.Database.Command[20104]
      Created DbCommand for 'ExecuteNonQuery' (0ms).
dbug: Microsoft.EntityFrameworkCore.Database.Command[20106]
      Initialized DbCommand for 'ExecuteNonQuery' (0ms).
dbug: Microsoft.EntityFrameworkCore.Database.Command[20100]
      Executing DbCommand [Parameters=[], CommandType='Text', CommandTimeout='30']
      CREATE TABLE "MuscleGroups" (
          "Id" uuid NOT NULL,
          "Name" text NOT NULL,
          "BodyPart" integer NOT NULL,
          CONSTRAINT "PK_MuscleGroups" PRIMARY KEY ("Id")
      );
info: Microsoft.EntityFrameworkCore.Database.Command[20101]
      Executed DbCommand (1ms) [Parameters=[], CommandType='Text', CommandTimeout='30']
      CREATE TABLE "MetricTypes" (
          "Id" uuid NOT NULL,
          "Name" text NOT NULL,
          CONSTRAINT "PK_MetricTypes" PRIMARY KEY ("Id")
      );
info: 7/12/2025 16:05:39.233 RelationalEventId.CommandExecuted[20101] (Microsoft.EntityFrameworkCore.Database.Command) 
      Executed DbCommand (1ms) [Parameters=[], CommandType='Text', CommandTimeout='30']
      CREATE TABLE "MetricTypes" (
          "Id" uuid NOT NULL,
          "Name" text NOT NULL,
          CONSTRAINT "PK_MetricTypes" PRIMARY KEY ("Id")
      );
dbug: Microsoft.EntityFrameworkCore.Database.Command[20103]
      Creating DbCommand for 'ExecuteNonQuery'.
dbug: Microsoft.EntityFrameworkCore.Database.Command[20104]
      Created DbCommand for 'ExecuteNonQuery' (0ms).
dbug: Microsoft.EntityFrameworkCore.Database.Command[20106]
      Initialized DbCommand for 'ExecuteNonQuery' (0ms).
dbug: Microsoft.EntityFrameworkCore.Database.Command[20100]
      Executing DbCommand [Parameters=[], CommandType='Text', CommandTimeout='30']
      CREATE TABLE "MovementPatterns" (
          "Id" uuid NOT NULL,
          "Name" text NOT NULL,
          "Description" text NOT NULL,
          CONSTRAINT "PK_MovementPatterns" PRIMARY KEY ("Id")
      );
info: Microsoft.EntityFrameworkCore.Database.Command[20101]
      Executed DbCommand (1ms) [Parameters=[], CommandType='Text', CommandTimeout='30']
      CREATE TABLE "MuscleGroups" (
          "Id" uuid NOT NULL,
          "Name" text NOT NULL,
          "BodyPart" integer NOT NULL,
          CONSTRAINT "PK_MuscleGroups" PRIMARY KEY ("Id")
      );
info: 7/12/2025 16:05:39.233 RelationalEventId.CommandExecuted[20101] (Microsoft.EntityFrameworkCore.Database.Command) 
      Executed DbCommand (1ms) [Parameters=[], CommandType='Text', CommandTimeout='30']
      CREATE TABLE "MuscleGroups" (
          "Id" uuid NOT NULL,
          "Name" text NOT NULL,
          "BodyPart" integer NOT NULL,
          CONSTRAINT "PK_MuscleGroups" PRIMARY KEY ("Id")
      );
dbug: Microsoft.EntityFrameworkCore.Database.Command[20103]
      Creating DbCommand for 'ExecuteNonQuery'.
dbug: Microsoft.EntityFrameworkCore.Database.Command[20104]
      Created DbCommand for 'ExecuteNonQuery' (0ms).
dbug: Microsoft.EntityFrameworkCore.Database.Command[20106]
      Initialized DbCommand for 'ExecuteNonQuery' (0ms).
dbug: Microsoft.EntityFrameworkCore.Database.Command[20100]
      Executing DbCommand [Parameters=[], CommandType='Text', CommandTimeout='30']
      CREATE TABLE "Users" (
          "Id" uuid NOT NULL,
          "Username" text NOT NULL,
          "Email" text NOT NULL,
          "PasswordHash" text NOT NULL,
          "CreatedAt" timestamp with time zone NOT NULL,
          "LastLoginAt" timestamp with time zone,
          CONSTRAINT "PK_Users" PRIMARY KEY ("Id")
      );
info: Microsoft.EntityFrameworkCore.Database.Command[20101]
      Executed DbCommand (1ms) [Parameters=[], CommandType='Text', CommandTimeout='30']
      CREATE TABLE "Users" (
          "Id" uuid NOT NULL,
          "Username" text NOT NULL,
          "Email" text NOT NULL,
          "PasswordHash" text NOT NULL,
          "CreatedAt" timestamp with time zone NOT NULL,
          "LastLoginAt" timestamp with time zone,
          CONSTRAINT "PK_Users" PRIMARY KEY ("Id")
      );
info: 7/12/2025 16:05:39.234 RelationalEventId.CommandExecuted[20101] (Microsoft.EntityFrameworkCore.Database.Command) 
      Executed DbCommand (1ms) [Parameters=[], CommandType='Text', CommandTimeout='30']
      CREATE TABLE "Users" (
          "Id" uuid NOT NULL,
          "Username" text NOT NULL,
          "Email" text NOT NULL,
          "PasswordHash" text NOT NULL,
          "CreatedAt" timestamp with time zone NOT NULL,
          "LastLoginAt" timestamp with time zone,
          CONSTRAINT "PK_Users" PRIMARY KEY ("Id")
      );
dbug: Microsoft.EntityFrameworkCore.Database.Command[20103]
      Creating DbCommand for 'ExecuteNonQuery'.
dbug: Microsoft.EntityFrameworkCore.Database.Command[20104]
      Created DbCommand for 'ExecuteNonQuery' (0ms).
dbug: Microsoft.EntityFrameworkCore.Database.Command[20106]
      Initialized DbCommand for 'ExecuteNonQuery' (0ms).
dbug: Microsoft.EntityFrameworkCore.Database.Command[20100]
      Executing DbCommand [Parameters=[], CommandType='Text', CommandTimeout='30']
      CREATE TABLE "ExerciseEquipment" (
          "ExerciseId" uuid NOT NULL,
          "EquipmentId" uuid NOT NULL,
          CONSTRAINT "PK_ExerciseEquipment" PRIMARY KEY ("ExerciseId", "EquipmentId"),
          CONSTRAINT "FK_ExerciseEquipment_Equipment_EquipmentId" FOREIGN KEY ("EquipmentId") REFERENCES "Equipment" ("Id") ON DELETE CASCADE,
          CONSTRAINT "FK_ExerciseEquipment_Exercises_ExerciseId" FOREIGN KEY ("ExerciseId") REFERENCES "Exercises" ("Id") ON DELETE CASCADE
      );
info: Microsoft.EntityFrameworkCore.Database.Command[20101]
      Executed DbCommand (1ms) [Parameters=[], CommandType='Text', CommandTimeout='30']
      CREATE TABLE "MovementPatterns" (
          "Id" uuid NOT NULL,
          "Name" text NOT NULL,
          "Description" text NOT NULL,
          CONSTRAINT "PK_MovementPatterns" PRIMARY KEY ("Id")
      );
info: 7/12/2025 16:05:39.234 RelationalEventId.CommandExecuted[20101] (Microsoft.EntityFrameworkCore.Database.Command) 
      Executed DbCommand (1ms) [Parameters=[], CommandType='Text', CommandTimeout='30']
      CREATE TABLE "MovementPatterns" (
          "Id" uuid NOT NULL,
          "Name" text NOT NULL,
          "Description" text NOT NULL,
          CONSTRAINT "PK_MovementPatterns" PRIMARY KEY ("Id")
      );
dbug: Microsoft.EntityFrameworkCore.Database.Command[20103]
      Creating DbCommand for 'ExecuteNonQuery'.
dbug: Microsoft.EntityFrameworkCore.Database.Command[20104]
      Created DbCommand for 'ExecuteNonQuery' (0ms).
dbug: Microsoft.EntityFrameworkCore.Database.Command[20106]
      Initialized DbCommand for 'ExecuteNonQuery' (0ms).
dbug: Microsoft.EntityFrameworkCore.Database.Command[20100]
      Executing DbCommand [Parameters=[], CommandType='Text', CommandTimeout='30']
      CREATE TABLE "MuscleGroups" (
          "Id" uuid NOT NULL,
          "Name" text NOT NULL,
          "BodyPart" integer NOT NULL,
          CONSTRAINT "PK_MuscleGroups" PRIMARY KEY ("Id")
      );
info: Microsoft.EntityFrameworkCore.Database.Command[20101]
      Executed DbCommand (1ms) [Parameters=[], CommandType='Text', CommandTimeout='30']
      CREATE TABLE "MuscleGroups" (
          "Id" uuid NOT NULL,
          "Name" text NOT NULL,
          "BodyPart" integer NOT NULL,
          CONSTRAINT "PK_MuscleGroups" PRIMARY KEY ("Id")
      );
info: 7/12/2025 16:05:39.235 RelationalEventId.CommandExecuted[20101] (Microsoft.EntityFrameworkCore.Database.Command) 
      Executed DbCommand (1ms) [Parameters=[], CommandType='Text', CommandTimeout='30']
      CREATE TABLE "MuscleGroups" (
          "Id" uuid NOT NULL,
          "Name" text NOT NULL,
          "BodyPart" integer NOT NULL,
          CONSTRAINT "PK_MuscleGroups" PRIMARY KEY ("Id")
      );
dbug: Microsoft.EntityFrameworkCore.Database.Command[20103]
      Creating DbCommand for 'ExecuteNonQuery'.
dbug: Microsoft.EntityFrameworkCore.Database.Command[20104]
      Created DbCommand for 'ExecuteNonQuery' (0ms).
dbug: Microsoft.EntityFrameworkCore.Database.Command[20106]
      Initialized DbCommand for 'ExecuteNonQuery' (0ms).
dbug: Microsoft.EntityFrameworkCore.Database.Command[20100]
      Executing DbCommand [Parameters=[], CommandType='Text', CommandTimeout='30']
      CREATE TABLE "Users" (
          "Id" uuid NOT NULL,
          "Username" text NOT NULL,
          "Email" text NOT NULL,
          "PasswordHash" text NOT NULL,
          "CreatedAt" timestamp with time zone NOT NULL,
          "LastLoginAt" timestamp with time zone,
          CONSTRAINT "PK_Users" PRIMARY KEY ("Id")
      );
info: Microsoft.EntityFrameworkCore.Database.Command[20101]
      Executed DbCommand (1ms) [Parameters=[], CommandType='Text', CommandTimeout='30']
      CREATE TABLE "ExerciseEquipment" (
          "ExerciseId" uuid NOT NULL,
          "EquipmentId" uuid NOT NULL,
          CONSTRAINT "PK_ExerciseEquipment" PRIMARY KEY ("ExerciseId", "EquipmentId"),
          CONSTRAINT "FK_ExerciseEquipment_Equipment_EquipmentId" FOREIGN KEY ("EquipmentId") REFERENCES "Equipment" ("Id") ON DELETE CASCADE,
          CONSTRAINT "FK_ExerciseEquipment_Exercises_ExerciseId" FOREIGN KEY ("ExerciseId") REFERENCES "Exercises" ("Id") ON DELETE CASCADE
      );
info: 7/12/2025 16:05:39.235 RelationalEventId.CommandExecuted[20101] (Microsoft.EntityFrameworkCore.Database.Command) 
      Executed DbCommand (1ms) [Parameters=[], CommandType='Text', CommandTimeout='30']
      CREATE TABLE "ExerciseEquipment" (
          "ExerciseId" uuid NOT NULL,
          "EquipmentId" uuid NOT NULL,
          CONSTRAINT "PK_ExerciseEquipment" PRIMARY KEY ("ExerciseId", "EquipmentId"),
          CONSTRAINT "FK_ExerciseEquipment_Equipment_EquipmentId" FOREIGN KEY ("EquipmentId") REFERENCES "Equipment" ("Id") ON DELETE CASCADE,
          CONSTRAINT "FK_ExerciseEquipment_Exercises_ExerciseId" FOREIGN KEY ("ExerciseId") REFERENCES "Exercises" ("Id") ON DELETE CASCADE
      );
dbug: Microsoft.EntityFrameworkCore.Database.Command[20103]
      Creating DbCommand for 'ExecuteNonQuery'.
dbug: Microsoft.EntityFrameworkCore.Database.Command[20104]
      Created DbCommand for 'ExecuteNonQuery' (0ms).
dbug: Microsoft.EntityFrameworkCore.Database.Command[20106]
      Initialized DbCommand for 'ExecuteNonQuery' (0ms).
dbug: Microsoft.EntityFrameworkCore.Database.Command[20100]
      Executing DbCommand [Parameters=[], CommandType='Text', CommandTimeout='30']
      CREATE TABLE "ExerciseMetricSupport" (
          "ExerciseId" uuid NOT NULL,
          "MetricTypeId" uuid NOT NULL,
          CONSTRAINT "PK_ExerciseMetricSupport" PRIMARY KEY ("ExerciseId", "MetricTypeId"),
          CONSTRAINT "FK_ExerciseMetricSupport_Exercises_ExerciseId" FOREIGN KEY ("ExerciseId") REFERENCES "Exercises" ("Id") ON DELETE CASCADE,
          CONSTRAINT "FK_ExerciseMetricSupport_MetricTypes_MetricTypeId" FOREIGN KEY ("MetricTypeId") REFERENCES "MetricTypes" ("Id") ON DELETE CASCADE
      );
info: Microsoft.EntityFrameworkCore.Database.Command[20101]
      Executed DbCommand (1ms) [Parameters=[], CommandType='Text', CommandTimeout='30']
      CREATE TABLE "ExerciseMetricSupport" (
          "ExerciseId" uuid NOT NULL,
          "MetricTypeId" uuid NOT NULL,
          CONSTRAINT "PK_ExerciseMetricSupport" PRIMARY KEY ("ExerciseId", "MetricTypeId"),
          CONSTRAINT "FK_ExerciseMetricSupport_Exercises_ExerciseId" FOREIGN KEY ("ExerciseId") REFERENCES "Exercises" ("Id") ON DELETE CASCADE,
          CONSTRAINT "FK_ExerciseMetricSupport_MetricTypes_MetricTypeId" FOREIGN KEY ("MetricTypeId") REFERENCES "MetricTypes" ("Id") ON DELETE CASCADE
      );
info: 7/12/2025 16:05:39.236 RelationalEventId.CommandExecuted[20101] (Microsoft.EntityFrameworkCore.Database.Command) 
      Executed DbCommand (1ms) [Parameters=[], CommandType='Text', CommandTimeout='30']
      CREATE TABLE "ExerciseMetricSupport" (
          "ExerciseId" uuid NOT NULL,
          "MetricTypeId" uuid NOT NULL,
          CONSTRAINT "PK_ExerciseMetricSupport" PRIMARY KEY ("ExerciseId", "MetricTypeId"),
          CONSTRAINT "FK_ExerciseMetricSupport_Exercises_ExerciseId" FOREIGN KEY ("ExerciseId") REFERENCES "Exercises" ("Id") ON DELETE CASCADE,
          CONSTRAINT "FK_ExerciseMetricSupport_MetricTypes_MetricTypeId" FOREIGN KEY ("MetricTypeId") REFERENCES "MetricTypes" ("Id") ON DELETE CASCADE
      );
dbug: Microsoft.EntityFrameworkCore.Database.Command[20103]
      Creating DbCommand for 'ExecuteNonQuery'.
dbug: Microsoft.EntityFrameworkCore.Database.Command[20104]
      Created DbCommand for 'ExecuteNonQuery' (0ms).
dbug: Microsoft.EntityFrameworkCore.Database.Command[20106]
      Initialized DbCommand for 'ExecuteNonQuery' (0ms).
dbug: Microsoft.EntityFrameworkCore.Database.Command[20100]
      Executing DbCommand [Parameters=[], CommandType='Text', CommandTimeout='30']
      CREATE TABLE "ExerciseMovementPatterns" (
          "ExerciseId" uuid NOT NULL,
          "PatternId" uuid NOT NULL,
          CONSTRAINT "PK_ExerciseMovementPatterns" PRIMARY KEY ("ExerciseId", "PatternId"),
          CONSTRAINT "FK_ExerciseMovementPatterns_Exercises_ExerciseId" FOREIGN KEY ("ExerciseId") REFERENCES "Exercises" ("Id") ON DELETE CASCADE,
          CONSTRAINT "FK_ExerciseMovementPatterns_MovementPatterns_PatternId" FOREIGN KEY ("PatternId") REFERENCES "MovementPatterns" ("Id") ON DELETE CASCADE
      );
info: Microsoft.EntityFrameworkCore.Database.Command[20101]
      Executed DbCommand (1ms) [Parameters=[], CommandType='Text', CommandTimeout='30']
      CREATE TABLE "Users" (
          "Id" uuid NOT NULL,
          "Username" text NOT NULL,
          "Email" text NOT NULL,
          "PasswordHash" text NOT NULL,
          "CreatedAt" timestamp with time zone NOT NULL,
          "LastLoginAt" timestamp with time zone,
          CONSTRAINT "PK_Users" PRIMARY KEY ("Id")
      );
info: 7/12/2025 16:05:39.236 RelationalEventId.CommandExecuted[20101] (Microsoft.EntityFrameworkCore.Database.Command) 
      Executed DbCommand (1ms) [Parameters=[], CommandType='Text', CommandTimeout='30']
      CREATE TABLE "Users" (
          "Id" uuid NOT NULL,
          "Username" text NOT NULL,
          "Email" text NOT NULL,
          "PasswordHash" text NOT NULL,
          "CreatedAt" timestamp with time zone NOT NULL,
          "LastLoginAt" timestamp with time zone,
          CONSTRAINT "PK_Users" PRIMARY KEY ("Id")
      );
dbug: Microsoft.EntityFrameworkCore.Database.Command[20103]
      Creating DbCommand for 'ExecuteNonQuery'.
dbug: Microsoft.EntityFrameworkCore.Database.Command[20104]
      Created DbCommand for 'ExecuteNonQuery' (0ms).
dbug: Microsoft.EntityFrameworkCore.Database.Command[20106]
      Initialized DbCommand for 'ExecuteNonQuery' (0ms).
dbug: Microsoft.EntityFrameworkCore.Database.Command[20100]
      Executing DbCommand [Parameters=[], CommandType='Text', CommandTimeout='30']
      CREATE TABLE "ExerciseEquipment" (
          "ExerciseId" uuid NOT NULL,
          "EquipmentId" uuid NOT NULL,
          CONSTRAINT "PK_ExerciseEquipment" PRIMARY KEY ("ExerciseId", "EquipmentId"),
          CONSTRAINT "FK_ExerciseEquipment_Equipment_EquipmentId" FOREIGN KEY ("EquipmentId") REFERENCES "Equipment" ("Id") ON DELETE CASCADE,
          CONSTRAINT "FK_ExerciseEquipment_Exercises_ExerciseId" FOREIGN KEY ("ExerciseId") REFERENCES "Exercises" ("Id") ON DELETE CASCADE
      );
info: Microsoft.EntityFrameworkCore.Database.Command[20101]
      Executed DbCommand (1ms) [Parameters=[], CommandType='Text', CommandTimeout='30']
      CREATE TABLE "ExerciseMovementPatterns" (
          "ExerciseId" uuid NOT NULL,
          "PatternId" uuid NOT NULL,
          CONSTRAINT "PK_ExerciseMovementPatterns" PRIMARY KEY ("ExerciseId", "PatternId"),
          CONSTRAINT "FK_ExerciseMovementPatterns_Exercises_ExerciseId" FOREIGN KEY ("ExerciseId") REFERENCES "Exercises" ("Id") ON DELETE CASCADE,
          CONSTRAINT "FK_ExerciseMovementPatterns_MovementPatterns_PatternId" FOREIGN KEY ("PatternId") REFERENCES "MovementPatterns" ("Id") ON DELETE CASCADE
      );
info: 7/12/2025 16:05:39.237 RelationalEventId.CommandExecuted[20101] (Microsoft.EntityFrameworkCore.Database.Command) 
      Executed DbCommand (1ms) [Parameters=[], CommandType='Text', CommandTimeout='30']
      CREATE TABLE "ExerciseMovementPatterns" (
          "ExerciseId" uuid NOT NULL,
          "PatternId" uuid NOT NULL,
          CONSTRAINT "PK_ExerciseMovementPatterns" PRIMARY KEY ("ExerciseId", "PatternId"),
          CONSTRAINT "FK_ExerciseMovementPatterns_Exercises_ExerciseId" FOREIGN KEY ("ExerciseId") REFERENCES "Exercises" ("Id") ON DELETE CASCADE,
          CONSTRAINT "FK_ExerciseMovementPatterns_MovementPatterns_PatternId" FOREIGN KEY ("PatternId") REFERENCES "MovementPatterns" ("Id") ON DELETE CASCADE
      );
dbug: Microsoft.EntityFrameworkCore.Database.Command[20103]
      Creating DbCommand for 'ExecuteNonQuery'.
dbug: Microsoft.EntityFrameworkCore.Database.Command[20104]
      Created DbCommand for 'ExecuteNonQuery' (0ms).
dbug: Microsoft.EntityFrameworkCore.Database.Command[20106]
      Initialized DbCommand for 'ExecuteNonQuery' (0ms).
dbug: Microsoft.EntityFrameworkCore.Database.Command[20100]
      Executing DbCommand [Parameters=[], CommandType='Text', CommandTimeout='30']
      CREATE TABLE "ExerciseTargetedMuscles" (
          "ExerciseId" uuid NOT NULL,
          "MuscleGroupId" uuid NOT NULL,
          "Role" integer NOT NULL,
          CONSTRAINT "PK_ExerciseTargetedMuscles" PRIMARY KEY ("ExerciseId", "MuscleGroupId"),
          CONSTRAINT "FK_ExerciseTargetedMuscles_Exercises_ExerciseId" FOREIGN KEY ("ExerciseId") REFERENCES "Exercises" ("Id") ON DELETE CASCADE,
          CONSTRAINT "FK_ExerciseTargetedMuscles_MuscleGroups_MuscleGroupId" FOREIGN KEY ("MuscleGroupId") REFERENCES "MuscleGroups" ("Id") ON DELETE CASCADE
      );
info: Microsoft.EntityFrameworkCore.Database.Command[20101]
      Executed DbCommand (1ms) [Parameters=[], CommandType='Text', CommandTimeout='30']
      CREATE TABLE "ExerciseEquipment" (
          "ExerciseId" uuid NOT NULL,
          "EquipmentId" uuid NOT NULL,
          CONSTRAINT "PK_ExerciseEquipment" PRIMARY KEY ("ExerciseId", "EquipmentId"),
          CONSTRAINT "FK_ExerciseEquipment_Equipment_EquipmentId" FOREIGN KEY ("EquipmentId") REFERENCES "Equipment" ("Id") ON DELETE CASCADE,
          CONSTRAINT "FK_ExerciseEquipment_Exercises_ExerciseId" FOREIGN KEY ("ExerciseId") REFERENCES "Exercises" ("Id") ON DELETE CASCADE
      );
info: 7/12/2025 16:05:39.237 RelationalEventId.CommandExecuted[20101] (Microsoft.EntityFrameworkCore.Database.Command) 
      Executed DbCommand (1ms) [Parameters=[], CommandType='Text', CommandTimeout='30']
      CREATE TABLE "ExerciseEquipment" (
          "ExerciseId" uuid NOT NULL,
          "EquipmentId" uuid NOT NULL,
          CONSTRAINT "PK_ExerciseEquipment" PRIMARY KEY ("ExerciseId", "EquipmentId"),
          CONSTRAINT "FK_ExerciseEquipment_Equipment_EquipmentId" FOREIGN KEY ("EquipmentId") REFERENCES "Equipment" ("Id") ON DELETE CASCADE,
          CONSTRAINT "FK_ExerciseEquipment_Exercises_ExerciseId" FOREIGN KEY ("ExerciseId") REFERENCES "Exercises" ("Id") ON DELETE CASCADE
      );
dbug: Microsoft.EntityFrameworkCore.Database.Command[20103]
      Creating DbCommand for 'ExecuteNonQuery'.
dbug: Microsoft.EntityFrameworkCore.Database.Command[20104]
      Created DbCommand for 'ExecuteNonQuery' (0ms).
dbug: Microsoft.EntityFrameworkCore.Database.Command[20106]
      Initialized DbCommand for 'ExecuteNonQuery' (0ms).
dbug: Microsoft.EntityFrameworkCore.Database.Command[20100]
      Executing DbCommand [Parameters=[], CommandType='Text', CommandTimeout='30']
      CREATE TABLE "ExerciseMetricSupport" (
          "ExerciseId" uuid NOT NULL,
          "MetricTypeId" uuid NOT NULL,
          CONSTRAINT "PK_ExerciseMetricSupport" PRIMARY KEY ("ExerciseId", "MetricTypeId"),
          CONSTRAINT "FK_ExerciseMetricSupport_Exercises_ExerciseId" FOREIGN KEY ("ExerciseId") REFERENCES "Exercises" ("Id") ON DELETE CASCADE,
          CONSTRAINT "FK_ExerciseMetricSupport_MetricTypes_MetricTypeId" FOREIGN KEY ("MetricTypeId") REFERENCES "MetricTypes" ("Id") ON DELETE CASCADE
      );
info: Microsoft.EntityFrameworkCore.Database.Command[20101]
      Executed DbCommand (1ms) [Parameters=[], CommandType='Text', CommandTimeout='30']
      CREATE TABLE "ExerciseTargetedMuscles" (
          "ExerciseId" uuid NOT NULL,
          "MuscleGroupId" uuid NOT NULL,
          "Role" integer NOT NULL,
          CONSTRAINT "PK_ExerciseTargetedMuscles" PRIMARY KEY ("ExerciseId", "MuscleGroupId"),
          CONSTRAINT "FK_ExerciseTargetedMuscles_Exercises_ExerciseId" FOREIGN KEY ("ExerciseId") REFERENCES "Exercises" ("Id") ON DELETE CASCADE,
          CONSTRAINT "FK_ExerciseTargetedMuscles_MuscleGroups_MuscleGroupId" FOREIGN KEY ("MuscleGroupId") REFERENCES "MuscleGroups" ("Id") ON DELETE CASCADE
      );
info: 7/12/2025 16:05:39.238 RelationalEventId.CommandExecuted[20101] (Microsoft.EntityFrameworkCore.Database.Command) 
      Executed DbCommand (1ms) [Parameters=[], CommandType='Text', CommandTimeout='30']
      CREATE TABLE "ExerciseTargetedMuscles" (
          "ExerciseId" uuid NOT NULL,
          "MuscleGroupId" uuid NOT NULL,
          "Role" integer NOT NULL,
          CONSTRAINT "PK_ExerciseTargetedMuscles" PRIMARY KEY ("ExerciseId", "MuscleGroupId"),
          CONSTRAINT "FK_ExerciseTargetedMuscles_Exercises_ExerciseId" FOREIGN KEY ("ExerciseId") REFERENCES "Exercises" ("Id") ON DELETE CASCADE,
          CONSTRAINT "FK_ExerciseTargetedMuscles_MuscleGroups_MuscleGroupId" FOREIGN KEY ("MuscleGroupId") REFERENCES "MuscleGroups" ("Id") ON DELETE CASCADE
      );
dbug: Microsoft.EntityFrameworkCore.Database.Command[20103]
      Creating DbCommand for 'ExecuteNonQuery'.
dbug: Microsoft.EntityFrameworkCore.Database.Command[20104]
      Created DbCommand for 'ExecuteNonQuery' (0ms).
dbug: Microsoft.EntityFrameworkCore.Database.Command[20106]
      Initialized DbCommand for 'ExecuteNonQuery' (0ms).
dbug: Microsoft.EntityFrameworkCore.Database.Command[20100]
      Executing DbCommand [Parameters=[], CommandType='Text', CommandTimeout='30']
      CREATE TABLE "WorkoutLogs" (
          "Id" uuid NOT NULL,
          "UserId" uuid NOT NULL,
          "StartTime" timestamp with time zone NOT NULL,
          "EndTime" timestamp with time zone,
          CONSTRAINT "PK_WorkoutLogs" PRIMARY KEY ("Id"),
          CONSTRAINT "FK_WorkoutLogs_Users_UserId" FOREIGN KEY ("UserId") REFERENCES "Users" ("Id") ON DELETE CASCADE
      );
info: Microsoft.EntityFrameworkCore.Database.Command[20101]
      Executed DbCommand (1ms) [Parameters=[], CommandType='Text', CommandTimeout='30']
      CREATE TABLE "ExerciseMetricSupport" (
          "ExerciseId" uuid NOT NULL,
          "MetricTypeId" uuid NOT NULL,
          CONSTRAINT "PK_ExerciseMetricSupport" PRIMARY KEY ("ExerciseId", "MetricTypeId"),
          CONSTRAINT "FK_ExerciseMetricSupport_Exercises_ExerciseId" FOREIGN KEY ("ExerciseId") REFERENCES "Exercises" ("Id") ON DELETE CASCADE,
          CONSTRAINT "FK_ExerciseMetricSupport_MetricTypes_MetricTypeId" FOREIGN KEY ("MetricTypeId") REFERENCES "MetricTypes" ("Id") ON DELETE CASCADE
      );
info: 7/12/2025 16:05:39.238 RelationalEventId.CommandExecuted[20101] (Microsoft.EntityFrameworkCore.Database.Command) 
      Executed DbCommand (1ms) [Parameters=[], CommandType='Text', CommandTimeout='30']
      CREATE TABLE "ExerciseMetricSupport" (
          "ExerciseId" uuid NOT NULL,
          "MetricTypeId" uuid NOT NULL,
          CONSTRAINT "PK_ExerciseMetricSupport" PRIMARY KEY ("ExerciseId", "MetricTypeId"),
          CONSTRAINT "FK_ExerciseMetricSupport_Exercises_ExerciseId" FOREIGN KEY ("ExerciseId") REFERENCES "Exercises" ("Id") ON DELETE CASCADE,
          CONSTRAINT "FK_ExerciseMetricSupport_MetricTypes_MetricTypeId" FOREIGN KEY ("MetricTypeId") REFERENCES "MetricTypes" ("Id") ON DELETE CASCADE
      );
dbug: Microsoft.EntityFrameworkCore.Database.Command[20103]
      Creating DbCommand for 'ExecuteNonQuery'.
dbug: Microsoft.EntityFrameworkCore.Database.Command[20104]
      Created DbCommand for 'ExecuteNonQuery' (0ms).
dbug: Microsoft.EntityFrameworkCore.Database.Command[20106]
      Initialized DbCommand for 'ExecuteNonQuery' (0ms).
dbug: Microsoft.EntityFrameworkCore.Database.Command[20100]
      Executing DbCommand [Parameters=[], CommandType='Text', CommandTimeout='30']
      CREATE TABLE "ExerciseMovementPatterns" (
          "ExerciseId" uuid NOT NULL,
          "PatternId" uuid NOT NULL,
          CONSTRAINT "PK_ExerciseMovementPatterns" PRIMARY KEY ("ExerciseId", "PatternId"),
          CONSTRAINT "FK_ExerciseMovementPatterns_Exercises_ExerciseId" FOREIGN KEY ("ExerciseId") REFERENCES "Exercises" ("Id") ON DELETE CASCADE,
          CONSTRAINT "FK_ExerciseMovementPatterns_MovementPatterns_PatternId" FOREIGN KEY ("PatternId") REFERENCES "MovementPatterns" ("Id") ON DELETE CASCADE
      );
info: Microsoft.EntityFrameworkCore.Database.Command[20101]
      Executed DbCommand (1ms) [Parameters=[], CommandType='Text', CommandTimeout='30']
      CREATE TABLE "WorkoutLogs" (
          "Id" uuid NOT NULL,
          "UserId" uuid NOT NULL,
          "StartTime" timestamp with time zone NOT NULL,
          "EndTime" timestamp with time zone,
          CONSTRAINT "PK_WorkoutLogs" PRIMARY KEY ("Id"),
          CONSTRAINT "FK_WorkoutLogs_Users_UserId" FOREIGN KEY ("UserId") REFERENCES "Users" ("Id") ON DELETE CASCADE
      );
info: 7/12/2025 16:05:39.239 RelationalEventId.CommandExecuted[20101] (Microsoft.EntityFrameworkCore.Database.Command) 
      Executed DbCommand (1ms) [Parameters=[], CommandType='Text', CommandTimeout='30']
      CREATE TABLE "WorkoutLogs" (
          "Id" uuid NOT NULL,
          "UserId" uuid NOT NULL,
          "StartTime" timestamp with time zone NOT NULL,
          "EndTime" timestamp with time zone,
          CONSTRAINT "PK_WorkoutLogs" PRIMARY KEY ("Id"),
          CONSTRAINT "FK_WorkoutLogs_Users_UserId" FOREIGN KEY ("UserId") REFERENCES "Users" ("Id") ON DELETE CASCADE
      );
dbug: Microsoft.EntityFrameworkCore.Database.Command[20103]
      Creating DbCommand for 'ExecuteNonQuery'.
dbug: Microsoft.EntityFrameworkCore.Database.Command[20104]
      Created DbCommand for 'ExecuteNonQuery' (0ms).
dbug: Microsoft.EntityFrameworkCore.Database.Command[20106]
      Initialized DbCommand for 'ExecuteNonQuery' (0ms).
dbug: Microsoft.EntityFrameworkCore.Database.Command[20100]
      Executing DbCommand [Parameters=[], CommandType='Text', CommandTimeout='30']
      CREATE TABLE "WorkoutLogSets" (
          "Id" uuid NOT NULL,
          "LogId" uuid NOT NULL,
          "ExerciseId" uuid NOT NULL,
          "SetOrder" integer NOT NULL,
          "RepsCompleted" integer,
          "WeightUsedKg" numeric(10,2),
          "DurationCompletedSec" integer,
          "DistanceCompletedM" integer,
          "Notes" text,
          CONSTRAINT "PK_WorkoutLogSets" PRIMARY KEY ("Id"),
          CONSTRAINT "FK_WorkoutLogSets_Exercises_ExerciseId" FOREIGN KEY ("ExerciseId") REFERENCES "Exercises" ("Id") ON DELETE CASCADE,
          CONSTRAINT "FK_WorkoutLogSets_WorkoutLogs_LogId" FOREIGN KEY ("LogId") REFERENCES "WorkoutLogs" ("Id") ON DELETE CASCADE
      );
info: Microsoft.EntityFrameworkCore.Database.Command[20101]
      Executed DbCommand (1ms) [Parameters=[], CommandType='Text', CommandTimeout='30']
      CREATE TABLE "ExerciseMovementPatterns" (
          "ExerciseId" uuid NOT NULL,
          "PatternId" uuid NOT NULL,
          CONSTRAINT "PK_ExerciseMovementPatterns" PRIMARY KEY ("ExerciseId", "PatternId"),
          CONSTRAINT "FK_ExerciseMovementPatterns_Exercises_ExerciseId" FOREIGN KEY ("ExerciseId") REFERENCES "Exercises" ("Id") ON DELETE CASCADE,
          CONSTRAINT "FK_ExerciseMovementPatterns_MovementPatterns_PatternId" FOREIGN KEY ("PatternId") REFERENCES "MovementPatterns" ("Id") ON DELETE CASCADE
      );
info: 7/12/2025 16:05:39.239 RelationalEventId.CommandExecuted[20101] (Microsoft.EntityFrameworkCore.Database.Command) 
      Executed DbCommand (1ms) [Parameters=[], CommandType='Text', CommandTimeout='30']
      CREATE TABLE "ExerciseMovementPatterns" (
          "ExerciseId" uuid NOT NULL,
          "PatternId" uuid NOT NULL,
          CONSTRAINT "PK_ExerciseMovementPatterns" PRIMARY KEY ("ExerciseId", "PatternId"),
          CONSTRAINT "FK_ExerciseMovementPatterns_Exercises_ExerciseId" FOREIGN KEY ("ExerciseId") REFERENCES "Exercises" ("Id") ON DELETE CASCADE,
          CONSTRAINT "FK_ExerciseMovementPatterns_MovementPatterns_PatternId" FOREIGN KEY ("PatternId") REFERENCES "MovementPatterns" ("Id") ON DELETE CASCADE
      );
dbug: Microsoft.EntityFrameworkCore.Database.Command[20103]
      Creating DbCommand for 'ExecuteNonQuery'.
dbug: Microsoft.EntityFrameworkCore.Database.Command[20104]
      Created DbCommand for 'ExecuteNonQuery' (0ms).
dbug: Microsoft.EntityFrameworkCore.Database.Command[20106]
      Initialized DbCommand for 'ExecuteNonQuery' (0ms).
dbug: Microsoft.EntityFrameworkCore.Database.Command[20100]
      Executing DbCommand [Parameters=[], CommandType='Text', CommandTimeout='30']
      CREATE TABLE "ExerciseTargetedMuscles" (
          "ExerciseId" uuid NOT NULL,
          "MuscleGroupId" uuid NOT NULL,
          "Role" integer NOT NULL,
          CONSTRAINT "PK_ExerciseTargetedMuscles" PRIMARY KEY ("ExerciseId", "MuscleGroupId"),
          CONSTRAINT "FK_ExerciseTargetedMuscles_Exercises_ExerciseId" FOREIGN KEY ("ExerciseId") REFERENCES "Exercises" ("Id") ON DELETE CASCADE,
          CONSTRAINT "FK_ExerciseTargetedMuscles_MuscleGroups_MuscleGroupId" FOREIGN KEY ("MuscleGroupId") REFERENCES "MuscleGroups" ("Id") ON DELETE CASCADE
      );
info: Microsoft.EntityFrameworkCore.Database.Command[20101]
      Executed DbCommand (1ms) [Parameters=[], CommandType='Text', CommandTimeout='30']
      CREATE TABLE "WorkoutLogSets" (
          "Id" uuid NOT NULL,
          "LogId" uuid NOT NULL,
          "ExerciseId" uuid NOT NULL,
          "SetOrder" integer NOT NULL,
          "RepsCompleted" integer,
          "WeightUsedKg" numeric(10,2),
          "DurationCompletedSec" integer,
          "DistanceCompletedM" integer,
          "Notes" text,
          CONSTRAINT "PK_WorkoutLogSets" PRIMARY KEY ("Id"),
          CONSTRAINT "FK_WorkoutLogSets_Exercises_ExerciseId" FOREIGN KEY ("ExerciseId") REFERENCES "Exercises" ("Id") ON DELETE CASCADE,
          CONSTRAINT "FK_WorkoutLogSets_WorkoutLogs_LogId" FOREIGN KEY ("LogId") REFERENCES "WorkoutLogs" ("Id") ON DELETE CASCADE
      );
info: 7/12/2025 16:05:39.240 RelationalEventId.CommandExecuted[20101] (Microsoft.EntityFrameworkCore.Database.Command) 
      Executed DbCommand (1ms) [Parameters=[], CommandType='Text', CommandTimeout='30']
      CREATE TABLE "WorkoutLogSets" (
          "Id" uuid NOT NULL,
          "LogId" uuid NOT NULL,
          "ExerciseId" uuid NOT NULL,
          "SetOrder" integer NOT NULL,
          "RepsCompleted" integer,
          "WeightUsedKg" numeric(10,2),
          "DurationCompletedSec" integer,
          "DistanceCompletedM" integer,
          "Notes" text,
          CONSTRAINT "PK_WorkoutLogSets" PRIMARY KEY ("Id"),
          CONSTRAINT "FK_WorkoutLogSets_Exercises_ExerciseId" FOREIGN KEY ("ExerciseId") REFERENCES "Exercises" ("Id") ON DELETE CASCADE,
          CONSTRAINT "FK_WorkoutLogSets_WorkoutLogs_LogId" FOREIGN KEY ("LogId") REFERENCES "WorkoutLogs" ("Id") ON DELETE CASCADE
      );
dbug: Microsoft.EntityFrameworkCore.Database.Command[20103]
      Creating DbCommand for 'ExecuteNonQuery'.
dbug: Microsoft.EntityFrameworkCore.Database.Command[20104]
      Created DbCommand for 'ExecuteNonQuery' (0ms).
dbug: Microsoft.EntityFrameworkCore.Database.Command[20106]
      Initialized DbCommand for 'ExecuteNonQuery' (0ms).
dbug: Microsoft.EntityFrameworkCore.Database.Command[20100]
      Executing DbCommand [Parameters=[], CommandType='Text', CommandTimeout='30']
      CREATE INDEX "IX_ExerciseEquipment_EquipmentId" ON "ExerciseEquipment" ("EquipmentId");
info: 7/12/2025 16:05:39.240 RelationalEventId.CommandExecuted[20101] (Microsoft.EntityFrameworkCore.Database.Command) 
      Executed DbCommand (1ms) [Parameters=[], CommandType='Text', CommandTimeout='30']
      CREATE TABLE "ExerciseTargetedMuscles" (
          "ExerciseId" uuid NOT NULL,
          "MuscleGroupId" uuid NOT NULL,
          "Role" integer NOT NULL,
          CONSTRAINT "PK_ExerciseTargetedMuscles" PRIMARY KEY ("ExerciseId", "MuscleGroupId"),
          CONSTRAINT "FK_ExerciseTargetedMuscles_Exercises_ExerciseId" FOREIGN KEY ("ExerciseId") REFERENCES "Exercises" ("Id") ON DELETE CASCADE,
          CONSTRAINT "FK_ExerciseTargetedMuscles_MuscleGroups_MuscleGroupId" FOREIGN KEY ("MuscleGroupId") REFERENCES "MuscleGroups" ("Id") ON DELETE CASCADE
      );
info: Microsoft.EntityFrameworkCore.Database.Command[20101]
      Executed DbCommand (1ms) [Parameters=[], CommandType='Text', CommandTimeout='30']
      CREATE TABLE "ExerciseTargetedMuscles" (
          "ExerciseId" uuid NOT NULL,
          "MuscleGroupId" uuid NOT NULL,
          "Role" integer NOT NULL,
          CONSTRAINT "PK_ExerciseTargetedMuscles" PRIMARY KEY ("ExerciseId", "MuscleGroupId"),
          CONSTRAINT "FK_ExerciseTargetedMuscles_Exercises_ExerciseId" FOREIGN KEY ("ExerciseId") REFERENCES "Exercises" ("Id") ON DELETE CASCADE,
          CONSTRAINT "FK_ExerciseTargetedMuscles_MuscleGroups_MuscleGroupId" FOREIGN KEY ("MuscleGroupId") REFERENCES "MuscleGroups" ("Id") ON DELETE CASCADE
      );
dbug: Microsoft.EntityFrameworkCore.Database.Command[20103]
      Creating DbCommand for 'ExecuteNonQuery'.
dbug: Microsoft.EntityFrameworkCore.Database.Command[20104]
      Created DbCommand for 'ExecuteNonQuery' (0ms).
dbug: Microsoft.EntityFrameworkCore.Database.Command[20106]
      Initialized DbCommand for 'ExecuteNonQuery' (0ms).
dbug: Microsoft.EntityFrameworkCore.Database.Command[20100]
      Executing DbCommand [Parameters=[], CommandType='Text', CommandTimeout='30']
      CREATE TABLE "WorkoutLogs" (
          "Id" uuid NOT NULL,
          "UserId" uuid NOT NULL,
          "StartTime" timestamp with time zone NOT NULL,
          "EndTime" timestamp with time zone,
          CONSTRAINT "PK_WorkoutLogs" PRIMARY KEY ("Id"),
          CONSTRAINT "FK_WorkoutLogs_Users_UserId" FOREIGN KEY ("UserId") REFERENCES "Users" ("Id") ON DELETE CASCADE
      );
info: Microsoft.EntityFrameworkCore.Database.Command[20101]
      Executed DbCommand (0ms) [Parameters=[], CommandType='Text', CommandTimeout='30']
      CREATE INDEX "IX_ExerciseEquipment_EquipmentId" ON "ExerciseEquipment" ("EquipmentId");
info: 7/12/2025 16:05:39.240 RelationalEventId.CommandExecuted[20101] (Microsoft.EntityFrameworkCore.Database.Command) 
      Executed DbCommand (0ms) [Parameters=[], CommandType='Text', CommandTimeout='30']
      CREATE INDEX "IX_ExerciseEquipment_EquipmentId" ON "ExerciseEquipment" ("EquipmentId");
dbug: Microsoft.EntityFrameworkCore.Database.Command[20103]
      Creating DbCommand for 'ExecuteNonQuery'.
dbug: Microsoft.EntityFrameworkCore.Database.Command[20104]
      Created DbCommand for 'ExecuteNonQuery' (0ms).
dbug: Microsoft.EntityFrameworkCore.Database.Command[20106]
      Initialized DbCommand for 'ExecuteNonQuery' (0ms).
dbug: Microsoft.EntityFrameworkCore.Database.Command[20100]
      Executing DbCommand [Parameters=[], CommandType='Text', CommandTimeout='30']
      CREATE INDEX "IX_ExerciseMetricSupport_MetricTypeId" ON "ExerciseMetricSupport" ("MetricTypeId");
info: Microsoft.EntityFrameworkCore.Database.Command[20101]
      Executed DbCommand (0ms) [Parameters=[], CommandType='Text', CommandTimeout='30']
      CREATE INDEX "IX_ExerciseMetricSupport_MetricTypeId" ON "ExerciseMetricSupport" ("MetricTypeId");
info: 7/12/2025 16:05:39.240 RelationalEventId.CommandExecuted[20101] (Microsoft.EntityFrameworkCore.Database.Command) 
      Executed DbCommand (0ms) [Parameters=[], CommandType='Text', CommandTimeout='30']
      CREATE INDEX "IX_ExerciseMetricSupport_MetricTypeId" ON "ExerciseMetricSupport" ("MetricTypeId");
dbug: Microsoft.EntityFrameworkCore.Database.Command[20103]
      Creating DbCommand for 'ExecuteNonQuery'.
dbug: Microsoft.EntityFrameworkCore.Database.Command[20104]
      Created DbCommand for 'ExecuteNonQuery' (0ms).
dbug: Microsoft.EntityFrameworkCore.Database.Command[20106]
      Initialized DbCommand for 'ExecuteNonQuery' (0ms).
dbug: Microsoft.EntityFrameworkCore.Database.Command[20100]
      Executing DbCommand [Parameters=[], CommandType='Text', CommandTimeout='30']
      CREATE INDEX "IX_ExerciseMovementPatterns_PatternId" ON "ExerciseMovementPatterns" ("PatternId");
info: Microsoft.EntityFrameworkCore.Database.Command[20101]
      Executed DbCommand (0ms) [Parameters=[], CommandType='Text', CommandTimeout='30']
      CREATE INDEX "IX_ExerciseMovementPatterns_PatternId" ON "ExerciseMovementPatterns" ("PatternId");
info: 7/12/2025 16:05:39.241 RelationalEventId.CommandExecuted[20101] (Microsoft.EntityFrameworkCore.Database.Command) 
      Executed DbCommand (0ms) [Parameters=[], CommandType='Text', CommandTimeout='30']
      CREATE INDEX "IX_ExerciseMovementPatterns_PatternId" ON "ExerciseMovementPatterns" ("PatternId");
dbug: Microsoft.EntityFrameworkCore.Database.Command[20103]
      Creating DbCommand for 'ExecuteNonQuery'.
dbug: Microsoft.EntityFrameworkCore.Database.Command[20104]
      Created DbCommand for 'ExecuteNonQuery' (0ms).
dbug: Microsoft.EntityFrameworkCore.Database.Command[20106]
      Initialized DbCommand for 'ExecuteNonQuery' (0ms).
dbug: Microsoft.EntityFrameworkCore.Database.Command[20100]
      Executing DbCommand [Parameters=[], CommandType='Text', CommandTimeout='30']
      CREATE INDEX "IX_ExerciseTargetedMuscles_MuscleGroupId" ON "ExerciseTargetedMuscles" ("MuscleGroupId");
info: Microsoft.EntityFrameworkCore.Database.Command[20101]
      Executed DbCommand (1ms) [Parameters=[], CommandType='Text', CommandTimeout='30']
      CREATE TABLE "WorkoutLogs" (
          "Id" uuid NOT NULL,
          "UserId" uuid NOT NULL,
          "StartTime" timestamp with time zone NOT NULL,
          "EndTime" timestamp with time zone,
          CONSTRAINT "PK_WorkoutLogs" PRIMARY KEY ("Id"),
          CONSTRAINT "FK_WorkoutLogs_Users_UserId" FOREIGN KEY ("UserId") REFERENCES "Users" ("Id") ON DELETE CASCADE
      );
info: 7/12/2025 16:05:39.241 RelationalEventId.CommandExecuted[20101] (Microsoft.EntityFrameworkCore.Database.Command) 
      Executed DbCommand (1ms) [Parameters=[], CommandType='Text', CommandTimeout='30']
      CREATE TABLE "WorkoutLogs" (
          "Id" uuid NOT NULL,
          "UserId" uuid NOT NULL,
          "StartTime" timestamp with time zone NOT NULL,
          "EndTime" timestamp with time zone,
          CONSTRAINT "PK_WorkoutLogs" PRIMARY KEY ("Id"),
          CONSTRAINT "FK_WorkoutLogs_Users_UserId" FOREIGN KEY ("UserId") REFERENCES "Users" ("Id") ON DELETE CASCADE
      );
dbug: Microsoft.EntityFrameworkCore.Database.Command[20103]
      Creating DbCommand for 'ExecuteNonQuery'.
dbug: Microsoft.EntityFrameworkCore.Database.Command[20104]
      Created DbCommand for 'ExecuteNonQuery' (0ms).
dbug: Microsoft.EntityFrameworkCore.Database.Command[20106]
      Initialized DbCommand for 'ExecuteNonQuery' (0ms).
dbug: Microsoft.EntityFrameworkCore.Database.Command[20100]
      Executing DbCommand [Parameters=[], CommandType='Text', CommandTimeout='30']
      CREATE TABLE "WorkoutLogSets" (
          "Id" uuid NOT NULL,
          "LogId" uuid NOT NULL,
          "ExerciseId" uuid NOT NULL,
          "SetOrder" integer NOT NULL,
          "RepsCompleted" integer,
          "WeightUsedKg" numeric(10,2),
          "DurationCompletedSec" integer,
          "DistanceCompletedM" integer,
          "Notes" text,
          CONSTRAINT "PK_WorkoutLogSets" PRIMARY KEY ("Id"),
          CONSTRAINT "FK_WorkoutLogSets_Exercises_ExerciseId" FOREIGN KEY ("ExerciseId") REFERENCES "Exercises" ("Id") ON DELETE CASCADE,
          CONSTRAINT "FK_WorkoutLogSets_WorkoutLogs_LogId" FOREIGN KEY ("LogId") REFERENCES "WorkoutLogs" ("Id") ON DELETE CASCADE
      );
info: Microsoft.EntityFrameworkCore.Database.Command[20101]
      Executed DbCommand (0ms) [Parameters=[], CommandType='Text', CommandTimeout='30']
      CREATE INDEX "IX_ExerciseTargetedMuscles_MuscleGroupId" ON "ExerciseTargetedMuscles" ("MuscleGroupId");
info: 7/12/2025 16:05:39.241 RelationalEventId.CommandExecuted[20101] (Microsoft.EntityFrameworkCore.Database.Command) 
      Executed DbCommand (0ms) [Parameters=[], CommandType='Text', CommandTimeout='30']
      CREATE INDEX "IX_ExerciseTargetedMuscles_MuscleGroupId" ON "ExerciseTargetedMuscles" ("MuscleGroupId");
dbug: Microsoft.EntityFrameworkCore.Database.Command[20103]
      Creating DbCommand for 'ExecuteNonQuery'.
dbug: Microsoft.EntityFrameworkCore.Database.Command[20104]
      Created DbCommand for 'ExecuteNonQuery' (0ms).
dbug: Microsoft.EntityFrameworkCore.Database.Command[20106]
      Initialized DbCommand for 'ExecuteNonQuery' (0ms).
dbug: Microsoft.EntityFrameworkCore.Database.Command[20100]
      Executing DbCommand [Parameters=[], CommandType='Text', CommandTimeout='30']
      CREATE INDEX "IX_WorkoutLogs_UserId" ON "WorkoutLogs" ("UserId");
info: Microsoft.EntityFrameworkCore.Database.Command[20101]
      Executed DbCommand (0ms) [Parameters=[], CommandType='Text', CommandTimeout='30']
      CREATE INDEX "IX_WorkoutLogs_UserId" ON "WorkoutLogs" ("UserId");
info: 7/12/2025 16:05:39.241 RelationalEventId.CommandExecuted[20101] (Microsoft.EntityFrameworkCore.Database.Command) 
      Executed DbCommand (0ms) [Parameters=[], CommandType='Text', CommandTimeout='30']
      CREATE INDEX "IX_WorkoutLogs_UserId" ON "WorkoutLogs" ("UserId");
dbug: Microsoft.EntityFrameworkCore.Database.Command[20103]
      Creating DbCommand for 'ExecuteNonQuery'.
dbug: Microsoft.EntityFrameworkCore.Database.Command[20104]
      Created DbCommand for 'ExecuteNonQuery' (0ms).
dbug: Microsoft.EntityFrameworkCore.Database.Command[20106]
      Initialized DbCommand for 'ExecuteNonQuery' (0ms).
dbug: Microsoft.EntityFrameworkCore.Database.Command[20100]
      Executing DbCommand [Parameters=[], CommandType='Text', CommandTimeout='30']
      CREATE INDEX "IX_WorkoutLogSets_ExerciseId" ON "WorkoutLogSets" ("ExerciseId");
info: Microsoft.EntityFrameworkCore.Database.Command[20101]
      Executed DbCommand (0ms) [Parameters=[], CommandType='Text', CommandTimeout='30']
      CREATE INDEX "IX_WorkoutLogSets_ExerciseId" ON "WorkoutLogSets" ("ExerciseId");
info: 7/12/2025 16:05:39.241 RelationalEventId.CommandExecuted[20101] (Microsoft.EntityFrameworkCore.Database.Command) 
      Executed DbCommand (0ms) [Parameters=[], CommandType='Text', CommandTimeout='30']
      CREATE INDEX "IX_WorkoutLogSets_ExerciseId" ON "WorkoutLogSets" ("ExerciseId");
dbug: Microsoft.EntityFrameworkCore.Database.Command[20103]
      Creating DbCommand for 'ExecuteNonQuery'.
dbug: Microsoft.EntityFrameworkCore.Database.Command[20104]
      Created DbCommand for 'ExecuteNonQuery' (0ms).
dbug: Microsoft.EntityFrameworkCore.Database.Command[20106]
      Initialized DbCommand for 'ExecuteNonQuery' (0ms).
dbug: Microsoft.EntityFrameworkCore.Database.Command[20100]
      Executing DbCommand [Parameters=[], CommandType='Text', CommandTimeout='30']
      CREATE INDEX "IX_WorkoutLogSets_LogId" ON "WorkoutLogSets" ("LogId");
info: Microsoft.EntityFrameworkCore.Database.Command[20101]
      Executed DbCommand (0ms) [Parameters=[], CommandType='Text', CommandTimeout='30']
      CREATE INDEX "IX_WorkoutLogSets_LogId" ON "WorkoutLogSets" ("LogId");
info: 7/12/2025 16:05:39.242 RelationalEventId.CommandExecuted[20101] (Microsoft.EntityFrameworkCore.Database.Command) 
      Executed DbCommand (0ms) [Parameters=[], CommandType='Text', CommandTimeout='30']
      CREATE INDEX "IX_WorkoutLogSets_LogId" ON "WorkoutLogSets" ("LogId");
dbug: Microsoft.EntityFrameworkCore.Database.Command[20103]
      Creating DbCommand for 'ExecuteNonQuery'.
dbug: Microsoft.EntityFrameworkCore.Database.Command[20104]
      Created DbCommand for 'ExecuteNonQuery' (0ms).
dbug: Microsoft.EntityFrameworkCore.Database.Command[20106]
      Initialized DbCommand for 'ExecuteNonQuery' (0ms).
dbug: Microsoft.EntityFrameworkCore.Database.Command[20100]
      Executing DbCommand [Parameters=[], CommandType='Text', CommandTimeout='30']
      INSERT INTO "__EFMigrationsHistory" ("MigrationId", "ProductVersion")
      VALUES ('20250623233141_InitialCreate', '9.0.6');
info: Microsoft.EntityFrameworkCore.Database.Command[20101]
      Executed DbCommand (0ms) [Parameters=[], CommandType='Text', CommandTimeout='30']
      INSERT INTO "__EFMigrationsHistory" ("MigrationId", "ProductVersion")
      VALUES ('20250623233141_InitialCreate', '9.0.6');
info: 7/12/2025 16:05:39.242 RelationalEventId.CommandExecuted[20101] (Microsoft.EntityFrameworkCore.Database.Command) 
      Executed DbCommand (0ms) [Parameters=[], CommandType='Text', CommandTimeout='30']
      INSERT INTO "__EFMigrationsHistory" ("MigrationId", "ProductVersion")
      VALUES ('20250623233141_InitialCreate', '9.0.6');
info: Microsoft.EntityFrameworkCore.Migrations[20402]
      Applying migration '20250624084158_ReplaceEnumsWithReferenceData'.
info: 7/12/2025 16:05:39.242 RelationalEventId.MigrationApplying[20402] (Microsoft.EntityFrameworkCore.Migrations) 
      Applying migration '20250624084158_ReplaceEnumsWithReferenceData'.
info: Microsoft.EntityFrameworkCore.Database.Command[20101]
      Executed DbCommand (1ms) [Parameters=[], CommandType='Text', CommandTimeout='30']
      CREATE TABLE "WorkoutLogSets" (
          "Id" uuid NOT NULL,
          "LogId" uuid NOT NULL,
          "ExerciseId" uuid NOT NULL,
          "SetOrder" integer NOT NULL,
          "RepsCompleted" integer,
          "WeightUsedKg" numeric(10,2),
          "DurationCompletedSec" integer,
          "DistanceCompletedM" integer,
          "Notes" text,
          CONSTRAINT "PK_WorkoutLogSets" PRIMARY KEY ("Id"),
          CONSTRAINT "FK_WorkoutLogSets_Exercises_ExerciseId" FOREIGN KEY ("ExerciseId") REFERENCES "Exercises" ("Id") ON DELETE CASCADE,
          CONSTRAINT "FK_WorkoutLogSets_WorkoutLogs_LogId" FOREIGN KEY ("LogId") REFERENCES "WorkoutLogs" ("Id") ON DELETE CASCADE
      );
info: 7/12/2025 16:05:39.242 RelationalEventId.CommandExecuted[20101] (Microsoft.EntityFrameworkCore.Database.Command) 
      Executed DbCommand (1ms) [Parameters=[], CommandType='Text', CommandTimeout='30']
      CREATE TABLE "WorkoutLogSets" (
          "Id" uuid NOT NULL,
          "LogId" uuid NOT NULL,
          "ExerciseId" uuid NOT NULL,
          "SetOrder" integer NOT NULL,
          "RepsCompleted" integer,
          "WeightUsedKg" numeric(10,2),
          "DurationCompletedSec" integer,
          "DistanceCompletedM" integer,
          "Notes" text,
          CONSTRAINT "PK_WorkoutLogSets" PRIMARY KEY ("Id"),
          CONSTRAINT "FK_WorkoutLogSets_Exercises_ExerciseId" FOREIGN KEY ("ExerciseId") REFERENCES "Exercises" ("Id") ON DELETE CASCADE,
          CONSTRAINT "FK_WorkoutLogSets_WorkoutLogs_LogId" FOREIGN KEY ("LogId") REFERENCES "WorkoutLogs" ("Id") ON DELETE CASCADE
      );
dbug: Microsoft.EntityFrameworkCore.Database.Command[20103]
      Creating DbCommand for 'ExecuteNonQuery'.
dbug: Microsoft.EntityFrameworkCore.Database.Command[20104]
      Created DbCommand for 'ExecuteNonQuery' (0ms).
dbug: Microsoft.EntityFrameworkCore.Database.Command[20106]
      Initialized DbCommand for 'ExecuteNonQuery' (0ms).
dbug: Microsoft.EntityFrameworkCore.Database.Command[20100]
      Executing DbCommand [Parameters=[], CommandType='Text', CommandTimeout='30']
      CREATE INDEX "IX_ExerciseEquipment_EquipmentId" ON "ExerciseEquipment" ("EquipmentId");
info: Microsoft.EntityFrameworkCore.Database.Command[20101]
      Executed DbCommand (0ms) [Parameters=[], CommandType='Text', CommandTimeout='30']
      CREATE INDEX "IX_ExerciseEquipment_EquipmentId" ON "ExerciseEquipment" ("EquipmentId");
info: 7/12/2025 16:05:39.242 RelationalEventId.CommandExecuted[20101] (Microsoft.EntityFrameworkCore.Database.Command) 
      Executed DbCommand (0ms) [Parameters=[], CommandType='Text', CommandTimeout='30']
      CREATE INDEX "IX_ExerciseEquipment_EquipmentId" ON "ExerciseEquipment" ("EquipmentId");
dbug: Microsoft.EntityFrameworkCore.Database.Command[20103]
      Creating DbCommand for 'ExecuteNonQuery'.
dbug: Microsoft.EntityFrameworkCore.Database.Command[20104]
      Created DbCommand for 'ExecuteNonQuery' (0ms).
dbug: Microsoft.EntityFrameworkCore.Database.Command[20106]
      Initialized DbCommand for 'ExecuteNonQuery' (0ms).
dbug: Microsoft.EntityFrameworkCore.Database.Command[20100]
      Executing DbCommand [Parameters=[], CommandType='Text', CommandTimeout='30']
      CREATE INDEX "IX_ExerciseMetricSupport_MetricTypeId" ON "ExerciseMetricSupport" ("MetricTypeId");
info: Microsoft.EntityFrameworkCore.Database.Command[20101]
      Executed DbCommand (0ms) [Parameters=[], CommandType='Text', CommandTimeout='30']
      CREATE INDEX "IX_ExerciseMetricSupport_MetricTypeId" ON "ExerciseMetricSupport" ("MetricTypeId");
info: 7/12/2025 16:05:39.243 RelationalEventId.CommandExecuted[20101] (Microsoft.EntityFrameworkCore.Database.Command) 
      Executed DbCommand (0ms) [Parameters=[], CommandType='Text', CommandTimeout='30']
      CREATE INDEX "IX_ExerciseMetricSupport_MetricTypeId" ON "ExerciseMetricSupport" ("MetricTypeId");
dbug: Microsoft.EntityFrameworkCore.Database.Command[20103]
      Creating DbCommand for 'ExecuteNonQuery'.
dbug: Microsoft.EntityFrameworkCore.Database.Command[20104]
      Created DbCommand for 'ExecuteNonQuery' (0ms).
dbug: Microsoft.EntityFrameworkCore.Database.Command[20106]
      Initialized DbCommand for 'ExecuteNonQuery' (0ms).
dbug: Microsoft.EntityFrameworkCore.Database.Command[20100]
      Executing DbCommand [Parameters=[], CommandType='Text', CommandTimeout='30']
      CREATE INDEX "IX_ExerciseMovementPatterns_PatternId" ON "ExerciseMovementPatterns" ("PatternId");
info: 7/12/2025 16:05:39.243 RelationalEventId.CommandExecuted[20101] (Microsoft.EntityFrameworkCore.Database.Command) 
      Executed DbCommand (0ms) [Parameters=[], CommandType='Text', CommandTimeout='30']
      CREATE INDEX "IX_ExerciseMovementPatterns_PatternId" ON "ExerciseMovementPatterns" ("PatternId");
info: Microsoft.EntityFrameworkCore.Database.Command[20101]
      Executed DbCommand (0ms) [Parameters=[], CommandType='Text', CommandTimeout='30']
      CREATE INDEX "IX_ExerciseMovementPatterns_PatternId" ON "ExerciseMovementPatterns" ("PatternId");
dbug: Microsoft.EntityFrameworkCore.Database.Command[20103]
      Creating DbCommand for 'ExecuteNonQuery'.
dbug: Microsoft.EntityFrameworkCore.Database.Command[20104]
      Created DbCommand for 'ExecuteNonQuery' (0ms).
dbug: Microsoft.EntityFrameworkCore.Database.Command[20106]
      Initialized DbCommand for 'ExecuteNonQuery' (0ms).
dbug: Microsoft.EntityFrameworkCore.Database.Command[20100]
      Executing DbCommand [Parameters=[], CommandType='Text', CommandTimeout='30']
      CREATE INDEX "IX_ExerciseTargetedMuscles_MuscleGroupId" ON "ExerciseTargetedMuscles" ("MuscleGroupId");
info: Microsoft.EntityFrameworkCore.Database.Command[20101]
      Executed DbCommand (0ms) [Parameters=[], CommandType='Text', CommandTimeout='30']
      CREATE INDEX "IX_ExerciseTargetedMuscles_MuscleGroupId" ON "ExerciseTargetedMuscles" ("MuscleGroupId");
info: 7/12/2025 16:05:39.243 RelationalEventId.CommandExecuted[20101] (Microsoft.EntityFrameworkCore.Database.Command) 
      Executed DbCommand (0ms) [Parameters=[], CommandType='Text', CommandTimeout='30']
      CREATE INDEX "IX_ExerciseTargetedMuscles_MuscleGroupId" ON "ExerciseTargetedMuscles" ("MuscleGroupId");
dbug: Microsoft.EntityFrameworkCore.Database.Command[20103]
      Creating DbCommand for 'ExecuteNonQuery'.
dbug: Microsoft.EntityFrameworkCore.Database.Command[20104]
      Created DbCommand for 'ExecuteNonQuery' (0ms).
dbug: Microsoft.EntityFrameworkCore.Database.Command[20106]
      Initialized DbCommand for 'ExecuteNonQuery' (0ms).
dbug: Microsoft.EntityFrameworkCore.Database.Command[20100]
      Executing DbCommand [Parameters=[], CommandType='Text', CommandTimeout='30']
      CREATE INDEX "IX_WorkoutLogs_UserId" ON "WorkoutLogs" ("UserId");
info: Microsoft.EntityFrameworkCore.Database.Command[20101]
      Executed DbCommand (0ms) [Parameters=[], CommandType='Text', CommandTimeout='30']
      CREATE INDEX "IX_WorkoutLogs_UserId" ON "WorkoutLogs" ("UserId");
info: 7/12/2025 16:05:39.244 RelationalEventId.CommandExecuted[20101] (Microsoft.EntityFrameworkCore.Database.Command) 
      Executed DbCommand (0ms) [Parameters=[], CommandType='Text', CommandTimeout='30']
      CREATE INDEX "IX_WorkoutLogs_UserId" ON "WorkoutLogs" ("UserId");
dbug: Microsoft.EntityFrameworkCore.Database.Command[20103]
      Creating DbCommand for 'ExecuteNonQuery'.
dbug: Microsoft.EntityFrameworkCore.Database.Command[20104]
      Created DbCommand for 'ExecuteNonQuery' (0ms).
dbug: Microsoft.EntityFrameworkCore.Database.Command[20106]
      Initialized DbCommand for 'ExecuteNonQuery' (0ms).
dbug: Microsoft.EntityFrameworkCore.Database.Command[20100]
      Executing DbCommand [Parameters=[], CommandType='Text', CommandTimeout='30']
      CREATE INDEX "IX_WorkoutLogSets_ExerciseId" ON "WorkoutLogSets" ("ExerciseId");
info: Microsoft.EntityFrameworkCore.Database.Command[20101]
      Executed DbCommand (0ms) [Parameters=[], CommandType='Text', CommandTimeout='30']
      CREATE INDEX "IX_WorkoutLogSets_ExerciseId" ON "WorkoutLogSets" ("ExerciseId");
info: 7/12/2025 16:05:39.244 RelationalEventId.CommandExecuted[20101] (Microsoft.EntityFrameworkCore.Database.Command) 
      Executed DbCommand (0ms) [Parameters=[], CommandType='Text', CommandTimeout='30']
      CREATE INDEX "IX_WorkoutLogSets_ExerciseId" ON "WorkoutLogSets" ("ExerciseId");
dbug: Microsoft.EntityFrameworkCore.Database.Command[20103]
      Creating DbCommand for 'ExecuteNonQuery'.
dbug: Microsoft.EntityFrameworkCore.Database.Command[20104]
      Created DbCommand for 'ExecuteNonQuery' (0ms).
dbug: Microsoft.EntityFrameworkCore.Database.Command[20106]
      Initialized DbCommand for 'ExecuteNonQuery' (0ms).
dbug: Microsoft.EntityFrameworkCore.Database.Command[20100]
      Executing DbCommand [Parameters=[], CommandType='Text', CommandTimeout='30']
      CREATE INDEX "IX_WorkoutLogSets_LogId" ON "WorkoutLogSets" ("LogId");
info: Microsoft.EntityFrameworkCore.Database.Command[20101]
      Executed DbCommand (0ms) [Parameters=[], CommandType='Text', CommandTimeout='30']
      CREATE INDEX "IX_WorkoutLogSets_LogId" ON "WorkoutLogSets" ("LogId");
info: 7/12/2025 16:05:39.244 RelationalEventId.CommandExecuted[20101] (Microsoft.EntityFrameworkCore.Database.Command) 
      Executed DbCommand (0ms) [Parameters=[], CommandType='Text', CommandTimeout='30']
      CREATE INDEX "IX_WorkoutLogSets_LogId" ON "WorkoutLogSets" ("LogId");
dbug: Microsoft.EntityFrameworkCore.Database.Command[20103]
      Creating DbCommand for 'ExecuteNonQuery'.
dbug: Microsoft.EntityFrameworkCore.Database.Command[20104]
      Created DbCommand for 'ExecuteNonQuery' (0ms).
dbug: Microsoft.EntityFrameworkCore.Database.Command[20106]
      Initialized DbCommand for 'ExecuteNonQuery' (0ms).
dbug: Microsoft.EntityFrameworkCore.Database.Command[20100]
      Executing DbCommand [Parameters=[], CommandType='Text', CommandTimeout='30']
      INSERT INTO "__EFMigrationsHistory" ("MigrationId", "ProductVersion")
      VALUES ('20250623233141_InitialCreate', '9.0.6');
info: Microsoft.EntityFrameworkCore.Database.Command[20101]
      Executed DbCommand (0ms) [Parameters=[], CommandType='Text', CommandTimeout='30']
      INSERT INTO "__EFMigrationsHistory" ("MigrationId", "ProductVersion")
      VALUES ('20250623233141_InitialCreate', '9.0.6');
info: 7/12/2025 16:05:39.245 RelationalEventId.CommandExecuted[20101] (Microsoft.EntityFrameworkCore.Database.Command) 
      Executed DbCommand (0ms) [Parameters=[], CommandType='Text', CommandTimeout='30']
      INSERT INTO "__EFMigrationsHistory" ("MigrationId", "ProductVersion")
      VALUES ('20250623233141_InitialCreate', '9.0.6');
info: Microsoft.EntityFrameworkCore.Migrations[20402]
      Applying migration '20250624084158_ReplaceEnumsWithReferenceData'.
info: 7/12/2025 16:05:39.245 RelationalEventId.MigrationApplying[20402] (Microsoft.EntityFrameworkCore.Migrations) 
      Applying migration '20250624084158_ReplaceEnumsWithReferenceData'.
dbug: Microsoft.EntityFrameworkCore.Database.Command[20103]
      Creating DbCommand for 'ExecuteNonQuery'.
dbug: Microsoft.EntityFrameworkCore.Database.Command[20104]
      Created DbCommand for 'ExecuteNonQuery' (0ms).
dbug: Microsoft.EntityFrameworkCore.Database.Command[20106]
      Initialized DbCommand for 'ExecuteNonQuery' (0ms).
dbug: Microsoft.EntityFrameworkCore.Database.Command[20103]
      Creating DbCommand for 'ExecuteNonQuery'.
dbug: Microsoft.EntityFrameworkCore.Database.Command[20100]
      Executing DbCommand [Parameters=[], CommandType='Text', CommandTimeout='30']
      ALTER TABLE "Users" DROP COLUMN "CreatedAt";
dbug: Microsoft.EntityFrameworkCore.Database.Command[20104]
      Created DbCommand for 'ExecuteNonQuery' (0ms).
dbug: Microsoft.EntityFrameworkCore.Database.Command[20106]
      Initialized DbCommand for 'ExecuteNonQuery' (0ms).
dbug: Microsoft.EntityFrameworkCore.Database.Command[20100]
      Executing DbCommand [Parameters=[], CommandType='Text', CommandTimeout='30']
      ALTER TABLE "Users" DROP COLUMN "CreatedAt";
info: Microsoft.EntityFrameworkCore.Database.Command[20101]
      Executed DbCommand (1ms) [Parameters=[], CommandType='Text', CommandTimeout='30']
      ALTER TABLE "Users" DROP COLUMN "CreatedAt";
info: 7/12/2025 16:05:39.257 RelationalEventId.CommandExecuted[20101] (Microsoft.EntityFrameworkCore.Database.Command) 
      Executed DbCommand (1ms) [Parameters=[], CommandType='Text', CommandTimeout='30']
      ALTER TABLE "Users" DROP COLUMN "CreatedAt";
dbug: Microsoft.EntityFrameworkCore.Database.Command[20103]
      Creating DbCommand for 'ExecuteNonQuery'.
dbug: Microsoft.EntityFrameworkCore.Database.Command[20104]
      Created DbCommand for 'ExecuteNonQuery' (0ms).
dbug: Microsoft.EntityFrameworkCore.Database.Command[20106]
      Initialized DbCommand for 'ExecuteNonQuery' (0ms).
dbug: Microsoft.EntityFrameworkCore.Database.Command[20100]
      Executing DbCommand [Parameters=[], CommandType='Text', CommandTimeout='30']
      ALTER TABLE "Users" DROP COLUMN "LastLoginAt";
info: Microsoft.EntityFrameworkCore.Database.Command[20101]
      Executed DbCommand (0ms) [Parameters=[], CommandType='Text', CommandTimeout='30']
      ALTER TABLE "Users" DROP COLUMN "LastLoginAt";
info: 7/12/2025 16:05:39.257 RelationalEventId.CommandExecuted[20101] (Microsoft.EntityFrameworkCore.Database.Command) 
      Executed DbCommand (0ms) [Parameters=[], CommandType='Text', CommandTimeout='30']
      ALTER TABLE "Users" DROP COLUMN "LastLoginAt";
dbug: Microsoft.EntityFrameworkCore.Database.Command[20103]
      Creating DbCommand for 'ExecuteNonQuery'.
dbug: Microsoft.EntityFrameworkCore.Database.Command[20104]
      Created DbCommand for 'ExecuteNonQuery' (0ms).
dbug: Microsoft.EntityFrameworkCore.Database.Command[20106]
      Initialized DbCommand for 'ExecuteNonQuery' (0ms).
dbug: Microsoft.EntityFrameworkCore.Database.Command[20100]
      Executing DbCommand [Parameters=[], CommandType='Text', CommandTimeout='30']
      ALTER TABLE "Users" DROP COLUMN "PasswordHash";
info: 7/12/2025 16:05:39.257 RelationalEventId.CommandExecuted[20101] (Microsoft.EntityFrameworkCore.Database.Command) 
      Executed DbCommand (0ms) [Parameters=[], CommandType='Text', CommandTimeout='30']
      ALTER TABLE "Users" DROP COLUMN "PasswordHash";
info: Microsoft.EntityFrameworkCore.Database.Command[20101]
      Executed DbCommand (0ms) [Parameters=[], CommandType='Text', CommandTimeout='30']
      ALTER TABLE "Users" DROP COLUMN "PasswordHash";
dbug: Microsoft.EntityFrameworkCore.Database.Command[20103]
      Creating DbCommand for 'ExecuteNonQuery'.
dbug: Microsoft.EntityFrameworkCore.Database.Command[20104]
      Created DbCommand for 'ExecuteNonQuery' (0ms).
dbug: Microsoft.EntityFrameworkCore.Database.Command[20106]
      Initialized DbCommand for 'ExecuteNonQuery' (0ms).
dbug: Microsoft.EntityFrameworkCore.Database.Command[20100]
      Executing DbCommand [Parameters=[], CommandType='Text', CommandTimeout='30']
      ALTER TABLE "MuscleGroups" DROP COLUMN "BodyPart";
info: Microsoft.EntityFrameworkCore.Database.Command[20101]
      Executed DbCommand (1ms) [Parameters=[], CommandType='Text', CommandTimeout='30']
      ALTER TABLE "Users" DROP COLUMN "CreatedAt";
info: 7/12/2025 16:05:39.257 RelationalEventId.CommandExecuted[20101] (Microsoft.EntityFrameworkCore.Database.Command) 
      Executed DbCommand (1ms) [Parameters=[], CommandType='Text', CommandTimeout='30']
      ALTER TABLE "Users" DROP COLUMN "CreatedAt";
dbug: Microsoft.EntityFrameworkCore.Database.Command[20103]
      Creating DbCommand for 'ExecuteNonQuery'.
dbug: Microsoft.EntityFrameworkCore.Database.Command[20104]
      Created DbCommand for 'ExecuteNonQuery' (0ms).
dbug: Microsoft.EntityFrameworkCore.Database.Command[20106]
      Initialized DbCommand for 'ExecuteNonQuery' (0ms).
dbug: Microsoft.EntityFrameworkCore.Database.Command[20100]
      Executing DbCommand [Parameters=[], CommandType='Text', CommandTimeout='30']
      ALTER TABLE "Users" DROP COLUMN "LastLoginAt";
info: Microsoft.EntityFrameworkCore.Database.Command[20101]
      Executed DbCommand (0ms) [Parameters=[], CommandType='Text', CommandTimeout='30']
      ALTER TABLE "Users" DROP COLUMN "LastLoginAt";
info: 7/12/2025 16:05:39.258 RelationalEventId.CommandExecuted[20101] (Microsoft.EntityFrameworkCore.Database.Command) 
      Executed DbCommand (0ms) [Parameters=[], CommandType='Text', CommandTimeout='30']
      ALTER TABLE "Users" DROP COLUMN "LastLoginAt";
dbug: Microsoft.EntityFrameworkCore.Database.Command[20103]
      Creating DbCommand for 'ExecuteNonQuery'.
dbug: Microsoft.EntityFrameworkCore.Database.Command[20104]
      Created DbCommand for 'ExecuteNonQuery' (0ms).
dbug: Microsoft.EntityFrameworkCore.Database.Command[20106]
      Initialized DbCommand for 'ExecuteNonQuery' (0ms).
dbug: Microsoft.EntityFrameworkCore.Database.Command[20100]
      Executing DbCommand [Parameters=[], CommandType='Text', CommandTimeout='30']
      ALTER TABLE "Users" DROP COLUMN "PasswordHash";
info: 7/12/2025 16:05:39.258 RelationalEventId.CommandExecuted[20101] (Microsoft.EntityFrameworkCore.Database.Command) 
      Executed DbCommand (0ms) [Parameters=[], CommandType='Text', CommandTimeout='30']
      ALTER TABLE "MuscleGroups" DROP COLUMN "BodyPart";
info: Microsoft.EntityFrameworkCore.Database.Command[20101]
      Executed DbCommand (0ms) [Parameters=[], CommandType='Text', CommandTimeout='30']
      ALTER TABLE "MuscleGroups" DROP COLUMN "BodyPart";
dbug: Microsoft.EntityFrameworkCore.Database.Command[20103]
      Creating DbCommand for 'ExecuteNonQuery'.
dbug: Microsoft.EntityFrameworkCore.Database.Command[20104]
      Created DbCommand for 'ExecuteNonQuery' (0ms).
dbug: Microsoft.EntityFrameworkCore.Database.Command[20106]
      Initialized DbCommand for 'ExecuteNonQuery' (0ms).
dbug: Microsoft.EntityFrameworkCore.Database.Command[20100]
      Executing DbCommand [Parameters=[], CommandType='Text', CommandTimeout='30']
      ALTER TABLE "ExerciseTargetedMuscles" DROP COLUMN "Role";
info: Microsoft.EntityFrameworkCore.Database.Command[20101]
      Executed DbCommand (0ms) [Parameters=[], CommandType='Text', CommandTimeout='30']
      ALTER TABLE "Users" DROP COLUMN "PasswordHash";
info: 7/12/2025 16:05:39.258 RelationalEventId.CommandExecuted[20101] (Microsoft.EntityFrameworkCore.Database.Command) 
      Executed DbCommand (0ms) [Parameters=[], CommandType='Text', CommandTimeout='30']
      ALTER TABLE "Users" DROP COLUMN "PasswordHash";
dbug: Microsoft.EntityFrameworkCore.Database.Command[20103]
      Creating DbCommand for 'ExecuteNonQuery'.
dbug: Microsoft.EntityFrameworkCore.Database.Command[20104]
      Created DbCommand for 'ExecuteNonQuery' (0ms).
dbug: Microsoft.EntityFrameworkCore.Database.Command[20106]
      Initialized DbCommand for 'ExecuteNonQuery' (0ms).
info: Microsoft.EntityFrameworkCore.Database.Command[20101]
      Executed DbCommand (0ms) [Parameters=[], CommandType='Text', CommandTimeout='30']
      ALTER TABLE "ExerciseTargetedMuscles" DROP COLUMN "Role";
dbug: Microsoft.EntityFrameworkCore.Database.Command[20100]
      Executing DbCommand [Parameters=[], CommandType='Text', CommandTimeout='30']
      ALTER TABLE "MuscleGroups" DROP COLUMN "BodyPart";
info: 7/12/2025 16:05:39.258 RelationalEventId.CommandExecuted[20101] (Microsoft.EntityFrameworkCore.Database.Command) 
      Executed DbCommand (0ms) [Parameters=[], CommandType='Text', CommandTimeout='30']
      ALTER TABLE "ExerciseTargetedMuscles" DROP COLUMN "Role";
dbug: Microsoft.EntityFrameworkCore.Database.Command[20103]
      Creating DbCommand for 'ExecuteNonQuery'.
dbug: Microsoft.EntityFrameworkCore.Database.Command[20104]
      Created DbCommand for 'ExecuteNonQuery' (0ms).
dbug: Microsoft.EntityFrameworkCore.Database.Command[20106]
      Initialized DbCommand for 'ExecuteNonQuery' (0ms).
dbug: Microsoft.EntityFrameworkCore.Database.Command[20100]
      Executing DbCommand [Parameters=[], CommandType='Text', CommandTimeout='30']
      ALTER TABLE "Exercises" DROP COLUMN "Difficulty";
info: Microsoft.EntityFrameworkCore.Database.Command[20101]
      Executed DbCommand (0ms) [Parameters=[], CommandType='Text', CommandTimeout='30']
      ALTER TABLE "Exercises" DROP COLUMN "Difficulty";
info: 7/12/2025 16:05:39.258 RelationalEventId.CommandExecuted[20101] (Microsoft.EntityFrameworkCore.Database.Command) 
      Executed DbCommand (0ms) [Parameters=[], CommandType='Text', CommandTimeout='30']
      ALTER TABLE "Exercises" DROP COLUMN "Difficulty";
dbug: Microsoft.EntityFrameworkCore.Database.Command[20103]
      Creating DbCommand for 'ExecuteNonQuery'.
dbug: Microsoft.EntityFrameworkCore.Database.Command[20104]
      Created DbCommand for 'ExecuteNonQuery' (0ms).
dbug: Microsoft.EntityFrameworkCore.Database.Command[20106]
      Initialized DbCommand for 'ExecuteNonQuery' (0ms).
dbug: Microsoft.EntityFrameworkCore.Database.Command[20100]
      Executing DbCommand [Parameters=[], CommandType='Text', CommandTimeout='30']
      ALTER TABLE "Exercises" DROP COLUMN "KineticChain";
info: Microsoft.EntityFrameworkCore.Database.Command[20101]
      Executed DbCommand (0ms) [Parameters=[], CommandType='Text', CommandTimeout='30']
      ALTER TABLE "MuscleGroups" DROP COLUMN "BodyPart";
info: 7/12/2025 16:05:39.258 RelationalEventId.CommandExecuted[20101] (Microsoft.EntityFrameworkCore.Database.Command) 
      Executed DbCommand (0ms) [Parameters=[], CommandType='Text', CommandTimeout='30']
      ALTER TABLE "MuscleGroups" DROP COLUMN "BodyPart";
dbug: Microsoft.EntityFrameworkCore.Database.Command[20103]
      Creating DbCommand for 'ExecuteNonQuery'.
dbug: Microsoft.EntityFrameworkCore.Database.Command[20104]
      Created DbCommand for 'ExecuteNonQuery' (0ms).
dbug: Microsoft.EntityFrameworkCore.Database.Command[20106]
      Initialized DbCommand for 'ExecuteNonQuery' (0ms).
dbug: Microsoft.EntityFrameworkCore.Database.Command[20100]
      Executing DbCommand [Parameters=[], CommandType='Text', CommandTimeout='30']
      ALTER TABLE "ExerciseTargetedMuscles" DROP COLUMN "Role";
info: Microsoft.EntityFrameworkCore.Database.Command[20101]
      Executed DbCommand (0ms) [Parameters=[], CommandType='Text', CommandTimeout='30']
      ALTER TABLE "Exercises" DROP COLUMN "KineticChain";
info: 7/12/2025 16:05:39.258 RelationalEventId.CommandExecuted[20101] (Microsoft.EntityFrameworkCore.Database.Command) 
      Executed DbCommand (0ms) [Parameters=[], CommandType='Text', CommandTimeout='30']
      ALTER TABLE "Exercises" DROP COLUMN "KineticChain";
dbug: Microsoft.EntityFrameworkCore.Database.Command[20103]
      Creating DbCommand for 'ExecuteNonQuery'.
dbug: Microsoft.EntityFrameworkCore.Database.Command[20104]
      Created DbCommand for 'ExecuteNonQuery' (0ms).
dbug: Microsoft.EntityFrameworkCore.Database.Command[20106]
      Initialized DbCommand for 'ExecuteNonQuery' (0ms).
dbug: Microsoft.EntityFrameworkCore.Database.Command[20100]
      Executing DbCommand [Parameters=[], CommandType='Text', CommandTimeout='30']
      ALTER TABLE "MuscleGroups" ADD "BodyPartId" uuid NOT NULL DEFAULT '00000000-0000-0000-0000-000000000000';
info: Microsoft.EntityFrameworkCore.Database.Command[20101]
      Executed DbCommand (0ms) [Parameters=[], CommandType='Text', CommandTimeout='30']
      ALTER TABLE "ExerciseTargetedMuscles" DROP COLUMN "Role";
info: 7/12/2025 16:05:39.258 RelationalEventId.CommandExecuted[20101] (Microsoft.EntityFrameworkCore.Database.Command) 
      Executed DbCommand (0ms) [Parameters=[], CommandType='Text', CommandTimeout='30']
      ALTER TABLE "ExerciseTargetedMuscles" DROP COLUMN "Role";
dbug: Microsoft.EntityFrameworkCore.Database.Command[20103]
      Creating DbCommand for 'ExecuteNonQuery'.
dbug: Microsoft.EntityFrameworkCore.Database.Command[20104]
      Created DbCommand for 'ExecuteNonQuery' (0ms).
dbug: Microsoft.EntityFrameworkCore.Database.Command[20106]
      Initialized DbCommand for 'ExecuteNonQuery' (0ms).
dbug: Microsoft.EntityFrameworkCore.Database.Command[20100]
      Executing DbCommand [Parameters=[], CommandType='Text', CommandTimeout='30']
      ALTER TABLE "Exercises" DROP COLUMN "Difficulty";
info: Microsoft.EntityFrameworkCore.Database.Command[20101]
      Executed DbCommand (0ms) [Parameters=[], CommandType='Text', CommandTimeout='30']
      ALTER TABLE "Exercises" DROP COLUMN "Difficulty";
info: 7/12/2025 16:05:39.258 RelationalEventId.CommandExecuted[20101] (Microsoft.EntityFrameworkCore.Database.Command) 
      Executed DbCommand (0ms) [Parameters=[], CommandType='Text', CommandTimeout='30']
      ALTER TABLE "Exercises" DROP COLUMN "Difficulty";
dbug: Microsoft.EntityFrameworkCore.Database.Command[20103]
      Creating DbCommand for 'ExecuteNonQuery'.
dbug: Microsoft.EntityFrameworkCore.Database.Command[20104]
      Created DbCommand for 'ExecuteNonQuery' (0ms).
dbug: Microsoft.EntityFrameworkCore.Database.Command[20106]
      Initialized DbCommand for 'ExecuteNonQuery' (0ms).
dbug: Microsoft.EntityFrameworkCore.Database.Command[20100]
      Executing DbCommand [Parameters=[], CommandType='Text', CommandTimeout='30']
      ALTER TABLE "Exercises" DROP COLUMN "KineticChain";
info: Microsoft.EntityFrameworkCore.Database.Command[20101]
      Executed DbCommand (0ms) [Parameters=[], CommandType='Text', CommandTimeout='30']
      ALTER TABLE "Exercises" DROP COLUMN "KineticChain";
info: 7/12/2025 16:05:39.259 RelationalEventId.CommandExecuted[20101] (Microsoft.EntityFrameworkCore.Database.Command) 
      Executed DbCommand (0ms) [Parameters=[], CommandType='Text', CommandTimeout='30']
      ALTER TABLE "Exercises" DROP COLUMN "KineticChain";
dbug: Microsoft.EntityFrameworkCore.Database.Command[20103]
      Creating DbCommand for 'ExecuteNonQuery'.
dbug: Microsoft.EntityFrameworkCore.Database.Command[20104]
      Created DbCommand for 'ExecuteNonQuery' (0ms).
dbug: Microsoft.EntityFrameworkCore.Database.Command[20106]
      Initialized DbCommand for 'ExecuteNonQuery' (0ms).
dbug: Microsoft.EntityFrameworkCore.Database.Command[20100]
      Executing DbCommand [Parameters=[], CommandType='Text', CommandTimeout='30']
      ALTER TABLE "MuscleGroups" ADD "BodyPartId" uuid NOT NULL DEFAULT '00000000-0000-0000-0000-000000000000';
info: Microsoft.EntityFrameworkCore.Database.Command[20101]
      Executed DbCommand (0ms) [Parameters=[], CommandType='Text', CommandTimeout='30']
      ALTER TABLE "MuscleGroups" ADD "BodyPartId" uuid NOT NULL DEFAULT '00000000-0000-0000-0000-000000000000';
info: 7/12/2025 16:05:39.259 RelationalEventId.CommandExecuted[20101] (Microsoft.EntityFrameworkCore.Database.Command) 
      Executed DbCommand (0ms) [Parameters=[], CommandType='Text', CommandTimeout='30']
      ALTER TABLE "MuscleGroups" ADD "BodyPartId" uuid NOT NULL DEFAULT '00000000-0000-0000-0000-000000000000';
dbug: Microsoft.EntityFrameworkCore.Database.Command[20103]
      Creating DbCommand for 'ExecuteNonQuery'.
dbug: Microsoft.EntityFrameworkCore.Database.Command[20104]
      Created DbCommand for 'ExecuteNonQuery' (0ms).
dbug: Microsoft.EntityFrameworkCore.Database.Command[20106]
      Initialized DbCommand for 'ExecuteNonQuery' (0ms).
dbug: Microsoft.EntityFrameworkCore.Database.Command[20100]
      Executing DbCommand [Parameters=[], CommandType='Text', CommandTimeout='30']
      ALTER TABLE "MovementPatterns" ALTER COLUMN "Description" DROP NOT NULL;
info: Microsoft.EntityFrameworkCore.Database.Command[20101]
      Executed DbCommand (0ms) [Parameters=[], CommandType='Text', CommandTimeout='30']
      ALTER TABLE "MovementPatterns" ALTER COLUMN "Description" DROP NOT NULL;
info: 7/12/2025 16:05:39.259 RelationalEventId.CommandExecuted[20101] (Microsoft.EntityFrameworkCore.Database.Command) 
      Executed DbCommand (0ms) [Parameters=[], CommandType='Text', CommandTimeout='30']
      ALTER TABLE "MovementPatterns" ALTER COLUMN "Description" DROP NOT NULL;
dbug: Microsoft.EntityFrameworkCore.Database.Command[20103]
      Creating DbCommand for 'ExecuteNonQuery'.
dbug: Microsoft.EntityFrameworkCore.Database.Command[20104]
      Created DbCommand for 'ExecuteNonQuery' (0ms).
dbug: Microsoft.EntityFrameworkCore.Database.Command[20106]
      Initialized DbCommand for 'ExecuteNonQuery' (0ms).
dbug: Microsoft.EntityFrameworkCore.Database.Command[20100]
      Executing DbCommand [Parameters=[], CommandType='Text', CommandTimeout='30']
      ALTER TABLE "ExerciseTargetedMuscles" ADD "MuscleRoleId" uuid NOT NULL DEFAULT '00000000-0000-0000-0000-000000000000';
info: Microsoft.EntityFrameworkCore.Database.Command[20101]
      Executed DbCommand (0ms) [Parameters=[], CommandType='Text', CommandTimeout='30']
      ALTER TABLE "MuscleGroups" ADD "BodyPartId" uuid NOT NULL DEFAULT '00000000-0000-0000-0000-000000000000';
info: 7/12/2025 16:05:39.259 RelationalEventId.CommandExecuted[20101] (Microsoft.EntityFrameworkCore.Database.Command) 
      Executed DbCommand (0ms) [Parameters=[], CommandType='Text', CommandTimeout='30']
      ALTER TABLE "MuscleGroups" ADD "BodyPartId" uuid NOT NULL DEFAULT '00000000-0000-0000-0000-000000000000';
dbug: Microsoft.EntityFrameworkCore.Database.Command[20103]
      Creating DbCommand for 'ExecuteNonQuery'.
dbug: Microsoft.EntityFrameworkCore.Database.Command[20104]
      Created DbCommand for 'ExecuteNonQuery' (0ms).
dbug: Microsoft.EntityFrameworkCore.Database.Command[20106]
      Initialized DbCommand for 'ExecuteNonQuery' (0ms).
dbug: Microsoft.EntityFrameworkCore.Database.Command[20100]
      Executing DbCommand [Parameters=[], CommandType='Text', CommandTimeout='30']
      ALTER TABLE "MovementPatterns" ALTER COLUMN "Description" DROP NOT NULL;
info: Microsoft.EntityFrameworkCore.Database.Command[20101]
      Executed DbCommand (0ms) [Parameters=[], CommandType='Text', CommandTimeout='30']
      ALTER TABLE "MovementPatterns" ALTER COLUMN "Description" DROP NOT NULL;
info: 7/12/2025 16:05:39.259 RelationalEventId.CommandExecuted[20101] (Microsoft.EntityFrameworkCore.Database.Command) 
      Executed DbCommand (0ms) [Parameters=[], CommandType='Text', CommandTimeout='30']
      ALTER TABLE "MovementPatterns" ALTER COLUMN "Description" DROP NOT NULL;
dbug: Microsoft.EntityFrameworkCore.Database.Command[20103]
      Creating DbCommand for 'ExecuteNonQuery'.
dbug: Microsoft.EntityFrameworkCore.Database.Command[20104]
      Created DbCommand for 'ExecuteNonQuery' (0ms).
dbug: Microsoft.EntityFrameworkCore.Database.Command[20106]
      Initialized DbCommand for 'ExecuteNonQuery' (0ms).
dbug: Microsoft.EntityFrameworkCore.Database.Command[20100]
      Executing DbCommand [Parameters=[], CommandType='Text', CommandTimeout='30']
      ALTER TABLE "ExerciseTargetedMuscles" ADD "MuscleRoleId" uuid NOT NULL DEFAULT '00000000-0000-0000-0000-000000000000';
info: Microsoft.EntityFrameworkCore.Database.Command[20101]
      Executed DbCommand (0ms) [Parameters=[], CommandType='Text', CommandTimeout='30']
      ALTER TABLE "ExerciseTargetedMuscles" ADD "MuscleRoleId" uuid NOT NULL DEFAULT '00000000-0000-0000-0000-000000000000';
info: Microsoft.EntityFrameworkCore.Database.Command[20101]
      Executed DbCommand (0ms) [Parameters=[], CommandType='Text', CommandTimeout='30']
      ALTER TABLE "ExerciseTargetedMuscles" ADD "MuscleRoleId" uuid NOT NULL DEFAULT '00000000-0000-0000-0000-000000000000';
info: 7/12/2025 16:05:39.259 RelationalEventId.CommandExecuted[20101] (Microsoft.EntityFrameworkCore.Database.Command) 
      Executed DbCommand (0ms) [Parameters=[], CommandType='Text', CommandTimeout='30']
      ALTER TABLE "ExerciseTargetedMuscles" ADD "MuscleRoleId" uuid NOT NULL DEFAULT '00000000-0000-0000-0000-000000000000';
info: 7/12/2025 16:05:39.259 RelationalEventId.CommandExecuted[20101] (Microsoft.EntityFrameworkCore.Database.Command) 
      Executed DbCommand (0ms) [Parameters=[], CommandType='Text', CommandTimeout='30']
      ALTER TABLE "ExerciseTargetedMuscles" ADD "MuscleRoleId" uuid NOT NULL DEFAULT '00000000-0000-0000-0000-000000000000';
dbug: Microsoft.EntityFrameworkCore.Database.Command[20103]
      Creating DbCommand for 'ExecuteNonQuery'.
dbug: Microsoft.EntityFrameworkCore.Database.Command[20104]
      Created DbCommand for 'ExecuteNonQuery' (0ms).
dbug: Microsoft.EntityFrameworkCore.Database.Command[20106]
      Initialized DbCommand for 'ExecuteNonQuery' (0ms).
dbug: Microsoft.EntityFrameworkCore.Database.Command[20103]
      Creating DbCommand for 'ExecuteNonQuery'.
dbug: Microsoft.EntityFrameworkCore.Database.Command[20100]
      Executing DbCommand [Parameters=[], CommandType='Text', CommandTimeout='30']
      ALTER TABLE "Exercises" ADD "DifficultyLevelId" uuid NOT NULL DEFAULT '00000000-0000-0000-0000-000000000000';
dbug: Microsoft.EntityFrameworkCore.Database.Command[20104]
      Created DbCommand for 'ExecuteNonQuery' (0ms).
dbug: Microsoft.EntityFrameworkCore.Database.Command[20106]
      Initialized DbCommand for 'ExecuteNonQuery' (0ms).
dbug: Microsoft.EntityFrameworkCore.Database.Command[20100]
      Executing DbCommand [Parameters=[], CommandType='Text', CommandTimeout='30']
      ALTER TABLE "Exercises" ADD "DifficultyLevelId" uuid NOT NULL DEFAULT '00000000-0000-0000-0000-000000000000';
info: 7/12/2025 16:05:39.260 RelationalEventId.CommandExecuted[20101] (Microsoft.EntityFrameworkCore.Database.Command) 
      Executed DbCommand (0ms) [Parameters=[], CommandType='Text', CommandTimeout='30']
      ALTER TABLE "Exercises" ADD "DifficultyLevelId" uuid NOT NULL DEFAULT '00000000-0000-0000-0000-000000000000';
info: Microsoft.EntityFrameworkCore.Database.Command[20101]
      Executed DbCommand (0ms) [Parameters=[], CommandType='Text', CommandTimeout='30']
      ALTER TABLE "Exercises" ADD "DifficultyLevelId" uuid NOT NULL DEFAULT '00000000-0000-0000-0000-000000000000';
info: 7/12/2025 16:05:39.260 RelationalEventId.CommandExecuted[20101] (Microsoft.EntityFrameworkCore.Database.Command) 
      Executed DbCommand (0ms) [Parameters=[], CommandType='Text', CommandTimeout='30']
      ALTER TABLE "Exercises" ADD "DifficultyLevelId" uuid NOT NULL DEFAULT '00000000-0000-0000-0000-000000000000';
dbug: Microsoft.EntityFrameworkCore.Database.Command[20103]
      Creating DbCommand for 'ExecuteNonQuery'.
info: Microsoft.EntityFrameworkCore.Database.Command[20101]
      Executed DbCommand (0ms) [Parameters=[], CommandType='Text', CommandTimeout='30']
      ALTER TABLE "Exercises" ADD "DifficultyLevelId" uuid NOT NULL DEFAULT '00000000-0000-0000-0000-000000000000';
dbug: Microsoft.EntityFrameworkCore.Database.Command[20104]
      Created DbCommand for 'ExecuteNonQuery' (0ms).
dbug: Microsoft.EntityFrameworkCore.Database.Command[20103]
      Creating DbCommand for 'ExecuteNonQuery'.
dbug: Microsoft.EntityFrameworkCore.Database.Command[20104]
      Created DbCommand for 'ExecuteNonQuery' (0ms).
dbug: Microsoft.EntityFrameworkCore.Database.Command[20106]
      Initialized DbCommand for 'ExecuteNonQuery' (0ms).
dbug: Microsoft.EntityFrameworkCore.Database.Command[20106]
      Initialized DbCommand for 'ExecuteNonQuery' (0ms).
dbug: Microsoft.EntityFrameworkCore.Database.Command[20100]
      Executing DbCommand [Parameters=[], CommandType='Text', CommandTimeout='30']
      ALTER TABLE "Exercises" ADD "KineticChainTypeId" uuid NOT NULL DEFAULT '00000000-0000-0000-0000-000000000000';
dbug: Microsoft.EntityFrameworkCore.Database.Command[20100]
      Executing DbCommand [Parameters=[], CommandType='Text', CommandTimeout='30']
      ALTER TABLE "Exercises" ADD "KineticChainTypeId" uuid NOT NULL DEFAULT '00000000-0000-0000-0000-000000000000';
info: Microsoft.EntityFrameworkCore.Database.Command[20101]
      Executed DbCommand (0ms) [Parameters=[], CommandType='Text', CommandTimeout='30']
      ALTER TABLE "Exercises" ADD "KineticChainTypeId" uuid NOT NULL DEFAULT '00000000-0000-0000-0000-000000000000';
info: 7/12/2025 16:05:39.260 RelationalEventId.CommandExecuted[20101] (Microsoft.EntityFrameworkCore.Database.Command) 
      Executed DbCommand (0ms) [Parameters=[], CommandType='Text', CommandTimeout='30']
      ALTER TABLE "Exercises" ADD "KineticChainTypeId" uuid NOT NULL DEFAULT '00000000-0000-0000-0000-000000000000';
dbug: Microsoft.EntityFrameworkCore.Database.Command[20103]
      Creating DbCommand for 'ExecuteNonQuery'.
dbug: Microsoft.EntityFrameworkCore.Database.Command[20104]
      Created DbCommand for 'ExecuteNonQuery' (0ms).
dbug: Microsoft.EntityFrameworkCore.Database.Command[20106]
      Initialized DbCommand for 'ExecuteNonQuery' (0ms).
dbug: Microsoft.EntityFrameworkCore.Database.Command[20100]
      Executing DbCommand [Parameters=[], CommandType='Text', CommandTimeout='30']
      CREATE TABLE "BodyParts" (
          "Id" uuid NOT NULL,
          "Value" text NOT NULL,
          "Description" text,
          "DisplayOrder" integer NOT NULL,
          "IsActive" boolean NOT NULL,
          CONSTRAINT "PK_BodyParts" PRIMARY KEY ("Id")
      );
info: 7/12/2025 16:05:39.260 RelationalEventId.CommandExecuted[20101] (Microsoft.EntityFrameworkCore.Database.Command) 
      Executed DbCommand (0ms) [Parameters=[], CommandType='Text', CommandTimeout='30']
      ALTER TABLE "Exercises" ADD "KineticChainTypeId" uuid NOT NULL DEFAULT '00000000-0000-0000-0000-000000000000';
info: Microsoft.EntityFrameworkCore.Database.Command[20101]
      Executed DbCommand (0ms) [Parameters=[], CommandType='Text', CommandTimeout='30']
      ALTER TABLE "Exercises" ADD "KineticChainTypeId" uuid NOT NULL DEFAULT '00000000-0000-0000-0000-000000000000';
dbug: Microsoft.EntityFrameworkCore.Database.Command[20103]
      Creating DbCommand for 'ExecuteNonQuery'.
dbug: Microsoft.EntityFrameworkCore.Database.Command[20104]
      Created DbCommand for 'ExecuteNonQuery' (0ms).
dbug: Microsoft.EntityFrameworkCore.Database.Command[20106]
      Initialized DbCommand for 'ExecuteNonQuery' (0ms).
dbug: Microsoft.EntityFrameworkCore.Database.Command[20100]
      Executing DbCommand [Parameters=[], CommandType='Text', CommandTimeout='30']
      CREATE TABLE "BodyParts" (
          "Id" uuid NOT NULL,
          "Value" text NOT NULL,
          "Description" text,
          "DisplayOrder" integer NOT NULL,
          "IsActive" boolean NOT NULL,
          CONSTRAINT "PK_BodyParts" PRIMARY KEY ("Id")
      );
info: Microsoft.EntityFrameworkCore.Database.Command[20101]
      Executed DbCommand (1ms) [Parameters=[], CommandType='Text', CommandTimeout='30']
      CREATE TABLE "BodyParts" (
          "Id" uuid NOT NULL,
          "Value" text NOT NULL,
          "Description" text,
          "DisplayOrder" integer NOT NULL,
          "IsActive" boolean NOT NULL,
          CONSTRAINT "PK_BodyParts" PRIMARY KEY ("Id")
      );
info: 7/12/2025 16:05:39.261 RelationalEventId.CommandExecuted[20101] (Microsoft.EntityFrameworkCore.Database.Command) 
      Executed DbCommand (1ms) [Parameters=[], CommandType='Text', CommandTimeout='30']
      CREATE TABLE "BodyParts" (
          "Id" uuid NOT NULL,
          "Value" text NOT NULL,
          "Description" text,
          "DisplayOrder" integer NOT NULL,
          "IsActive" boolean NOT NULL,
          CONSTRAINT "PK_BodyParts" PRIMARY KEY ("Id")
      );
dbug: Microsoft.EntityFrameworkCore.Database.Command[20103]
      Creating DbCommand for 'ExecuteNonQuery'.
dbug: Microsoft.EntityFrameworkCore.Database.Command[20104]
      Created DbCommand for 'ExecuteNonQuery' (0ms).
dbug: Microsoft.EntityFrameworkCore.Database.Command[20106]
      Initialized DbCommand for 'ExecuteNonQuery' (0ms).
dbug: Microsoft.EntityFrameworkCore.Database.Command[20100]
      Executing DbCommand [Parameters=[], CommandType='Text', CommandTimeout='30']
      CREATE TABLE "DifficultyLevels" (
          "Id" uuid NOT NULL,
          "Value" text NOT NULL,
          "Description" text,
          "DisplayOrder" integer NOT NULL,
          "IsActive" boolean NOT NULL,
          CONSTRAINT "PK_DifficultyLevels" PRIMARY KEY ("Id")
      );
info: Microsoft.EntityFrameworkCore.Database.Command[20101]
      Executed DbCommand (1ms) [Parameters=[], CommandType='Text', CommandTimeout='30']
      CREATE TABLE "BodyParts" (
          "Id" uuid NOT NULL,
          "Value" text NOT NULL,
          "Description" text,
          "DisplayOrder" integer NOT NULL,
          "IsActive" boolean NOT NULL,
          CONSTRAINT "PK_BodyParts" PRIMARY KEY ("Id")
      );
info: 7/12/2025 16:05:39.261 RelationalEventId.CommandExecuted[20101] (Microsoft.EntityFrameworkCore.Database.Command) 
      Executed DbCommand (1ms) [Parameters=[], CommandType='Text', CommandTimeout='30']
      CREATE TABLE "BodyParts" (
          "Id" uuid NOT NULL,
          "Value" text NOT NULL,
          "Description" text,
          "DisplayOrder" integer NOT NULL,
          "IsActive" boolean NOT NULL,
          CONSTRAINT "PK_BodyParts" PRIMARY KEY ("Id")
      );
dbug: Microsoft.EntityFrameworkCore.Database.Command[20103]
      Creating DbCommand for 'ExecuteNonQuery'.
dbug: Microsoft.EntityFrameworkCore.Database.Command[20104]
      Created DbCommand for 'ExecuteNonQuery' (0ms).
dbug: Microsoft.EntityFrameworkCore.Database.Command[20106]
      Initialized DbCommand for 'ExecuteNonQuery' (0ms).
dbug: Microsoft.EntityFrameworkCore.Database.Command[20100]
      Executing DbCommand [Parameters=[], CommandType='Text', CommandTimeout='30']
      CREATE TABLE "DifficultyLevels" (
          "Id" uuid NOT NULL,
          "Value" text NOT NULL,
          "Description" text,
          "DisplayOrder" integer NOT NULL,
          "IsActive" boolean NOT NULL,
          CONSTRAINT "PK_DifficultyLevels" PRIMARY KEY ("Id")
      );
info: Microsoft.EntityFrameworkCore.Database.Command[20101]
      Executed DbCommand (1ms) [Parameters=[], CommandType='Text', CommandTimeout='30']
      CREATE TABLE "DifficultyLevels" (
          "Id" uuid NOT NULL,
          "Value" text NOT NULL,
          "Description" text,
          "DisplayOrder" integer NOT NULL,
          "IsActive" boolean NOT NULL,
          CONSTRAINT "PK_DifficultyLevels" PRIMARY KEY ("Id")
      );
info: 7/12/2025 16:05:39.262 RelationalEventId.CommandExecuted[20101] (Microsoft.EntityFrameworkCore.Database.Command) 
      Executed DbCommand (1ms) [Parameters=[], CommandType='Text', CommandTimeout='30']
      CREATE TABLE "DifficultyLevels" (
          "Id" uuid NOT NULL,
          "Value" text NOT NULL,
          "Description" text,
          "DisplayOrder" integer NOT NULL,
          "IsActive" boolean NOT NULL,
          CONSTRAINT "PK_DifficultyLevels" PRIMARY KEY ("Id")
      );
dbug: Microsoft.EntityFrameworkCore.Database.Command[20103]
      Creating DbCommand for 'ExecuteNonQuery'.
dbug: Microsoft.EntityFrameworkCore.Database.Command[20104]
      Created DbCommand for 'ExecuteNonQuery' (0ms).
dbug: Microsoft.EntityFrameworkCore.Database.Command[20106]
      Initialized DbCommand for 'ExecuteNonQuery' (0ms).
dbug: Microsoft.EntityFrameworkCore.Database.Command[20100]
      Executing DbCommand [Parameters=[], CommandType='Text', CommandTimeout='30']
      CREATE TABLE "KineticChainTypes" (
          "Id" uuid NOT NULL,
          "Value" text NOT NULL,
          "Description" text,
          "DisplayOrder" integer NOT NULL,
          "IsActive" boolean NOT NULL,
          CONSTRAINT "PK_KineticChainTypes" PRIMARY KEY ("Id")
      );
info: Microsoft.EntityFrameworkCore.Database.Command[20101]
      Executed DbCommand (1ms) [Parameters=[], CommandType='Text', CommandTimeout='30']
      CREATE TABLE "DifficultyLevels" (
          "Id" uuid NOT NULL,
          "Value" text NOT NULL,
          "Description" text,
          "DisplayOrder" integer NOT NULL,
          "IsActive" boolean NOT NULL,
          CONSTRAINT "PK_DifficultyLevels" PRIMARY KEY ("Id")
      );
info: 7/12/2025 16:05:39.262 RelationalEventId.CommandExecuted[20101] (Microsoft.EntityFrameworkCore.Database.Command) 
      Executed DbCommand (1ms) [Parameters=[], CommandType='Text', CommandTimeout='30']
      CREATE TABLE "DifficultyLevels" (
          "Id" uuid NOT NULL,
          "Value" text NOT NULL,
          "Description" text,
          "DisplayOrder" integer NOT NULL,
          "IsActive" boolean NOT NULL,
          CONSTRAINT "PK_DifficultyLevels" PRIMARY KEY ("Id")
      );
dbug: Microsoft.EntityFrameworkCore.Database.Command[20103]
      Creating DbCommand for 'ExecuteNonQuery'.
dbug: Microsoft.EntityFrameworkCore.Database.Command[20104]
      Created DbCommand for 'ExecuteNonQuery' (0ms).
dbug: Microsoft.EntityFrameworkCore.Database.Command[20106]
      Initialized DbCommand for 'ExecuteNonQuery' (0ms).
dbug: Microsoft.EntityFrameworkCore.Database.Command[20100]
      Executing DbCommand [Parameters=[], CommandType='Text', CommandTimeout='30']
      CREATE TABLE "KineticChainTypes" (
          "Id" uuid NOT NULL,
          "Value" text NOT NULL,
          "Description" text,
          "DisplayOrder" integer NOT NULL,
          "IsActive" boolean NOT NULL,
          CONSTRAINT "PK_KineticChainTypes" PRIMARY KEY ("Id")
      );
info: Microsoft.EntityFrameworkCore.Database.Command[20101]
      Executed DbCommand (1ms) [Parameters=[], CommandType='Text', CommandTimeout='30']
      CREATE TABLE "KineticChainTypes" (
          "Id" uuid NOT NULL,
          "Value" text NOT NULL,
          "Description" text,
          "DisplayOrder" integer NOT NULL,
          "IsActive" boolean NOT NULL,
          CONSTRAINT "PK_KineticChainTypes" PRIMARY KEY ("Id")
      );
info: 7/12/2025 16:05:39.262 RelationalEventId.CommandExecuted[20101] (Microsoft.EntityFrameworkCore.Database.Command) 
      Executed DbCommand (1ms) [Parameters=[], CommandType='Text', CommandTimeout='30']
      CREATE TABLE "KineticChainTypes" (
          "Id" uuid NOT NULL,
          "Value" text NOT NULL,
          "Description" text,
          "DisplayOrder" integer NOT NULL,
          "IsActive" boolean NOT NULL,
          CONSTRAINT "PK_KineticChainTypes" PRIMARY KEY ("Id")
      );
dbug: Microsoft.EntityFrameworkCore.Database.Command[20103]
      Creating DbCommand for 'ExecuteNonQuery'.
dbug: Microsoft.EntityFrameworkCore.Database.Command[20104]
      Created DbCommand for 'ExecuteNonQuery' (0ms).
dbug: Microsoft.EntityFrameworkCore.Database.Command[20106]
      Initialized DbCommand for 'ExecuteNonQuery' (0ms).
dbug: Microsoft.EntityFrameworkCore.Database.Command[20100]
      Executing DbCommand [Parameters=[], CommandType='Text', CommandTimeout='30']
      CREATE TABLE "MuscleRoles" (
          "Id" uuid NOT NULL,
          "Value" text NOT NULL,
          "Description" text,
          "DisplayOrder" integer NOT NULL,
          "IsActive" boolean NOT NULL,
          CONSTRAINT "PK_MuscleRoles" PRIMARY KEY ("Id")
      );
info: Microsoft.EntityFrameworkCore.Database.Command[20101]
      Executed DbCommand (1ms) [Parameters=[], CommandType='Text', CommandTimeout='30']
      CREATE TABLE "KineticChainTypes" (
          "Id" uuid NOT NULL,
          "Value" text NOT NULL,
          "Description" text,
          "DisplayOrder" integer NOT NULL,
          "IsActive" boolean NOT NULL,
          CONSTRAINT "PK_KineticChainTypes" PRIMARY KEY ("Id")
      );
info: 7/12/2025 16:05:39.263 RelationalEventId.CommandExecuted[20101] (Microsoft.EntityFrameworkCore.Database.Command) 
      Executed DbCommand (1ms) [Parameters=[], CommandType='Text', CommandTimeout='30']
      CREATE TABLE "KineticChainTypes" (
          "Id" uuid NOT NULL,
          "Value" text NOT NULL,
          "Description" text,
          "DisplayOrder" integer NOT NULL,
          "IsActive" boolean NOT NULL,
          CONSTRAINT "PK_KineticChainTypes" PRIMARY KEY ("Id")
      );
dbug: Microsoft.EntityFrameworkCore.Database.Command[20103]
      Creating DbCommand for 'ExecuteNonQuery'.
dbug: Microsoft.EntityFrameworkCore.Database.Command[20104]
      Created DbCommand for 'ExecuteNonQuery' (0ms).
dbug: Microsoft.EntityFrameworkCore.Database.Command[20106]
      Initialized DbCommand for 'ExecuteNonQuery' (0ms).
dbug: Microsoft.EntityFrameworkCore.Database.Command[20100]
      Executing DbCommand [Parameters=[], CommandType='Text', CommandTimeout='30']
      CREATE TABLE "MuscleRoles" (
          "Id" uuid NOT NULL,
          "Value" text NOT NULL,
          "Description" text,
          "DisplayOrder" integer NOT NULL,
          "IsActive" boolean NOT NULL,
          CONSTRAINT "PK_MuscleRoles" PRIMARY KEY ("Id")
      );
info: Microsoft.EntityFrameworkCore.Database.Command[20101]
      Executed DbCommand (1ms) [Parameters=[], CommandType='Text', CommandTimeout='30']
      CREATE TABLE "MuscleRoles" (
          "Id" uuid NOT NULL,
          "Value" text NOT NULL,
          "Description" text,
          "DisplayOrder" integer NOT NULL,
          "IsActive" boolean NOT NULL,
          CONSTRAINT "PK_MuscleRoles" PRIMARY KEY ("Id")
      );
info: 7/12/2025 16:05:39.263 RelationalEventId.CommandExecuted[20101] (Microsoft.EntityFrameworkCore.Database.Command) 
      Executed DbCommand (1ms) [Parameters=[], CommandType='Text', CommandTimeout='30']
      CREATE TABLE "MuscleRoles" (
          "Id" uuid NOT NULL,
          "Value" text NOT NULL,
          "Description" text,
          "DisplayOrder" integer NOT NULL,
          "IsActive" boolean NOT NULL,
          CONSTRAINT "PK_MuscleRoles" PRIMARY KEY ("Id")
      );
dbug: Microsoft.EntityFrameworkCore.Database.Command[20103]
      Creating DbCommand for 'ExecuteNonQuery'.
dbug: Microsoft.EntityFrameworkCore.Database.Command[20104]
      Created DbCommand for 'ExecuteNonQuery' (0ms).
dbug: Microsoft.EntityFrameworkCore.Database.Command[20106]
      Initialized DbCommand for 'ExecuteNonQuery' (0ms).
dbug: Microsoft.EntityFrameworkCore.Database.Command[20100]
      Executing DbCommand [Parameters=[], CommandType='Text', CommandTimeout='30']
      INSERT INTO "BodyParts" ("Id", "Description", "DisplayOrder", "IsActive", "Value")
      VALUES ('3e9f8a7d-6c5b-4a3e-8d2f-1b7c9a6d5e4c', NULL, 6, TRUE, 'Core');
      INSERT INTO "BodyParts" ("Id", "Description", "DisplayOrder", "IsActive", "Value")
      VALUES ('4a6f1b42-5c9b-4c4e-878a-b3d9f2c1f1f5', NULL, 3, TRUE, 'Legs');
      INSERT INTO "BodyParts" ("Id", "Description", "DisplayOrder", "IsActive", "Value")
      VALUES ('7c5a2d6e-e87e-4c8a-9f1d-9eb734f3df3c', NULL, 1, TRUE, 'Chest');
      INSERT INTO "BodyParts" ("Id", "Description", "DisplayOrder", "IsActive", "Value")
      VALUES ('9c5f1b4e-2b8a-4c9d-8e7f-c5a9e2d7b8c1', NULL, 5, TRUE, 'Arms');
      INSERT INTO "BodyParts" ("Id", "Description", "DisplayOrder", "IsActive", "Value")
      VALUES ('b2d89d5c-cb8a-4f5d-8a9e-2c3b76612c5a', NULL, 2, TRUE, 'Back');
      INSERT INTO "BodyParts" ("Id", "Description", "DisplayOrder", "IsActive", "Value")
      VALUES ('d7e0e24c-f8d4-4b8a-b1e0-cf9c2e6b5d0a', NULL, 4, TRUE, 'Shoulders');
info: Microsoft.EntityFrameworkCore.Database.Command[20101]
      Executed DbCommand (1ms) [Parameters=[], CommandType='Text', CommandTimeout='30']
      CREATE TABLE "MuscleRoles" (
          "Id" uuid NOT NULL,
          "Value" text NOT NULL,
          "Description" text,
          "DisplayOrder" integer NOT NULL,
          "IsActive" boolean NOT NULL,
          CONSTRAINT "PK_MuscleRoles" PRIMARY KEY ("Id")
      );
info: 7/12/2025 16:05:39.263 RelationalEventId.CommandExecuted[20101] (Microsoft.EntityFrameworkCore.Database.Command) 
      Executed DbCommand (1ms) [Parameters=[], CommandType='Text', CommandTimeout='30']
      CREATE TABLE "MuscleRoles" (
          "Id" uuid NOT NULL,
          "Value" text NOT NULL,
          "Description" text,
          "DisplayOrder" integer NOT NULL,
          "IsActive" boolean NOT NULL,
          CONSTRAINT "PK_MuscleRoles" PRIMARY KEY ("Id")
      );
dbug: Microsoft.EntityFrameworkCore.Database.Command[20103]
      Creating DbCommand for 'ExecuteNonQuery'.
dbug: Microsoft.EntityFrameworkCore.Database.Command[20104]
      Created DbCommand for 'ExecuteNonQuery' (0ms).
dbug: Microsoft.EntityFrameworkCore.Database.Command[20106]
      Initialized DbCommand for 'ExecuteNonQuery' (0ms).
dbug: Microsoft.EntityFrameworkCore.Database.Command[20100]
      Executing DbCommand [Parameters=[], CommandType='Text', CommandTimeout='30']
      INSERT INTO "BodyParts" ("Id", "Description", "DisplayOrder", "IsActive", "Value")
      VALUES ('3e9f8a7d-6c5b-4a3e-8d2f-1b7c9a6d5e4c', NULL, 6, TRUE, 'Core');
      INSERT INTO "BodyParts" ("Id", "Description", "DisplayOrder", "IsActive", "Value")
      VALUES ('4a6f1b42-5c9b-4c4e-878a-b3d9f2c1f1f5', NULL, 3, TRUE, 'Legs');
      INSERT INTO "BodyParts" ("Id", "Description", "DisplayOrder", "IsActive", "Value")
      VALUES ('7c5a2d6e-e87e-4c8a-9f1d-9eb734f3df3c', NULL, 1, TRUE, 'Chest');
      INSERT INTO "BodyParts" ("Id", "Description", "DisplayOrder", "IsActive", "Value")
      VALUES ('9c5f1b4e-2b8a-4c9d-8e7f-c5a9e2d7b8c1', NULL, 5, TRUE, 'Arms');
      INSERT INTO "BodyParts" ("Id", "Description", "DisplayOrder", "IsActive", "Value")
      VALUES ('b2d89d5c-cb8a-4f5d-8a9e-2c3b76612c5a', NULL, 2, TRUE, 'Back');
      INSERT INTO "BodyParts" ("Id", "Description", "DisplayOrder", "IsActive", "Value")
      VALUES ('d7e0e24c-f8d4-4b8a-b1e0-cf9c2e6b5d0a', NULL, 4, TRUE, 'Shoulders');
info: Microsoft.EntityFrameworkCore.Database.Command[20101]
      Executed DbCommand (1ms) [Parameters=[], CommandType='Text', CommandTimeout='30']
      INSERT INTO "BodyParts" ("Id", "Description", "DisplayOrder", "IsActive", "Value")
      VALUES ('3e9f8a7d-6c5b-4a3e-8d2f-1b7c9a6d5e4c', NULL, 6, TRUE, 'Core');
      INSERT INTO "BodyParts" ("Id", "Description", "DisplayOrder", "IsActive", "Value")
      VALUES ('4a6f1b42-5c9b-4c4e-878a-b3d9f2c1f1f5', NULL, 3, TRUE, 'Legs');
      INSERT INTO "BodyParts" ("Id", "Description", "DisplayOrder", "IsActive", "Value")
      VALUES ('7c5a2d6e-e87e-4c8a-9f1d-9eb734f3df3c', NULL, 1, TRUE, 'Chest');
      INSERT INTO "BodyParts" ("Id", "Description", "DisplayOrder", "IsActive", "Value")
      VALUES ('9c5f1b4e-2b8a-4c9d-8e7f-c5a9e2d7b8c1', NULL, 5, TRUE, 'Arms');
      INSERT INTO "BodyParts" ("Id", "Description", "DisplayOrder", "IsActive", "Value")
      VALUES ('b2d89d5c-cb8a-4f5d-8a9e-2c3b76612c5a', NULL, 2, TRUE, 'Back');
      INSERT INTO "BodyParts" ("Id", "Description", "DisplayOrder", "IsActive", "Value")
      VALUES ('d7e0e24c-f8d4-4b8a-b1e0-cf9c2e6b5d0a', NULL, 4, TRUE, 'Shoulders');
info: 7/12/2025 16:05:39.264 RelationalEventId.CommandExecuted[20101] (Microsoft.EntityFrameworkCore.Database.Command) 
      Executed DbCommand (1ms) [Parameters=[], CommandType='Text', CommandTimeout='30']
      INSERT INTO "BodyParts" ("Id", "Description", "DisplayOrder", "IsActive", "Value")
      VALUES ('3e9f8a7d-6c5b-4a3e-8d2f-1b7c9a6d5e4c', NULL, 6, TRUE, 'Core');
      INSERT INTO "BodyParts" ("Id", "Description", "DisplayOrder", "IsActive", "Value")
      VALUES ('4a6f1b42-5c9b-4c4e-878a-b3d9f2c1f1f5', NULL, 3, TRUE, 'Legs');
      INSERT INTO "BodyParts" ("Id", "Description", "DisplayOrder", "IsActive", "Value")
      VALUES ('7c5a2d6e-e87e-4c8a-9f1d-9eb734f3df3c', NULL, 1, TRUE, 'Chest');
      INSERT INTO "BodyParts" ("Id", "Description", "DisplayOrder", "IsActive", "Value")
      VALUES ('9c5f1b4e-2b8a-4c9d-8e7f-c5a9e2d7b8c1', NULL, 5, TRUE, 'Arms');
      INSERT INTO "BodyParts" ("Id", "Description", "DisplayOrder", "IsActive", "Value")
      VALUES ('b2d89d5c-cb8a-4f5d-8a9e-2c3b76612c5a', NULL, 2, TRUE, 'Back');
      INSERT INTO "BodyParts" ("Id", "Description", "DisplayOrder", "IsActive", "Value")
      VALUES ('d7e0e24c-f8d4-4b8a-b1e0-cf9c2e6b5d0a', NULL, 4, TRUE, 'Shoulders');
dbug: Microsoft.EntityFrameworkCore.Database.Command[20103]
      Creating DbCommand for 'ExecuteNonQuery'.
dbug: Microsoft.EntityFrameworkCore.Database.Command[20104]
      Created DbCommand for 'ExecuteNonQuery' (0ms).
dbug: Microsoft.EntityFrameworkCore.Database.Command[20106]
      Initialized DbCommand for 'ExecuteNonQuery' (0ms).
dbug: Microsoft.EntityFrameworkCore.Database.Command[20100]
      Executing DbCommand [Parameters=[], CommandType='Text', CommandTimeout='30']
      INSERT INTO "DifficultyLevels" ("Id", "Description", "DisplayOrder", "IsActive", "Value")
      VALUES ('3e27f9a7-d5a5-4f8e-8a76-6de2d23c9a3c', 'Suitable for those with significant fitness experience', 3, TRUE, 'Advanced');
      INSERT INTO "DifficultyLevels" ("Id", "Description", "DisplayOrder", "IsActive", "Value")
      VALUES ('8a8adb1d-24d2-4979-a5a6-0d760e6da24b', 'Suitable for those new to fitness', 1, TRUE, 'Beginner');
      INSERT INTO "DifficultyLevels" ("Id", "Description", "DisplayOrder", "IsActive", "Value")
      VALUES ('9c7b59a4-bcd8-48a6-971a-cd67b0a7ab5a', 'Suitable for those with some fitness experience', 2, TRUE, 'Intermediate');
info: Microsoft.EntityFrameworkCore.Database.Command[20101]
      Executed DbCommand (1ms) [Parameters=[], CommandType='Text', CommandTimeout='30']
      INSERT INTO "BodyParts" ("Id", "Description", "DisplayOrder", "IsActive", "Value")
      VALUES ('3e9f8a7d-6c5b-4a3e-8d2f-1b7c9a6d5e4c', NULL, 6, TRUE, 'Core');
      INSERT INTO "BodyParts" ("Id", "Description", "DisplayOrder", "IsActive", "Value")
      VALUES ('4a6f1b42-5c9b-4c4e-878a-b3d9f2c1f1f5', NULL, 3, TRUE, 'Legs');
      INSERT INTO "BodyParts" ("Id", "Description", "DisplayOrder", "IsActive", "Value")
      VALUES ('7c5a2d6e-e87e-4c8a-9f1d-9eb734f3df3c', NULL, 1, TRUE, 'Chest');
      INSERT INTO "BodyParts" ("Id", "Description", "DisplayOrder", "IsActive", "Value")
      VALUES ('9c5f1b4e-2b8a-4c9d-8e7f-c5a9e2d7b8c1', NULL, 5, TRUE, 'Arms');
      INSERT INTO "BodyParts" ("Id", "Description", "DisplayOrder", "IsActive", "Value")
      VALUES ('b2d89d5c-cb8a-4f5d-8a9e-2c3b76612c5a', NULL, 2, TRUE, 'Back');
      INSERT INTO "BodyParts" ("Id", "Description", "DisplayOrder", "IsActive", "Value")
      VALUES ('d7e0e24c-f8d4-4b8a-b1e0-cf9c2e6b5d0a', NULL, 4, TRUE, 'Shoulders');
info: 7/12/2025 16:05:39.264 RelationalEventId.CommandExecuted[20101] (Microsoft.EntityFrameworkCore.Database.Command) 
      Executed DbCommand (1ms) [Parameters=[], CommandType='Text', CommandTimeout='30']
      INSERT INTO "BodyParts" ("Id", "Description", "DisplayOrder", "IsActive", "Value")
      VALUES ('3e9f8a7d-6c5b-4a3e-8d2f-1b7c9a6d5e4c', NULL, 6, TRUE, 'Core');
      INSERT INTO "BodyParts" ("Id", "Description", "DisplayOrder", "IsActive", "Value")
      VALUES ('4a6f1b42-5c9b-4c4e-878a-b3d9f2c1f1f5', NULL, 3, TRUE, 'Legs');
      INSERT INTO "BodyParts" ("Id", "Description", "DisplayOrder", "IsActive", "Value")
      VALUES ('7c5a2d6e-e87e-4c8a-9f1d-9eb734f3df3c', NULL, 1, TRUE, 'Chest');
      INSERT INTO "BodyParts" ("Id", "Description", "DisplayOrder", "IsActive", "Value")
      VALUES ('9c5f1b4e-2b8a-4c9d-8e7f-c5a9e2d7b8c1', NULL, 5, TRUE, 'Arms');
      INSERT INTO "BodyParts" ("Id", "Description", "DisplayOrder", "IsActive", "Value")
      VALUES ('b2d89d5c-cb8a-4f5d-8a9e-2c3b76612c5a', NULL, 2, TRUE, 'Back');
      INSERT INTO "BodyParts" ("Id", "Description", "DisplayOrder", "IsActive", "Value")
      VALUES ('d7e0e24c-f8d4-4b8a-b1e0-cf9c2e6b5d0a', NULL, 4, TRUE, 'Shoulders');
dbug: Microsoft.EntityFrameworkCore.Database.Command[20103]
      Creating DbCommand for 'ExecuteNonQuery'.
dbug: Microsoft.EntityFrameworkCore.Database.Command[20104]
      Created DbCommand for 'ExecuteNonQuery' (0ms).
dbug: Microsoft.EntityFrameworkCore.Database.Command[20106]
      Initialized DbCommand for 'ExecuteNonQuery' (0ms).
dbug: Microsoft.EntityFrameworkCore.Database.Command[20100]
      Executing DbCommand [Parameters=[], CommandType='Text', CommandTimeout='30']
      INSERT INTO "DifficultyLevels" ("Id", "Description", "DisplayOrder", "IsActive", "Value")
      VALUES ('3e27f9a7-d5a5-4f8e-8a76-6de2d23c9a3c', 'Suitable for those with significant fitness experience', 3, TRUE, 'Advanced');
      INSERT INTO "DifficultyLevels" ("Id", "Description", "DisplayOrder", "IsActive", "Value")
      VALUES ('8a8adb1d-24d2-4979-a5a6-0d760e6da24b', 'Suitable for those new to fitness', 1, TRUE, 'Beginner');
      INSERT INTO "DifficultyLevels" ("Id", "Description", "DisplayOrder", "IsActive", "Value")
      VALUES ('9c7b59a4-bcd8-48a6-971a-cd67b0a7ab5a', 'Suitable for those with some fitness experience', 2, TRUE, 'Intermediate');
info: Microsoft.EntityFrameworkCore.Database.Command[20101]
      Executed DbCommand (0ms) [Parameters=[], CommandType='Text', CommandTimeout='30']
      INSERT INTO "DifficultyLevels" ("Id", "Description", "DisplayOrder", "IsActive", "Value")
      VALUES ('3e27f9a7-d5a5-4f8e-8a76-6de2d23c9a3c', 'Suitable for those with significant fitness experience', 3, TRUE, 'Advanced');
      INSERT INTO "DifficultyLevels" ("Id", "Description", "DisplayOrder", "IsActive", "Value")
      VALUES ('8a8adb1d-24d2-4979-a5a6-0d760e6da24b', 'Suitable for those new to fitness', 1, TRUE, 'Beginner');
      INSERT INTO "DifficultyLevels" ("Id", "Description", "DisplayOrder", "IsActive", "Value")
      VALUES ('9c7b59a4-bcd8-48a6-971a-cd67b0a7ab5a', 'Suitable for those with some fitness experience', 2, TRUE, 'Intermediate');
info: 7/12/2025 16:05:39.264 RelationalEventId.CommandExecuted[20101] (Microsoft.EntityFrameworkCore.Database.Command) 
      Executed DbCommand (0ms) [Parameters=[], CommandType='Text', CommandTimeout='30']
      INSERT INTO "DifficultyLevels" ("Id", "Description", "DisplayOrder", "IsActive", "Value")
      VALUES ('3e27f9a7-d5a5-4f8e-8a76-6de2d23c9a3c', 'Suitable for those with significant fitness experience', 3, TRUE, 'Advanced');
      INSERT INTO "DifficultyLevels" ("Id", "Description", "DisplayOrder", "IsActive", "Value")
      VALUES ('8a8adb1d-24d2-4979-a5a6-0d760e6da24b', 'Suitable for those new to fitness', 1, TRUE, 'Beginner');
      INSERT INTO "DifficultyLevels" ("Id", "Description", "DisplayOrder", "IsActive", "Value")
      VALUES ('9c7b59a4-bcd8-48a6-971a-cd67b0a7ab5a', 'Suitable for those with some fitness experience', 2, TRUE, 'Intermediate');
dbug: Microsoft.EntityFrameworkCore.Database.Command[20103]
      Creating DbCommand for 'ExecuteNonQuery'.
dbug: Microsoft.EntityFrameworkCore.Database.Command[20104]
      Created DbCommand for 'ExecuteNonQuery' (0ms).
dbug: Microsoft.EntityFrameworkCore.Database.Command[20106]
      Initialized DbCommand for 'ExecuteNonQuery' (0ms).
dbug: Microsoft.EntityFrameworkCore.Database.Command[20100]
      Executing DbCommand [Parameters=[], CommandType='Text', CommandTimeout='30']
      INSERT INTO "KineticChainTypes" ("Id", "Description", "DisplayOrder", "IsActive", "Value")
      VALUES ('2b3e7cb2-9a3e-4c9a-88d8-b7c019c90d1b', 'Exercises that work a single muscle group', 2, TRUE, 'Isolation');
      INSERT INTO "KineticChainTypes" ("Id", "Description", "DisplayOrder", "IsActive", "Value")
      VALUES ('f5d5a2de-9c4e-4b87-b8c3-5d1e17d0b1f4', 'Exercises that work multiple muscle groups', 1, TRUE, 'Compound');
info: Microsoft.EntityFrameworkCore.Database.Command[20101]
      Executed DbCommand (0ms) [Parameters=[], CommandType='Text', CommandTimeout='30']
      INSERT INTO "DifficultyLevels" ("Id", "Description", "DisplayOrder", "IsActive", "Value")
      VALUES ('3e27f9a7-d5a5-4f8e-8a76-6de2d23c9a3c', 'Suitable for those with significant fitness experience', 3, TRUE, 'Advanced');
      INSERT INTO "DifficultyLevels" ("Id", "Description", "DisplayOrder", "IsActive", "Value")
      VALUES ('8a8adb1d-24d2-4979-a5a6-0d760e6da24b', 'Suitable for those new to fitness', 1, TRUE, 'Beginner');
      INSERT INTO "DifficultyLevels" ("Id", "Description", "DisplayOrder", "IsActive", "Value")
      VALUES ('9c7b59a4-bcd8-48a6-971a-cd67b0a7ab5a', 'Suitable for those with some fitness experience', 2, TRUE, 'Intermediate');
info: 7/12/2025 16:05:39.265 RelationalEventId.CommandExecuted[20101] (Microsoft.EntityFrameworkCore.Database.Command) 
      Executed DbCommand (0ms) [Parameters=[], CommandType='Text', CommandTimeout='30']
      INSERT INTO "DifficultyLevels" ("Id", "Description", "DisplayOrder", "IsActive", "Value")
      VALUES ('3e27f9a7-d5a5-4f8e-8a76-6de2d23c9a3c', 'Suitable for those with significant fitness experience', 3, TRUE, 'Advanced');
      INSERT INTO "DifficultyLevels" ("Id", "Description", "DisplayOrder", "IsActive", "Value")
      VALUES ('8a8adb1d-24d2-4979-a5a6-0d760e6da24b', 'Suitable for those new to fitness', 1, TRUE, 'Beginner');
      INSERT INTO "DifficultyLevels" ("Id", "Description", "DisplayOrder", "IsActive", "Value")
      VALUES ('9c7b59a4-bcd8-48a6-971a-cd67b0a7ab5a', 'Suitable for those with some fitness experience', 2, TRUE, 'Intermediate');
dbug: Microsoft.EntityFrameworkCore.Database.Command[20103]
      Creating DbCommand for 'ExecuteNonQuery'.
dbug: Microsoft.EntityFrameworkCore.Database.Command[20104]
      Created DbCommand for 'ExecuteNonQuery' (0ms).
dbug: Microsoft.EntityFrameworkCore.Database.Command[20106]
      Initialized DbCommand for 'ExecuteNonQuery' (0ms).
dbug: Microsoft.EntityFrameworkCore.Database.Command[20100]
      Executing DbCommand [Parameters=[], CommandType='Text', CommandTimeout='30']
      INSERT INTO "KineticChainTypes" ("Id", "Description", "DisplayOrder", "IsActive", "Value")
      VALUES ('2b3e7cb2-9a3e-4c9a-88d8-b7c019c90d1b', 'Exercises that work a single muscle group', 2, TRUE, 'Isolation');
      INSERT INTO "KineticChainTypes" ("Id", "Description", "DisplayOrder", "IsActive", "Value")
      VALUES ('f5d5a2de-9c4e-4b87-b8c3-5d1e17d0b1f4', 'Exercises that work multiple muscle groups', 1, TRUE, 'Compound');
info: Microsoft.EntityFrameworkCore.Database.Command[20101]
      Executed DbCommand (0ms) [Parameters=[], CommandType='Text', CommandTimeout='30']
      INSERT INTO "KineticChainTypes" ("Id", "Description", "DisplayOrder", "IsActive", "Value")
      VALUES ('2b3e7cb2-9a3e-4c9a-88d8-b7c019c90d1b', 'Exercises that work a single muscle group', 2, TRUE, 'Isolation');
      INSERT INTO "KineticChainTypes" ("Id", "Description", "DisplayOrder", "IsActive", "Value")
      VALUES ('f5d5a2de-9c4e-4b87-b8c3-5d1e17d0b1f4', 'Exercises that work multiple muscle groups', 1, TRUE, 'Compound');
info: 7/12/2025 16:05:39.265 RelationalEventId.CommandExecuted[20101] (Microsoft.EntityFrameworkCore.Database.Command) 
      Executed DbCommand (0ms) [Parameters=[], CommandType='Text', CommandTimeout='30']
      INSERT INTO "KineticChainTypes" ("Id", "Description", "DisplayOrder", "IsActive", "Value")
      VALUES ('2b3e7cb2-9a3e-4c9a-88d8-b7c019c90d1b', 'Exercises that work a single muscle group', 2, TRUE, 'Isolation');
      INSERT INTO "KineticChainTypes" ("Id", "Description", "DisplayOrder", "IsActive", "Value")
      VALUES ('f5d5a2de-9c4e-4b87-b8c3-5d1e17d0b1f4', 'Exercises that work multiple muscle groups', 1, TRUE, 'Compound');
dbug: Microsoft.EntityFrameworkCore.Database.Command[20103]
      Creating DbCommand for 'ExecuteNonQuery'.
dbug: Microsoft.EntityFrameworkCore.Database.Command[20104]
      Created DbCommand for 'ExecuteNonQuery' (0ms).
dbug: Microsoft.EntityFrameworkCore.Database.Command[20106]
      Initialized DbCommand for 'ExecuteNonQuery' (0ms).
dbug: Microsoft.EntityFrameworkCore.Database.Command[20100]
      Executing DbCommand [Parameters=[], CommandType='Text', CommandTimeout='30']
      INSERT INTO "MuscleRoles" ("Id", "Description", "DisplayOrder", "IsActive", "Value")
      VALUES ('1a2b3c4d-5e6f-7a8b-9c0d-1e2f3a4b5c6d', 'A muscle that helps stabilize the body during the exercise', 3, TRUE, 'Stabilizer');
      INSERT INTO "MuscleRoles" ("Id", "Description", "DisplayOrder", "IsActive", "Value")
      VALUES ('5d8e9a7b-3c2d-4f6a-9b8c-1e5d7f3a2c9b', 'The main muscle targeted by the exercise', 1, TRUE, 'Primary');
      INSERT INTO "MuscleRoles" ("Id", "Description", "DisplayOrder", "IsActive", "Value")
      VALUES ('8c7d6b5a-4e3f-2a1b-9c8d-7e6f5d4c3b2a', 'A muscle that assists in the exercise', 2, TRUE, 'Secondary');
info: Microsoft.EntityFrameworkCore.Database.Command[20101]
      Executed DbCommand (0ms) [Parameters=[], CommandType='Text', CommandTimeout='30']
      INSERT INTO "KineticChainTypes" ("Id", "Description", "DisplayOrder", "IsActive", "Value")
      VALUES ('2b3e7cb2-9a3e-4c9a-88d8-b7c019c90d1b', 'Exercises that work a single muscle group', 2, TRUE, 'Isolation');
      INSERT INTO "KineticChainTypes" ("Id", "Description", "DisplayOrder", "IsActive", "Value")
      VALUES ('f5d5a2de-9c4e-4b87-b8c3-5d1e17d0b1f4', 'Exercises that work multiple muscle groups', 1, TRUE, 'Compound');
info: 7/12/2025 16:05:39.265 RelationalEventId.CommandExecuted[20101] (Microsoft.EntityFrameworkCore.Database.Command) 
      Executed DbCommand (0ms) [Parameters=[], CommandType='Text', CommandTimeout='30']
      INSERT INTO "KineticChainTypes" ("Id", "Description", "DisplayOrder", "IsActive", "Value")
      VALUES ('2b3e7cb2-9a3e-4c9a-88d8-b7c019c90d1b', 'Exercises that work a single muscle group', 2, TRUE, 'Isolation');
      INSERT INTO "KineticChainTypes" ("Id", "Description", "DisplayOrder", "IsActive", "Value")
      VALUES ('f5d5a2de-9c4e-4b87-b8c3-5d1e17d0b1f4', 'Exercises that work multiple muscle groups', 1, TRUE, 'Compound');
dbug: Microsoft.EntityFrameworkCore.Database.Command[20103]
      Creating DbCommand for 'ExecuteNonQuery'.
dbug: Microsoft.EntityFrameworkCore.Database.Command[20104]
      Created DbCommand for 'ExecuteNonQuery' (0ms).
dbug: Microsoft.EntityFrameworkCore.Database.Command[20106]
      Initialized DbCommand for 'ExecuteNonQuery' (0ms).
dbug: Microsoft.EntityFrameworkCore.Database.Command[20100]
      Executing DbCommand [Parameters=[], CommandType='Text', CommandTimeout='30']
      INSERT INTO "MuscleRoles" ("Id", "Description", "DisplayOrder", "IsActive", "Value")
      VALUES ('1a2b3c4d-5e6f-7a8b-9c0d-1e2f3a4b5c6d', 'A muscle that helps stabilize the body during the exercise', 3, TRUE, 'Stabilizer');
      INSERT INTO "MuscleRoles" ("Id", "Description", "DisplayOrder", "IsActive", "Value")
      VALUES ('5d8e9a7b-3c2d-4f6a-9b8c-1e5d7f3a2c9b', 'The main muscle targeted by the exercise', 1, TRUE, 'Primary');
      INSERT INTO "MuscleRoles" ("Id", "Description", "DisplayOrder", "IsActive", "Value")
      VALUES ('8c7d6b5a-4e3f-2a1b-9c8d-7e6f5d4c3b2a', 'A muscle that assists in the exercise', 2, TRUE, 'Secondary');
info: Microsoft.EntityFrameworkCore.Database.Command[20101]
      Executed DbCommand (0ms) [Parameters=[], CommandType='Text', CommandTimeout='30']
      INSERT INTO "MuscleRoles" ("Id", "Description", "DisplayOrder", "IsActive", "Value")
      VALUES ('1a2b3c4d-5e6f-7a8b-9c0d-1e2f3a4b5c6d', 'A muscle that helps stabilize the body during the exercise', 3, TRUE, 'Stabilizer');
      INSERT INTO "MuscleRoles" ("Id", "Description", "DisplayOrder", "IsActive", "Value")
      VALUES ('5d8e9a7b-3c2d-4f6a-9b8c-1e5d7f3a2c9b', 'The main muscle targeted by the exercise', 1, TRUE, 'Primary');
      INSERT INTO "MuscleRoles" ("Id", "Description", "DisplayOrder", "IsActive", "Value")
      VALUES ('8c7d6b5a-4e3f-2a1b-9c8d-7e6f5d4c3b2a', 'A muscle that assists in the exercise', 2, TRUE, 'Secondary');
info: 7/12/2025 16:05:39.265 RelationalEventId.CommandExecuted[20101] (Microsoft.EntityFrameworkCore.Database.Command) 
      Executed DbCommand (0ms) [Parameters=[], CommandType='Text', CommandTimeout='30']
      INSERT INTO "MuscleRoles" ("Id", "Description", "DisplayOrder", "IsActive", "Value")
      VALUES ('1a2b3c4d-5e6f-7a8b-9c0d-1e2f3a4b5c6d', 'A muscle that helps stabilize the body during the exercise', 3, TRUE, 'Stabilizer');
      INSERT INTO "MuscleRoles" ("Id", "Description", "DisplayOrder", "IsActive", "Value")
      VALUES ('5d8e9a7b-3c2d-4f6a-9b8c-1e5d7f3a2c9b', 'The main muscle targeted by the exercise', 1, TRUE, 'Primary');
      INSERT INTO "MuscleRoles" ("Id", "Description", "DisplayOrder", "IsActive", "Value")
      VALUES ('8c7d6b5a-4e3f-2a1b-9c8d-7e6f5d4c3b2a', 'A muscle that assists in the exercise', 2, TRUE, 'Secondary');
dbug: Microsoft.EntityFrameworkCore.Database.Command[20103]
      Creating DbCommand for 'ExecuteNonQuery'.
dbug: Microsoft.EntityFrameworkCore.Database.Command[20104]
      Created DbCommand for 'ExecuteNonQuery' (0ms).
dbug: Microsoft.EntityFrameworkCore.Database.Command[20106]
      Initialized DbCommand for 'ExecuteNonQuery' (0ms).
dbug: Microsoft.EntityFrameworkCore.Database.Command[20100]
      Executing DbCommand [Parameters=[], CommandType='Text', CommandTimeout='30']
      CREATE INDEX "IX_MuscleGroups_BodyPartId" ON "MuscleGroups" ("BodyPartId");
info: Microsoft.EntityFrameworkCore.Database.Command[20101]
      Executed DbCommand (0ms) [Parameters=[], CommandType='Text', CommandTimeout='30']
      INSERT INTO "MuscleRoles" ("Id", "Description", "DisplayOrder", "IsActive", "Value")
      VALUES ('1a2b3c4d-5e6f-7a8b-9c0d-1e2f3a4b5c6d', 'A muscle that helps stabilize the body during the exercise', 3, TRUE, 'Stabilizer');
      INSERT INTO "MuscleRoles" ("Id", "Description", "DisplayOrder", "IsActive", "Value")
      VALUES ('5d8e9a7b-3c2d-4f6a-9b8c-1e5d7f3a2c9b', 'The main muscle targeted by the exercise', 1, TRUE, 'Primary');
      INSERT INTO "MuscleRoles" ("Id", "Description", "DisplayOrder", "IsActive", "Value")
      VALUES ('8c7d6b5a-4e3f-2a1b-9c8d-7e6f5d4c3b2a', 'A muscle that assists in the exercise', 2, TRUE, 'Secondary');
info: 7/12/2025 16:05:39.265 RelationalEventId.CommandExecuted[20101] (Microsoft.EntityFrameworkCore.Database.Command) 
      Executed DbCommand (0ms) [Parameters=[], CommandType='Text', CommandTimeout='30']
      INSERT INTO "MuscleRoles" ("Id", "Description", "DisplayOrder", "IsActive", "Value")
      VALUES ('1a2b3c4d-5e6f-7a8b-9c0d-1e2f3a4b5c6d', 'A muscle that helps stabilize the body during the exercise', 3, TRUE, 'Stabilizer');
      INSERT INTO "MuscleRoles" ("Id", "Description", "DisplayOrder", "IsActive", "Value")
      VALUES ('5d8e9a7b-3c2d-4f6a-9b8c-1e5d7f3a2c9b', 'The main muscle targeted by the exercise', 1, TRUE, 'Primary');
      INSERT INTO "MuscleRoles" ("Id", "Description", "DisplayOrder", "IsActive", "Value")
      VALUES ('8c7d6b5a-4e3f-2a1b-9c8d-7e6f5d4c3b2a', 'A muscle that assists in the exercise', 2, TRUE, 'Secondary');
dbug: Microsoft.EntityFrameworkCore.Database.Command[20103]
      Creating DbCommand for 'ExecuteNonQuery'.
dbug: Microsoft.EntityFrameworkCore.Database.Command[20104]
      Created DbCommand for 'ExecuteNonQuery' (0ms).
dbug: Microsoft.EntityFrameworkCore.Database.Command[20106]
      Initialized DbCommand for 'ExecuteNonQuery' (0ms).
dbug: Microsoft.EntityFrameworkCore.Database.Command[20100]
      Executing DbCommand [Parameters=[], CommandType='Text', CommandTimeout='30']
      CREATE INDEX "IX_MuscleGroups_BodyPartId" ON "MuscleGroups" ("BodyPartId");
info: Microsoft.EntityFrameworkCore.Database.Command[20101]
      Executed DbCommand (0ms) [Parameters=[], CommandType='Text', CommandTimeout='30']
      CREATE INDEX "IX_MuscleGroups_BodyPartId" ON "MuscleGroups" ("BodyPartId");
info: 7/12/2025 16:05:39.265 RelationalEventId.CommandExecuted[20101] (Microsoft.EntityFrameworkCore.Database.Command) 
      Executed DbCommand (0ms) [Parameters=[], CommandType='Text', CommandTimeout='30']
      CREATE INDEX "IX_MuscleGroups_BodyPartId" ON "MuscleGroups" ("BodyPartId");
dbug: Microsoft.EntityFrameworkCore.Database.Command[20103]
      Creating DbCommand for 'ExecuteNonQuery'.
dbug: Microsoft.EntityFrameworkCore.Database.Command[20104]
      Created DbCommand for 'ExecuteNonQuery' (0ms).
dbug: Microsoft.EntityFrameworkCore.Database.Command[20106]
      Initialized DbCommand for 'ExecuteNonQuery' (0ms).
dbug: Microsoft.EntityFrameworkCore.Database.Command[20100]
      Executing DbCommand [Parameters=[], CommandType='Text', CommandTimeout='30']
      CREATE INDEX "IX_ExerciseTargetedMuscles_MuscleRoleId" ON "ExerciseTargetedMuscles" ("MuscleRoleId");
info: Microsoft.EntityFrameworkCore.Database.Command[20101]
      Executed DbCommand (1ms) [Parameters=[], CommandType='Text', CommandTimeout='30']
      CREATE INDEX "IX_MuscleGroups_BodyPartId" ON "MuscleGroups" ("BodyPartId");
info: 7/12/2025 16:05:39.265 RelationalEventId.CommandExecuted[20101] (Microsoft.EntityFrameworkCore.Database.Command) 
      Executed DbCommand (1ms) [Parameters=[], CommandType='Text', CommandTimeout='30']
      CREATE INDEX "IX_MuscleGroups_BodyPartId" ON "MuscleGroups" ("BodyPartId");
dbug: Microsoft.EntityFrameworkCore.Database.Command[20103]
      Creating DbCommand for 'ExecuteNonQuery'.
dbug: Microsoft.EntityFrameworkCore.Database.Command[20104]
      Created DbCommand for 'ExecuteNonQuery' (0ms).
dbug: Microsoft.EntityFrameworkCore.Database.Command[20106]
      Initialized DbCommand for 'ExecuteNonQuery' (0ms).
dbug: Microsoft.EntityFrameworkCore.Database.Command[20100]
      Executing DbCommand [Parameters=[], CommandType='Text', CommandTimeout='30']
      CREATE INDEX "IX_ExerciseTargetedMuscles_MuscleRoleId" ON "ExerciseTargetedMuscles" ("MuscleRoleId");
info: Microsoft.EntityFrameworkCore.Database.Command[20101]
      Executed DbCommand (0ms) [Parameters=[], CommandType='Text', CommandTimeout='30']
      CREATE INDEX "IX_ExerciseTargetedMuscles_MuscleRoleId" ON "ExerciseTargetedMuscles" ("MuscleRoleId");
info: 7/12/2025 16:05:39.266 RelationalEventId.CommandExecuted[20101] (Microsoft.EntityFrameworkCore.Database.Command) 
      Executed DbCommand (0ms) [Parameters=[], CommandType='Text', CommandTimeout='30']
      CREATE INDEX "IX_ExerciseTargetedMuscles_MuscleRoleId" ON "ExerciseTargetedMuscles" ("MuscleRoleId");
dbug: Microsoft.EntityFrameworkCore.Database.Command[20103]
      Creating DbCommand for 'ExecuteNonQuery'.
dbug: Microsoft.EntityFrameworkCore.Database.Command[20104]
      Created DbCommand for 'ExecuteNonQuery' (0ms).
dbug: Microsoft.EntityFrameworkCore.Database.Command[20106]
      Initialized DbCommand for 'ExecuteNonQuery' (0ms).
dbug: Microsoft.EntityFrameworkCore.Database.Command[20100]
      Executing DbCommand [Parameters=[], CommandType='Text', CommandTimeout='30']
      CREATE INDEX "IX_Exercises_DifficultyLevelId" ON "Exercises" ("DifficultyLevelId");
info: Microsoft.EntityFrameworkCore.Database.Command[20101]
      Executed DbCommand (0ms) [Parameters=[], CommandType='Text', CommandTimeout='30']
      CREATE INDEX "IX_ExerciseTargetedMuscles_MuscleRoleId" ON "ExerciseTargetedMuscles" ("MuscleRoleId");
info: 7/12/2025 16:05:39.266 RelationalEventId.CommandExecuted[20101] (Microsoft.EntityFrameworkCore.Database.Command) 
      Executed DbCommand (0ms) [Parameters=[], CommandType='Text', CommandTimeout='30']
      CREATE INDEX "IX_Exercises_DifficultyLevelId" ON "Exercises" ("DifficultyLevelId");
info: 7/12/2025 16:05:39.266 RelationalEventId.CommandExecuted[20101] (Microsoft.EntityFrameworkCore.Database.Command) 
      Executed DbCommand (0ms) [Parameters=[], CommandType='Text', CommandTimeout='30']
      CREATE INDEX "IX_ExerciseTargetedMuscles_MuscleRoleId" ON "ExerciseTargetedMuscles" ("MuscleRoleId");
info: Microsoft.EntityFrameworkCore.Database.Command[20101]
      Executed DbCommand (0ms) [Parameters=[], CommandType='Text', CommandTimeout='30']
      CREATE INDEX "IX_Exercises_DifficultyLevelId" ON "Exercises" ("DifficultyLevelId");
dbug: Microsoft.EntityFrameworkCore.Database.Command[20103]
      Creating DbCommand for 'ExecuteNonQuery'.
dbug: Microsoft.EntityFrameworkCore.Database.Command[20104]
      Created DbCommand for 'ExecuteNonQuery' (0ms).
dbug: Microsoft.EntityFrameworkCore.Database.Command[20106]
      Initialized DbCommand for 'ExecuteNonQuery' (0ms).
dbug: Microsoft.EntityFrameworkCore.Database.Command[20103]
      Creating DbCommand for 'ExecuteNonQuery'.
dbug: Microsoft.EntityFrameworkCore.Database.Command[20100]
      Executing DbCommand [Parameters=[], CommandType='Text', CommandTimeout='30']
      CREATE INDEX "IX_Exercises_KineticChainTypeId" ON "Exercises" ("KineticChainTypeId");
dbug: Microsoft.EntityFrameworkCore.Database.Command[20104]
      Created DbCommand for 'ExecuteNonQuery' (0ms).
dbug: Microsoft.EntityFrameworkCore.Database.Command[20106]
      Initialized DbCommand for 'ExecuteNonQuery' (0ms).
dbug: Microsoft.EntityFrameworkCore.Database.Command[20100]
      Executing DbCommand [Parameters=[], CommandType='Text', CommandTimeout='30']
      CREATE INDEX "IX_Exercises_DifficultyLevelId" ON "Exercises" ("DifficultyLevelId");
info: Microsoft.EntityFrameworkCore.Database.Command[20101]
      Executed DbCommand (0ms) [Parameters=[], CommandType='Text', CommandTimeout='30']
      CREATE INDEX "IX_Exercises_KineticChainTypeId" ON "Exercises" ("KineticChainTypeId");
info: 7/12/2025 16:05:39.266 RelationalEventId.CommandExecuted[20101] (Microsoft.EntityFrameworkCore.Database.Command) 
      Executed DbCommand (0ms) [Parameters=[], CommandType='Text', CommandTimeout='30']
      CREATE INDEX "IX_Exercises_KineticChainTypeId" ON "Exercises" ("KineticChainTypeId");
dbug: Microsoft.EntityFrameworkCore.Database.Command[20103]
      Creating DbCommand for 'ExecuteNonQuery'.
dbug: Microsoft.EntityFrameworkCore.Database.Command[20104]
      Created DbCommand for 'ExecuteNonQuery' (0ms).
dbug: Microsoft.EntityFrameworkCore.Database.Command[20106]
      Initialized DbCommand for 'ExecuteNonQuery' (0ms).
dbug: Microsoft.EntityFrameworkCore.Database.Command[20100]
      Executing DbCommand [Parameters=[], CommandType='Text', CommandTimeout='30']
      ALTER TABLE "Exercises" ADD CONSTRAINT "FK_Exercises_DifficultyLevels_DifficultyLevelId" FOREIGN KEY ("DifficultyLevelId") REFERENCES "DifficultyLevels" ("Id") ON DELETE CASCADE;
info: Microsoft.EntityFrameworkCore.Database.Command[20101]
      Executed DbCommand (0ms) [Parameters=[], CommandType='Text', CommandTimeout='30']
      CREATE INDEX "IX_Exercises_DifficultyLevelId" ON "Exercises" ("DifficultyLevelId");
info: 7/12/2025 16:05:39.266 RelationalEventId.CommandExecuted[20101] (Microsoft.EntityFrameworkCore.Database.Command) 
      Executed DbCommand (0ms) [Parameters=[], CommandType='Text', CommandTimeout='30']
      CREATE INDEX "IX_Exercises_DifficultyLevelId" ON "Exercises" ("DifficultyLevelId");
dbug: Microsoft.EntityFrameworkCore.Database.Command[20103]
      Creating DbCommand for 'ExecuteNonQuery'.
dbug: Microsoft.EntityFrameworkCore.Database.Command[20104]
      Created DbCommand for 'ExecuteNonQuery' (0ms).
dbug: Microsoft.EntityFrameworkCore.Database.Command[20106]
      Initialized DbCommand for 'ExecuteNonQuery' (0ms).
dbug: Microsoft.EntityFrameworkCore.Database.Command[20100]
      Executing DbCommand [Parameters=[], CommandType='Text', CommandTimeout='30']
      CREATE INDEX "IX_Exercises_KineticChainTypeId" ON "Exercises" ("KineticChainTypeId");
info: Microsoft.EntityFrameworkCore.Database.Command[20101]
      Executed DbCommand (1ms) [Parameters=[], CommandType='Text', CommandTimeout='30']
      ALTER TABLE "Exercises" ADD CONSTRAINT "FK_Exercises_DifficultyLevels_DifficultyLevelId" FOREIGN KEY ("DifficultyLevelId") REFERENCES "DifficultyLevels" ("Id") ON DELETE CASCADE;
info: 7/12/2025 16:05:39.267 RelationalEventId.CommandExecuted[20101] (Microsoft.EntityFrameworkCore.Database.Command) 
      Executed DbCommand (1ms) [Parameters=[], CommandType='Text', CommandTimeout='30']
      ALTER TABLE "Exercises" ADD CONSTRAINT "FK_Exercises_DifficultyLevels_DifficultyLevelId" FOREIGN KEY ("DifficultyLevelId") REFERENCES "DifficultyLevels" ("Id") ON DELETE CASCADE;
dbug: Microsoft.EntityFrameworkCore.Database.Command[20103]
      Creating DbCommand for 'ExecuteNonQuery'.
dbug: Microsoft.EntityFrameworkCore.Database.Command[20104]
      Created DbCommand for 'ExecuteNonQuery' (0ms).
dbug: Microsoft.EntityFrameworkCore.Database.Command[20106]
      Initialized DbCommand for 'ExecuteNonQuery' (0ms).
dbug: Microsoft.EntityFrameworkCore.Database.Command[20100]
      Executing DbCommand [Parameters=[], CommandType='Text', CommandTimeout='30']
      ALTER TABLE "Exercises" ADD CONSTRAINT "FK_Exercises_KineticChainTypes_KineticChainTypeId" FOREIGN KEY ("KineticChainTypeId") REFERENCES "KineticChainTypes" ("Id") ON DELETE CASCADE;
info: Microsoft.EntityFrameworkCore.Database.Command[20101]
      Executed DbCommand (1ms) [Parameters=[], CommandType='Text', CommandTimeout='30']
      CREATE INDEX "IX_Exercises_KineticChainTypeId" ON "Exercises" ("KineticChainTypeId");
info: 7/12/2025 16:05:39.267 RelationalEventId.CommandExecuted[20101] (Microsoft.EntityFrameworkCore.Database.Command) 
      Executed DbCommand (1ms) [Parameters=[], CommandType='Text', CommandTimeout='30']
      CREATE INDEX "IX_Exercises_KineticChainTypeId" ON "Exercises" ("KineticChainTypeId");
dbug: Microsoft.EntityFrameworkCore.Database.Command[20103]
      Creating DbCommand for 'ExecuteNonQuery'.
dbug: Microsoft.EntityFrameworkCore.Database.Command[20104]
      Created DbCommand for 'ExecuteNonQuery' (0ms).
dbug: Microsoft.EntityFrameworkCore.Database.Command[20106]
      Initialized DbCommand for 'ExecuteNonQuery' (0ms).
dbug: Microsoft.EntityFrameworkCore.Database.Command[20100]
      Executing DbCommand [Parameters=[], CommandType='Text', CommandTimeout='30']
      ALTER TABLE "Exercises" ADD CONSTRAINT "FK_Exercises_DifficultyLevels_DifficultyLevelId" FOREIGN KEY ("DifficultyLevelId") REFERENCES "DifficultyLevels" ("Id") ON DELETE CASCADE;
info: 7/12/2025 16:05:39.268 RelationalEventId.CommandExecuted[20101] (Microsoft.EntityFrameworkCore.Database.Command) 
      Executed DbCommand (0ms) [Parameters=[], CommandType='Text', CommandTimeout='30']
      ALTER TABLE "Exercises" ADD CONSTRAINT "FK_Exercises_KineticChainTypes_KineticChainTypeId" FOREIGN KEY ("KineticChainTypeId") REFERENCES "KineticChainTypes" ("Id") ON DELETE CASCADE;
info: Microsoft.EntityFrameworkCore.Database.Command[20101]
      Executed DbCommand (0ms) [Parameters=[], CommandType='Text', CommandTimeout='30']
      ALTER TABLE "Exercises" ADD CONSTRAINT "FK_Exercises_KineticChainTypes_KineticChainTypeId" FOREIGN KEY ("KineticChainTypeId") REFERENCES "KineticChainTypes" ("Id") ON DELETE CASCADE;
dbug: Microsoft.EntityFrameworkCore.Database.Command[20103]
      Creating DbCommand for 'ExecuteNonQuery'.
dbug: Microsoft.EntityFrameworkCore.Database.Command[20104]
      Created DbCommand for 'ExecuteNonQuery' (0ms).
dbug: Microsoft.EntityFrameworkCore.Database.Command[20106]
      Initialized DbCommand for 'ExecuteNonQuery' (0ms).
dbug: Microsoft.EntityFrameworkCore.Database.Command[20100]
      Executing DbCommand [Parameters=[], CommandType='Text', CommandTimeout='30']
      ALTER TABLE "ExerciseTargetedMuscles" ADD CONSTRAINT "FK_ExerciseTargetedMuscles_MuscleRoles_MuscleRoleId" FOREIGN KEY ("MuscleRoleId") REFERENCES "MuscleRoles" ("Id") ON DELETE CASCADE;
info: Microsoft.EntityFrameworkCore.Database.Command[20101]
      Executed DbCommand (0ms) [Parameters=[], CommandType='Text', CommandTimeout='30']
      ALTER TABLE "ExerciseTargetedMuscles" ADD CONSTRAINT "FK_ExerciseTargetedMuscles_MuscleRoles_MuscleRoleId" FOREIGN KEY ("MuscleRoleId") REFERENCES "MuscleRoles" ("Id") ON DELETE CASCADE;
info: 7/12/2025 16:05:39.268 RelationalEventId.CommandExecuted[20101] (Microsoft.EntityFrameworkCore.Database.Command) 
      Executed DbCommand (0ms) [Parameters=[], CommandType='Text', CommandTimeout='30']
      ALTER TABLE "ExerciseTargetedMuscles" ADD CONSTRAINT "FK_ExerciseTargetedMuscles_MuscleRoles_MuscleRoleId" FOREIGN KEY ("MuscleRoleId") REFERENCES "MuscleRoles" ("Id") ON DELETE CASCADE;
dbug: Microsoft.EntityFrameworkCore.Database.Command[20103]
      Creating DbCommand for 'ExecuteNonQuery'.
dbug: Microsoft.EntityFrameworkCore.Database.Command[20104]
      Created DbCommand for 'ExecuteNonQuery' (0ms).
dbug: Microsoft.EntityFrameworkCore.Database.Command[20106]
      Initialized DbCommand for 'ExecuteNonQuery' (0ms).
dbug: Microsoft.EntityFrameworkCore.Database.Command[20100]
      Executing DbCommand [Parameters=[], CommandType='Text', CommandTimeout='30']
      ALTER TABLE "MuscleGroups" ADD CONSTRAINT "FK_MuscleGroups_BodyParts_BodyPartId" FOREIGN KEY ("BodyPartId") REFERENCES "BodyParts" ("Id") ON DELETE CASCADE;
info: Microsoft.EntityFrameworkCore.Database.Command[20101]
      Executed DbCommand (1ms) [Parameters=[], CommandType='Text', CommandTimeout='30']
      ALTER TABLE "Exercises" ADD CONSTRAINT "FK_Exercises_DifficultyLevels_DifficultyLevelId" FOREIGN KEY ("DifficultyLevelId") REFERENCES "DifficultyLevels" ("Id") ON DELETE CASCADE;
info: 7/12/2025 16:05:39.268 RelationalEventId.CommandExecuted[20101] (Microsoft.EntityFrameworkCore.Database.Command) 
      Executed DbCommand (1ms) [Parameters=[], CommandType='Text', CommandTimeout='30']
      ALTER TABLE "Exercises" ADD CONSTRAINT "FK_Exercises_DifficultyLevels_DifficultyLevelId" FOREIGN KEY ("DifficultyLevelId") REFERENCES "DifficultyLevels" ("Id") ON DELETE CASCADE;
dbug: Microsoft.EntityFrameworkCore.Database.Command[20103]
      Creating DbCommand for 'ExecuteNonQuery'.
dbug: Microsoft.EntityFrameworkCore.Database.Command[20104]
      Created DbCommand for 'ExecuteNonQuery' (0ms).
dbug: Microsoft.EntityFrameworkCore.Database.Command[20106]
      Initialized DbCommand for 'ExecuteNonQuery' (0ms).
dbug: Microsoft.EntityFrameworkCore.Database.Command[20100]
      Executing DbCommand [Parameters=[], CommandType='Text', CommandTimeout='30']
      ALTER TABLE "Exercises" ADD CONSTRAINT "FK_Exercises_KineticChainTypes_KineticChainTypeId" FOREIGN KEY ("KineticChainTypeId") REFERENCES "KineticChainTypes" ("Id") ON DELETE CASCADE;
info: Microsoft.EntityFrameworkCore.Database.Command[20101]
      Executed DbCommand (0ms) [Parameters=[], CommandType='Text', CommandTimeout='30']
      ALTER TABLE "MuscleGroups" ADD CONSTRAINT "FK_MuscleGroups_BodyParts_BodyPartId" FOREIGN KEY ("BodyPartId") REFERENCES "BodyParts" ("Id") ON DELETE CASCADE;
info: 7/12/2025 16:05:39.268 RelationalEventId.CommandExecuted[20101] (Microsoft.EntityFrameworkCore.Database.Command) 
      Executed DbCommand (0ms) [Parameters=[], CommandType='Text', CommandTimeout='30']
      ALTER TABLE "MuscleGroups" ADD CONSTRAINT "FK_MuscleGroups_BodyParts_BodyPartId" FOREIGN KEY ("BodyPartId") REFERENCES "BodyParts" ("Id") ON DELETE CASCADE;
dbug: Microsoft.EntityFrameworkCore.Database.Command[20103]
      Creating DbCommand for 'ExecuteNonQuery'.
dbug: Microsoft.EntityFrameworkCore.Database.Command[20104]
      Created DbCommand for 'ExecuteNonQuery' (0ms).
dbug: Microsoft.EntityFrameworkCore.Database.Command[20106]
      Initialized DbCommand for 'ExecuteNonQuery' (0ms).
dbug: Microsoft.EntityFrameworkCore.Database.Command[20100]
      Executing DbCommand [Parameters=[], CommandType='Text', CommandTimeout='30']
      INSERT INTO "__EFMigrationsHistory" ("MigrationId", "ProductVersion")
      VALUES ('20250624084158_ReplaceEnumsWithReferenceData', '9.0.6');
info: Microsoft.EntityFrameworkCore.Database.Command[20101]
      Executed DbCommand (0ms) [Parameters=[], CommandType='Text', CommandTimeout='30']
      INSERT INTO "__EFMigrationsHistory" ("MigrationId", "ProductVersion")
      VALUES ('20250624084158_ReplaceEnumsWithReferenceData', '9.0.6');
info: 7/12/2025 16:05:39.269 RelationalEventId.CommandExecuted[20101] (Microsoft.EntityFrameworkCore.Database.Command) 
      Executed DbCommand (0ms) [Parameters=[], CommandType='Text', CommandTimeout='30']
      INSERT INTO "__EFMigrationsHistory" ("MigrationId", "ProductVersion")
      VALUES ('20250624084158_ReplaceEnumsWithReferenceData', '9.0.6');
info: Microsoft.EntityFrameworkCore.Migrations[20402]
      Applying migration '20250625121656_AddUserAndClaimEntities'.
info: 7/12/2025 16:05:39.269 RelationalEventId.MigrationApplying[20402] (Microsoft.EntityFrameworkCore.Migrations) 
      Applying migration '20250625121656_AddUserAndClaimEntities'.
info: Microsoft.EntityFrameworkCore.Database.Command[20101]
      Executed DbCommand (1ms) [Parameters=[], CommandType='Text', CommandTimeout='30']
      ALTER TABLE "Exercises" ADD CONSTRAINT "FK_Exercises_KineticChainTypes_KineticChainTypeId" FOREIGN KEY ("KineticChainTypeId") REFERENCES "KineticChainTypes" ("Id") ON DELETE CASCADE;
info: 7/12/2025 16:05:39.269 RelationalEventId.CommandExecuted[20101] (Microsoft.EntityFrameworkCore.Database.Command) 
      Executed DbCommand (1ms) [Parameters=[], CommandType='Text', CommandTimeout='30']
      ALTER TABLE "Exercises" ADD CONSTRAINT "FK_Exercises_KineticChainTypes_KineticChainTypeId" FOREIGN KEY ("KineticChainTypeId") REFERENCES "KineticChainTypes" ("Id") ON DELETE CASCADE;
dbug: Microsoft.EntityFrameworkCore.Database.Command[20103]
      Creating DbCommand for 'ExecuteNonQuery'.
dbug: Microsoft.EntityFrameworkCore.Database.Command[20104]
      Created DbCommand for 'ExecuteNonQuery' (0ms).
dbug: Microsoft.EntityFrameworkCore.Database.Command[20106]
      Initialized DbCommand for 'ExecuteNonQuery' (0ms).
dbug: Microsoft.EntityFrameworkCore.Database.Command[20100]
      Executing DbCommand [Parameters=[], CommandType='Text', CommandTimeout='30']
      ALTER TABLE "ExerciseTargetedMuscles" ADD CONSTRAINT "FK_ExerciseTargetedMuscles_MuscleRoles_MuscleRoleId" FOREIGN KEY ("MuscleRoleId") REFERENCES "MuscleRoles" ("Id") ON DELETE CASCADE;
info: Microsoft.EntityFrameworkCore.Database.Command[20101]
      Executed DbCommand (1ms) [Parameters=[], CommandType='Text', CommandTimeout='30']
      ALTER TABLE "ExerciseTargetedMuscles" ADD CONSTRAINT "FK_ExerciseTargetedMuscles_MuscleRoles_MuscleRoleId" FOREIGN KEY ("MuscleRoleId") REFERENCES "MuscleRoles" ("Id") ON DELETE CASCADE;
info: 7/12/2025 16:05:39.270 RelationalEventId.CommandExecuted[20101] (Microsoft.EntityFrameworkCore.Database.Command) 
      Executed DbCommand (1ms) [Parameters=[], CommandType='Text', CommandTimeout='30']
      ALTER TABLE "ExerciseTargetedMuscles" ADD CONSTRAINT "FK_ExerciseTargetedMuscles_MuscleRoles_MuscleRoleId" FOREIGN KEY ("MuscleRoleId") REFERENCES "MuscleRoles" ("Id") ON DELETE CASCADE;
dbug: Microsoft.EntityFrameworkCore.Database.Command[20103]
      Creating DbCommand for 'ExecuteNonQuery'.
dbug: Microsoft.EntityFrameworkCore.Database.Command[20104]
      Created DbCommand for 'ExecuteNonQuery' (0ms).
dbug: Microsoft.EntityFrameworkCore.Database.Command[20106]
      Initialized DbCommand for 'ExecuteNonQuery' (0ms).
dbug: Microsoft.EntityFrameworkCore.Database.Command[20100]
      Executing DbCommand [Parameters=[], CommandType='Text', CommandTimeout='30']
      ALTER TABLE "MuscleGroups" ADD CONSTRAINT "FK_MuscleGroups_BodyParts_BodyPartId" FOREIGN KEY ("BodyPartId") REFERENCES "BodyParts" ("Id") ON DELETE CASCADE;
info: Microsoft.EntityFrameworkCore.Database.Command[20101]
      Executed DbCommand (1ms) [Parameters=[], CommandType='Text', CommandTimeout='30']
      ALTER TABLE "MuscleGroups" ADD CONSTRAINT "FK_MuscleGroups_BodyParts_BodyPartId" FOREIGN KEY ("BodyPartId") REFERENCES "BodyParts" ("Id") ON DELETE CASCADE;
info: 7/12/2025 16:05:39.271 RelationalEventId.CommandExecuted[20101] (Microsoft.EntityFrameworkCore.Database.Command) 
      Executed DbCommand (1ms) [Parameters=[], CommandType='Text', CommandTimeout='30']
      ALTER TABLE "MuscleGroups" ADD CONSTRAINT "FK_MuscleGroups_BodyParts_BodyPartId" FOREIGN KEY ("BodyPartId") REFERENCES "BodyParts" ("Id") ON DELETE CASCADE;
dbug: Microsoft.EntityFrameworkCore.Database.Command[20103]
      Creating DbCommand for 'ExecuteNonQuery'.
dbug: Microsoft.EntityFrameworkCore.Database.Command[20104]
      Created DbCommand for 'ExecuteNonQuery' (0ms).
dbug: Microsoft.EntityFrameworkCore.Database.Command[20106]
      Initialized DbCommand for 'ExecuteNonQuery' (0ms).
dbug: Microsoft.EntityFrameworkCore.Database.Command[20100]
      Executing DbCommand [Parameters=[], CommandType='Text', CommandTimeout='30']
      INSERT INTO "__EFMigrationsHistory" ("MigrationId", "ProductVersion")
      VALUES ('20250624084158_ReplaceEnumsWithReferenceData', '9.0.6');
info: Microsoft.EntityFrameworkCore.Database.Command[20101]
      Executed DbCommand (0ms) [Parameters=[], CommandType='Text', CommandTimeout='30']
      INSERT INTO "__EFMigrationsHistory" ("MigrationId", "ProductVersion")
      VALUES ('20250624084158_ReplaceEnumsWithReferenceData', '9.0.6');
info: 7/12/2025 16:05:39.272 RelationalEventId.CommandExecuted[20101] (Microsoft.EntityFrameworkCore.Database.Command) 
      Executed DbCommand (0ms) [Parameters=[], CommandType='Text', CommandTimeout='30']
      INSERT INTO "__EFMigrationsHistory" ("MigrationId", "ProductVersion")
      VALUES ('20250624084158_ReplaceEnumsWithReferenceData', '9.0.6');
info: Microsoft.EntityFrameworkCore.Migrations[20402]
      Applying migration '20250625121656_AddUserAndClaimEntities'.
info: 7/12/2025 16:05:39.272 RelationalEventId.MigrationApplying[20402] (Microsoft.EntityFrameworkCore.Migrations) 
      Applying migration '20250625121656_AddUserAndClaimEntities'.
dbug: Microsoft.EntityFrameworkCore.Database.Command[20103]
      Creating DbCommand for 'ExecuteNonQuery'.
dbug: Microsoft.EntityFrameworkCore.Database.Command[20103]
      Creating DbCommand for 'ExecuteNonQuery'.
dbug: Microsoft.EntityFrameworkCore.Database.Command[20104]
      Created DbCommand for 'ExecuteNonQuery' (0ms).
dbug: Microsoft.EntityFrameworkCore.Database.Command[20104]
      Created DbCommand for 'ExecuteNonQuery' (0ms).
dbug: Microsoft.EntityFrameworkCore.Database.Command[20106]
      Initialized DbCommand for 'ExecuteNonQuery' (0ms).
dbug: Microsoft.EntityFrameworkCore.Database.Command[20106]
      Initialized DbCommand for 'ExecuteNonQuery' (0ms).
dbug: Microsoft.EntityFrameworkCore.Database.Command[20100]
      Executing DbCommand [Parameters=[], CommandType='Text', CommandTimeout='30']
      ALTER TABLE "Users" DROP COLUMN "Username";
dbug: Microsoft.EntityFrameworkCore.Database.Command[20100]
      Executing DbCommand [Parameters=[], CommandType='Text', CommandTimeout='30']
      ALTER TABLE "Users" DROP COLUMN "Username";
info: Microsoft.EntityFrameworkCore.Database.Command[20101]
      Executed DbCommand (0ms) [Parameters=[], CommandType='Text', CommandTimeout='30']
      ALTER TABLE "Users" DROP COLUMN "Username";
info: Microsoft.EntityFrameworkCore.Database.Command[20101]
      Executed DbCommand (0ms) [Parameters=[], CommandType='Text', CommandTimeout='30']
      ALTER TABLE "Users" DROP COLUMN "Username";
info: 7/12/2025 16:05:39.274 RelationalEventId.CommandExecuted[20101] (Microsoft.EntityFrameworkCore.Database.Command) 
      Executed DbCommand (0ms) [Parameters=[], CommandType='Text', CommandTimeout='30']
      ALTER TABLE "Users" DROP COLUMN "Username";
info: 7/12/2025 16:05:39.274 RelationalEventId.CommandExecuted[20101] (Microsoft.EntityFrameworkCore.Database.Command) 
      Executed DbCommand (0ms) [Parameters=[], CommandType='Text', CommandTimeout='30']
      ALTER TABLE "Users" DROP COLUMN "Username";
dbug: Microsoft.EntityFrameworkCore.Database.Command[20103]
      Creating DbCommand for 'ExecuteNonQuery'.
dbug: Microsoft.EntityFrameworkCore.Database.Command[20104]
      Created DbCommand for 'ExecuteNonQuery' (0ms).
dbug: Microsoft.EntityFrameworkCore.Database.Command[20106]
      Initialized DbCommand for 'ExecuteNonQuery' (0ms).
dbug: Microsoft.EntityFrameworkCore.Database.Command[20103]
      Creating DbCommand for 'ExecuteNonQuery'.
dbug: Microsoft.EntityFrameworkCore.Database.Command[20104]
      Created DbCommand for 'ExecuteNonQuery' (0ms).
dbug: Microsoft.EntityFrameworkCore.Database.Command[20106]
      Initialized DbCommand for 'ExecuteNonQuery' (0ms).
dbug: Microsoft.EntityFrameworkCore.Database.Command[20100]
      Executing DbCommand [Parameters=[], CommandType='Text', CommandTimeout='30']
      CREATE TABLE "Claims" (
          "Id" uuid NOT NULL,
          "UserId" uuid NOT NULL,
          "ClaimType" text NOT NULL,
          "ExpirationDate" timestamp with time zone,
          "Resource" text,
          CONSTRAINT "PK_Claims" PRIMARY KEY ("Id"),
          CONSTRAINT "FK_Claims_Users_UserId" FOREIGN KEY ("UserId") REFERENCES "Users" ("Id") ON DELETE CASCADE
      );
dbug: Microsoft.EntityFrameworkCore.Database.Command[20100]
      Executing DbCommand [Parameters=[], CommandType='Text', CommandTimeout='30']
      CREATE TABLE "Claims" (
          "Id" uuid NOT NULL,
          "UserId" uuid NOT NULL,
          "ClaimType" text NOT NULL,
          "ExpirationDate" timestamp with time zone,
          "Resource" text,
          CONSTRAINT "PK_Claims" PRIMARY KEY ("Id"),
          CONSTRAINT "FK_Claims_Users_UserId" FOREIGN KEY ("UserId") REFERENCES "Users" ("Id") ON DELETE CASCADE
      );
info: Microsoft.EntityFrameworkCore.Database.Command[20101]
      Executed DbCommand (1ms) [Parameters=[], CommandType='Text', CommandTimeout='30']
      CREATE TABLE "Claims" (
          "Id" uuid NOT NULL,
          "UserId" uuid NOT NULL,
          "ClaimType" text NOT NULL,
          "ExpirationDate" timestamp with time zone,
          "Resource" text,
          CONSTRAINT "PK_Claims" PRIMARY KEY ("Id"),
          CONSTRAINT "FK_Claims_Users_UserId" FOREIGN KEY ("UserId") REFERENCES "Users" ("Id") ON DELETE CASCADE
      );
info: 7/12/2025 16:05:39.276 RelationalEventId.CommandExecuted[20101] (Microsoft.EntityFrameworkCore.Database.Command) 
      Executed DbCommand (1ms) [Parameters=[], CommandType='Text', CommandTimeout='30']
      CREATE TABLE "Claims" (
          "Id" uuid NOT NULL,
          "UserId" uuid NOT NULL,
          "ClaimType" text NOT NULL,
          "ExpirationDate" timestamp with time zone,
          "Resource" text,
          CONSTRAINT "PK_Claims" PRIMARY KEY ("Id"),
          CONSTRAINT "FK_Claims_Users_UserId" FOREIGN KEY ("UserId") REFERENCES "Users" ("Id") ON DELETE CASCADE
      );
info: Microsoft.EntityFrameworkCore.Database.Command[20101]
      Executed DbCommand (1ms) [Parameters=[], CommandType='Text', CommandTimeout='30']
      CREATE TABLE "Claims" (
          "Id" uuid NOT NULL,
          "UserId" uuid NOT NULL,
          "ClaimType" text NOT NULL,
          "ExpirationDate" timestamp with time zone,
          "Resource" text,
          CONSTRAINT "PK_Claims" PRIMARY KEY ("Id"),
          CONSTRAINT "FK_Claims_Users_UserId" FOREIGN KEY ("UserId") REFERENCES "Users" ("Id") ON DELETE CASCADE
      );
info: 7/12/2025 16:05:39.276 RelationalEventId.CommandExecuted[20101] (Microsoft.EntityFrameworkCore.Database.Command) 
      Executed DbCommand (1ms) [Parameters=[], CommandType='Text', CommandTimeout='30']
      CREATE TABLE "Claims" (
          "Id" uuid NOT NULL,
          "UserId" uuid NOT NULL,
          "ClaimType" text NOT NULL,
          "ExpirationDate" timestamp with time zone,
          "Resource" text,
          CONSTRAINT "PK_Claims" PRIMARY KEY ("Id"),
          CONSTRAINT "FK_Claims_Users_UserId" FOREIGN KEY ("UserId") REFERENCES "Users" ("Id") ON DELETE CASCADE
      );
dbug: Microsoft.EntityFrameworkCore.Database.Command[20103]
      Creating DbCommand for 'ExecuteNonQuery'.
dbug: Microsoft.EntityFrameworkCore.Database.Command[20103]
      Creating DbCommand for 'ExecuteNonQuery'.
dbug: Microsoft.EntityFrameworkCore.Database.Command[20104]
      Created DbCommand for 'ExecuteNonQuery' (0ms).
dbug: Microsoft.EntityFrameworkCore.Database.Command[20104]
      Created DbCommand for 'ExecuteNonQuery' (0ms).
dbug: Microsoft.EntityFrameworkCore.Database.Command[20106]
      Initialized DbCommand for 'ExecuteNonQuery' (0ms).
dbug: Microsoft.EntityFrameworkCore.Database.Command[20106]
      Initialized DbCommand for 'ExecuteNonQuery' (0ms).
dbug: Microsoft.EntityFrameworkCore.Database.Command[20100]
      Executing DbCommand [Parameters=[], CommandType='Text', CommandTimeout='30']
      CREATE UNIQUE INDEX "IX_Users_Email" ON "Users" ("Email");
dbug: Microsoft.EntityFrameworkCore.Database.Command[20100]
      Executing DbCommand [Parameters=[], CommandType='Text', CommandTimeout='30']
      CREATE UNIQUE INDEX "IX_Users_Email" ON "Users" ("Email");
info: Microsoft.EntityFrameworkCore.Database.Command[20101]
      Executed DbCommand (0ms) [Parameters=[], CommandType='Text', CommandTimeout='30']
      CREATE UNIQUE INDEX "IX_Users_Email" ON "Users" ("Email");
info: 7/12/2025 16:05:39.276 RelationalEventId.CommandExecuted[20101] (Microsoft.EntityFrameworkCore.Database.Command) 
      Executed DbCommand (0ms) [Parameters=[], CommandType='Text', CommandTimeout='30']
      CREATE UNIQUE INDEX "IX_Users_Email" ON "Users" ("Email");
dbug: Microsoft.EntityFrameworkCore.Database.Command[20103]
      Creating DbCommand for 'ExecuteNonQuery'.
dbug: Microsoft.EntityFrameworkCore.Database.Command[20104]
      Created DbCommand for 'ExecuteNonQuery' (0ms).
dbug: Microsoft.EntityFrameworkCore.Database.Command[20106]
      Initialized DbCommand for 'ExecuteNonQuery' (0ms).
dbug: Microsoft.EntityFrameworkCore.Database.Command[20100]
      Executing DbCommand [Parameters=[], CommandType='Text', CommandTimeout='30']
      CREATE INDEX "IX_Claims_UserId" ON "Claims" ("UserId");
info: Microsoft.EntityFrameworkCore.Database.Command[20101]
      Executed DbCommand (0ms) [Parameters=[], CommandType='Text', CommandTimeout='30']
      CREATE INDEX "IX_Claims_UserId" ON "Claims" ("UserId");
info: 7/12/2025 16:05:39.276 RelationalEventId.CommandExecuted[20101] (Microsoft.EntityFrameworkCore.Database.Command) 
      Executed DbCommand (0ms) [Parameters=[], CommandType='Text', CommandTimeout='30']
      CREATE INDEX "IX_Claims_UserId" ON "Claims" ("UserId");
dbug: Microsoft.EntityFrameworkCore.Database.Command[20103]
      Creating DbCommand for 'ExecuteNonQuery'.
dbug: Microsoft.EntityFrameworkCore.Database.Command[20104]
      Created DbCommand for 'ExecuteNonQuery' (0ms).
dbug: Microsoft.EntityFrameworkCore.Database.Command[20106]
      Initialized DbCommand for 'ExecuteNonQuery' (0ms).
dbug: Microsoft.EntityFrameworkCore.Database.Command[20100]
      Executing DbCommand [Parameters=[], CommandType='Text', CommandTimeout='30']
      INSERT INTO "__EFMigrationsHistory" ("MigrationId", "ProductVersion")
      VALUES ('20250625121656_AddUserAndClaimEntities', '9.0.6');
info: Microsoft.EntityFrameworkCore.Database.Command[20101]
      Executed DbCommand (0ms) [Parameters=[], CommandType='Text', CommandTimeout='30']
      INSERT INTO "__EFMigrationsHistory" ("MigrationId", "ProductVersion")
      VALUES ('20250625121656_AddUserAndClaimEntities', '9.0.6');
info: 7/12/2025 16:05:39.276 RelationalEventId.CommandExecuted[20101] (Microsoft.EntityFrameworkCore.Database.Command) 
      Executed DbCommand (0ms) [Parameters=[], CommandType='Text', CommandTimeout='30']
      INSERT INTO "__EFMigrationsHistory" ("MigrationId", "ProductVersion")
      VALUES ('20250625121656_AddUserAndClaimEntities', '9.0.6');
info: Microsoft.EntityFrameworkCore.Migrations[20402]
      Applying migration '20250626223647_AddExerciseEntityWithRelationships'.
info: 7/12/2025 16:05:39.277 RelationalEventId.MigrationApplying[20402] (Microsoft.EntityFrameworkCore.Migrations) 
      Applying migration '20250626223647_AddExerciseEntityWithRelationships'.
info: Microsoft.EntityFrameworkCore.Database.Command[20101]
      Executed DbCommand (1ms) [Parameters=[], CommandType='Text', CommandTimeout='30']
      CREATE UNIQUE INDEX "IX_Users_Email" ON "Users" ("Email");
info: 7/12/2025 16:05:39.277 RelationalEventId.CommandExecuted[20101] (Microsoft.EntityFrameworkCore.Database.Command) 
      Executed DbCommand (1ms) [Parameters=[], CommandType='Text', CommandTimeout='30']
      CREATE UNIQUE INDEX "IX_Users_Email" ON "Users" ("Email");
dbug: Microsoft.EntityFrameworkCore.Database.Command[20103]
      Creating DbCommand for 'ExecuteNonQuery'.
dbug: Microsoft.EntityFrameworkCore.Database.Command[20104]
      Created DbCommand for 'ExecuteNonQuery' (0ms).
dbug: Microsoft.EntityFrameworkCore.Database.Command[20106]
      Initialized DbCommand for 'ExecuteNonQuery' (0ms).
dbug: Microsoft.EntityFrameworkCore.Database.Command[20100]
      Executing DbCommand [Parameters=[], CommandType='Text', CommandTimeout='30']
      CREATE INDEX "IX_Claims_UserId" ON "Claims" ("UserId");
info: Microsoft.EntityFrameworkCore.Database.Command[20101]
      Executed DbCommand (1ms) [Parameters=[], CommandType='Text', CommandTimeout='30']
      CREATE INDEX "IX_Claims_UserId" ON "Claims" ("UserId");
info: 7/12/2025 16:05:39.277 RelationalEventId.CommandExecuted[20101] (Microsoft.EntityFrameworkCore.Database.Command) 
      Executed DbCommand (1ms) [Parameters=[], CommandType='Text', CommandTimeout='30']
      CREATE INDEX "IX_Claims_UserId" ON "Claims" ("UserId");
dbug: Microsoft.EntityFrameworkCore.Database.Command[20103]
      Creating DbCommand for 'ExecuteNonQuery'.
dbug: Microsoft.EntityFrameworkCore.Database.Command[20104]
      Created DbCommand for 'ExecuteNonQuery' (0ms).
dbug: Microsoft.EntityFrameworkCore.Database.Command[20106]
      Initialized DbCommand for 'ExecuteNonQuery' (0ms).
dbug: Microsoft.EntityFrameworkCore.Database.Command[20100]
      Executing DbCommand [Parameters=[], CommandType='Text', CommandTimeout='30']
      INSERT INTO "__EFMigrationsHistory" ("MigrationId", "ProductVersion")
      VALUES ('20250625121656_AddUserAndClaimEntities', '9.0.6');
info: Microsoft.EntityFrameworkCore.Database.Command[20101]
      Executed DbCommand (0ms) [Parameters=[], CommandType='Text', CommandTimeout='30']
      INSERT INTO "__EFMigrationsHistory" ("MigrationId", "ProductVersion")
      VALUES ('20250625121656_AddUserAndClaimEntities', '9.0.6');
info: 7/12/2025 16:05:39.277 RelationalEventId.CommandExecuted[20101] (Microsoft.EntityFrameworkCore.Database.Command) 
      Executed DbCommand (0ms) [Parameters=[], CommandType='Text', CommandTimeout='30']
      INSERT INTO "__EFMigrationsHistory" ("MigrationId", "ProductVersion")
      VALUES ('20250625121656_AddUserAndClaimEntities', '9.0.6');
info: Microsoft.EntityFrameworkCore.Migrations[20402]
      Applying migration '20250626223647_AddExerciseEntityWithRelationships'.
info: 7/12/2025 16:05:39.277 RelationalEventId.MigrationApplying[20402] (Microsoft.EntityFrameworkCore.Migrations) 
      Applying migration '20250626223647_AddExerciseEntityWithRelationships'.
dbug: Microsoft.EntityFrameworkCore.Database.Command[20103]
      Creating DbCommand for 'ExecuteNonQuery'.
dbug: Microsoft.EntityFrameworkCore.Database.Command[20104]
      Created DbCommand for 'ExecuteNonQuery' (0ms).
dbug: Microsoft.EntityFrameworkCore.Database.Command[20103]
      Creating DbCommand for 'ExecuteNonQuery'.
dbug: Microsoft.EntityFrameworkCore.Database.Command[20104]
      Created DbCommand for 'ExecuteNonQuery' (0ms).
dbug: Microsoft.EntityFrameworkCore.Database.Command[20106]
      Initialized DbCommand for 'ExecuteNonQuery' (0ms).
dbug: Microsoft.EntityFrameworkCore.Database.Command[20100]
      Executing DbCommand [Parameters=[], CommandType='Text', CommandTimeout='30']
      ALTER TABLE "ExerciseMovementPatterns" DROP CONSTRAINT "FK_ExerciseMovementPatterns_MovementPatterns_PatternId";
dbug: Microsoft.EntityFrameworkCore.Database.Command[20106]
      Initialized DbCommand for 'ExecuteNonQuery' (0ms).
dbug: Microsoft.EntityFrameworkCore.Database.Command[20100]
      Executing DbCommand [Parameters=[], CommandType='Text', CommandTimeout='30']
      ALTER TABLE "ExerciseMovementPatterns" DROP CONSTRAINT "FK_ExerciseMovementPatterns_MovementPatterns_PatternId";
info: Microsoft.EntityFrameworkCore.Database.Command[20101]
      Executed DbCommand (1ms) [Parameters=[], CommandType='Text', CommandTimeout='30']
      ALTER TABLE "ExerciseMovementPatterns" DROP CONSTRAINT "FK_ExerciseMovementPatterns_MovementPatterns_PatternId";
info: 7/12/2025 16:05:39.306 RelationalEventId.CommandExecuted[20101] (Microsoft.EntityFrameworkCore.Database.Command) 
      Executed DbCommand (1ms) [Parameters=[], CommandType='Text', CommandTimeout='30']
      ALTER TABLE "ExerciseMovementPatterns" DROP CONSTRAINT "FK_ExerciseMovementPatterns_MovementPatterns_PatternId";
dbug: Microsoft.EntityFrameworkCore.Database.Command[20103]
      Creating DbCommand for 'ExecuteNonQuery'.
dbug: Microsoft.EntityFrameworkCore.Database.Command[20104]
      Created DbCommand for 'ExecuteNonQuery' (0ms).
dbug: Microsoft.EntityFrameworkCore.Database.Command[20106]
      Initialized DbCommand for 'ExecuteNonQuery' (0ms).
dbug: Microsoft.EntityFrameworkCore.Database.Command[20100]
      Executing DbCommand [Parameters=[], CommandType='Text', CommandTimeout='30']
      ALTER TABLE "Exercises" DROP CONSTRAINT "FK_Exercises_DifficultyLevels_DifficultyLevelId";
info: Microsoft.EntityFrameworkCore.Database.Command[20101]
      Executed DbCommand (1ms) [Parameters=[], CommandType='Text', CommandTimeout='30']
      ALTER TABLE "ExerciseMovementPatterns" DROP CONSTRAINT "FK_ExerciseMovementPatterns_MovementPatterns_PatternId";
info: 7/12/2025 16:05:39.306 RelationalEventId.CommandExecuted[20101] (Microsoft.EntityFrameworkCore.Database.Command) 
      Executed DbCommand (1ms) [Parameters=[], CommandType='Text', CommandTimeout='30']
      ALTER TABLE "ExerciseMovementPatterns" DROP CONSTRAINT "FK_ExerciseMovementPatterns_MovementPatterns_PatternId";
dbug: Microsoft.EntityFrameworkCore.Database.Command[20103]
      Creating DbCommand for 'ExecuteNonQuery'.
dbug: Microsoft.EntityFrameworkCore.Database.Command[20104]
      Created DbCommand for 'ExecuteNonQuery' (0ms).
dbug: Microsoft.EntityFrameworkCore.Database.Command[20106]
      Initialized DbCommand for 'ExecuteNonQuery' (0ms).
dbug: Microsoft.EntityFrameworkCore.Database.Command[20100]
      Executing DbCommand [Parameters=[], CommandType='Text', CommandTimeout='30']
      ALTER TABLE "Exercises" DROP CONSTRAINT "FK_Exercises_DifficultyLevels_DifficultyLevelId";
info: Microsoft.EntityFrameworkCore.Database.Command[20101]
      Executed DbCommand (0ms) [Parameters=[], CommandType='Text', CommandTimeout='30']
      ALTER TABLE "Exercises" DROP CONSTRAINT "FK_Exercises_DifficultyLevels_DifficultyLevelId";
info: 7/12/2025 16:05:39.307 RelationalEventId.CommandExecuted[20101] (Microsoft.EntityFrameworkCore.Database.Command) 
      Executed DbCommand (0ms) [Parameters=[], CommandType='Text', CommandTimeout='30']
      ALTER TABLE "Exercises" DROP CONSTRAINT "FK_Exercises_DifficultyLevels_DifficultyLevelId";
dbug: Microsoft.EntityFrameworkCore.Database.Command[20103]
      Creating DbCommand for 'ExecuteNonQuery'.
dbug: Microsoft.EntityFrameworkCore.Database.Command[20104]
      Created DbCommand for 'ExecuteNonQuery' (0ms).
dbug: Microsoft.EntityFrameworkCore.Database.Command[20106]
      Initialized DbCommand for 'ExecuteNonQuery' (0ms).
dbug: Microsoft.EntityFrameworkCore.Database.Command[20100]
      Executing DbCommand [Parameters=[], CommandType='Text', CommandTimeout='30']
      ALTER TABLE "Exercises" DROP CONSTRAINT "FK_Exercises_KineticChainTypes_KineticChainTypeId";
info: Microsoft.EntityFrameworkCore.Database.Command[20101]
      Executed DbCommand (1ms) [Parameters=[], CommandType='Text', CommandTimeout='30']
      ALTER TABLE "Exercises" DROP CONSTRAINT "FK_Exercises_DifficultyLevels_DifficultyLevelId";
info: 7/12/2025 16:05:39.307 RelationalEventId.CommandExecuted[20101] (Microsoft.EntityFrameworkCore.Database.Command) 
      Executed DbCommand (1ms) [Parameters=[], CommandType='Text', CommandTimeout='30']
      ALTER TABLE "Exercises" DROP CONSTRAINT "FK_Exercises_DifficultyLevels_DifficultyLevelId";
dbug: Microsoft.EntityFrameworkCore.Database.Command[20103]
      Creating DbCommand for 'ExecuteNonQuery'.
dbug: Microsoft.EntityFrameworkCore.Database.Command[20104]
      Created DbCommand for 'ExecuteNonQuery' (0ms).
dbug: Microsoft.EntityFrameworkCore.Database.Command[20106]
      Initialized DbCommand for 'ExecuteNonQuery' (0ms).
dbug: Microsoft.EntityFrameworkCore.Database.Command[20100]
      Executing DbCommand [Parameters=[], CommandType='Text', CommandTimeout='30']
      ALTER TABLE "Exercises" DROP CONSTRAINT "FK_Exercises_KineticChainTypes_KineticChainTypeId";
info: Microsoft.EntityFrameworkCore.Database.Command[20101]
      Executed DbCommand (1ms) [Parameters=[], CommandType='Text', CommandTimeout='30']
      ALTER TABLE "Exercises" DROP CONSTRAINT "FK_Exercises_KineticChainTypes_KineticChainTypeId";
info: 7/12/2025 16:05:39.307 RelationalEventId.CommandExecuted[20101] (Microsoft.EntityFrameworkCore.Database.Command) 
      Executed DbCommand (1ms) [Parameters=[], CommandType='Text', CommandTimeout='30']
      ALTER TABLE "Exercises" DROP CONSTRAINT "FK_Exercises_KineticChainTypes_KineticChainTypeId";
dbug: Microsoft.EntityFrameworkCore.Database.Command[20103]
      Creating DbCommand for 'ExecuteNonQuery'.
dbug: Microsoft.EntityFrameworkCore.Database.Command[20104]
      Created DbCommand for 'ExecuteNonQuery' (0ms).
dbug: Microsoft.EntityFrameworkCore.Database.Command[20106]
      Initialized DbCommand for 'ExecuteNonQuery' (0ms).
dbug: Microsoft.EntityFrameworkCore.Database.Command[20100]
      Executing DbCommand [Parameters=[], CommandType='Text', CommandTimeout='30']
      ALTER TABLE "Exercises" RENAME COLUMN "DifficultyLevelId" TO "DifficultyId";
info: Microsoft.EntityFrameworkCore.Database.Command[20101]
      Executed DbCommand (0ms) [Parameters=[], CommandType='Text', CommandTimeout='30']
      ALTER TABLE "Exercises" RENAME COLUMN "DifficultyLevelId" TO "DifficultyId";
info: 7/12/2025 16:05:39.307 RelationalEventId.CommandExecuted[20101] (Microsoft.EntityFrameworkCore.Database.Command) 
      Executed DbCommand (0ms) [Parameters=[], CommandType='Text', CommandTimeout='30']
      ALTER TABLE "Exercises" RENAME COLUMN "DifficultyLevelId" TO "DifficultyId";
dbug: Microsoft.EntityFrameworkCore.Database.Command[20103]
      Creating DbCommand for 'ExecuteNonQuery'.
dbug: Microsoft.EntityFrameworkCore.Database.Command[20104]
      Created DbCommand for 'ExecuteNonQuery' (0ms).
dbug: Microsoft.EntityFrameworkCore.Database.Command[20106]
      Initialized DbCommand for 'ExecuteNonQuery' (0ms).
dbug: Microsoft.EntityFrameworkCore.Database.Command[20100]
      Executing DbCommand [Parameters=[], CommandType='Text', CommandTimeout='30']
      ALTER INDEX "IX_Exercises_DifficultyLevelId" RENAME TO "IX_Exercises_DifficultyId";
info: Microsoft.EntityFrameworkCore.Database.Command[20101]
      Executed DbCommand (0ms) [Parameters=[], CommandType='Text', CommandTimeout='30']
      ALTER INDEX "IX_Exercises_DifficultyLevelId" RENAME TO "IX_Exercises_DifficultyId";
info: 7/12/2025 16:05:39.308 RelationalEventId.CommandExecuted[20101] (Microsoft.EntityFrameworkCore.Database.Command) 
      Executed DbCommand (0ms) [Parameters=[], CommandType='Text', CommandTimeout='30']
      ALTER INDEX "IX_Exercises_DifficultyLevelId" RENAME TO "IX_Exercises_DifficultyId";
dbug: Microsoft.EntityFrameworkCore.Database.Command[20103]
      Creating DbCommand for 'ExecuteNonQuery'.
dbug: Microsoft.EntityFrameworkCore.Database.Command[20104]
      Created DbCommand for 'ExecuteNonQuery' (0ms).
dbug: Microsoft.EntityFrameworkCore.Database.Command[20106]
      Initialized DbCommand for 'ExecuteNonQuery' (0ms).
dbug: Microsoft.EntityFrameworkCore.Database.Command[20100]
      Executing DbCommand [Parameters=[], CommandType='Text', CommandTimeout='30']
      ALTER TABLE "ExerciseMovementPatterns" RENAME COLUMN "PatternId" TO "MovementPatternId";
info: Microsoft.EntityFrameworkCore.Database.Command[20101]
      Executed DbCommand (0ms) [Parameters=[], CommandType='Text', CommandTimeout='30']
      ALTER TABLE "ExerciseMovementPatterns" RENAME COLUMN "PatternId" TO "MovementPatternId";
info: 7/12/2025 16:05:39.308 RelationalEventId.CommandExecuted[20101] (Microsoft.EntityFrameworkCore.Database.Command) 
      Executed DbCommand (0ms) [Parameters=[], CommandType='Text', CommandTimeout='30']
      ALTER TABLE "ExerciseMovementPatterns" RENAME COLUMN "PatternId" TO "MovementPatternId";
dbug: Microsoft.EntityFrameworkCore.Database.Command[20103]
      Creating DbCommand for 'ExecuteNonQuery'.
dbug: Microsoft.EntityFrameworkCore.Database.Command[20104]
      Created DbCommand for 'ExecuteNonQuery' (0ms).
dbug: Microsoft.EntityFrameworkCore.Database.Command[20106]
      Initialized DbCommand for 'ExecuteNonQuery' (0ms).
dbug: Microsoft.EntityFrameworkCore.Database.Command[20100]
      Executing DbCommand [Parameters=[], CommandType='Text', CommandTimeout='30']
      ALTER INDEX "IX_ExerciseMovementPatterns_PatternId" RENAME TO "IX_ExerciseMovementPatterns_MovementPatternId";
info: Microsoft.EntityFrameworkCore.Database.Command[20101]
      Executed DbCommand (0ms) [Parameters=[], CommandType='Text', CommandTimeout='30']
      ALTER INDEX "IX_ExerciseMovementPatterns_PatternId" RENAME TO "IX_ExerciseMovementPatterns_MovementPatternId";
info: 7/12/2025 16:05:39.308 RelationalEventId.CommandExecuted[20101] (Microsoft.EntityFrameworkCore.Database.Command) 
      Executed DbCommand (0ms) [Parameters=[], CommandType='Text', CommandTimeout='30']
      ALTER INDEX "IX_ExerciseMovementPatterns_PatternId" RENAME TO "IX_ExerciseMovementPatterns_MovementPatternId";
dbug: Microsoft.EntityFrameworkCore.Database.Command[20103]
      Creating DbCommand for 'ExecuteNonQuery'.
dbug: Microsoft.EntityFrameworkCore.Database.Command[20104]
      Created DbCommand for 'ExecuteNonQuery' (0ms).
dbug: Microsoft.EntityFrameworkCore.Database.Command[20106]
      Initialized DbCommand for 'ExecuteNonQuery' (0ms).
dbug: Microsoft.EntityFrameworkCore.Database.Command[20100]
      Executing DbCommand [Parameters=[], CommandType='Text', CommandTimeout='30']
      ALTER TABLE "Exercises" ALTER COLUMN "Name" TYPE character varying(200);
info: Microsoft.EntityFrameworkCore.Database.Command[20101]
      Executed DbCommand (1ms) [Parameters=[], CommandType='Text', CommandTimeout='30']
      ALTER TABLE "Exercises" DROP CONSTRAINT "FK_Exercises_KineticChainTypes_KineticChainTypeId";
info: 7/12/2025 16:05:39.308 RelationalEventId.CommandExecuted[20101] (Microsoft.EntityFrameworkCore.Database.Command) 
      Executed DbCommand (1ms) [Parameters=[], CommandType='Text', CommandTimeout='30']
      ALTER TABLE "Exercises" DROP CONSTRAINT "FK_Exercises_KineticChainTypes_KineticChainTypeId";
dbug: Microsoft.EntityFrameworkCore.Database.Command[20103]
      Creating DbCommand for 'ExecuteNonQuery'.
dbug: Microsoft.EntityFrameworkCore.Database.Command[20104]
      Created DbCommand for 'ExecuteNonQuery' (0ms).
dbug: Microsoft.EntityFrameworkCore.Database.Command[20106]
      Initialized DbCommand for 'ExecuteNonQuery' (0ms).
dbug: Microsoft.EntityFrameworkCore.Database.Command[20100]
      Executing DbCommand [Parameters=[], CommandType='Text', CommandTimeout='30']
      ALTER TABLE "Exercises" RENAME COLUMN "DifficultyLevelId" TO "DifficultyId";
info: Microsoft.EntityFrameworkCore.Database.Command[20101]
      Executed DbCommand (0ms) [Parameters=[], CommandType='Text', CommandTimeout='30']
      ALTER TABLE "Exercises" RENAME COLUMN "DifficultyLevelId" TO "DifficultyId";
info: 7/12/2025 16:05:39.308 RelationalEventId.CommandExecuted[20101] (Microsoft.EntityFrameworkCore.Database.Command) 
      Executed DbCommand (0ms) [Parameters=[], CommandType='Text', CommandTimeout='30']
      ALTER TABLE "Exercises" RENAME COLUMN "DifficultyLevelId" TO "DifficultyId";
dbug: Microsoft.EntityFrameworkCore.Database.Command[20103]
      Creating DbCommand for 'ExecuteNonQuery'.
dbug: Microsoft.EntityFrameworkCore.Database.Command[20104]
      Created DbCommand for 'ExecuteNonQuery' (0ms).
dbug: Microsoft.EntityFrameworkCore.Database.Command[20106]
      Initialized DbCommand for 'ExecuteNonQuery' (0ms).
dbug: Microsoft.EntityFrameworkCore.Database.Command[20100]
      Executing DbCommand [Parameters=[], CommandType='Text', CommandTimeout='30']
      ALTER INDEX "IX_Exercises_DifficultyLevelId" RENAME TO "IX_Exercises_DifficultyId";
info: Microsoft.EntityFrameworkCore.Database.Command[20101]
      Executed DbCommand (0ms) [Parameters=[], CommandType='Text', CommandTimeout='30']
      ALTER INDEX "IX_Exercises_DifficultyLevelId" RENAME TO "IX_Exercises_DifficultyId";
info: 7/12/2025 16:05:39.309 RelationalEventId.CommandExecuted[20101] (Microsoft.EntityFrameworkCore.Database.Command) 
      Executed DbCommand (0ms) [Parameters=[], CommandType='Text', CommandTimeout='30']
      ALTER INDEX "IX_Exercises_DifficultyLevelId" RENAME TO "IX_Exercises_DifficultyId";
dbug: Microsoft.EntityFrameworkCore.Database.Command[20103]
      Creating DbCommand for 'ExecuteNonQuery'.
dbug: Microsoft.EntityFrameworkCore.Database.Command[20104]
      Created DbCommand for 'ExecuteNonQuery' (0ms).
dbug: Microsoft.EntityFrameworkCore.Database.Command[20106]
      Initialized DbCommand for 'ExecuteNonQuery' (0ms).
dbug: Microsoft.EntityFrameworkCore.Database.Command[20100]
      Executing DbCommand [Parameters=[], CommandType='Text', CommandTimeout='30']
      ALTER TABLE "ExerciseMovementPatterns" RENAME COLUMN "PatternId" TO "MovementPatternId";
info: Microsoft.EntityFrameworkCore.Database.Command[20101]
      Executed DbCommand (0ms) [Parameters=[], CommandType='Text', CommandTimeout='30']
      ALTER TABLE "ExerciseMovementPatterns" RENAME COLUMN "PatternId" TO "MovementPatternId";
info: 7/12/2025 16:05:39.309 RelationalEventId.CommandExecuted[20101] (Microsoft.EntityFrameworkCore.Database.Command) 
      Executed DbCommand (0ms) [Parameters=[], CommandType='Text', CommandTimeout='30']
      ALTER TABLE "ExerciseMovementPatterns" RENAME COLUMN "PatternId" TO "MovementPatternId";
dbug: Microsoft.EntityFrameworkCore.Database.Command[20103]
      Creating DbCommand for 'ExecuteNonQuery'.
dbug: Microsoft.EntityFrameworkCore.Database.Command[20104]
      Created DbCommand for 'ExecuteNonQuery' (0ms).
dbug: Microsoft.EntityFrameworkCore.Database.Command[20106]
      Initialized DbCommand for 'ExecuteNonQuery' (0ms).
dbug: Microsoft.EntityFrameworkCore.Database.Command[20100]
      Executing DbCommand [Parameters=[], CommandType='Text', CommandTimeout='30']
      ALTER INDEX "IX_ExerciseMovementPatterns_PatternId" RENAME TO "IX_ExerciseMovementPatterns_MovementPatternId";
info: Microsoft.EntityFrameworkCore.Database.Command[20101]
      Executed DbCommand (0ms) [Parameters=[], CommandType='Text', CommandTimeout='30']
      ALTER INDEX "IX_ExerciseMovementPatterns_PatternId" RENAME TO "IX_ExerciseMovementPatterns_MovementPatternId";
info: 7/12/2025 16:05:39.309 RelationalEventId.CommandExecuted[20101] (Microsoft.EntityFrameworkCore.Database.Command) 
      Executed DbCommand (0ms) [Parameters=[], CommandType='Text', CommandTimeout='30']
      ALTER INDEX "IX_ExerciseMovementPatterns_PatternId" RENAME TO "IX_ExerciseMovementPatterns_MovementPatternId";
dbug: Microsoft.EntityFrameworkCore.Database.Command[20103]
      Creating DbCommand for 'ExecuteNonQuery'.
dbug: Microsoft.EntityFrameworkCore.Database.Command[20104]
      Created DbCommand for 'ExecuteNonQuery' (0ms).
dbug: Microsoft.EntityFrameworkCore.Database.Command[20106]
      Initialized DbCommand for 'ExecuteNonQuery' (0ms).
dbug: Microsoft.EntityFrameworkCore.Database.Command[20100]
      Executing DbCommand [Parameters=[], CommandType='Text', CommandTimeout='30']
      ALTER TABLE "Exercises" ALTER COLUMN "Name" TYPE character varying(200);
info: Microsoft.EntityFrameworkCore.Database.Command[20101]
      Executed DbCommand (2ms) [Parameters=[], CommandType='Text', CommandTimeout='30']
      ALTER TABLE "Exercises" ALTER COLUMN "Name" TYPE character varying(200);
info: 7/12/2025 16:05:39.310 RelationalEventId.CommandExecuted[20101] (Microsoft.EntityFrameworkCore.Database.Command) 
      Executed DbCommand (2ms) [Parameters=[], CommandType='Text', CommandTimeout='30']
      ALTER TABLE "Exercises" ALTER COLUMN "Name" TYPE character varying(200);
dbug: Microsoft.EntityFrameworkCore.Database.Command[20103]
      Creating DbCommand for 'ExecuteNonQuery'.
dbug: Microsoft.EntityFrameworkCore.Database.Command[20104]
      Created DbCommand for 'ExecuteNonQuery' (0ms).
dbug: Microsoft.EntityFrameworkCore.Database.Command[20106]
      Initialized DbCommand for 'ExecuteNonQuery' (0ms).
dbug: Microsoft.EntityFrameworkCore.Database.Command[20100]
      Executing DbCommand [Parameters=[], CommandType='Text', CommandTimeout='30']
      ALTER TABLE "Exercises" ALTER COLUMN "KineticChainTypeId" DROP NOT NULL;
info: Microsoft.EntityFrameworkCore.Database.Command[20101]
      Executed DbCommand (0ms) [Parameters=[], CommandType='Text', CommandTimeout='30']
      ALTER TABLE "Exercises" ALTER COLUMN "KineticChainTypeId" DROP NOT NULL;
info: 7/12/2025 16:05:39.310 RelationalEventId.CommandExecuted[20101] (Microsoft.EntityFrameworkCore.Database.Command) 
      Executed DbCommand (0ms) [Parameters=[], CommandType='Text', CommandTimeout='30']
      ALTER TABLE "Exercises" ALTER COLUMN "KineticChainTypeId" DROP NOT NULL;
dbug: Microsoft.EntityFrameworkCore.Database.Command[20103]
      Creating DbCommand for 'ExecuteNonQuery'.
dbug: Microsoft.EntityFrameworkCore.Database.Command[20104]
      Created DbCommand for 'ExecuteNonQuery' (0ms).
dbug: Microsoft.EntityFrameworkCore.Database.Command[20106]
      Initialized DbCommand for 'ExecuteNonQuery' (0ms).
dbug: Microsoft.EntityFrameworkCore.Database.Command[20100]
      Executing DbCommand [Parameters=[], CommandType='Text', CommandTimeout='30']
      ALTER TABLE "Exercises" ALTER COLUMN "Instructions" TYPE character varying(5000);
info: Microsoft.EntityFrameworkCore.Database.Command[20101]
      Executed DbCommand (2ms) [Parameters=[], CommandType='Text', CommandTimeout='30']
      ALTER TABLE "Exercises" ALTER COLUMN "Name" TYPE character varying(200);
info: 7/12/2025 16:05:39.310 RelationalEventId.CommandExecuted[20101] (Microsoft.EntityFrameworkCore.Database.Command) 
      Executed DbCommand (2ms) [Parameters=[], CommandType='Text', CommandTimeout='30']
      ALTER TABLE "Exercises" ALTER COLUMN "Name" TYPE character varying(200);
dbug: Microsoft.EntityFrameworkCore.Database.Command[20103]
      Creating DbCommand for 'ExecuteNonQuery'.
dbug: Microsoft.EntityFrameworkCore.Database.Command[20104]
      Created DbCommand for 'ExecuteNonQuery' (0ms).
dbug: Microsoft.EntityFrameworkCore.Database.Command[20106]
      Initialized DbCommand for 'ExecuteNonQuery' (0ms).
dbug: Microsoft.EntityFrameworkCore.Database.Command[20100]
      Executing DbCommand [Parameters=[], CommandType='Text', CommandTimeout='30']
      ALTER TABLE "Exercises" ALTER COLUMN "KineticChainTypeId" DROP NOT NULL;
info: 7/12/2025 16:05:39.311 RelationalEventId.CommandExecuted[20101] (Microsoft.EntityFrameworkCore.Database.Command) 
      Executed DbCommand (0ms) [Parameters=[], CommandType='Text', CommandTimeout='30']
      ALTER TABLE "Exercises" ALTER COLUMN "KineticChainTypeId" DROP NOT NULL;
info: Microsoft.EntityFrameworkCore.Database.Command[20101]
      Executed DbCommand (0ms) [Parameters=[], CommandType='Text', CommandTimeout='30']
      ALTER TABLE "Exercises" ALTER COLUMN "KineticChainTypeId" DROP NOT NULL;
dbug: Microsoft.EntityFrameworkCore.Database.Command[20103]
      Creating DbCommand for 'ExecuteNonQuery'.
dbug: Microsoft.EntityFrameworkCore.Database.Command[20104]
      Created DbCommand for 'ExecuteNonQuery' (0ms).
dbug: Microsoft.EntityFrameworkCore.Database.Command[20106]
      Initialized DbCommand for 'ExecuteNonQuery' (0ms).
dbug: Microsoft.EntityFrameworkCore.Database.Command[20100]
      Executing DbCommand [Parameters=[], CommandType='Text', CommandTimeout='30']
      ALTER TABLE "Exercises" ALTER COLUMN "Instructions" TYPE character varying(5000);
info: Microsoft.EntityFrameworkCore.Database.Command[20101]
      Executed DbCommand (2ms) [Parameters=[], CommandType='Text', CommandTimeout='30']
      ALTER TABLE "Exercises" ALTER COLUMN "Instructions" TYPE character varying(5000);
info: 7/12/2025 16:05:39.311 RelationalEventId.CommandExecuted[20101] (Microsoft.EntityFrameworkCore.Database.Command) 
      Executed DbCommand (2ms) [Parameters=[], CommandType='Text', CommandTimeout='30']
      ALTER TABLE "Exercises" ALTER COLUMN "Instructions" TYPE character varying(5000);
dbug: Microsoft.EntityFrameworkCore.Database.Command[20103]
      Creating DbCommand for 'ExecuteNonQuery'.
dbug: Microsoft.EntityFrameworkCore.Database.Command[20104]
      Created DbCommand for 'ExecuteNonQuery' (0ms).
dbug: Microsoft.EntityFrameworkCore.Database.Command[20106]
      Initialized DbCommand for 'ExecuteNonQuery' (0ms).
dbug: Microsoft.EntityFrameworkCore.Database.Command[20100]
      Executing DbCommand [Parameters=[], CommandType='Text', CommandTimeout='30']
      ALTER TABLE "Exercises" ALTER COLUMN "Description" TYPE character varying(1000);
info: 7/12/2025 16:05:39.312 RelationalEventId.CommandExecuted[20101] (Microsoft.EntityFrameworkCore.Database.Command) 
      Executed DbCommand (1ms) [Parameters=[], CommandType='Text', CommandTimeout='30']
      ALTER TABLE "Exercises" ALTER COLUMN "Instructions" TYPE character varying(5000);
info: Microsoft.EntityFrameworkCore.Database.Command[20101]
      Executed DbCommand (1ms) [Parameters=[], CommandType='Text', CommandTimeout='30']
      ALTER TABLE "Exercises" ALTER COLUMN "Instructions" TYPE character varying(5000);
dbug: Microsoft.EntityFrameworkCore.Database.Command[20103]
      Creating DbCommand for 'ExecuteNonQuery'.
dbug: Microsoft.EntityFrameworkCore.Database.Command[20104]
      Created DbCommand for 'ExecuteNonQuery' (0ms).
dbug: Microsoft.EntityFrameworkCore.Database.Command[20106]
      Initialized DbCommand for 'ExecuteNonQuery' (0ms).
dbug: Microsoft.EntityFrameworkCore.Database.Command[20100]
      Executing DbCommand [Parameters=[], CommandType='Text', CommandTimeout='30']
      ALTER TABLE "Exercises" ALTER COLUMN "Description" TYPE character varying(1000);
info: Microsoft.EntityFrameworkCore.Database.Command[20101]
      Executed DbCommand (1ms) [Parameters=[], CommandType='Text', CommandTimeout='30']
      ALTER TABLE "Exercises" ALTER COLUMN "Description" TYPE character varying(1000);
info: 7/12/2025 16:05:39.313 RelationalEventId.CommandExecuted[20101] (Microsoft.EntityFrameworkCore.Database.Command) 
      Executed DbCommand (1ms) [Parameters=[], CommandType='Text', CommandTimeout='30']
      ALTER TABLE "Exercises" ALTER COLUMN "Description" TYPE character varying(1000);
dbug: Microsoft.EntityFrameworkCore.Database.Command[20103]
      Creating DbCommand for 'ExecuteNonQuery'.
dbug: Microsoft.EntityFrameworkCore.Database.Command[20104]
      Created DbCommand for 'ExecuteNonQuery' (0ms).
dbug: Microsoft.EntityFrameworkCore.Database.Command[20106]
      Initialized DbCommand for 'ExecuteNonQuery' (0ms).
dbug: Microsoft.EntityFrameworkCore.Database.Command[20100]
      Executing DbCommand [Parameters=[], CommandType='Text', CommandTimeout='30']
      ALTER TABLE "Exercises" ADD "ImageUrl" text;
info: Microsoft.EntityFrameworkCore.Database.Command[20101]
      Executed DbCommand (0ms) [Parameters=[], CommandType='Text', CommandTimeout='30']
      ALTER TABLE "Exercises" ADD "ImageUrl" text;
info: 7/12/2025 16:05:39.313 RelationalEventId.CommandExecuted[20101] (Microsoft.EntityFrameworkCore.Database.Command) 
      Executed DbCommand (0ms) [Parameters=[], CommandType='Text', CommandTimeout='30']
      ALTER TABLE "Exercises" ADD "ImageUrl" text;
dbug: Microsoft.EntityFrameworkCore.Database.Command[20103]
      Creating DbCommand for 'ExecuteNonQuery'.
dbug: Microsoft.EntityFrameworkCore.Database.Command[20104]
      Created DbCommand for 'ExecuteNonQuery' (0ms).
dbug: Microsoft.EntityFrameworkCore.Database.Command[20106]
      Initialized DbCommand for 'ExecuteNonQuery' (0ms).
dbug: Microsoft.EntityFrameworkCore.Database.Command[20100]
      Executing DbCommand [Parameters=[], CommandType='Text', CommandTimeout='30']
      ALTER TABLE "Exercises" ADD "IsActive" boolean NOT NULL DEFAULT FALSE;
info: 7/12/2025 16:05:39.313 RelationalEventId.CommandExecuted[20101] (Microsoft.EntityFrameworkCore.Database.Command) 
      Executed DbCommand (0ms) [Parameters=[], CommandType='Text', CommandTimeout='30']
      ALTER TABLE "Exercises" ADD "IsActive" boolean NOT NULL DEFAULT FALSE;
info: Microsoft.EntityFrameworkCore.Database.Command[20101]
      Executed DbCommand (0ms) [Parameters=[], CommandType='Text', CommandTimeout='30']
      ALTER TABLE "Exercises" ADD "IsActive" boolean NOT NULL DEFAULT FALSE;
info: Microsoft.EntityFrameworkCore.Database.Command[20101]
      Executed DbCommand (1ms) [Parameters=[], CommandType='Text', CommandTimeout='30']
      ALTER TABLE "Exercises" ALTER COLUMN "Description" TYPE character varying(1000);
dbug: Microsoft.EntityFrameworkCore.Database.Command[20103]
      Creating DbCommand for 'ExecuteNonQuery'.
dbug: Microsoft.EntityFrameworkCore.Database.Command[20104]
      Created DbCommand for 'ExecuteNonQuery' (0ms).
info: 7/12/2025 16:05:39.313 RelationalEventId.CommandExecuted[20101] (Microsoft.EntityFrameworkCore.Database.Command) 
      Executed DbCommand (1ms) [Parameters=[], CommandType='Text', CommandTimeout='30']
      ALTER TABLE "Exercises" ALTER COLUMN "Description" TYPE character varying(1000);
dbug: Microsoft.EntityFrameworkCore.Database.Command[20106]
      Initialized DbCommand for 'ExecuteNonQuery' (0ms).
dbug: Microsoft.EntityFrameworkCore.Database.Command[20100]
      Executing DbCommand [Parameters=[], CommandType='Text', CommandTimeout='30']
      CREATE TABLE "ExerciseBodyParts" (
          "ExerciseId" uuid NOT NULL,
          "BodyPartId" uuid NOT NULL,
          CONSTRAINT "PK_ExerciseBodyParts" PRIMARY KEY ("ExerciseId", "BodyPartId"),
          CONSTRAINT "FK_ExerciseBodyParts_BodyParts_BodyPartId" FOREIGN KEY ("BodyPartId") REFERENCES "BodyParts" ("Id") ON DELETE CASCADE,
          CONSTRAINT "FK_ExerciseBodyParts_Exercises_ExerciseId" FOREIGN KEY ("ExerciseId") REFERENCES "Exercises" ("Id") ON DELETE CASCADE
      );
dbug: Microsoft.EntityFrameworkCore.Database.Command[20103]
      Creating DbCommand for 'ExecuteNonQuery'.
dbug: Microsoft.EntityFrameworkCore.Database.Command[20104]
      Created DbCommand for 'ExecuteNonQuery' (0ms).
dbug: Microsoft.EntityFrameworkCore.Database.Command[20106]
      Initialized DbCommand for 'ExecuteNonQuery' (0ms).
dbug: Microsoft.EntityFrameworkCore.Database.Command[20100]
      Executing DbCommand [Parameters=[], CommandType='Text', CommandTimeout='30']
      ALTER TABLE "Exercises" ADD "ImageUrl" text;
info: Microsoft.EntityFrameworkCore.Database.Command[20101]
      Executed DbCommand (0ms) [Parameters=[], CommandType='Text', CommandTimeout='30']
      ALTER TABLE "Exercises" ADD "ImageUrl" text;
info: 7/12/2025 16:05:39.314 RelationalEventId.CommandExecuted[20101] (Microsoft.EntityFrameworkCore.Database.Command) 
      Executed DbCommand (0ms) [Parameters=[], CommandType='Text', CommandTimeout='30']
      ALTER TABLE "Exercises" ADD "ImageUrl" text;
dbug: Microsoft.EntityFrameworkCore.Database.Command[20103]
      Creating DbCommand for 'ExecuteNonQuery'.
dbug: Microsoft.EntityFrameworkCore.Database.Command[20104]
      Created DbCommand for 'ExecuteNonQuery' (0ms).
dbug: Microsoft.EntityFrameworkCore.Database.Command[20106]
      Initialized DbCommand for 'ExecuteNonQuery' (0ms).
dbug: Microsoft.EntityFrameworkCore.Database.Command[20100]
      Executing DbCommand [Parameters=[], CommandType='Text', CommandTimeout='30']
      ALTER TABLE "Exercises" ADD "IsActive" boolean NOT NULL DEFAULT FALSE;
info: Microsoft.EntityFrameworkCore.Database.Command[20101]
      Executed DbCommand (0ms) [Parameters=[], CommandType='Text', CommandTimeout='30']
      ALTER TABLE "Exercises" ADD "IsActive" boolean NOT NULL DEFAULT FALSE;
info: 7/12/2025 16:05:39.314 RelationalEventId.CommandExecuted[20101] (Microsoft.EntityFrameworkCore.Database.Command) 
      Executed DbCommand (0ms) [Parameters=[], CommandType='Text', CommandTimeout='30']
      ALTER TABLE "Exercises" ADD "IsActive" boolean NOT NULL DEFAULT FALSE;
dbug: Microsoft.EntityFrameworkCore.Database.Command[20103]
      Creating DbCommand for 'ExecuteNonQuery'.
dbug: Microsoft.EntityFrameworkCore.Database.Command[20104]
      Created DbCommand for 'ExecuteNonQuery' (0ms).
dbug: Microsoft.EntityFrameworkCore.Database.Command[20106]
      Initialized DbCommand for 'ExecuteNonQuery' (0ms).
dbug: Microsoft.EntityFrameworkCore.Database.Command[20100]
      Executing DbCommand [Parameters=[], CommandType='Text', CommandTimeout='30']
      CREATE TABLE "ExerciseBodyParts" (
          "ExerciseId" uuid NOT NULL,
          "BodyPartId" uuid NOT NULL,
          CONSTRAINT "PK_ExerciseBodyParts" PRIMARY KEY ("ExerciseId", "BodyPartId"),
          CONSTRAINT "FK_ExerciseBodyParts_BodyParts_BodyPartId" FOREIGN KEY ("BodyPartId") REFERENCES "BodyParts" ("Id") ON DELETE CASCADE,
          CONSTRAINT "FK_ExerciseBodyParts_Exercises_ExerciseId" FOREIGN KEY ("ExerciseId") REFERENCES "Exercises" ("Id") ON DELETE CASCADE
      );
info: Microsoft.EntityFrameworkCore.Database.Command[20101]
      Executed DbCommand (2ms) [Parameters=[], CommandType='Text', CommandTimeout='30']
      CREATE TABLE "ExerciseBodyParts" (
          "ExerciseId" uuid NOT NULL,
          "BodyPartId" uuid NOT NULL,
          CONSTRAINT "PK_ExerciseBodyParts" PRIMARY KEY ("ExerciseId", "BodyPartId"),
          CONSTRAINT "FK_ExerciseBodyParts_BodyParts_BodyPartId" FOREIGN KEY ("BodyPartId") REFERENCES "BodyParts" ("Id") ON DELETE CASCADE,
          CONSTRAINT "FK_ExerciseBodyParts_Exercises_ExerciseId" FOREIGN KEY ("ExerciseId") REFERENCES "Exercises" ("Id") ON DELETE CASCADE
      );
info: 7/12/2025 16:05:39.315 RelationalEventId.CommandExecuted[20101] (Microsoft.EntityFrameworkCore.Database.Command) 
      Executed DbCommand (2ms) [Parameters=[], CommandType='Text', CommandTimeout='30']
      CREATE TABLE "ExerciseBodyParts" (
          "ExerciseId" uuid NOT NULL,
          "BodyPartId" uuid NOT NULL,
          CONSTRAINT "PK_ExerciseBodyParts" PRIMARY KEY ("ExerciseId", "BodyPartId"),
          CONSTRAINT "FK_ExerciseBodyParts_BodyParts_BodyPartId" FOREIGN KEY ("BodyPartId") REFERENCES "BodyParts" ("Id") ON DELETE CASCADE,
          CONSTRAINT "FK_ExerciseBodyParts_Exercises_ExerciseId" FOREIGN KEY ("ExerciseId") REFERENCES "Exercises" ("Id") ON DELETE CASCADE
      );
dbug: Microsoft.EntityFrameworkCore.Database.Command[20103]
      Creating DbCommand for 'ExecuteNonQuery'.
dbug: Microsoft.EntityFrameworkCore.Database.Command[20104]
      Created DbCommand for 'ExecuteNonQuery' (0ms).
dbug: Microsoft.EntityFrameworkCore.Database.Command[20106]
      Initialized DbCommand for 'ExecuteNonQuery' (0ms).
dbug: Microsoft.EntityFrameworkCore.Database.Command[20100]
      Executing DbCommand [Parameters=[], CommandType='Text', CommandTimeout='30']
      CREATE TABLE "ExerciseMuscleGroups" (
          "ExerciseId" uuid NOT NULL,
          "MuscleGroupId" uuid NOT NULL,
          "MuscleRoleId" uuid NOT NULL,
          CONSTRAINT "PK_ExerciseMuscleGroups" PRIMARY KEY ("ExerciseId", "MuscleGroupId"),
          CONSTRAINT "FK_ExerciseMuscleGroups_Exercises_ExerciseId" FOREIGN KEY ("ExerciseId") REFERENCES "Exercises" ("Id") ON DELETE CASCADE,
          CONSTRAINT "FK_ExerciseMuscleGroups_MuscleGroups_MuscleGroupId" FOREIGN KEY ("MuscleGroupId") REFERENCES "MuscleGroups" ("Id") ON DELETE CASCADE,
          CONSTRAINT "FK_ExerciseMuscleGroups_MuscleRoles_MuscleRoleId" FOREIGN KEY ("MuscleRoleId") REFERENCES "MuscleRoles" ("Id") ON DELETE CASCADE
      );
info: Microsoft.EntityFrameworkCore.Database.Command[20101]
      Executed DbCommand (2ms) [Parameters=[], CommandType='Text', CommandTimeout='30']
      CREATE TABLE "ExerciseBodyParts" (
          "ExerciseId" uuid NOT NULL,
          "BodyPartId" uuid NOT NULL,
          CONSTRAINT "PK_ExerciseBodyParts" PRIMARY KEY ("ExerciseId", "BodyPartId"),
          CONSTRAINT "FK_ExerciseBodyParts_BodyParts_BodyPartId" FOREIGN KEY ("BodyPartId") REFERENCES "BodyParts" ("Id") ON DELETE CASCADE,
          CONSTRAINT "FK_ExerciseBodyParts_Exercises_ExerciseId" FOREIGN KEY ("ExerciseId") REFERENCES "Exercises" ("Id") ON DELETE CASCADE
      );
info: 7/12/2025 16:05:39.316 RelationalEventId.CommandExecuted[20101] (Microsoft.EntityFrameworkCore.Database.Command) 
      Executed DbCommand (2ms) [Parameters=[], CommandType='Text', CommandTimeout='30']
      CREATE TABLE "ExerciseBodyParts" (
          "ExerciseId" uuid NOT NULL,
          "BodyPartId" uuid NOT NULL,
          CONSTRAINT "PK_ExerciseBodyParts" PRIMARY KEY ("ExerciseId", "BodyPartId"),
          CONSTRAINT "FK_ExerciseBodyParts_BodyParts_BodyPartId" FOREIGN KEY ("BodyPartId") REFERENCES "BodyParts" ("Id") ON DELETE CASCADE,
          CONSTRAINT "FK_ExerciseBodyParts_Exercises_ExerciseId" FOREIGN KEY ("ExerciseId") REFERENCES "Exercises" ("Id") ON DELETE CASCADE
      );
dbug: Microsoft.EntityFrameworkCore.Database.Command[20103]
      Creating DbCommand for 'ExecuteNonQuery'.
dbug: Microsoft.EntityFrameworkCore.Database.Command[20104]
      Created DbCommand for 'ExecuteNonQuery' (0ms).
dbug: Microsoft.EntityFrameworkCore.Database.Command[20106]
      Initialized DbCommand for 'ExecuteNonQuery' (0ms).
dbug: Microsoft.EntityFrameworkCore.Database.Command[20100]
      Executing DbCommand [Parameters=[], CommandType='Text', CommandTimeout='30']
      CREATE TABLE "ExerciseMuscleGroups" (
          "ExerciseId" uuid NOT NULL,
          "MuscleGroupId" uuid NOT NULL,
          "MuscleRoleId" uuid NOT NULL,
          CONSTRAINT "PK_ExerciseMuscleGroups" PRIMARY KEY ("ExerciseId", "MuscleGroupId"),
          CONSTRAINT "FK_ExerciseMuscleGroups_Exercises_ExerciseId" FOREIGN KEY ("ExerciseId") REFERENCES "Exercises" ("Id") ON DELETE CASCADE,
          CONSTRAINT "FK_ExerciseMuscleGroups_MuscleGroups_MuscleGroupId" FOREIGN KEY ("MuscleGroupId") REFERENCES "MuscleGroups" ("Id") ON DELETE CASCADE,
          CONSTRAINT "FK_ExerciseMuscleGroups_MuscleRoles_MuscleRoleId" FOREIGN KEY ("MuscleRoleId") REFERENCES "MuscleRoles" ("Id") ON DELETE CASCADE
      );
info: Microsoft.EntityFrameworkCore.Database.Command[20101]
      Executed DbCommand (1ms) [Parameters=[], CommandType='Text', CommandTimeout='30']
      CREATE TABLE "ExerciseMuscleGroups" (
          "ExerciseId" uuid NOT NULL,
          "MuscleGroupId" uuid NOT NULL,
          "MuscleRoleId" uuid NOT NULL,
          CONSTRAINT "PK_ExerciseMuscleGroups" PRIMARY KEY ("ExerciseId", "MuscleGroupId"),
          CONSTRAINT "FK_ExerciseMuscleGroups_Exercises_ExerciseId" FOREIGN KEY ("ExerciseId") REFERENCES "Exercises" ("Id") ON DELETE CASCADE,
          CONSTRAINT "FK_ExerciseMuscleGroups_MuscleGroups_MuscleGroupId" FOREIGN KEY ("MuscleGroupId") REFERENCES "MuscleGroups" ("Id") ON DELETE CASCADE,
          CONSTRAINT "FK_ExerciseMuscleGroups_MuscleRoles_MuscleRoleId" FOREIGN KEY ("MuscleRoleId") REFERENCES "MuscleRoles" ("Id") ON DELETE CASCADE
      );
info: 7/12/2025 16:05:39.316 RelationalEventId.CommandExecuted[20101] (Microsoft.EntityFrameworkCore.Database.Command) 
      Executed DbCommand (1ms) [Parameters=[], CommandType='Text', CommandTimeout='30']
      CREATE TABLE "ExerciseMuscleGroups" (
          "ExerciseId" uuid NOT NULL,
          "MuscleGroupId" uuid NOT NULL,
          "MuscleRoleId" uuid NOT NULL,
          CONSTRAINT "PK_ExerciseMuscleGroups" PRIMARY KEY ("ExerciseId", "MuscleGroupId"),
          CONSTRAINT "FK_ExerciseMuscleGroups_Exercises_ExerciseId" FOREIGN KEY ("ExerciseId") REFERENCES "Exercises" ("Id") ON DELETE CASCADE,
          CONSTRAINT "FK_ExerciseMuscleGroups_MuscleGroups_MuscleGroupId" FOREIGN KEY ("MuscleGroupId") REFERENCES "MuscleGroups" ("Id") ON DELETE CASCADE,
          CONSTRAINT "FK_ExerciseMuscleGroups_MuscleRoles_MuscleRoleId" FOREIGN KEY ("MuscleRoleId") REFERENCES "MuscleRoles" ("Id") ON DELETE CASCADE
      );
dbug: Microsoft.EntityFrameworkCore.Database.Command[20103]
      Creating DbCommand for 'ExecuteNonQuery'.
dbug: Microsoft.EntityFrameworkCore.Database.Command[20104]
      Created DbCommand for 'ExecuteNonQuery' (0ms).
dbug: Microsoft.EntityFrameworkCore.Database.Command[20106]
      Initialized DbCommand for 'ExecuteNonQuery' (0ms).
dbug: Microsoft.EntityFrameworkCore.Database.Command[20100]
      Executing DbCommand [Parameters=[], CommandType='Text', CommandTimeout='30']
      CREATE UNIQUE INDEX "IX_Exercises_Name" ON "Exercises" ("Name");
info: Microsoft.EntityFrameworkCore.Database.Command[20101]
      Executed DbCommand (0ms) [Parameters=[], CommandType='Text', CommandTimeout='30']
      CREATE UNIQUE INDEX "IX_Exercises_Name" ON "Exercises" ("Name");
info: 7/12/2025 16:05:39.316 RelationalEventId.CommandExecuted[20101] (Microsoft.EntityFrameworkCore.Database.Command) 
      Executed DbCommand (0ms) [Parameters=[], CommandType='Text', CommandTimeout='30']
      CREATE UNIQUE INDEX "IX_Exercises_Name" ON "Exercises" ("Name");
dbug: Microsoft.EntityFrameworkCore.Database.Command[20103]
      Creating DbCommand for 'ExecuteNonQuery'.
dbug: Microsoft.EntityFrameworkCore.Database.Command[20104]
      Created DbCommand for 'ExecuteNonQuery' (0ms).
dbug: Microsoft.EntityFrameworkCore.Database.Command[20106]
      Initialized DbCommand for 'ExecuteNonQuery' (0ms).
dbug: Microsoft.EntityFrameworkCore.Database.Command[20100]
      Executing DbCommand [Parameters=[], CommandType='Text', CommandTimeout='30']
      CREATE INDEX "IX_ExerciseBodyParts_BodyPartId" ON "ExerciseBodyParts" ("BodyPartId");
info: Microsoft.EntityFrameworkCore.Database.Command[20101]
      Executed DbCommand (0ms) [Parameters=[], CommandType='Text', CommandTimeout='30']
      CREATE INDEX "IX_ExerciseBodyParts_BodyPartId" ON "ExerciseBodyParts" ("BodyPartId");
info: 7/12/2025 16:05:39.317 RelationalEventId.CommandExecuted[20101] (Microsoft.EntityFrameworkCore.Database.Command) 
      Executed DbCommand (0ms) [Parameters=[], CommandType='Text', CommandTimeout='30']
      CREATE INDEX "IX_ExerciseBodyParts_BodyPartId" ON "ExerciseBodyParts" ("BodyPartId");
dbug: Microsoft.EntityFrameworkCore.Database.Command[20103]
      Creating DbCommand for 'ExecuteNonQuery'.
dbug: Microsoft.EntityFrameworkCore.Database.Command[20104]
      Created DbCommand for 'ExecuteNonQuery' (0ms).
dbug: Microsoft.EntityFrameworkCore.Database.Command[20106]
      Initialized DbCommand for 'ExecuteNonQuery' (0ms).
dbug: Microsoft.EntityFrameworkCore.Database.Command[20100]
      Executing DbCommand [Parameters=[], CommandType='Text', CommandTimeout='30']
      CREATE INDEX "IX_ExerciseMuscleGroups_MuscleGroupId" ON "ExerciseMuscleGroups" ("MuscleGroupId");
info: Microsoft.EntityFrameworkCore.Database.Command[20101]
      Executed DbCommand (1ms) [Parameters=[], CommandType='Text', CommandTimeout='30']
      CREATE TABLE "ExerciseMuscleGroups" (
          "ExerciseId" uuid NOT NULL,
          "MuscleGroupId" uuid NOT NULL,
          "MuscleRoleId" uuid NOT NULL,
          CONSTRAINT "PK_ExerciseMuscleGroups" PRIMARY KEY ("ExerciseId", "MuscleGroupId"),
          CONSTRAINT "FK_ExerciseMuscleGroups_Exercises_ExerciseId" FOREIGN KEY ("ExerciseId") REFERENCES "Exercises" ("Id") ON DELETE CASCADE,
          CONSTRAINT "FK_ExerciseMuscleGroups_MuscleGroups_MuscleGroupId" FOREIGN KEY ("MuscleGroupId") REFERENCES "MuscleGroups" ("Id") ON DELETE CASCADE,
          CONSTRAINT "FK_ExerciseMuscleGroups_MuscleRoles_MuscleRoleId" FOREIGN KEY ("MuscleRoleId") REFERENCES "MuscleRoles" ("Id") ON DELETE CASCADE
      );
info: 7/12/2025 16:05:39.317 RelationalEventId.CommandExecuted[20101] (Microsoft.EntityFrameworkCore.Database.Command) 
      Executed DbCommand (1ms) [Parameters=[], CommandType='Text', CommandTimeout='30']
      CREATE TABLE "ExerciseMuscleGroups" (
          "ExerciseId" uuid NOT NULL,
          "MuscleGroupId" uuid NOT NULL,
          "MuscleRoleId" uuid NOT NULL,
          CONSTRAINT "PK_ExerciseMuscleGroups" PRIMARY KEY ("ExerciseId", "MuscleGroupId"),
          CONSTRAINT "FK_ExerciseMuscleGroups_Exercises_ExerciseId" FOREIGN KEY ("ExerciseId") REFERENCES "Exercises" ("Id") ON DELETE CASCADE,
          CONSTRAINT "FK_ExerciseMuscleGroups_MuscleGroups_MuscleGroupId" FOREIGN KEY ("MuscleGroupId") REFERENCES "MuscleGroups" ("Id") ON DELETE CASCADE,
          CONSTRAINT "FK_ExerciseMuscleGroups_MuscleRoles_MuscleRoleId" FOREIGN KEY ("MuscleRoleId") REFERENCES "MuscleRoles" ("Id") ON DELETE CASCADE
      );
dbug: Microsoft.EntityFrameworkCore.Database.Command[20103]
      Creating DbCommand for 'ExecuteNonQuery'.
dbug: Microsoft.EntityFrameworkCore.Database.Command[20104]
      Created DbCommand for 'ExecuteNonQuery' (0ms).
dbug: Microsoft.EntityFrameworkCore.Database.Command[20106]
      Initialized DbCommand for 'ExecuteNonQuery' (0ms).
dbug: Microsoft.EntityFrameworkCore.Database.Command[20100]
      Executing DbCommand [Parameters=[], CommandType='Text', CommandTimeout='30']
      CREATE UNIQUE INDEX "IX_Exercises_Name" ON "Exercises" ("Name");
info: Microsoft.EntityFrameworkCore.Database.Command[20101]
      Executed DbCommand (0ms) [Parameters=[], CommandType='Text', CommandTimeout='30']
      CREATE INDEX "IX_ExerciseMuscleGroups_MuscleGroupId" ON "ExerciseMuscleGroups" ("MuscleGroupId");
info: 7/12/2025 16:05:39.317 RelationalEventId.CommandExecuted[20101] (Microsoft.EntityFrameworkCore.Database.Command) 
      Executed DbCommand (0ms) [Parameters=[], CommandType='Text', CommandTimeout='30']
      CREATE INDEX "IX_ExerciseMuscleGroups_MuscleGroupId" ON "ExerciseMuscleGroups" ("MuscleGroupId");
dbug: Microsoft.EntityFrameworkCore.Database.Command[20103]
      Creating DbCommand for 'ExecuteNonQuery'.
dbug: Microsoft.EntityFrameworkCore.Database.Command[20104]
      Created DbCommand for 'ExecuteNonQuery' (0ms).
dbug: Microsoft.EntityFrameworkCore.Database.Command[20106]
      Initialized DbCommand for 'ExecuteNonQuery' (0ms).
dbug: Microsoft.EntityFrameworkCore.Database.Command[20100]
      Executing DbCommand [Parameters=[], CommandType='Text', CommandTimeout='30']
      CREATE INDEX "IX_ExerciseMuscleGroups_MuscleRoleId" ON "ExerciseMuscleGroups" ("MuscleRoleId");
info: Microsoft.EntityFrameworkCore.Database.Command[20101]
      Executed DbCommand (0ms) [Parameters=[], CommandType='Text', CommandTimeout='30']
      CREATE UNIQUE INDEX "IX_Exercises_Name" ON "Exercises" ("Name");
info: Microsoft.EntityFrameworkCore.Database.Command[20101]
      Executed DbCommand (0ms) [Parameters=[], CommandType='Text', CommandTimeout='30']
      CREATE INDEX "IX_ExerciseMuscleGroups_MuscleRoleId" ON "ExerciseMuscleGroups" ("MuscleRoleId");
info: 7/12/2025 16:05:39.317 RelationalEventId.CommandExecuted[20101] (Microsoft.EntityFrameworkCore.Database.Command) 
      Executed DbCommand (0ms) [Parameters=[], CommandType='Text', CommandTimeout='30']
      CREATE UNIQUE INDEX "IX_Exercises_Name" ON "Exercises" ("Name");
info: 7/12/2025 16:05:39.317 RelationalEventId.CommandExecuted[20101] (Microsoft.EntityFrameworkCore.Database.Command) 
      Executed DbCommand (0ms) [Parameters=[], CommandType='Text', CommandTimeout='30']
      CREATE INDEX "IX_ExerciseMuscleGroups_MuscleRoleId" ON "ExerciseMuscleGroups" ("MuscleRoleId");
dbug: Microsoft.EntityFrameworkCore.Database.Command[20103]
      Creating DbCommand for 'ExecuteNonQuery'.
dbug: Microsoft.EntityFrameworkCore.Database.Command[20104]
      Created DbCommand for 'ExecuteNonQuery' (0ms).
dbug: Microsoft.EntityFrameworkCore.Database.Command[20106]
      Initialized DbCommand for 'ExecuteNonQuery' (0ms).
dbug: Microsoft.EntityFrameworkCore.Database.Command[20103]
      Creating DbCommand for 'ExecuteNonQuery'.
dbug: Microsoft.EntityFrameworkCore.Database.Command[20104]
      Created DbCommand for 'ExecuteNonQuery' (0ms).
dbug: Microsoft.EntityFrameworkCore.Database.Command[20106]
      Initialized DbCommand for 'ExecuteNonQuery' (0ms).
dbug: Microsoft.EntityFrameworkCore.Database.Command[20100]
      Executing DbCommand [Parameters=[], CommandType='Text', CommandTimeout='30']
      ALTER TABLE "ExerciseMovementPatterns" ADD CONSTRAINT "FK_ExerciseMovementPatterns_MovementPatterns_MovementPatternId" FOREIGN KEY ("MovementPatternId") REFERENCES "MovementPatterns" ("Id") ON DELETE CASCADE;
dbug: Microsoft.EntityFrameworkCore.Database.Command[20100]
      Executing DbCommand [Parameters=[], CommandType='Text', CommandTimeout='30']
      CREATE INDEX "IX_ExerciseBodyParts_BodyPartId" ON "ExerciseBodyParts" ("BodyPartId");
info: Microsoft.EntityFrameworkCore.Database.Command[20101]
      Executed DbCommand (0ms) [Parameters=[], CommandType='Text', CommandTimeout='30']
      CREATE INDEX "IX_ExerciseBodyParts_BodyPartId" ON "ExerciseBodyParts" ("BodyPartId");
info: 7/12/2025 16:05:39.318 RelationalEventId.CommandExecuted[20101] (Microsoft.EntityFrameworkCore.Database.Command) 
      Executed DbCommand (0ms) [Parameters=[], CommandType='Text', CommandTimeout='30']
      CREATE INDEX "IX_ExerciseBodyParts_BodyPartId" ON "ExerciseBodyParts" ("BodyPartId");
dbug: Microsoft.EntityFrameworkCore.Database.Command[20103]
      Creating DbCommand for 'ExecuteNonQuery'.
dbug: Microsoft.EntityFrameworkCore.Database.Command[20104]
      Created DbCommand for 'ExecuteNonQuery' (0ms).
dbug: Microsoft.EntityFrameworkCore.Database.Command[20106]
      Initialized DbCommand for 'ExecuteNonQuery' (0ms).
dbug: Microsoft.EntityFrameworkCore.Database.Command[20100]
      Executing DbCommand [Parameters=[], CommandType='Text', CommandTimeout='30']
      CREATE INDEX "IX_ExerciseMuscleGroups_MuscleGroupId" ON "ExerciseMuscleGroups" ("MuscleGroupId");
info: Microsoft.EntityFrameworkCore.Database.Command[20101]
      Executed DbCommand (1ms) [Parameters=[], CommandType='Text', CommandTimeout='30']
      ALTER TABLE "ExerciseMovementPatterns" ADD CONSTRAINT "FK_ExerciseMovementPatterns_MovementPatterns_MovementPatternId" FOREIGN KEY ("MovementPatternId") REFERENCES "MovementPatterns" ("Id") ON DELETE CASCADE;
info: 7/12/2025 16:05:39.318 RelationalEventId.CommandExecuted[20101] (Microsoft.EntityFrameworkCore.Database.Command) 
      Executed DbCommand (1ms) [Parameters=[], CommandType='Text', CommandTimeout='30']
      ALTER TABLE "ExerciseMovementPatterns" ADD CONSTRAINT "FK_ExerciseMovementPatterns_MovementPatterns_MovementPatternId" FOREIGN KEY ("MovementPatternId") REFERENCES "MovementPatterns" ("Id") ON DELETE CASCADE;
dbug: Microsoft.EntityFrameworkCore.Database.Command[20103]
      Creating DbCommand for 'ExecuteNonQuery'.
dbug: Microsoft.EntityFrameworkCore.Database.Command[20104]
      Created DbCommand for 'ExecuteNonQuery' (0ms).
dbug: Microsoft.EntityFrameworkCore.Database.Command[20106]
      Initialized DbCommand for 'ExecuteNonQuery' (0ms).
dbug: Microsoft.EntityFrameworkCore.Database.Command[20100]
      Executing DbCommand [Parameters=[], CommandType='Text', CommandTimeout='30']
      ALTER TABLE "Exercises" ADD CONSTRAINT "FK_Exercises_DifficultyLevels_DifficultyId" FOREIGN KEY ("DifficultyId") REFERENCES "DifficultyLevels" ("Id") ON DELETE CASCADE;
info: 7/12/2025 16:05:39.318 RelationalEventId.CommandExecuted[20101] (Microsoft.EntityFrameworkCore.Database.Command) 
      Executed DbCommand (0ms) [Parameters=[], CommandType='Text', CommandTimeout='30']
      CREATE INDEX "IX_ExerciseMuscleGroups_MuscleGroupId" ON "ExerciseMuscleGroups" ("MuscleGroupId");
info: Microsoft.EntityFrameworkCore.Database.Command[20101]
      Executed DbCommand (0ms) [Parameters=[], CommandType='Text', CommandTimeout='30']
      CREATE INDEX "IX_ExerciseMuscleGroups_MuscleGroupId" ON "ExerciseMuscleGroups" ("MuscleGroupId");
dbug: Microsoft.EntityFrameworkCore.Database.Command[20103]
      Creating DbCommand for 'ExecuteNonQuery'.
dbug: Microsoft.EntityFrameworkCore.Database.Command[20104]
      Created DbCommand for 'ExecuteNonQuery' (0ms).
dbug: Microsoft.EntityFrameworkCore.Database.Command[20106]
      Initialized DbCommand for 'ExecuteNonQuery' (0ms).
dbug: Microsoft.EntityFrameworkCore.Database.Command[20100]
      Executing DbCommand [Parameters=[], CommandType='Text', CommandTimeout='30']
      CREATE INDEX "IX_ExerciseMuscleGroups_MuscleRoleId" ON "ExerciseMuscleGroups" ("MuscleRoleId");
info: Microsoft.EntityFrameworkCore.Database.Command[20101]
      Executed DbCommand (0ms) [Parameters=[], CommandType='Text', CommandTimeout='30']
      CREATE INDEX "IX_ExerciseMuscleGroups_MuscleRoleId" ON "ExerciseMuscleGroups" ("MuscleRoleId");
info: 7/12/2025 16:05:39.318 RelationalEventId.CommandExecuted[20101] (Microsoft.EntityFrameworkCore.Database.Command) 
      Executed DbCommand (0ms) [Parameters=[], CommandType='Text', CommandTimeout='30']
      CREATE INDEX "IX_ExerciseMuscleGroups_MuscleRoleId" ON "ExerciseMuscleGroups" ("MuscleRoleId");
dbug: Microsoft.EntityFrameworkCore.Database.Command[20103]
      Creating DbCommand for 'ExecuteNonQuery'.
dbug: Microsoft.EntityFrameworkCore.Database.Command[20104]
      Created DbCommand for 'ExecuteNonQuery' (0ms).
dbug: Microsoft.EntityFrameworkCore.Database.Command[20106]
      Initialized DbCommand for 'ExecuteNonQuery' (0ms).
dbug: Microsoft.EntityFrameworkCore.Database.Command[20100]
      Executing DbCommand [Parameters=[], CommandType='Text', CommandTimeout='30']
      ALTER TABLE "ExerciseMovementPatterns" ADD CONSTRAINT "FK_ExerciseMovementPatterns_MovementPatterns_MovementPatternId" FOREIGN KEY ("MovementPatternId") REFERENCES "MovementPatterns" ("Id") ON DELETE CASCADE;
info: Microsoft.EntityFrameworkCore.Database.Command[20101]
      Executed DbCommand (1ms) [Parameters=[], CommandType='Text', CommandTimeout='30']
      ALTER TABLE "Exercises" ADD CONSTRAINT "FK_Exercises_DifficultyLevels_DifficultyId" FOREIGN KEY ("DifficultyId") REFERENCES "DifficultyLevels" ("Id") ON DELETE CASCADE;
info: 7/12/2025 16:05:39.319 RelationalEventId.CommandExecuted[20101] (Microsoft.EntityFrameworkCore.Database.Command) 
      Executed DbCommand (1ms) [Parameters=[], CommandType='Text', CommandTimeout='30']
      ALTER TABLE "Exercises" ADD CONSTRAINT "FK_Exercises_DifficultyLevels_DifficultyId" FOREIGN KEY ("DifficultyId") REFERENCES "DifficultyLevels" ("Id") ON DELETE CASCADE;
dbug: Microsoft.EntityFrameworkCore.Database.Command[20103]
      Creating DbCommand for 'ExecuteNonQuery'.
dbug: Microsoft.EntityFrameworkCore.Database.Command[20104]
      Created DbCommand for 'ExecuteNonQuery' (0ms).
dbug: Microsoft.EntityFrameworkCore.Database.Command[20106]
      Initialized DbCommand for 'ExecuteNonQuery' (0ms).
dbug: Microsoft.EntityFrameworkCore.Database.Command[20100]
      Executing DbCommand [Parameters=[], CommandType='Text', CommandTimeout='30']
      ALTER TABLE "Exercises" ADD CONSTRAINT "FK_Exercises_KineticChainTypes_KineticChainTypeId" FOREIGN KEY ("KineticChainTypeId") REFERENCES "KineticChainTypes" ("Id");
info: Microsoft.EntityFrameworkCore.Database.Command[20101]
      Executed DbCommand (0ms) [Parameters=[], CommandType='Text', CommandTimeout='30']
      ALTER TABLE "ExerciseMovementPatterns" ADD CONSTRAINT "FK_ExerciseMovementPatterns_MovementPatterns_MovementPatternId" FOREIGN KEY ("MovementPatternId") REFERENCES "MovementPatterns" ("Id") ON DELETE CASCADE;
info: 7/12/2025 16:05:39.319 RelationalEventId.CommandExecuted[20101] (Microsoft.EntityFrameworkCore.Database.Command) 
      Executed DbCommand (0ms) [Parameters=[], CommandType='Text', CommandTimeout='30']
      ALTER TABLE "ExerciseMovementPatterns" ADD CONSTRAINT "FK_ExerciseMovementPatterns_MovementPatterns_MovementPatternId" FOREIGN KEY ("MovementPatternId") REFERENCES "MovementPatterns" ("Id") ON DELETE CASCADE;
dbug: Microsoft.EntityFrameworkCore.Database.Command[20103]
      Creating DbCommand for 'ExecuteNonQuery'.
dbug: Microsoft.EntityFrameworkCore.Database.Command[20104]
      Created DbCommand for 'ExecuteNonQuery' (0ms).
dbug: Microsoft.EntityFrameworkCore.Database.Command[20106]
      Initialized DbCommand for 'ExecuteNonQuery' (0ms).
dbug: Microsoft.EntityFrameworkCore.Database.Command[20100]
      Executing DbCommand [Parameters=[], CommandType='Text', CommandTimeout='30']
      ALTER TABLE "Exercises" ADD CONSTRAINT "FK_Exercises_DifficultyLevels_DifficultyId" FOREIGN KEY ("DifficultyId") REFERENCES "DifficultyLevels" ("Id") ON DELETE CASCADE;
info: Microsoft.EntityFrameworkCore.Database.Command[20101]
      Executed DbCommand (0ms) [Parameters=[], CommandType='Text', CommandTimeout='30']
      ALTER TABLE "Exercises" ADD CONSTRAINT "FK_Exercises_DifficultyLevels_DifficultyId" FOREIGN KEY ("DifficultyId") REFERENCES "DifficultyLevels" ("Id") ON DELETE CASCADE;
info: 7/12/2025 16:05:39.319 RelationalEventId.CommandExecuted[20101] (Microsoft.EntityFrameworkCore.Database.Command) 
      Executed DbCommand (0ms) [Parameters=[], CommandType='Text', CommandTimeout='30']
      ALTER TABLE "Exercises" ADD CONSTRAINT "FK_Exercises_DifficultyLevels_DifficultyId" FOREIGN KEY ("DifficultyId") REFERENCES "DifficultyLevels" ("Id") ON DELETE CASCADE;
dbug: Microsoft.EntityFrameworkCore.Database.Command[20103]
      Creating DbCommand for 'ExecuteNonQuery'.
dbug: Microsoft.EntityFrameworkCore.Database.Command[20104]
      Created DbCommand for 'ExecuteNonQuery' (0ms).
dbug: Microsoft.EntityFrameworkCore.Database.Command[20106]
      Initialized DbCommand for 'ExecuteNonQuery' (0ms).
dbug: Microsoft.EntityFrameworkCore.Database.Command[20100]
      Executing DbCommand [Parameters=[], CommandType='Text', CommandTimeout='30']
      ALTER TABLE "Exercises" ADD CONSTRAINT "FK_Exercises_KineticChainTypes_KineticChainTypeId" FOREIGN KEY ("KineticChainTypeId") REFERENCES "KineticChainTypes" ("Id");
info: Microsoft.EntityFrameworkCore.Database.Command[20101]
      Executed DbCommand (1ms) [Parameters=[], CommandType='Text', CommandTimeout='30']
      ALTER TABLE "Exercises" ADD CONSTRAINT "FK_Exercises_KineticChainTypes_KineticChainTypeId" FOREIGN KEY ("KineticChainTypeId") REFERENCES "KineticChainTypes" ("Id");
info: 7/12/2025 16:05:39.319 RelationalEventId.CommandExecuted[20101] (Microsoft.EntityFrameworkCore.Database.Command) 
      Executed DbCommand (1ms) [Parameters=[], CommandType='Text', CommandTimeout='30']
      ALTER TABLE "Exercises" ADD CONSTRAINT "FK_Exercises_KineticChainTypes_KineticChainTypeId" FOREIGN KEY ("KineticChainTypeId") REFERENCES "KineticChainTypes" ("Id");
dbug: Microsoft.EntityFrameworkCore.Database.Command[20103]
      Creating DbCommand for 'ExecuteNonQuery'.
dbug: Microsoft.EntityFrameworkCore.Database.Command[20104]
      Created DbCommand for 'ExecuteNonQuery' (0ms).
dbug: Microsoft.EntityFrameworkCore.Database.Command[20106]
      Initialized DbCommand for 'ExecuteNonQuery' (0ms).
dbug: Microsoft.EntityFrameworkCore.Database.Command[20100]
      Executing DbCommand [Parameters=[], CommandType='Text', CommandTimeout='30']
      INSERT INTO "__EFMigrationsHistory" ("MigrationId", "ProductVersion")
      VALUES ('20250626223647_AddExerciseEntityWithRelationships', '9.0.6');
info: Microsoft.EntityFrameworkCore.Database.Command[20101]
      Executed DbCommand (0ms) [Parameters=[], CommandType='Text', CommandTimeout='30']
      INSERT INTO "__EFMigrationsHistory" ("MigrationId", "ProductVersion")
      VALUES ('20250626223647_AddExerciseEntityWithRelationships', '9.0.6');
info: 7/12/2025 16:05:39.320 RelationalEventId.CommandExecuted[20101] (Microsoft.EntityFrameworkCore.Database.Command) 
      Executed DbCommand (0ms) [Parameters=[], CommandType='Text', CommandTimeout='30']
      INSERT INTO "__EFMigrationsHistory" ("MigrationId", "ProductVersion")
      VALUES ('20250626223647_AddExerciseEntityWithRelationships', '9.0.6');
info: Microsoft.EntityFrameworkCore.Migrations[20402]
      Applying migration '20250628001030_AddCoachNotesAndExerciseTypes'.
info: 7/12/2025 16:05:39.320 RelationalEventId.MigrationApplying[20402] (Microsoft.EntityFrameworkCore.Migrations) 
      Applying migration '20250628001030_AddCoachNotesAndExerciseTypes'.
info: Microsoft.EntityFrameworkCore.Database.Command[20101]
      Executed DbCommand (0ms) [Parameters=[], CommandType='Text', CommandTimeout='30']
      ALTER TABLE "Exercises" ADD CONSTRAINT "FK_Exercises_KineticChainTypes_KineticChainTypeId" FOREIGN KEY ("KineticChainTypeId") REFERENCES "KineticChainTypes" ("Id");
info: 7/12/2025 16:05:39.320 RelationalEventId.CommandExecuted[20101] (Microsoft.EntityFrameworkCore.Database.Command) 
      Executed DbCommand (0ms) [Parameters=[], CommandType='Text', CommandTimeout='30']
      ALTER TABLE "Exercises" ADD CONSTRAINT "FK_Exercises_KineticChainTypes_KineticChainTypeId" FOREIGN KEY ("KineticChainTypeId") REFERENCES "KineticChainTypes" ("Id");
dbug: Microsoft.EntityFrameworkCore.Database.Command[20103]
      Creating DbCommand for 'ExecuteNonQuery'.
dbug: Microsoft.EntityFrameworkCore.Database.Command[20104]
      Created DbCommand for 'ExecuteNonQuery' (0ms).
dbug: Microsoft.EntityFrameworkCore.Database.Command[20106]
      Initialized DbCommand for 'ExecuteNonQuery' (0ms).
dbug: Microsoft.EntityFrameworkCore.Database.Command[20100]
      Executing DbCommand [Parameters=[], CommandType='Text', CommandTimeout='30']
      INSERT INTO "__EFMigrationsHistory" ("MigrationId", "ProductVersion")
      VALUES ('20250626223647_AddExerciseEntityWithRelationships', '9.0.6');
info: Microsoft.EntityFrameworkCore.Database.Command[20101]
      Executed DbCommand (0ms) [Parameters=[], CommandType='Text', CommandTimeout='30']
      INSERT INTO "__EFMigrationsHistory" ("MigrationId", "ProductVersion")
      VALUES ('20250626223647_AddExerciseEntityWithRelationships', '9.0.6');
info: 7/12/2025 16:05:39.320 RelationalEventId.CommandExecuted[20101] (Microsoft.EntityFrameworkCore.Database.Command) 
      Executed DbCommand (0ms) [Parameters=[], CommandType='Text', CommandTimeout='30']
      INSERT INTO "__EFMigrationsHistory" ("MigrationId", "ProductVersion")
      VALUES ('20250626223647_AddExerciseEntityWithRelationships', '9.0.6');
info: Microsoft.EntityFrameworkCore.Migrations[20402]
      Applying migration '20250628001030_AddCoachNotesAndExerciseTypes'.
info: 7/12/2025 16:05:39.320 RelationalEventId.MigrationApplying[20402] (Microsoft.EntityFrameworkCore.Migrations) 
      Applying migration '20250628001030_AddCoachNotesAndExerciseTypes'.
dbug: Microsoft.EntityFrameworkCore.Database.Command[20103]
      Creating DbCommand for 'ExecuteNonQuery'.
dbug: Microsoft.EntityFrameworkCore.Database.Command[20104]
      Created DbCommand for 'ExecuteNonQuery' (0ms).
dbug: Microsoft.EntityFrameworkCore.Database.Command[20106]
      Initialized DbCommand for 'ExecuteNonQuery' (0ms).
dbug: Microsoft.EntityFrameworkCore.Database.Command[20103]
      Creating DbCommand for 'ExecuteNonQuery'.
dbug: Microsoft.EntityFrameworkCore.Database.Command[20100]
      Executing DbCommand [Parameters=[], CommandType='Text', CommandTimeout='30']
      ALTER TABLE "Exercises" DROP COLUMN "Instructions";
dbug: Microsoft.EntityFrameworkCore.Database.Command[20104]
      Created DbCommand for 'ExecuteNonQuery' (0ms).
dbug: Microsoft.EntityFrameworkCore.Database.Command[20106]
      Initialized DbCommand for 'ExecuteNonQuery' (0ms).
dbug: Microsoft.EntityFrameworkCore.Database.Command[20100]
      Executing DbCommand [Parameters=[], CommandType='Text', CommandTimeout='30']
      ALTER TABLE "Exercises" DROP COLUMN "Instructions";
info: Microsoft.EntityFrameworkCore.Database.Command[20101]
      Executed DbCommand (0ms) [Parameters=[], CommandType='Text', CommandTimeout='30']
      ALTER TABLE "Exercises" DROP COLUMN "Instructions";
info: 7/12/2025 16:05:39.331 RelationalEventId.CommandExecuted[20101] (Microsoft.EntityFrameworkCore.Database.Command) 
      Executed DbCommand (0ms) [Parameters=[], CommandType='Text', CommandTimeout='30']
      ALTER TABLE "Exercises" DROP COLUMN "Instructions";
dbug: Microsoft.EntityFrameworkCore.Database.Command[20103]
      Creating DbCommand for 'ExecuteNonQuery'.
dbug: Microsoft.EntityFrameworkCore.Database.Command[20104]
      Created DbCommand for 'ExecuteNonQuery' (0ms).
dbug: Microsoft.EntityFrameworkCore.Database.Command[20106]
      Initialized DbCommand for 'ExecuteNonQuery' (0ms).
dbug: Microsoft.EntityFrameworkCore.Database.Command[20100]
      Executing DbCommand [Parameters=[], CommandType='Text', CommandTimeout='30']
      CREATE TABLE "CoachNotes" (
          "Id" uuid NOT NULL,
          "ExerciseId" uuid NOT NULL,
          "Text" character varying(1000) NOT NULL,
          "Order" integer NOT NULL,
          CONSTRAINT "PK_CoachNotes" PRIMARY KEY ("Id"),
          CONSTRAINT "FK_CoachNotes_Exercises_ExerciseId" FOREIGN KEY ("ExerciseId") REFERENCES "Exercises" ("Id") ON DELETE CASCADE
      );
info: Microsoft.EntityFrameworkCore.Database.Command[20101]
      Executed DbCommand (1ms) [Parameters=[], CommandType='Text', CommandTimeout='30']
      ALTER TABLE "Exercises" DROP COLUMN "Instructions";
info: 7/12/2025 16:05:39.331 RelationalEventId.CommandExecuted[20101] (Microsoft.EntityFrameworkCore.Database.Command) 
      Executed DbCommand (1ms) [Parameters=[], CommandType='Text', CommandTimeout='30']
      ALTER TABLE "Exercises" DROP COLUMN "Instructions";
dbug: Microsoft.EntityFrameworkCore.Database.Command[20103]
      Creating DbCommand for 'ExecuteNonQuery'.
dbug: Microsoft.EntityFrameworkCore.Database.Command[20104]
      Created DbCommand for 'ExecuteNonQuery' (0ms).
dbug: Microsoft.EntityFrameworkCore.Database.Command[20106]
      Initialized DbCommand for 'ExecuteNonQuery' (0ms).
dbug: Microsoft.EntityFrameworkCore.Database.Command[20100]
      Executing DbCommand [Parameters=[], CommandType='Text', CommandTimeout='30']
      CREATE TABLE "CoachNotes" (
          "Id" uuid NOT NULL,
          "ExerciseId" uuid NOT NULL,
          "Text" character varying(1000) NOT NULL,
          "Order" integer NOT NULL,
          CONSTRAINT "PK_CoachNotes" PRIMARY KEY ("Id"),
          CONSTRAINT "FK_CoachNotes_Exercises_ExerciseId" FOREIGN KEY ("ExerciseId") REFERENCES "Exercises" ("Id") ON DELETE CASCADE
      );
info: Microsoft.EntityFrameworkCore.Database.Command[20101]
      Executed DbCommand (1ms) [Parameters=[], CommandType='Text', CommandTimeout='30']
      CREATE TABLE "CoachNotes" (
          "Id" uuid NOT NULL,
          "ExerciseId" uuid NOT NULL,
          "Text" character varying(1000) NOT NULL,
          "Order" integer NOT NULL,
          CONSTRAINT "PK_CoachNotes" PRIMARY KEY ("Id"),
          CONSTRAINT "FK_CoachNotes_Exercises_ExerciseId" FOREIGN KEY ("ExerciseId") REFERENCES "Exercises" ("Id") ON DELETE CASCADE
      );
info: 7/12/2025 16:05:39.332 RelationalEventId.CommandExecuted[20101] (Microsoft.EntityFrameworkCore.Database.Command) 
      Executed DbCommand (1ms) [Parameters=[], CommandType='Text', CommandTimeout='30']
      CREATE TABLE "CoachNotes" (
          "Id" uuid NOT NULL,
          "ExerciseId" uuid NOT NULL,
          "Text" character varying(1000) NOT NULL,
          "Order" integer NOT NULL,
          CONSTRAINT "PK_CoachNotes" PRIMARY KEY ("Id"),
          CONSTRAINT "FK_CoachNotes_Exercises_ExerciseId" FOREIGN KEY ("ExerciseId") REFERENCES "Exercises" ("Id") ON DELETE CASCADE
      );
dbug: Microsoft.EntityFrameworkCore.Database.Command[20103]
      Creating DbCommand for 'ExecuteNonQuery'.
dbug: Microsoft.EntityFrameworkCore.Database.Command[20104]
      Created DbCommand for 'ExecuteNonQuery' (0ms).
dbug: Microsoft.EntityFrameworkCore.Database.Command[20106]
      Initialized DbCommand for 'ExecuteNonQuery' (0ms).
dbug: Microsoft.EntityFrameworkCore.Database.Command[20100]
      Executing DbCommand [Parameters=[], CommandType='Text', CommandTimeout='30']
      CREATE TABLE "ExerciseTypes" (
          "Id" uuid NOT NULL,
          "Value" text NOT NULL,
          "Description" text,
          "DisplayOrder" integer NOT NULL,
          "IsActive" boolean NOT NULL,
          CONSTRAINT "PK_ExerciseTypes" PRIMARY KEY ("Id")
      );
info: Microsoft.EntityFrameworkCore.Database.Command[20101]
      Executed DbCommand (1ms) [Parameters=[], CommandType='Text', CommandTimeout='30']
      CREATE TABLE "CoachNotes" (
          "Id" uuid NOT NULL,
          "ExerciseId" uuid NOT NULL,
          "Text" character varying(1000) NOT NULL,
          "Order" integer NOT NULL,
          CONSTRAINT "PK_CoachNotes" PRIMARY KEY ("Id"),
          CONSTRAINT "FK_CoachNotes_Exercises_ExerciseId" FOREIGN KEY ("ExerciseId") REFERENCES "Exercises" ("Id") ON DELETE CASCADE
      );
info: 7/12/2025 16:05:39.332 RelationalEventId.CommandExecuted[20101] (Microsoft.EntityFrameworkCore.Database.Command) 
      Executed DbCommand (1ms) [Parameters=[], CommandType='Text', CommandTimeout='30']
      CREATE TABLE "CoachNotes" (
          "Id" uuid NOT NULL,
          "ExerciseId" uuid NOT NULL,
          "Text" character varying(1000) NOT NULL,
          "Order" integer NOT NULL,
          CONSTRAINT "PK_CoachNotes" PRIMARY KEY ("Id"),
          CONSTRAINT "FK_CoachNotes_Exercises_ExerciseId" FOREIGN KEY ("ExerciseId") REFERENCES "Exercises" ("Id") ON DELETE CASCADE
      );
dbug: Microsoft.EntityFrameworkCore.Database.Command[20103]
      Creating DbCommand for 'ExecuteNonQuery'.
dbug: Microsoft.EntityFrameworkCore.Database.Command[20104]
      Created DbCommand for 'ExecuteNonQuery' (0ms).
dbug: Microsoft.EntityFrameworkCore.Database.Command[20106]
      Initialized DbCommand for 'ExecuteNonQuery' (0ms).
dbug: Microsoft.EntityFrameworkCore.Database.Command[20100]
      Executing DbCommand [Parameters=[], CommandType='Text', CommandTimeout='30']
      CREATE TABLE "ExerciseTypes" (
          "Id" uuid NOT NULL,
          "Value" text NOT NULL,
          "Description" text,
          "DisplayOrder" integer NOT NULL,
          "IsActive" boolean NOT NULL,
          CONSTRAINT "PK_ExerciseTypes" PRIMARY KEY ("Id")
      );
info: Microsoft.EntityFrameworkCore.Database.Command[20101]
      Executed DbCommand (1ms) [Parameters=[], CommandType='Text', CommandTimeout='30']
      CREATE TABLE "ExerciseTypes" (
          "Id" uuid NOT NULL,
          "Value" text NOT NULL,
          "Description" text,
          "DisplayOrder" integer NOT NULL,
          "IsActive" boolean NOT NULL,
          CONSTRAINT "PK_ExerciseTypes" PRIMARY KEY ("Id")
      );
info: 7/12/2025 16:05:39.333 RelationalEventId.CommandExecuted[20101] (Microsoft.EntityFrameworkCore.Database.Command) 
      Executed DbCommand (1ms) [Parameters=[], CommandType='Text', CommandTimeout='30']
      CREATE TABLE "ExerciseTypes" (
          "Id" uuid NOT NULL,
          "Value" text NOT NULL,
          "Description" text,
          "DisplayOrder" integer NOT NULL,
          "IsActive" boolean NOT NULL,
          CONSTRAINT "PK_ExerciseTypes" PRIMARY KEY ("Id")
      );
dbug: Microsoft.EntityFrameworkCore.Database.Command[20103]
      Creating DbCommand for 'ExecuteNonQuery'.
dbug: Microsoft.EntityFrameworkCore.Database.Command[20104]
      Created DbCommand for 'ExecuteNonQuery' (0ms).
dbug: Microsoft.EntityFrameworkCore.Database.Command[20106]
      Initialized DbCommand for 'ExecuteNonQuery' (0ms).
dbug: Microsoft.EntityFrameworkCore.Database.Command[20100]
      Executing DbCommand [Parameters=[], CommandType='Text', CommandTimeout='30']
      CREATE TABLE "ExerciseExerciseTypes" (
          "ExerciseId" uuid NOT NULL,
          "ExerciseTypeId" uuid NOT NULL,
          CONSTRAINT "PK_ExerciseExerciseTypes" PRIMARY KEY ("ExerciseId", "ExerciseTypeId"),
          CONSTRAINT "FK_ExerciseExerciseTypes_ExerciseTypes_ExerciseTypeId" FOREIGN KEY ("ExerciseTypeId") REFERENCES "ExerciseTypes" ("Id") ON DELETE CASCADE,
          CONSTRAINT "FK_ExerciseExerciseTypes_Exercises_ExerciseId" FOREIGN KEY ("ExerciseId") REFERENCES "Exercises" ("Id") ON DELETE CASCADE
      );
info: Microsoft.EntityFrameworkCore.Database.Command[20101]
      Executed DbCommand (1ms) [Parameters=[], CommandType='Text', CommandTimeout='30']
      CREATE TABLE "ExerciseExerciseTypes" (
          "ExerciseId" uuid NOT NULL,
          "ExerciseTypeId" uuid NOT NULL,
          CONSTRAINT "PK_ExerciseExerciseTypes" PRIMARY KEY ("ExerciseId", "ExerciseTypeId"),
          CONSTRAINT "FK_ExerciseExerciseTypes_ExerciseTypes_ExerciseTypeId" FOREIGN KEY ("ExerciseTypeId") REFERENCES "ExerciseTypes" ("Id") ON DELETE CASCADE,
          CONSTRAINT "FK_ExerciseExerciseTypes_Exercises_ExerciseId" FOREIGN KEY ("ExerciseId") REFERENCES "Exercises" ("Id") ON DELETE CASCADE
      );
info: 7/12/2025 16:05:39.333 RelationalEventId.CommandExecuted[20101] (Microsoft.EntityFrameworkCore.Database.Command) 
      Executed DbCommand (1ms) [Parameters=[], CommandType='Text', CommandTimeout='30']
      CREATE TABLE "ExerciseExerciseTypes" (
          "ExerciseId" uuid NOT NULL,
          "ExerciseTypeId" uuid NOT NULL,
          CONSTRAINT "PK_ExerciseExerciseTypes" PRIMARY KEY ("ExerciseId", "ExerciseTypeId"),
          CONSTRAINT "FK_ExerciseExerciseTypes_ExerciseTypes_ExerciseTypeId" FOREIGN KEY ("ExerciseTypeId") REFERENCES "ExerciseTypes" ("Id") ON DELETE CASCADE,
          CONSTRAINT "FK_ExerciseExerciseTypes_Exercises_ExerciseId" FOREIGN KEY ("ExerciseId") REFERENCES "Exercises" ("Id") ON DELETE CASCADE
      );
dbug: Microsoft.EntityFrameworkCore.Database.Command[20103]
      Creating DbCommand for 'ExecuteNonQuery'.
dbug: Microsoft.EntityFrameworkCore.Database.Command[20104]
      Created DbCommand for 'ExecuteNonQuery' (0ms).
dbug: Microsoft.EntityFrameworkCore.Database.Command[20106]
      Initialized DbCommand for 'ExecuteNonQuery' (0ms).
dbug: Microsoft.EntityFrameworkCore.Database.Command[20100]
      Executing DbCommand [Parameters=[], CommandType='Text', CommandTimeout='30']
      INSERT INTO "ExerciseTypes" ("Id", "Description", "DisplayOrder", "IsActive", "Value")
      VALUES ('11223344-5566-7788-99aa-bbccddeeff00', 'Exercises performed to prepare the body for more intense activity', 1, TRUE, 'Warmup');
      INSERT INTO "ExerciseTypes" ("Id", "Description", "DisplayOrder", "IsActive", "Value")
      VALUES ('22334455-6677-8899-aabb-ccddeeff0011', 'Main exercises that form the core of the training session', 2, TRUE, 'Workout');
      INSERT INTO "ExerciseTypes" ("Id", "Description", "DisplayOrder", "IsActive", "Value")
      VALUES ('33445566-7788-99aa-bbcc-ddeeff001122', 'Exercises performed to help the body recover after intense activity', 3, TRUE, 'Cooldown');
      INSERT INTO "ExerciseTypes" ("Id", "Description", "DisplayOrder", "IsActive", "Value")
      VALUES ('44556677-8899-aabb-ccdd-eeff00112233', 'Periods of rest between exercises or sets - cannot be combined with other exercise types', 4, TRUE, 'Rest');
info: Microsoft.EntityFrameworkCore.Database.Command[20101]
      Executed DbCommand (2ms) [Parameters=[], CommandType='Text', CommandTimeout='30']
      CREATE TABLE "ExerciseTypes" (
          "Id" uuid NOT NULL,
          "Value" text NOT NULL,
          "Description" text,
          "DisplayOrder" integer NOT NULL,
          "IsActive" boolean NOT NULL,
          CONSTRAINT "PK_ExerciseTypes" PRIMARY KEY ("Id")
      );
info: 7/12/2025 16:05:39.334 RelationalEventId.CommandExecuted[20101] (Microsoft.EntityFrameworkCore.Database.Command) 
      Executed DbCommand (2ms) [Parameters=[], CommandType='Text', CommandTimeout='30']
      CREATE TABLE "ExerciseTypes" (
          "Id" uuid NOT NULL,
          "Value" text NOT NULL,
          "Description" text,
          "DisplayOrder" integer NOT NULL,
          "IsActive" boolean NOT NULL,
          CONSTRAINT "PK_ExerciseTypes" PRIMARY KEY ("Id")
      );
info: Microsoft.EntityFrameworkCore.Database.Command[20101]
      Executed DbCommand (0ms) [Parameters=[], CommandType='Text', CommandTimeout='30']
      INSERT INTO "ExerciseTypes" ("Id", "Description", "DisplayOrder", "IsActive", "Value")
      VALUES ('11223344-5566-7788-99aa-bbccddeeff00', 'Exercises performed to prepare the body for more intense activity', 1, TRUE, 'Warmup');
      INSERT INTO "ExerciseTypes" ("Id", "Description", "DisplayOrder", "IsActive", "Value")
      VALUES ('22334455-6677-8899-aabb-ccddeeff0011', 'Main exercises that form the core of the training session', 2, TRUE, 'Workout');
      INSERT INTO "ExerciseTypes" ("Id", "Description", "DisplayOrder", "IsActive", "Value")
      VALUES ('33445566-7788-99aa-bbcc-ddeeff001122', 'Exercises performed to help the body recover after intense activity', 3, TRUE, 'Cooldown');
      INSERT INTO "ExerciseTypes" ("Id", "Description", "DisplayOrder", "IsActive", "Value")
      VALUES ('44556677-8899-aabb-ccdd-eeff00112233', 'Periods of rest between exercises or sets - cannot be combined with other exercise types', 4, TRUE, 'Rest');
dbug: Microsoft.EntityFrameworkCore.Database.Command[20103]
      Creating DbCommand for 'ExecuteNonQuery'.
dbug: Microsoft.EntityFrameworkCore.Database.Command[20104]
      Created DbCommand for 'ExecuteNonQuery' (0ms).
info: 7/12/2025 16:05:39.334 RelationalEventId.CommandExecuted[20101] (Microsoft.EntityFrameworkCore.Database.Command) 
      Executed DbCommand (0ms) [Parameters=[], CommandType='Text', CommandTimeout='30']
      INSERT INTO "ExerciseTypes" ("Id", "Description", "DisplayOrder", "IsActive", "Value")
      VALUES ('11223344-5566-7788-99aa-bbccddeeff00', 'Exercises performed to prepare the body for more intense activity', 1, TRUE, 'Warmup');
      INSERT INTO "ExerciseTypes" ("Id", "Description", "DisplayOrder", "IsActive", "Value")
      VALUES ('22334455-6677-8899-aabb-ccddeeff0011', 'Main exercises that form the core of the training session', 2, TRUE, 'Workout');
      INSERT INTO "ExerciseTypes" ("Id", "Description", "DisplayOrder", "IsActive", "Value")
      VALUES ('33445566-7788-99aa-bbcc-ddeeff001122', 'Exercises performed to help the body recover after intense activity', 3, TRUE, 'Cooldown');
      INSERT INTO "ExerciseTypes" ("Id", "Description", "DisplayOrder", "IsActive", "Value")
      VALUES ('44556677-8899-aabb-ccdd-eeff00112233', 'Periods of rest between exercises or sets - cannot be combined with other exercise types', 4, TRUE, 'Rest');
dbug: Microsoft.EntityFrameworkCore.Database.Command[20106]
      Initialized DbCommand for 'ExecuteNonQuery' (0ms).
dbug: Microsoft.EntityFrameworkCore.Database.Command[20103]
      Creating DbCommand for 'ExecuteNonQuery'.
dbug: Microsoft.EntityFrameworkCore.Database.Command[20104]
      Created DbCommand for 'ExecuteNonQuery' (0ms).
dbug: Microsoft.EntityFrameworkCore.Database.Command[20106]
      Initialized DbCommand for 'ExecuteNonQuery' (0ms).
dbug: Microsoft.EntityFrameworkCore.Database.Command[20100]
      Executing DbCommand [Parameters=[], CommandType='Text', CommandTimeout='30']
      CREATE INDEX "IX_CoachNote_ExerciseId_Order" ON "CoachNotes" ("ExerciseId", "Order");
dbug: Microsoft.EntityFrameworkCore.Database.Command[20100]
      Executing DbCommand [Parameters=[], CommandType='Text', CommandTimeout='30']
      CREATE TABLE "ExerciseExerciseTypes" (
          "ExerciseId" uuid NOT NULL,
          "ExerciseTypeId" uuid NOT NULL,
          CONSTRAINT "PK_ExerciseExerciseTypes" PRIMARY KEY ("ExerciseId", "ExerciseTypeId"),
          CONSTRAINT "FK_ExerciseExerciseTypes_ExerciseTypes_ExerciseTypeId" FOREIGN KEY ("ExerciseTypeId") REFERENCES "ExerciseTypes" ("Id") ON DELETE CASCADE,
          CONSTRAINT "FK_ExerciseExerciseTypes_Exercises_ExerciseId" FOREIGN KEY ("ExerciseId") REFERENCES "Exercises" ("Id") ON DELETE CASCADE
      );
info: Microsoft.EntityFrameworkCore.Database.Command[20101]
      Executed DbCommand (0ms) [Parameters=[], CommandType='Text', CommandTimeout='30']
      CREATE INDEX "IX_CoachNote_ExerciseId_Order" ON "CoachNotes" ("ExerciseId", "Order");
info: 7/12/2025 16:05:39.334 RelationalEventId.CommandExecuted[20101] (Microsoft.EntityFrameworkCore.Database.Command) 
      Executed DbCommand (0ms) [Parameters=[], CommandType='Text', CommandTimeout='30']
      CREATE INDEX "IX_CoachNote_ExerciseId_Order" ON "CoachNotes" ("ExerciseId", "Order");
dbug: Microsoft.EntityFrameworkCore.Database.Command[20103]
      Creating DbCommand for 'ExecuteNonQuery'.
dbug: Microsoft.EntityFrameworkCore.Database.Command[20104]
      Created DbCommand for 'ExecuteNonQuery' (0ms).
dbug: Microsoft.EntityFrameworkCore.Database.Command[20106]
      Initialized DbCommand for 'ExecuteNonQuery' (0ms).
dbug: Microsoft.EntityFrameworkCore.Database.Command[20100]
      Executing DbCommand [Parameters=[], CommandType='Text', CommandTimeout='30']
      CREATE INDEX "IX_ExerciseExerciseTypes_ExerciseTypeId" ON "ExerciseExerciseTypes" ("ExerciseTypeId");
info: Microsoft.EntityFrameworkCore.Database.Command[20101]
      Executed DbCommand (0ms) [Parameters=[], CommandType='Text', CommandTimeout='30']
      CREATE INDEX "IX_ExerciseExerciseTypes_ExerciseTypeId" ON "ExerciseExerciseTypes" ("ExerciseTypeId");
info: 7/12/2025 16:05:39.334 RelationalEventId.CommandExecuted[20101] (Microsoft.EntityFrameworkCore.Database.Command) 
      Executed DbCommand (0ms) [Parameters=[], CommandType='Text', CommandTimeout='30']
      CREATE INDEX "IX_ExerciseExerciseTypes_ExerciseTypeId" ON "ExerciseExerciseTypes" ("ExerciseTypeId");
dbug: Microsoft.EntityFrameworkCore.Database.Command[20103]
      Creating DbCommand for 'ExecuteNonQuery'.
dbug: Microsoft.EntityFrameworkCore.Database.Command[20104]
      Created DbCommand for 'ExecuteNonQuery' (0ms).
dbug: Microsoft.EntityFrameworkCore.Database.Command[20106]
      Initialized DbCommand for 'ExecuteNonQuery' (0ms).
dbug: Microsoft.EntityFrameworkCore.Database.Command[20100]
      Executing DbCommand [Parameters=[], CommandType='Text', CommandTimeout='30']
      INSERT INTO "__EFMigrationsHistory" ("MigrationId", "ProductVersion")
      VALUES ('20250628001030_AddCoachNotesAndExerciseTypes', '9.0.6');
info: Microsoft.EntityFrameworkCore.Database.Command[20101]
      Executed DbCommand (0ms) [Parameters=[], CommandType='Text', CommandTimeout='30']
      INSERT INTO "__EFMigrationsHistory" ("MigrationId", "ProductVersion")
      VALUES ('20250628001030_AddCoachNotesAndExerciseTypes', '9.0.6');
info: 7/12/2025 16:05:39.334 RelationalEventId.CommandExecuted[20101] (Microsoft.EntityFrameworkCore.Database.Command) 
      Executed DbCommand (0ms) [Parameters=[], CommandType='Text', CommandTimeout='30']
      INSERT INTO "__EFMigrationsHistory" ("MigrationId", "ProductVersion")
      VALUES ('20250628001030_AddCoachNotesAndExerciseTypes', '9.0.6');
info: Microsoft.EntityFrameworkCore.Migrations[20402]
      Applying migration '20250629125752_AddCrudFieldsToMuscleGroup'.
info: 7/12/2025 16:05:39.335 RelationalEventId.MigrationApplying[20402] (Microsoft.EntityFrameworkCore.Migrations) 
      Applying migration '20250629125752_AddCrudFieldsToMuscleGroup'.
info: Microsoft.EntityFrameworkCore.Database.Command[20101]
      Executed DbCommand (1ms) [Parameters=[], CommandType='Text', CommandTimeout='30']
      CREATE TABLE "ExerciseExerciseTypes" (
          "ExerciseId" uuid NOT NULL,
          "ExerciseTypeId" uuid NOT NULL,
          CONSTRAINT "PK_ExerciseExerciseTypes" PRIMARY KEY ("ExerciseId", "ExerciseTypeId"),
          CONSTRAINT "FK_ExerciseExerciseTypes_ExerciseTypes_ExerciseTypeId" FOREIGN KEY ("ExerciseTypeId") REFERENCES "ExerciseTypes" ("Id") ON DELETE CASCADE,
          CONSTRAINT "FK_ExerciseExerciseTypes_Exercises_ExerciseId" FOREIGN KEY ("ExerciseId") REFERENCES "Exercises" ("Id") ON DELETE CASCADE
      );
info: 7/12/2025 16:05:39.335 RelationalEventId.CommandExecuted[20101] (Microsoft.EntityFrameworkCore.Database.Command) 
      Executed DbCommand (1ms) [Parameters=[], CommandType='Text', CommandTimeout='30']
      CREATE TABLE "ExerciseExerciseTypes" (
          "ExerciseId" uuid NOT NULL,
          "ExerciseTypeId" uuid NOT NULL,
          CONSTRAINT "PK_ExerciseExerciseTypes" PRIMARY KEY ("ExerciseId", "ExerciseTypeId"),
          CONSTRAINT "FK_ExerciseExerciseTypes_ExerciseTypes_ExerciseTypeId" FOREIGN KEY ("ExerciseTypeId") REFERENCES "ExerciseTypes" ("Id") ON DELETE CASCADE,
          CONSTRAINT "FK_ExerciseExerciseTypes_Exercises_ExerciseId" FOREIGN KEY ("ExerciseId") REFERENCES "Exercises" ("Id") ON DELETE CASCADE
      );
dbug: Microsoft.EntityFrameworkCore.Database.Command[20103]
      Creating DbCommand for 'ExecuteNonQuery'.
dbug: Microsoft.EntityFrameworkCore.Database.Command[20104]
      Created DbCommand for 'ExecuteNonQuery' (0ms).
dbug: Microsoft.EntityFrameworkCore.Database.Command[20106]
      Initialized DbCommand for 'ExecuteNonQuery' (0ms).
dbug: Microsoft.EntityFrameworkCore.Database.Command[20100]
      Executing DbCommand [Parameters=[], CommandType='Text', CommandTimeout='30']
      INSERT INTO "ExerciseTypes" ("Id", "Description", "DisplayOrder", "IsActive", "Value")
      VALUES ('11223344-5566-7788-99aa-bbccddeeff00', 'Exercises performed to prepare the body for more intense activity', 1, TRUE, 'Warmup');
      INSERT INTO "ExerciseTypes" ("Id", "Description", "DisplayOrder", "IsActive", "Value")
      VALUES ('22334455-6677-8899-aabb-ccddeeff0011', 'Main exercises that form the core of the training session', 2, TRUE, 'Workout');
      INSERT INTO "ExerciseTypes" ("Id", "Description", "DisplayOrder", "IsActive", "Value")
      VALUES ('33445566-7788-99aa-bbcc-ddeeff001122', 'Exercises performed to help the body recover after intense activity', 3, TRUE, 'Cooldown');
      INSERT INTO "ExerciseTypes" ("Id", "Description", "DisplayOrder", "IsActive", "Value")
      VALUES ('44556677-8899-aabb-ccdd-eeff00112233', 'Periods of rest between exercises or sets - cannot be combined with other exercise types', 4, TRUE, 'Rest');
info: Microsoft.EntityFrameworkCore.Database.Command[20101]
      Executed DbCommand (0ms) [Parameters=[], CommandType='Text', CommandTimeout='30']
      INSERT INTO "ExerciseTypes" ("Id", "Description", "DisplayOrder", "IsActive", "Value")
      VALUES ('11223344-5566-7788-99aa-bbccddeeff00', 'Exercises performed to prepare the body for more intense activity', 1, TRUE, 'Warmup');
      INSERT INTO "ExerciseTypes" ("Id", "Description", "DisplayOrder", "IsActive", "Value")
      VALUES ('22334455-6677-8899-aabb-ccddeeff0011', 'Main exercises that form the core of the training session', 2, TRUE, 'Workout');
      INSERT INTO "ExerciseTypes" ("Id", "Description", "DisplayOrder", "IsActive", "Value")
      VALUES ('33445566-7788-99aa-bbcc-ddeeff001122', 'Exercises performed to help the body recover after intense activity', 3, TRUE, 'Cooldown');
      INSERT INTO "ExerciseTypes" ("Id", "Description", "DisplayOrder", "IsActive", "Value")
      VALUES ('44556677-8899-aabb-ccdd-eeff00112233', 'Periods of rest between exercises or sets - cannot be combined with other exercise types', 4, TRUE, 'Rest');
info: 7/12/2025 16:05:39.335 RelationalEventId.CommandExecuted[20101] (Microsoft.EntityFrameworkCore.Database.Command) 
      Executed DbCommand (0ms) [Parameters=[], CommandType='Text', CommandTimeout='30']
      INSERT INTO "ExerciseTypes" ("Id", "Description", "DisplayOrder", "IsActive", "Value")
      VALUES ('11223344-5566-7788-99aa-bbccddeeff00', 'Exercises performed to prepare the body for more intense activity', 1, TRUE, 'Warmup');
      INSERT INTO "ExerciseTypes" ("Id", "Description", "DisplayOrder", "IsActive", "Value")
      VALUES ('22334455-6677-8899-aabb-ccddeeff0011', 'Main exercises that form the core of the training session', 2, TRUE, 'Workout');
      INSERT INTO "ExerciseTypes" ("Id", "Description", "DisplayOrder", "IsActive", "Value")
      VALUES ('33445566-7788-99aa-bbcc-ddeeff001122', 'Exercises performed to help the body recover after intense activity', 3, TRUE, 'Cooldown');
      INSERT INTO "ExerciseTypes" ("Id", "Description", "DisplayOrder", "IsActive", "Value")
      VALUES ('44556677-8899-aabb-ccdd-eeff00112233', 'Periods of rest between exercises or sets - cannot be combined with other exercise types', 4, TRUE, 'Rest');
dbug: Microsoft.EntityFrameworkCore.Database.Command[20103]
      Creating DbCommand for 'ExecuteNonQuery'.
dbug: Microsoft.EntityFrameworkCore.Database.Command[20104]
      Created DbCommand for 'ExecuteNonQuery' (0ms).
dbug: Microsoft.EntityFrameworkCore.Database.Command[20106]
      Initialized DbCommand for 'ExecuteNonQuery' (0ms).
dbug: Microsoft.EntityFrameworkCore.Database.Command[20100]
      Executing DbCommand [Parameters=[], CommandType='Text', CommandTimeout='30']
      CREATE INDEX "IX_CoachNote_ExerciseId_Order" ON "CoachNotes" ("ExerciseId", "Order");
info: Microsoft.EntityFrameworkCore.Database.Command[20101]
      Executed DbCommand (1ms) [Parameters=[], CommandType='Text', CommandTimeout='30']
      CREATE INDEX "IX_CoachNote_ExerciseId_Order" ON "CoachNotes" ("ExerciseId", "Order");
info: 7/12/2025 16:05:39.336 RelationalEventId.CommandExecuted[20101] (Microsoft.EntityFrameworkCore.Database.Command) 
      Executed DbCommand (1ms) [Parameters=[], CommandType='Text', CommandTimeout='30']
      CREATE INDEX "IX_CoachNote_ExerciseId_Order" ON "CoachNotes" ("ExerciseId", "Order");
dbug: Microsoft.EntityFrameworkCore.Database.Command[20103]
      Creating DbCommand for 'ExecuteNonQuery'.
dbug: Microsoft.EntityFrameworkCore.Database.Command[20104]
      Created DbCommand for 'ExecuteNonQuery' (0ms).
dbug: Microsoft.EntityFrameworkCore.Database.Command[20106]
      Initialized DbCommand for 'ExecuteNonQuery' (0ms).
dbug: Microsoft.EntityFrameworkCore.Database.Command[20100]
      Executing DbCommand [Parameters=[], CommandType='Text', CommandTimeout='30']
      CREATE INDEX "IX_ExerciseExerciseTypes_ExerciseTypeId" ON "ExerciseExerciseTypes" ("ExerciseTypeId");
info: Microsoft.EntityFrameworkCore.Database.Command[20101]
      Executed DbCommand (1ms) [Parameters=[], CommandType='Text', CommandTimeout='30']
      CREATE INDEX "IX_ExerciseExerciseTypes_ExerciseTypeId" ON "ExerciseExerciseTypes" ("ExerciseTypeId");
info: 7/12/2025 16:05:39.337 RelationalEventId.CommandExecuted[20101] (Microsoft.EntityFrameworkCore.Database.Command) 
      Executed DbCommand (1ms) [Parameters=[], CommandType='Text', CommandTimeout='30']
      CREATE INDEX "IX_ExerciseExerciseTypes_ExerciseTypeId" ON "ExerciseExerciseTypes" ("ExerciseTypeId");
dbug: Microsoft.EntityFrameworkCore.Database.Command[20103]
      Creating DbCommand for 'ExecuteNonQuery'.
dbug: Microsoft.EntityFrameworkCore.Database.Command[20104]
      Created DbCommand for 'ExecuteNonQuery' (0ms).
dbug: Microsoft.EntityFrameworkCore.Database.Command[20106]
      Initialized DbCommand for 'ExecuteNonQuery' (0ms).
dbug: Microsoft.EntityFrameworkCore.Database.Command[20100]
      Executing DbCommand [Parameters=[], CommandType='Text', CommandTimeout='30']
      INSERT INTO "__EFMigrationsHistory" ("MigrationId", "ProductVersion")
      VALUES ('20250628001030_AddCoachNotesAndExerciseTypes', '9.0.6');
info: Microsoft.EntityFrameworkCore.Database.Command[20101]
      Executed DbCommand (0ms) [Parameters=[], CommandType='Text', CommandTimeout='30']
      INSERT INTO "__EFMigrationsHistory" ("MigrationId", "ProductVersion")
      VALUES ('20250628001030_AddCoachNotesAndExerciseTypes', '9.0.6');
info: 7/12/2025 16:05:39.337 RelationalEventId.CommandExecuted[20101] (Microsoft.EntityFrameworkCore.Database.Command) 
      Executed DbCommand (0ms) [Parameters=[], CommandType='Text', CommandTimeout='30']
      INSERT INTO "__EFMigrationsHistory" ("MigrationId", "ProductVersion")
      VALUES ('20250628001030_AddCoachNotesAndExerciseTypes', '9.0.6');
info: Microsoft.EntityFrameworkCore.Migrations[20402]
      Applying migration '20250629125752_AddCrudFieldsToMuscleGroup'.
info: 7/12/2025 16:05:39.337 RelationalEventId.MigrationApplying[20402] (Microsoft.EntityFrameworkCore.Migrations) 
      Applying migration '20250629125752_AddCrudFieldsToMuscleGroup'.
dbug: Microsoft.EntityFrameworkCore.Database.Command[20103]
      Creating DbCommand for 'ExecuteNonQuery'.
dbug: Microsoft.EntityFrameworkCore.Database.Command[20103]
      Creating DbCommand for 'ExecuteNonQuery'.
dbug: Microsoft.EntityFrameworkCore.Database.Command[20104]
      Created DbCommand for 'ExecuteNonQuery' (0ms).
dbug: Microsoft.EntityFrameworkCore.Database.Command[20104]
      Created DbCommand for 'ExecuteNonQuery' (0ms).
dbug: Microsoft.EntityFrameworkCore.Database.Command[20106]
      Initialized DbCommand for 'ExecuteNonQuery' (0ms).
dbug: Microsoft.EntityFrameworkCore.Database.Command[20100]
      Executing DbCommand [Parameters=[], CommandType='Text', CommandTimeout='30']
      ALTER TABLE "MuscleGroups" ALTER COLUMN "Name" TYPE character varying(100);
dbug: Microsoft.EntityFrameworkCore.Database.Command[20106]
      Initialized DbCommand for 'ExecuteNonQuery' (0ms).
dbug: Microsoft.EntityFrameworkCore.Database.Command[20100]
      Executing DbCommand [Parameters=[], CommandType='Text', CommandTimeout='30']
      ALTER TABLE "MuscleGroups" ALTER COLUMN "Name" TYPE character varying(100);
info: Microsoft.EntityFrameworkCore.Database.Command[20101]
      Executed DbCommand (1ms) [Parameters=[], CommandType='Text', CommandTimeout='30']
      ALTER TABLE "MuscleGroups" ALTER COLUMN "Name" TYPE character varying(100);
info: 7/12/2025 16:05:39.346 RelationalEventId.CommandExecuted[20101] (Microsoft.EntityFrameworkCore.Database.Command) 
      Executed DbCommand (1ms) [Parameters=[], CommandType='Text', CommandTimeout='30']
      ALTER TABLE "MuscleGroups" ALTER COLUMN "Name" TYPE character varying(100);
info: Microsoft.EntityFrameworkCore.Database.Command[20101]
      Executed DbCommand (1ms) [Parameters=[], CommandType='Text', CommandTimeout='30']
      ALTER TABLE "MuscleGroups" ALTER COLUMN "Name" TYPE character varying(100);
info: 7/12/2025 16:05:39.346 RelationalEventId.CommandExecuted[20101] (Microsoft.EntityFrameworkCore.Database.Command) 
      Executed DbCommand (1ms) [Parameters=[], CommandType='Text', CommandTimeout='30']
      ALTER TABLE "MuscleGroups" ALTER COLUMN "Name" TYPE character varying(100);
dbug: Microsoft.EntityFrameworkCore.Database.Command[20103]
      Creating DbCommand for 'ExecuteNonQuery'.
dbug: Microsoft.EntityFrameworkCore.Database.Command[20104]
      Created DbCommand for 'ExecuteNonQuery' (0ms).
dbug: Microsoft.EntityFrameworkCore.Database.Command[20106]
      Initialized DbCommand for 'ExecuteNonQuery' (0ms).
dbug: Microsoft.EntityFrameworkCore.Database.Command[20103]
      Creating DbCommand for 'ExecuteNonQuery'.
dbug: Microsoft.EntityFrameworkCore.Database.Command[20104]
      Created DbCommand for 'ExecuteNonQuery' (0ms).
dbug: Microsoft.EntityFrameworkCore.Database.Command[20100]
      Executing DbCommand [Parameters=[], CommandType='Text', CommandTimeout='30']
      ALTER TABLE "MuscleGroups" ADD "CreatedAt" timestamp with time zone NOT NULL DEFAULT TIMESTAMPTZ '2025-01-29T00:00:00Z';
dbug: Microsoft.EntityFrameworkCore.Database.Command[20106]
      Initialized DbCommand for 'ExecuteNonQuery' (0ms).
dbug: Microsoft.EntityFrameworkCore.Database.Command[20100]
      Executing DbCommand [Parameters=[], CommandType='Text', CommandTimeout='30']
      ALTER TABLE "MuscleGroups" ADD "CreatedAt" timestamp with time zone NOT NULL DEFAULT TIMESTAMPTZ '2025-01-29T00:00:00Z';
info: Microsoft.EntityFrameworkCore.Database.Command[20101]
      Executed DbCommand (0ms) [Parameters=[], CommandType='Text', CommandTimeout='30']
      ALTER TABLE "MuscleGroups" ADD "CreatedAt" timestamp with time zone NOT NULL DEFAULT TIMESTAMPTZ '2025-01-29T00:00:00Z';
info: Microsoft.EntityFrameworkCore.Database.Command[20101]
      Executed DbCommand (0ms) [Parameters=[], CommandType='Text', CommandTimeout='30']
      ALTER TABLE "MuscleGroups" ADD "CreatedAt" timestamp with time zone NOT NULL DEFAULT TIMESTAMPTZ '2025-01-29T00:00:00Z';
info: 7/12/2025 16:05:39.346 RelationalEventId.CommandExecuted[20101] (Microsoft.EntityFrameworkCore.Database.Command) 
      Executed DbCommand (0ms) [Parameters=[], CommandType='Text', CommandTimeout='30']
      ALTER TABLE "MuscleGroups" ADD "CreatedAt" timestamp with time zone NOT NULL DEFAULT TIMESTAMPTZ '2025-01-29T00:00:00Z';
info: 7/12/2025 16:05:39.346 RelationalEventId.CommandExecuted[20101] (Microsoft.EntityFrameworkCore.Database.Command) 
      Executed DbCommand (0ms) [Parameters=[], CommandType='Text', CommandTimeout='30']
      ALTER TABLE "MuscleGroups" ADD "CreatedAt" timestamp with time zone NOT NULL DEFAULT TIMESTAMPTZ '2025-01-29T00:00:00Z';
dbug: Microsoft.EntityFrameworkCore.Database.Command[20103]
      Creating DbCommand for 'ExecuteNonQuery'.
dbug: Microsoft.EntityFrameworkCore.Database.Command[20104]
      Created DbCommand for 'ExecuteNonQuery' (0ms).
dbug: Microsoft.EntityFrameworkCore.Database.Command[20106]
      Initialized DbCommand for 'ExecuteNonQuery' (0ms).
dbug: Microsoft.EntityFrameworkCore.Database.Command[20100]
      Executing DbCommand [Parameters=[], CommandType='Text', CommandTimeout='30']
      ALTER TABLE "MuscleGroups" ADD "IsActive" boolean NOT NULL DEFAULT TRUE;
dbug: Microsoft.EntityFrameworkCore.Database.Command[20103]
      Creating DbCommand for 'ExecuteNonQuery'.
dbug: Microsoft.EntityFrameworkCore.Database.Command[20104]
      Created DbCommand for 'ExecuteNonQuery' (0ms).
dbug: Microsoft.EntityFrameworkCore.Database.Command[20106]
      Initialized DbCommand for 'ExecuteNonQuery' (0ms).
dbug: Microsoft.EntityFrameworkCore.Database.Command[20100]
      Executing DbCommand [Parameters=[], CommandType='Text', CommandTimeout='30']
      ALTER TABLE "MuscleGroups" ADD "IsActive" boolean NOT NULL DEFAULT TRUE;
info: Microsoft.EntityFrameworkCore.Database.Command[20101]
      Executed DbCommand (0ms) [Parameters=[], CommandType='Text', CommandTimeout='30']
      ALTER TABLE "MuscleGroups" ADD "IsActive" boolean NOT NULL DEFAULT TRUE;
info: 7/12/2025 16:05:39.347 RelationalEventId.CommandExecuted[20101] (Microsoft.EntityFrameworkCore.Database.Command) 
      Executed DbCommand (0ms) [Parameters=[], CommandType='Text', CommandTimeout='30']
      ALTER TABLE "MuscleGroups" ADD "IsActive" boolean NOT NULL DEFAULT TRUE;
dbug: Microsoft.EntityFrameworkCore.Database.Command[20103]
      Creating DbCommand for 'ExecuteNonQuery'.
dbug: Microsoft.EntityFrameworkCore.Database.Command[20104]
      Created DbCommand for 'ExecuteNonQuery' (0ms).
dbug: Microsoft.EntityFrameworkCore.Database.Command[20106]
      Initialized DbCommand for 'ExecuteNonQuery' (0ms).
dbug: Microsoft.EntityFrameworkCore.Database.Command[20100]
      Executing DbCommand [Parameters=[], CommandType='Text', CommandTimeout='30']
      ALTER TABLE "MuscleGroups" ADD "UpdatedAt" timestamp with time zone;
info: Microsoft.EntityFrameworkCore.Database.Command[20101]
      Executed DbCommand (0ms) [Parameters=[], CommandType='Text', CommandTimeout='30']
      ALTER TABLE "MuscleGroups" ADD "IsActive" boolean NOT NULL DEFAULT TRUE;
info: 7/12/2025 16:05:39.347 RelationalEventId.CommandExecuted[20101] (Microsoft.EntityFrameworkCore.Database.Command) 
      Executed DbCommand (0ms) [Parameters=[], CommandType='Text', CommandTimeout='30']
      ALTER TABLE "MuscleGroups" ADD "IsActive" boolean NOT NULL DEFAULT TRUE;
dbug: Microsoft.EntityFrameworkCore.Database.Command[20103]
      Creating DbCommand for 'ExecuteNonQuery'.
dbug: Microsoft.EntityFrameworkCore.Database.Command[20104]
      Created DbCommand for 'ExecuteNonQuery' (0ms).
dbug: Microsoft.EntityFrameworkCore.Database.Command[20106]
      Initialized DbCommand for 'ExecuteNonQuery' (0ms).
dbug: Microsoft.EntityFrameworkCore.Database.Command[20100]
      Executing DbCommand [Parameters=[], CommandType='Text', CommandTimeout='30']
      ALTER TABLE "MuscleGroups" ADD "UpdatedAt" timestamp with time zone;
info: Microsoft.EntityFrameworkCore.Database.Command[20101]
      Executed DbCommand (0ms) [Parameters=[], CommandType='Text', CommandTimeout='30']
      ALTER TABLE "MuscleGroups" ADD "UpdatedAt" timestamp with time zone;
info: 7/12/2025 16:05:39.347 RelationalEventId.CommandExecuted[20101] (Microsoft.EntityFrameworkCore.Database.Command) 
      Executed DbCommand (0ms) [Parameters=[], CommandType='Text', CommandTimeout='30']
      ALTER TABLE "MuscleGroups" ADD "UpdatedAt" timestamp with time zone;
dbug: Microsoft.EntityFrameworkCore.Database.Command[20103]
      Creating DbCommand for 'ExecuteNonQuery'.
dbug: Microsoft.EntityFrameworkCore.Database.Command[20104]
      Created DbCommand for 'ExecuteNonQuery' (0ms).
dbug: Microsoft.EntityFrameworkCore.Database.Command[20106]
      Initialized DbCommand for 'ExecuteNonQuery' (0ms).
dbug: Microsoft.EntityFrameworkCore.Database.Command[20100]
      Executing DbCommand [Parameters=[], CommandType='Text', CommandTimeout='30']
      CREATE INDEX "IX_MuscleGroup_Name_IsActive" ON "MuscleGroups" ("Name", "IsActive");
info: Microsoft.EntityFrameworkCore.Database.Command[20101]
      Executed DbCommand (0ms) [Parameters=[], CommandType='Text', CommandTimeout='30']
      ALTER TABLE "MuscleGroups" ADD "UpdatedAt" timestamp with time zone;
info: 7/12/2025 16:05:39.347 RelationalEventId.CommandExecuted[20101] (Microsoft.EntityFrameworkCore.Database.Command) 
      Executed DbCommand (0ms) [Parameters=[], CommandType='Text', CommandTimeout='30']
      ALTER TABLE "MuscleGroups" ADD "UpdatedAt" timestamp with time zone;
dbug: Microsoft.EntityFrameworkCore.Database.Command[20103]
      Creating DbCommand for 'ExecuteNonQuery'.
dbug: Microsoft.EntityFrameworkCore.Database.Command[20104]
      Created DbCommand for 'ExecuteNonQuery' (0ms).
dbug: Microsoft.EntityFrameworkCore.Database.Command[20106]
      Initialized DbCommand for 'ExecuteNonQuery' (0ms).
dbug: Microsoft.EntityFrameworkCore.Database.Command[20100]
      Executing DbCommand [Parameters=[], CommandType='Text', CommandTimeout='30']
      CREATE INDEX "IX_MuscleGroup_Name_IsActive" ON "MuscleGroups" ("Name", "IsActive");
info: Microsoft.EntityFrameworkCore.Database.Command[20101]
      Executed DbCommand (0ms) [Parameters=[], CommandType='Text', CommandTimeout='30']
      CREATE INDEX "IX_MuscleGroup_Name_IsActive" ON "MuscleGroups" ("Name", "IsActive");
info: 7/12/2025 16:05:39.347 RelationalEventId.CommandExecuted[20101] (Microsoft.EntityFrameworkCore.Database.Command) 
      Executed DbCommand (0ms) [Parameters=[], CommandType='Text', CommandTimeout='30']
      CREATE INDEX "IX_MuscleGroup_Name_IsActive" ON "MuscleGroups" ("Name", "IsActive");
dbug: Microsoft.EntityFrameworkCore.Database.Command[20103]
      Creating DbCommand for 'ExecuteNonQuery'.
dbug: Microsoft.EntityFrameworkCore.Database.Command[20104]
      Created DbCommand for 'ExecuteNonQuery' (0ms).
dbug: Microsoft.EntityFrameworkCore.Database.Command[20106]
      Initialized DbCommand for 'ExecuteNonQuery' (0ms).
dbug: Microsoft.EntityFrameworkCore.Database.Command[20100]
      Executing DbCommand [Parameters=[], CommandType='Text', CommandTimeout='30']
      UPDATE "MuscleGroups" 
                        SET "IsActive" = true, 
                            "CreatedAt" = NOW() AT TIME ZONE 'UTC' 
                        WHERE "IsActive" = false OR "CreatedAt" = '0001-01-01 00:00:00'::timestamp
info: 7/12/2025 16:05:39.347 RelationalEventId.CommandExecuted[20101] (Microsoft.EntityFrameworkCore.Database.Command) 
      Executed DbCommand (0ms) [Parameters=[], CommandType='Text', CommandTimeout='30']
      CREATE INDEX "IX_MuscleGroup_Name_IsActive" ON "MuscleGroups" ("Name", "IsActive");
info: Microsoft.EntityFrameworkCore.Database.Command[20101]
      Executed DbCommand (0ms) [Parameters=[], CommandType='Text', CommandTimeout='30']
      CREATE INDEX "IX_MuscleGroup_Name_IsActive" ON "MuscleGroups" ("Name", "IsActive");
dbug: Microsoft.EntityFrameworkCore.Database.Command[20103]
      Creating DbCommand for 'ExecuteNonQuery'.
dbug: Microsoft.EntityFrameworkCore.Database.Command[20104]
      Created DbCommand for 'ExecuteNonQuery' (0ms).
dbug: Microsoft.EntityFrameworkCore.Database.Command[20106]
      Initialized DbCommand for 'ExecuteNonQuery' (0ms).
dbug: Microsoft.EntityFrameworkCore.Database.Command[20100]
      Executing DbCommand [Parameters=[], CommandType='Text', CommandTimeout='30']
      UPDATE "MuscleGroups" 
                        SET "IsActive" = true, 
                            "CreatedAt" = NOW() AT TIME ZONE 'UTC' 
                        WHERE "IsActive" = false OR "CreatedAt" = '0001-01-01 00:00:00'::timestamp
info: Microsoft.EntityFrameworkCore.Database.Command[20101]
      Executed DbCommand (0ms) [Parameters=[], CommandType='Text', CommandTimeout='30']
      UPDATE "MuscleGroups" 
                        SET "IsActive" = true, 
                            "CreatedAt" = NOW() AT TIME ZONE 'UTC' 
                        WHERE "IsActive" = false OR "CreatedAt" = '0001-01-01 00:00:00'::timestamp
info: 7/12/2025 16:05:39.348 RelationalEventId.CommandExecuted[20101] (Microsoft.EntityFrameworkCore.Database.Command) 
      Executed DbCommand (0ms) [Parameters=[], CommandType='Text', CommandTimeout='30']
      UPDATE "MuscleGroups" 
                        SET "IsActive" = true, 
                            "CreatedAt" = NOW() AT TIME ZONE 'UTC' 
                        WHERE "IsActive" = false OR "CreatedAt" = '0001-01-01 00:00:00'::timestamp
dbug: Microsoft.EntityFrameworkCore.Database.Command[20103]
      Creating DbCommand for 'ExecuteNonQuery'.
dbug: Microsoft.EntityFrameworkCore.Database.Command[20104]
      Created DbCommand for 'ExecuteNonQuery' (0ms).
dbug: Microsoft.EntityFrameworkCore.Database.Command[20106]
      Initialized DbCommand for 'ExecuteNonQuery' (0ms).
dbug: Microsoft.EntityFrameworkCore.Database.Command[20100]
      Executing DbCommand [Parameters=[], CommandType='Text', CommandTimeout='30']
      INSERT INTO "__EFMigrationsHistory" ("MigrationId", "ProductVersion")
      VALUES ('20250629125752_AddCrudFieldsToMuscleGroup', '9.0.6');
info: 7/12/2025 16:05:39.348 RelationalEventId.CommandExecuted[20101] (Microsoft.EntityFrameworkCore.Database.Command) 
      Executed DbCommand (0ms) [Parameters=[], CommandType='Text', CommandTimeout='30']
      UPDATE "MuscleGroups" 
                        SET "IsActive" = true, 
                            "CreatedAt" = NOW() AT TIME ZONE 'UTC' 
                        WHERE "IsActive" = false OR "CreatedAt" = '0001-01-01 00:00:00'::timestamp
info: Microsoft.EntityFrameworkCore.Database.Command[20101]
      Executed DbCommand (0ms) [Parameters=[], CommandType='Text', CommandTimeout='30']
      UPDATE "MuscleGroups" 
                        SET "IsActive" = true, 
                            "CreatedAt" = NOW() AT TIME ZONE 'UTC' 
                        WHERE "IsActive" = false OR "CreatedAt" = '0001-01-01 00:00:00'::timestamp
dbug: Microsoft.EntityFrameworkCore.Database.Command[20103]
      Creating DbCommand for 'ExecuteNonQuery'.
dbug: Microsoft.EntityFrameworkCore.Database.Command[20104]
      Created DbCommand for 'ExecuteNonQuery' (0ms).
dbug: Microsoft.EntityFrameworkCore.Database.Command[20106]
      Initialized DbCommand for 'ExecuteNonQuery' (0ms).
info: Microsoft.EntityFrameworkCore.Database.Command[20101]
      Executed DbCommand (0ms) [Parameters=[], CommandType='Text', CommandTimeout='30']
      INSERT INTO "__EFMigrationsHistory" ("MigrationId", "ProductVersion")
      VALUES ('20250629125752_AddCrudFieldsToMuscleGroup', '9.0.6');
info: 7/12/2025 16:05:39.348 RelationalEventId.CommandExecuted[20101] (Microsoft.EntityFrameworkCore.Database.Command) 
      Executed DbCommand (0ms) [Parameters=[], CommandType='Text', CommandTimeout='30']
      INSERT INTO "__EFMigrationsHistory" ("MigrationId", "ProductVersion")
      VALUES ('20250629125752_AddCrudFieldsToMuscleGroup', '9.0.6');
dbug: Microsoft.EntityFrameworkCore.Database.Command[20100]
      Executing DbCommand [Parameters=[], CommandType='Text', CommandTimeout='30']
      INSERT INTO "__EFMigrationsHistory" ("MigrationId", "ProductVersion")
      VALUES ('20250629125752_AddCrudFieldsToMuscleGroup', '9.0.6');
info: Microsoft.EntityFrameworkCore.Migrations[20402]
      Applying migration '20250630121500_AddEquipmentAuditFields'.
info: 7/12/2025 16:05:39.348 RelationalEventId.MigrationApplying[20402] (Microsoft.EntityFrameworkCore.Migrations) 
      Applying migration '20250630121500_AddEquipmentAuditFields'.
info: Microsoft.EntityFrameworkCore.Database.Command[20101]
      Executed DbCommand (0ms) [Parameters=[], CommandType='Text', CommandTimeout='30']
      INSERT INTO "__EFMigrationsHistory" ("MigrationId", "ProductVersion")
      VALUES ('20250629125752_AddCrudFieldsToMuscleGroup', '9.0.6');
info: 7/12/2025 16:05:39.348 RelationalEventId.CommandExecuted[20101] (Microsoft.EntityFrameworkCore.Database.Command) 
      Executed DbCommand (0ms) [Parameters=[], CommandType='Text', CommandTimeout='30']
      INSERT INTO "__EFMigrationsHistory" ("MigrationId", "ProductVersion")
      VALUES ('20250629125752_AddCrudFieldsToMuscleGroup', '9.0.6');
info: Microsoft.EntityFrameworkCore.Migrations[20402]
      Applying migration '20250630121500_AddEquipmentAuditFields'.
info: 7/12/2025 16:05:39.348 RelationalEventId.MigrationApplying[20402] (Microsoft.EntityFrameworkCore.Migrations) 
      Applying migration '20250630121500_AddEquipmentAuditFields'.
dbug: Microsoft.EntityFrameworkCore.Database.Command[20103]
      Creating DbCommand for 'ExecuteNonQuery'.
dbug: Microsoft.EntityFrameworkCore.Database.Command[20104]
      Created DbCommand for 'ExecuteNonQuery' (0ms).
dbug: Microsoft.EntityFrameworkCore.Database.Command[20106]
      Initialized DbCommand for 'ExecuteNonQuery' (0ms).
dbug: Microsoft.EntityFrameworkCore.Database.Command[20100]
      Executing DbCommand [Parameters=[], CommandType='Text', CommandTimeout='30']
      ALTER TABLE "Equipment" ADD "IsActive" boolean NOT NULL DEFAULT TRUE;
dbug: Microsoft.EntityFrameworkCore.Database.Command[20103]
      Creating DbCommand for 'ExecuteNonQuery'.
dbug: Microsoft.EntityFrameworkCore.Database.Command[20104]
      Created DbCommand for 'ExecuteNonQuery' (0ms).
dbug: Microsoft.EntityFrameworkCore.Database.Command[20106]
      Initialized DbCommand for 'ExecuteNonQuery' (0ms).
dbug: Microsoft.EntityFrameworkCore.Database.Command[20100]
      Executing DbCommand [Parameters=[], CommandType='Text', CommandTimeout='30']
      ALTER TABLE "Equipment" ADD "IsActive" boolean NOT NULL DEFAULT TRUE;
info: Microsoft.EntityFrameworkCore.Database.Command[20101]
      Executed DbCommand (0ms) [Parameters=[], CommandType='Text', CommandTimeout='30']
      ALTER TABLE "Equipment" ADD "IsActive" boolean NOT NULL DEFAULT TRUE;
info: 7/12/2025 16:05:39.354 RelationalEventId.CommandExecuted[20101] (Microsoft.EntityFrameworkCore.Database.Command) 
      Executed DbCommand (0ms) [Parameters=[], CommandType='Text', CommandTimeout='30']
      ALTER TABLE "Equipment" ADD "IsActive" boolean NOT NULL DEFAULT TRUE;
dbug: Microsoft.EntityFrameworkCore.Database.Command[20103]
      Creating DbCommand for 'ExecuteNonQuery'.
dbug: Microsoft.EntityFrameworkCore.Database.Command[20104]
      Created DbCommand for 'ExecuteNonQuery' (0ms).
dbug: Microsoft.EntityFrameworkCore.Database.Command[20106]
      Initialized DbCommand for 'ExecuteNonQuery' (0ms).
dbug: Microsoft.EntityFrameworkCore.Database.Command[20100]
      Executing DbCommand [Parameters=[], CommandType='Text', CommandTimeout='30']
      ALTER TABLE "Equipment" ADD "CreatedAt" timestamp with time zone NOT NULL DEFAULT TIMESTAMPTZ '2025-07-12T14:05:39.348441Z';
info: Microsoft.EntityFrameworkCore.Database.Command[20101]
      Executed DbCommand (0ms) [Parameters=[], CommandType='Text', CommandTimeout='30']
      ALTER TABLE "Equipment" ADD "CreatedAt" timestamp with time zone NOT NULL DEFAULT TIMESTAMPTZ '2025-07-12T14:05:39.348441Z';
info: 7/12/2025 16:05:39.355 RelationalEventId.CommandExecuted[20101] (Microsoft.EntityFrameworkCore.Database.Command) 
      Executed DbCommand (0ms) [Parameters=[], CommandType='Text', CommandTimeout='30']
      ALTER TABLE "Equipment" ADD "CreatedAt" timestamp with time zone NOT NULL DEFAULT TIMESTAMPTZ '2025-07-12T14:05:39.348441Z';
dbug: Microsoft.EntityFrameworkCore.Database.Command[20103]
      Creating DbCommand for 'ExecuteNonQuery'.
dbug: Microsoft.EntityFrameworkCore.Database.Command[20104]
      Created DbCommand for 'ExecuteNonQuery' (0ms).
dbug: Microsoft.EntityFrameworkCore.Database.Command[20106]
      Initialized DbCommand for 'ExecuteNonQuery' (0ms).
dbug: Microsoft.EntityFrameworkCore.Database.Command[20100]
      Executing DbCommand [Parameters=[], CommandType='Text', CommandTimeout='30']
      ALTER TABLE "Equipment" ADD "UpdatedAt" timestamp with time zone;
info: Microsoft.EntityFrameworkCore.Database.Command[20101]
      Executed DbCommand (1ms) [Parameters=[], CommandType='Text', CommandTimeout='30']
      ALTER TABLE "Equipment" ADD "IsActive" boolean NOT NULL DEFAULT TRUE;
info: 7/12/2025 16:05:39.355 RelationalEventId.CommandExecuted[20101] (Microsoft.EntityFrameworkCore.Database.Command) 
      Executed DbCommand (1ms) [Parameters=[], CommandType='Text', CommandTimeout='30']
      ALTER TABLE "Equipment" ADD "IsActive" boolean NOT NULL DEFAULT TRUE;
dbug: Microsoft.EntityFrameworkCore.Database.Command[20103]
      Creating DbCommand for 'ExecuteNonQuery'.
dbug: Microsoft.EntityFrameworkCore.Database.Command[20104]
      Created DbCommand for 'ExecuteNonQuery' (0ms).
dbug: Microsoft.EntityFrameworkCore.Database.Command[20106]
      Initialized DbCommand for 'ExecuteNonQuery' (0ms).
dbug: Microsoft.EntityFrameworkCore.Database.Command[20100]
      Executing DbCommand [Parameters=[], CommandType='Text', CommandTimeout='30']
      ALTER TABLE "Equipment" ADD "CreatedAt" timestamp with time zone NOT NULL DEFAULT TIMESTAMPTZ '2025-07-12T14:05:39.34844Z';
info: Microsoft.EntityFrameworkCore.Database.Command[20101]
      Executed DbCommand (0ms) [Parameters=[], CommandType='Text', CommandTimeout='30']
      ALTER TABLE "Equipment" ADD "UpdatedAt" timestamp with time zone;
info: 7/12/2025 16:05:39.355 RelationalEventId.CommandExecuted[20101] (Microsoft.EntityFrameworkCore.Database.Command) 
      Executed DbCommand (0ms) [Parameters=[], CommandType='Text', CommandTimeout='30']
      ALTER TABLE "Equipment" ADD "UpdatedAt" timestamp with time zone;
dbug: Microsoft.EntityFrameworkCore.Database.Command[20103]
      Creating DbCommand for 'ExecuteNonQuery'.
dbug: Microsoft.EntityFrameworkCore.Database.Command[20104]
      Created DbCommand for 'ExecuteNonQuery' (0ms).
dbug: Microsoft.EntityFrameworkCore.Database.Command[20106]
      Initialized DbCommand for 'ExecuteNonQuery' (0ms).
dbug: Microsoft.EntityFrameworkCore.Database.Command[20100]
      Executing DbCommand [Parameters=[], CommandType='Text', CommandTimeout='30']
      UPDATE "Equipment" SET "IsActive" = true, "CreatedAt" = NOW() WHERE "IsActive" IS NULL OR "CreatedAt" IS NULL
info: Microsoft.EntityFrameworkCore.Database.Command[20101]
      Executed DbCommand (0ms) [Parameters=[], CommandType='Text', CommandTimeout='30']
      UPDATE "Equipment" SET "IsActive" = true, "CreatedAt" = NOW() WHERE "IsActive" IS NULL OR "CreatedAt" IS NULL
info: 7/12/2025 16:05:39.355 RelationalEventId.CommandExecuted[20101] (Microsoft.EntityFrameworkCore.Database.Command) 
      Executed DbCommand (0ms) [Parameters=[], CommandType='Text', CommandTimeout='30']
      UPDATE "Equipment" SET "IsActive" = true, "CreatedAt" = NOW() WHERE "IsActive" IS NULL OR "CreatedAt" IS NULL
info: Microsoft.EntityFrameworkCore.Database.Command[20101]
      Executed DbCommand (0ms) [Parameters=[], CommandType='Text', CommandTimeout='30']
      ALTER TABLE "Equipment" ADD "CreatedAt" timestamp with time zone NOT NULL DEFAULT TIMESTAMPTZ '2025-07-12T14:05:39.34844Z';
info: 7/12/2025 16:05:39.355 RelationalEventId.CommandExecuted[20101] (Microsoft.EntityFrameworkCore.Database.Command) 
      Executed DbCommand (0ms) [Parameters=[], CommandType='Text', CommandTimeout='30']
      ALTER TABLE "Equipment" ADD "CreatedAt" timestamp with time zone NOT NULL DEFAULT TIMESTAMPTZ '2025-07-12T14:05:39.34844Z';
dbug: Microsoft.EntityFrameworkCore.Database.Command[20103]
      Creating DbCommand for 'ExecuteNonQuery'.
dbug: Microsoft.EntityFrameworkCore.Database.Command[20104]
      Created DbCommand for 'ExecuteNonQuery' (0ms).
dbug: Microsoft.EntityFrameworkCore.Database.Command[20106]
      Initialized DbCommand for 'ExecuteNonQuery' (0ms).
dbug: Microsoft.EntityFrameworkCore.Database.Command[20100]
      Executing DbCommand [Parameters=[], CommandType='Text', CommandTimeout='30']
      INSERT INTO "__EFMigrationsHistory" ("MigrationId", "ProductVersion")
      VALUES ('20250630121500_AddEquipmentAuditFields', '9.0.6');
dbug: Microsoft.EntityFrameworkCore.Database.Command[20103]
      Creating DbCommand for 'ExecuteNonQuery'.
dbug: Microsoft.EntityFrameworkCore.Database.Command[20104]
      Created DbCommand for 'ExecuteNonQuery' (0ms).
dbug: Microsoft.EntityFrameworkCore.Database.Command[20106]
      Initialized DbCommand for 'ExecuteNonQuery' (0ms).
dbug: Microsoft.EntityFrameworkCore.Database.Command[20100]
      Executing DbCommand [Parameters=[], CommandType='Text', CommandTimeout='30']
      ALTER TABLE "Equipment" ADD "UpdatedAt" timestamp with time zone;
info: Microsoft.EntityFrameworkCore.Database.Command[20101]
      Executed DbCommand (0ms) [Parameters=[], CommandType='Text', CommandTimeout='30']
      INSERT INTO "__EFMigrationsHistory" ("MigrationId", "ProductVersion")
      VALUES ('20250630121500_AddEquipmentAuditFields', '9.0.6');
info: 7/12/2025 16:05:39.355 RelationalEventId.CommandExecuted[20101] (Microsoft.EntityFrameworkCore.Database.Command) 
      Executed DbCommand (0ms) [Parameters=[], CommandType='Text', CommandTimeout='30']
      INSERT INTO "__EFMigrationsHistory" ("MigrationId", "ProductVersion")
      VALUES ('20250630121500_AddEquipmentAuditFields', '9.0.6');
info: Microsoft.EntityFrameworkCore.Migrations[20402]
      Applying migration '20250707134224_AddKineticChainTypeToExercise'.
info: 7/12/2025 16:05:39.355 RelationalEventId.MigrationApplying[20402] (Microsoft.EntityFrameworkCore.Migrations) 
      Applying migration '20250707134224_AddKineticChainTypeToExercise'.
info: Microsoft.EntityFrameworkCore.Database.Command[20101]
      Executed DbCommand (0ms) [Parameters=[], CommandType='Text', CommandTimeout='30']
      ALTER TABLE "Equipment" ADD "UpdatedAt" timestamp with time zone;
info: 7/12/2025 16:05:39.356 RelationalEventId.CommandExecuted[20101] (Microsoft.EntityFrameworkCore.Database.Command) 
      Executed DbCommand (0ms) [Parameters=[], CommandType='Text', CommandTimeout='30']
      ALTER TABLE "Equipment" ADD "UpdatedAt" timestamp with time zone;
dbug: Microsoft.EntityFrameworkCore.Database.Command[20103]
      Creating DbCommand for 'ExecuteNonQuery'.
dbug: Microsoft.EntityFrameworkCore.Database.Command[20104]
      Created DbCommand for 'ExecuteNonQuery' (0ms).
dbug: Microsoft.EntityFrameworkCore.Database.Command[20106]
      Initialized DbCommand for 'ExecuteNonQuery' (0ms).
dbug: Microsoft.EntityFrameworkCore.Database.Command[20100]
      Executing DbCommand [Parameters=[], CommandType='Text', CommandTimeout='30']
      UPDATE "Equipment" SET "IsActive" = true, "CreatedAt" = NOW() WHERE "IsActive" IS NULL OR "CreatedAt" IS NULL
info: Microsoft.EntityFrameworkCore.Database.Command[20101]
      Executed DbCommand (0ms) [Parameters=[], CommandType='Text', CommandTimeout='30']
      UPDATE "Equipment" SET "IsActive" = true, "CreatedAt" = NOW() WHERE "IsActive" IS NULL OR "CreatedAt" IS NULL
info: 7/12/2025 16:05:39.356 RelationalEventId.CommandExecuted[20101] (Microsoft.EntityFrameworkCore.Database.Command) 
      Executed DbCommand (0ms) [Parameters=[], CommandType='Text', CommandTimeout='30']
      UPDATE "Equipment" SET "IsActive" = true, "CreatedAt" = NOW() WHERE "IsActive" IS NULL OR "CreatedAt" IS NULL
dbug: Microsoft.EntityFrameworkCore.Database.Command[20103]
      Creating DbCommand for 'ExecuteNonQuery'.
dbug: Microsoft.EntityFrameworkCore.Database.Command[20104]
      Created DbCommand for 'ExecuteNonQuery' (0ms).
dbug: Microsoft.EntityFrameworkCore.Database.Command[20106]
      Initialized DbCommand for 'ExecuteNonQuery' (0ms).
dbug: Microsoft.EntityFrameworkCore.Database.Command[20100]
      Executing DbCommand [Parameters=[], CommandType='Text', CommandTimeout='30']
      INSERT INTO "__EFMigrationsHistory" ("MigrationId", "ProductVersion")
      VALUES ('20250630121500_AddEquipmentAuditFields', '9.0.6');
info: Microsoft.EntityFrameworkCore.Database.Command[20101]
      Executed DbCommand (0ms) [Parameters=[], CommandType='Text', CommandTimeout='30']
      INSERT INTO "__EFMigrationsHistory" ("MigrationId", "ProductVersion")
      VALUES ('20250630121500_AddEquipmentAuditFields', '9.0.6');
info: 7/12/2025 16:05:39.356 RelationalEventId.CommandExecuted[20101] (Microsoft.EntityFrameworkCore.Database.Command) 
      Executed DbCommand (0ms) [Parameters=[], CommandType='Text', CommandTimeout='30']
      INSERT INTO "__EFMigrationsHistory" ("MigrationId", "ProductVersion")
      VALUES ('20250630121500_AddEquipmentAuditFields', '9.0.6');
info: Microsoft.EntityFrameworkCore.Migrations[20402]
      Applying migration '20250707134224_AddKineticChainTypeToExercise'.
info: 7/12/2025 16:05:39.356 RelationalEventId.MigrationApplying[20402] (Microsoft.EntityFrameworkCore.Migrations) 
      Applying migration '20250707134224_AddKineticChainTypeToExercise'.
dbug: Microsoft.EntityFrameworkCore.Database.Command[20103]
      Creating DbCommand for 'ExecuteNonQuery'.
dbug: Microsoft.EntityFrameworkCore.Database.Command[20103]
      Creating DbCommand for 'ExecuteNonQuery'.
dbug: Microsoft.EntityFrameworkCore.Database.Command[20104]
      Created DbCommand for 'ExecuteNonQuery' (0ms).
dbug: Microsoft.EntityFrameworkCore.Database.Command[20104]
      Created DbCommand for 'ExecuteNonQuery' (0ms).
dbug: Microsoft.EntityFrameworkCore.Database.Command[20106]
      Initialized DbCommand for 'ExecuteNonQuery' (0ms).
dbug: Microsoft.EntityFrameworkCore.Database.Command[20106]
      Initialized DbCommand for 'ExecuteNonQuery' (0ms).
dbug: Microsoft.EntityFrameworkCore.Database.Command[20100]
      Executing DbCommand [Parameters=[], CommandType='Text', CommandTimeout='30']
      ALTER TABLE "Exercises" DROP CONSTRAINT "FK_Exercises_KineticChainTypes_KineticChainTypeId";
dbug: Microsoft.EntityFrameworkCore.Database.Command[20100]
      Executing DbCommand [Parameters=[], CommandType='Text', CommandTimeout='30']
      ALTER TABLE "Exercises" DROP CONSTRAINT "FK_Exercises_KineticChainTypes_KineticChainTypeId";
info: Microsoft.EntityFrameworkCore.Database.Command[20101]
      Executed DbCommand (1ms) [Parameters=[], CommandType='Text', CommandTimeout='30']
      ALTER TABLE "Exercises" DROP CONSTRAINT "FK_Exercises_KineticChainTypes_KineticChainTypeId";
info: 7/12/2025 16:05:39.362 RelationalEventId.CommandExecuted[20101] (Microsoft.EntityFrameworkCore.Database.Command) 
      Executed DbCommand (1ms) [Parameters=[], CommandType='Text', CommandTimeout='30']
      ALTER TABLE "Exercises" DROP CONSTRAINT "FK_Exercises_KineticChainTypes_KineticChainTypeId";
info: Microsoft.EntityFrameworkCore.Database.Command[20101]
      Executed DbCommand (1ms) [Parameters=[], CommandType='Text', CommandTimeout='30']
      ALTER TABLE "Exercises" DROP CONSTRAINT "FK_Exercises_KineticChainTypes_KineticChainTypeId";
dbug: Microsoft.EntityFrameworkCore.Database.Command[20103]
      Creating DbCommand for 'ExecuteNonQuery'.
dbug: Microsoft.EntityFrameworkCore.Database.Command[20104]
      Created DbCommand for 'ExecuteNonQuery' (0ms).
dbug: Microsoft.EntityFrameworkCore.Database.Command[20106]
      Initialized DbCommand for 'ExecuteNonQuery' (0ms).
dbug: Microsoft.EntityFrameworkCore.Database.Command[20100]
      Executing DbCommand [Parameters=[], CommandType='Text', CommandTimeout='30']
      ALTER TABLE "Exercises" RENAME COLUMN "KineticChainTypeId" TO "KineticChainId";
info: 7/12/2025 16:05:39.362 RelationalEventId.CommandExecuted[20101] (Microsoft.EntityFrameworkCore.Database.Command) 
      Executed DbCommand (1ms) [Parameters=[], CommandType='Text', CommandTimeout='30']
      ALTER TABLE "Exercises" DROP CONSTRAINT "FK_Exercises_KineticChainTypes_KineticChainTypeId";
dbug: Microsoft.EntityFrameworkCore.Database.Command[20103]
      Creating DbCommand for 'ExecuteNonQuery'.
dbug: Microsoft.EntityFrameworkCore.Database.Command[20104]
      Created DbCommand for 'ExecuteNonQuery' (0ms).
dbug: Microsoft.EntityFrameworkCore.Database.Command[20106]
      Initialized DbCommand for 'ExecuteNonQuery' (0ms).
dbug: Microsoft.EntityFrameworkCore.Database.Command[20100]
      Executing DbCommand [Parameters=[], CommandType='Text', CommandTimeout='30']
      ALTER TABLE "Exercises" RENAME COLUMN "KineticChainTypeId" TO "KineticChainId";
info: Microsoft.EntityFrameworkCore.Database.Command[20101]
      Executed DbCommand (0ms) [Parameters=[], CommandType='Text', CommandTimeout='30']
      ALTER TABLE "Exercises" RENAME COLUMN "KineticChainTypeId" TO "KineticChainId";
info: 7/12/2025 16:05:39.362 RelationalEventId.CommandExecuted[20101] (Microsoft.EntityFrameworkCore.Database.Command) 
      Executed DbCommand (0ms) [Parameters=[], CommandType='Text', CommandTimeout='30']
      ALTER TABLE "Exercises" RENAME COLUMN "KineticChainTypeId" TO "KineticChainId";
dbug: Microsoft.EntityFrameworkCore.Database.Command[20103]
      Creating DbCommand for 'ExecuteNonQuery'.
dbug: Microsoft.EntityFrameworkCore.Database.Command[20104]
      Created DbCommand for 'ExecuteNonQuery' (0ms).
dbug: Microsoft.EntityFrameworkCore.Database.Command[20106]
      Initialized DbCommand for 'ExecuteNonQuery' (0ms).
dbug: Microsoft.EntityFrameworkCore.Database.Command[20100]
      Executing DbCommand [Parameters=[], CommandType='Text', CommandTimeout='30']
      ALTER INDEX "IX_Exercises_KineticChainTypeId" RENAME TO "IX_Exercises_KineticChainId";
info: Microsoft.EntityFrameworkCore.Database.Command[20101]
      Executed DbCommand (0ms) [Parameters=[], CommandType='Text', CommandTimeout='30']
      ALTER TABLE "Exercises" RENAME COLUMN "KineticChainTypeId" TO "KineticChainId";
info: 7/12/2025 16:05:39.362 RelationalEventId.CommandExecuted[20101] (Microsoft.EntityFrameworkCore.Database.Command) 
      Executed DbCommand (0ms) [Parameters=[], CommandType='Text', CommandTimeout='30']
      ALTER TABLE "Exercises" RENAME COLUMN "KineticChainTypeId" TO "KineticChainId";
dbug: Microsoft.EntityFrameworkCore.Database.Command[20103]
      Creating DbCommand for 'ExecuteNonQuery'.
dbug: Microsoft.EntityFrameworkCore.Database.Command[20104]
      Created DbCommand for 'ExecuteNonQuery' (0ms).
dbug: Microsoft.EntityFrameworkCore.Database.Command[20106]
      Initialized DbCommand for 'ExecuteNonQuery' (0ms).
dbug: Microsoft.EntityFrameworkCore.Database.Command[20100]
      Executing DbCommand [Parameters=[], CommandType='Text', CommandTimeout='30']
      ALTER INDEX "IX_Exercises_KineticChainTypeId" RENAME TO "IX_Exercises_KineticChainId";
info: Microsoft.EntityFrameworkCore.Database.Command[20101]
      Executed DbCommand (0ms) [Parameters=[], CommandType='Text', CommandTimeout='30']
      ALTER INDEX "IX_Exercises_KineticChainTypeId" RENAME TO "IX_Exercises_KineticChainId";
info: 7/12/2025 16:05:39.362 RelationalEventId.CommandExecuted[20101] (Microsoft.EntityFrameworkCore.Database.Command) 
      Executed DbCommand (0ms) [Parameters=[], CommandType='Text', CommandTimeout='30']
      ALTER INDEX "IX_Exercises_KineticChainTypeId" RENAME TO "IX_Exercises_KineticChainId";
dbug: Microsoft.EntityFrameworkCore.Database.Command[20103]
      Creating DbCommand for 'ExecuteNonQuery'.
dbug: Microsoft.EntityFrameworkCore.Database.Command[20104]
      Created DbCommand for 'ExecuteNonQuery' (0ms).
dbug: Microsoft.EntityFrameworkCore.Database.Command[20106]
      Initialized DbCommand for 'ExecuteNonQuery' (0ms).
dbug: Microsoft.EntityFrameworkCore.Database.Command[20100]
      Executing DbCommand [Parameters=[], CommandType='Text', CommandTimeout='30']
      ALTER TABLE "Exercises" ADD CONSTRAINT "FK_Exercises_KineticChainTypes_KineticChainId" FOREIGN KEY ("KineticChainId") REFERENCES "KineticChainTypes" ("Id");
info: Microsoft.EntityFrameworkCore.Database.Command[20101]
      Executed DbCommand (0ms) [Parameters=[], CommandType='Text', CommandTimeout='30']
      ALTER INDEX "IX_Exercises_KineticChainTypeId" RENAME TO "IX_Exercises_KineticChainId";
info: 7/12/2025 16:05:39.363 RelationalEventId.CommandExecuted[20101] (Microsoft.EntityFrameworkCore.Database.Command) 
      Executed DbCommand (0ms) [Parameters=[], CommandType='Text', CommandTimeout='30']
      ALTER INDEX "IX_Exercises_KineticChainTypeId" RENAME TO "IX_Exercises_KineticChainId";
dbug: Microsoft.EntityFrameworkCore.Database.Command[20103]
      Creating DbCommand for 'ExecuteNonQuery'.
dbug: Microsoft.EntityFrameworkCore.Database.Command[20104]
      Created DbCommand for 'ExecuteNonQuery' (0ms).
dbug: Microsoft.EntityFrameworkCore.Database.Command[20106]
      Initialized DbCommand for 'ExecuteNonQuery' (0ms).
dbug: Microsoft.EntityFrameworkCore.Database.Command[20100]
      Executing DbCommand [Parameters=[], CommandType='Text', CommandTimeout='30']
      ALTER TABLE "Exercises" ADD CONSTRAINT "FK_Exercises_KineticChainTypes_KineticChainId" FOREIGN KEY ("KineticChainId") REFERENCES "KineticChainTypes" ("Id");
info: Microsoft.EntityFrameworkCore.Database.Command[20101]
      Executed DbCommand (1ms) [Parameters=[], CommandType='Text', CommandTimeout='30']
      ALTER TABLE "Exercises" ADD CONSTRAINT "FK_Exercises_KineticChainTypes_KineticChainId" FOREIGN KEY ("KineticChainId") REFERENCES "KineticChainTypes" ("Id");
info: 7/12/2025 16:05:39.363 RelationalEventId.CommandExecuted[20101] (Microsoft.EntityFrameworkCore.Database.Command) 
      Executed DbCommand (1ms) [Parameters=[], CommandType='Text', CommandTimeout='30']
      ALTER TABLE "Exercises" ADD CONSTRAINT "FK_Exercises_KineticChainTypes_KineticChainId" FOREIGN KEY ("KineticChainId") REFERENCES "KineticChainTypes" ("Id");
dbug: Microsoft.EntityFrameworkCore.Database.Command[20103]
      Creating DbCommand for 'ExecuteNonQuery'.
dbug: Microsoft.EntityFrameworkCore.Database.Command[20104]
      Created DbCommand for 'ExecuteNonQuery' (0ms).
dbug: Microsoft.EntityFrameworkCore.Database.Command[20106]
      Initialized DbCommand for 'ExecuteNonQuery' (0ms).
dbug: Microsoft.EntityFrameworkCore.Database.Command[20100]
      Executing DbCommand [Parameters=[], CommandType='Text', CommandTimeout='30']
      INSERT INTO "__EFMigrationsHistory" ("MigrationId", "ProductVersion")
      VALUES ('20250707134224_AddKineticChainTypeToExercise', '9.0.6');
info: 7/12/2025 16:05:39.363 RelationalEventId.CommandExecuted[20101] (Microsoft.EntityFrameworkCore.Database.Command) 
      Executed DbCommand (0ms) [Parameters=[], CommandType='Text', CommandTimeout='30']
      INSERT INTO "__EFMigrationsHistory" ("MigrationId", "ProductVersion")
      VALUES ('20250707134224_AddKineticChainTypeToExercise', '9.0.6');
info: Microsoft.EntityFrameworkCore.Database.Command[20101]
      Executed DbCommand (0ms) [Parameters=[], CommandType='Text', CommandTimeout='30']
      INSERT INTO "__EFMigrationsHistory" ("MigrationId", "ProductVersion")
      VALUES ('20250707134224_AddKineticChainTypeToExercise', '9.0.6');
info: 7/12/2025 16:05:39.363 RelationalEventId.CommandExecuted[20101] (Microsoft.EntityFrameworkCore.Database.Command) 
      Executed DbCommand (0ms) [Parameters=[], CommandType='Text', CommandTimeout='30']
      ALTER TABLE "Exercises" ADD CONSTRAINT "FK_Exercises_KineticChainTypes_KineticChainId" FOREIGN KEY ("KineticChainId") REFERENCES "KineticChainTypes" ("Id");
info: Microsoft.EntityFrameworkCore.Database.Command[20101]
      Executed DbCommand (0ms) [Parameters=[], CommandType='Text', CommandTimeout='30']
      ALTER TABLE "Exercises" ADD CONSTRAINT "FK_Exercises_KineticChainTypes_KineticChainId" FOREIGN KEY ("KineticChainId") REFERENCES "KineticChainTypes" ("Id");
info: 7/12/2025 16:05:39.363 RelationalEventId.MigrationApplying[20402] (Microsoft.EntityFrameworkCore.Migrations) 
      Applying migration '20250707145052_FixKineticChainNullableForeignKey'.
info: Microsoft.EntityFrameworkCore.Migrations[20402]
      Applying migration '20250707145052_FixKineticChainNullableForeignKey'.
dbug: Microsoft.EntityFrameworkCore.Database.Command[20103]
      Creating DbCommand for 'ExecuteNonQuery'.
dbug: Microsoft.EntityFrameworkCore.Database.Command[20104]
      Created DbCommand for 'ExecuteNonQuery' (0ms).
dbug: Microsoft.EntityFrameworkCore.Database.Command[20106]
      Initialized DbCommand for 'ExecuteNonQuery' (0ms).
dbug: Microsoft.EntityFrameworkCore.Database.Command[20100]
      Executing DbCommand [Parameters=[], CommandType='Text', CommandTimeout='30']
      INSERT INTO "__EFMigrationsHistory" ("MigrationId", "ProductVersion")
      VALUES ('20250707134224_AddKineticChainTypeToExercise', '9.0.6');
info: Microsoft.EntityFrameworkCore.Database.Command[20101]
      Executed DbCommand (0ms) [Parameters=[], CommandType='Text', CommandTimeout='30']
      INSERT INTO "__EFMigrationsHistory" ("MigrationId", "ProductVersion")
      VALUES ('20250707134224_AddKineticChainTypeToExercise', '9.0.6');
info: 7/12/2025 16:05:39.363 RelationalEventId.CommandExecuted[20101] (Microsoft.EntityFrameworkCore.Database.Command) 
      Executed DbCommand (0ms) [Parameters=[], CommandType='Text', CommandTimeout='30']
      INSERT INTO "__EFMigrationsHistory" ("MigrationId", "ProductVersion")
      VALUES ('20250707134224_AddKineticChainTypeToExercise', '9.0.6');
info: Microsoft.EntityFrameworkCore.Migrations[20402]
      Applying migration '20250707145052_FixKineticChainNullableForeignKey'.
info: 7/12/2025 16:05:39.363 RelationalEventId.MigrationApplying[20402] (Microsoft.EntityFrameworkCore.Migrations) 
      Applying migration '20250707145052_FixKineticChainNullableForeignKey'.
dbug: Microsoft.EntityFrameworkCore.Database.Command[20103]
      Creating DbCommand for 'ExecuteNonQuery'.
dbug: Microsoft.EntityFrameworkCore.Database.Command[20104]
      Created DbCommand for 'ExecuteNonQuery' (0ms).
dbug: Microsoft.EntityFrameworkCore.Database.Command[20103]
      Creating DbCommand for 'ExecuteNonQuery'.
dbug: Microsoft.EntityFrameworkCore.Database.Command[20106]
      Initialized DbCommand for 'ExecuteNonQuery' (0ms).
dbug: Microsoft.EntityFrameworkCore.Database.Command[20104]
      Created DbCommand for 'ExecuteNonQuery' (0ms).
dbug: Microsoft.EntityFrameworkCore.Database.Command[20100]
      Executing DbCommand [Parameters=[], CommandType='Text', CommandTimeout='30']
      ALTER TABLE "Exercises" DROP CONSTRAINT "FK_Exercises_KineticChainTypes_KineticChainId";
dbug: Microsoft.EntityFrameworkCore.Database.Command[20106]
      Initialized DbCommand for 'ExecuteNonQuery' (0ms).
dbug: Microsoft.EntityFrameworkCore.Database.Command[20100]
      Executing DbCommand [Parameters=[], CommandType='Text', CommandTimeout='30']
      ALTER TABLE "Exercises" DROP CONSTRAINT "FK_Exercises_KineticChainTypes_KineticChainId";
info: Microsoft.EntityFrameworkCore.Database.Command[20101]
      Executed DbCommand (1ms) [Parameters=[], CommandType='Text', CommandTimeout='30']
      ALTER TABLE "Exercises" DROP CONSTRAINT "FK_Exercises_KineticChainTypes_KineticChainId";
info: 7/12/2025 16:05:39.370 RelationalEventId.CommandExecuted[20101] (Microsoft.EntityFrameworkCore.Database.Command) 
      Executed DbCommand (1ms) [Parameters=[], CommandType='Text', CommandTimeout='30']
      ALTER TABLE "Exercises" DROP CONSTRAINT "FK_Exercises_KineticChainTypes_KineticChainId";
dbug: Microsoft.EntityFrameworkCore.Database.Command[20103]
      Creating DbCommand for 'ExecuteNonQuery'.
dbug: Microsoft.EntityFrameworkCore.Database.Command[20104]
      Created DbCommand for 'ExecuteNonQuery' (0ms).
dbug: Microsoft.EntityFrameworkCore.Database.Command[20106]
      Initialized DbCommand for 'ExecuteNonQuery' (0ms).
dbug: Microsoft.EntityFrameworkCore.Database.Command[20100]
      Executing DbCommand [Parameters=[], CommandType='Text', CommandTimeout='30']
      ALTER TABLE "Exercises" ADD CONSTRAINT "FK_Exercises_KineticChainTypes_KineticChainId" FOREIGN KEY ("KineticChainId") REFERENCES "KineticChainTypes" ("Id") ON DELETE RESTRICT;
info: Microsoft.EntityFrameworkCore.Database.Command[20101]
      Executed DbCommand (1ms) [Parameters=[], CommandType='Text', CommandTimeout='30']
      ALTER TABLE "Exercises" DROP CONSTRAINT "FK_Exercises_KineticChainTypes_KineticChainId";
info: 7/12/2025 16:05:39.370 RelationalEventId.CommandExecuted[20101] (Microsoft.EntityFrameworkCore.Database.Command) 
      Executed DbCommand (1ms) [Parameters=[], CommandType='Text', CommandTimeout='30']
      ALTER TABLE "Exercises" DROP CONSTRAINT "FK_Exercises_KineticChainTypes_KineticChainId";
dbug: Microsoft.EntityFrameworkCore.Database.Command[20103]
      Creating DbCommand for 'ExecuteNonQuery'.
dbug: Microsoft.EntityFrameworkCore.Database.Command[20104]
      Created DbCommand for 'ExecuteNonQuery' (0ms).
dbug: Microsoft.EntityFrameworkCore.Database.Command[20106]
      Initialized DbCommand for 'ExecuteNonQuery' (0ms).
dbug: Microsoft.EntityFrameworkCore.Database.Command[20100]
      Executing DbCommand [Parameters=[], CommandType='Text', CommandTimeout='30']
      ALTER TABLE "Exercises" ADD CONSTRAINT "FK_Exercises_KineticChainTypes_KineticChainId" FOREIGN KEY ("KineticChainId") REFERENCES "KineticChainTypes" ("Id") ON DELETE RESTRICT;
info: Microsoft.EntityFrameworkCore.Database.Command[20101]
      Executed DbCommand (1ms) [Parameters=[], CommandType='Text', CommandTimeout='30']
      ALTER TABLE "Exercises" ADD CONSTRAINT "FK_Exercises_KineticChainTypes_KineticChainId" FOREIGN KEY ("KineticChainId") REFERENCES "KineticChainTypes" ("Id") ON DELETE RESTRICT;
info: 7/12/2025 16:05:39.371 RelationalEventId.CommandExecuted[20101] (Microsoft.EntityFrameworkCore.Database.Command) 
      Executed DbCommand (1ms) [Parameters=[], CommandType='Text', CommandTimeout='30']
      ALTER TABLE "Exercises" ADD CONSTRAINT "FK_Exercises_KineticChainTypes_KineticChainId" FOREIGN KEY ("KineticChainId") REFERENCES "KineticChainTypes" ("Id") ON DELETE RESTRICT;
info: Microsoft.EntityFrameworkCore.Database.Command[20101]
      Executed DbCommand (1ms) [Parameters=[], CommandType='Text', CommandTimeout='30']
      ALTER TABLE "Exercises" ADD CONSTRAINT "FK_Exercises_KineticChainTypes_KineticChainId" FOREIGN KEY ("KineticChainId") REFERENCES "KineticChainTypes" ("Id") ON DELETE RESTRICT;
dbug: Microsoft.EntityFrameworkCore.Database.Command[20103]
      Creating DbCommand for 'ExecuteNonQuery'.
dbug: Microsoft.EntityFrameworkCore.Database.Command[20104]
      Created DbCommand for 'ExecuteNonQuery' (0ms).
dbug: Microsoft.EntityFrameworkCore.Database.Command[20106]
      Initialized DbCommand for 'ExecuteNonQuery' (0ms).
dbug: Microsoft.EntityFrameworkCore.Database.Command[20100]
      Executing DbCommand [Parameters=[], CommandType='Text', CommandTimeout='30']
      INSERT INTO "__EFMigrationsHistory" ("MigrationId", "ProductVersion")
      VALUES ('20250707145052_FixKineticChainNullableForeignKey', '9.0.6');
info: 7/12/2025 16:05:39.371 RelationalEventId.CommandExecuted[20101] (Microsoft.EntityFrameworkCore.Database.Command) 
      Executed DbCommand (1ms) [Parameters=[], CommandType='Text', CommandTimeout='30']
      ALTER TABLE "Exercises" ADD CONSTRAINT "FK_Exercises_KineticChainTypes_KineticChainId" FOREIGN KEY ("KineticChainId") REFERENCES "KineticChainTypes" ("Id") ON DELETE RESTRICT;
dbug: Microsoft.EntityFrameworkCore.Database.Command[20103]
      Creating DbCommand for 'ExecuteNonQuery'.
dbug: Microsoft.EntityFrameworkCore.Database.Command[20104]
      Created DbCommand for 'ExecuteNonQuery' (0ms).
dbug: Microsoft.EntityFrameworkCore.Database.Command[20106]
      Initialized DbCommand for 'ExecuteNonQuery' (0ms).
dbug: Microsoft.EntityFrameworkCore.Database.Command[20100]
      Executing DbCommand [Parameters=[], CommandType='Text', CommandTimeout='30']
      INSERT INTO "__EFMigrationsHistory" ("MigrationId", "ProductVersion")
      VALUES ('20250707145052_FixKineticChainNullableForeignKey', '9.0.6');
info: Microsoft.EntityFrameworkCore.Database.Command[20101]
      Executed DbCommand (0ms) [Parameters=[], CommandType='Text', CommandTimeout='30']
      INSERT INTO "__EFMigrationsHistory" ("MigrationId", "ProductVersion")
      VALUES ('20250707145052_FixKineticChainNullableForeignKey', '9.0.6');
info: Microsoft.EntityFrameworkCore.Database.Command[20101]
      Executed DbCommand (0ms) [Parameters=[], CommandType='Text', CommandTimeout='30']
      INSERT INTO "__EFMigrationsHistory" ("MigrationId", "ProductVersion")
      VALUES ('20250707145052_FixKineticChainNullableForeignKey', '9.0.6');
info: 7/12/2025 16:05:39.371 RelationalEventId.CommandExecuted[20101] (Microsoft.EntityFrameworkCore.Database.Command) 
      Executed DbCommand (0ms) [Parameters=[], CommandType='Text', CommandTimeout='30']
      INSERT INTO "__EFMigrationsHistory" ("MigrationId", "ProductVersion")
      VALUES ('20250707145052_FixKineticChainNullableForeignKey', '9.0.6');
info: 7/12/2025 16:05:39.371 RelationalEventId.CommandExecuted[20101] (Microsoft.EntityFrameworkCore.Database.Command) 
      Executed DbCommand (0ms) [Parameters=[], CommandType='Text', CommandTimeout='30']
      INSERT INTO "__EFMigrationsHistory" ("MigrationId", "ProductVersion")
      VALUES ('20250707145052_FixKineticChainNullableForeignKey', '9.0.6');
info: Microsoft.EntityFrameworkCore.Migrations[20402]
      Applying migration '20250708180111_UpdateMovementPatternsData'.
info: 7/12/2025 16:05:39.371 RelationalEventId.MigrationApplying[20402] (Microsoft.EntityFrameworkCore.Migrations) 
      Applying migration '20250708180111_UpdateMovementPatternsData'.
info: Microsoft.EntityFrameworkCore.Migrations[20402]
      Applying migration '20250708180111_UpdateMovementPatternsData'.
info: 7/12/2025 16:05:39.371 RelationalEventId.MigrationApplying[20402] (Microsoft.EntityFrameworkCore.Migrations) 
      Applying migration '20250708180111_UpdateMovementPatternsData'.
dbug: Microsoft.EntityFrameworkCore.Database.Command[20103]
      Creating DbCommand for 'ExecuteNonQuery'.
dbug: Microsoft.EntityFrameworkCore.Database.Command[20104]
      Created DbCommand for 'ExecuteNonQuery' (0ms).
dbug: Microsoft.EntityFrameworkCore.Database.Command[20106]
      Initialized DbCommand for 'ExecuteNonQuery' (0ms).
dbug: Microsoft.EntityFrameworkCore.Database.Command[20100]
      Executing DbCommand [Parameters=[], CommandType='Text', CommandTimeout='30']
                      -- Create temporary table to store existing pattern IDs
                      CREATE TEMP TABLE existing_patterns AS 
                      SELECT "Id", "Name" FROM "MovementPatterns" WHERE "Name" IN ('Push', 'Pull', 'Squat');
info: Microsoft.EntityFrameworkCore.Database.Command[20101]
      Executed DbCommand (1ms) [Parameters=[], CommandType='Text', CommandTimeout='30']
                      -- Create temporary table to store existing pattern IDs
                      CREATE TEMP TABLE existing_patterns AS 
                      SELECT "Id", "Name" FROM "MovementPatterns" WHERE "Name" IN ('Push', 'Pull', 'Squat');
info: 7/12/2025 16:05:39.378 RelationalEventId.CommandExecuted[20101] (Microsoft.EntityFrameworkCore.Database.Command) 
      Executed DbCommand (1ms) [Parameters=[], CommandType='Text', CommandTimeout='30']
                      -- Create temporary table to store existing pattern IDs
                      CREATE TEMP TABLE existing_patterns AS 
                      SELECT "Id", "Name" FROM "MovementPatterns" WHERE "Name" IN ('Push', 'Pull', 'Squat');
dbug: Microsoft.EntityFrameworkCore.Database.Command[20103]
      Creating DbCommand for 'ExecuteNonQuery'.
dbug: Microsoft.EntityFrameworkCore.Database.Command[20104]
      Created DbCommand for 'ExecuteNonQuery' (0ms).
dbug: Microsoft.EntityFrameworkCore.Database.Command[20106]
      Initialized DbCommand for 'ExecuteNonQuery' (0ms).
dbug: Microsoft.EntityFrameworkCore.Database.Command[20100]
      Executing DbCommand [Parameters=[], CommandType='Text', CommandTimeout='30']
                      UPDATE "MovementPatterns" 
                      SET "Description" = 'A lower-body, knee-dominant movement characterized by the simultaneous bending of the hips, knees, and ankles while maintaining a relatively upright torso. Examples: Barbell Back Squat, Goblet Squat, Air Squat.'
                      WHERE "Name" = 'Squat';
info: Microsoft.EntityFrameworkCore.Database.Command[20101]
      Executed DbCommand (0ms) [Parameters=[], CommandType='Text', CommandTimeout='30']
                      UPDATE "MovementPatterns" 
                      SET "Description" = 'A lower-body, knee-dominant movement characterized by the simultaneous bending of the hips, knees, and ankles while maintaining a relatively upright torso. Examples: Barbell Back Squat, Goblet Squat, Air Squat.'
                      WHERE "Name" = 'Squat';
info: 7/12/2025 16:05:39.378 RelationalEventId.CommandExecuted[20101] (Microsoft.EntityFrameworkCore.Database.Command) 
      Executed DbCommand (0ms) [Parameters=[], CommandType='Text', CommandTimeout='30']
                      UPDATE "MovementPatterns" 
                      SET "Description" = 'A lower-body, knee-dominant movement characterized by the simultaneous bending of the hips, knees, and ankles while maintaining a relatively upright torso. Examples: Barbell Back Squat, Goblet Squat, Air Squat.'
                      WHERE "Name" = 'Squat';
dbug: Microsoft.EntityFrameworkCore.Database.Command[20103]
      Creating DbCommand for 'ExecuteNonQuery'.
dbug: Microsoft.EntityFrameworkCore.Database.Command[20104]
      Created DbCommand for 'ExecuteNonQuery' (0ms).
dbug: Microsoft.EntityFrameworkCore.Database.Command[20106]
      Initialized DbCommand for 'ExecuteNonQuery' (0ms).
dbug: Microsoft.EntityFrameworkCore.Database.Command[20100]
      Executing DbCommand [Parameters=[], CommandType='Text', CommandTimeout='30']
                      -- Create temp tables to store the old IDs
                      CREATE TEMP TABLE push_id AS SELECT "Id" FROM "MovementPatterns" WHERE "Name" = 'Push';
                      CREATE TEMP TABLE pull_id AS SELECT "Id" FROM "MovementPatterns" WHERE "Name" = 'Pull';
info: Microsoft.EntityFrameworkCore.Database.Command[20101]
      Executed DbCommand (0ms) [Parameters=[], CommandType='Text', CommandTimeout='30']
                      -- Create temp tables to store the old IDs
                      CREATE TEMP TABLE push_id AS SELECT "Id" FROM "MovementPatterns" WHERE "Name" = 'Push';
                      CREATE TEMP TABLE pull_id AS SELECT "Id" FROM "MovementPatterns" WHERE "Name" = 'Pull';
info: 7/12/2025 16:05:39.378 RelationalEventId.CommandExecuted[20101] (Microsoft.EntityFrameworkCore.Database.Command) 
      Executed DbCommand (0ms) [Parameters=[], CommandType='Text', CommandTimeout='30']
                      -- Create temp tables to store the old IDs
                      CREATE TEMP TABLE push_id AS SELECT "Id" FROM "MovementPatterns" WHERE "Name" = 'Push';
                      CREATE TEMP TABLE pull_id AS SELECT "Id" FROM "MovementPatterns" WHERE "Name" = 'Pull';
dbug: Microsoft.EntityFrameworkCore.Database.Command[20103]
      Creating DbCommand for 'ExecuteNonQuery'.
dbug: Microsoft.EntityFrameworkCore.Database.Command[20104]
      Created DbCommand for 'ExecuteNonQuery' (0ms).
dbug: Microsoft.EntityFrameworkCore.Database.Command[20106]
      Initialized DbCommand for 'ExecuteNonQuery' (0ms).
dbug: Microsoft.EntityFrameworkCore.Database.Command[20100]
      Executing DbCommand [Parameters=[], CommandType='Text', CommandTimeout='30']
                      UPDATE "MovementPatterns" 
                      SET "Name" = 'Horizontal Push',
                          "Description" = 'Pushing forward, parallel to the ground. Examples: Bench Press, Push-up, Cable Chest Press.'
                      WHERE "Name" = 'Push';
info: Microsoft.EntityFrameworkCore.Database.Command[20101]
      Executed DbCommand (0ms) [Parameters=[], CommandType='Text', CommandTimeout='30']
                      UPDATE "MovementPatterns" 
                      SET "Name" = 'Horizontal Push',
                          "Description" = 'Pushing forward, parallel to the ground. Examples: Bench Press, Push-up, Cable Chest Press.'
                      WHERE "Name" = 'Push';
info: 7/12/2025 16:05:39.378 RelationalEventId.CommandExecuted[20101] (Microsoft.EntityFrameworkCore.Database.Command) 
      Executed DbCommand (0ms) [Parameters=[], CommandType='Text', CommandTimeout='30']
                      UPDATE "MovementPatterns" 
                      SET "Name" = 'Horizontal Push',
                          "Description" = 'Pushing forward, parallel to the ground. Examples: Bench Press, Push-up, Cable Chest Press.'
                      WHERE "Name" = 'Push';
dbug: Microsoft.EntityFrameworkCore.Database.Command[20103]
      Creating DbCommand for 'ExecuteNonQuery'.
dbug: Microsoft.EntityFrameworkCore.Database.Command[20104]
      Created DbCommand for 'ExecuteNonQuery' (0ms).
dbug: Microsoft.EntityFrameworkCore.Database.Command[20106]
      Initialized DbCommand for 'ExecuteNonQuery' (0ms).
dbug: Microsoft.EntityFrameworkCore.Database.Command[20100]
      Executing DbCommand [Parameters=[], CommandType='Text', CommandTimeout='30']
                      UPDATE "MovementPatterns" 
                      SET "Name" = 'Horizontal Pull',
                          "Description" = 'Pulling backward, parallel to the ground. Examples: Bent-Over Row, Seated Cable Row, Inverted Row.'
                      WHERE "Name" = 'Pull';
info: Microsoft.EntityFrameworkCore.Database.Command[20101]
      Executed DbCommand (0ms) [Parameters=[], CommandType='Text', CommandTimeout='30']
                      UPDATE "MovementPatterns" 
                      SET "Name" = 'Horizontal Pull',
                          "Description" = 'Pulling backward, parallel to the ground. Examples: Bent-Over Row, Seated Cable Row, Inverted Row.'
                      WHERE "Name" = 'Pull';
info: 7/12/2025 16:05:39.378 RelationalEventId.CommandExecuted[20101] (Microsoft.EntityFrameworkCore.Database.Command) 
      Executed DbCommand (0ms) [Parameters=[], CommandType='Text', CommandTimeout='30']
                      UPDATE "MovementPatterns" 
                      SET "Name" = 'Horizontal Pull',
                          "Description" = 'Pulling backward, parallel to the ground. Examples: Bent-Over Row, Seated Cable Row, Inverted Row.'
                      WHERE "Name" = 'Pull';
dbug: Microsoft.EntityFrameworkCore.Database.Command[20103]
      Creating DbCommand for 'ExecuteNonQuery'.
dbug: Microsoft.EntityFrameworkCore.Database.Command[20104]
      Created DbCommand for 'ExecuteNonQuery' (0ms).
dbug: Microsoft.EntityFrameworkCore.Database.Command[20106]
      Initialized DbCommand for 'ExecuteNonQuery' (0ms).
dbug: Microsoft.EntityFrameworkCore.Database.Command[20100]
      Executing DbCommand [Parameters=[], CommandType='Text', CommandTimeout='30']
                      -- Add Hinge
                      INSERT INTO "MovementPatterns" ("Id", "Name", "Description")
                      SELECT gen_random_uuid(), 'Hinge', 'A lower-body, hip-dominant movement involving flexion and extension primarily at the hip joint with minimal knee bend. This pattern is fundamental for lifting objects from the floor and developing the posterior chain. Examples: Deadlift, Kettlebell Swing, Good Morning.'
                      WHERE NOT EXISTS (SELECT 1 FROM "MovementPatterns" WHERE "Name" = 'Hinge');
                      -- Add Lunge
                      INSERT INTO "MovementPatterns" ("Id", "Name", "Description")
                      SELECT gen_random_uuid(), 'Lunge', 'A unilateral (single-leg focused) movement pattern that challenges balance, stability, and strength in a split stance. It is a key pattern for locomotion and single-leg stability. Examples: Forward Lunge, Reverse Lunge, Bulgarian Split Squat.'
                      WHERE NOT EXISTS (SELECT 1 FROM "MovementPatterns" WHERE "Name" = 'Lunge');
                      -- Add Vertical Push
                      INSERT INTO "MovementPatterns" ("Id", "Name", "Description")
                      SELECT gen_random_uuid(), 'Vertical Push', 'Pushing upward, overhead. Examples: Overhead Press, Dumbbell Shoulder Press, Handstand Push-up.'
                      WHERE NOT EXISTS (SELECT 1 FROM "MovementPatterns" WHERE "Name" = 'Vertical Push');
                      -- Add Vertical Pull
                      INSERT INTO "MovementPatterns" ("Id", "Name", "Description")
                      SELECT gen_random_uuid(), 'Vertical Pull', 'Pulling downward from an overhead position. Examples: Pull-up, Chin-up, Lat Pulldown.'
                      WHERE NOT EXISTS (SELECT 1 FROM "MovementPatterns" WHERE "Name" = 'Vertical Pull');
                      -- Add Carry
                      INSERT INTO "MovementPatterns" ("Id", "Name", "Description")
                      SELECT gen_random_uuid(), 'Carry', 'A pattern of locomotion (walking or running) while under an external load. This is considered highly functional as it integrates core stability with grip strength and full-body coordination. Examples: Farmer''s Walk, Suitcase Carry, Overhead Carry.'
                      WHERE NOT EXISTS (SELECT 1 FROM "MovementPatterns" WHERE "Name" = 'Carry');
                      -- Add Rotation/Anti-Rotation
                      INSERT INTO "MovementPatterns" ("Id", "Name", "Description")
                      SELECT gen_random_uuid(), 'Rotation/Anti-Rotation', 'A core-focused pattern involving either generating rotational force (twisting) or resisting it. This is crucial for athletic power transfer and spinal stability. Examples: Medicine Ball Rotational Throw (Rotation), Pallof Press (Anti-Rotation), Bird-Dog (Anti-Rotation).'
                      WHERE NOT EXISTS (SELECT 1 FROM "MovementPatterns" WHERE "Name" = 'Rotation/Anti-Rotation');
info: Microsoft.EntityFrameworkCore.Database.Command[20101]
      Executed DbCommand (0ms) [Parameters=[], CommandType='Text', CommandTimeout='30']
                      -- Add Hinge
                      INSERT INTO "MovementPatterns" ("Id", "Name", "Description")
                      SELECT gen_random_uuid(), 'Hinge', 'A lower-body, hip-dominant movement involving flexion and extension primarily at the hip joint with minimal knee bend. This pattern is fundamental for lifting objects from the floor and developing the posterior chain. Examples: Deadlift, Kettlebell Swing, Good Morning.'
                      WHERE NOT EXISTS (SELECT 1 FROM "MovementPatterns" WHERE "Name" = 'Hinge');
                      -- Add Lunge
                      INSERT INTO "MovementPatterns" ("Id", "Name", "Description")
                      SELECT gen_random_uuid(), 'Lunge', 'A unilateral (single-leg focused) movement pattern that challenges balance, stability, and strength in a split stance. It is a key pattern for locomotion and single-leg stability. Examples: Forward Lunge, Reverse Lunge, Bulgarian Split Squat.'
                      WHERE NOT EXISTS (SELECT 1 FROM "MovementPatterns" WHERE "Name" = 'Lunge');
                      -- Add Vertical Push
                      INSERT INTO "MovementPatterns" ("Id", "Name", "Description")
                      SELECT gen_random_uuid(), 'Vertical Push', 'Pushing upward, overhead. Examples: Overhead Press, Dumbbell Shoulder Press, Handstand Push-up.'
                      WHERE NOT EXISTS (SELECT 1 FROM "MovementPatterns" WHERE "Name" = 'Vertical Push');
                      -- Add Vertical Pull
                      INSERT INTO "MovementPatterns" ("Id", "Name", "Description")
                      SELECT gen_random_uuid(), 'Vertical Pull', 'Pulling downward from an overhead position. Examples: Pull-up, Chin-up, Lat Pulldown.'
                      WHERE NOT EXISTS (SELECT 1 FROM "MovementPatterns" WHERE "Name" = 'Vertical Pull');
                      -- Add Carry
                      INSERT INTO "MovementPatterns" ("Id", "Name", "Description")
                      SELECT gen_random_uuid(), 'Carry', 'A pattern of locomotion (walking or running) while under an external load. This is considered highly functional as it integrates core stability with grip strength and full-body coordination. Examples: Farmer''s Walk, Suitcase Carry, Overhead Carry.'
                      WHERE NOT EXISTS (SELECT 1 FROM "MovementPatterns" WHERE "Name" = 'Carry');
                      -- Add Rotation/Anti-Rotation
                      INSERT INTO "MovementPatterns" ("Id", "Name", "Description")
                      SELECT gen_random_uuid(), 'Rotation/Anti-Rotation', 'A core-focused pattern involving either generating rotational force (twisting) or resisting it. This is crucial for athletic power transfer and spinal stability. Examples: Medicine Ball Rotational Throw (Rotation), Pallof Press (Anti-Rotation), Bird-Dog (Anti-Rotation).'
                      WHERE NOT EXISTS (SELECT 1 FROM "MovementPatterns" WHERE "Name" = 'Rotation/Anti-Rotation');
info: 7/12/2025 16:05:39.379 RelationalEventId.CommandExecuted[20101] (Microsoft.EntityFrameworkCore.Database.Command) 
      Executed DbCommand (0ms) [Parameters=[], CommandType='Text', CommandTimeout='30']
                      -- Add Hinge
                      INSERT INTO "MovementPatterns" ("Id", "Name", "Description")
                      SELECT gen_random_uuid(), 'Hinge', 'A lower-body, hip-dominant movement involving flexion and extension primarily at the hip joint with minimal knee bend. This pattern is fundamental for lifting objects from the floor and developing the posterior chain. Examples: Deadlift, Kettlebell Swing, Good Morning.'
                      WHERE NOT EXISTS (SELECT 1 FROM "MovementPatterns" WHERE "Name" = 'Hinge');
                      -- Add Lunge
                      INSERT INTO "MovementPatterns" ("Id", "Name", "Description")
                      SELECT gen_random_uuid(), 'Lunge', 'A unilateral (single-leg focused) movement pattern that challenges balance, stability, and strength in a split stance. It is a key pattern for locomotion and single-leg stability. Examples: Forward Lunge, Reverse Lunge, Bulgarian Split Squat.'
                      WHERE NOT EXISTS (SELECT 1 FROM "MovementPatterns" WHERE "Name" = 'Lunge');
                      -- Add Vertical Push
                      INSERT INTO "MovementPatterns" ("Id", "Name", "Description")
                      SELECT gen_random_uuid(), 'Vertical Push', 'Pushing upward, overhead. Examples: Overhead Press, Dumbbell Shoulder Press, Handstand Push-up.'
                      WHERE NOT EXISTS (SELECT 1 FROM "MovementPatterns" WHERE "Name" = 'Vertical Push');
                      -- Add Vertical Pull
                      INSERT INTO "MovementPatterns" ("Id", "Name", "Description")
                      SELECT gen_random_uuid(), 'Vertical Pull', 'Pulling downward from an overhead position. Examples: Pull-up, Chin-up, Lat Pulldown.'
                      WHERE NOT EXISTS (SELECT 1 FROM "MovementPatterns" WHERE "Name" = 'Vertical Pull');
                      -- Add Carry
                      INSERT INTO "MovementPatterns" ("Id", "Name", "Description")
                      SELECT gen_random_uuid(), 'Carry', 'A pattern of locomotion (walking or running) while under an external load. This is considered highly functional as it integrates core stability with grip strength and full-body coordination. Examples: Farmer''s Walk, Suitcase Carry, Overhead Carry.'
                      WHERE NOT EXISTS (SELECT 1 FROM "MovementPatterns" WHERE "Name" = 'Carry');
                      -- Add Rotation/Anti-Rotation
                      INSERT INTO "MovementPatterns" ("Id", "Name", "Description")
                      SELECT gen_random_uuid(), 'Rotation/Anti-Rotation', 'A core-focused pattern involving either generating rotational force (twisting) or resisting it. This is crucial for athletic power transfer and spinal stability. Examples: Medicine Ball Rotational Throw (Rotation), Pallof Press (Anti-Rotation), Bird-Dog (Anti-Rotation).'
                      WHERE NOT EXISTS (SELECT 1 FROM "MovementPatterns" WHERE "Name" = 'Rotation/Anti-Rotation');
dbug: Microsoft.EntityFrameworkCore.Database.Command[20103]
      Creating DbCommand for 'ExecuteNonQuery'.
dbug: Microsoft.EntityFrameworkCore.Database.Command[20104]
      Created DbCommand for 'ExecuteNonQuery' (0ms).
dbug: Microsoft.EntityFrameworkCore.Database.Command[20106]
      Initialized DbCommand for 'ExecuteNonQuery' (0ms).
dbug: Microsoft.EntityFrameworkCore.Database.Command[20100]
      Executing DbCommand [Parameters=[], CommandType='Text', CommandTimeout='30']
                      DROP TABLE IF EXISTS existing_patterns;
                      DROP TABLE IF EXISTS push_id;
                      DROP TABLE IF EXISTS pull_id;
dbug: Microsoft.EntityFrameworkCore.Database.Command[20103]
      Creating DbCommand for 'ExecuteNonQuery'.
dbug: Microsoft.EntityFrameworkCore.Database.Command[20104]
      Created DbCommand for 'ExecuteNonQuery' (0ms).
dbug: Microsoft.EntityFrameworkCore.Database.Command[20106]
      Initialized DbCommand for 'ExecuteNonQuery' (0ms).
dbug: Microsoft.EntityFrameworkCore.Database.Command[20100]
      Executing DbCommand [Parameters=[], CommandType='Text', CommandTimeout='30']
                      -- Create temporary table to store existing pattern IDs
                      CREATE TEMP TABLE existing_patterns AS 
                      SELECT "Id", "Name" FROM "MovementPatterns" WHERE "Name" IN ('Push', 'Pull', 'Squat');
info: Microsoft.EntityFrameworkCore.Database.Command[20101]
      Executed DbCommand (1ms) [Parameters=[], CommandType='Text', CommandTimeout='30']
                      DROP TABLE IF EXISTS existing_patterns;
                      DROP TABLE IF EXISTS push_id;
                      DROP TABLE IF EXISTS pull_id;
info: 7/12/2025 16:05:39.380 RelationalEventId.CommandExecuted[20101] (Microsoft.EntityFrameworkCore.Database.Command) 
      Executed DbCommand (1ms) [Parameters=[], CommandType='Text', CommandTimeout='30']
                      DROP TABLE IF EXISTS existing_patterns;
                      DROP TABLE IF EXISTS push_id;
                      DROP TABLE IF EXISTS pull_id;
dbug: Microsoft.EntityFrameworkCore.Database.Command[20103]
      Creating DbCommand for 'ExecuteNonQuery'.
dbug: Microsoft.EntityFrameworkCore.Database.Command[20104]
      Created DbCommand for 'ExecuteNonQuery' (0ms).
dbug: Microsoft.EntityFrameworkCore.Database.Command[20106]
      Initialized DbCommand for 'ExecuteNonQuery' (0ms).
dbug: Microsoft.EntityFrameworkCore.Database.Command[20100]
      Executing DbCommand [Parameters=[], CommandType='Text', CommandTimeout='30']
      INSERT INTO "__EFMigrationsHistory" ("MigrationId", "ProductVersion")
      VALUES ('20250708180111_UpdateMovementPatternsData', '9.0.6');
info: Microsoft.EntityFrameworkCore.Database.Command[20101]
      Executed DbCommand (0ms) [Parameters=[], CommandType='Text', CommandTimeout='30']
      INSERT INTO "__EFMigrationsHistory" ("MigrationId", "ProductVersion")
      VALUES ('20250708180111_UpdateMovementPatternsData', '9.0.6');
info: 7/12/2025 16:05:39.380 RelationalEventId.CommandExecuted[20101] (Microsoft.EntityFrameworkCore.Database.Command) 
      Executed DbCommand (0ms) [Parameters=[], CommandType='Text', CommandTimeout='30']
      INSERT INTO "__EFMigrationsHistory" ("MigrationId", "ProductVersion")
      VALUES ('20250708180111_UpdateMovementPatternsData', '9.0.6');
info: Microsoft.EntityFrameworkCore.Migrations[20402]
      Applying migration '20250709084215_AddExerciseLinksTable'.
info: 7/12/2025 16:05:39.380 RelationalEventId.MigrationApplying[20402] (Microsoft.EntityFrameworkCore.Migrations) 
      Applying migration '20250709084215_AddExerciseLinksTable'.
info: Microsoft.EntityFrameworkCore.Database.Command[20101]
      Executed DbCommand (1ms) [Parameters=[], CommandType='Text', CommandTimeout='30']
                      -- Create temporary table to store existing pattern IDs
                      CREATE TEMP TABLE existing_patterns AS 
                      SELECT "Id", "Name" FROM "MovementPatterns" WHERE "Name" IN ('Push', 'Pull', 'Squat');
info: 7/12/2025 16:05:39.380 RelationalEventId.CommandExecuted[20101] (Microsoft.EntityFrameworkCore.Database.Command) 
      Executed DbCommand (1ms) [Parameters=[], CommandType='Text', CommandTimeout='30']
                      -- Create temporary table to store existing pattern IDs
                      CREATE TEMP TABLE existing_patterns AS 
                      SELECT "Id", "Name" FROM "MovementPatterns" WHERE "Name" IN ('Push', 'Pull', 'Squat');
dbug: Microsoft.EntityFrameworkCore.Database.Command[20103]
      Creating DbCommand for 'ExecuteNonQuery'.
dbug: Microsoft.EntityFrameworkCore.Database.Command[20104]
      Created DbCommand for 'ExecuteNonQuery' (0ms).
dbug: Microsoft.EntityFrameworkCore.Database.Command[20106]
      Initialized DbCommand for 'ExecuteNonQuery' (0ms).
dbug: Microsoft.EntityFrameworkCore.Database.Command[20100]
      Executing DbCommand [Parameters=[], CommandType='Text', CommandTimeout='30']
                      UPDATE "MovementPatterns" 
                      SET "Description" = 'A lower-body, knee-dominant movement characterized by the simultaneous bending of the hips, knees, and ankles while maintaining a relatively upright torso. Examples: Barbell Back Squat, Goblet Squat, Air Squat.'
                      WHERE "Name" = 'Squat';
info: Microsoft.EntityFrameworkCore.Database.Command[20101]
      Executed DbCommand (0ms) [Parameters=[], CommandType='Text', CommandTimeout='30']
                      UPDATE "MovementPatterns" 
                      SET "Description" = 'A lower-body, knee-dominant movement characterized by the simultaneous bending of the hips, knees, and ankles while maintaining a relatively upright torso. Examples: Barbell Back Squat, Goblet Squat, Air Squat.'
                      WHERE "Name" = 'Squat';
info: 7/12/2025 16:05:39.381 RelationalEventId.CommandExecuted[20101] (Microsoft.EntityFrameworkCore.Database.Command) 
      Executed DbCommand (0ms) [Parameters=[], CommandType='Text', CommandTimeout='30']
                      UPDATE "MovementPatterns" 
                      SET "Description" = 'A lower-body, knee-dominant movement characterized by the simultaneous bending of the hips, knees, and ankles while maintaining a relatively upright torso. Examples: Barbell Back Squat, Goblet Squat, Air Squat.'
                      WHERE "Name" = 'Squat';
dbug: Microsoft.EntityFrameworkCore.Database.Command[20103]
      Creating DbCommand for 'ExecuteNonQuery'.
dbug: Microsoft.EntityFrameworkCore.Database.Command[20104]
      Created DbCommand for 'ExecuteNonQuery' (0ms).
dbug: Microsoft.EntityFrameworkCore.Database.Command[20106]
      Initialized DbCommand for 'ExecuteNonQuery' (0ms).
dbug: Microsoft.EntityFrameworkCore.Database.Command[20100]
      Executing DbCommand [Parameters=[], CommandType='Text', CommandTimeout='30']
                      -- Create temp tables to store the old IDs
                      CREATE TEMP TABLE push_id AS SELECT "Id" FROM "MovementPatterns" WHERE "Name" = 'Push';
                      CREATE TEMP TABLE pull_id AS SELECT "Id" FROM "MovementPatterns" WHERE "Name" = 'Pull';
info: Microsoft.EntityFrameworkCore.Database.Command[20101]
      Executed DbCommand (1ms) [Parameters=[], CommandType='Text', CommandTimeout='30']
                      -- Create temp tables to store the old IDs
                      CREATE TEMP TABLE push_id AS SELECT "Id" FROM "MovementPatterns" WHERE "Name" = 'Push';
                      CREATE TEMP TABLE pull_id AS SELECT "Id" FROM "MovementPatterns" WHERE "Name" = 'Pull';
info: 7/12/2025 16:05:39.381 RelationalEventId.CommandExecuted[20101] (Microsoft.EntityFrameworkCore.Database.Command) 
      Executed DbCommand (1ms) [Parameters=[], CommandType='Text', CommandTimeout='30']
                      -- Create temp tables to store the old IDs
                      CREATE TEMP TABLE push_id AS SELECT "Id" FROM "MovementPatterns" WHERE "Name" = 'Push';
                      CREATE TEMP TABLE pull_id AS SELECT "Id" FROM "MovementPatterns" WHERE "Name" = 'Pull';
dbug: Microsoft.EntityFrameworkCore.Database.Command[20103]
      Creating DbCommand for 'ExecuteNonQuery'.
dbug: Microsoft.EntityFrameworkCore.Database.Command[20104]
      Created DbCommand for 'ExecuteNonQuery' (0ms).
dbug: Microsoft.EntityFrameworkCore.Database.Command[20106]
      Initialized DbCommand for 'ExecuteNonQuery' (0ms).
dbug: Microsoft.EntityFrameworkCore.Database.Command[20100]
      Executing DbCommand [Parameters=[], CommandType='Text', CommandTimeout='30']
                      UPDATE "MovementPatterns" 
                      SET "Name" = 'Horizontal Push',
                          "Description" = 'Pushing forward, parallel to the ground. Examples: Bench Press, Push-up, Cable Chest Press.'
                      WHERE "Name" = 'Push';
info: Microsoft.EntityFrameworkCore.Database.Command[20101]
      Executed DbCommand (0ms) [Parameters=[], CommandType='Text', CommandTimeout='30']
                      UPDATE "MovementPatterns" 
                      SET "Name" = 'Horizontal Push',
                          "Description" = 'Pushing forward, parallel to the ground. Examples: Bench Press, Push-up, Cable Chest Press.'
                      WHERE "Name" = 'Push';
info: 7/12/2025 16:05:39.382 RelationalEventId.CommandExecuted[20101] (Microsoft.EntityFrameworkCore.Database.Command) 
      Executed DbCommand (0ms) [Parameters=[], CommandType='Text', CommandTimeout='30']
                      UPDATE "MovementPatterns" 
                      SET "Name" = 'Horizontal Push',
                          "Description" = 'Pushing forward, parallel to the ground. Examples: Bench Press, Push-up, Cable Chest Press.'
                      WHERE "Name" = 'Push';
dbug: Microsoft.EntityFrameworkCore.Database.Command[20103]
      Creating DbCommand for 'ExecuteNonQuery'.
dbug: Microsoft.EntityFrameworkCore.Database.Command[20104]
      Created DbCommand for 'ExecuteNonQuery' (0ms).
dbug: Microsoft.EntityFrameworkCore.Database.Command[20106]
      Initialized DbCommand for 'ExecuteNonQuery' (0ms).
dbug: Microsoft.EntityFrameworkCore.Database.Command[20100]
      Executing DbCommand [Parameters=[], CommandType='Text', CommandTimeout='30']
                      UPDATE "MovementPatterns" 
                      SET "Name" = 'Horizontal Pull',
                          "Description" = 'Pulling backward, parallel to the ground. Examples: Bent-Over Row, Seated Cable Row, Inverted Row.'
                      WHERE "Name" = 'Pull';
info: Microsoft.EntityFrameworkCore.Database.Command[20101]
      Executed DbCommand (0ms) [Parameters=[], CommandType='Text', CommandTimeout='30']
                      UPDATE "MovementPatterns" 
                      SET "Name" = 'Horizontal Pull',
                          "Description" = 'Pulling backward, parallel to the ground. Examples: Bent-Over Row, Seated Cable Row, Inverted Row.'
                      WHERE "Name" = 'Pull';
info: 7/12/2025 16:05:39.382 RelationalEventId.CommandExecuted[20101] (Microsoft.EntityFrameworkCore.Database.Command) 
      Executed DbCommand (0ms) [Parameters=[], CommandType='Text', CommandTimeout='30']
                      UPDATE "MovementPatterns" 
                      SET "Name" = 'Horizontal Pull',
                          "Description" = 'Pulling backward, parallel to the ground. Examples: Bent-Over Row, Seated Cable Row, Inverted Row.'
                      WHERE "Name" = 'Pull';
dbug: Microsoft.EntityFrameworkCore.Database.Command[20103]
      Creating DbCommand for 'ExecuteNonQuery'.
dbug: Microsoft.EntityFrameworkCore.Database.Command[20104]
      Created DbCommand for 'ExecuteNonQuery' (0ms).
dbug: Microsoft.EntityFrameworkCore.Database.Command[20106]
      Initialized DbCommand for 'ExecuteNonQuery' (0ms).
dbug: Microsoft.EntityFrameworkCore.Database.Command[20100]
      Executing DbCommand [Parameters=[], CommandType='Text', CommandTimeout='30']
                      -- Add Hinge
                      INSERT INTO "MovementPatterns" ("Id", "Name", "Description")
                      SELECT gen_random_uuid(), 'Hinge', 'A lower-body, hip-dominant movement involving flexion and extension primarily at the hip joint with minimal knee bend. This pattern is fundamental for lifting objects from the floor and developing the posterior chain. Examples: Deadlift, Kettlebell Swing, Good Morning.'
                      WHERE NOT EXISTS (SELECT 1 FROM "MovementPatterns" WHERE "Name" = 'Hinge');
                      -- Add Lunge
                      INSERT INTO "MovementPatterns" ("Id", "Name", "Description")
                      SELECT gen_random_uuid(), 'Lunge', 'A unilateral (single-leg focused) movement pattern that challenges balance, stability, and strength in a split stance. It is a key pattern for locomotion and single-leg stability. Examples: Forward Lunge, Reverse Lunge, Bulgarian Split Squat.'
                      WHERE NOT EXISTS (SELECT 1 FROM "MovementPatterns" WHERE "Name" = 'Lunge');
                      -- Add Vertical Push
                      INSERT INTO "MovementPatterns" ("Id", "Name", "Description")
                      SELECT gen_random_uuid(), 'Vertical Push', 'Pushing upward, overhead. Examples: Overhead Press, Dumbbell Shoulder Press, Handstand Push-up.'
                      WHERE NOT EXISTS (SELECT 1 FROM "MovementPatterns" WHERE "Name" = 'Vertical Push');
                      -- Add Vertical Pull
                      INSERT INTO "MovementPatterns" ("Id", "Name", "Description")
                      SELECT gen_random_uuid(), 'Vertical Pull', 'Pulling downward from an overhead position. Examples: Pull-up, Chin-up, Lat Pulldown.'
                      WHERE NOT EXISTS (SELECT 1 FROM "MovementPatterns" WHERE "Name" = 'Vertical Pull');
                      -- Add Carry
                      INSERT INTO "MovementPatterns" ("Id", "Name", "Description")
                      SELECT gen_random_uuid(), 'Carry', 'A pattern of locomotion (walking or running) while under an external load. This is considered highly functional as it integrates core stability with grip strength and full-body coordination. Examples: Farmer''s Walk, Suitcase Carry, Overhead Carry.'
                      WHERE NOT EXISTS (SELECT 1 FROM "MovementPatterns" WHERE "Name" = 'Carry');
                      -- Add Rotation/Anti-Rotation
                      INSERT INTO "MovementPatterns" ("Id", "Name", "Description")
                      SELECT gen_random_uuid(), 'Rotation/Anti-Rotation', 'A core-focused pattern involving either generating rotational force (twisting) or resisting it. This is crucial for athletic power transfer and spinal stability. Examples: Medicine Ball Rotational Throw (Rotation), Pallof Press (Anti-Rotation), Bird-Dog (Anti-Rotation).'
                      WHERE NOT EXISTS (SELECT 1 FROM "MovementPatterns" WHERE "Name" = 'Rotation/Anti-Rotation');
info: Microsoft.EntityFrameworkCore.Database.Command[20101]
      Executed DbCommand (1ms) [Parameters=[], CommandType='Text', CommandTimeout='30']
                      -- Add Hinge
                      INSERT INTO "MovementPatterns" ("Id", "Name", "Description")
                      SELECT gen_random_uuid(), 'Hinge', 'A lower-body, hip-dominant movement involving flexion and extension primarily at the hip joint with minimal knee bend. This pattern is fundamental for lifting objects from the floor and developing the posterior chain. Examples: Deadlift, Kettlebell Swing, Good Morning.'
                      WHERE NOT EXISTS (SELECT 1 FROM "MovementPatterns" WHERE "Name" = 'Hinge');
                      -- Add Lunge
                      INSERT INTO "MovementPatterns" ("Id", "Name", "Description")
                      SELECT gen_random_uuid(), 'Lunge', 'A unilateral (single-leg focused) movement pattern that challenges balance, stability, and strength in a split stance. It is a key pattern for locomotion and single-leg stability. Examples: Forward Lunge, Reverse Lunge, Bulgarian Split Squat.'
                      WHERE NOT EXISTS (SELECT 1 FROM "MovementPatterns" WHERE "Name" = 'Lunge');
                      -- Add Vertical Push
                      INSERT INTO "MovementPatterns" ("Id", "Name", "Description")
                      SELECT gen_random_uuid(), 'Vertical Push', 'Pushing upward, overhead. Examples: Overhead Press, Dumbbell Shoulder Press, Handstand Push-up.'
                      WHERE NOT EXISTS (SELECT 1 FROM "MovementPatterns" WHERE "Name" = 'Vertical Push');
                      -- Add Vertical Pull
                      INSERT INTO "MovementPatterns" ("Id", "Name", "Description")
                      SELECT gen_random_uuid(), 'Vertical Pull', 'Pulling downward from an overhead position. Examples: Pull-up, Chin-up, Lat Pulldown.'
                      WHERE NOT EXISTS (SELECT 1 FROM "MovementPatterns" WHERE "Name" = 'Vertical Pull');
                      -- Add Carry
                      INSERT INTO "MovementPatterns" ("Id", "Name", "Description")
                      SELECT gen_random_uuid(), 'Carry', 'A pattern of locomotion (walking or running) while under an external load. This is considered highly functional as it integrates core stability with grip strength and full-body coordination. Examples: Farmer''s Walk, Suitcase Carry, Overhead Carry.'
                      WHERE NOT EXISTS (SELECT 1 FROM "MovementPatterns" WHERE "Name" = 'Carry');
                      -- Add Rotation/Anti-Rotation
                      INSERT INTO "MovementPatterns" ("Id", "Name", "Description")
                      SELECT gen_random_uuid(), 'Rotation/Anti-Rotation', 'A core-focused pattern involving either generating rotational force (twisting) or resisting it. This is crucial for athletic power transfer and spinal stability. Examples: Medicine Ball Rotational Throw (Rotation), Pallof Press (Anti-Rotation), Bird-Dog (Anti-Rotation).'
                      WHERE NOT EXISTS (SELECT 1 FROM "MovementPatterns" WHERE "Name" = 'Rotation/Anti-Rotation');
info: 7/12/2025 16:05:39.382 RelationalEventId.CommandExecuted[20101] (Microsoft.EntityFrameworkCore.Database.Command) 
      Executed DbCommand (1ms) [Parameters=[], CommandType='Text', CommandTimeout='30']
                      -- Add Hinge
                      INSERT INTO "MovementPatterns" ("Id", "Name", "Description")
                      SELECT gen_random_uuid(), 'Hinge', 'A lower-body, hip-dominant movement involving flexion and extension primarily at the hip joint with minimal knee bend. This pattern is fundamental for lifting objects from the floor and developing the posterior chain. Examples: Deadlift, Kettlebell Swing, Good Morning.'
                      WHERE NOT EXISTS (SELECT 1 FROM "MovementPatterns" WHERE "Name" = 'Hinge');
                      -- Add Lunge
                      INSERT INTO "MovementPatterns" ("Id", "Name", "Description")
                      SELECT gen_random_uuid(), 'Lunge', 'A unilateral (single-leg focused) movement pattern that challenges balance, stability, and strength in a split stance. It is a key pattern for locomotion and single-leg stability. Examples: Forward Lunge, Reverse Lunge, Bulgarian Split Squat.'
                      WHERE NOT EXISTS (SELECT 1 FROM "MovementPatterns" WHERE "Name" = 'Lunge');
                      -- Add Vertical Push
                      INSERT INTO "MovementPatterns" ("Id", "Name", "Description")
                      SELECT gen_random_uuid(), 'Vertical Push', 'Pushing upward, overhead. Examples: Overhead Press, Dumbbell Shoulder Press, Handstand Push-up.'
                      WHERE NOT EXISTS (SELECT 1 FROM "MovementPatterns" WHERE "Name" = 'Vertical Push');
                      -- Add Vertical Pull
                      INSERT INTO "MovementPatterns" ("Id", "Name", "Description")
                      SELECT gen_random_uuid(), 'Vertical Pull', 'Pulling downward from an overhead position. Examples: Pull-up, Chin-up, Lat Pulldown.'
                      WHERE NOT EXISTS (SELECT 1 FROM "MovementPatterns" WHERE "Name" = 'Vertical Pull');
                      -- Add Carry
                      INSERT INTO "MovementPatterns" ("Id", "Name", "Description")
                      SELECT gen_random_uuid(), 'Carry', 'A pattern of locomotion (walking or running) while under an external load. This is considered highly functional as it integrates core stability with grip strength and full-body coordination. Examples: Farmer''s Walk, Suitcase Carry, Overhead Carry.'
                      WHERE NOT EXISTS (SELECT 1 FROM "MovementPatterns" WHERE "Name" = 'Carry');
                      -- Add Rotation/Anti-Rotation
                      INSERT INTO "MovementPatterns" ("Id", "Name", "Description")
                      SELECT gen_random_uuid(), 'Rotation/Anti-Rotation', 'A core-focused pattern involving either generating rotational force (twisting) or resisting it. This is crucial for athletic power transfer and spinal stability. Examples: Medicine Ball Rotational Throw (Rotation), Pallof Press (Anti-Rotation), Bird-Dog (Anti-Rotation).'
                      WHERE NOT EXISTS (SELECT 1 FROM "MovementPatterns" WHERE "Name" = 'Rotation/Anti-Rotation');
dbug: Microsoft.EntityFrameworkCore.Database.Command[20103]
      Creating DbCommand for 'ExecuteNonQuery'.
dbug: Microsoft.EntityFrameworkCore.Database.Command[20104]
      Created DbCommand for 'ExecuteNonQuery' (0ms).
dbug: Microsoft.EntityFrameworkCore.Database.Command[20106]
      Initialized DbCommand for 'ExecuteNonQuery' (0ms).
dbug: Microsoft.EntityFrameworkCore.Database.Command[20100]
      Executing DbCommand [Parameters=[], CommandType='Text', CommandTimeout='30']
                      DROP TABLE IF EXISTS existing_patterns;
                      DROP TABLE IF EXISTS push_id;
                      DROP TABLE IF EXISTS pull_id;
info: Microsoft.EntityFrameworkCore.Database.Command[20101]
      Executed DbCommand (1ms) [Parameters=[], CommandType='Text', CommandTimeout='30']
                      DROP TABLE IF EXISTS existing_patterns;
                      DROP TABLE IF EXISTS push_id;
                      DROP TABLE IF EXISTS pull_id;
info: 7/12/2025 16:05:39.383 RelationalEventId.CommandExecuted[20101] (Microsoft.EntityFrameworkCore.Database.Command) 
      Executed DbCommand (1ms) [Parameters=[], CommandType='Text', CommandTimeout='30']
                      DROP TABLE IF EXISTS existing_patterns;
                      DROP TABLE IF EXISTS push_id;
                      DROP TABLE IF EXISTS pull_id;
dbug: Microsoft.EntityFrameworkCore.Database.Command[20103]
      Creating DbCommand for 'ExecuteNonQuery'.
dbug: Microsoft.EntityFrameworkCore.Database.Command[20104]
      Created DbCommand for 'ExecuteNonQuery' (0ms).
dbug: Microsoft.EntityFrameworkCore.Database.Command[20106]
      Initialized DbCommand for 'ExecuteNonQuery' (0ms).
dbug: Microsoft.EntityFrameworkCore.Database.Command[20100]
      Executing DbCommand [Parameters=[], CommandType='Text', CommandTimeout='30']
      INSERT INTO "__EFMigrationsHistory" ("MigrationId", "ProductVersion")
      VALUES ('20250708180111_UpdateMovementPatternsData', '9.0.6');
info: Microsoft.EntityFrameworkCore.Database.Command[20101]
      Executed DbCommand (0ms) [Parameters=[], CommandType='Text', CommandTimeout='30']
      INSERT INTO "__EFMigrationsHistory" ("MigrationId", "ProductVersion")
      VALUES ('20250708180111_UpdateMovementPatternsData', '9.0.6');
info: 7/12/2025 16:05:39.384 RelationalEventId.CommandExecuted[20101] (Microsoft.EntityFrameworkCore.Database.Command) 
      Executed DbCommand (0ms) [Parameters=[], CommandType='Text', CommandTimeout='30']
      INSERT INTO "__EFMigrationsHistory" ("MigrationId", "ProductVersion")
      VALUES ('20250708180111_UpdateMovementPatternsData', '9.0.6');
info: Microsoft.EntityFrameworkCore.Migrations[20402]
      Applying migration '20250709084215_AddExerciseLinksTable'.
info: 7/12/2025 16:05:39.384 RelationalEventId.MigrationApplying[20402] (Microsoft.EntityFrameworkCore.Migrations) 
      Applying migration '20250709084215_AddExerciseLinksTable'.
dbug: Microsoft.EntityFrameworkCore.Database.Command[20103]
      Creating DbCommand for 'ExecuteNonQuery'.
dbug: Microsoft.EntityFrameworkCore.Database.Command[20104]
      Created DbCommand for 'ExecuteNonQuery' (0ms).
dbug: Microsoft.EntityFrameworkCore.Database.Command[20106]
      Initialized DbCommand for 'ExecuteNonQuery' (0ms).
dbug: Microsoft.EntityFrameworkCore.Database.Command[20100]
      Executing DbCommand [Parameters=[], CommandType='Text', CommandTimeout='30']
      CREATE TABLE "ExerciseLinks" (
          "Id" uuid NOT NULL,
          "SourceExerciseId" uuid NOT NULL,
          "TargetExerciseId" uuid NOT NULL,
          "LinkType" character varying(10) NOT NULL,
          "DisplayOrder" integer NOT NULL,
          "IsActive" boolean NOT NULL,
          "CreatedAt" timestamp with time zone NOT NULL,
          "UpdatedAt" timestamp with time zone NOT NULL,
          CONSTRAINT "PK_ExerciseLinks" PRIMARY KEY ("Id"),
          CONSTRAINT "FK_ExerciseLinks_Exercises_SourceExerciseId" FOREIGN KEY ("SourceExerciseId") REFERENCES "Exercises" ("Id") ON DELETE RESTRICT,
          CONSTRAINT "FK_ExerciseLinks_Exercises_TargetExerciseId" FOREIGN KEY ("TargetExerciseId") REFERENCES "Exercises" ("Id") ON DELETE RESTRICT
      );
info: Microsoft.EntityFrameworkCore.Database.Command[20101]
      Executed DbCommand (1ms) [Parameters=[], CommandType='Text', CommandTimeout='30']
      CREATE TABLE "ExerciseLinks" (
          "Id" uuid NOT NULL,
          "SourceExerciseId" uuid NOT NULL,
          "TargetExerciseId" uuid NOT NULL,
          "LinkType" character varying(10) NOT NULL,
          "DisplayOrder" integer NOT NULL,
          "IsActive" boolean NOT NULL,
          "CreatedAt" timestamp with time zone NOT NULL,
          "UpdatedAt" timestamp with time zone NOT NULL,
          CONSTRAINT "PK_ExerciseLinks" PRIMARY KEY ("Id"),
          CONSTRAINT "FK_ExerciseLinks_Exercises_SourceExerciseId" FOREIGN KEY ("SourceExerciseId") REFERENCES "Exercises" ("Id") ON DELETE RESTRICT,
          CONSTRAINT "FK_ExerciseLinks_Exercises_TargetExerciseId" FOREIGN KEY ("TargetExerciseId") REFERENCES "Exercises" ("Id") ON DELETE RESTRICT
      );
info: 7/12/2025 16:05:39.396 RelationalEventId.CommandExecuted[20101] (Microsoft.EntityFrameworkCore.Database.Command) 
      Executed DbCommand (1ms) [Parameters=[], CommandType='Text', CommandTimeout='30']
      CREATE TABLE "ExerciseLinks" (
          "Id" uuid NOT NULL,
          "SourceExerciseId" uuid NOT NULL,
          "TargetExerciseId" uuid NOT NULL,
          "LinkType" character varying(10) NOT NULL,
          "DisplayOrder" integer NOT NULL,
          "IsActive" boolean NOT NULL,
          "CreatedAt" timestamp with time zone NOT NULL,
          "UpdatedAt" timestamp with time zone NOT NULL,
          CONSTRAINT "PK_ExerciseLinks" PRIMARY KEY ("Id"),
          CONSTRAINT "FK_ExerciseLinks_Exercises_SourceExerciseId" FOREIGN KEY ("SourceExerciseId") REFERENCES "Exercises" ("Id") ON DELETE RESTRICT,
          CONSTRAINT "FK_ExerciseLinks_Exercises_TargetExerciseId" FOREIGN KEY ("TargetExerciseId") REFERENCES "Exercises" ("Id") ON DELETE RESTRICT
      );
dbug: Microsoft.EntityFrameworkCore.Database.Command[20103]
      Creating DbCommand for 'ExecuteNonQuery'.
dbug: Microsoft.EntityFrameworkCore.Database.Command[20104]
      Created DbCommand for 'ExecuteNonQuery' (0ms).
dbug: Microsoft.EntityFrameworkCore.Database.Command[20106]
      Initialized DbCommand for 'ExecuteNonQuery' (0ms).
dbug: Microsoft.EntityFrameworkCore.Database.Command[20100]
      Executing DbCommand [Parameters=[], CommandType='Text', CommandTimeout='30']
      CREATE UNIQUE INDEX "IX_ExerciseLink_Source_Target_Type_Unique" ON "ExerciseLinks" ("SourceExerciseId", "TargetExerciseId", "LinkType");
info: Microsoft.EntityFrameworkCore.Database.Command[20101]
      Executed DbCommand (0ms) [Parameters=[], CommandType='Text', CommandTimeout='30']
      CREATE UNIQUE INDEX "IX_ExerciseLink_Source_Target_Type_Unique" ON "ExerciseLinks" ("SourceExerciseId", "TargetExerciseId", "LinkType");
info: 7/12/2025 16:05:39.396 RelationalEventId.CommandExecuted[20101] (Microsoft.EntityFrameworkCore.Database.Command) 
      Executed DbCommand (0ms) [Parameters=[], CommandType='Text', CommandTimeout='30']
      CREATE UNIQUE INDEX "IX_ExerciseLink_Source_Target_Type_Unique" ON "ExerciseLinks" ("SourceExerciseId", "TargetExerciseId", "LinkType");
dbug: Microsoft.EntityFrameworkCore.Database.Command[20103]
      Creating DbCommand for 'ExecuteNonQuery'.
dbug: Microsoft.EntityFrameworkCore.Database.Command[20104]
      Created DbCommand for 'ExecuteNonQuery' (0ms).
dbug: Microsoft.EntityFrameworkCore.Database.Command[20106]
      Initialized DbCommand for 'ExecuteNonQuery' (0ms).
dbug: Microsoft.EntityFrameworkCore.Database.Command[20100]
      Executing DbCommand [Parameters=[], CommandType='Text', CommandTimeout='30']
      CREATE INDEX "IX_ExerciseLink_SourceExerciseId_LinkType" ON "ExerciseLinks" ("SourceExerciseId", "LinkType");
info: Microsoft.EntityFrameworkCore.Database.Command[20101]
      Executed DbCommand (0ms) [Parameters=[], CommandType='Text', CommandTimeout='30']
      CREATE INDEX "IX_ExerciseLink_SourceExerciseId_LinkType" ON "ExerciseLinks" ("SourceExerciseId", "LinkType");
info: 7/12/2025 16:05:39.397 RelationalEventId.CommandExecuted[20101] (Microsoft.EntityFrameworkCore.Database.Command) 
      Executed DbCommand (0ms) [Parameters=[], CommandType='Text', CommandTimeout='30']
      CREATE INDEX "IX_ExerciseLink_SourceExerciseId_LinkType" ON "ExerciseLinks" ("SourceExerciseId", "LinkType");
dbug: Microsoft.EntityFrameworkCore.Database.Command[20103]
      Creating DbCommand for 'ExecuteNonQuery'.
dbug: Microsoft.EntityFrameworkCore.Database.Command[20104]
      Created DbCommand for 'ExecuteNonQuery' (0ms).
dbug: Microsoft.EntityFrameworkCore.Database.Command[20106]
      Initialized DbCommand for 'ExecuteNonQuery' (0ms).
dbug: Microsoft.EntityFrameworkCore.Database.Command[20100]
      Executing DbCommand [Parameters=[], CommandType='Text', CommandTimeout='30']
      CREATE INDEX "IX_ExerciseLink_TargetExerciseId" ON "ExerciseLinks" ("TargetExerciseId");
info: Microsoft.EntityFrameworkCore.Database.Command[20101]
      Executed DbCommand (0ms) [Parameters=[], CommandType='Text', CommandTimeout='30']
      CREATE INDEX "IX_ExerciseLink_TargetExerciseId" ON "ExerciseLinks" ("TargetExerciseId");
info: 7/12/2025 16:05:39.397 RelationalEventId.CommandExecuted[20101] (Microsoft.EntityFrameworkCore.Database.Command) 
      Executed DbCommand (0ms) [Parameters=[], CommandType='Text', CommandTimeout='30']
      CREATE INDEX "IX_ExerciseLink_TargetExerciseId" ON "ExerciseLinks" ("TargetExerciseId");
dbug: Microsoft.EntityFrameworkCore.Database.Command[20103]
      Creating DbCommand for 'ExecuteNonQuery'.
dbug: Microsoft.EntityFrameworkCore.Database.Command[20104]
      Created DbCommand for 'ExecuteNonQuery' (0ms).
dbug: Microsoft.EntityFrameworkCore.Database.Command[20106]
      Initialized DbCommand for 'ExecuteNonQuery' (0ms).
dbug: Microsoft.EntityFrameworkCore.Database.Command[20100]
      Executing DbCommand [Parameters=[], CommandType='Text', CommandTimeout='30']
      INSERT INTO "__EFMigrationsHistory" ("MigrationId", "ProductVersion")
      VALUES ('20250709084215_AddExerciseLinksTable', '9.0.6');
info: Microsoft.EntityFrameworkCore.Database.Command[20101]
      Executed DbCommand (0ms) [Parameters=[], CommandType='Text', CommandTimeout='30']
      INSERT INTO "__EFMigrationsHistory" ("MigrationId", "ProductVersion")
      VALUES ('20250709084215_AddExerciseLinksTable', '9.0.6');
info: 7/12/2025 16:05:39.397 RelationalEventId.CommandExecuted[20101] (Microsoft.EntityFrameworkCore.Database.Command) 
      Executed DbCommand (0ms) [Parameters=[], CommandType='Text', CommandTimeout='30']
      INSERT INTO "__EFMigrationsHistory" ("MigrationId", "ProductVersion")
      VALUES ('20250709084215_AddExerciseLinksTable', '9.0.6');
info: Microsoft.EntityFrameworkCore.Migrations[20402]
      Applying migration '20250710203453_AddExerciseWeightTypeTable'.
info: 7/12/2025 16:05:39.397 RelationalEventId.MigrationApplying[20402] (Microsoft.EntityFrameworkCore.Migrations) 
      Applying migration '20250710203453_AddExerciseWeightTypeTable'.
dbug: Microsoft.EntityFrameworkCore.Database.Command[20103]
      Creating DbCommand for 'ExecuteNonQuery'.
dbug: Microsoft.EntityFrameworkCore.Database.Command[20104]
      Created DbCommand for 'ExecuteNonQuery' (0ms).
dbug: Microsoft.EntityFrameworkCore.Database.Command[20106]
      Initialized DbCommand for 'ExecuteNonQuery' (0ms).
dbug: Microsoft.EntityFrameworkCore.Database.Command[20100]
      Executing DbCommand [Parameters=[], CommandType='Text', CommandTimeout='30']
      CREATE TABLE "ExerciseLinks" (
          "Id" uuid NOT NULL,
          "SourceExerciseId" uuid NOT NULL,
          "TargetExerciseId" uuid NOT NULL,
          "LinkType" character varying(10) NOT NULL,
          "DisplayOrder" integer NOT NULL,
          "IsActive" boolean NOT NULL,
          "CreatedAt" timestamp with time zone NOT NULL,
          "UpdatedAt" timestamp with time zone NOT NULL,
          CONSTRAINT "PK_ExerciseLinks" PRIMARY KEY ("Id"),
          CONSTRAINT "FK_ExerciseLinks_Exercises_SourceExerciseId" FOREIGN KEY ("SourceExerciseId") REFERENCES "Exercises" ("Id") ON DELETE RESTRICT,
          CONSTRAINT "FK_ExerciseLinks_Exercises_TargetExerciseId" FOREIGN KEY ("TargetExerciseId") REFERENCES "Exercises" ("Id") ON DELETE RESTRICT
      );
info: Microsoft.EntityFrameworkCore.Database.Command[20101]
      Executed DbCommand (1ms) [Parameters=[], CommandType='Text', CommandTimeout='30']
      CREATE TABLE "ExerciseLinks" (
          "Id" uuid NOT NULL,
          "SourceExerciseId" uuid NOT NULL,
          "TargetExerciseId" uuid NOT NULL,
          "LinkType" character varying(10) NOT NULL,
          "DisplayOrder" integer NOT NULL,
          "IsActive" boolean NOT NULL,
          "CreatedAt" timestamp with time zone NOT NULL,
          "UpdatedAt" timestamp with time zone NOT NULL,
          CONSTRAINT "PK_ExerciseLinks" PRIMARY KEY ("Id"),
          CONSTRAINT "FK_ExerciseLinks_Exercises_SourceExerciseId" FOREIGN KEY ("SourceExerciseId") REFERENCES "Exercises" ("Id") ON DELETE RESTRICT,
          CONSTRAINT "FK_ExerciseLinks_Exercises_TargetExerciseId" FOREIGN KEY ("TargetExerciseId") REFERENCES "Exercises" ("Id") ON DELETE RESTRICT
      );
info: 7/12/2025 16:05:39.400 RelationalEventId.CommandExecuted[20101] (Microsoft.EntityFrameworkCore.Database.Command) 
      Executed DbCommand (1ms) [Parameters=[], CommandType='Text', CommandTimeout='30']
      CREATE TABLE "ExerciseLinks" (
          "Id" uuid NOT NULL,
          "SourceExerciseId" uuid NOT NULL,
          "TargetExerciseId" uuid NOT NULL,
          "LinkType" character varying(10) NOT NULL,
          "DisplayOrder" integer NOT NULL,
          "IsActive" boolean NOT NULL,
          "CreatedAt" timestamp with time zone NOT NULL,
          "UpdatedAt" timestamp with time zone NOT NULL,
          CONSTRAINT "PK_ExerciseLinks" PRIMARY KEY ("Id"),
          CONSTRAINT "FK_ExerciseLinks_Exercises_SourceExerciseId" FOREIGN KEY ("SourceExerciseId") REFERENCES "Exercises" ("Id") ON DELETE RESTRICT,
          CONSTRAINT "FK_ExerciseLinks_Exercises_TargetExerciseId" FOREIGN KEY ("TargetExerciseId") REFERENCES "Exercises" ("Id") ON DELETE RESTRICT
      );
dbug: Microsoft.EntityFrameworkCore.Database.Command[20103]
      Creating DbCommand for 'ExecuteNonQuery'.
dbug: Microsoft.EntityFrameworkCore.Database.Command[20104]
      Created DbCommand for 'ExecuteNonQuery' (0ms).
dbug: Microsoft.EntityFrameworkCore.Database.Command[20106]
      Initialized DbCommand for 'ExecuteNonQuery' (0ms).
dbug: Microsoft.EntityFrameworkCore.Database.Command[20100]
      Executing DbCommand [Parameters=[], CommandType='Text', CommandTimeout='30']
      CREATE UNIQUE INDEX "IX_ExerciseLink_Source_Target_Type_Unique" ON "ExerciseLinks" ("SourceExerciseId", "TargetExerciseId", "LinkType");
info: Microsoft.EntityFrameworkCore.Database.Command[20101]
      Executed DbCommand (0ms) [Parameters=[], CommandType='Text', CommandTimeout='30']
      CREATE UNIQUE INDEX "IX_ExerciseLink_Source_Target_Type_Unique" ON "ExerciseLinks" ("SourceExerciseId", "TargetExerciseId", "LinkType");
info: 7/12/2025 16:05:39.401 RelationalEventId.CommandExecuted[20101] (Microsoft.EntityFrameworkCore.Database.Command) 
      Executed DbCommand (0ms) [Parameters=[], CommandType='Text', CommandTimeout='30']
      CREATE UNIQUE INDEX "IX_ExerciseLink_Source_Target_Type_Unique" ON "ExerciseLinks" ("SourceExerciseId", "TargetExerciseId", "LinkType");
dbug: Microsoft.EntityFrameworkCore.Database.Command[20103]
      Creating DbCommand for 'ExecuteNonQuery'.
dbug: Microsoft.EntityFrameworkCore.Database.Command[20104]
      Created DbCommand for 'ExecuteNonQuery' (0ms).
dbug: Microsoft.EntityFrameworkCore.Database.Command[20106]
      Initialized DbCommand for 'ExecuteNonQuery' (0ms).
dbug: Microsoft.EntityFrameworkCore.Database.Command[20100]
      Executing DbCommand [Parameters=[], CommandType='Text', CommandTimeout='30']
      CREATE INDEX "IX_ExerciseLink_SourceExerciseId_LinkType" ON "ExerciseLinks" ("SourceExerciseId", "LinkType");
info: Microsoft.EntityFrameworkCore.Database.Command[20101]
      Executed DbCommand (0ms) [Parameters=[], CommandType='Text', CommandTimeout='30']
      CREATE INDEX "IX_ExerciseLink_SourceExerciseId_LinkType" ON "ExerciseLinks" ("SourceExerciseId", "LinkType");
info: 7/12/2025 16:05:39.401 RelationalEventId.CommandExecuted[20101] (Microsoft.EntityFrameworkCore.Database.Command) 
      Executed DbCommand (0ms) [Parameters=[], CommandType='Text', CommandTimeout='30']
      CREATE INDEX "IX_ExerciseLink_SourceExerciseId_LinkType" ON "ExerciseLinks" ("SourceExerciseId", "LinkType");
dbug: Microsoft.EntityFrameworkCore.Database.Command[20103]
      Creating DbCommand for 'ExecuteNonQuery'.
dbug: Microsoft.EntityFrameworkCore.Database.Command[20104]
      Created DbCommand for 'ExecuteNonQuery' (0ms).
dbug: Microsoft.EntityFrameworkCore.Database.Command[20106]
      Initialized DbCommand for 'ExecuteNonQuery' (0ms).
dbug: Microsoft.EntityFrameworkCore.Database.Command[20100]
      Executing DbCommand [Parameters=[], CommandType='Text', CommandTimeout='30']
      CREATE INDEX "IX_ExerciseLink_TargetExerciseId" ON "ExerciseLinks" ("TargetExerciseId");
info: Microsoft.EntityFrameworkCore.Database.Command[20101]
      Executed DbCommand (0ms) [Parameters=[], CommandType='Text', CommandTimeout='30']
      CREATE INDEX "IX_ExerciseLink_TargetExerciseId" ON "ExerciseLinks" ("TargetExerciseId");
info: 7/12/2025 16:05:39.401 RelationalEventId.CommandExecuted[20101] (Microsoft.EntityFrameworkCore.Database.Command) 
      Executed DbCommand (0ms) [Parameters=[], CommandType='Text', CommandTimeout='30']
      CREATE INDEX "IX_ExerciseLink_TargetExerciseId" ON "ExerciseLinks" ("TargetExerciseId");
dbug: Microsoft.EntityFrameworkCore.Database.Command[20103]
      Creating DbCommand for 'ExecuteNonQuery'.
dbug: Microsoft.EntityFrameworkCore.Database.Command[20104]
      Created DbCommand for 'ExecuteNonQuery' (0ms).
dbug: Microsoft.EntityFrameworkCore.Database.Command[20106]
      Initialized DbCommand for 'ExecuteNonQuery' (0ms).
dbug: Microsoft.EntityFrameworkCore.Database.Command[20100]
      Executing DbCommand [Parameters=[], CommandType='Text', CommandTimeout='30']
      INSERT INTO "__EFMigrationsHistory" ("MigrationId", "ProductVersion")
      VALUES ('20250709084215_AddExerciseLinksTable', '9.0.6');
info: Microsoft.EntityFrameworkCore.Database.Command[20101]
      Executed DbCommand (0ms) [Parameters=[], CommandType='Text', CommandTimeout='30']
      INSERT INTO "__EFMigrationsHistory" ("MigrationId", "ProductVersion")
      VALUES ('20250709084215_AddExerciseLinksTable', '9.0.6');
info: 7/12/2025 16:05:39.401 RelationalEventId.CommandExecuted[20101] (Microsoft.EntityFrameworkCore.Database.Command) 
      Executed DbCommand (0ms) [Parameters=[], CommandType='Text', CommandTimeout='30']
      INSERT INTO "__EFMigrationsHistory" ("MigrationId", "ProductVersion")
      VALUES ('20250709084215_AddExerciseLinksTable', '9.0.6');
info: Microsoft.EntityFrameworkCore.Migrations[20402]
      Applying migration '20250710203453_AddExerciseWeightTypeTable'.
info: 7/12/2025 16:05:39.402 RelationalEventId.MigrationApplying[20402] (Microsoft.EntityFrameworkCore.Migrations) 
      Applying migration '20250710203453_AddExerciseWeightTypeTable'.
dbug: Microsoft.EntityFrameworkCore.Database.Command[20103]
      Creating DbCommand for 'ExecuteNonQuery'.
dbug: Microsoft.EntityFrameworkCore.Database.Command[20104]
      Created DbCommand for 'ExecuteNonQuery' (0ms).
dbug: Microsoft.EntityFrameworkCore.Database.Command[20106]
      Initialized DbCommand for 'ExecuteNonQuery' (0ms).
dbug: Microsoft.EntityFrameworkCore.Database.Command[20100]
      Executing DbCommand [Parameters=[], CommandType='Text', CommandTimeout='30']
      CREATE TABLE "ExerciseWeightTypes" (
          "Id" uuid NOT NULL,
          "Code" character varying(50) NOT NULL,
          "Value" character varying(100) NOT NULL,
          "Description" text,
          "DisplayOrder" integer NOT NULL,
          "IsActive" boolean NOT NULL,
          CONSTRAINT "PK_ExerciseWeightTypes" PRIMARY KEY ("Id")
      );
dbug: Microsoft.EntityFrameworkCore.Database.Command[20103]
      Creating DbCommand for 'ExecuteNonQuery'.
dbug: Microsoft.EntityFrameworkCore.Database.Command[20104]
      Created DbCommand for 'ExecuteNonQuery' (0ms).
dbug: Microsoft.EntityFrameworkCore.Database.Command[20106]
      Initialized DbCommand for 'ExecuteNonQuery' (0ms).
dbug: Microsoft.EntityFrameworkCore.Database.Command[20100]
      Executing DbCommand [Parameters=[], CommandType='Text', CommandTimeout='30']
      CREATE TABLE "ExerciseWeightTypes" (
          "Id" uuid NOT NULL,
          "Code" character varying(50) NOT NULL,
          "Value" character varying(100) NOT NULL,
          "Description" text,
          "DisplayOrder" integer NOT NULL,
          "IsActive" boolean NOT NULL,
          CONSTRAINT "PK_ExerciseWeightTypes" PRIMARY KEY ("Id")
      );
info: Microsoft.EntityFrameworkCore.Database.Command[20101]
      Executed DbCommand (1ms) [Parameters=[], CommandType='Text', CommandTimeout='30']
      CREATE TABLE "ExerciseWeightTypes" (
          "Id" uuid NOT NULL,
          "Code" character varying(50) NOT NULL,
          "Value" character varying(100) NOT NULL,
          "Description" text,
          "DisplayOrder" integer NOT NULL,
          "IsActive" boolean NOT NULL,
          CONSTRAINT "PK_ExerciseWeightTypes" PRIMARY KEY ("Id")
      );
info: 7/12/2025 16:05:39.405 RelationalEventId.CommandExecuted[20101] (Microsoft.EntityFrameworkCore.Database.Command) 
      Executed DbCommand (1ms) [Parameters=[], CommandType='Text', CommandTimeout='30']
      CREATE TABLE "ExerciseWeightTypes" (
          "Id" uuid NOT NULL,
          "Code" character varying(50) NOT NULL,
          "Value" character varying(100) NOT NULL,
          "Description" text,
          "DisplayOrder" integer NOT NULL,
          "IsActive" boolean NOT NULL,
          CONSTRAINT "PK_ExerciseWeightTypes" PRIMARY KEY ("Id")
      );
dbug: Microsoft.EntityFrameworkCore.Database.Command[20103]
      Creating DbCommand for 'ExecuteNonQuery'.
dbug: Microsoft.EntityFrameworkCore.Database.Command[20104]
      Created DbCommand for 'ExecuteNonQuery' (0ms).
dbug: Microsoft.EntityFrameworkCore.Database.Command[20106]
      Initialized DbCommand for 'ExecuteNonQuery' (0ms).
dbug: Microsoft.EntityFrameworkCore.Database.Command[20100]
      Executing DbCommand [Parameters=[], CommandType='Text', CommandTimeout='30']
      CREATE UNIQUE INDEX "IX_ExerciseWeightType_Code" ON "ExerciseWeightTypes" ("Code");
info: Microsoft.EntityFrameworkCore.Database.Command[20101]
      Executed DbCommand (0ms) [Parameters=[], CommandType='Text', CommandTimeout='30']
      CREATE UNIQUE INDEX "IX_ExerciseWeightType_Code" ON "ExerciseWeightTypes" ("Code");
info: 7/12/2025 16:05:39.405 RelationalEventId.CommandExecuted[20101] (Microsoft.EntityFrameworkCore.Database.Command) 
      Executed DbCommand (0ms) [Parameters=[], CommandType='Text', CommandTimeout='30']
      CREATE UNIQUE INDEX "IX_ExerciseWeightType_Code" ON "ExerciseWeightTypes" ("Code");
dbug: Microsoft.EntityFrameworkCore.Database.Command[20103]
      Creating DbCommand for 'ExecuteNonQuery'.
dbug: Microsoft.EntityFrameworkCore.Database.Command[20104]
      Created DbCommand for 'ExecuteNonQuery' (0ms).
dbug: Microsoft.EntityFrameworkCore.Database.Command[20106]
      Initialized DbCommand for 'ExecuteNonQuery' (0ms).
dbug: Microsoft.EntityFrameworkCore.Database.Command[20100]
      Executing DbCommand [Parameters=[], CommandType='Text', CommandTimeout='30']
      CREATE INDEX "IX_ExerciseWeightType_Value" ON "ExerciseWeightTypes" ("Value");
info: Microsoft.EntityFrameworkCore.Database.Command[20101]
      Executed DbCommand (1ms) [Parameters=[], CommandType='Text', CommandTimeout='30']
      CREATE TABLE "ExerciseWeightTypes" (
          "Id" uuid NOT NULL,
          "Code" character varying(50) NOT NULL,
          "Value" character varying(100) NOT NULL,
          "Description" text,
          "DisplayOrder" integer NOT NULL,
          "IsActive" boolean NOT NULL,
          CONSTRAINT "PK_ExerciseWeightTypes" PRIMARY KEY ("Id")
      );
info: 7/12/2025 16:05:39.405 RelationalEventId.CommandExecuted[20101] (Microsoft.EntityFrameworkCore.Database.Command) 
      Executed DbCommand (1ms) [Parameters=[], CommandType='Text', CommandTimeout='30']
      CREATE TABLE "ExerciseWeightTypes" (
          "Id" uuid NOT NULL,
          "Code" character varying(50) NOT NULL,
          "Value" character varying(100) NOT NULL,
          "Description" text,
          "DisplayOrder" integer NOT NULL,
          "IsActive" boolean NOT NULL,
          CONSTRAINT "PK_ExerciseWeightTypes" PRIMARY KEY ("Id")
      );
dbug: Microsoft.EntityFrameworkCore.Database.Command[20103]
      Creating DbCommand for 'ExecuteNonQuery'.
dbug: Microsoft.EntityFrameworkCore.Database.Command[20104]
      Created DbCommand for 'ExecuteNonQuery' (0ms).
dbug: Microsoft.EntityFrameworkCore.Database.Command[20106]
      Initialized DbCommand for 'ExecuteNonQuery' (0ms).
dbug: Microsoft.EntityFrameworkCore.Database.Command[20100]
      Executing DbCommand [Parameters=[], CommandType='Text', CommandTimeout='30']
      CREATE UNIQUE INDEX "IX_ExerciseWeightType_Code" ON "ExerciseWeightTypes" ("Code");
info: Microsoft.EntityFrameworkCore.Database.Command[20101]
      Executed DbCommand (0ms) [Parameters=[], CommandType='Text', CommandTimeout='30']
      CREATE INDEX "IX_ExerciseWeightType_Value" ON "ExerciseWeightTypes" ("Value");
info: 7/12/2025 16:05:39.405 RelationalEventId.CommandExecuted[20101] (Microsoft.EntityFrameworkCore.Database.Command) 
      Executed DbCommand (0ms) [Parameters=[], CommandType='Text', CommandTimeout='30']
      CREATE INDEX "IX_ExerciseWeightType_Value" ON "ExerciseWeightTypes" ("Value");
dbug: Microsoft.EntityFrameworkCore.Database.Command[20103]
      Creating DbCommand for 'ExecuteNonQuery'.
dbug: Microsoft.EntityFrameworkCore.Database.Command[20104]
      Created DbCommand for 'ExecuteNonQuery' (0ms).
dbug: Microsoft.EntityFrameworkCore.Database.Command[20106]
      Initialized DbCommand for 'ExecuteNonQuery' (0ms).
dbug: Microsoft.EntityFrameworkCore.Database.Command[20100]
      Executing DbCommand [Parameters=[], CommandType='Text', CommandTimeout='30']
      INSERT INTO "__EFMigrationsHistory" ("MigrationId", "ProductVersion")
      VALUES ('20250710203453_AddExerciseWeightTypeTable', '9.0.6');
info: Microsoft.EntityFrameworkCore.Database.Command[20101]
      Executed DbCommand (0ms) [Parameters=[], CommandType='Text', CommandTimeout='30']
      CREATE UNIQUE INDEX "IX_ExerciseWeightType_Code" ON "ExerciseWeightTypes" ("Code");
info: 7/12/2025 16:05:39.405 RelationalEventId.CommandExecuted[20101] (Microsoft.EntityFrameworkCore.Database.Command) 
      Executed DbCommand (0ms) [Parameters=[], CommandType='Text', CommandTimeout='30']
      CREATE UNIQUE INDEX "IX_ExerciseWeightType_Code" ON "ExerciseWeightTypes" ("Code");
info: Microsoft.EntityFrameworkCore.Database.Command[20101]
      Executed DbCommand (0ms) [Parameters=[], CommandType='Text', CommandTimeout='30']
      INSERT INTO "__EFMigrationsHistory" ("MigrationId", "ProductVersion")
      VALUES ('20250710203453_AddExerciseWeightTypeTable', '9.0.6');
dbug: Microsoft.EntityFrameworkCore.Database.Command[20103]
      Creating DbCommand for 'ExecuteNonQuery'.
dbug: Microsoft.EntityFrameworkCore.Database.Command[20104]
      Created DbCommand for 'ExecuteNonQuery' (0ms).
dbug: Microsoft.EntityFrameworkCore.Database.Command[20106]
      Initialized DbCommand for 'ExecuteNonQuery' (0ms).
dbug: Microsoft.EntityFrameworkCore.Database.Command[20100]
      Executing DbCommand [Parameters=[], CommandType='Text', CommandTimeout='30']
      CREATE INDEX "IX_ExerciseWeightType_Value" ON "ExerciseWeightTypes" ("Value");
info: 7/12/2025 16:05:39.405 RelationalEventId.CommandExecuted[20101] (Microsoft.EntityFrameworkCore.Database.Command) 
      Executed DbCommand (0ms) [Parameters=[], CommandType='Text', CommandTimeout='30']
      INSERT INTO "__EFMigrationsHistory" ("MigrationId", "ProductVersion")
      VALUES ('20250710203453_AddExerciseWeightTypeTable', '9.0.6');
info: Microsoft.EntityFrameworkCore.Migrations[20402]
      Applying migration '20250710203732_SeedExerciseWeightTypeData'.
info: 7/12/2025 16:05:39.405 RelationalEventId.MigrationApplying[20402] (Microsoft.EntityFrameworkCore.Migrations) 
      Applying migration '20250710203732_SeedExerciseWeightTypeData'.
info: Microsoft.EntityFrameworkCore.Database.Command[20101]
      Executed DbCommand (1ms) [Parameters=[], CommandType='Text', CommandTimeout='30']
      CREATE INDEX "IX_ExerciseWeightType_Value" ON "ExerciseWeightTypes" ("Value");
info: 7/12/2025 16:05:39.406 RelationalEventId.CommandExecuted[20101] (Microsoft.EntityFrameworkCore.Database.Command) 
      Executed DbCommand (1ms) [Parameters=[], CommandType='Text', CommandTimeout='30']
      CREATE INDEX "IX_ExerciseWeightType_Value" ON "ExerciseWeightTypes" ("Value");
dbug: Microsoft.EntityFrameworkCore.Database.Command[20103]
      Creating DbCommand for 'ExecuteNonQuery'.
dbug: Microsoft.EntityFrameworkCore.Database.Command[20104]
      Created DbCommand for 'ExecuteNonQuery' (0ms).
dbug: Microsoft.EntityFrameworkCore.Database.Command[20106]
      Initialized DbCommand for 'ExecuteNonQuery' (0ms).
dbug: Microsoft.EntityFrameworkCore.Database.Command[20100]
      Executing DbCommand [Parameters=[], CommandType='Text', CommandTimeout='30']
      INSERT INTO "__EFMigrationsHistory" ("MigrationId", "ProductVersion")
      VALUES ('20250710203453_AddExerciseWeightTypeTable', '9.0.6');
info: 7/12/2025 16:05:39.406 RelationalEventId.CommandExecuted[20101] (Microsoft.EntityFrameworkCore.Database.Command) 
      Executed DbCommand (0ms) [Parameters=[], CommandType='Text', CommandTimeout='30']
      INSERT INTO "__EFMigrationsHistory" ("MigrationId", "ProductVersion")
      VALUES ('20250710203453_AddExerciseWeightTypeTable', '9.0.6');
info: Microsoft.EntityFrameworkCore.Database.Command[20101]
      Executed DbCommand (0ms) [Parameters=[], CommandType='Text', CommandTimeout='30']
      INSERT INTO "__EFMigrationsHistory" ("MigrationId", "ProductVersion")
      VALUES ('20250710203453_AddExerciseWeightTypeTable', '9.0.6');
info: Microsoft.EntityFrameworkCore.Migrations[20402]
      Applying migration '20250710203732_SeedExerciseWeightTypeData'.
info: 7/12/2025 16:05:39.406 RelationalEventId.MigrationApplying[20402] (Microsoft.EntityFrameworkCore.Migrations) 
      Applying migration '20250710203732_SeedExerciseWeightTypeData'.
dbug: Microsoft.EntityFrameworkCore.Database.Command[20103]
      Creating DbCommand for 'ExecuteNonQuery'.
dbug: Microsoft.EntityFrameworkCore.Database.Command[20104]
      Created DbCommand for 'ExecuteNonQuery' (0ms).
dbug: Microsoft.EntityFrameworkCore.Database.Command[20106]
      Initialized DbCommand for 'ExecuteNonQuery' (0ms).
dbug: Microsoft.EntityFrameworkCore.Database.Command[20100]
      Executing DbCommand [Parameters=[], CommandType='Text', CommandTimeout='30']
      INSERT INTO "ExerciseWeightTypes" ("Id", "Code", "Description", "DisplayOrder", "IsActive", "Value")
      VALUES ('a1f3e2d4-5b6c-4d7e-8f9a-0b1c2d3e4f5a', 'BODYWEIGHT_ONLY', 'Exercises that cannot have external weight added', 1, TRUE, 'Bodyweight Only');
      INSERT INTO "ExerciseWeightTypes" ("Id", "Code", "Description", "DisplayOrder", "IsActive", "Value")
      VALUES ('b2e4d3c5-6a7b-5c8d-9e0f-1a2b3c4d5e6f', 'BODYWEIGHT_OPTIONAL', 'Exercises that can be performed with or without additional weight', 2, TRUE, 'Bodyweight Optional');
      INSERT INTO "ExerciseWeightTypes" ("Id", "Code", "Description", "DisplayOrder", "IsActive", "Value")
      VALUES ('c3d5c4b6-7b8c-6d9e-0f1a-2b3c4d5e6f7a', 'WEIGHT_REQUIRED', 'Exercises that must have external weight specified', 3, TRUE, 'Weight Required');
      INSERT INTO "ExerciseWeightTypes" ("Id", "Code", "Description", "DisplayOrder", "IsActive", "Value")
      VALUES ('d4c6b5a7-8c9d-7e0f-1a2b-3c4d5e6f7a8b', 'MACHINE_WEIGHT', 'Exercises performed on machines with weight stacks', 4, TRUE, 'Machine Weight');
      INSERT INTO "ExerciseWeightTypes" ("Id", "Code", "Description", "DisplayOrder", "IsActive", "Value")
      VALUES ('e5b7a698-9d0e-8f1a-2b3c-4d5e6f7a8b9c', 'NO_WEIGHT', 'Exercises that do not use weight as a metric', 5, TRUE, 'No Weight');
dbug: Microsoft.EntityFrameworkCore.Database.Command[20103]
      Creating DbCommand for 'ExecuteNonQuery'.
dbug: Microsoft.EntityFrameworkCore.Database.Command[20104]
      Created DbCommand for 'ExecuteNonQuery' (0ms).
dbug: Microsoft.EntityFrameworkCore.Database.Command[20106]
      Initialized DbCommand for 'ExecuteNonQuery' (0ms).
dbug: Microsoft.EntityFrameworkCore.Database.Command[20100]
      Executing DbCommand [Parameters=[], CommandType='Text', CommandTimeout='30']
      INSERT INTO "ExerciseWeightTypes" ("Id", "Code", "Description", "DisplayOrder", "IsActive", "Value")
      VALUES ('a1f3e2d4-5b6c-4d7e-8f9a-0b1c2d3e4f5a', 'BODYWEIGHT_ONLY', 'Exercises that cannot have external weight added', 1, TRUE, 'Bodyweight Only');
      INSERT INTO "ExerciseWeightTypes" ("Id", "Code", "Description", "DisplayOrder", "IsActive", "Value")
      VALUES ('b2e4d3c5-6a7b-5c8d-9e0f-1a2b3c4d5e6f', 'BODYWEIGHT_OPTIONAL', 'Exercises that can be performed with or without additional weight', 2, TRUE, 'Bodyweight Optional');
      INSERT INTO "ExerciseWeightTypes" ("Id", "Code", "Description", "DisplayOrder", "IsActive", "Value")
      VALUES ('c3d5c4b6-7b8c-6d9e-0f1a-2b3c4d5e6f7a', 'WEIGHT_REQUIRED', 'Exercises that must have external weight specified', 3, TRUE, 'Weight Required');
      INSERT INTO "ExerciseWeightTypes" ("Id", "Code", "Description", "DisplayOrder", "IsActive", "Value")
      VALUES ('d4c6b5a7-8c9d-7e0f-1a2b-3c4d5e6f7a8b', 'MACHINE_WEIGHT', 'Exercises performed on machines with weight stacks', 4, TRUE, 'Machine Weight');
      INSERT INTO "ExerciseWeightTypes" ("Id", "Code", "Description", "DisplayOrder", "IsActive", "Value")
      VALUES ('e5b7a698-9d0e-8f1a-2b3c-4d5e6f7a8b9c', 'NO_WEIGHT', 'Exercises that do not use weight as a metric', 5, TRUE, 'No Weight');
info: Microsoft.EntityFrameworkCore.Database.Command[20101]
      Executed DbCommand (1ms) [Parameters=[], CommandType='Text', CommandTimeout='30']
      INSERT INTO "ExerciseWeightTypes" ("Id", "Code", "Description", "DisplayOrder", "IsActive", "Value")
      VALUES ('a1f3e2d4-5b6c-4d7e-8f9a-0b1c2d3e4f5a', 'BODYWEIGHT_ONLY', 'Exercises that cannot have external weight added', 1, TRUE, 'Bodyweight Only');
      INSERT INTO "ExerciseWeightTypes" ("Id", "Code", "Description", "DisplayOrder", "IsActive", "Value")
      VALUES ('b2e4d3c5-6a7b-5c8d-9e0f-1a2b3c4d5e6f', 'BODYWEIGHT_OPTIONAL', 'Exercises that can be performed with or without additional weight', 2, TRUE, 'Bodyweight Optional');
      INSERT INTO "ExerciseWeightTypes" ("Id", "Code", "Description", "DisplayOrder", "IsActive", "Value")
      VALUES ('c3d5c4b6-7b8c-6d9e-0f1a-2b3c4d5e6f7a', 'WEIGHT_REQUIRED', 'Exercises that must have external weight specified', 3, TRUE, 'Weight Required');
      INSERT INTO "ExerciseWeightTypes" ("Id", "Code", "Description", "DisplayOrder", "IsActive", "Value")
      VALUES ('d4c6b5a7-8c9d-7e0f-1a2b-3c4d5e6f7a8b', 'MACHINE_WEIGHT', 'Exercises performed on machines with weight stacks', 4, TRUE, 'Machine Weight');
      INSERT INTO "ExerciseWeightTypes" ("Id", "Code", "Description", "DisplayOrder", "IsActive", "Value")
      VALUES ('e5b7a698-9d0e-8f1a-2b3c-4d5e6f7a8b9c', 'NO_WEIGHT', 'Exercises that do not use weight as a metric', 5, TRUE, 'No Weight');
info: 7/12/2025 16:05:39.417 RelationalEventId.CommandExecuted[20101] (Microsoft.EntityFrameworkCore.Database.Command) 
      Executed DbCommand (1ms) [Parameters=[], CommandType='Text', CommandTimeout='30']
      INSERT INTO "ExerciseWeightTypes" ("Id", "Code", "Description", "DisplayOrder", "IsActive", "Value")
      VALUES ('a1f3e2d4-5b6c-4d7e-8f9a-0b1c2d3e4f5a', 'BODYWEIGHT_ONLY', 'Exercises that cannot have external weight added', 1, TRUE, 'Bodyweight Only');
      INSERT INTO "ExerciseWeightTypes" ("Id", "Code", "Description", "DisplayOrder", "IsActive", "Value")
      VALUES ('b2e4d3c5-6a7b-5c8d-9e0f-1a2b3c4d5e6f', 'BODYWEIGHT_OPTIONAL', 'Exercises that can be performed with or without additional weight', 2, TRUE, 'Bodyweight Optional');
      INSERT INTO "ExerciseWeightTypes" ("Id", "Code", "Description", "DisplayOrder", "IsActive", "Value")
      VALUES ('c3d5c4b6-7b8c-6d9e-0f1a-2b3c4d5e6f7a', 'WEIGHT_REQUIRED', 'Exercises that must have external weight specified', 3, TRUE, 'Weight Required');
      INSERT INTO "ExerciseWeightTypes" ("Id", "Code", "Description", "DisplayOrder", "IsActive", "Value")
      VALUES ('d4c6b5a7-8c9d-7e0f-1a2b-3c4d5e6f7a8b', 'MACHINE_WEIGHT', 'Exercises performed on machines with weight stacks', 4, TRUE, 'Machine Weight');
      INSERT INTO "ExerciseWeightTypes" ("Id", "Code", "Description", "DisplayOrder", "IsActive", "Value")
      VALUES ('e5b7a698-9d0e-8f1a-2b3c-4d5e6f7a8b9c', 'NO_WEIGHT', 'Exercises that do not use weight as a metric', 5, TRUE, 'No Weight');
dbug: Microsoft.EntityFrameworkCore.Database.Command[20103]
      Creating DbCommand for 'ExecuteNonQuery'.
dbug: Microsoft.EntityFrameworkCore.Database.Command[20104]
      Created DbCommand for 'ExecuteNonQuery' (0ms).
dbug: Microsoft.EntityFrameworkCore.Database.Command[20106]
      Initialized DbCommand for 'ExecuteNonQuery' (0ms).
dbug: Microsoft.EntityFrameworkCore.Database.Command[20100]
      Executing DbCommand [Parameters=[], CommandType='Text', CommandTimeout='30']
      INSERT INTO "__EFMigrationsHistory" ("MigrationId", "ProductVersion")
      VALUES ('20250710203732_SeedExerciseWeightTypeData', '9.0.6');
info: Microsoft.EntityFrameworkCore.Database.Command[20101]
      Executed DbCommand (1ms) [Parameters=[], CommandType='Text', CommandTimeout='30']
      INSERT INTO "ExerciseWeightTypes" ("Id", "Code", "Description", "DisplayOrder", "IsActive", "Value")
      VALUES ('a1f3e2d4-5b6c-4d7e-8f9a-0b1c2d3e4f5a', 'BODYWEIGHT_ONLY', 'Exercises that cannot have external weight added', 1, TRUE, 'Bodyweight Only');
      INSERT INTO "ExerciseWeightTypes" ("Id", "Code", "Description", "DisplayOrder", "IsActive", "Value")
      VALUES ('b2e4d3c5-6a7b-5c8d-9e0f-1a2b3c4d5e6f', 'BODYWEIGHT_OPTIONAL', 'Exercises that can be performed with or without additional weight', 2, TRUE, 'Bodyweight Optional');
      INSERT INTO "ExerciseWeightTypes" ("Id", "Code", "Description", "DisplayOrder", "IsActive", "Value")
      VALUES ('c3d5c4b6-7b8c-6d9e-0f1a-2b3c4d5e6f7a', 'WEIGHT_REQUIRED', 'Exercises that must have external weight specified', 3, TRUE, 'Weight Required');
      INSERT INTO "ExerciseWeightTypes" ("Id", "Code", "Description", "DisplayOrder", "IsActive", "Value")
      VALUES ('d4c6b5a7-8c9d-7e0f-1a2b-3c4d5e6f7a8b', 'MACHINE_WEIGHT', 'Exercises performed on machines with weight stacks', 4, TRUE, 'Machine Weight');
      INSERT INTO "ExerciseWeightTypes" ("Id", "Code", "Description", "DisplayOrder", "IsActive", "Value")
      VALUES ('e5b7a698-9d0e-8f1a-2b3c-4d5e6f7a8b9c', 'NO_WEIGHT', 'Exercises that do not use weight as a metric', 5, TRUE, 'No Weight');
info: 7/12/2025 16:05:39.417 RelationalEventId.CommandExecuted[20101] (Microsoft.EntityFrameworkCore.Database.Command) 
      Executed DbCommand (1ms) [Parameters=[], CommandType='Text', CommandTimeout='30']
      INSERT INTO "ExerciseWeightTypes" ("Id", "Code", "Description", "DisplayOrder", "IsActive", "Value")
      VALUES ('a1f3e2d4-5b6c-4d7e-8f9a-0b1c2d3e4f5a', 'BODYWEIGHT_ONLY', 'Exercises that cannot have external weight added', 1, TRUE, 'Bodyweight Only');
      INSERT INTO "ExerciseWeightTypes" ("Id", "Code", "Description", "DisplayOrder", "IsActive", "Value")
      VALUES ('b2e4d3c5-6a7b-5c8d-9e0f-1a2b3c4d5e6f', 'BODYWEIGHT_OPTIONAL', 'Exercises that can be performed with or without additional weight', 2, TRUE, 'Bodyweight Optional');
      INSERT INTO "ExerciseWeightTypes" ("Id", "Code", "Description", "DisplayOrder", "IsActive", "Value")
      VALUES ('c3d5c4b6-7b8c-6d9e-0f1a-2b3c4d5e6f7a', 'WEIGHT_REQUIRED', 'Exercises that must have external weight specified', 3, TRUE, 'Weight Required');
      INSERT INTO "ExerciseWeightTypes" ("Id", "Code", "Description", "DisplayOrder", "IsActive", "Value")
      VALUES ('d4c6b5a7-8c9d-7e0f-1a2b-3c4d5e6f7a8b', 'MACHINE_WEIGHT', 'Exercises performed on machines with weight stacks', 4, TRUE, 'Machine Weight');
      INSERT INTO "ExerciseWeightTypes" ("Id", "Code", "Description", "DisplayOrder", "IsActive", "Value")
      VALUES ('e5b7a698-9d0e-8f1a-2b3c-4d5e6f7a8b9c', 'NO_WEIGHT', 'Exercises that do not use weight as a metric', 5, TRUE, 'No Weight');
dbug: Microsoft.EntityFrameworkCore.Database.Command[20103]
      Creating DbCommand for 'ExecuteNonQuery'.
dbug: Microsoft.EntityFrameworkCore.Database.Command[20104]
      Created DbCommand for 'ExecuteNonQuery' (0ms).
dbug: Microsoft.EntityFrameworkCore.Database.Command[20106]
      Initialized DbCommand for 'ExecuteNonQuery' (0ms).
dbug: Microsoft.EntityFrameworkCore.Database.Command[20100]
      Executing DbCommand [Parameters=[], CommandType='Text', CommandTimeout='30']
      INSERT INTO "__EFMigrationsHistory" ("MigrationId", "ProductVersion")
      VALUES ('20250710203732_SeedExerciseWeightTypeData', '9.0.6');
info: Microsoft.EntityFrameworkCore.Database.Command[20101]
      Executed DbCommand (0ms) [Parameters=[], CommandType='Text', CommandTimeout='30']
      INSERT INTO "__EFMigrationsHistory" ("MigrationId", "ProductVersion")
      VALUES ('20250710203732_SeedExerciseWeightTypeData', '9.0.6');
info: 7/12/2025 16:05:39.417 RelationalEventId.CommandExecuted[20101] (Microsoft.EntityFrameworkCore.Database.Command) 
      Executed DbCommand (0ms) [Parameters=[], CommandType='Text', CommandTimeout='30']
      INSERT INTO "__EFMigrationsHistory" ("MigrationId", "ProductVersion")
      VALUES ('20250710203732_SeedExerciseWeightTypeData', '9.0.6');
info: Microsoft.EntityFrameworkCore.Migrations[20402]
      Applying migration '20250710212725_AddExerciseWeightTypeToExercise'.
info: 7/12/2025 16:05:39.417 RelationalEventId.MigrationApplying[20402] (Microsoft.EntityFrameworkCore.Migrations) 
      Applying migration '20250710212725_AddExerciseWeightTypeToExercise'.
info: Microsoft.EntityFrameworkCore.Database.Command[20101]
      Executed DbCommand (0ms) [Parameters=[], CommandType='Text', CommandTimeout='30']
      INSERT INTO "__EFMigrationsHistory" ("MigrationId", "ProductVersion")
      VALUES ('20250710203732_SeedExerciseWeightTypeData', '9.0.6');
info: 7/12/2025 16:05:39.417 RelationalEventId.CommandExecuted[20101] (Microsoft.EntityFrameworkCore.Database.Command) 
      Executed DbCommand (0ms) [Parameters=[], CommandType='Text', CommandTimeout='30']
      INSERT INTO "__EFMigrationsHistory" ("MigrationId", "ProductVersion")
      VALUES ('20250710203732_SeedExerciseWeightTypeData', '9.0.6');
info: Microsoft.EntityFrameworkCore.Migrations[20402]
      Applying migration '20250710212725_AddExerciseWeightTypeToExercise'.
info: 7/12/2025 16:05:39.417 RelationalEventId.MigrationApplying[20402] (Microsoft.EntityFrameworkCore.Migrations) 
      Applying migration '20250710212725_AddExerciseWeightTypeToExercise'.
dbug: Microsoft.EntityFrameworkCore.Database.Command[20103]
      Creating DbCommand for 'ExecuteNonQuery'.
dbug: Microsoft.EntityFrameworkCore.Database.Command[20104]
      Created DbCommand for 'ExecuteNonQuery' (0ms).
dbug: Microsoft.EntityFrameworkCore.Database.Command[20106]
      Initialized DbCommand for 'ExecuteNonQuery' (0ms).
dbug: Microsoft.EntityFrameworkCore.Database.Command[20100]
      Executing DbCommand [Parameters=[], CommandType='Text', CommandTimeout='30']
      ALTER TABLE "Exercises" ADD "ExerciseWeightTypeId" uuid;
info: Microsoft.EntityFrameworkCore.Database.Command[20101]
      Executed DbCommand (0ms) [Parameters=[], CommandType='Text', CommandTimeout='30']
      ALTER TABLE "Exercises" ADD "ExerciseWeightTypeId" uuid;
info: 7/12/2025 16:05:39.424 RelationalEventId.CommandExecuted[20101] (Microsoft.EntityFrameworkCore.Database.Command) 
      Executed DbCommand (0ms) [Parameters=[], CommandType='Text', CommandTimeout='30']
      ALTER TABLE "Exercises" ADD "ExerciseWeightTypeId" uuid;
dbug: Microsoft.EntityFrameworkCore.Database.Command[20103]
      Creating DbCommand for 'ExecuteNonQuery'.
dbug: Microsoft.EntityFrameworkCore.Database.Command[20104]
      Created DbCommand for 'ExecuteNonQuery' (0ms).
dbug: Microsoft.EntityFrameworkCore.Database.Command[20106]
      Initialized DbCommand for 'ExecuteNonQuery' (0ms).
dbug: Microsoft.EntityFrameworkCore.Database.Command[20100]
      Executing DbCommand [Parameters=[], CommandType='Text', CommandTimeout='30']
      CREATE INDEX "IX_Exercises_ExerciseWeightTypeId" ON "Exercises" ("ExerciseWeightTypeId");
info: 7/12/2025 16:05:39.425 RelationalEventId.CommandExecuted[20101] (Microsoft.EntityFrameworkCore.Database.Command) 
      Executed DbCommand (0ms) [Parameters=[], CommandType='Text', CommandTimeout='30']
      CREATE INDEX "IX_Exercises_ExerciseWeightTypeId" ON "Exercises" ("ExerciseWeightTypeId");
info: Microsoft.EntityFrameworkCore.Database.Command[20101]
      Executed DbCommand (0ms) [Parameters=[], CommandType='Text', CommandTimeout='30']
      CREATE INDEX "IX_Exercises_ExerciseWeightTypeId" ON "Exercises" ("ExerciseWeightTypeId");
dbug: Microsoft.EntityFrameworkCore.Database.Command[20103]
      Creating DbCommand for 'ExecuteNonQuery'.
dbug: Microsoft.EntityFrameworkCore.Database.Command[20104]
      Created DbCommand for 'ExecuteNonQuery' (0ms).
dbug: Microsoft.EntityFrameworkCore.Database.Command[20106]
      Initialized DbCommand for 'ExecuteNonQuery' (0ms).
dbug: Microsoft.EntityFrameworkCore.Database.Command[20100]
      Executing DbCommand [Parameters=[], CommandType='Text', CommandTimeout='30']
      ALTER TABLE "Exercises" ADD CONSTRAINT "FK_Exercises_ExerciseWeightTypes_ExerciseWeightTypeId" FOREIGN KEY ("ExerciseWeightTypeId") REFERENCES "ExerciseWeightTypes" ("Id");
info: Microsoft.EntityFrameworkCore.Database.Command[20101]
      Executed DbCommand (1ms) [Parameters=[], CommandType='Text', CommandTimeout='30']
      ALTER TABLE "Exercises" ADD CONSTRAINT "FK_Exercises_ExerciseWeightTypes_ExerciseWeightTypeId" FOREIGN KEY ("ExerciseWeightTypeId") REFERENCES "ExerciseWeightTypes" ("Id");
info: 7/12/2025 16:05:39.425 RelationalEventId.CommandExecuted[20101] (Microsoft.EntityFrameworkCore.Database.Command) 
      Executed DbCommand (1ms) [Parameters=[], CommandType='Text', CommandTimeout='30']
      ALTER TABLE "Exercises" ADD CONSTRAINT "FK_Exercises_ExerciseWeightTypes_ExerciseWeightTypeId" FOREIGN KEY ("ExerciseWeightTypeId") REFERENCES "ExerciseWeightTypes" ("Id");
dbug: Microsoft.EntityFrameworkCore.Database.Command[20103]
      Creating DbCommand for 'ExecuteNonQuery'.
dbug: Microsoft.EntityFrameworkCore.Database.Command[20104]
      Created DbCommand for 'ExecuteNonQuery' (0ms).
dbug: Microsoft.EntityFrameworkCore.Database.Command[20106]
      Initialized DbCommand for 'ExecuteNonQuery' (0ms).
dbug: Microsoft.EntityFrameworkCore.Database.Command[20100]
      Executing DbCommand [Parameters=[], CommandType='Text', CommandTimeout='30']
      INSERT INTO "__EFMigrationsHistory" ("MigrationId", "ProductVersion")
      VALUES ('20250710212725_AddExerciseWeightTypeToExercise', '9.0.6');
info: Microsoft.EntityFrameworkCore.Database.Command[20101]
      Executed DbCommand (0ms) [Parameters=[], CommandType='Text', CommandTimeout='30']
      INSERT INTO "__EFMigrationsHistory" ("MigrationId", "ProductVersion")
      VALUES ('20250710212725_AddExerciseWeightTypeToExercise', '9.0.6');
info: 7/12/2025 16:05:39.426 RelationalEventId.CommandExecuted[20101] (Microsoft.EntityFrameworkCore.Database.Command) 
      Executed DbCommand (0ms) [Parameters=[], CommandType='Text', CommandTimeout='30']
      INSERT INTO "__EFMigrationsHistory" ("MigrationId", "ProductVersion")
      VALUES ('20250710212725_AddExerciseWeightTypeToExercise', '9.0.6');
info: Microsoft.EntityFrameworkCore.Migrations[20402]
      Applying migration '20250711221054_MakeKineticChainAndWeightTypeNullable'.
info: 7/12/2025 16:05:39.426 RelationalEventId.MigrationApplying[20402] (Microsoft.EntityFrameworkCore.Migrations) 
      Applying migration '20250711221054_MakeKineticChainAndWeightTypeNullable'.
dbug: Microsoft.EntityFrameworkCore.Database.Command[20103]
      Creating DbCommand for 'ExecuteNonQuery'.
dbug: Microsoft.EntityFrameworkCore.Database.Command[20104]
      Created DbCommand for 'ExecuteNonQuery' (0ms).
dbug: Microsoft.EntityFrameworkCore.Database.Command[20106]
      Initialized DbCommand for 'ExecuteNonQuery' (0ms).
dbug: Microsoft.EntityFrameworkCore.Database.Command[20100]
      Executing DbCommand [Parameters=[], CommandType='Text', CommandTimeout='30']
      ALTER TABLE "Exercises" ADD "ExerciseWeightTypeId" uuid;
info: Microsoft.EntityFrameworkCore.Database.Command[20101]
      Executed DbCommand (0ms) [Parameters=[], CommandType='Text', CommandTimeout='30']
      ALTER TABLE "Exercises" ADD "ExerciseWeightTypeId" uuid;
info: 7/12/2025 16:05:39.426 RelationalEventId.CommandExecuted[20101] (Microsoft.EntityFrameworkCore.Database.Command) 
      Executed DbCommand (0ms) [Parameters=[], CommandType='Text', CommandTimeout='30']
      ALTER TABLE "Exercises" ADD "ExerciseWeightTypeId" uuid;
dbug: Microsoft.EntityFrameworkCore.Database.Command[20103]
      Creating DbCommand for 'ExecuteNonQuery'.
dbug: Microsoft.EntityFrameworkCore.Database.Command[20104]
      Created DbCommand for 'ExecuteNonQuery' (0ms).
dbug: Microsoft.EntityFrameworkCore.Database.Command[20106]
      Initialized DbCommand for 'ExecuteNonQuery' (0ms).
dbug: Microsoft.EntityFrameworkCore.Database.Command[20100]
      Executing DbCommand [Parameters=[], CommandType='Text', CommandTimeout='30']
      CREATE INDEX "IX_Exercises_ExerciseWeightTypeId" ON "Exercises" ("ExerciseWeightTypeId");
info: Microsoft.EntityFrameworkCore.Database.Command[20101]
      Executed DbCommand (1ms) [Parameters=[], CommandType='Text', CommandTimeout='30']
      CREATE INDEX "IX_Exercises_ExerciseWeightTypeId" ON "Exercises" ("ExerciseWeightTypeId");
info: 7/12/2025 16:05:39.427 RelationalEventId.CommandExecuted[20101] (Microsoft.EntityFrameworkCore.Database.Command) 
      Executed DbCommand (1ms) [Parameters=[], CommandType='Text', CommandTimeout='30']
      CREATE INDEX "IX_Exercises_ExerciseWeightTypeId" ON "Exercises" ("ExerciseWeightTypeId");
dbug: Microsoft.EntityFrameworkCore.Database.Command[20103]
      Creating DbCommand for 'ExecuteNonQuery'.
dbug: Microsoft.EntityFrameworkCore.Database.Command[20104]
      Created DbCommand for 'ExecuteNonQuery' (0ms).
dbug: Microsoft.EntityFrameworkCore.Database.Command[20106]
      Initialized DbCommand for 'ExecuteNonQuery' (0ms).
dbug: Microsoft.EntityFrameworkCore.Database.Command[20100]
      Executing DbCommand [Parameters=[], CommandType='Text', CommandTimeout='30']
      ALTER TABLE "Exercises" ADD CONSTRAINT "FK_Exercises_ExerciseWeightTypes_ExerciseWeightTypeId" FOREIGN KEY ("ExerciseWeightTypeId") REFERENCES "ExerciseWeightTypes" ("Id");
info: Microsoft.EntityFrameworkCore.Database.Command[20101]
      Executed DbCommand (1ms) [Parameters=[], CommandType='Text', CommandTimeout='30']
      ALTER TABLE "Exercises" ADD CONSTRAINT "FK_Exercises_ExerciseWeightTypes_ExerciseWeightTypeId" FOREIGN KEY ("ExerciseWeightTypeId") REFERENCES "ExerciseWeightTypes" ("Id");
info: 7/12/2025 16:05:39.428 RelationalEventId.CommandExecuted[20101] (Microsoft.EntityFrameworkCore.Database.Command) 
      Executed DbCommand (1ms) [Parameters=[], CommandType='Text', CommandTimeout='30']
      ALTER TABLE "Exercises" ADD CONSTRAINT "FK_Exercises_ExerciseWeightTypes_ExerciseWeightTypeId" FOREIGN KEY ("ExerciseWeightTypeId") REFERENCES "ExerciseWeightTypes" ("Id");
dbug: Microsoft.EntityFrameworkCore.Database.Command[20103]
      Creating DbCommand for 'ExecuteNonQuery'.
dbug: Microsoft.EntityFrameworkCore.Database.Command[20104]
      Created DbCommand for 'ExecuteNonQuery' (0ms).
dbug: Microsoft.EntityFrameworkCore.Database.Command[20106]
      Initialized DbCommand for 'ExecuteNonQuery' (0ms).
dbug: Microsoft.EntityFrameworkCore.Database.Command[20100]
      Executing DbCommand [Parameters=[], CommandType='Text', CommandTimeout='30']
      INSERT INTO "__EFMigrationsHistory" ("MigrationId", "ProductVersion")
      VALUES ('20250710212725_AddExerciseWeightTypeToExercise', '9.0.6');
info: Microsoft.EntityFrameworkCore.Database.Command[20101]
      Executed DbCommand (0ms) [Parameters=[], CommandType='Text', CommandTimeout='30']
      INSERT INTO "__EFMigrationsHistory" ("MigrationId", "ProductVersion")
      VALUES ('20250710212725_AddExerciseWeightTypeToExercise', '9.0.6');
info: 7/12/2025 16:05:39.428 RelationalEventId.CommandExecuted[20101] (Microsoft.EntityFrameworkCore.Database.Command) 
      Executed DbCommand (0ms) [Parameters=[], CommandType='Text', CommandTimeout='30']
      INSERT INTO "__EFMigrationsHistory" ("MigrationId", "ProductVersion")
      VALUES ('20250710212725_AddExerciseWeightTypeToExercise', '9.0.6');
info: Microsoft.EntityFrameworkCore.Migrations[20402]
      Applying migration '20250711221054_MakeKineticChainAndWeightTypeNullable'.
info: 7/12/2025 16:05:39.428 RelationalEventId.MigrationApplying[20402] (Microsoft.EntityFrameworkCore.Migrations) 
      Applying migration '20250711221054_MakeKineticChainAndWeightTypeNullable'.
dbug: Microsoft.EntityFrameworkCore.Database.Command[20103]
      Creating DbCommand for 'ExecuteNonQuery'.
dbug: Microsoft.EntityFrameworkCore.Database.Command[20104]
      Created DbCommand for 'ExecuteNonQuery' (0ms).
dbug: Microsoft.EntityFrameworkCore.Database.Command[20106]
      Initialized DbCommand for 'ExecuteNonQuery' (0ms).
dbug: Microsoft.EntityFrameworkCore.Database.Command[20100]
      Executing DbCommand [Parameters=[], CommandType='Text', CommandTimeout='30']
      ALTER TABLE "Exercises" DROP CONSTRAINT "FK_Exercises_KineticChainTypes_KineticChainId";
info: Microsoft.EntityFrameworkCore.Database.Command[20101]
      Executed DbCommand (1ms) [Parameters=[], CommandType='Text', CommandTimeout='30']
      ALTER TABLE "Exercises" DROP CONSTRAINT "FK_Exercises_KineticChainTypes_KineticChainId";
info: 7/12/2025 16:05:39.436 RelationalEventId.CommandExecuted[20101] (Microsoft.EntityFrameworkCore.Database.Command) 
      Executed DbCommand (1ms) [Parameters=[], CommandType='Text', CommandTimeout='30']
      ALTER TABLE "Exercises" DROP CONSTRAINT "FK_Exercises_KineticChainTypes_KineticChainId";
dbug: Microsoft.EntityFrameworkCore.Database.Command[20103]
      Creating DbCommand for 'ExecuteNonQuery'.
dbug: Microsoft.EntityFrameworkCore.Database.Command[20104]
      Created DbCommand for 'ExecuteNonQuery' (0ms).
dbug: Microsoft.EntityFrameworkCore.Database.Command[20106]
      Initialized DbCommand for 'ExecuteNonQuery' (0ms).
dbug: Microsoft.EntityFrameworkCore.Database.Command[20100]
      Executing DbCommand [Parameters=[], CommandType='Text', CommandTimeout='30']
      ALTER TABLE "Exercises" DROP CONSTRAINT "FK_Exercises_ExerciseWeightTypes_ExerciseWeightTypeId";
dbug: Microsoft.EntityFrameworkCore.Database.Command[20103]
      Creating DbCommand for 'ExecuteNonQuery'.
dbug: Microsoft.EntityFrameworkCore.Database.Command[20104]
      Created DbCommand for 'ExecuteNonQuery' (0ms).
dbug: Microsoft.EntityFrameworkCore.Database.Command[20106]
      Initialized DbCommand for 'ExecuteNonQuery' (0ms).
dbug: Microsoft.EntityFrameworkCore.Database.Command[20100]
      Executing DbCommand [Parameters=[], CommandType='Text', CommandTimeout='30']
      ALTER TABLE "Exercises" DROP CONSTRAINT "FK_Exercises_KineticChainTypes_KineticChainId";
info: Microsoft.EntityFrameworkCore.Database.Command[20101]
      Executed DbCommand (1ms) [Parameters=[], CommandType='Text', CommandTimeout='30']
      ALTER TABLE "Exercises" DROP CONSTRAINT "FK_Exercises_ExerciseWeightTypes_ExerciseWeightTypeId";
info: 7/12/2025 16:05:39.437 RelationalEventId.CommandExecuted[20101] (Microsoft.EntityFrameworkCore.Database.Command) 
      Executed DbCommand (1ms) [Parameters=[], CommandType='Text', CommandTimeout='30']
      ALTER TABLE "Exercises" DROP CONSTRAINT "FK_Exercises_ExerciseWeightTypes_ExerciseWeightTypeId";
dbug: Microsoft.EntityFrameworkCore.Database.Command[20103]
      Creating DbCommand for 'ExecuteNonQuery'.
dbug: Microsoft.EntityFrameworkCore.Database.Command[20104]
      Created DbCommand for 'ExecuteNonQuery' (0ms).
dbug: Microsoft.EntityFrameworkCore.Database.Command[20106]
      Initialized DbCommand for 'ExecuteNonQuery' (0ms).
dbug: Microsoft.EntityFrameworkCore.Database.Command[20100]
      Executing DbCommand [Parameters=[], CommandType='Text', CommandTimeout='30']
      ALTER TABLE "Exercises" ALTER COLUMN "KineticChainId" DROP NOT NULL;
info: Microsoft.EntityFrameworkCore.Database.Command[20101]
      Executed DbCommand (0ms) [Parameters=[], CommandType='Text', CommandTimeout='30']
      ALTER TABLE "Exercises" ALTER COLUMN "KineticChainId" DROP NOT NULL;
info: 7/12/2025 16:05:39.437 RelationalEventId.CommandExecuted[20101] (Microsoft.EntityFrameworkCore.Database.Command) 
      Executed DbCommand (0ms) [Parameters=[], CommandType='Text', CommandTimeout='30']
      ALTER TABLE "Exercises" ALTER COLUMN "KineticChainId" DROP NOT NULL;
dbug: Microsoft.EntityFrameworkCore.Database.Command[20103]
      Creating DbCommand for 'ExecuteNonQuery'.
dbug: Microsoft.EntityFrameworkCore.Database.Command[20104]
      Created DbCommand for 'ExecuteNonQuery' (0ms).
dbug: Microsoft.EntityFrameworkCore.Database.Command[20106]
      Initialized DbCommand for 'ExecuteNonQuery' (0ms).
dbug: Microsoft.EntityFrameworkCore.Database.Command[20100]
      Executing DbCommand [Parameters=[], CommandType='Text', CommandTimeout='30']
      ALTER TABLE "Exercises" ADD CONSTRAINT "FK_Exercises_KineticChainTypes_KineticChainId" FOREIGN KEY ("KineticChainId") REFERENCES "KineticChainTypes" ("Id") ON DELETE SET NULL;
info: Microsoft.EntityFrameworkCore.Database.Command[20101]
      Executed DbCommand (1ms) [Parameters=[], CommandType='Text', CommandTimeout='30']
      ALTER TABLE "Exercises" DROP CONSTRAINT "FK_Exercises_KineticChainTypes_KineticChainId";
info: 7/12/2025 16:05:39.437 RelationalEventId.CommandExecuted[20101] (Microsoft.EntityFrameworkCore.Database.Command) 
      Executed DbCommand (1ms) [Parameters=[], CommandType='Text', CommandTimeout='30']
      ALTER TABLE "Exercises" DROP CONSTRAINT "FK_Exercises_KineticChainTypes_KineticChainId";
dbug: Microsoft.EntityFrameworkCore.Database.Command[20103]
      Creating DbCommand for 'ExecuteNonQuery'.
dbug: Microsoft.EntityFrameworkCore.Database.Command[20104]
      Created DbCommand for 'ExecuteNonQuery' (0ms).
dbug: Microsoft.EntityFrameworkCore.Database.Command[20106]
      Initialized DbCommand for 'ExecuteNonQuery' (0ms).
dbug: Microsoft.EntityFrameworkCore.Database.Command[20100]
      Executing DbCommand [Parameters=[], CommandType='Text', CommandTimeout='30']
      ALTER TABLE "Exercises" DROP CONSTRAINT "FK_Exercises_ExerciseWeightTypes_ExerciseWeightTypeId";
info: Microsoft.EntityFrameworkCore.Database.Command[20101]
      Executed DbCommand (0ms) [Parameters=[], CommandType='Text', CommandTimeout='30']
      ALTER TABLE "Exercises" DROP CONSTRAINT "FK_Exercises_ExerciseWeightTypes_ExerciseWeightTypeId";
info: 7/12/2025 16:05:39.438 RelationalEventId.CommandExecuted[20101] (Microsoft.EntityFrameworkCore.Database.Command) 
      Executed DbCommand (0ms) [Parameters=[], CommandType='Text', CommandTimeout='30']
      ALTER TABLE "Exercises" DROP CONSTRAINT "FK_Exercises_ExerciseWeightTypes_ExerciseWeightTypeId";
dbug: Microsoft.EntityFrameworkCore.Database.Command[20103]
      Creating DbCommand for 'ExecuteNonQuery'.
dbug: Microsoft.EntityFrameworkCore.Database.Command[20104]
      Created DbCommand for 'ExecuteNonQuery' (0ms).
dbug: Microsoft.EntityFrameworkCore.Database.Command[20106]
      Initialized DbCommand for 'ExecuteNonQuery' (0ms).
dbug: Microsoft.EntityFrameworkCore.Database.Command[20100]
      Executing DbCommand [Parameters=[], CommandType='Text', CommandTimeout='30']
      ALTER TABLE "Exercises" ALTER COLUMN "KineticChainId" DROP NOT NULL;
info: 7/12/2025 16:05:39.438 RelationalEventId.CommandExecuted[20101] (Microsoft.EntityFrameworkCore.Database.Command) 
      Executed DbCommand (0ms) [Parameters=[], CommandType='Text', CommandTimeout='30']
      ALTER TABLE "Exercises" ALTER COLUMN "KineticChainId" DROP NOT NULL;
info: Microsoft.EntityFrameworkCore.Database.Command[20101]
      Executed DbCommand (0ms) [Parameters=[], CommandType='Text', CommandTimeout='30']
      ALTER TABLE "Exercises" ALTER COLUMN "KineticChainId" DROP NOT NULL;
dbug: Microsoft.EntityFrameworkCore.Database.Command[20103]
      Creating DbCommand for 'ExecuteNonQuery'.
dbug: Microsoft.EntityFrameworkCore.Database.Command[20104]
      Created DbCommand for 'ExecuteNonQuery' (0ms).
dbug: Microsoft.EntityFrameworkCore.Database.Command[20106]
      Initialized DbCommand for 'ExecuteNonQuery' (0ms).
dbug: Microsoft.EntityFrameworkCore.Database.Command[20100]
      Executing DbCommand [Parameters=[], CommandType='Text', CommandTimeout='30']
      ALTER TABLE "Exercises" ADD CONSTRAINT "FK_Exercises_KineticChainTypes_KineticChainId" FOREIGN KEY ("KineticChainId") REFERENCES "KineticChainTypes" ("Id") ON DELETE SET NULL;
info: Microsoft.EntityFrameworkCore.Database.Command[20101]
      Executed DbCommand (1ms) [Parameters=[], CommandType='Text', CommandTimeout='30']
      ALTER TABLE "Exercises" ADD CONSTRAINT "FK_Exercises_KineticChainTypes_KineticChainId" FOREIGN KEY ("KineticChainId") REFERENCES "KineticChainTypes" ("Id") ON DELETE SET NULL;
info: 7/12/2025 16:05:39.438 RelationalEventId.CommandExecuted[20101] (Microsoft.EntityFrameworkCore.Database.Command) 
      Executed DbCommand (1ms) [Parameters=[], CommandType='Text', CommandTimeout='30']
      ALTER TABLE "Exercises" ADD CONSTRAINT "FK_Exercises_KineticChainTypes_KineticChainId" FOREIGN KEY ("KineticChainId") REFERENCES "KineticChainTypes" ("Id") ON DELETE SET NULL;
dbug: Microsoft.EntityFrameworkCore.Database.Command[20103]
      Creating DbCommand for 'ExecuteNonQuery'.
dbug: Microsoft.EntityFrameworkCore.Database.Command[20104]
      Created DbCommand for 'ExecuteNonQuery' (0ms).
dbug: Microsoft.EntityFrameworkCore.Database.Command[20106]
      Initialized DbCommand for 'ExecuteNonQuery' (0ms).
dbug: Microsoft.EntityFrameworkCore.Database.Command[20100]
      Executing DbCommand [Parameters=[], CommandType='Text', CommandTimeout='30']
      ALTER TABLE "Exercises" ADD CONSTRAINT "FK_Exercises_ExerciseWeightTypes_ExerciseWeightTypeId" FOREIGN KEY ("ExerciseWeightTypeId") REFERENCES "ExerciseWeightTypes" ("Id") ON DELETE SET NULL;
info: Microsoft.EntityFrameworkCore.Database.Command[20101]
      Executed DbCommand (1ms) [Parameters=[], CommandType='Text', CommandTimeout='30']
      ALTER TABLE "Exercises" ADD CONSTRAINT "FK_Exercises_KineticChainTypes_KineticChainId" FOREIGN KEY ("KineticChainId") REFERENCES "KineticChainTypes" ("Id") ON DELETE SET NULL;
info: 7/12/2025 16:05:39.438 RelationalEventId.CommandExecuted[20101] (Microsoft.EntityFrameworkCore.Database.Command) 
      Executed DbCommand (1ms) [Parameters=[], CommandType='Text', CommandTimeout='30']
      ALTER TABLE "Exercises" ADD CONSTRAINT "FK_Exercises_KineticChainTypes_KineticChainId" FOREIGN KEY ("KineticChainId") REFERENCES "KineticChainTypes" ("Id") ON DELETE SET NULL;
dbug: Microsoft.EntityFrameworkCore.Database.Command[20103]
      Creating DbCommand for 'ExecuteNonQuery'.
dbug: Microsoft.EntityFrameworkCore.Database.Command[20104]
      Created DbCommand for 'ExecuteNonQuery' (0ms).
dbug: Microsoft.EntityFrameworkCore.Database.Command[20106]
      Initialized DbCommand for 'ExecuteNonQuery' (0ms).
dbug: Microsoft.EntityFrameworkCore.Database.Command[20100]
      Executing DbCommand [Parameters=[], CommandType='Text', CommandTimeout='30']
      ALTER TABLE "Exercises" ADD CONSTRAINT "FK_Exercises_ExerciseWeightTypes_ExerciseWeightTypeId" FOREIGN KEY ("ExerciseWeightTypeId") REFERENCES "ExerciseWeightTypes" ("Id") ON DELETE SET NULL;
info: Microsoft.EntityFrameworkCore.Database.Command[20101]
      Executed DbCommand (0ms) [Parameters=[], CommandType='Text', CommandTimeout='30']
      ALTER TABLE "Exercises" ADD CONSTRAINT "FK_Exercises_ExerciseWeightTypes_ExerciseWeightTypeId" FOREIGN KEY ("ExerciseWeightTypeId") REFERENCES "ExerciseWeightTypes" ("Id") ON DELETE SET NULL;
info: 7/12/2025 16:05:39.439 RelationalEventId.CommandExecuted[20101] (Microsoft.EntityFrameworkCore.Database.Command) 
      Executed DbCommand (0ms) [Parameters=[], CommandType='Text', CommandTimeout='30']
      ALTER TABLE "Exercises" ADD CONSTRAINT "FK_Exercises_ExerciseWeightTypes_ExerciseWeightTypeId" FOREIGN KEY ("ExerciseWeightTypeId") REFERENCES "ExerciseWeightTypes" ("Id") ON DELETE SET NULL;
dbug: Microsoft.EntityFrameworkCore.Database.Command[20103]
      Creating DbCommand for 'ExecuteNonQuery'.
dbug: Microsoft.EntityFrameworkCore.Database.Command[20104]
      Created DbCommand for 'ExecuteNonQuery' (0ms).
dbug: Microsoft.EntityFrameworkCore.Database.Command[20106]
      Initialized DbCommand for 'ExecuteNonQuery' (0ms).
dbug: Microsoft.EntityFrameworkCore.Database.Command[20100]
      Executing DbCommand [Parameters=[], CommandType='Text', CommandTimeout='30']
      INSERT INTO "__EFMigrationsHistory" ("MigrationId", "ProductVersion")
      VALUES ('20250711221054_MakeKineticChainAndWeightTypeNullable', '9.0.6');
info: Microsoft.EntityFrameworkCore.Database.Command[20101]
      Executed DbCommand (0ms) [Parameters=[], CommandType='Text', CommandTimeout='30']
      ALTER TABLE "Exercises" ADD CONSTRAINT "FK_Exercises_ExerciseWeightTypes_ExerciseWeightTypeId" FOREIGN KEY ("ExerciseWeightTypeId") REFERENCES "ExerciseWeightTypes" ("Id") ON DELETE SET NULL;
info: 7/12/2025 16:05:39.439 RelationalEventId.CommandExecuted[20101] (Microsoft.EntityFrameworkCore.Database.Command) 
      Executed DbCommand (0ms) [Parameters=[], CommandType='Text', CommandTimeout='30']
      ALTER TABLE "Exercises" ADD CONSTRAINT "FK_Exercises_ExerciseWeightTypes_ExerciseWeightTypeId" FOREIGN KEY ("ExerciseWeightTypeId") REFERENCES "ExerciseWeightTypes" ("Id") ON DELETE SET NULL;
dbug: Microsoft.EntityFrameworkCore.Database.Command[20103]
      Creating DbCommand for 'ExecuteNonQuery'.
dbug: Microsoft.EntityFrameworkCore.Database.Command[20104]
      Created DbCommand for 'ExecuteNonQuery' (0ms).
dbug: Microsoft.EntityFrameworkCore.Database.Command[20106]
      Initialized DbCommand for 'ExecuteNonQuery' (0ms).
dbug: Microsoft.EntityFrameworkCore.Database.Command[20100]
      Executing DbCommand [Parameters=[], CommandType='Text', CommandTimeout='30']
      INSERT INTO "__EFMigrationsHistory" ("MigrationId", "ProductVersion")
      VALUES ('20250711221054_MakeKineticChainAndWeightTypeNullable', '9.0.6');
info: 7/12/2025 16:05:39.439 RelationalEventId.CommandExecuted[20101] (Microsoft.EntityFrameworkCore.Database.Command) 
      Executed DbCommand (0ms) [Parameters=[], CommandType='Text', CommandTimeout='30']
      INSERT INTO "__EFMigrationsHistory" ("MigrationId", "ProductVersion")
      VALUES ('20250711221054_MakeKineticChainAndWeightTypeNullable', '9.0.6');
info: Microsoft.EntityFrameworkCore.Database.Command[20101]
      Executed DbCommand (0ms) [Parameters=[], CommandType='Text', CommandTimeout='30']
      INSERT INTO "__EFMigrationsHistory" ("MigrationId", "ProductVersion")
      VALUES ('20250711221054_MakeKineticChainAndWeightTypeNullable', '9.0.6');
info: Microsoft.EntityFrameworkCore.Database.Command[20101]
      Executed DbCommand (0ms) [Parameters=[], CommandType='Text', CommandTimeout='30']
      INSERT INTO "__EFMigrationsHistory" ("MigrationId", "ProductVersion")
      VALUES ('20250711221054_MakeKineticChainAndWeightTypeNullable', '9.0.6');
info: 7/12/2025 16:05:39.439 RelationalEventId.CommandExecuted[20101] (Microsoft.EntityFrameworkCore.Database.Command) 
      Executed DbCommand (0ms) [Parameters=[], CommandType='Text', CommandTimeout='30']
      INSERT INTO "__EFMigrationsHistory" ("MigrationId", "ProductVersion")
      VALUES ('20250711221054_MakeKineticChainAndWeightTypeNullable', '9.0.6');
dbug: Microsoft.EntityFrameworkCore.Database.Command[20103]
      Creating DbCommand for 'ExecuteReader'.
dbug: Microsoft.EntityFrameworkCore.Database.Command[20103]
      Creating DbCommand for 'ExecuteReader'.
dbug: Microsoft.EntityFrameworkCore.Database.Command[20104]
      Created DbCommand for 'ExecuteReader' (0ms).
dbug: Microsoft.EntityFrameworkCore.Database.Command[20106]
      Initialized DbCommand for 'ExecuteReader' (0ms).
dbug: Microsoft.EntityFrameworkCore.Database.Command[20100]
      Executing DbCommand [Parameters=[], CommandType='Text', CommandTimeout='30']
      SELECT EXISTS (
          SELECT 1
          FROM "BodyParts" AS b)
dbug: Microsoft.EntityFrameworkCore.Database.Command[20104]
      Created DbCommand for 'ExecuteReader' (0ms).
dbug: Microsoft.EntityFrameworkCore.Database.Command[20106]
      Initialized DbCommand for 'ExecuteReader' (0ms).
dbug: Microsoft.EntityFrameworkCore.Database.Command[20100]
      Executing DbCommand [Parameters=[], CommandType='Text', CommandTimeout='30']
      SELECT EXISTS (
          SELECT 1
          FROM "BodyParts" AS b)
info: Microsoft.EntityFrameworkCore.Database.Command[20101]
      Executed DbCommand (1ms) [Parameters=[], CommandType='Text', CommandTimeout='30']
      SELECT EXISTS (
          SELECT 1
          FROM "BodyParts" AS b)
info: Microsoft.EntityFrameworkCore.Database.Command[20101]
      Executed DbCommand (1ms) [Parameters=[], CommandType='Text', CommandTimeout='30']
      SELECT EXISTS (
          SELECT 1
          FROM "BodyParts" AS b)
info: 7/12/2025 16:05:39.517 RelationalEventId.CommandExecuted[20101] (Microsoft.EntityFrameworkCore.Database.Command) 
      Executed DbCommand (1ms) [Parameters=[], CommandType='Text', CommandTimeout='30']
      SELECT EXISTS (
          SELECT 1
          FROM "BodyParts" AS b)
info: 7/12/2025 16:05:39.517 RelationalEventId.CommandExecuted[20101] (Microsoft.EntityFrameworkCore.Database.Command) 
      Executed DbCommand (1ms) [Parameters=[], CommandType='Text', CommandTimeout='30']
      SELECT EXISTS (
          SELECT 1
          FROM "BodyParts" AS b)
dbug: Microsoft.EntityFrameworkCore.Database.Command[20301]
      Closing data reader to 'bddtestdb' on server 'tcp://127.0.0.1:33493'.
dbug: Microsoft.EntityFrameworkCore.Database.Command[20301]
      Closing data reader to 'bddtestdb' on server 'tcp://127.0.0.1:33492'.
dbug: Microsoft.EntityFrameworkCore.Database.Command[20300]
      A data reader for 'bddtestdb' on server 'tcp://127.0.0.1:33493' is being disposed after spending 10ms reading results.
dbug: Microsoft.EntityFrameworkCore.Database.Command[20300]
      A data reader for 'bddtestdb' on server 'tcp://127.0.0.1:33492' is being disposed after spending 10ms reading results.
dbug: Microsoft.EntityFrameworkCore.Database.Command[20103]
      Creating DbCommand for 'ExecuteScalar'.
dbug: Microsoft.EntityFrameworkCore.Database.Command[20103]
      Creating DbCommand for 'ExecuteScalar'.
dbug: Microsoft.EntityFrameworkCore.Database.Command[20104]
      Created DbCommand for 'ExecuteScalar' (0ms).
dbug: Microsoft.EntityFrameworkCore.Database.Command[20106]
      Initialized DbCommand for 'ExecuteScalar' (0ms).
dbug: Microsoft.EntityFrameworkCore.Database.Command[20104]
      Created DbCommand for 'ExecuteScalar' (0ms).
dbug: Microsoft.EntityFrameworkCore.Database.Command[20106]
      Initialized DbCommand for 'ExecuteScalar' (0ms).
dbug: Microsoft.EntityFrameworkCore.Database.Command[20100]
      Executing DbCommand [Parameters=[], CommandType='Text', CommandTimeout='30']
      SELECT CASE WHEN COUNT(*) = 0 THEN FALSE ELSE TRUE END
      FROM pg_class AS cls
      JOIN pg_namespace AS ns ON ns.oid = cls.relnamespace
      WHERE
              cls.relkind IN ('r', 'v', 'm', 'f', 'p') AND
              ns.nspname NOT IN ('pg_catalog', 'information_schema') AND
              -- Exclude tables which are members of PG extensions
              NOT EXISTS (
                  SELECT 1 FROM pg_depend WHERE
                      classid=(
                          SELECT cls.oid
                          FROM pg_class AS cls
                                   JOIN pg_namespace AS ns ON ns.oid = cls.relnamespace
                          WHERE relname='pg_class' AND ns.nspname='pg_catalog'
                      ) AND
                      objid=cls.oid AND
                      deptype IN ('e', 'x')
              )
dbug: Microsoft.EntityFrameworkCore.Database.Command[20100]
      Executing DbCommand [Parameters=[], CommandType='Text', CommandTimeout='30']
      SELECT CASE WHEN COUNT(*) = 0 THEN FALSE ELSE TRUE END
      FROM pg_class AS cls
      JOIN pg_namespace AS ns ON ns.oid = cls.relnamespace
      WHERE
              cls.relkind IN ('r', 'v', 'm', 'f', 'p') AND
              ns.nspname NOT IN ('pg_catalog', 'information_schema') AND
              -- Exclude tables which are members of PG extensions
              NOT EXISTS (
                  SELECT 1 FROM pg_depend WHERE
                      classid=(
                          SELECT cls.oid
                          FROM pg_class AS cls
                                   JOIN pg_namespace AS ns ON ns.oid = cls.relnamespace
                          WHERE relname='pg_class' AND ns.nspname='pg_catalog'
                      ) AND
                      objid=cls.oid AND
                      deptype IN ('e', 'x')
              )
info: Microsoft.EntityFrameworkCore.Database.Command[20101]
      Executed DbCommand (4ms) [Parameters=[], CommandType='Text', CommandTimeout='30']
      SELECT CASE WHEN COUNT(*) = 0 THEN FALSE ELSE TRUE END
      FROM pg_class AS cls
      JOIN pg_namespace AS ns ON ns.oid = cls.relnamespace
      WHERE
              cls.relkind IN ('r', 'v', 'm', 'f', 'p') AND
              ns.nspname NOT IN ('pg_catalog', 'information_schema') AND
              -- Exclude tables which are members of PG extensions
              NOT EXISTS (
                  SELECT 1 FROM pg_depend WHERE
                      classid=(
                          SELECT cls.oid
                          FROM pg_class AS cls
                                   JOIN pg_namespace AS ns ON ns.oid = cls.relnamespace
                          WHERE relname='pg_class' AND ns.nspname='pg_catalog'
                      ) AND
                      objid=cls.oid AND
                      deptype IN ('e', 'x')
              )
info: Microsoft.EntityFrameworkCore.Database.Command[20101]
      Executed DbCommand (4ms) [Parameters=[], CommandType='Text', CommandTimeout='30']
      SELECT CASE WHEN COUNT(*) = 0 THEN FALSE ELSE TRUE END
      FROM pg_class AS cls
      JOIN pg_namespace AS ns ON ns.oid = cls.relnamespace
      WHERE
              cls.relkind IN ('r', 'v', 'm', 'f', 'p') AND
              ns.nspname NOT IN ('pg_catalog', 'information_schema') AND
              -- Exclude tables which are members of PG extensions
              NOT EXISTS (
                  SELECT 1 FROM pg_depend WHERE
                      classid=(
                          SELECT cls.oid
                          FROM pg_class AS cls
                                   JOIN pg_namespace AS ns ON ns.oid = cls.relnamespace
                          WHERE relname='pg_class' AND ns.nspname='pg_catalog'
                      ) AND
                      objid=cls.oid AND
                      deptype IN ('e', 'x')
              )
info: 7/12/2025 16:05:39.573 RelationalEventId.CommandExecuted[20101] (Microsoft.EntityFrameworkCore.Database.Command) 
      Executed DbCommand (4ms) [Parameters=[], CommandType='Text', CommandTimeout='30']
      SELECT CASE WHEN COUNT(*) = 0 THEN FALSE ELSE TRUE END
      FROM pg_class AS cls
      JOIN pg_namespace AS ns ON ns.oid = cls.relnamespace
      WHERE
              cls.relkind IN ('r', 'v', 'm', 'f', 'p') AND
              ns.nspname NOT IN ('pg_catalog', 'information_schema') AND
              -- Exclude tables which are members of PG extensions
              NOT EXISTS (
                  SELECT 1 FROM pg_depend WHERE
                      classid=(
                          SELECT cls.oid
                          FROM pg_class AS cls
                                   JOIN pg_namespace AS ns ON ns.oid = cls.relnamespace
                          WHERE relname='pg_class' AND ns.nspname='pg_catalog'
                      ) AND
                      objid=cls.oid AND
                      deptype IN ('e', 'x')
              )
info: 7/12/2025 16:05:39.573 RelationalEventId.CommandExecuted[20101] (Microsoft.EntityFrameworkCore.Database.Command) 
      Executed DbCommand (4ms) [Parameters=[], CommandType='Text', CommandTimeout='30']
      SELECT CASE WHEN COUNT(*) = 0 THEN FALSE ELSE TRUE END
      FROM pg_class AS cls
      JOIN pg_namespace AS ns ON ns.oid = cls.relnamespace
      WHERE
              cls.relkind IN ('r', 'v', 'm', 'f', 'p') AND
              ns.nspname NOT IN ('pg_catalog', 'information_schema') AND
              -- Exclude tables which are members of PG extensions
              NOT EXISTS (
                  SELECT 1 FROM pg_depend WHERE
                      classid=(
                          SELECT cls.oid
                          FROM pg_class AS cls
                                   JOIN pg_namespace AS ns ON ns.oid = cls.relnamespace
                          WHERE relname='pg_class' AND ns.nspname='pg_catalog'
                      ) AND
                      objid=cls.oid AND
                      deptype IN ('e', 'x')
              )
dbug: Microsoft.EntityFrameworkCore.Database.Command[20103]
      Creating DbCommand for 'ExecuteReader'.
dbug: Microsoft.EntityFrameworkCore.Database.Command[20103]
      Creating DbCommand for 'ExecuteReader'.
dbug: Microsoft.EntityFrameworkCore.Database.Command[20104]
      Created DbCommand for 'ExecuteReader' (0ms).
dbug: Microsoft.EntityFrameworkCore.Database.Command[20104]
      Created DbCommand for 'ExecuteReader' (0ms).
dbug: Microsoft.EntityFrameworkCore.Database.Command[20106]
      Initialized DbCommand for 'ExecuteReader' (0ms).
dbug: Microsoft.EntityFrameworkCore.Database.Command[20106]
      Initialized DbCommand for 'ExecuteReader' (0ms).
dbug: Microsoft.EntityFrameworkCore.Database.Command[20100]
      Executing DbCommand [Parameters=[], CommandType='Text', CommandTimeout='30']
      SELECT EXISTS (
          SELECT 1
          FROM "BodyParts" AS b)
dbug: Microsoft.EntityFrameworkCore.Database.Command[20100]
      Executing DbCommand [Parameters=[], CommandType='Text', CommandTimeout='30']
      SELECT EXISTS (
          SELECT 1
          FROM "BodyParts" AS b)
info: Microsoft.EntityFrameworkCore.Database.Command[20101]
      Executed DbCommand (0ms) [Parameters=[], CommandType='Text', CommandTimeout='30']
      SELECT EXISTS (
          SELECT 1
          FROM "BodyParts" AS b)
info: Microsoft.EntityFrameworkCore.Database.Command[20101]
      Executed DbCommand (0ms) [Parameters=[], CommandType='Text', CommandTimeout='30']
      SELECT EXISTS (
          SELECT 1
          FROM "BodyParts" AS b)
info: 7/12/2025 16:05:39.576 RelationalEventId.CommandExecuted[20101] (Microsoft.EntityFrameworkCore.Database.Command) 
      Executed DbCommand (0ms) [Parameters=[], CommandType='Text', CommandTimeout='30']
      SELECT EXISTS (
          SELECT 1
          FROM "BodyParts" AS b)
info: 7/12/2025 16:05:39.576 RelationalEventId.CommandExecuted[20101] (Microsoft.EntityFrameworkCore.Database.Command) 
      Executed DbCommand (0ms) [Parameters=[], CommandType='Text', CommandTimeout='30']
      SELECT EXISTS (
          SELECT 1
          FROM "BodyParts" AS b)
dbug: Microsoft.EntityFrameworkCore.Database.Command[20301]
      Closing data reader to 'bddtestdb' on server 'tcp://127.0.0.1:33492'.
dbug: Microsoft.EntityFrameworkCore.Database.Command[20301]
      Closing data reader to 'bddtestdb' on server 'tcp://127.0.0.1:33493'.
dbug: Microsoft.EntityFrameworkCore.Database.Command[20300]
      A data reader for 'bddtestdb' on server 'tcp://127.0.0.1:33492' is being disposed after spending 0ms reading results.
dbug: Microsoft.EntityFrameworkCore.Database.Command[20300]
      A data reader for 'bddtestdb' on server 'tcp://127.0.0.1:33493' is being disposed after spending 0ms reading results.
dbug: Microsoft.EntityFrameworkCore.Database.Command[20103]
      Creating DbCommand for 'ExecuteReader'.
dbug: Microsoft.EntityFrameworkCore.Database.Command[20104]
      Created DbCommand for 'ExecuteReader' (0ms).
dbug: Microsoft.EntityFrameworkCore.Database.Command[20106]
      Initialized DbCommand for 'ExecuteReader' (0ms).
dbug: Microsoft.EntityFrameworkCore.Database.Command[20103]
      Creating DbCommand for 'ExecuteReader'.
dbug: Microsoft.EntityFrameworkCore.Database.Command[20104]
      Created DbCommand for 'ExecuteReader' (0ms).
dbug: Microsoft.EntityFrameworkCore.Database.Command[20106]
      Initialized DbCommand for 'ExecuteReader' (0ms).
dbug: Microsoft.EntityFrameworkCore.Database.Command[20100]
      Executing DbCommand [Parameters=[], CommandType='Text', CommandTimeout='30']
      SELECT e."Id", e."CreatedAt", e."DisplayOrder", e."IsActive", e."LinkType", e."SourceExerciseId", e."TargetExerciseId", e."UpdatedAt"
      FROM "ExerciseLinks" AS e
dbug: Microsoft.EntityFrameworkCore.Database.Command[20100]
      Executing DbCommand [Parameters=[], CommandType='Text', CommandTimeout='30']
      SELECT e."Id", e."CreatedAt", e."DisplayOrder", e."IsActive", e."LinkType", e."SourceExerciseId", e."TargetExerciseId", e."UpdatedAt"
      FROM "ExerciseLinks" AS e
info: Microsoft.EntityFrameworkCore.Database.Command[20101]
      Executed DbCommand (1ms) [Parameters=[], CommandType='Text', CommandTimeout='30']
      SELECT e."Id", e."CreatedAt", e."DisplayOrder", e."IsActive", e."LinkType", e."SourceExerciseId", e."TargetExerciseId", e."UpdatedAt"
      FROM "ExerciseLinks" AS e
info: 7/12/2025 16:05:39.612 RelationalEventId.CommandExecuted[20101] (Microsoft.EntityFrameworkCore.Database.Command) 
      Executed DbCommand (1ms) [Parameters=[], CommandType='Text', CommandTimeout='30']
      SELECT e."Id", e."CreatedAt", e."DisplayOrder", e."IsActive", e."LinkType", e."SourceExerciseId", e."TargetExerciseId", e."UpdatedAt"
      FROM "ExerciseLinks" AS e
dbug: Microsoft.EntityFrameworkCore.Database.Command[20301]
      Closing data reader to 'bddtestdb' on server 'tcp://127.0.0.1:33493'.
dbug: Microsoft.EntityFrameworkCore.Database.Command[20300]
      A data reader for 'bddtestdb' on server 'tcp://127.0.0.1:33493' is being disposed after spending 3ms reading results.
info: Microsoft.EntityFrameworkCore.Database.Command[20101]
      Executed DbCommand (4ms) [Parameters=[], CommandType='Text', CommandTimeout='30']
      SELECT e."Id", e."CreatedAt", e."DisplayOrder", e."IsActive", e."LinkType", e."SourceExerciseId", e."TargetExerciseId", e."UpdatedAt"
      FROM "ExerciseLinks" AS e
info: 7/12/2025 16:05:39.616 RelationalEventId.CommandExecuted[20101] (Microsoft.EntityFrameworkCore.Database.Command) 
      Executed DbCommand (4ms) [Parameters=[], CommandType='Text', CommandTimeout='30']
      SELECT e."Id", e."CreatedAt", e."DisplayOrder", e."IsActive", e."LinkType", e."SourceExerciseId", e."TargetExerciseId", e."UpdatedAt"
      FROM "ExerciseLinks" AS e
dbug: Microsoft.EntityFrameworkCore.Database.Command[20301]
      Closing data reader to 'bddtestdb' on server 'tcp://127.0.0.1:33492'.
dbug: Microsoft.EntityFrameworkCore.Database.Command[20300]
      A data reader for 'bddtestdb' on server 'tcp://127.0.0.1:33492' is being disposed after spending 0ms reading results.
dbug: Microsoft.EntityFrameworkCore.Database.Command[20103]
      Creating DbCommand for 'ExecuteReader'.
dbug: Microsoft.EntityFrameworkCore.Database.Command[20104]
      Created DbCommand for 'ExecuteReader' (0ms).
dbug: Microsoft.EntityFrameworkCore.Database.Command[20106]
      Initialized DbCommand for 'ExecuteReader' (0ms).
dbug: Microsoft.EntityFrameworkCore.Database.Command[20100]
      Executing DbCommand [Parameters=[], CommandType='Text', CommandTimeout='30']
      SELECT e."Id", e."Description", e."DifficultyId", e."ExerciseWeightTypeId", e."ImageUrl", e."IsActive", e."IsUnilateral", e."KineticChainId", e."Name", e."VideoUrl"
      FROM "Exercises" AS e
dbug: Microsoft.EntityFrameworkCore.Database.Command[20103]
      Creating DbCommand for 'ExecuteReader'.
dbug: Microsoft.EntityFrameworkCore.Database.Command[20104]
      Created DbCommand for 'ExecuteReader' (0ms).
dbug: Microsoft.EntityFrameworkCore.Database.Command[20106]
      Initialized DbCommand for 'ExecuteReader' (0ms).
dbug: Microsoft.EntityFrameworkCore.Database.Command[20100]
      Executing DbCommand [Parameters=[], CommandType='Text', CommandTimeout='30']
      SELECT e."Id", e."Description", e."DifficultyId", e."ExerciseWeightTypeId", e."ImageUrl", e."IsActive", e."IsUnilateral", e."KineticChainId", e."Name", e."VideoUrl"
      FROM "Exercises" AS e
info: Microsoft.EntityFrameworkCore.Database.Command[20101]
      Executed DbCommand (1ms) [Parameters=[], CommandType='Text', CommandTimeout='30']
      SELECT e."Id", e."Description", e."DifficultyId", e."ExerciseWeightTypeId", e."ImageUrl", e."IsActive", e."IsUnilateral", e."KineticChainId", e."Name", e."VideoUrl"
      FROM "Exercises" AS e
info: 7/12/2025 16:05:39.620 RelationalEventId.CommandExecuted[20101] (Microsoft.EntityFrameworkCore.Database.Command) 
      Executed DbCommand (1ms) [Parameters=[], CommandType='Text', CommandTimeout='30']
      SELECT e."Id", e."Description", e."DifficultyId", e."ExerciseWeightTypeId", e."ImageUrl", e."IsActive", e."IsUnilateral", e."KineticChainId", e."Name", e."VideoUrl"
      FROM "Exercises" AS e
info: Microsoft.EntityFrameworkCore.Database.Command[20101]
      Executed DbCommand (1ms) [Parameters=[], CommandType='Text', CommandTimeout='30']
      SELECT e."Id", e."Description", e."DifficultyId", e."ExerciseWeightTypeId", e."ImageUrl", e."IsActive", e."IsUnilateral", e."KineticChainId", e."Name", e."VideoUrl"
      FROM "Exercises" AS e
dbug: Microsoft.EntityFrameworkCore.Database.Command[20301]
      Closing data reader to 'bddtestdb' on server 'tcp://127.0.0.1:33493'.
dbug: Microsoft.EntityFrameworkCore.Database.Command[20300]
      A data reader for 'bddtestdb' on server 'tcp://127.0.0.1:33493' is being disposed after spending 0ms reading results.
info: 7/12/2025 16:05:39.620 RelationalEventId.CommandExecuted[20101] (Microsoft.EntityFrameworkCore.Database.Command) 
      Executed DbCommand (1ms) [Parameters=[], CommandType='Text', CommandTimeout='30']
      SELECT e."Id", e."Description", e."DifficultyId", e."ExerciseWeightTypeId", e."ImageUrl", e."IsActive", e."IsUnilateral", e."KineticChainId", e."Name", e."VideoUrl"
      FROM "Exercises" AS e
dbug: Microsoft.EntityFrameworkCore.Database.Command[20301]
      Closing data reader to 'bddtestdb' on server 'tcp://127.0.0.1:33492'.
dbug: Microsoft.EntityFrameworkCore.Database.Command[20300]
      A data reader for 'bddtestdb' on server 'tcp://127.0.0.1:33492' is being disposed after spending 0ms reading results.
dbug: Microsoft.EntityFrameworkCore.Database.Command[20103]
      Creating DbCommand for 'ExecuteScalar'.
dbug: Microsoft.EntityFrameworkCore.Database.Command[20104]
      Created DbCommand for 'ExecuteScalar' (0ms).
dbug: Microsoft.EntityFrameworkCore.Database.Command[20106]
      Initialized DbCommand for 'ExecuteScalar' (0ms).
dbug: Microsoft.EntityFrameworkCore.Database.Command[20100]
      Executing DbCommand [Parameters=[], CommandType='Text', CommandTimeout='30']
      SELECT CASE WHEN COUNT(*) = 0 THEN FALSE ELSE TRUE END
      FROM pg_class AS cls
      JOIN pg_namespace AS ns ON ns.oid = cls.relnamespace
      WHERE
              cls.relkind IN ('r', 'v', 'm', 'f', 'p') AND
              ns.nspname NOT IN ('pg_catalog', 'information_schema') AND
              -- Exclude tables which are members of PG extensions
              NOT EXISTS (
                  SELECT 1 FROM pg_depend WHERE
                      classid=(
                          SELECT cls.oid
                          FROM pg_class AS cls
                                   JOIN pg_namespace AS ns ON ns.oid = cls.relnamespace
                          WHERE relname='pg_class' AND ns.nspname='pg_catalog'
                      ) AND
                      objid=cls.oid AND
                      deptype IN ('e', 'x')
              )
info: Microsoft.EntityFrameworkCore.Database.Command[20101]
      Executed DbCommand (1ms) [Parameters=[], CommandType='Text', CommandTimeout='30']
      SELECT CASE WHEN COUNT(*) = 0 THEN FALSE ELSE TRUE END
      FROM pg_class AS cls
      JOIN pg_namespace AS ns ON ns.oid = cls.relnamespace
      WHERE
              cls.relkind IN ('r', 'v', 'm', 'f', 'p') AND
              ns.nspname NOT IN ('pg_catalog', 'information_schema') AND
              -- Exclude tables which are members of PG extensions
              NOT EXISTS (
                  SELECT 1 FROM pg_depend WHERE
                      classid=(
                          SELECT cls.oid
                          FROM pg_class AS cls
                                   JOIN pg_namespace AS ns ON ns.oid = cls.relnamespace
                          WHERE relname='pg_class' AND ns.nspname='pg_catalog'
                      ) AND
                      objid=cls.oid AND
                      deptype IN ('e', 'x')
              )
info: 7/12/2025 16:05:39.631 RelationalEventId.CommandExecuted[20101] (Microsoft.EntityFrameworkCore.Database.Command) 
      Executed DbCommand (1ms) [Parameters=[], CommandType='Text', CommandTimeout='30']
      SELECT CASE WHEN COUNT(*) = 0 THEN FALSE ELSE TRUE END
      FROM pg_class AS cls
      JOIN pg_namespace AS ns ON ns.oid = cls.relnamespace
      WHERE
              cls.relkind IN ('r', 'v', 'm', 'f', 'p') AND
              ns.nspname NOT IN ('pg_catalog', 'information_schema') AND
              -- Exclude tables which are members of PG extensions
              NOT EXISTS (
                  SELECT 1 FROM pg_depend WHERE
                      classid=(
                          SELECT cls.oid
                          FROM pg_class AS cls
                                   JOIN pg_namespace AS ns ON ns.oid = cls.relnamespace
                          WHERE relname='pg_class' AND ns.nspname='pg_catalog'
                      ) AND
                      objid=cls.oid AND
                      deptype IN ('e', 'x')
              )
dbug: Microsoft.EntityFrameworkCore.Database.Command[20103]
      Creating DbCommand for 'ExecuteReader'.
dbug: Microsoft.EntityFrameworkCore.Database.Command[20104]
      Created DbCommand for 'ExecuteReader' (0ms).
dbug: Microsoft.EntityFrameworkCore.Database.Command[20106]
      Initialized DbCommand for 'ExecuteReader' (0ms).
dbug: Microsoft.EntityFrameworkCore.Database.Command[20100]
      Executing DbCommand [Parameters=[], CommandType='Text', CommandTimeout='30']
      SELECT EXISTS (
          SELECT 1
          FROM "BodyParts" AS b)
info: Microsoft.EntityFrameworkCore.Database.Command[20101]
      Executed DbCommand (0ms) [Parameters=[], CommandType='Text', CommandTimeout='30']
      SELECT EXISTS (
          SELECT 1
          FROM "BodyParts" AS b)
info: 7/12/2025 16:05:39.632 RelationalEventId.CommandExecuted[20101] (Microsoft.EntityFrameworkCore.Database.Command) 
      Executed DbCommand (0ms) [Parameters=[], CommandType='Text', CommandTimeout='30']
      SELECT EXISTS (
          SELECT 1
          FROM "BodyParts" AS b)
dbug: Microsoft.EntityFrameworkCore.Database.Command[20301]
      Closing data reader to 'bddtestdb' on server 'tcp://127.0.0.1:33493'.
dbug: Microsoft.EntityFrameworkCore.Database.Command[20300]
      A data reader for 'bddtestdb' on server 'tcp://127.0.0.1:33493' is being disposed after spending 0ms reading results.
dbug: Microsoft.EntityFrameworkCore.Database.Command[20103]
      Creating DbCommand for 'ExecuteReader'.
dbug: Microsoft.EntityFrameworkCore.Database.Command[20104]
      Created DbCommand for 'ExecuteReader' (0ms).
dbug: Microsoft.EntityFrameworkCore.Database.Command[20106]
      Initialized DbCommand for 'ExecuteReader' (0ms).
dbug: Microsoft.EntityFrameworkCore.Database.Command[20100]
      Executing DbCommand [Parameters=[], CommandType='Text', CommandTimeout='30']
      SELECT e."Id", e."CreatedAt", e."DisplayOrder", e."IsActive", e."LinkType", e."SourceExerciseId", e."TargetExerciseId", e."UpdatedAt"
      FROM "ExerciseLinks" AS e
info: Microsoft.EntityFrameworkCore.Database.Command[20101]
      Executed DbCommand (0ms) [Parameters=[], CommandType='Text', CommandTimeout='30']
      SELECT e."Id", e."CreatedAt", e."DisplayOrder", e."IsActive", e."LinkType", e."SourceExerciseId", e."TargetExerciseId", e."UpdatedAt"
      FROM "ExerciseLinks" AS e
info: 7/12/2025 16:05:39.638 RelationalEventId.CommandExecuted[20101] (Microsoft.EntityFrameworkCore.Database.Command) 
      Executed DbCommand (0ms) [Parameters=[], CommandType='Text', CommandTimeout='30']
      SELECT e."Id", e."CreatedAt", e."DisplayOrder", e."IsActive", e."LinkType", e."SourceExerciseId", e."TargetExerciseId", e."UpdatedAt"
      FROM "ExerciseLinks" AS e
dbug: Microsoft.EntityFrameworkCore.Database.Command[20301]
      Closing data reader to 'bddtestdb' on server 'tcp://127.0.0.1:33492'.
dbug: Microsoft.EntityFrameworkCore.Database.Command[20300]
      A data reader for 'bddtestdb' on server 'tcp://127.0.0.1:33492' is being disposed after spending 0ms reading results.
dbug: Microsoft.EntityFrameworkCore.Database.Command[20103]
      Creating DbCommand for 'ExecuteReader'.
dbug: Microsoft.EntityFrameworkCore.Database.Command[20104]
      Created DbCommand for 'ExecuteReader' (0ms).
dbug: Microsoft.EntityFrameworkCore.Database.Command[20106]
      Initialized DbCommand for 'ExecuteReader' (0ms).
dbug: Microsoft.EntityFrameworkCore.Database.Command[20100]
      Executing DbCommand [Parameters=[], CommandType='Text', CommandTimeout='30']
      SELECT e."Id", e."Description", e."DifficultyId", e."ExerciseWeightTypeId", e."ImageUrl", e."IsActive", e."IsUnilateral", e."KineticChainId", e."Name", e."VideoUrl"
      FROM "Exercises" AS e
info: Microsoft.EntityFrameworkCore.Database.Command[20101]
      Executed DbCommand (0ms) [Parameters=[], CommandType='Text', CommandTimeout='30']
      SELECT e."Id", e."Description", e."DifficultyId", e."ExerciseWeightTypeId", e."ImageUrl", e."IsActive", e."IsUnilateral", e."KineticChainId", e."Name", e."VideoUrl"
      FROM "Exercises" AS e
info: 7/12/2025 16:05:39.639 RelationalEventId.CommandExecuted[20101] (Microsoft.EntityFrameworkCore.Database.Command) 
      Executed DbCommand (0ms) [Parameters=[], CommandType='Text', CommandTimeout='30']
      SELECT e."Id", e."Description", e."DifficultyId", e."ExerciseWeightTypeId", e."ImageUrl", e."IsActive", e."IsUnilateral", e."KineticChainId", e."Name", e."VideoUrl"
      FROM "Exercises" AS e
dbug: Microsoft.EntityFrameworkCore.Database.Command[20301]
      Closing data reader to 'bddtestdb' on server 'tcp://127.0.0.1:33492'.
dbug: Microsoft.EntityFrameworkCore.Database.Command[20300]
      A data reader for 'bddtestdb' on server 'tcp://127.0.0.1:33492' is being disposed after spending 0ms reading results.
dbug: Microsoft.EntityFrameworkCore.Database.Command[20103]
      Creating DbCommand for 'ExecuteReader'.
dbug: Microsoft.EntityFrameworkCore.Database.Command[20104]
      Created DbCommand for 'ExecuteReader' (0ms).
dbug: Microsoft.EntityFrameworkCore.Database.Command[20106]
      Initialized DbCommand for 'ExecuteReader' (0ms).
dbug: Microsoft.EntityFrameworkCore.Database.Command[20100]
      Executing DbCommand [Parameters=[], CommandType='Text', CommandTimeout='30']
      SELECT e."Id", e."CreatedAt", e."DisplayOrder", e."IsActive", e."LinkType", e."SourceExerciseId", e."TargetExerciseId", e."UpdatedAt"
      FROM "ExerciseLinks" AS e
info: Microsoft.EntityFrameworkCore.Database.Command[20101]
      Executed DbCommand (0ms) [Parameters=[], CommandType='Text', CommandTimeout='30']
      SELECT e."Id", e."CreatedAt", e."DisplayOrder", e."IsActive", e."LinkType", e."SourceExerciseId", e."TargetExerciseId", e."UpdatedAt"
      FROM "ExerciseLinks" AS e
info: 7/12/2025 16:05:39.640 RelationalEventId.CommandExecuted[20101] (Microsoft.EntityFrameworkCore.Database.Command) 
      Executed DbCommand (0ms) [Parameters=[], CommandType='Text', CommandTimeout='30']
      SELECT e."Id", e."CreatedAt", e."DisplayOrder", e."IsActive", e."LinkType", e."SourceExerciseId", e."TargetExerciseId", e."UpdatedAt"
      FROM "ExerciseLinks" AS e
dbug: Microsoft.EntityFrameworkCore.Database.Command[20301]
      Closing data reader to 'bddtestdb' on server 'tcp://127.0.0.1:33492'.
dbug: Microsoft.EntityFrameworkCore.Database.Command[20300]
      A data reader for 'bddtestdb' on server 'tcp://127.0.0.1:33492' is being disposed after spending 0ms reading results.
dbug: Microsoft.EntityFrameworkCore.Database.Command[20103]
      Creating DbCommand for 'ExecuteReader'.
dbug: Microsoft.EntityFrameworkCore.Database.Command[20104]
      Created DbCommand for 'ExecuteReader' (0ms).
dbug: Microsoft.EntityFrameworkCore.Database.Command[20106]
      Initialized DbCommand for 'ExecuteReader' (0ms).
dbug: Microsoft.EntityFrameworkCore.Database.Command[20100]
      Executing DbCommand [Parameters=[], CommandType='Text', CommandTimeout='30']
      SELECT e."Id", e."Description", e."DifficultyId", e."ExerciseWeightTypeId", e."ImageUrl", e."IsActive", e."IsUnilateral", e."KineticChainId", e."Name", e."VideoUrl"
      FROM "Exercises" AS e
info: Microsoft.EntityFrameworkCore.Database.Command[20101]
      Executed DbCommand (0ms) [Parameters=[], CommandType='Text', CommandTimeout='30']
      SELECT e."Id", e."Description", e."DifficultyId", e."ExerciseWeightTypeId", e."ImageUrl", e."IsActive", e."IsUnilateral", e."KineticChainId", e."Name", e."VideoUrl"
      FROM "Exercises" AS e
info: 7/12/2025 16:05:39.641 RelationalEventId.CommandExecuted[20101] (Microsoft.EntityFrameworkCore.Database.Command) 
      Executed DbCommand (0ms) [Parameters=[], CommandType='Text', CommandTimeout='30']
      SELECT e."Id", e."Description", e."DifficultyId", e."ExerciseWeightTypeId", e."ImageUrl", e."IsActive", e."IsUnilateral", e."KineticChainId", e."Name", e."VideoUrl"
      FROM "Exercises" AS e
dbug: Microsoft.EntityFrameworkCore.Database.Command[20301]
      Closing data reader to 'bddtestdb' on server 'tcp://127.0.0.1:33492'.
dbug: Microsoft.EntityFrameworkCore.Database.Command[20300]
      A data reader for 'bddtestdb' on server 'tcp://127.0.0.1:33492' is being disposed after spending 0ms reading results.
dbug: Microsoft.EntityFrameworkCore.Database.Command[20103]
      Creating DbCommand for 'ExecuteScalar'.
dbug: Microsoft.EntityFrameworkCore.Database.Command[20104]
      Created DbCommand for 'ExecuteScalar' (0ms).
dbug: Microsoft.EntityFrameworkCore.Database.Command[20106]
      Initialized DbCommand for 'ExecuteScalar' (0ms).
dbug: Microsoft.EntityFrameworkCore.Database.Command[20100]
      Executing DbCommand [Parameters=[], CommandType='Text', CommandTimeout='30']
      SELECT CASE WHEN COUNT(*) = 0 THEN FALSE ELSE TRUE END
      FROM pg_class AS cls
      JOIN pg_namespace AS ns ON ns.oid = cls.relnamespace
      WHERE
              cls.relkind IN ('r', 'v', 'm', 'f', 'p') AND
              ns.nspname NOT IN ('pg_catalog', 'information_schema') AND
              -- Exclude tables which are members of PG extensions
              NOT EXISTS (
                  SELECT 1 FROM pg_depend WHERE
                      classid=(
                          SELECT cls.oid
                          FROM pg_class AS cls
                                   JOIN pg_namespace AS ns ON ns.oid = cls.relnamespace
                          WHERE relname='pg_class' AND ns.nspname='pg_catalog'
                      ) AND
                      objid=cls.oid AND
                      deptype IN ('e', 'x')
              )
info: Microsoft.EntityFrameworkCore.Database.Command[20101]
      Executed DbCommand (1ms) [Parameters=[], CommandType='Text', CommandTimeout='30']
      SELECT CASE WHEN COUNT(*) = 0 THEN FALSE ELSE TRUE END
      FROM pg_class AS cls
      JOIN pg_namespace AS ns ON ns.oid = cls.relnamespace
      WHERE
              cls.relkind IN ('r', 'v', 'm', 'f', 'p') AND
              ns.nspname NOT IN ('pg_catalog', 'information_schema') AND
              -- Exclude tables which are members of PG extensions
              NOT EXISTS (
                  SELECT 1 FROM pg_depend WHERE
                      classid=(
                          SELECT cls.oid
                          FROM pg_class AS cls
                                   JOIN pg_namespace AS ns ON ns.oid = cls.relnamespace
                          WHERE relname='pg_class' AND ns.nspname='pg_catalog'
                      ) AND
                      objid=cls.oid AND
                      deptype IN ('e', 'x')
              )
info: 7/12/2025 16:05:39.646 RelationalEventId.CommandExecuted[20101] (Microsoft.EntityFrameworkCore.Database.Command) 
      Executed DbCommand (1ms) [Parameters=[], CommandType='Text', CommandTimeout='30']
      SELECT CASE WHEN COUNT(*) = 0 THEN FALSE ELSE TRUE END
      FROM pg_class AS cls
      JOIN pg_namespace AS ns ON ns.oid = cls.relnamespace
      WHERE
              cls.relkind IN ('r', 'v', 'm', 'f', 'p') AND
              ns.nspname NOT IN ('pg_catalog', 'information_schema') AND
              -- Exclude tables which are members of PG extensions
              NOT EXISTS (
                  SELECT 1 FROM pg_depend WHERE
                      classid=(
                          SELECT cls.oid
                          FROM pg_class AS cls
                                   JOIN pg_namespace AS ns ON ns.oid = cls.relnamespace
                          WHERE relname='pg_class' AND ns.nspname='pg_catalog'
                      ) AND
                      objid=cls.oid AND
                      deptype IN ('e', 'x')
              )
dbug: Microsoft.EntityFrameworkCore.Database.Command[20103]
      Creating DbCommand for 'ExecuteReader'.
dbug: Microsoft.EntityFrameworkCore.Database.Command[20104]
      Created DbCommand for 'ExecuteReader' (0ms).
dbug: Microsoft.EntityFrameworkCore.Database.Command[20106]
      Initialized DbCommand for 'ExecuteReader' (0ms).
dbug: Microsoft.EntityFrameworkCore.Database.Command[20100]
      Executing DbCommand [Parameters=[], CommandType='Text', CommandTimeout='30']
      SELECT EXISTS (
          SELECT 1
          FROM "BodyParts" AS b)
info: Microsoft.EntityFrameworkCore.Database.Command[20101]
      Executed DbCommand (0ms) [Parameters=[], CommandType='Text', CommandTimeout='30']
      SELECT EXISTS (
          SELECT 1
          FROM "BodyParts" AS b)
info: 7/12/2025 16:05:39.647 RelationalEventId.CommandExecuted[20101] (Microsoft.EntityFrameworkCore.Database.Command) 
      Executed DbCommand (0ms) [Parameters=[], CommandType='Text', CommandTimeout='30']
      SELECT EXISTS (
          SELECT 1
          FROM "BodyParts" AS b)
dbug: Microsoft.EntityFrameworkCore.Database.Command[20301]
      Closing data reader to 'bddtestdb' on server 'tcp://127.0.0.1:33492'.
dbug: Microsoft.EntityFrameworkCore.Database.Command[20300]
      A data reader for 'bddtestdb' on server 'tcp://127.0.0.1:33492' is being disposed after spending 0ms reading results.
dbug: Microsoft.EntityFrameworkCore.Database.Command[20103]
      Creating DbCommand for 'ExecuteReader'.
dbug: Microsoft.EntityFrameworkCore.Database.Command[20104]
      Created DbCommand for 'ExecuteReader' (0ms).
dbug: Microsoft.EntityFrameworkCore.Database.Command[20106]
      Initialized DbCommand for 'ExecuteReader' (0ms).
dbug: Microsoft.EntityFrameworkCore.Database.Command[20100]
      Executing DbCommand [Parameters=[], CommandType='Text', CommandTimeout='30']
      SELECT e."Id", e."CreatedAt", e."DisplayOrder", e."IsActive", e."LinkType", e."SourceExerciseId", e."TargetExerciseId", e."UpdatedAt"
      FROM "ExerciseLinks" AS e
info: Microsoft.EntityFrameworkCore.Database.Command[20101]
      Executed DbCommand (0ms) [Parameters=[], CommandType='Text', CommandTimeout='30']
      SELECT e."Id", e."CreatedAt", e."DisplayOrder", e."IsActive", e."LinkType", e."SourceExerciseId", e."TargetExerciseId", e."UpdatedAt"
      FROM "ExerciseLinks" AS e
info: 7/12/2025 16:05:39.653 RelationalEventId.CommandExecuted[20101] (Microsoft.EntityFrameworkCore.Database.Command) 
      Executed DbCommand (0ms) [Parameters=[], CommandType='Text', CommandTimeout='30']
      SELECT e."Id", e."CreatedAt", e."DisplayOrder", e."IsActive", e."LinkType", e."SourceExerciseId", e."TargetExerciseId", e."UpdatedAt"
      FROM "ExerciseLinks" AS e
dbug: Microsoft.EntityFrameworkCore.Database.Command[20301]
      Closing data reader to 'bddtestdb' on server 'tcp://127.0.0.1:33492'.
dbug: Microsoft.EntityFrameworkCore.Database.Command[20300]
      A data reader for 'bddtestdb' on server 'tcp://127.0.0.1:33492' is being disposed after spending 0ms reading results.
dbug: Microsoft.EntityFrameworkCore.Database.Command[20103]
      Creating DbCommand for 'ExecuteReader'.
dbug: Microsoft.EntityFrameworkCore.Database.Command[20104]
      Created DbCommand for 'ExecuteReader' (0ms).
dbug: Microsoft.EntityFrameworkCore.Database.Command[20106]
      Initialized DbCommand for 'ExecuteReader' (0ms).
dbug: Microsoft.EntityFrameworkCore.Database.Command[20100]
      Executing DbCommand [Parameters=[], CommandType='Text', CommandTimeout='30']
      SELECT e."Id", e."Description", e."DifficultyId", e."ExerciseWeightTypeId", e."ImageUrl", e."IsActive", e."IsUnilateral", e."KineticChainId", e."Name", e."VideoUrl"
      FROM "Exercises" AS e
info: Microsoft.EntityFrameworkCore.Database.Command[20101]
      Executed DbCommand (0ms) [Parameters=[], CommandType='Text', CommandTimeout='30']
      SELECT e."Id", e."Description", e."DifficultyId", e."ExerciseWeightTypeId", e."ImageUrl", e."IsActive", e."IsUnilateral", e."KineticChainId", e."Name", e."VideoUrl"
      FROM "Exercises" AS e
info: 7/12/2025 16:05:39.653 RelationalEventId.CommandExecuted[20101] (Microsoft.EntityFrameworkCore.Database.Command) 
      Executed DbCommand (0ms) [Parameters=[], CommandType='Text', CommandTimeout='30']
      SELECT e."Id", e."Description", e."DifficultyId", e."ExerciseWeightTypeId", e."ImageUrl", e."IsActive", e."IsUnilateral", e."KineticChainId", e."Name", e."VideoUrl"
      FROM "Exercises" AS e
dbug: Microsoft.EntityFrameworkCore.Database.Command[20301]
      Closing data reader to 'bddtestdb' on server 'tcp://127.0.0.1:33492'.
dbug: Microsoft.EntityFrameworkCore.Database.Command[20300]
      A data reader for 'bddtestdb' on server 'tcp://127.0.0.1:33492' is being disposed after spending 0ms reading results.
-&gt; #XW001: Completed feature: Database Connection
[testcontainers.org 00:00:03.92] Delete Docker container 765d81009900
dbug: Microsoft.EntityFrameworkCore.Database.Command[20103]
      Creating DbCommand for 'ExecuteReader'.
dbug: Microsoft.EntityFrameworkCore.Database.Command[20104]
      Created DbCommand for 'ExecuteReader' (0ms).
dbug: Microsoft.EntityFrameworkCore.Database.Command[20106]
      Initialized DbCommand for 'ExecuteReader' (0ms).
dbug: Microsoft.EntityFrameworkCore.Database.Command[20100]
      Executing DbCommand [Parameters=[], CommandType='Text', CommandTimeout='30']
      SELECT d."Id", d."Description", d."DisplayOrder", d."IsActive", d."Value"
      FROM "DifficultyLevels" AS d
      WHERE d."IsActive"
      ORDER BY d."DisplayOrder"
info: Microsoft.EntityFrameworkCore.Database.Command[20101]
      Executed DbCommand (1ms) [Parameters=[], CommandType='Text', CommandTimeout='30']
      SELECT d."Id", d."Description", d."DisplayOrder", d."IsActive", d."Value"
      FROM "DifficultyLevels" AS d
      WHERE d."IsActive"
      ORDER BY d."DisplayOrder"
info: 7/12/2025 16:05:39.684 RelationalEventId.CommandExecuted[20101] (Microsoft.EntityFrameworkCore.Database.Command) 
      Executed DbCommand (1ms) [Parameters=[], CommandType='Text', CommandTimeout='30']
      SELECT d."Id", d."Description", d."DisplayOrder", d."IsActive", d."Value"
      FROM "DifficultyLevels" AS d
      WHERE d."IsActive"
      ORDER BY d."DisplayOrder"
dbug: Microsoft.EntityFrameworkCore.Database.Command[20301]
      Closing data reader to 'bddtestdb' on server 'tcp://127.0.0.1:33493'.
dbug: Microsoft.EntityFrameworkCore.Database.Command[20300]
      A data reader for 'bddtestdb' on server 'tcp://127.0.0.1:33493' is being disposed after spending 3ms reading results.
dbug: Microsoft.EntityFrameworkCore.Database.Command[20103]
      Creating DbCommand for 'ExecuteReader'.
dbug: Microsoft.EntityFrameworkCore.Database.Command[20104]
      Created DbCommand for 'ExecuteReader' (0ms).
dbug: Microsoft.EntityFrameworkCore.Database.Command[20106]
      Initialized DbCommand for 'ExecuteReader' (0ms).
dbug: Microsoft.EntityFrameworkCore.Database.Command[20100]
      Executing DbCommand [Parameters=[], CommandType='Text', CommandTimeout='30']
      SELECT e."Id", e."CreatedAt", e."DisplayOrder", e."IsActive", e."LinkType", e."SourceExerciseId", e."TargetExerciseId", e."UpdatedAt"
      FROM "ExerciseLinks" AS e
info: Microsoft.EntityFrameworkCore.Database.Command[20101]
      Executed DbCommand (1ms) [Parameters=[], CommandType='Text', CommandTimeout='30']
      SELECT e."Id", e."CreatedAt", e."DisplayOrder", e."IsActive", e."LinkType", e."SourceExerciseId", e."TargetExerciseId", e."UpdatedAt"
      FROM "ExerciseLinks" AS e
info: 7/12/2025 16:05:39.725 RelationalEventId.CommandExecuted[20101] (Microsoft.EntityFrameworkCore.Database.Command) 
      Executed DbCommand (1ms) [Parameters=[], CommandType='Text', CommandTimeout='30']
      SELECT e."Id", e."CreatedAt", e."DisplayOrder", e."IsActive", e."LinkType", e."SourceExerciseId", e."TargetExerciseId", e."UpdatedAt"
      FROM "ExerciseLinks" AS e
dbug: Microsoft.EntityFrameworkCore.Database.Command[20301]
      Closing data reader to 'bddtestdb' on server 'tcp://127.0.0.1:33493'.
dbug: Microsoft.EntityFrameworkCore.Database.Command[20300]
      A data reader for 'bddtestdb' on server 'tcp://127.0.0.1:33493' is being disposed after spending 0ms reading results.
dbug: Microsoft.EntityFrameworkCore.Database.Command[20103]
      Creating DbCommand for 'ExecuteReader'.
dbug: Microsoft.EntityFrameworkCore.Database.Command[20104]
      Created DbCommand for 'ExecuteReader' (0ms).
dbug: Microsoft.EntityFrameworkCore.Database.Command[20106]
      Initialized DbCommand for 'ExecuteReader' (0ms).
dbug: Microsoft.EntityFrameworkCore.Database.Command[20100]
      Executing DbCommand [Parameters=[], CommandType='Text', CommandTimeout='30']
      SELECT e."Id", e."Description", e."DifficultyId", e."ExerciseWeightTypeId", e."ImageUrl", e."IsActive", e."IsUnilateral", e."KineticChainId", e."Name", e."VideoUrl"
      FROM "Exercises" AS e
info: Microsoft.EntityFrameworkCore.Database.Command[20101]
      Executed DbCommand (0ms) [Parameters=[], CommandType='Text', CommandTimeout='30']
      SELECT e."Id", e."Description", e."DifficultyId", e."ExerciseWeightTypeId", e."ImageUrl", e."IsActive", e."IsUnilateral", e."KineticChainId", e."Name", e."VideoUrl"
      FROM "Exercises" AS e
info: 7/12/2025 16:05:39.726 RelationalEventId.CommandExecuted[20101] (Microsoft.EntityFrameworkCore.Database.Command) 
      Executed DbCommand (0ms) [Parameters=[], CommandType='Text', CommandTimeout='30']
      SELECT e."Id", e."Description", e."DifficultyId", e."ExerciseWeightTypeId", e."ImageUrl", e."IsActive", e."IsUnilateral", e."KineticChainId", e."Name", e."VideoUrl"
      FROM "Exercises" AS e
dbug: Microsoft.EntityFrameworkCore.Database.Command[20301]
      Closing data reader to 'bddtestdb' on server 'tcp://127.0.0.1:33493'.
dbug: Microsoft.EntityFrameworkCore.Database.Command[20300]
      A data reader for 'bddtestdb' on server 'tcp://127.0.0.1:33493' is being disposed after spending 0ms reading results.
dbug: Microsoft.EntityFrameworkCore.Database.Command[20103]
      Creating DbCommand for 'ExecuteReader'.
dbug: Microsoft.EntityFrameworkCore.Database.Command[20104]
      Created DbCommand for 'ExecuteReader' (0ms).
dbug: Microsoft.EntityFrameworkCore.Database.Command[20106]
      Initialized DbCommand for 'ExecuteReader' (0ms).
dbug: Microsoft.EntityFrameworkCore.Database.Command[20100]
      Executing DbCommand [Parameters=[], CommandType='Text', CommandTimeout='30']
      SELECT e."Id", e."CreatedAt", e."DisplayOrder", e."IsActive", e."LinkType", e."SourceExerciseId", e."TargetExerciseId", e."UpdatedAt"
      FROM "ExerciseLinks" AS e
info: Microsoft.EntityFrameworkCore.Database.Command[20101]
      Executed DbCommand (0ms) [Parameters=[], CommandType='Text', CommandTimeout='30']
      SELECT e."Id", e."CreatedAt", e."DisplayOrder", e."IsActive", e."LinkType", e."SourceExerciseId", e."TargetExerciseId", e."UpdatedAt"
      FROM "ExerciseLinks" AS e
info: 7/12/2025 16:05:39.726 RelationalEventId.CommandExecuted[20101] (Microsoft.EntityFrameworkCore.Database.Command) 
      Executed DbCommand (0ms) [Parameters=[], CommandType='Text', CommandTimeout='30']
      SELECT e."Id", e."CreatedAt", e."DisplayOrder", e."IsActive", e."LinkType", e."SourceExerciseId", e."TargetExerciseId", e."UpdatedAt"
      FROM "ExerciseLinks" AS e
dbug: Microsoft.EntityFrameworkCore.Database.Command[20301]
      Closing data reader to 'bddtestdb' on server 'tcp://127.0.0.1:33493'.
dbug: Microsoft.EntityFrameworkCore.Database.Command[20300]
      A data reader for 'bddtestdb' on server 'tcp://127.0.0.1:33493' is being disposed after spending 0ms reading results.
dbug: Microsoft.EntityFrameworkCore.Database.Command[20103]
      Creating DbCommand for 'ExecuteReader'.
dbug: Microsoft.EntityFrameworkCore.Database.Command[20104]
      Created DbCommand for 'ExecuteReader' (0ms).
dbug: Microsoft.EntityFrameworkCore.Database.Command[20106]
      Initialized DbCommand for 'ExecuteReader' (0ms).
dbug: Microsoft.EntityFrameworkCore.Database.Command[20100]
      Executing DbCommand [Parameters=[], CommandType='Text', CommandTimeout='30']
      SELECT e."Id", e."Description", e."DifficultyId", e."ExerciseWeightTypeId", e."ImageUrl", e."IsActive", e."IsUnilateral", e."KineticChainId", e."Name", e."VideoUrl"
      FROM "Exercises" AS e
info: Microsoft.EntityFrameworkCore.Database.Command[20101]
      Executed DbCommand (0ms) [Parameters=[], CommandType='Text', CommandTimeout='30']
      SELECT e."Id", e."Description", e."DifficultyId", e."ExerciseWeightTypeId", e."ImageUrl", e."IsActive", e."IsUnilateral", e."KineticChainId", e."Name", e."VideoUrl"
      FROM "Exercises" AS e
info: 7/12/2025 16:05:39.726 RelationalEventId.CommandExecuted[20101] (Microsoft.EntityFrameworkCore.Database.Command) 
      Executed DbCommand (0ms) [Parameters=[], CommandType='Text', CommandTimeout='30']
      SELECT e."Id", e."Description", e."DifficultyId", e."ExerciseWeightTypeId", e."ImageUrl", e."IsActive", e."IsUnilateral", e."KineticChainId", e."Name", e."VideoUrl"
      FROM "Exercises" AS e
dbug: Microsoft.EntityFrameworkCore.Database.Command[20301]
      Closing data reader to 'bddtestdb' on server 'tcp://127.0.0.1:33493'.
dbug: Microsoft.EntityFrameworkCore.Database.Command[20300]
      A data reader for 'bddtestdb' on server 'tcp://127.0.0.1:33493' is being disposed after spending 0ms reading results.
dbug: Microsoft.EntityFrameworkCore.Database.Command[20103]
      Creating DbCommand for 'ExecuteScalar'.
dbug: Microsoft.EntityFrameworkCore.Database.Command[20104]
      Created DbCommand for 'ExecuteScalar' (0ms).
dbug: Microsoft.EntityFrameworkCore.Database.Command[20106]
      Initialized DbCommand for 'ExecuteScalar' (0ms).
dbug: Microsoft.EntityFrameworkCore.Database.Command[20100]
      Executing DbCommand [Parameters=[], CommandType='Text', CommandTimeout='30']
      SELECT CASE WHEN COUNT(*) = 0 THEN FALSE ELSE TRUE END
      FROM pg_class AS cls
      JOIN pg_namespace AS ns ON ns.oid = cls.relnamespace
      WHERE
              cls.relkind IN ('r', 'v', 'm', 'f', 'p') AND
              ns.nspname NOT IN ('pg_catalog', 'information_schema') AND
              -- Exclude tables which are members of PG extensions
              NOT EXISTS (
                  SELECT 1 FROM pg_depend WHERE
                      classid=(
                          SELECT cls.oid
                          FROM pg_class AS cls
                                   JOIN pg_namespace AS ns ON ns.oid = cls.relnamespace
                          WHERE relname='pg_class' AND ns.nspname='pg_catalog'
                      ) AND
                      objid=cls.oid AND
                      deptype IN ('e', 'x')
              )
info: Microsoft.EntityFrameworkCore.Database.Command[20101]
      Executed DbCommand (1ms) [Parameters=[], CommandType='Text', CommandTimeout='30']
      SELECT CASE WHEN COUNT(*) = 0 THEN FALSE ELSE TRUE END
      FROM pg_class AS cls
      JOIN pg_namespace AS ns ON ns.oid = cls.relnamespace
      WHERE
              cls.relkind IN ('r', 'v', 'm', 'f', 'p') AND
              ns.nspname NOT IN ('pg_catalog', 'information_schema') AND
              -- Exclude tables which are members of PG extensions
              NOT EXISTS (
                  SELECT 1 FROM pg_depend WHERE
                      classid=(
                          SELECT cls.oid
                          FROM pg_class AS cls
                                   JOIN pg_namespace AS ns ON ns.oid = cls.relnamespace
                          WHERE relname='pg_class' AND ns.nspname='pg_catalog'
                      ) AND
                      objid=cls.oid AND
                      deptype IN ('e', 'x')
              )
info: 7/12/2025 16:05:39.732 RelationalEventId.CommandExecuted[20101] (Microsoft.EntityFrameworkCore.Database.Command) 
      Executed DbCommand (1ms) [Parameters=[], CommandType='Text', CommandTimeout='30']
      SELECT CASE WHEN COUNT(*) = 0 THEN FALSE ELSE TRUE END
      FROM pg_class AS cls
      JOIN pg_namespace AS ns ON ns.oid = cls.relnamespace
      WHERE
              cls.relkind IN ('r', 'v', 'm', 'f', 'p') AND
              ns.nspname NOT IN ('pg_catalog', 'information_schema') AND
              -- Exclude tables which are members of PG extensions
              NOT EXISTS (
                  SELECT 1 FROM pg_depend WHERE
                      classid=(
                          SELECT cls.oid
                          FROM pg_class AS cls
                                   JOIN pg_namespace AS ns ON ns.oid = cls.relnamespace
                          WHERE relname='pg_class' AND ns.nspname='pg_catalog'
                      ) AND
                      objid=cls.oid AND
                      deptype IN ('e', 'x')
              )
dbug: Microsoft.EntityFrameworkCore.Database.Command[20103]
      Creating DbCommand for 'ExecuteReader'.
dbug: Microsoft.EntityFrameworkCore.Database.Command[20104]
      Created DbCommand for 'ExecuteReader' (0ms).
dbug: Microsoft.EntityFrameworkCore.Database.Command[20106]
      Initialized DbCommand for 'ExecuteReader' (0ms).
dbug: Microsoft.EntityFrameworkCore.Database.Command[20100]
      Executing DbCommand [Parameters=[], CommandType='Text', CommandTimeout='30']
      SELECT EXISTS (
          SELECT 1
          FROM "BodyParts" AS b)
info: Microsoft.EntityFrameworkCore.Database.Command[20101]
      Executed DbCommand (0ms) [Parameters=[], CommandType='Text', CommandTimeout='30']
      SELECT EXISTS (
          SELECT 1
          FROM "BodyParts" AS b)
info: 7/12/2025 16:05:39.732 RelationalEventId.CommandExecuted[20101] (Microsoft.EntityFrameworkCore.Database.Command) 
      Executed DbCommand (0ms) [Parameters=[], CommandType='Text', CommandTimeout='30']
      SELECT EXISTS (
          SELECT 1
          FROM "BodyParts" AS b)
dbug: Microsoft.EntityFrameworkCore.Database.Command[20301]
      Closing data reader to 'bddtestdb' on server 'tcp://127.0.0.1:33493'.
dbug: Microsoft.EntityFrameworkCore.Database.Command[20300]
      A data reader for 'bddtestdb' on server 'tcp://127.0.0.1:33493' is being disposed after spending 0ms reading results.
[xUnit.net 00:00:04.33]       TechTalk.SpecFlow.MissingStepDefinitionException : No matching step definition found for one or more steps.
[xUnit.net 00:00:04.33]       Stack Trace:
[xUnit.net 00:00:04.33]            at TechTalk.SpecFlow.ErrorHandling.ErrorProvider.ThrowPendingError(ScenarioExecutionStatus testStatus, String message)
[xUnit.net 00:00:04.33]            at TechTalk.SpecFlow.Infrastructure.TestExecutionEngine.OnAfterLastStepAsync()
[xUnit.net 00:00:04.33]            at TechTalk.SpecFlow.TestRunner.CollectScenarioErrorsAsync()
[xUnit.net 00:00:04.33]         /home/esqueleto/myWork/GetFitterGetBigger/GetFitterGetBigger.API/GetFitterGetBigger.API.IntegrationTests/Features/ReferenceData/DifficultyLevels.feature.cs(74,0): at GetFitterGetBigger.API.IntegrationTests.Features.ReferenceData.DifficultyLevelsReferenceDataFeature.ScenarioCleanupAsync()
[xUnit.net 00:00:04.33]         /home/esqueleto/myWork/GetFitterGetBigger/GetFitterGetBigger.API/GetFitterGetBigger.API.IntegrationTests/Features/ReferenceData/DifficultyLevels.feature.cs(150,0): at GetFitterGetBigger.API.IntegrationTests.Features.ReferenceData.DifficultyLevelsReferenceDataFeature.GetDifficultyLevelByValidID()
[xUnit.net 00:00:04.33]         --- End of stack trace from previous location ---
[xUnit.net 00:00:04.33]       Output:
[xUnit.net 00:00:04.33]         -&gt; Initialized HttpClient for scenario: Get difficulty level by valid ID
[xUnit.net 00:00:04.33]         Given the database is empty
[xUnit.net 00:00:04.33]         -&gt; Executing step: Given the database is empty
[xUnit.net 00:00:04.33]         -&gt; done: DatabaseSteps.GivenTheDatabaseIsEmpty() (0.0s)
[xUnit.net 00:00:04.33]         -&gt; Step result: Passed
[xUnit.net 00:00:04.33]         And the database has reference data
[xUnit.net 00:00:04.33]         -&gt; Executing step: Given the database has reference data
[xUnit.net 00:00:04.33]         -&gt; done: DatabaseSteps.GivenTheDatabaseHasReferenceData() (0.0s)
[xUnit.net 00:00:04.33]         -&gt; Step result: Passed
[xUnit.net 00:00:04.33]         Given I send a GET request to "/api/ReferenceTables/DifficultyLevels"
[xUnit.net 00:00:04.33]         -&gt; Executing step: Given I send a GET request to "/api/ReferenceTables/DifficultyLevels"
[xUnit.net 00:00:04.33]         -&gt; done: RequestSteps.WhenISendARequestTo("GET", "/api/ReferenceTab...") (0.1s)
[xUnit.net 00:00:04.33]         -&gt; Step result: Passed
[xUnit.net 00:00:04.33]         And the response contains at least 1 item
[xUnit.net 00:00:04.33]         -&gt; No matching step definition found for the step. Use the following code to create one:
[xUnit.net 00:00:04.33]                 [Given("the response contains at least {int} item")]&#xD;
[xUnit.net 00:00:04.33]                 public void GivenTheResponseContainsAtLeastItem(int p0)&#xD;
[xUnit.net 00:00:04.33]                 {&#xD;
[xUnit.net 00:00:04.33]                     _scenarioContext.Pending();&#xD;
[xUnit.net 00:00:04.33]                 }&#xD;
[xUnit.net 00:00:04.33]         
[xUnit.net 00:00:04.33]         And I store the first item from the response as "firstDifficultyLevel"
[xUnit.net 00:00:04.33]         -&gt; No matching step definition found for the step. Use the following code to create one:
[xUnit.net 00:00:04.33]                 [Given("I store the first item from the response as {string}")]&#xD;
[xUnit.net 00:00:04.33]                 public void GivenIStoreTheFirstItemFromTheResponseAs(string firstDifficultyLevel)&#xD;
[xUnit.net 00:00:04.33]                 {&#xD;
[xUnit.net 00:00:04.33]                     _scenarioContext.Pending();&#xD;
[xUnit.net 00:00:04.33]                 }&#xD;
[xUnit.net 00:00:04.33]         
[xUnit.net 00:00:04.33]         When I send a GET request to "/api/ReferenceTables/DifficultyLevels/&lt;firstDifficultyLevel.Id&gt;"
[xUnit.net 00:00:04.33]         -&gt; skipped because of previous errors
[xUnit.net 00:00:04.33]         Then the response status should be 200
[xUnit.net 00:00:04.33]         -&gt; skipped because of previous errors
[xUnit.net 00:00:04.33]         And the response should have property "id" with value "&lt;firstDifficultyLevel.Id&gt;"
[xUnit.net 00:00:04.33]         -&gt; skipped because of previous errors
[xUnit.net 00:00:04.33]         And the response should have property "value" with value "&lt;firstDifficultyLevel.Value&gt;"
[xUnit.net 00:00:04.33]         -&gt; skipped because of previous errors
dbug: Microsoft.EntityFrameworkCore.Database.Command[20103]
      Creating DbCommand for 'ExecuteScalar'.
dbug: Microsoft.EntityFrameworkCore.Database.Command[20104]
      Created DbCommand for 'ExecuteScalar' (0ms).
dbug: Microsoft.EntityFrameworkCore.Database.Command[20106]
      Initialized DbCommand for 'ExecuteScalar' (0ms).
dbug: Microsoft.EntityFrameworkCore.Database.Command[20100]
      Executing DbCommand [Parameters=[], CommandType='Text', CommandTimeout='30']
      SELECT CASE WHEN COUNT(*) = 0 THEN FALSE ELSE TRUE END
      FROM pg_class AS cls
      JOIN pg_namespace AS ns ON ns.oid = cls.relnamespace
      WHERE
              cls.relkind IN ('r', 'v', 'm', 'f', 'p') AND
              ns.nspname NOT IN ('pg_catalog', 'information_schema') AND
              -- Exclude tables which are members of PG extensions
              NOT EXISTS (
                  SELECT 1 FROM pg_depend WHERE
                      classid=(
                          SELECT cls.oid
                          FROM pg_class AS cls
                                   JOIN pg_namespace AS ns ON ns.oid = cls.relnamespace
                          WHERE relname='pg_class' AND ns.nspname='pg_catalog'
                      ) AND
                      objid=cls.oid AND
                      deptype IN ('e', 'x')
              )
info: Microsoft.EntityFrameworkCore.Database.Command[20101]
      Executed DbCommand (1ms) [Parameters=[], CommandType='Text', CommandTimeout='30']
      SELECT CASE WHEN COUNT(*) = 0 THEN FALSE ELSE TRUE END
      FROM pg_class AS cls
      JOIN pg_namespace AS ns ON ns.oid = cls.relnamespace
      WHERE
              cls.relkind IN ('r', 'v', 'm', 'f', 'p') AND
              ns.nspname NOT IN ('pg_catalog', 'information_schema') AND
              -- Exclude tables which are members of PG extensions
              NOT EXISTS (
                  SELECT 1 FROM pg_depend WHERE
                      classid=(
                          SELECT cls.oid
                          FROM pg_class AS cls
                                   JOIN pg_namespace AS ns ON ns.oid = cls.relnamespace
                          WHERE relname='pg_class' AND ns.nspname='pg_catalog'
                      ) AND
                      objid=cls.oid AND
                      deptype IN ('e', 'x')
              )
info: 7/12/2025 16:05:39.743 RelationalEventId.CommandExecuted[20101] (Microsoft.EntityFrameworkCore.Database.Command) 
      Executed DbCommand (1ms) [Parameters=[], CommandType='Text', CommandTimeout='30']
      SELECT CASE WHEN COUNT(*) = 0 THEN FALSE ELSE TRUE END
      FROM pg_class AS cls
      JOIN pg_namespace AS ns ON ns.oid = cls.relnamespace
      WHERE
              cls.relkind IN ('r', 'v', 'm', 'f', 'p') AND
              ns.nspname NOT IN ('pg_catalog', 'information_schema') AND
              -- Exclude tables which are members of PG extensions
              NOT EXISTS (
                  SELECT 1 FROM pg_depend WHERE
                      classid=(
                          SELECT cls.oid
                          FROM pg_class AS cls
                                   JOIN pg_namespace AS ns ON ns.oid = cls.relnamespace
                          WHERE relname='pg_class' AND ns.nspname='pg_catalog'
                      ) AND
                      objid=cls.oid AND
                      deptype IN ('e', 'x')
              )
dbug: Microsoft.EntityFrameworkCore.Database.Command[20103]
      Creating DbCommand for 'ExecuteReader'.
dbug: Microsoft.EntityFrameworkCore.Database.Command[20104]
      Created DbCommand for 'ExecuteReader' (0ms).
dbug: Microsoft.EntityFrameworkCore.Database.Command[20106]
      Initialized DbCommand for 'ExecuteReader' (0ms).
dbug: Microsoft.EntityFrameworkCore.Database.Command[20100]
      Executing DbCommand [Parameters=[], CommandType='Text', CommandTimeout='30']
      SELECT EXISTS (
          SELECT 1
          FROM "BodyParts" AS b)
info: Microsoft.EntityFrameworkCore.Database.Command[20101]
      Executed DbCommand (0ms) [Parameters=[], CommandType='Text', CommandTimeout='30']
      SELECT EXISTS (
          SELECT 1
          FROM "BodyParts" AS b)
info: 7/12/2025 16:05:39.743 RelationalEventId.CommandExecuted[20101] (Microsoft.EntityFrameworkCore.Database.Command) 
      Executed DbCommand (0ms) [Parameters=[], CommandType='Text', CommandTimeout='30']
      SELECT EXISTS (
          SELECT 1
          FROM "BodyParts" AS b)
dbug: Microsoft.EntityFrameworkCore.Database.Command[20301]
      Closing data reader to 'bddtestdb' on server 'tcp://127.0.0.1:33493'.
dbug: Microsoft.EntityFrameworkCore.Database.Command[20300]
      A data reader for 'bddtestdb' on server 'tcp://127.0.0.1:33493' is being disposed after spending 0ms reading results.
dbug: Microsoft.EntityFrameworkCore.Database.Command[20103]
      Creating DbCommand for 'ExecuteReader'.
dbug: Microsoft.EntityFrameworkCore.Database.Command[20104]
      Created DbCommand for 'ExecuteReader' (0ms).
dbug: Microsoft.EntityFrameworkCore.Database.Command[20106]
      Initialized DbCommand for 'ExecuteReader' (0ms).
dbug: Microsoft.EntityFrameworkCore.Database.Command[20100]
      Executing DbCommand [Parameters=[], CommandType='Text', CommandTimeout='30']
      SELECT e."Id", e."CreatedAt", e."DisplayOrder", e."IsActive", e."LinkType", e."SourceExerciseId", e."TargetExerciseId", e."UpdatedAt"
      FROM "ExerciseLinks" AS e
info: Microsoft.EntityFrameworkCore.Database.Command[20101]
      Executed DbCommand (0ms) [Parameters=[], CommandType='Text', CommandTimeout='30']
      SELECT e."Id", e."CreatedAt", e."DisplayOrder", e."IsActive", e."LinkType", e."SourceExerciseId", e."TargetExerciseId", e."UpdatedAt"
      FROM "ExerciseLinks" AS e
info: 7/12/2025 16:05:39.747 RelationalEventId.CommandExecuted[20101] (Microsoft.EntityFrameworkCore.Database.Command) 
      Executed DbCommand (0ms) [Parameters=[], CommandType='Text', CommandTimeout='30']
      SELECT e."Id", e."CreatedAt", e."DisplayOrder", e."IsActive", e."LinkType", e."SourceExerciseId", e."TargetExerciseId", e."UpdatedAt"
      FROM "ExerciseLinks" AS e
dbug: Microsoft.EntityFrameworkCore.Database.Command[20301]
      Closing data reader to 'bddtestdb' on server 'tcp://127.0.0.1:33493'.
dbug: Microsoft.EntityFrameworkCore.Database.Command[20300]
      A data reader for 'bddtestdb' on server 'tcp://127.0.0.1:33493' is being disposed after spending 0ms reading results.
dbug: Microsoft.EntityFrameworkCore.Database.Command[20103]
      Creating DbCommand for 'ExecuteReader'.
dbug: Microsoft.EntityFrameworkCore.Database.Command[20104]
      Created DbCommand for 'ExecuteReader' (0ms).
dbug: Microsoft.EntityFrameworkCore.Database.Command[20106]
      Initialized DbCommand for 'ExecuteReader' (0ms).
dbug: Microsoft.EntityFrameworkCore.Database.Command[20100]
      Executing DbCommand [Parameters=[], CommandType='Text', CommandTimeout='30']
      SELECT e."Id", e."Description", e."DifficultyId", e."ExerciseWeightTypeId", e."ImageUrl", e."IsActive", e."IsUnilateral", e."KineticChainId", e."Name", e."VideoUrl"
      FROM "Exercises" AS e
info: Microsoft.EntityFrameworkCore.Database.Command[20101]
      Executed DbCommand (0ms) [Parameters=[], CommandType='Text', CommandTimeout='30']
      SELECT e."Id", e."Description", e."DifficultyId", e."ExerciseWeightTypeId", e."ImageUrl", e."IsActive", e."IsUnilateral", e."KineticChainId", e."Name", e."VideoUrl"
      FROM "Exercises" AS e
info: 7/12/2025 16:05:39.747 RelationalEventId.CommandExecuted[20101] (Microsoft.EntityFrameworkCore.Database.Command) 
      Executed DbCommand (0ms) [Parameters=[], CommandType='Text', CommandTimeout='30']
      SELECT e."Id", e."Description", e."DifficultyId", e."ExerciseWeightTypeId", e."ImageUrl", e."IsActive", e."IsUnilateral", e."KineticChainId", e."Name", e."VideoUrl"
      FROM "Exercises" AS e
dbug: Microsoft.EntityFrameworkCore.Database.Command[20301]
      Closing data reader to 'bddtestdb' on server 'tcp://127.0.0.1:33493'.
dbug: Microsoft.EntityFrameworkCore.Database.Command[20300]
      A data reader for 'bddtestdb' on server 'tcp://127.0.0.1:33493' is being disposed after spending 0ms reading results.
dbug: Microsoft.EntityFrameworkCore.Database.Command[20103]
      Creating DbCommand for 'ExecuteScalar'.
dbug: Microsoft.EntityFrameworkCore.Database.Command[20104]
      Created DbCommand for 'ExecuteScalar' (0ms).
dbug: Microsoft.EntityFrameworkCore.Database.Command[20106]
      Initialized DbCommand for 'ExecuteScalar' (0ms).
dbug: Microsoft.EntityFrameworkCore.Database.Command[20100]
      Executing DbCommand [Parameters=[], CommandType='Text', CommandTimeout='30']
      SELECT CASE WHEN COUNT(*) = 0 THEN FALSE ELSE TRUE END
      FROM pg_class AS cls
      JOIN pg_namespace AS ns ON ns.oid = cls.relnamespace
      WHERE
              cls.relkind IN ('r', 'v', 'm', 'f', 'p') AND
              ns.nspname NOT IN ('pg_catalog', 'information_schema') AND
              -- Exclude tables which are members of PG extensions
              NOT EXISTS (
                  SELECT 1 FROM pg_depend WHERE
                      classid=(
                          SELECT cls.oid
                          FROM pg_class AS cls
                                   JOIN pg_namespace AS ns ON ns.oid = cls.relnamespace
                          WHERE relname='pg_class' AND ns.nspname='pg_catalog'
                      ) AND
                      objid=cls.oid AND
                      deptype IN ('e', 'x')
              )
info: Microsoft.EntityFrameworkCore.Database.Command[20101]
      Executed DbCommand (2ms) [Parameters=[], CommandType='Text', CommandTimeout='30']
      SELECT CASE WHEN COUNT(*) = 0 THEN FALSE ELSE TRUE END
      FROM pg_class AS cls
      JOIN pg_namespace AS ns ON ns.oid = cls.relnamespace
      WHERE
              cls.relkind IN ('r', 'v', 'm', 'f', 'p') AND
              ns.nspname NOT IN ('pg_catalog', 'information_schema') AND
              -- Exclude tables which are members of PG extensions
              NOT EXISTS (
                  SELECT 1 FROM pg_depend WHERE
                      classid=(
                          SELECT cls.oid
                          FROM pg_class AS cls
                                   JOIN pg_namespace AS ns ON ns.oid = cls.relnamespace
                          WHERE relname='pg_class' AND ns.nspname='pg_catalog'
                      ) AND
                      objid=cls.oid AND
                      deptype IN ('e', 'x')
              )
info: 7/12/2025 16:05:39.754 RelationalEventId.CommandExecuted[20101] (Microsoft.EntityFrameworkCore.Database.Command) 
      Executed DbCommand (2ms) [Parameters=[], CommandType='Text', CommandTimeout='30']
      SELECT CASE WHEN COUNT(*) = 0 THEN FALSE ELSE TRUE END
      FROM pg_class AS cls
      JOIN pg_namespace AS ns ON ns.oid = cls.relnamespace
      WHERE
              cls.relkind IN ('r', 'v', 'm', 'f', 'p') AND
              ns.nspname NOT IN ('pg_catalog', 'information_schema') AND
              -- Exclude tables which are members of PG extensions
              NOT EXISTS (
                  SELECT 1 FROM pg_depend WHERE
                      classid=(
                          SELECT cls.oid
                          FROM pg_class AS cls
                                   JOIN pg_namespace AS ns ON ns.oid = cls.relnamespace
                          WHERE relname='pg_class' AND ns.nspname='pg_catalog'
                      ) AND
                      objid=cls.oid AND
                      deptype IN ('e', 'x')
              )
dbug: Microsoft.EntityFrameworkCore.Database.Command[20103]
      Creating DbCommand for 'ExecuteReader'.
dbug: Microsoft.EntityFrameworkCore.Database.Command[20104]
      Created DbCommand for 'ExecuteReader' (0ms).
dbug: Microsoft.EntityFrameworkCore.Database.Command[20106]
      Initialized DbCommand for 'ExecuteReader' (0ms).
dbug: Microsoft.EntityFrameworkCore.Database.Command[20100]
      Executing DbCommand [Parameters=[], CommandType='Text', CommandTimeout='30']
      SELECT EXISTS (
          SELECT 1
          FROM "BodyParts" AS b)
info: Microsoft.EntityFrameworkCore.Database.Command[20101]
      Executed DbCommand (0ms) [Parameters=[], CommandType='Text', CommandTimeout='30']
      SELECT EXISTS (
          SELECT 1
          FROM "BodyParts" AS b)
info: 7/12/2025 16:05:39.755 RelationalEventId.CommandExecuted[20101] (Microsoft.EntityFrameworkCore.Database.Command) 
      Executed DbCommand (0ms) [Parameters=[], CommandType='Text', CommandTimeout='30']
      SELECT EXISTS (
          SELECT 1
          FROM "BodyParts" AS b)
dbug: Microsoft.EntityFrameworkCore.Database.Command[20301]
      Closing data reader to 'bddtestdb' on server 'tcp://127.0.0.1:33493'.
dbug: Microsoft.EntityFrameworkCore.Database.Command[20300]
      A data reader for 'bddtestdb' on server 'tcp://127.0.0.1:33493' is being disposed after spending 0ms reading results.
dbug: Microsoft.EntityFrameworkCore.Database.Command[20103]
      Creating DbCommand for 'ExecuteReader'.
dbug: Microsoft.EntityFrameworkCore.Database.Command[20104]
      Created DbCommand for 'ExecuteReader' (0ms).
dbug: Microsoft.EntityFrameworkCore.Database.Command[20106]
      Initialized DbCommand for 'ExecuteReader' (0ms).
dbug: Microsoft.EntityFrameworkCore.Database.Command[20100]
      Executing DbCommand [Parameters=[], CommandType='Text', CommandTimeout='30']
      SELECT e."Id", e."CreatedAt", e."DisplayOrder", e."IsActive", e."LinkType", e."SourceExerciseId", e."TargetExerciseId", e."UpdatedAt"
      FROM "ExerciseLinks" AS e
info: Microsoft.EntityFrameworkCore.Database.Command[20101]
      Executed DbCommand (1ms) [Parameters=[], CommandType='Text', CommandTimeout='30']
      SELECT e."Id", e."CreatedAt", e."DisplayOrder", e."IsActive", e."LinkType", e."SourceExerciseId", e."TargetExerciseId", e."UpdatedAt"
      FROM "ExerciseLinks" AS e
info: 7/12/2025 16:05:39.774 RelationalEventId.CommandExecuted[20101] (Microsoft.EntityFrameworkCore.Database.Command) 
      Executed DbCommand (1ms) [Parameters=[], CommandType='Text', CommandTimeout='30']
      SELECT e."Id", e."CreatedAt", e."DisplayOrder", e."IsActive", e."LinkType", e."SourceExerciseId", e."TargetExerciseId", e."UpdatedAt"
      FROM "ExerciseLinks" AS e
dbug: Microsoft.EntityFrameworkCore.Database.Command[20301]
      Closing data reader to 'bddtestdb' on server 'tcp://127.0.0.1:33493'.
dbug: Microsoft.EntityFrameworkCore.Database.Command[20300]
      A data reader for 'bddtestdb' on server 'tcp://127.0.0.1:33493' is being disposed after spending 0ms reading results.
dbug: Microsoft.EntityFrameworkCore.Database.Command[20103]
      Creating DbCommand for 'ExecuteReader'.
dbug: Microsoft.EntityFrameworkCore.Database.Command[20104]
      Created DbCommand for 'ExecuteReader' (0ms).
dbug: Microsoft.EntityFrameworkCore.Database.Command[20106]
      Initialized DbCommand for 'ExecuteReader' (0ms).
dbug: Microsoft.EntityFrameworkCore.Database.Command[20100]
      Executing DbCommand [Parameters=[], CommandType='Text', CommandTimeout='30']
      SELECT e."Id", e."Description", e."DifficultyId", e."ExerciseWeightTypeId", e."ImageUrl", e."IsActive", e."IsUnilateral", e."KineticChainId", e."Name", e."VideoUrl"
      FROM "Exercises" AS e
info: Microsoft.EntityFrameworkCore.Database.Command[20101]
      Executed DbCommand (0ms) [Parameters=[], CommandType='Text', CommandTimeout='30']
      SELECT e."Id", e."Description", e."DifficultyId", e."ExerciseWeightTypeId", e."ImageUrl", e."IsActive", e."IsUnilateral", e."KineticChainId", e."Name", e."VideoUrl"
      FROM "Exercises" AS e
info: 7/12/2025 16:05:39.774 RelationalEventId.CommandExecuted[20101] (Microsoft.EntityFrameworkCore.Database.Command) 
      Executed DbCommand (0ms) [Parameters=[], CommandType='Text', CommandTimeout='30']
      SELECT e."Id", e."Description", e."DifficultyId", e."ExerciseWeightTypeId", e."ImageUrl", e."IsActive", e."IsUnilateral", e."KineticChainId", e."Name", e."VideoUrl"
      FROM "Exercises" AS e
dbug: Microsoft.EntityFrameworkCore.Database.Command[20301]
      Closing data reader to 'bddtestdb' on server 'tcp://127.0.0.1:33493'.
dbug: Microsoft.EntityFrameworkCore.Database.Command[20300]
      A data reader for 'bddtestdb' on server 'tcp://127.0.0.1:33493' is being disposed after spending 0ms reading results.
dbug: Microsoft.EntityFrameworkCore.Database.Command[20103]
      Creating DbCommand for 'ExecuteReader'.
dbug: Microsoft.EntityFrameworkCore.Database.Command[20104]
      Created DbCommand for 'ExecuteReader' (0ms).
dbug: Microsoft.EntityFrameworkCore.Database.Command[20106]
      Initialized DbCommand for 'ExecuteReader' (0ms).
dbug: Microsoft.EntityFrameworkCore.Database.Command[20100]
      Executing DbCommand [Parameters=[], CommandType='Text', CommandTimeout='30']
      SELECT e."Id", e."CreatedAt", e."DisplayOrder", e."IsActive", e."LinkType", e."SourceExerciseId", e."TargetExerciseId", e."UpdatedAt"
      FROM "ExerciseLinks" AS e
info: Microsoft.EntityFrameworkCore.Database.Command[20101]
      Executed DbCommand (0ms) [Parameters=[], CommandType='Text', CommandTimeout='30']
      SELECT e."Id", e."CreatedAt", e."DisplayOrder", e."IsActive", e."LinkType", e."SourceExerciseId", e."TargetExerciseId", e."UpdatedAt"
      FROM "ExerciseLinks" AS e
info: 7/12/2025 16:05:39.775 RelationalEventId.CommandExecuted[20101] (Microsoft.EntityFrameworkCore.Database.Command) 
      Executed DbCommand (0ms) [Parameters=[], CommandType='Text', CommandTimeout='30']
      SELECT e."Id", e."CreatedAt", e."DisplayOrder", e."IsActive", e."LinkType", e."SourceExerciseId", e."TargetExerciseId", e."UpdatedAt"
      FROM "ExerciseLinks" AS e
dbug: Microsoft.EntityFrameworkCore.Database.Command[20301]
      Closing data reader to 'bddtestdb' on server 'tcp://127.0.0.1:33493'.
dbug: Microsoft.EntityFrameworkCore.Database.Command[20300]
      A data reader for 'bddtestdb' on server 'tcp://127.0.0.1:33493' is being disposed after spending 0ms reading results.
dbug: Microsoft.EntityFrameworkCore.Database.Command[20103]
      Creating DbCommand for 'ExecuteReader'.
dbug: Microsoft.EntityFrameworkCore.Database.Command[20104]
      Created DbCommand for 'ExecuteReader' (0ms).
dbug: Microsoft.EntityFrameworkCore.Database.Command[20106]
      Initialized DbCommand for 'ExecuteReader' (0ms).
dbug: Microsoft.EntityFrameworkCore.Database.Command[20100]
      Executing DbCommand [Parameters=[], CommandType='Text', CommandTimeout='30']
      SELECT e."Id", e."Description", e."DifficultyId", e."ExerciseWeightTypeId", e."ImageUrl", e."IsActive", e."IsUnilateral", e."KineticChainId", e."Name", e."VideoUrl"
      FROM "Exercises" AS e
info: Microsoft.EntityFrameworkCore.Database.Command[20101]
      Executed DbCommand (0ms) [Parameters=[], CommandType='Text', CommandTimeout='30']
      SELECT e."Id", e."Description", e."DifficultyId", e."ExerciseWeightTypeId", e."ImageUrl", e."IsActive", e."IsUnilateral", e."KineticChainId", e."Name", e."VideoUrl"
      FROM "Exercises" AS e
info: 7/12/2025 16:05:39.776 RelationalEventId.CommandExecuted[20101] (Microsoft.EntityFrameworkCore.Database.Command) 
      Executed DbCommand (0ms) [Parameters=[], CommandType='Text', CommandTimeout='30']
      SELECT e."Id", e."Description", e."DifficultyId", e."ExerciseWeightTypeId", e."ImageUrl", e."IsActive", e."IsUnilateral", e."KineticChainId", e."Name", e."VideoUrl"
      FROM "Exercises" AS e
dbug: Microsoft.EntityFrameworkCore.Database.Command[20301]
      Closing data reader to 'bddtestdb' on server 'tcp://127.0.0.1:33493'.
dbug: Microsoft.EntityFrameworkCore.Database.Command[20300]
      A data reader for 'bddtestdb' on server 'tcp://127.0.0.1:33493' is being disposed after spending 0ms reading results.
dbug: Microsoft.EntityFrameworkCore.Database.Command[20103]
      Creating DbCommand for 'ExecuteScalar'.
dbug: Microsoft.EntityFrameworkCore.Database.Command[20104]
      Created DbCommand for 'ExecuteScalar' (0ms).
dbug: Microsoft.EntityFrameworkCore.Database.Command[20106]
      Initialized DbCommand for 'ExecuteScalar' (0ms).
dbug: Microsoft.EntityFrameworkCore.Database.Command[20100]
      Executing DbCommand [Parameters=[], CommandType='Text', CommandTimeout='30']
      SELECT CASE WHEN COUNT(*) = 0 THEN FALSE ELSE TRUE END
      FROM pg_class AS cls
      JOIN pg_namespace AS ns ON ns.oid = cls.relnamespace
      WHERE
              cls.relkind IN ('r', 'v', 'm', 'f', 'p') AND
              ns.nspname NOT IN ('pg_catalog', 'information_schema') AND
              -- Exclude tables which are members of PG extensions
              NOT EXISTS (
                  SELECT 1 FROM pg_depend WHERE
                      classid=(
                          SELECT cls.oid
                          FROM pg_class AS cls
                                   JOIN pg_namespace AS ns ON ns.oid = cls.relnamespace
                          WHERE relname='pg_class' AND ns.nspname='pg_catalog'
                      ) AND
                      objid=cls.oid AND
                      deptype IN ('e', 'x')
              )
info: Microsoft.EntityFrameworkCore.Database.Command[20101]
      Executed DbCommand (1ms) [Parameters=[], CommandType='Text', CommandTimeout='30']
      SELECT CASE WHEN COUNT(*) = 0 THEN FALSE ELSE TRUE END
      FROM pg_class AS cls
      JOIN pg_namespace AS ns ON ns.oid = cls.relnamespace
      WHERE
              cls.relkind IN ('r', 'v', 'm', 'f', 'p') AND
              ns.nspname NOT IN ('pg_catalog', 'information_schema') AND
              -- Exclude tables which are members of PG extensions
              NOT EXISTS (
                  SELECT 1 FROM pg_depend WHERE
                      classid=(
                          SELECT cls.oid
                          FROM pg_class AS cls
                                   JOIN pg_namespace AS ns ON ns.oid = cls.relnamespace
                          WHERE relname='pg_class' AND ns.nspname='pg_catalog'
                      ) AND
                      objid=cls.oid AND
                      deptype IN ('e', 'x')
              )
info: 7/12/2025 16:05:39.782 RelationalEventId.CommandExecuted[20101] (Microsoft.EntityFrameworkCore.Database.Command) 
      Executed DbCommand (1ms) [Parameters=[], CommandType='Text', CommandTimeout='30']
      SELECT CASE WHEN COUNT(*) = 0 THEN FALSE ELSE TRUE END
      FROM pg_class AS cls
      JOIN pg_namespace AS ns ON ns.oid = cls.relnamespace
      WHERE
              cls.relkind IN ('r', 'v', 'm', 'f', 'p') AND
              ns.nspname NOT IN ('pg_catalog', 'information_schema') AND
              -- Exclude tables which are members of PG extensions
              NOT EXISTS (
                  SELECT 1 FROM pg_depend WHERE
                      classid=(
                          SELECT cls.oid
                          FROM pg_class AS cls
                                   JOIN pg_namespace AS ns ON ns.oid = cls.relnamespace
                          WHERE relname='pg_class' AND ns.nspname='pg_catalog'
                      ) AND
                      objid=cls.oid AND
                      deptype IN ('e', 'x')
              )
dbug: Microsoft.EntityFrameworkCore.Database.Command[20103]
      Creating DbCommand for 'ExecuteReader'.
dbug: Microsoft.EntityFrameworkCore.Database.Command[20104]
      Created DbCommand for 'ExecuteReader' (0ms).
dbug: Microsoft.EntityFrameworkCore.Database.Command[20106]
      Initialized DbCommand for 'ExecuteReader' (0ms).
dbug: Microsoft.EntityFrameworkCore.Database.Command[20100]
      Executing DbCommand [Parameters=[], CommandType='Text', CommandTimeout='30']
      SELECT EXISTS (
          SELECT 1
          FROM "BodyParts" AS b)
info: Microsoft.EntityFrameworkCore.Database.Command[20101]
      Executed DbCommand (0ms) [Parameters=[], CommandType='Text', CommandTimeout='30']
      SELECT EXISTS (
          SELECT 1
          FROM "BodyParts" AS b)
info: 7/12/2025 16:05:39.782 RelationalEventId.CommandExecuted[20101] (Microsoft.EntityFrameworkCore.Database.Command) 
      Executed DbCommand (0ms) [Parameters=[], CommandType='Text', CommandTimeout='30']
      SELECT EXISTS (
          SELECT 1
          FROM "BodyParts" AS b)
dbug: Microsoft.EntityFrameworkCore.Database.Command[20301]
      Closing data reader to 'bddtestdb' on server 'tcp://127.0.0.1:33493'.
dbug: Microsoft.EntityFrameworkCore.Database.Command[20300]
      A data reader for 'bddtestdb' on server 'tcp://127.0.0.1:33493' is being disposed after spending 0ms reading results.
[xUnit.net 00:00:04.38]       TechTalk.SpecFlow.MissingStepDefinitionException : No matching step definition found for one or more steps.
[xUnit.net 00:00:04.38]       Stack Trace:
[xUnit.net 00:00:04.38]            at TechTalk.SpecFlow.ErrorHandling.ErrorProvider.ThrowPendingError(ScenarioExecutionStatus testStatus, String message)
[xUnit.net 00:00:04.38]            at TechTalk.SpecFlow.Infrastructure.TestExecutionEngine.OnAfterLastStepAsync()
[xUnit.net 00:00:04.38]            at TechTalk.SpecFlow.TestRunner.CollectScenarioErrorsAsync()
[xUnit.net 00:00:04.38]         /home/esqueleto/myWork/GetFitterGetBigger/GetFitterGetBigger.API/GetFitterGetBigger.API.IntegrationTests/Features/ReferenceData/DifficultyLevels.feature.cs(74,0): at GetFitterGetBigger.API.IntegrationTests.Features.ReferenceData.DifficultyLevelsReferenceDataFeature.ScenarioCleanupAsync()
[xUnit.net 00:00:04.38]         /home/esqueleto/myWork/GetFitterGetBigger/GetFitterGetBigger.API/GetFitterGetBigger.API.IntegrationTests/Features/ReferenceData/DifficultyLevels.feature.cs(307,0): at GetFitterGetBigger.API.IntegrationTests.Features.ReferenceData.DifficultyLevelsReferenceDataFeature.GetDifficultyLevelByValueWithDifferentCasing(String casing, String[] exampleTags)
[xUnit.net 00:00:04.38]         --- End of stack trace from previous location ---
[xUnit.net 00:00:04.38]       Output:
[xUnit.net 00:00:04.38]         -&gt; Initialized HttpClient for scenario: Get difficulty level by value with different casing
[xUnit.net 00:00:04.38]         Given the database is empty
[xUnit.net 00:00:04.38]         -&gt; Executing step: Given the database is empty
[xUnit.net 00:00:04.38]         -&gt; done: DatabaseSteps.GivenTheDatabaseIsEmpty() (0.0s)
[xUnit.net 00:00:04.38]         -&gt; Step result: Passed
[xUnit.net 00:00:04.38]         And the database has reference data
[xUnit.net 00:00:04.38]         -&gt; Executing step: Given the database has reference data
[xUnit.net 00:00:04.38]         -&gt; done: DatabaseSteps.GivenTheDatabaseHasReferenceData() (0.0s)
[xUnit.net 00:00:04.38]         -&gt; Step result: Passed
[xUnit.net 00:00:04.38]         Given I send a GET request to "/api/ReferenceTables/DifficultyLevels"
[xUnit.net 00:00:04.38]         -&gt; Executing step: Given I send a GET request to "/api/ReferenceTables/DifficultyLevels"
[xUnit.net 00:00:04.38]         -&gt; done: RequestSteps.WhenISendARequestTo("GET", "/api/ReferenceTab...") (0.0s)
[xUnit.net 00:00:04.38]         -&gt; Step result: Passed
[xUnit.net 00:00:04.38]         And the response contains an item with value "Beginner"
[xUnit.net 00:00:04.38]         -&gt; No matching step definition found for the step. Use the following code to create one:
[xUnit.net 00:00:04.38]                 [Given("the response contains an item with value {string}")]&#xD;
[xUnit.net 00:00:04.38]                 public void GivenTheResponseContainsAnItemWithValue(string beginner)&#xD;
[xUnit.net 00:00:04.38]                 {&#xD;
[xUnit.net 00:00:04.38]                     _scenarioContext.Pending();&#xD;
[xUnit.net 00:00:04.38]                 }&#xD;
[xUnit.net 00:00:04.38]         
[xUnit.net 00:00:04.38]         When I send a GET request to "/api/ReferenceTables/DifficultyLevels/ByValue/beginner"
[xUnit.net 00:00:04.38]         -&gt; skipped because of previous errors
[xUnit.net 00:00:04.38]         Then the response status should be 200
[xUnit.net 00:00:04.38]         -&gt; skipped because of previous errors
[xUnit.net 00:00:04.38]         And the response should have property "value" with value "Beginner"
[xUnit.net 00:00:04.38]         -&gt; skipped because of previous errors
dbug: Microsoft.EntityFrameworkCore.Database.Command[20103]
      Creating DbCommand for 'ExecuteScalar'.
dbug: Microsoft.EntityFrameworkCore.Database.Command[20104]
      Created DbCommand for 'ExecuteScalar' (0ms).
dbug: Microsoft.EntityFrameworkCore.Database.Command[20106]
      Initialized DbCommand for 'ExecuteScalar' (0ms).
dbug: Microsoft.EntityFrameworkCore.Database.Command[20100]
      Executing DbCommand [Parameters=[], CommandType='Text', CommandTimeout='30']
      SELECT CASE WHEN COUNT(*) = 0 THEN FALSE ELSE TRUE END
      FROM pg_class AS cls
      JOIN pg_namespace AS ns ON ns.oid = cls.relnamespace
      WHERE
              cls.relkind IN ('r', 'v', 'm', 'f', 'p') AND
              ns.nspname NOT IN ('pg_catalog', 'information_schema') AND
              -- Exclude tables which are members of PG extensions
              NOT EXISTS (
                  SELECT 1 FROM pg_depend WHERE
                      classid=(
                          SELECT cls.oid
                          FROM pg_class AS cls
                                   JOIN pg_namespace AS ns ON ns.oid = cls.relnamespace
                          WHERE relname='pg_class' AND ns.nspname='pg_catalog'
                      ) AND
                      objid=cls.oid AND
                      deptype IN ('e', 'x')
              )
info: Microsoft.EntityFrameworkCore.Database.Command[20101]
      Executed DbCommand (1ms) [Parameters=[], CommandType='Text', CommandTimeout='30']
      SELECT CASE WHEN COUNT(*) = 0 THEN FALSE ELSE TRUE END
      FROM pg_class AS cls
      JOIN pg_namespace AS ns ON ns.oid = cls.relnamespace
      WHERE
              cls.relkind IN ('r', 'v', 'm', 'f', 'p') AND
              ns.nspname NOT IN ('pg_catalog', 'information_schema') AND
              -- Exclude tables which are members of PG extensions
              NOT EXISTS (
                  SELECT 1 FROM pg_depend WHERE
                      classid=(
                          SELECT cls.oid
                          FROM pg_class AS cls
                                   JOIN pg_namespace AS ns ON ns.oid = cls.relnamespace
                          WHERE relname='pg_class' AND ns.nspname='pg_catalog'
                      ) AND
                      objid=cls.oid AND
                      deptype IN ('e', 'x')
              )
info: 7/12/2025 16:05:39.789 RelationalEventId.CommandExecuted[20101] (Microsoft.EntityFrameworkCore.Database.Command) 
      Executed DbCommand (1ms) [Parameters=[], CommandType='Text', CommandTimeout='30']
      SELECT CASE WHEN COUNT(*) = 0 THEN FALSE ELSE TRUE END
      FROM pg_class AS cls
      JOIN pg_namespace AS ns ON ns.oid = cls.relnamespace
      WHERE
              cls.relkind IN ('r', 'v', 'm', 'f', 'p') AND
              ns.nspname NOT IN ('pg_catalog', 'information_schema') AND
              -- Exclude tables which are members of PG extensions
              NOT EXISTS (
                  SELECT 1 FROM pg_depend WHERE
                      classid=(
                          SELECT cls.oid
                          FROM pg_class AS cls
                                   JOIN pg_namespace AS ns ON ns.oid = cls.relnamespace
                          WHERE relname='pg_class' AND ns.nspname='pg_catalog'
                      ) AND
                      objid=cls.oid AND
                      deptype IN ('e', 'x')
              )
dbug: Microsoft.EntityFrameworkCore.Database.Command[20103]
      Creating DbCommand for 'ExecuteReader'.
dbug: Microsoft.EntityFrameworkCore.Database.Command[20104]
      Created DbCommand for 'ExecuteReader' (0ms).
dbug: Microsoft.EntityFrameworkCore.Database.Command[20106]
      Initialized DbCommand for 'ExecuteReader' (0ms).
dbug: Microsoft.EntityFrameworkCore.Database.Command[20100]
      Executing DbCommand [Parameters=[], CommandType='Text', CommandTimeout='30']
      SELECT EXISTS (
          SELECT 1
          FROM "BodyParts" AS b)
info: Microsoft.EntityFrameworkCore.Database.Command[20101]
      Executed DbCommand (0ms) [Parameters=[], CommandType='Text', CommandTimeout='30']
      SELECT EXISTS (
          SELECT 1
          FROM "BodyParts" AS b)
info: 7/12/2025 16:05:39.790 RelationalEventId.CommandExecuted[20101] (Microsoft.EntityFrameworkCore.Database.Command) 
      Executed DbCommand (0ms) [Parameters=[], CommandType='Text', CommandTimeout='30']
      SELECT EXISTS (
          SELECT 1
          FROM "BodyParts" AS b)
dbug: Microsoft.EntityFrameworkCore.Database.Command[20301]
      Closing data reader to 'bddtestdb' on server 'tcp://127.0.0.1:33493'.
dbug: Microsoft.EntityFrameworkCore.Database.Command[20300]
      A data reader for 'bddtestdb' on server 'tcp://127.0.0.1:33493' is being disposed after spending 0ms reading results.
dbug: Microsoft.EntityFrameworkCore.Database.Command[20103]
      Creating DbCommand for 'ExecuteReader'.
dbug: Microsoft.EntityFrameworkCore.Database.Command[20104]
      Created DbCommand for 'ExecuteReader' (0ms).
dbug: Microsoft.EntityFrameworkCore.Database.Command[20106]
      Initialized DbCommand for 'ExecuteReader' (0ms).
dbug: Microsoft.EntityFrameworkCore.Database.Command[20100]
      Executing DbCommand [Parameters=[], CommandType='Text', CommandTimeout='30']
      SELECT e."Id", e."CreatedAt", e."DisplayOrder", e."IsActive", e."LinkType", e."SourceExerciseId", e."TargetExerciseId", e."UpdatedAt"
      FROM "ExerciseLinks" AS e
info: Microsoft.EntityFrameworkCore.Database.Command[20101]
      Executed DbCommand (0ms) [Parameters=[], CommandType='Text', CommandTimeout='30']
      SELECT e."Id", e."CreatedAt", e."DisplayOrder", e."IsActive", e."LinkType", e."SourceExerciseId", e."TargetExerciseId", e."UpdatedAt"
      FROM "ExerciseLinks" AS e
info: 7/12/2025 16:05:39.792 RelationalEventId.CommandExecuted[20101] (Microsoft.EntityFrameworkCore.Database.Command) 
      Executed DbCommand (0ms) [Parameters=[], CommandType='Text', CommandTimeout='30']
      SELECT e."Id", e."CreatedAt", e."DisplayOrder", e."IsActive", e."LinkType", e."SourceExerciseId", e."TargetExerciseId", e."UpdatedAt"
      FROM "ExerciseLinks" AS e
dbug: Microsoft.EntityFrameworkCore.Database.Command[20301]
      Closing data reader to 'bddtestdb' on server 'tcp://127.0.0.1:33493'.
dbug: Microsoft.EntityFrameworkCore.Database.Command[20300]
      A data reader for 'bddtestdb' on server 'tcp://127.0.0.1:33493' is being disposed after spending 0ms reading results.
dbug: Microsoft.EntityFrameworkCore.Database.Command[20103]
      Creating DbCommand for 'ExecuteReader'.
dbug: Microsoft.EntityFrameworkCore.Database.Command[20104]
      Created DbCommand for 'ExecuteReader' (0ms).
dbug: Microsoft.EntityFrameworkCore.Database.Command[20106]
      Initialized DbCommand for 'ExecuteReader' (0ms).
dbug: Microsoft.EntityFrameworkCore.Database.Command[20100]
      Executing DbCommand [Parameters=[], CommandType='Text', CommandTimeout='30']
      SELECT e."Id", e."Description", e."DifficultyId", e."ExerciseWeightTypeId", e."ImageUrl", e."IsActive", e."IsUnilateral", e."KineticChainId", e."Name", e."VideoUrl"
      FROM "Exercises" AS e
info: Microsoft.EntityFrameworkCore.Database.Command[20101]
      Executed DbCommand (0ms) [Parameters=[], CommandType='Text', CommandTimeout='30']
      SELECT e."Id", e."Description", e."DifficultyId", e."ExerciseWeightTypeId", e."ImageUrl", e."IsActive", e."IsUnilateral", e."KineticChainId", e."Name", e."VideoUrl"
      FROM "Exercises" AS e
info: 7/12/2025 16:05:39.792 RelationalEventId.CommandExecuted[20101] (Microsoft.EntityFrameworkCore.Database.Command) 
      Executed DbCommand (0ms) [Parameters=[], CommandType='Text', CommandTimeout='30']
      SELECT e."Id", e."Description", e."DifficultyId", e."ExerciseWeightTypeId", e."ImageUrl", e."IsActive", e."IsUnilateral", e."KineticChainId", e."Name", e."VideoUrl"
      FROM "Exercises" AS e
dbug: Microsoft.EntityFrameworkCore.Database.Command[20301]
      Closing data reader to 'bddtestdb' on server 'tcp://127.0.0.1:33493'.
dbug: Microsoft.EntityFrameworkCore.Database.Command[20300]
      A data reader for 'bddtestdb' on server 'tcp://127.0.0.1:33493' is being disposed after spending 0ms reading results.
dbug: Microsoft.EntityFrameworkCore.Database.Command[20103]
      Creating DbCommand for 'ExecuteScalar'.
dbug: Microsoft.EntityFrameworkCore.Database.Command[20104]
      Created DbCommand for 'ExecuteScalar' (0ms).
dbug: Microsoft.EntityFrameworkCore.Database.Command[20106]
      Initialized DbCommand for 'ExecuteScalar' (0ms).
dbug: Microsoft.EntityFrameworkCore.Database.Command[20100]
      Executing DbCommand [Parameters=[], CommandType='Text', CommandTimeout='30']
      SELECT CASE WHEN COUNT(*) = 0 THEN FALSE ELSE TRUE END
      FROM pg_class AS cls
      JOIN pg_namespace AS ns ON ns.oid = cls.relnamespace
      WHERE
              cls.relkind IN ('r', 'v', 'm', 'f', 'p') AND
              ns.nspname NOT IN ('pg_catalog', 'information_schema') AND
              -- Exclude tables which are members of PG extensions
              NOT EXISTS (
                  SELECT 1 FROM pg_depend WHERE
                      classid=(
                          SELECT cls.oid
                          FROM pg_class AS cls
                                   JOIN pg_namespace AS ns ON ns.oid = cls.relnamespace
                          WHERE relname='pg_class' AND ns.nspname='pg_catalog'
                      ) AND
                      objid=cls.oid AND
                      deptype IN ('e', 'x')
              )
info: Microsoft.EntityFrameworkCore.Database.Command[20101]
      Executed DbCommand (1ms) [Parameters=[], CommandType='Text', CommandTimeout='30']
      SELECT CASE WHEN COUNT(*) = 0 THEN FALSE ELSE TRUE END
      FROM pg_class AS cls
      JOIN pg_namespace AS ns ON ns.oid = cls.relnamespace
      WHERE
              cls.relkind IN ('r', 'v', 'm', 'f', 'p') AND
              ns.nspname NOT IN ('pg_catalog', 'information_schema') AND
              -- Exclude tables which are members of PG extensions
              NOT EXISTS (
                  SELECT 1 FROM pg_depend WHERE
                      classid=(
                          SELECT cls.oid
                          FROM pg_class AS cls
                                   JOIN pg_namespace AS ns ON ns.oid = cls.relnamespace
                          WHERE relname='pg_class' AND ns.nspname='pg_catalog'
                      ) AND
                      objid=cls.oid AND
                      deptype IN ('e', 'x')
              )
info: 7/12/2025 16:05:39.798 RelationalEventId.CommandExecuted[20101] (Microsoft.EntityFrameworkCore.Database.Command) 
      Executed DbCommand (1ms) [Parameters=[], CommandType='Text', CommandTimeout='30']
      SELECT CASE WHEN COUNT(*) = 0 THEN FALSE ELSE TRUE END
      FROM pg_class AS cls
      JOIN pg_namespace AS ns ON ns.oid = cls.relnamespace
      WHERE
              cls.relkind IN ('r', 'v', 'm', 'f', 'p') AND
              ns.nspname NOT IN ('pg_catalog', 'information_schema') AND
              -- Exclude tables which are members of PG extensions
              NOT EXISTS (
                  SELECT 1 FROM pg_depend WHERE
                      classid=(
                          SELECT cls.oid
                          FROM pg_class AS cls
                                   JOIN pg_namespace AS ns ON ns.oid = cls.relnamespace
                          WHERE relname='pg_class' AND ns.nspname='pg_catalog'
                      ) AND
                      objid=cls.oid AND
                      deptype IN ('e', 'x')
              )
dbug: Microsoft.EntityFrameworkCore.Database.Command[20103]
      Creating DbCommand for 'ExecuteReader'.
dbug: Microsoft.EntityFrameworkCore.Database.Command[20104]
      Created DbCommand for 'ExecuteReader' (0ms).
dbug: Microsoft.EntityFrameworkCore.Database.Command[20106]
      Initialized DbCommand for 'ExecuteReader' (0ms).
dbug: Microsoft.EntityFrameworkCore.Database.Command[20100]
      Executing DbCommand [Parameters=[], CommandType='Text', CommandTimeout='30']
      SELECT EXISTS (
          SELECT 1
          FROM "BodyParts" AS b)
info: Microsoft.EntityFrameworkCore.Database.Command[20101]
      Executed DbCommand (0ms) [Parameters=[], CommandType='Text', CommandTimeout='30']
      SELECT EXISTS (
          SELECT 1
          FROM "BodyParts" AS b)
info: 7/12/2025 16:05:39.798 RelationalEventId.CommandExecuted[20101] (Microsoft.EntityFrameworkCore.Database.Command) 
      Executed DbCommand (0ms) [Parameters=[], CommandType='Text', CommandTimeout='30']
      SELECT EXISTS (
          SELECT 1
          FROM "BodyParts" AS b)
dbug: Microsoft.EntityFrameworkCore.Database.Command[20301]
      Closing data reader to 'bddtestdb' on server 'tcp://127.0.0.1:33493'.
dbug: Microsoft.EntityFrameworkCore.Database.Command[20300]
      A data reader for 'bddtestdb' on server 'tcp://127.0.0.1:33493' is being disposed after spending 0ms reading results.
dbug: Microsoft.EntityFrameworkCore.Database.Command[20103]
      Creating DbCommand for 'ExecuteReader'.
dbug: Microsoft.EntityFrameworkCore.Database.Command[20104]
      Created DbCommand for 'ExecuteReader' (0ms).
dbug: Microsoft.EntityFrameworkCore.Database.Command[20106]
      Initialized DbCommand for 'ExecuteReader' (0ms).
dbug: Microsoft.EntityFrameworkCore.Database.Command[20100]
      Executing DbCommand [Parameters=[], CommandType='Text', CommandTimeout='30']
      SELECT e."Id", e."CreatedAt", e."DisplayOrder", e."IsActive", e."LinkType", e."SourceExerciseId", e."TargetExerciseId", e."UpdatedAt"
      FROM "ExerciseLinks" AS e
[testcontainers.org 00:00:04.08] Delete Docker container 704bf95cde6d
info: Microsoft.EntityFrameworkCore.Database.Command[20101]
      Executed DbCommand (0ms) [Parameters=[], CommandType='Text', CommandTimeout='30']
      SELECT e."Id", e."CreatedAt", e."DisplayOrder", e."IsActive", e."LinkType", e."SourceExerciseId", e."TargetExerciseId", e."UpdatedAt"
      FROM "ExerciseLinks" AS e
info: 7/12/2025 16:05:39.810 RelationalEventId.CommandExecuted[20101] (Microsoft.EntityFrameworkCore.Database.Command) 
      Executed DbCommand (0ms) [Parameters=[], CommandType='Text', CommandTimeout='30']
      SELECT e."Id", e."CreatedAt", e."DisplayOrder", e."IsActive", e."LinkType", e."SourceExerciseId", e."TargetExerciseId", e."UpdatedAt"
      FROM "ExerciseLinks" AS e
dbug: Microsoft.EntityFrameworkCore.Database.Command[20301]
      Closing data reader to 'bddtestdb' on server 'tcp://127.0.0.1:33493'.
dbug: Microsoft.EntityFrameworkCore.Database.Command[20300]
      A data reader for 'bddtestdb' on server 'tcp://127.0.0.1:33493' is being disposed after spending 0ms reading results.
dbug: Microsoft.EntityFrameworkCore.Database.Command[20103]
      Creating DbCommand for 'ExecuteReader'.
dbug: Microsoft.EntityFrameworkCore.Database.Command[20104]
      Created DbCommand for 'ExecuteReader' (0ms).
dbug: Microsoft.EntityFrameworkCore.Database.Command[20106]
      Initialized DbCommand for 'ExecuteReader' (0ms).
dbug: Microsoft.EntityFrameworkCore.Database.Command[20100]
      Executing DbCommand [Parameters=[], CommandType='Text', CommandTimeout='30']
      SELECT e."Id", e."Description", e."DifficultyId", e."ExerciseWeightTypeId", e."ImageUrl", e."IsActive", e."IsUnilateral", e."KineticChainId", e."Name", e."VideoUrl"
      FROM "Exercises" AS e
info: Microsoft.EntityFrameworkCore.Database.Command[20101]
      Executed DbCommand (0ms) [Parameters=[], CommandType='Text', CommandTimeout='30']
      SELECT e."Id", e."Description", e."DifficultyId", e."ExerciseWeightTypeId", e."ImageUrl", e."IsActive", e."IsUnilateral", e."KineticChainId", e."Name", e."VideoUrl"
      FROM "Exercises" AS e
info: 7/12/2025 16:05:39.810 RelationalEventId.CommandExecuted[20101] (Microsoft.EntityFrameworkCore.Database.Command) 
      Executed DbCommand (0ms) [Parameters=[], CommandType='Text', CommandTimeout='30']
      SELECT e."Id", e."Description", e."DifficultyId", e."ExerciseWeightTypeId", e."ImageUrl", e."IsActive", e."IsUnilateral", e."KineticChainId", e."Name", e."VideoUrl"
      FROM "Exercises" AS e
dbug: Microsoft.EntityFrameworkCore.Database.Command[20301]
      Closing data reader to 'bddtestdb' on server 'tcp://127.0.0.1:33493'.
dbug: Microsoft.EntityFrameworkCore.Database.Command[20300]
      A data reader for 'bddtestdb' on server 'tcp://127.0.0.1:33493' is being disposed after spending 0ms reading results.
dbug: Microsoft.EntityFrameworkCore.Database.Command[20103]
      Creating DbCommand for 'ExecuteReader'.
dbug: Microsoft.EntityFrameworkCore.Database.Command[20104]
      Created DbCommand for 'ExecuteReader' (0ms).
dbug: Microsoft.EntityFrameworkCore.Database.Command[20106]
      Initialized DbCommand for 'ExecuteReader' (0ms).
dbug: Microsoft.EntityFrameworkCore.Database.Command[20100]
      Executing DbCommand [Parameters=[], CommandType='Text', CommandTimeout='30']
      SELECT e."Id", e."CreatedAt", e."DisplayOrder", e."IsActive", e."LinkType", e."SourceExerciseId", e."TargetExerciseId", e."UpdatedAt"
      FROM "ExerciseLinks" AS e
info: Microsoft.EntityFrameworkCore.Database.Command[20101]
      Executed DbCommand (0ms) [Parameters=[], CommandType='Text', CommandTimeout='30']
      SELECT e."Id", e."CreatedAt", e."DisplayOrder", e."IsActive", e."LinkType", e."SourceExerciseId", e."TargetExerciseId", e."UpdatedAt"
      FROM "ExerciseLinks" AS e
info: 7/12/2025 16:05:39.811 RelationalEventId.CommandExecuted[20101] (Microsoft.EntityFrameworkCore.Database.Command) 
      Executed DbCommand (0ms) [Parameters=[], CommandType='Text', CommandTimeout='30']
      SELECT e."Id", e."CreatedAt", e."DisplayOrder", e."IsActive", e."LinkType", e."SourceExerciseId", e."TargetExerciseId", e."UpdatedAt"
      FROM "ExerciseLinks" AS e
dbug: Microsoft.EntityFrameworkCore.Database.Command[20301]
      Closing data reader to 'bddtestdb' on server 'tcp://127.0.0.1:33493'.
dbug: Microsoft.EntityFrameworkCore.Database.Command[20300]
      A data reader for 'bddtestdb' on server 'tcp://127.0.0.1:33493' is being disposed after spending 0ms reading results.
dbug: Microsoft.EntityFrameworkCore.Database.Command[20103]
      Creating DbCommand for 'ExecuteReader'.
dbug: Microsoft.EntityFrameworkCore.Database.Command[20104]
      Created DbCommand for 'ExecuteReader' (0ms).
dbug: Microsoft.EntityFrameworkCore.Database.Command[20106]
      Initialized DbCommand for 'ExecuteReader' (0ms).
dbug: Microsoft.EntityFrameworkCore.Database.Command[20100]
      Executing DbCommand [Parameters=[], CommandType='Text', CommandTimeout='30']
      SELECT e."Id", e."Description", e."DifficultyId", e."ExerciseWeightTypeId", e."ImageUrl", e."IsActive", e."IsUnilateral", e."KineticChainId", e."Name", e."VideoUrl"
      FROM "Exercises" AS e
info: Microsoft.EntityFrameworkCore.Database.Command[20101]
      Executed DbCommand (0ms) [Parameters=[], CommandType='Text', CommandTimeout='30']
      SELECT e."Id", e."Description", e."DifficultyId", e."ExerciseWeightTypeId", e."ImageUrl", e."IsActive", e."IsUnilateral", e."KineticChainId", e."Name", e."VideoUrl"
      FROM "Exercises" AS e
info: 7/12/2025 16:05:39.811 RelationalEventId.CommandExecuted[20101] (Microsoft.EntityFrameworkCore.Database.Command) 
      Executed DbCommand (0ms) [Parameters=[], CommandType='Text', CommandTimeout='30']
      SELECT e."Id", e."Description", e."DifficultyId", e."ExerciseWeightTypeId", e."ImageUrl", e."IsActive", e."IsUnilateral", e."KineticChainId", e."Name", e."VideoUrl"
      FROM "Exercises" AS e
dbug: Microsoft.EntityFrameworkCore.Database.Command[20301]
      Closing data reader to 'bddtestdb' on server 'tcp://127.0.0.1:33493'.
dbug: Microsoft.EntityFrameworkCore.Database.Command[20300]
      A data reader for 'bddtestdb' on server 'tcp://127.0.0.1:33493' is being disposed after spending 0ms reading results.
dbug: Microsoft.EntityFrameworkCore.Database.Command[20103]
      Creating DbCommand for 'ExecuteScalar'.
dbug: Microsoft.EntityFrameworkCore.Database.Command[20104]
      Created DbCommand for 'ExecuteScalar' (0ms).
dbug: Microsoft.EntityFrameworkCore.Database.Command[20106]
      Initialized DbCommand for 'ExecuteScalar' (0ms).
dbug: Microsoft.EntityFrameworkCore.Database.Command[20100]
      Executing DbCommand [Parameters=[], CommandType='Text', CommandTimeout='30']
      SELECT CASE WHEN COUNT(*) = 0 THEN FALSE ELSE TRUE END
      FROM pg_class AS cls
      JOIN pg_namespace AS ns ON ns.oid = cls.relnamespace
      WHERE
              cls.relkind IN ('r', 'v', 'm', 'f', 'p') AND
              ns.nspname NOT IN ('pg_catalog', 'information_schema') AND
              -- Exclude tables which are members of PG extensions
              NOT EXISTS (
                  SELECT 1 FROM pg_depend WHERE
                      classid=(
                          SELECT cls.oid
                          FROM pg_class AS cls
                                   JOIN pg_namespace AS ns ON ns.oid = cls.relnamespace
                          WHERE relname='pg_class' AND ns.nspname='pg_catalog'
                      ) AND
                      objid=cls.oid AND
                      deptype IN ('e', 'x')
              )
info: Microsoft.EntityFrameworkCore.Database.Command[20101]
      Executed DbCommand (1ms) [Parameters=[], CommandType='Text', CommandTimeout='30']
      SELECT CASE WHEN COUNT(*) = 0 THEN FALSE ELSE TRUE END
      FROM pg_class AS cls
      JOIN pg_namespace AS ns ON ns.oid = cls.relnamespace
      WHERE
              cls.relkind IN ('r', 'v', 'm', 'f', 'p') AND
              ns.nspname NOT IN ('pg_catalog', 'information_schema') AND
              -- Exclude tables which are members of PG extensions
              NOT EXISTS (
                  SELECT 1 FROM pg_depend WHERE
                      classid=(
                          SELECT cls.oid
                          FROM pg_class AS cls
                                   JOIN pg_namespace AS ns ON ns.oid = cls.relnamespace
                          WHERE relname='pg_class' AND ns.nspname='pg_catalog'
                      ) AND
                      objid=cls.oid AND
                      deptype IN ('e', 'x')
              )
info: 7/12/2025 16:05:39.815 RelationalEventId.CommandExecuted[20101] (Microsoft.EntityFrameworkCore.Database.Command) 
      Executed DbCommand (1ms) [Parameters=[], CommandType='Text', CommandTimeout='30']
      SELECT CASE WHEN COUNT(*) = 0 THEN FALSE ELSE TRUE END
      FROM pg_class AS cls
      JOIN pg_namespace AS ns ON ns.oid = cls.relnamespace
      WHERE
              cls.relkind IN ('r', 'v', 'm', 'f', 'p') AND
              ns.nspname NOT IN ('pg_catalog', 'information_schema') AND
              -- Exclude tables which are members of PG extensions
              NOT EXISTS (
                  SELECT 1 FROM pg_depend WHERE
                      classid=(
                          SELECT cls.oid
                          FROM pg_class AS cls
                                   JOIN pg_namespace AS ns ON ns.oid = cls.relnamespace
                          WHERE relname='pg_class' AND ns.nspname='pg_catalog'
                      ) AND
                      objid=cls.oid AND
                      deptype IN ('e', 'x')
              )
dbug: Microsoft.EntityFrameworkCore.Database.Command[20103]
      Creating DbCommand for 'ExecuteReader'.
dbug: Microsoft.EntityFrameworkCore.Database.Command[20104]
      Created DbCommand for 'ExecuteReader' (0ms).
dbug: Microsoft.EntityFrameworkCore.Database.Command[20106]
      Initialized DbCommand for 'ExecuteReader' (0ms).
dbug: Microsoft.EntityFrameworkCore.Database.Command[20100]
      Executing DbCommand [Parameters=[], CommandType='Text', CommandTimeout='30']
      SELECT EXISTS (
          SELECT 1
          FROM "BodyParts" AS b)
info: Microsoft.EntityFrameworkCore.Database.Command[20101]
      Executed DbCommand (0ms) [Parameters=[], CommandType='Text', CommandTimeout='30']
      SELECT EXISTS (
          SELECT 1
          FROM "BodyParts" AS b)
info: 7/12/2025 16:05:39.816 RelationalEventId.CommandExecuted[20101] (Microsoft.EntityFrameworkCore.Database.Command) 
      Executed DbCommand (0ms) [Parameters=[], CommandType='Text', CommandTimeout='30']
      SELECT EXISTS (
          SELECT 1
          FROM "BodyParts" AS b)
dbug: Microsoft.EntityFrameworkCore.Database.Command[20301]
      Closing data reader to 'bddtestdb' on server 'tcp://127.0.0.1:33493'.
dbug: Microsoft.EntityFrameworkCore.Database.Command[20300]
      A data reader for 'bddtestdb' on server 'tcp://127.0.0.1:33493' is being disposed after spending 0ms reading results.
[xUnit.net 00:00:04.41]       TechTalk.SpecFlow.MissingStepDefinitionException : No matching step definition found for one or more steps.
[xUnit.net 00:00:04.41]       Stack Trace:
[xUnit.net 00:00:04.41]            at TechTalk.SpecFlow.ErrorHandling.ErrorProvider.ThrowPendingError(ScenarioExecutionStatus testStatus, String message)
[xUnit.net 00:00:04.41]            at TechTalk.SpecFlow.Infrastructure.TestExecutionEngine.OnAfterLastStepAsync()
[xUnit.net 00:00:04.41]            at TechTalk.SpecFlow.TestRunner.CollectScenarioErrorsAsync()
[xUnit.net 00:00:04.41]         /home/esqueleto/myWork/GetFitterGetBigger/GetFitterGetBigger.API/GetFitterGetBigger.API.IntegrationTests/Features/ReferenceData/DifficultyLevels.feature.cs(74,0): at GetFitterGetBigger.API.IntegrationTests.Features.ReferenceData.DifficultyLevelsReferenceDataFeature.ScenarioCleanupAsync()
[xUnit.net 00:00:04.41]         /home/esqueleto/myWork/GetFitterGetBigger/GetFitterGetBigger.API/GetFitterGetBigger.API.IntegrationTests/Features/ReferenceData/DifficultyLevels.feature.cs(307,0): at GetFitterGetBigger.API.IntegrationTests.Features.ReferenceData.DifficultyLevelsReferenceDataFeature.GetDifficultyLevelByValueWithDifferentCasing(String casing, String[] exampleTags)
[xUnit.net 00:00:04.41]         --- End of stack trace from previous location ---
[xUnit.net 00:00:04.41]       Output:
[xUnit.net 00:00:04.41]         -&gt; Initialized HttpClient for scenario: Get difficulty level by value with different casing
[xUnit.net 00:00:04.41]         Given the database is empty
[xUnit.net 00:00:04.41]         -&gt; Executing step: Given the database is empty
[xUnit.net 00:00:04.41]         -&gt; done: DatabaseSteps.GivenTheDatabaseIsEmpty() (0.0s)
[xUnit.net 00:00:04.41]         -&gt; Step result: Passed
[xUnit.net 00:00:04.41]         And the database has reference data
[xUnit.net 00:00:04.41]         -&gt; Executing step: Given the database has reference data
[xUnit.net 00:00:04.41]         -&gt; done: DatabaseSteps.GivenTheDatabaseHasReferenceData() (0.0s)
[xUnit.net 00:00:04.41]         -&gt; Step result: Passed
[xUnit.net 00:00:04.41]         Given I send a GET request to "/api/ReferenceTables/DifficultyLevels"
[xUnit.net 00:00:04.41]         -&gt; Executing step: Given I send a GET request to "/api/ReferenceTables/DifficultyLevels"
[xUnit.net 00:00:04.41]         -&gt; done: RequestSteps.WhenISendARequestTo("GET", "/api/ReferenceTab...") (0.0s)
[xUnit.net 00:00:04.41]         -&gt; Step result: Passed
[xUnit.net 00:00:04.41]         And the response contains an item with value "Beginner"
[xUnit.net 00:00:04.41]         -&gt; No matching step definition found for the step. Use the following code to create one:
[xUnit.net 00:00:04.41]                 [Given("the response contains an item with value {string}")]&#xD;
[xUnit.net 00:00:04.41]                 public void GivenTheResponseContainsAnItemWithValue(string beginner0)&#xD;
[xUnit.net 00:00:04.41]                 {&#xD;
[xUnit.net 00:00:04.41]                     _scenarioContext.Pending();&#xD;
[xUnit.net 00:00:04.41]                 }&#xD;
[xUnit.net 00:00:04.41]         
[xUnit.net 00:00:04.41]         When I send a GET request to "/api/ReferenceTables/DifficultyLevels/ByValue/BEGINNER"
[xUnit.net 00:00:04.41]         -&gt; skipped because of previous errors
[xUnit.net 00:00:04.41]         Then the response status should be 200
[xUnit.net 00:00:04.41]         -&gt; skipped because of previous errors
[xUnit.net 00:00:04.41]         And the response should have property "value" with value "Beginner"
[xUnit.net 00:00:04.41]         -&gt; skipped because of previous errors
dbug: Microsoft.EntityFrameworkCore.Database.Command[20103]
      Creating DbCommand for 'ExecuteScalar'.
dbug: Microsoft.EntityFrameworkCore.Database.Command[20104]
      Created DbCommand for 'ExecuteScalar' (0ms).
dbug: Microsoft.EntityFrameworkCore.Database.Command[20106]
      Initialized DbCommand for 'ExecuteScalar' (0ms).
dbug: Microsoft.EntityFrameworkCore.Database.Command[20100]
      Executing DbCommand [Parameters=[], CommandType='Text', CommandTimeout='30']
      SELECT CASE WHEN COUNT(*) = 0 THEN FALSE ELSE TRUE END
      FROM pg_class AS cls
      JOIN pg_namespace AS ns ON ns.oid = cls.relnamespace
      WHERE
              cls.relkind IN ('r', 'v', 'm', 'f', 'p') AND
              ns.nspname NOT IN ('pg_catalog', 'information_schema') AND
              -- Exclude tables which are members of PG extensions
              NOT EXISTS (
                  SELECT 1 FROM pg_depend WHERE
                      classid=(
                          SELECT cls.oid
                          FROM pg_class AS cls
                                   JOIN pg_namespace AS ns ON ns.oid = cls.relnamespace
                          WHERE relname='pg_class' AND ns.nspname='pg_catalog'
                      ) AND
                      objid=cls.oid AND
                      deptype IN ('e', 'x')
              )
info: Microsoft.EntityFrameworkCore.Database.Command[20101]
      Executed DbCommand (1ms) [Parameters=[], CommandType='Text', CommandTimeout='30']
      SELECT CASE WHEN COUNT(*) = 0 THEN FALSE ELSE TRUE END
      FROM pg_class AS cls
      JOIN pg_namespace AS ns ON ns.oid = cls.relnamespace
      WHERE
              cls.relkind IN ('r', 'v', 'm', 'f', 'p') AND
              ns.nspname NOT IN ('pg_catalog', 'information_schema') AND
              -- Exclude tables which are members of PG extensions
              NOT EXISTS (
                  SELECT 1 FROM pg_depend WHERE
                      classid=(
                          SELECT cls.oid
                          FROM pg_class AS cls
                                   JOIN pg_namespace AS ns ON ns.oid = cls.relnamespace
                          WHERE relname='pg_class' AND ns.nspname='pg_catalog'
                      ) AND
                      objid=cls.oid AND
                      deptype IN ('e', 'x')
              )
info: 7/12/2025 16:05:39.820 RelationalEventId.CommandExecuted[20101] (Microsoft.EntityFrameworkCore.Database.Command) 
      Executed DbCommand (1ms) [Parameters=[], CommandType='Text', CommandTimeout='30']
      SELECT CASE WHEN COUNT(*) = 0 THEN FALSE ELSE TRUE END
      FROM pg_class AS cls
      JOIN pg_namespace AS ns ON ns.oid = cls.relnamespace
      WHERE
              cls.relkind IN ('r', 'v', 'm', 'f', 'p') AND
              ns.nspname NOT IN ('pg_catalog', 'information_schema') AND
              -- Exclude tables which are members of PG extensions
              NOT EXISTS (
                  SELECT 1 FROM pg_depend WHERE
                      classid=(
                          SELECT cls.oid
                          FROM pg_class AS cls
                                   JOIN pg_namespace AS ns ON ns.oid = cls.relnamespace
                          WHERE relname='pg_class' AND ns.nspname='pg_catalog'
                      ) AND
                      objid=cls.oid AND
                      deptype IN ('e', 'x')
              )
dbug: Microsoft.EntityFrameworkCore.Database.Command[20103]
      Creating DbCommand for 'ExecuteReader'.
dbug: Microsoft.EntityFrameworkCore.Database.Command[20104]
      Created DbCommand for 'ExecuteReader' (0ms).
dbug: Microsoft.EntityFrameworkCore.Database.Command[20106]
      Initialized DbCommand for 'ExecuteReader' (0ms).
dbug: Microsoft.EntityFrameworkCore.Database.Command[20100]
      Executing DbCommand [Parameters=[], CommandType='Text', CommandTimeout='30']
      SELECT EXISTS (
          SELECT 1
          FROM "BodyParts" AS b)
info: Microsoft.EntityFrameworkCore.Database.Command[20101]
      Executed DbCommand (0ms) [Parameters=[], CommandType='Text', CommandTimeout='30']
      SELECT EXISTS (
          SELECT 1
          FROM "BodyParts" AS b)
info: 7/12/2025 16:05:39.821 RelationalEventId.CommandExecuted[20101] (Microsoft.EntityFrameworkCore.Database.Command) 
      Executed DbCommand (0ms) [Parameters=[], CommandType='Text', CommandTimeout='30']
      SELECT EXISTS (
          SELECT 1
          FROM "BodyParts" AS b)
dbug: Microsoft.EntityFrameworkCore.Database.Command[20301]
      Closing data reader to 'bddtestdb' on server 'tcp://127.0.0.1:33493'.
dbug: Microsoft.EntityFrameworkCore.Database.Command[20300]
      A data reader for 'bddtestdb' on server 'tcp://127.0.0.1:33493' is being disposed after spending 0ms reading results.
dbug: Microsoft.EntityFrameworkCore.Database.Command[20103]
      Creating DbCommand for 'ExecuteReader'.
dbug: Microsoft.EntityFrameworkCore.Database.Command[20104]
      Created DbCommand for 'ExecuteReader' (0ms).
dbug: Microsoft.EntityFrameworkCore.Database.Command[20106]
      Initialized DbCommand for 'ExecuteReader' (0ms).
dbug: Microsoft.EntityFrameworkCore.Database.Command[20100]
      Executing DbCommand [Parameters=[], CommandType='Text', CommandTimeout='30']
      SELECT e."Id", e."CreatedAt", e."DisplayOrder", e."IsActive", e."LinkType", e."SourceExerciseId", e."TargetExerciseId", e."UpdatedAt"
      FROM "ExerciseLinks" AS e
info: Microsoft.EntityFrameworkCore.Database.Command[20101]
      Executed DbCommand (0ms) [Parameters=[], CommandType='Text', CommandTimeout='30']
      SELECT e."Id", e."CreatedAt", e."DisplayOrder", e."IsActive", e."LinkType", e."SourceExerciseId", e."TargetExerciseId", e."UpdatedAt"
      FROM "ExerciseLinks" AS e
info: 7/12/2025 16:05:39.823 RelationalEventId.CommandExecuted[20101] (Microsoft.EntityFrameworkCore.Database.Command) 
      Executed DbCommand (0ms) [Parameters=[], CommandType='Text', CommandTimeout='30']
      SELECT e."Id", e."CreatedAt", e."DisplayOrder", e."IsActive", e."LinkType", e."SourceExerciseId", e."TargetExerciseId", e."UpdatedAt"
      FROM "ExerciseLinks" AS e
dbug: Microsoft.EntityFrameworkCore.Database.Command[20301]
      Closing data reader to 'bddtestdb' on server 'tcp://127.0.0.1:33493'.
dbug: Microsoft.EntityFrameworkCore.Database.Command[20300]
      A data reader for 'bddtestdb' on server 'tcp://127.0.0.1:33493' is being disposed after spending 0ms reading results.
dbug: Microsoft.EntityFrameworkCore.Database.Command[20103]
      Creating DbCommand for 'ExecuteReader'.
dbug: Microsoft.EntityFrameworkCore.Database.Command[20104]
      Created DbCommand for 'ExecuteReader' (0ms).
dbug: Microsoft.EntityFrameworkCore.Database.Command[20106]
      Initialized DbCommand for 'ExecuteReader' (0ms).
dbug: Microsoft.EntityFrameworkCore.Database.Command[20100]
      Executing DbCommand [Parameters=[], CommandType='Text', CommandTimeout='30']
      SELECT e."Id", e."Description", e."DifficultyId", e."ExerciseWeightTypeId", e."ImageUrl", e."IsActive", e."IsUnilateral", e."KineticChainId", e."Name", e."VideoUrl"
      FROM "Exercises" AS e
info: Microsoft.EntityFrameworkCore.Database.Command[20101]
      Executed DbCommand (0ms) [Parameters=[], CommandType='Text', CommandTimeout='30']
      SELECT e."Id", e."Description", e."DifficultyId", e."ExerciseWeightTypeId", e."ImageUrl", e."IsActive", e."IsUnilateral", e."KineticChainId", e."Name", e."VideoUrl"
      FROM "Exercises" AS e
info: 7/12/2025 16:05:39.824 RelationalEventId.CommandExecuted[20101] (Microsoft.EntityFrameworkCore.Database.Command) 
      Executed DbCommand (0ms) [Parameters=[], CommandType='Text', CommandTimeout='30']
      SELECT e."Id", e."Description", e."DifficultyId", e."ExerciseWeightTypeId", e."ImageUrl", e."IsActive", e."IsUnilateral", e."KineticChainId", e."Name", e."VideoUrl"
      FROM "Exercises" AS e
dbug: Microsoft.EntityFrameworkCore.Database.Command[20301]
      Closing data reader to 'bddtestdb' on server 'tcp://127.0.0.1:33493'.
dbug: Microsoft.EntityFrameworkCore.Database.Command[20300]
      A data reader for 'bddtestdb' on server 'tcp://127.0.0.1:33493' is being disposed after spending 0ms reading results.
dbug: Microsoft.EntityFrameworkCore.Database.Command[20103]
      Creating DbCommand for 'ExecuteScalar'.
dbug: Microsoft.EntityFrameworkCore.Database.Command[20104]
      Created DbCommand for 'ExecuteScalar' (0ms).
dbug: Microsoft.EntityFrameworkCore.Database.Command[20106]
      Initialized DbCommand for 'ExecuteScalar' (0ms).
dbug: Microsoft.EntityFrameworkCore.Database.Command[20100]
      Executing DbCommand [Parameters=[], CommandType='Text', CommandTimeout='30']
      SELECT CASE WHEN COUNT(*) = 0 THEN FALSE ELSE TRUE END
      FROM pg_class AS cls
      JOIN pg_namespace AS ns ON ns.oid = cls.relnamespace
      WHERE
              cls.relkind IN ('r', 'v', 'm', 'f', 'p') AND
              ns.nspname NOT IN ('pg_catalog', 'information_schema') AND
              -- Exclude tables which are members of PG extensions
              NOT EXISTS (
                  SELECT 1 FROM pg_depend WHERE
                      classid=(
                          SELECT cls.oid
                          FROM pg_class AS cls
                                   JOIN pg_namespace AS ns ON ns.oid = cls.relnamespace
                          WHERE relname='pg_class' AND ns.nspname='pg_catalog'
                      ) AND
                      objid=cls.oid AND
                      deptype IN ('e', 'x')
              )
info: Microsoft.EntityFrameworkCore.Database.Command[20101]
      Executed DbCommand (1ms) [Parameters=[], CommandType='Text', CommandTimeout='30']
      SELECT CASE WHEN COUNT(*) = 0 THEN FALSE ELSE TRUE END
      FROM pg_class AS cls
      JOIN pg_namespace AS ns ON ns.oid = cls.relnamespace
      WHERE
              cls.relkind IN ('r', 'v', 'm', 'f', 'p') AND
              ns.nspname NOT IN ('pg_catalog', 'information_schema') AND
              -- Exclude tables which are members of PG extensions
              NOT EXISTS (
                  SELECT 1 FROM pg_depend WHERE
                      classid=(
                          SELECT cls.oid
                          FROM pg_class AS cls
                                   JOIN pg_namespace AS ns ON ns.oid = cls.relnamespace
                          WHERE relname='pg_class' AND ns.nspname='pg_catalog'
                      ) AND
                      objid=cls.oid AND
                      deptype IN ('e', 'x')
              )
info: 7/12/2025 16:05:39.827 RelationalEventId.CommandExecuted[20101] (Microsoft.EntityFrameworkCore.Database.Command) 
      Executed DbCommand (1ms) [Parameters=[], CommandType='Text', CommandTimeout='30']
      SELECT CASE WHEN COUNT(*) = 0 THEN FALSE ELSE TRUE END
      FROM pg_class AS cls
      JOIN pg_namespace AS ns ON ns.oid = cls.relnamespace
      WHERE
              cls.relkind IN ('r', 'v', 'm', 'f', 'p') AND
              ns.nspname NOT IN ('pg_catalog', 'information_schema') AND
              -- Exclude tables which are members of PG extensions
              NOT EXISTS (
                  SELECT 1 FROM pg_depend WHERE
                      classid=(
                          SELECT cls.oid
                          FROM pg_class AS cls
                                   JOIN pg_namespace AS ns ON ns.oid = cls.relnamespace
                          WHERE relname='pg_class' AND ns.nspname='pg_catalog'
                      ) AND
                      objid=cls.oid AND
                      deptype IN ('e', 'x')
              )
dbug: Microsoft.EntityFrameworkCore.Database.Command[20103]
      Creating DbCommand for 'ExecuteReader'.
dbug: Microsoft.EntityFrameworkCore.Database.Command[20104]
      Created DbCommand for 'ExecuteReader' (0ms).
dbug: Microsoft.EntityFrameworkCore.Database.Command[20106]
      Initialized DbCommand for 'ExecuteReader' (0ms).
dbug: Microsoft.EntityFrameworkCore.Database.Command[20100]
      Executing DbCommand [Parameters=[], CommandType='Text', CommandTimeout='30']
      SELECT EXISTS (
          SELECT 1
          FROM "BodyParts" AS b)
info: Microsoft.EntityFrameworkCore.Database.Command[20101]
      Executed DbCommand (0ms) [Parameters=[], CommandType='Text', CommandTimeout='30']
      SELECT EXISTS (
          SELECT 1
          FROM "BodyParts" AS b)
info: 7/12/2025 16:05:39.828 RelationalEventId.CommandExecuted[20101] (Microsoft.EntityFrameworkCore.Database.Command) 
      Executed DbCommand (0ms) [Parameters=[], CommandType='Text', CommandTimeout='30']
      SELECT EXISTS (
          SELECT 1
          FROM "BodyParts" AS b)
dbug: Microsoft.EntityFrameworkCore.Database.Command[20301]
      Closing data reader to 'bddtestdb' on server 'tcp://127.0.0.1:33493'.
dbug: Microsoft.EntityFrameworkCore.Database.Command[20300]
      A data reader for 'bddtestdb' on server 'tcp://127.0.0.1:33493' is being disposed after spending 0ms reading results.
dbug: Microsoft.EntityFrameworkCore.Database.Command[20103]
      Creating DbCommand for 'ExecuteReader'.
dbug: Microsoft.EntityFrameworkCore.Database.Command[20104]
      Created DbCommand for 'ExecuteReader' (0ms).
dbug: Microsoft.EntityFrameworkCore.Database.Command[20106]
      Initialized DbCommand for 'ExecuteReader' (0ms).
dbug: Microsoft.EntityFrameworkCore.Database.Command[20100]
      Executing DbCommand [Parameters=[], CommandType='Text', CommandTimeout='30']
      SELECT e."Id", e."CreatedAt", e."DisplayOrder", e."IsActive", e."LinkType", e."SourceExerciseId", e."TargetExerciseId", e."UpdatedAt"
      FROM "ExerciseLinks" AS e
info: Microsoft.EntityFrameworkCore.Database.Command[20101]
      Executed DbCommand (1ms) [Parameters=[], CommandType='Text', CommandTimeout='30']
      SELECT e."Id", e."CreatedAt", e."DisplayOrder", e."IsActive", e."LinkType", e."SourceExerciseId", e."TargetExerciseId", e."UpdatedAt"
      FROM "ExerciseLinks" AS e
info: 7/12/2025 16:05:39.836 RelationalEventId.CommandExecuted[20101] (Microsoft.EntityFrameworkCore.Database.Command) 
      Executed DbCommand (1ms) [Parameters=[], CommandType='Text', CommandTimeout='30']
      SELECT e."Id", e."CreatedAt", e."DisplayOrder", e."IsActive", e."LinkType", e."SourceExerciseId", e."TargetExerciseId", e."UpdatedAt"
      FROM "ExerciseLinks" AS e
dbug: Microsoft.EntityFrameworkCore.Database.Command[20301]
      Closing data reader to 'bddtestdb' on server 'tcp://127.0.0.1:33493'.
dbug: Microsoft.EntityFrameworkCore.Database.Command[20300]
      A data reader for 'bddtestdb' on server 'tcp://127.0.0.1:33493' is being disposed after spending 0ms reading results.
dbug: Microsoft.EntityFrameworkCore.Database.Command[20103]
      Creating DbCommand for 'ExecuteReader'.
dbug: Microsoft.EntityFrameworkCore.Database.Command[20104]
      Created DbCommand for 'ExecuteReader' (0ms).
dbug: Microsoft.EntityFrameworkCore.Database.Command[20106]
      Initialized DbCommand for 'ExecuteReader' (0ms).
dbug: Microsoft.EntityFrameworkCore.Database.Command[20100]
      Executing DbCommand [Parameters=[], CommandType='Text', CommandTimeout='30']
      SELECT e."Id", e."Description", e."DifficultyId", e."ExerciseWeightTypeId", e."ImageUrl", e."IsActive", e."IsUnilateral", e."KineticChainId", e."Name", e."VideoUrl"
      FROM "Exercises" AS e
info: Microsoft.EntityFrameworkCore.Database.Command[20101]
      Executed DbCommand (0ms) [Parameters=[], CommandType='Text', CommandTimeout='30']
      SELECT e."Id", e."Description", e."DifficultyId", e."ExerciseWeightTypeId", e."ImageUrl", e."IsActive", e."IsUnilateral", e."KineticChainId", e."Name", e."VideoUrl"
      FROM "Exercises" AS e
info: 7/12/2025 16:05:39.836 RelationalEventId.CommandExecuted[20101] (Microsoft.EntityFrameworkCore.Database.Command) 
      Executed DbCommand (0ms) [Parameters=[], CommandType='Text', CommandTimeout='30']
      SELECT e."Id", e."Description", e."DifficultyId", e."ExerciseWeightTypeId", e."ImageUrl", e."IsActive", e."IsUnilateral", e."KineticChainId", e."Name", e."VideoUrl"
      FROM "Exercises" AS e
dbug: Microsoft.EntityFrameworkCore.Database.Command[20301]
      Closing data reader to 'bddtestdb' on server 'tcp://127.0.0.1:33493'.
dbug: Microsoft.EntityFrameworkCore.Database.Command[20300]
      A data reader for 'bddtestdb' on server 'tcp://127.0.0.1:33493' is being disposed after spending 0ms reading results.
dbug: Microsoft.EntityFrameworkCore.Database.Command[20103]
      Creating DbCommand for 'ExecuteReader'.
dbug: Microsoft.EntityFrameworkCore.Database.Command[20104]
      Created DbCommand for 'ExecuteReader' (0ms).
dbug: Microsoft.EntityFrameworkCore.Database.Command[20106]
      Initialized DbCommand for 'ExecuteReader' (0ms).
dbug: Microsoft.EntityFrameworkCore.Database.Command[20100]
      Executing DbCommand [Parameters=[], CommandType='Text', CommandTimeout='30']
      SELECT e."Id", e."CreatedAt", e."DisplayOrder", e."IsActive", e."LinkType", e."SourceExerciseId", e."TargetExerciseId", e."UpdatedAt"
      FROM "ExerciseLinks" AS e
info: Microsoft.EntityFrameworkCore.Database.Command[20101]
      Executed DbCommand (0ms) [Parameters=[], CommandType='Text', CommandTimeout='30']
      SELECT e."Id", e."CreatedAt", e."DisplayOrder", e."IsActive", e."LinkType", e."SourceExerciseId", e."TargetExerciseId", e."UpdatedAt"
      FROM "ExerciseLinks" AS e
info: 7/12/2025 16:05:39.837 RelationalEventId.CommandExecuted[20101] (Microsoft.EntityFrameworkCore.Database.Command) 
      Executed DbCommand (0ms) [Parameters=[], CommandType='Text', CommandTimeout='30']
      SELECT e."Id", e."CreatedAt", e."DisplayOrder", e."IsActive", e."LinkType", e."SourceExerciseId", e."TargetExerciseId", e."UpdatedAt"
      FROM "ExerciseLinks" AS e
dbug: Microsoft.EntityFrameworkCore.Database.Command[20301]
      Closing data reader to 'bddtestdb' on server 'tcp://127.0.0.1:33493'.
dbug: Microsoft.EntityFrameworkCore.Database.Command[20300]
      A data reader for 'bddtestdb' on server 'tcp://127.0.0.1:33493' is being disposed after spending 0ms reading results.
dbug: Microsoft.EntityFrameworkCore.Database.Command[20103]
      Creating DbCommand for 'ExecuteReader'.
dbug: Microsoft.EntityFrameworkCore.Database.Command[20104]
      Created DbCommand for 'ExecuteReader' (0ms).
dbug: Microsoft.EntityFrameworkCore.Database.Command[20106]
      Initialized DbCommand for 'ExecuteReader' (0ms).
dbug: Microsoft.EntityFrameworkCore.Database.Command[20100]
      Executing DbCommand [Parameters=[], CommandType='Text', CommandTimeout='30']
      SELECT e."Id", e."Description", e."DifficultyId", e."ExerciseWeightTypeId", e."ImageUrl", e."IsActive", e."IsUnilateral", e."KineticChainId", e."Name", e."VideoUrl"
      FROM "Exercises" AS e
info: Microsoft.EntityFrameworkCore.Database.Command[20101]
      Executed DbCommand (0ms) [Parameters=[], CommandType='Text', CommandTimeout='30']
      SELECT e."Id", e."Description", e."DifficultyId", e."ExerciseWeightTypeId", e."ImageUrl", e."IsActive", e."IsUnilateral", e."KineticChainId", e."Name", e."VideoUrl"
      FROM "Exercises" AS e
info: 7/12/2025 16:05:39.837 RelationalEventId.CommandExecuted[20101] (Microsoft.EntityFrameworkCore.Database.Command) 
      Executed DbCommand (0ms) [Parameters=[], CommandType='Text', CommandTimeout='30']
      SELECT e."Id", e."Description", e."DifficultyId", e."ExerciseWeightTypeId", e."ImageUrl", e."IsActive", e."IsUnilateral", e."KineticChainId", e."Name", e."VideoUrl"
      FROM "Exercises" AS e
dbug: Microsoft.EntityFrameworkCore.Database.Command[20301]
      Closing data reader to 'bddtestdb' on server 'tcp://127.0.0.1:33493'.
dbug: Microsoft.EntityFrameworkCore.Database.Command[20300]
      A data reader for 'bddtestdb' on server 'tcp://127.0.0.1:33493' is being disposed after spending 0ms reading results.
dbug: Microsoft.EntityFrameworkCore.Database.Command[20103]
      Creating DbCommand for 'ExecuteScalar'.
dbug: Microsoft.EntityFrameworkCore.Database.Command[20104]
      Created DbCommand for 'ExecuteScalar' (0ms).
dbug: Microsoft.EntityFrameworkCore.Database.Command[20106]
      Initialized DbCommand for 'ExecuteScalar' (0ms).
dbug: Microsoft.EntityFrameworkCore.Database.Command[20100]
      Executing DbCommand [Parameters=[], CommandType='Text', CommandTimeout='30']
      SELECT CASE WHEN COUNT(*) = 0 THEN FALSE ELSE TRUE END
      FROM pg_class AS cls
      JOIN pg_namespace AS ns ON ns.oid = cls.relnamespace
      WHERE
              cls.relkind IN ('r', 'v', 'm', 'f', 'p') AND
              ns.nspname NOT IN ('pg_catalog', 'information_schema') AND
              -- Exclude tables which are members of PG extensions
              NOT EXISTS (
                  SELECT 1 FROM pg_depend WHERE
                      classid=(
                          SELECT cls.oid
                          FROM pg_class AS cls
                                   JOIN pg_namespace AS ns ON ns.oid = cls.relnamespace
                          WHERE relname='pg_class' AND ns.nspname='pg_catalog'
                      ) AND
                      objid=cls.oid AND
                      deptype IN ('e', 'x')
              )
info: Microsoft.EntityFrameworkCore.Database.Command[20101]
      Executed DbCommand (1ms) [Parameters=[], CommandType='Text', CommandTimeout='30']
      SELECT CASE WHEN COUNT(*) = 0 THEN FALSE ELSE TRUE END
      FROM pg_class AS cls
      JOIN pg_namespace AS ns ON ns.oid = cls.relnamespace
      WHERE
              cls.relkind IN ('r', 'v', 'm', 'f', 'p') AND
              ns.nspname NOT IN ('pg_catalog', 'information_schema') AND
              -- Exclude tables which are members of PG extensions
              NOT EXISTS (
                  SELECT 1 FROM pg_depend WHERE
                      classid=(
                          SELECT cls.oid
                          FROM pg_class AS cls
                                   JOIN pg_namespace AS ns ON ns.oid = cls.relnamespace
                          WHERE relname='pg_class' AND ns.nspname='pg_catalog'
                      ) AND
                      objid=cls.oid AND
                      deptype IN ('e', 'x')
              )
info: 7/12/2025 16:05:39.842 RelationalEventId.CommandExecuted[20101] (Microsoft.EntityFrameworkCore.Database.Command) 
      Executed DbCommand (1ms) [Parameters=[], CommandType='Text', CommandTimeout='30']
      SELECT CASE WHEN COUNT(*) = 0 THEN FALSE ELSE TRUE END
      FROM pg_class AS cls
      JOIN pg_namespace AS ns ON ns.oid = cls.relnamespace
      WHERE
              cls.relkind IN ('r', 'v', 'm', 'f', 'p') AND
              ns.nspname NOT IN ('pg_catalog', 'information_schema') AND
              -- Exclude tables which are members of PG extensions
              NOT EXISTS (
                  SELECT 1 FROM pg_depend WHERE
                      classid=(
                          SELECT cls.oid
                          FROM pg_class AS cls
                                   JOIN pg_namespace AS ns ON ns.oid = cls.relnamespace
                          WHERE relname='pg_class' AND ns.nspname='pg_catalog'
                      ) AND
                      objid=cls.oid AND
                      deptype IN ('e', 'x')
              )
dbug: Microsoft.EntityFrameworkCore.Database.Command[20103]
      Creating DbCommand for 'ExecuteReader'.
dbug: Microsoft.EntityFrameworkCore.Database.Command[20104]
      Created DbCommand for 'ExecuteReader' (0ms).
dbug: Microsoft.EntityFrameworkCore.Database.Command[20106]
      Initialized DbCommand for 'ExecuteReader' (0ms).
dbug: Microsoft.EntityFrameworkCore.Database.Command[20100]
      Executing DbCommand [Parameters=[], CommandType='Text', CommandTimeout='30']
      SELECT EXISTS (
          SELECT 1
          FROM "BodyParts" AS b)
info: Microsoft.EntityFrameworkCore.Database.Command[20101]
      Executed DbCommand (0ms) [Parameters=[], CommandType='Text', CommandTimeout='30']
      SELECT EXISTS (
          SELECT 1
          FROM "BodyParts" AS b)
info: 7/12/2025 16:05:39.842 RelationalEventId.CommandExecuted[20101] (Microsoft.EntityFrameworkCore.Database.Command) 
      Executed DbCommand (0ms) [Parameters=[], CommandType='Text', CommandTimeout='30']
      SELECT EXISTS (
          SELECT 1
          FROM "BodyParts" AS b)
dbug: Microsoft.EntityFrameworkCore.Database.Command[20301]
      Closing data reader to 'bddtestdb' on server 'tcp://127.0.0.1:33493'.
dbug: Microsoft.EntityFrameworkCore.Database.Command[20300]
      A data reader for 'bddtestdb' on server 'tcp://127.0.0.1:33493' is being disposed after spending 0ms reading results.
[xUnit.net 00:00:04.43]       TechTalk.SpecFlow.MissingStepDefinitionException : No matching step definition found for one or more steps.
[xUnit.net 00:00:04.43]       Stack Trace:
[xUnit.net 00:00:04.43]            at TechTalk.SpecFlow.ErrorHandling.ErrorProvider.ThrowPendingError(ScenarioExecutionStatus testStatus, String message)
[xUnit.net 00:00:04.43]            at TechTalk.SpecFlow.Infrastructure.TestExecutionEngine.OnAfterLastStepAsync()
[xUnit.net 00:00:04.43]            at TechTalk.SpecFlow.TestRunner.CollectScenarioErrorsAsync()
[xUnit.net 00:00:04.43]         /home/esqueleto/myWork/GetFitterGetBigger/GetFitterGetBigger.API/GetFitterGetBigger.API.IntegrationTests/Features/ReferenceData/DifficultyLevels.feature.cs(74,0): at GetFitterGetBigger.API.IntegrationTests.Features.ReferenceData.DifficultyLevelsReferenceDataFeature.ScenarioCleanupAsync()
[xUnit.net 00:00:04.43]         /home/esqueleto/myWork/GetFitterGetBigger/GetFitterGetBigger.API/GetFitterGetBigger.API.IntegrationTests/Features/ReferenceData/DifficultyLevels.feature.cs(307,0): at GetFitterGetBigger.API.IntegrationTests.Features.ReferenceData.DifficultyLevelsReferenceDataFeature.GetDifficultyLevelByValueWithDifferentCasing(String casing, String[] exampleTags)
[xUnit.net 00:00:04.43]         --- End of stack trace from previous location ---
[xUnit.net 00:00:04.43]       Output:
[xUnit.net 00:00:04.43]         -&gt; Initialized HttpClient for scenario: Get difficulty level by value with different casing
[xUnit.net 00:00:04.43]         Given the database is empty
[xUnit.net 00:00:04.43]         -&gt; Executing step: Given the database is empty
[xUnit.net 00:00:04.43]         -&gt; done: DatabaseSteps.GivenTheDatabaseIsEmpty() (0.0s)
[xUnit.net 00:00:04.43]         -&gt; Step result: Passed
[xUnit.net 00:00:04.43]         And the database has reference data
[xUnit.net 00:00:04.43]         -&gt; Executing step: Given the database has reference data
[xUnit.net 00:00:04.43]         -&gt; done: DatabaseSteps.GivenTheDatabaseHasReferenceData() (0.0s)
[xUnit.net 00:00:04.43]         -&gt; Step result: Passed
[xUnit.net 00:00:04.44]         Given I send a GET request to "/api/ReferenceTables/DifficultyLevels"
[xUnit.net 00:00:04.44]         -&gt; Executing step: Given I send a GET request to "/api/ReferenceTables/DifficultyLevels"
[xUnit.net 00:00:04.44]         -&gt; done: RequestSteps.WhenISendARequestTo("GET", "/api/ReferenceTab...") (0.0s)
[xUnit.net 00:00:04.44]         -&gt; Step result: Passed
[xUnit.net 00:00:04.44]         And the response contains an item with value "Beginner"
[xUnit.net 00:00:04.44]         -&gt; No matching step definition found for the step. Use the following code to create one:
[xUnit.net 00:00:04.44]                 [Given("the response contains an item with value {string}")]&#xD;
[xUnit.net 00:00:04.44]                 public void GivenTheResponseContainsAnItemWithValue(string beginner0)&#xD;
[xUnit.net 00:00:04.44]                 {&#xD;
[xUnit.net 00:00:04.44]                     _scenarioContext.Pending();&#xD;
[xUnit.net 00:00:04.44]                 }&#xD;
[xUnit.net 00:00:04.44]         
[xUnit.net 00:00:04.44]         When I send a GET request to "/api/ReferenceTables/DifficultyLevels/ByValue/BeGiNnEr"
[xUnit.net 00:00:04.44]         -&gt; skipped because of previous errors
[xUnit.net 00:00:04.44]         Then the response status should be 200
[xUnit.net 00:00:04.44]         -&gt; skipped because of previous errors
[xUnit.net 00:00:04.44]         And the response should have property "value" with value "Beginner"
[xUnit.net 00:00:04.44]         -&gt; skipped because of previous errors
dbug: Microsoft.EntityFrameworkCore.Database.Command[20103]
      Creating DbCommand for 'ExecuteScalar'.
dbug: Microsoft.EntityFrameworkCore.Database.Command[20104]
      Created DbCommand for 'ExecuteScalar' (0ms).
dbug: Microsoft.EntityFrameworkCore.Database.Command[20106]
      Initialized DbCommand for 'ExecuteScalar' (0ms).
dbug: Microsoft.EntityFrameworkCore.Database.Command[20100]
      Executing DbCommand [Parameters=[], CommandType='Text', CommandTimeout='30']
      SELECT CASE WHEN COUNT(*) = 0 THEN FALSE ELSE TRUE END
      FROM pg_class AS cls
      JOIN pg_namespace AS ns ON ns.oid = cls.relnamespace
      WHERE
              cls.relkind IN ('r', 'v', 'm', 'f', 'p') AND
              ns.nspname NOT IN ('pg_catalog', 'information_schema') AND
              -- Exclude tables which are members of PG extensions
              NOT EXISTS (
                  SELECT 1 FROM pg_depend WHERE
                      classid=(
                          SELECT cls.oid
                          FROM pg_class AS cls
                                   JOIN pg_namespace AS ns ON ns.oid = cls.relnamespace
                          WHERE relname='pg_class' AND ns.nspname='pg_catalog'
                      ) AND
                      objid=cls.oid AND
                      deptype IN ('e', 'x')
              )
info: Microsoft.EntityFrameworkCore.Database.Command[20101]
      Executed DbCommand (1ms) [Parameters=[], CommandType='Text', CommandTimeout='30']
      SELECT CASE WHEN COUNT(*) = 0 THEN FALSE ELSE TRUE END
      FROM pg_class AS cls
      JOIN pg_namespace AS ns ON ns.oid = cls.relnamespace
      WHERE
              cls.relkind IN ('r', 'v', 'm', 'f', 'p') AND
              ns.nspname NOT IN ('pg_catalog', 'information_schema') AND
              -- Exclude tables which are members of PG extensions
              NOT EXISTS (
                  SELECT 1 FROM pg_depend WHERE
                      classid=(
                          SELECT cls.oid
                          FROM pg_class AS cls
                                   JOIN pg_namespace AS ns ON ns.oid = cls.relnamespace
                          WHERE relname='pg_class' AND ns.nspname='pg_catalog'
                      ) AND
                      objid=cls.oid AND
                      deptype IN ('e', 'x')
              )
info: 7/12/2025 16:05:39.847 RelationalEventId.CommandExecuted[20101] (Microsoft.EntityFrameworkCore.Database.Command) 
      Executed DbCommand (1ms) [Parameters=[], CommandType='Text', CommandTimeout='30']
      SELECT CASE WHEN COUNT(*) = 0 THEN FALSE ELSE TRUE END
      FROM pg_class AS cls
      JOIN pg_namespace AS ns ON ns.oid = cls.relnamespace
      WHERE
              cls.relkind IN ('r', 'v', 'm', 'f', 'p') AND
              ns.nspname NOT IN ('pg_catalog', 'information_schema') AND
              -- Exclude tables which are members of PG extensions
              NOT EXISTS (
                  SELECT 1 FROM pg_depend WHERE
                      classid=(
                          SELECT cls.oid
                          FROM pg_class AS cls
                                   JOIN pg_namespace AS ns ON ns.oid = cls.relnamespace
                          WHERE relname='pg_class' AND ns.nspname='pg_catalog'
                      ) AND
                      objid=cls.oid AND
                      deptype IN ('e', 'x')
              )
dbug: Microsoft.EntityFrameworkCore.Database.Command[20103]
      Creating DbCommand for 'ExecuteReader'.
dbug: Microsoft.EntityFrameworkCore.Database.Command[20104]
      Created DbCommand for 'ExecuteReader' (0ms).
dbug: Microsoft.EntityFrameworkCore.Database.Command[20106]
      Initialized DbCommand for 'ExecuteReader' (0ms).
dbug: Microsoft.EntityFrameworkCore.Database.Command[20100]
      Executing DbCommand [Parameters=[], CommandType='Text', CommandTimeout='30']
      SELECT EXISTS (
          SELECT 1
          FROM "BodyParts" AS b)
info: Microsoft.EntityFrameworkCore.Database.Command[20101]
      Executed DbCommand (0ms) [Parameters=[], CommandType='Text', CommandTimeout='30']
      SELECT EXISTS (
          SELECT 1
          FROM "BodyParts" AS b)
info: 7/12/2025 16:05:39.847 RelationalEventId.CommandExecuted[20101] (Microsoft.EntityFrameworkCore.Database.Command) 
      Executed DbCommand (0ms) [Parameters=[], CommandType='Text', CommandTimeout='30']
      SELECT EXISTS (
          SELECT 1
          FROM "BodyParts" AS b)
dbug: Microsoft.EntityFrameworkCore.Database.Command[20301]
      Closing data reader to 'bddtestdb' on server 'tcp://127.0.0.1:33493'.
dbug: Microsoft.EntityFrameworkCore.Database.Command[20300]
      A data reader for 'bddtestdb' on server 'tcp://127.0.0.1:33493' is being disposed after spending 0ms reading results.
dbug: Microsoft.EntityFrameworkCore.Database.Command[20103]
      Creating DbCommand for 'ExecuteReader'.
dbug: Microsoft.EntityFrameworkCore.Database.Command[20104]
      Created DbCommand for 'ExecuteReader' (0ms).
dbug: Microsoft.EntityFrameworkCore.Database.Command[20106]
      Initialized DbCommand for 'ExecuteReader' (0ms).
dbug: Microsoft.EntityFrameworkCore.Database.Command[20100]
      Executing DbCommand [Parameters=[], CommandType='Text', CommandTimeout='30']
      SELECT e."Id", e."CreatedAt", e."DisplayOrder", e."IsActive", e."LinkType", e."SourceExerciseId", e."TargetExerciseId", e."UpdatedAt"
      FROM "ExerciseLinks" AS e
info: Microsoft.EntityFrameworkCore.Database.Command[20101]
      Executed DbCommand (0ms) [Parameters=[], CommandType='Text', CommandTimeout='30']
      SELECT e."Id", e."CreatedAt", e."DisplayOrder", e."IsActive", e."LinkType", e."SourceExerciseId", e."TargetExerciseId", e."UpdatedAt"
      FROM "ExerciseLinks" AS e
info: 7/12/2025 16:05:39.849 RelationalEventId.CommandExecuted[20101] (Microsoft.EntityFrameworkCore.Database.Command) 
      Executed DbCommand (0ms) [Parameters=[], CommandType='Text', CommandTimeout='30']
      SELECT e."Id", e."CreatedAt", e."DisplayOrder", e."IsActive", e."LinkType", e."SourceExerciseId", e."TargetExerciseId", e."UpdatedAt"
      FROM "ExerciseLinks" AS e
dbug: Microsoft.EntityFrameworkCore.Database.Command[20301]
      Closing data reader to 'bddtestdb' on server 'tcp://127.0.0.1:33493'.
dbug: Microsoft.EntityFrameworkCore.Database.Command[20300]
      A data reader for 'bddtestdb' on server 'tcp://127.0.0.1:33493' is being disposed after spending 0ms reading results.
dbug: Microsoft.EntityFrameworkCore.Database.Command[20103]
      Creating DbCommand for 'ExecuteReader'.
dbug: Microsoft.EntityFrameworkCore.Database.Command[20104]
      Created DbCommand for 'ExecuteReader' (0ms).
dbug: Microsoft.EntityFrameworkCore.Database.Command[20106]
      Initialized DbCommand for 'ExecuteReader' (0ms).
dbug: Microsoft.EntityFrameworkCore.Database.Command[20100]
      Executing DbCommand [Parameters=[], CommandType='Text', CommandTimeout='30']
      SELECT e."Id", e."Description", e."DifficultyId", e."ExerciseWeightTypeId", e."ImageUrl", e."IsActive", e."IsUnilateral", e."KineticChainId", e."Name", e."VideoUrl"
      FROM "Exercises" AS e
info: Microsoft.EntityFrameworkCore.Database.Command[20101]
      Executed DbCommand (0ms) [Parameters=[], CommandType='Text', CommandTimeout='30']
      SELECT e."Id", e."Description", e."DifficultyId", e."ExerciseWeightTypeId", e."ImageUrl", e."IsActive", e."IsUnilateral", e."KineticChainId", e."Name", e."VideoUrl"
      FROM "Exercises" AS e
info: 7/12/2025 16:05:39.850 RelationalEventId.CommandExecuted[20101] (Microsoft.EntityFrameworkCore.Database.Command) 
      Executed DbCommand (0ms) [Parameters=[], CommandType='Text', CommandTimeout='30']
      SELECT e."Id", e."Description", e."DifficultyId", e."ExerciseWeightTypeId", e."ImageUrl", e."IsActive", e."IsUnilateral", e."KineticChainId", e."Name", e."VideoUrl"
      FROM "Exercises" AS e
dbug: Microsoft.EntityFrameworkCore.Database.Command[20301]
      Closing data reader to 'bddtestdb' on server 'tcp://127.0.0.1:33493'.
dbug: Microsoft.EntityFrameworkCore.Database.Command[20300]
      A data reader for 'bddtestdb' on server 'tcp://127.0.0.1:33493' is being disposed after spending 0ms reading results.
dbug: Microsoft.EntityFrameworkCore.Database.Command[20103]
      Creating DbCommand for 'ExecuteScalar'.
dbug: Microsoft.EntityFrameworkCore.Database.Command[20104]
      Created DbCommand for 'ExecuteScalar' (0ms).
dbug: Microsoft.EntityFrameworkCore.Database.Command[20106]
      Initialized DbCommand for 'ExecuteScalar' (0ms).
dbug: Microsoft.EntityFrameworkCore.Database.Command[20100]
      Executing DbCommand [Parameters=[], CommandType='Text', CommandTimeout='30']
      SELECT CASE WHEN COUNT(*) = 0 THEN FALSE ELSE TRUE END
      FROM pg_class AS cls
      JOIN pg_namespace AS ns ON ns.oid = cls.relnamespace
      WHERE
              cls.relkind IN ('r', 'v', 'm', 'f', 'p') AND
              ns.nspname NOT IN ('pg_catalog', 'information_schema') AND
              -- Exclude tables which are members of PG extensions
              NOT EXISTS (
                  SELECT 1 FROM pg_depend WHERE
                      classid=(
                          SELECT cls.oid
                          FROM pg_class AS cls
                                   JOIN pg_namespace AS ns ON ns.oid = cls.relnamespace
                          WHERE relname='pg_class' AND ns.nspname='pg_catalog'
                      ) AND
                      objid=cls.oid AND
                      deptype IN ('e', 'x')
              )
info: Microsoft.EntityFrameworkCore.Database.Command[20101]
      Executed DbCommand (1ms) [Parameters=[], CommandType='Text', CommandTimeout='30']
      SELECT CASE WHEN COUNT(*) = 0 THEN FALSE ELSE TRUE END
      FROM pg_class AS cls
      JOIN pg_namespace AS ns ON ns.oid = cls.relnamespace
      WHERE
              cls.relkind IN ('r', 'v', 'm', 'f', 'p') AND
              ns.nspname NOT IN ('pg_catalog', 'information_schema') AND
              -- Exclude tables which are members of PG extensions
              NOT EXISTS (
                  SELECT 1 FROM pg_depend WHERE
                      classid=(
                          SELECT cls.oid
                          FROM pg_class AS cls
                                   JOIN pg_namespace AS ns ON ns.oid = cls.relnamespace
                          WHERE relname='pg_class' AND ns.nspname='pg_catalog'
                      ) AND
                      objid=cls.oid AND
                      deptype IN ('e', 'x')
              )
info: 7/12/2025 16:05:39.855 RelationalEventId.CommandExecuted[20101] (Microsoft.EntityFrameworkCore.Database.Command) 
      Executed DbCommand (1ms) [Parameters=[], CommandType='Text', CommandTimeout='30']
      SELECT CASE WHEN COUNT(*) = 0 THEN FALSE ELSE TRUE END
      FROM pg_class AS cls
      JOIN pg_namespace AS ns ON ns.oid = cls.relnamespace
      WHERE
              cls.relkind IN ('r', 'v', 'm', 'f', 'p') AND
              ns.nspname NOT IN ('pg_catalog', 'information_schema') AND
              -- Exclude tables which are members of PG extensions
              NOT EXISTS (
                  SELECT 1 FROM pg_depend WHERE
                      classid=(
                          SELECT cls.oid
                          FROM pg_class AS cls
                                   JOIN pg_namespace AS ns ON ns.oid = cls.relnamespace
                          WHERE relname='pg_class' AND ns.nspname='pg_catalog'
                      ) AND
                      objid=cls.oid AND
                      deptype IN ('e', 'x')
              )
dbug: Microsoft.EntityFrameworkCore.Database.Command[20103]
      Creating DbCommand for 'ExecuteReader'.
dbug: Microsoft.EntityFrameworkCore.Database.Command[20104]
      Created DbCommand for 'ExecuteReader' (0ms).
dbug: Microsoft.EntityFrameworkCore.Database.Command[20106]
      Initialized DbCommand for 'ExecuteReader' (0ms).
dbug: Microsoft.EntityFrameworkCore.Database.Command[20100]
      Executing DbCommand [Parameters=[], CommandType='Text', CommandTimeout='30']
      SELECT EXISTS (
          SELECT 1
          FROM "BodyParts" AS b)
info: Microsoft.EntityFrameworkCore.Database.Command[20101]
      Executed DbCommand (0ms) [Parameters=[], CommandType='Text', CommandTimeout='30']
      SELECT EXISTS (
          SELECT 1
          FROM "BodyParts" AS b)
info: 7/12/2025 16:05:39.856 RelationalEventId.CommandExecuted[20101] (Microsoft.EntityFrameworkCore.Database.Command) 
      Executed DbCommand (0ms) [Parameters=[], CommandType='Text', CommandTimeout='30']
      SELECT EXISTS (
          SELECT 1
          FROM "BodyParts" AS b)
dbug: Microsoft.EntityFrameworkCore.Database.Command[20301]
      Closing data reader to 'bddtestdb' on server 'tcp://127.0.0.1:33493'.
dbug: Microsoft.EntityFrameworkCore.Database.Command[20300]
      A data reader for 'bddtestdb' on server 'tcp://127.0.0.1:33493' is being disposed after spending 0ms reading results.
dbug: Microsoft.EntityFrameworkCore.Database.Command[20103]
      Creating DbCommand for 'ExecuteReader'.
dbug: Microsoft.EntityFrameworkCore.Database.Command[20104]
      Created DbCommand for 'ExecuteReader' (0ms).
dbug: Microsoft.EntityFrameworkCore.Database.Command[20106]
      Initialized DbCommand for 'ExecuteReader' (0ms).
dbug: Microsoft.EntityFrameworkCore.Database.Command[20100]
      Executing DbCommand [Parameters=[], CommandType='Text', CommandTimeout='30']
      SELECT e."Id", e."CreatedAt", e."DisplayOrder", e."IsActive", e."LinkType", e."SourceExerciseId", e."TargetExerciseId", e."UpdatedAt"
      FROM "ExerciseLinks" AS e
info: Microsoft.EntityFrameworkCore.Database.Command[20101]
      Executed DbCommand (1ms) [Parameters=[], CommandType='Text', CommandTimeout='30']
      SELECT e."Id", e."CreatedAt", e."DisplayOrder", e."IsActive", e."LinkType", e."SourceExerciseId", e."TargetExerciseId", e."UpdatedAt"
      FROM "ExerciseLinks" AS e
info: 7/12/2025 16:05:39.867 RelationalEventId.CommandExecuted[20101] (Microsoft.EntityFrameworkCore.Database.Command) 
      Executed DbCommand (1ms) [Parameters=[], CommandType='Text', CommandTimeout='30']
      SELECT e."Id", e."CreatedAt", e."DisplayOrder", e."IsActive", e."LinkType", e."SourceExerciseId", e."TargetExerciseId", e."UpdatedAt"
      FROM "ExerciseLinks" AS e
dbug: Microsoft.EntityFrameworkCore.Database.Command[20301]
      Closing data reader to 'bddtestdb' on server 'tcp://127.0.0.1:33493'.
dbug: Microsoft.EntityFrameworkCore.Database.Command[20300]
      A data reader for 'bddtestdb' on server 'tcp://127.0.0.1:33493' is being disposed after spending 0ms reading results.
dbug: Microsoft.EntityFrameworkCore.Database.Command[20103]
      Creating DbCommand for 'ExecuteReader'.
dbug: Microsoft.EntityFrameworkCore.Database.Command[20104]
      Created DbCommand for 'ExecuteReader' (0ms).
dbug: Microsoft.EntityFrameworkCore.Database.Command[20106]
      Initialized DbCommand for 'ExecuteReader' (0ms).
dbug: Microsoft.EntityFrameworkCore.Database.Command[20100]
      Executing DbCommand [Parameters=[], CommandType='Text', CommandTimeout='30']
      SELECT e."Id", e."Description", e."DifficultyId", e."ExerciseWeightTypeId", e."ImageUrl", e."IsActive", e."IsUnilateral", e."KineticChainId", e."Name", e."VideoUrl"
      FROM "Exercises" AS e
info: Microsoft.EntityFrameworkCore.Database.Command[20101]
      Executed DbCommand (0ms) [Parameters=[], CommandType='Text', CommandTimeout='30']
      SELECT e."Id", e."Description", e."DifficultyId", e."ExerciseWeightTypeId", e."ImageUrl", e."IsActive", e."IsUnilateral", e."KineticChainId", e."Name", e."VideoUrl"
      FROM "Exercises" AS e
info: 7/12/2025 16:05:39.868 RelationalEventId.CommandExecuted[20101] (Microsoft.EntityFrameworkCore.Database.Command) 
      Executed DbCommand (0ms) [Parameters=[], CommandType='Text', CommandTimeout='30']
      SELECT e."Id", e."Description", e."DifficultyId", e."ExerciseWeightTypeId", e."ImageUrl", e."IsActive", e."IsUnilateral", e."KineticChainId", e."Name", e."VideoUrl"
      FROM "Exercises" AS e
dbug: Microsoft.EntityFrameworkCore.Database.Command[20301]
      Closing data reader to 'bddtestdb' on server 'tcp://127.0.0.1:33493'.
dbug: Microsoft.EntityFrameworkCore.Database.Command[20300]
      A data reader for 'bddtestdb' on server 'tcp://127.0.0.1:33493' is being disposed after spending 0ms reading results.
dbug: Microsoft.EntityFrameworkCore.Database.Command[20103]
      Creating DbCommand for 'ExecuteReader'.
dbug: Microsoft.EntityFrameworkCore.Database.Command[20104]
      Created DbCommand for 'ExecuteReader' (0ms).
dbug: Microsoft.EntityFrameworkCore.Database.Command[20106]
      Initialized DbCommand for 'ExecuteReader' (0ms).
dbug: Microsoft.EntityFrameworkCore.Database.Command[20100]
      Executing DbCommand [Parameters=[], CommandType='Text', CommandTimeout='30']
      SELECT e."Id", e."CreatedAt", e."DisplayOrder", e."IsActive", e."LinkType", e."SourceExerciseId", e."TargetExerciseId", e."UpdatedAt"
      FROM "ExerciseLinks" AS e
info: Microsoft.EntityFrameworkCore.Database.Command[20101]
      Executed DbCommand (0ms) [Parameters=[], CommandType='Text', CommandTimeout='30']
      SELECT e."Id", e."CreatedAt", e."DisplayOrder", e."IsActive", e."LinkType", e."SourceExerciseId", e."TargetExerciseId", e."UpdatedAt"
      FROM "ExerciseLinks" AS e
info: 7/12/2025 16:05:39.869 RelationalEventId.CommandExecuted[20101] (Microsoft.EntityFrameworkCore.Database.Command) 
      Executed DbCommand (0ms) [Parameters=[], CommandType='Text', CommandTimeout='30']
      SELECT e."Id", e."CreatedAt", e."DisplayOrder", e."IsActive", e."LinkType", e."SourceExerciseId", e."TargetExerciseId", e."UpdatedAt"
      FROM "ExerciseLinks" AS e
dbug: Microsoft.EntityFrameworkCore.Database.Command[20301]
      Closing data reader to 'bddtestdb' on server 'tcp://127.0.0.1:33493'.
dbug: Microsoft.EntityFrameworkCore.Database.Command[20300]
      A data reader for 'bddtestdb' on server 'tcp://127.0.0.1:33493' is being disposed after spending 0ms reading results.
dbug: Microsoft.EntityFrameworkCore.Database.Command[20103]
      Creating DbCommand for 'ExecuteReader'.
dbug: Microsoft.EntityFrameworkCore.Database.Command[20104]
      Created DbCommand for 'ExecuteReader' (0ms).
dbug: Microsoft.EntityFrameworkCore.Database.Command[20106]
      Initialized DbCommand for 'ExecuteReader' (0ms).
dbug: Microsoft.EntityFrameworkCore.Database.Command[20100]
      Executing DbCommand [Parameters=[], CommandType='Text', CommandTimeout='30']
      SELECT e."Id", e."Description", e."DifficultyId", e."ExerciseWeightTypeId", e."ImageUrl", e."IsActive", e."IsUnilateral", e."KineticChainId", e."Name", e."VideoUrl"
      FROM "Exercises" AS e
info: Microsoft.EntityFrameworkCore.Database.Command[20101]
      Executed DbCommand (0ms) [Parameters=[], CommandType='Text', CommandTimeout='30']
      SELECT e."Id", e."Description", e."DifficultyId", e."ExerciseWeightTypeId", e."ImageUrl", e."IsActive", e."IsUnilateral", e."KineticChainId", e."Name", e."VideoUrl"
      FROM "Exercises" AS e
info: 7/12/2025 16:05:39.869 RelationalEventId.CommandExecuted[20101] (Microsoft.EntityFrameworkCore.Database.Command) 
      Executed DbCommand (0ms) [Parameters=[], CommandType='Text', CommandTimeout='30']
      SELECT e."Id", e."Description", e."DifficultyId", e."ExerciseWeightTypeId", e."ImageUrl", e."IsActive", e."IsUnilateral", e."KineticChainId", e."Name", e."VideoUrl"
      FROM "Exercises" AS e
dbug: Microsoft.EntityFrameworkCore.Database.Command[20301]
      Closing data reader to 'bddtestdb' on server 'tcp://127.0.0.1:33493'.
dbug: Microsoft.EntityFrameworkCore.Database.Command[20300]
      A data reader for 'bddtestdb' on server 'tcp://127.0.0.1:33493' is being disposed after spending 0ms reading results.
dbug: Microsoft.EntityFrameworkCore.Database.Command[20103]
      Creating DbCommand for 'ExecuteScalar'.
dbug: Microsoft.EntityFrameworkCore.Database.Command[20104]
      Created DbCommand for 'ExecuteScalar' (0ms).
dbug: Microsoft.EntityFrameworkCore.Database.Command[20106]
      Initialized DbCommand for 'ExecuteScalar' (0ms).
dbug: Microsoft.EntityFrameworkCore.Database.Command[20100]
      Executing DbCommand [Parameters=[], CommandType='Text', CommandTimeout='30']
      SELECT CASE WHEN COUNT(*) = 0 THEN FALSE ELSE TRUE END
      FROM pg_class AS cls
      JOIN pg_namespace AS ns ON ns.oid = cls.relnamespace
      WHERE
              cls.relkind IN ('r', 'v', 'm', 'f', 'p') AND
              ns.nspname NOT IN ('pg_catalog', 'information_schema') AND
              -- Exclude tables which are members of PG extensions
              NOT EXISTS (
                  SELECT 1 FROM pg_depend WHERE
                      classid=(
                          SELECT cls.oid
                          FROM pg_class AS cls
                                   JOIN pg_namespace AS ns ON ns.oid = cls.relnamespace
                          WHERE relname='pg_class' AND ns.nspname='pg_catalog'
                      ) AND
                      objid=cls.oid AND
                      deptype IN ('e', 'x')
              )
info: Microsoft.EntityFrameworkCore.Database.Command[20101]
      Executed DbCommand (1ms) [Parameters=[], CommandType='Text', CommandTimeout='30']
      SELECT CASE WHEN COUNT(*) = 0 THEN FALSE ELSE TRUE END
      FROM pg_class AS cls
      JOIN pg_namespace AS ns ON ns.oid = cls.relnamespace
      WHERE
              cls.relkind IN ('r', 'v', 'm', 'f', 'p') AND
              ns.nspname NOT IN ('pg_catalog', 'information_schema') AND
              -- Exclude tables which are members of PG extensions
              NOT EXISTS (
                  SELECT 1 FROM pg_depend WHERE
                      classid=(
                          SELECT cls.oid
                          FROM pg_class AS cls
                                   JOIN pg_namespace AS ns ON ns.oid = cls.relnamespace
                          WHERE relname='pg_class' AND ns.nspname='pg_catalog'
                      ) AND
                      objid=cls.oid AND
                      deptype IN ('e', 'x')
              )
info: 7/12/2025 16:05:39.875 RelationalEventId.CommandExecuted[20101] (Microsoft.EntityFrameworkCore.Database.Command) 
      Executed DbCommand (1ms) [Parameters=[], CommandType='Text', CommandTimeout='30']
      SELECT CASE WHEN COUNT(*) = 0 THEN FALSE ELSE TRUE END
      FROM pg_class AS cls
      JOIN pg_namespace AS ns ON ns.oid = cls.relnamespace
      WHERE
              cls.relkind IN ('r', 'v', 'm', 'f', 'p') AND
              ns.nspname NOT IN ('pg_catalog', 'information_schema') AND
              -- Exclude tables which are members of PG extensions
              NOT EXISTS (
                  SELECT 1 FROM pg_depend WHERE
                      classid=(
                          SELECT cls.oid
                          FROM pg_class AS cls
                                   JOIN pg_namespace AS ns ON ns.oid = cls.relnamespace
                          WHERE relname='pg_class' AND ns.nspname='pg_catalog'
                      ) AND
                      objid=cls.oid AND
                      deptype IN ('e', 'x')
              )
dbug: Microsoft.EntityFrameworkCore.Database.Command[20103]
      Creating DbCommand for 'ExecuteReader'.
dbug: Microsoft.EntityFrameworkCore.Database.Command[20104]
      Created DbCommand for 'ExecuteReader' (0ms).
dbug: Microsoft.EntityFrameworkCore.Database.Command[20106]
      Initialized DbCommand for 'ExecuteReader' (0ms).
dbug: Microsoft.EntityFrameworkCore.Database.Command[20100]
      Executing DbCommand [Parameters=[], CommandType='Text', CommandTimeout='30']
      SELECT EXISTS (
          SELECT 1
          FROM "BodyParts" AS b)
info: Microsoft.EntityFrameworkCore.Database.Command[20101]
      Executed DbCommand (0ms) [Parameters=[], CommandType='Text', CommandTimeout='30']
      SELECT EXISTS (
          SELECT 1
          FROM "BodyParts" AS b)
info: 7/12/2025 16:05:39.876 RelationalEventId.CommandExecuted[20101] (Microsoft.EntityFrameworkCore.Database.Command) 
      Executed DbCommand (0ms) [Parameters=[], CommandType='Text', CommandTimeout='30']
      SELECT EXISTS (
          SELECT 1
          FROM "BodyParts" AS b)
dbug: Microsoft.EntityFrameworkCore.Database.Command[20301]
      Closing data reader to 'bddtestdb' on server 'tcp://127.0.0.1:33493'.
dbug: Microsoft.EntityFrameworkCore.Database.Command[20300]
      A data reader for 'bddtestdb' on server 'tcp://127.0.0.1:33493' is being disposed after spending 0ms reading results.
[xUnit.net 00:00:04.47]       TechTalk.SpecFlow.MissingStepDefinitionException : No matching step definition found for one or more steps.
[xUnit.net 00:00:04.47]       Stack Trace:
[xUnit.net 00:00:04.47]            at TechTalk.SpecFlow.ErrorHandling.ErrorProvider.ThrowPendingError(ScenarioExecutionStatus testStatus, String message)
[xUnit.net 00:00:04.47]            at TechTalk.SpecFlow.Infrastructure.TestExecutionEngine.OnAfterLastStepAsync()
[xUnit.net 00:00:04.47]            at TechTalk.SpecFlow.TestRunner.CollectScenarioErrorsAsync()
[xUnit.net 00:00:04.47]         /home/esqueleto/myWork/GetFitterGetBigger/GetFitterGetBigger.API/GetFitterGetBigger.API.IntegrationTests/Features/ReferenceData/DifficultyLevels.feature.cs(74,0): at GetFitterGetBigger.API.IntegrationTests.Features.ReferenceData.DifficultyLevelsReferenceDataFeature.ScenarioCleanupAsync()
[xUnit.net 00:00:04.47]         /home/esqueleto/myWork/GetFitterGetBigger/GetFitterGetBigger.API/GetFitterGetBigger.API.IntegrationTests/Features/ReferenceData/DifficultyLevels.feature.cs(307,0): at GetFitterGetBigger.API.IntegrationTests.Features.ReferenceData.DifficultyLevelsReferenceDataFeature.GetDifficultyLevelByValueWithDifferentCasing(String casing, String[] exampleTags)
[xUnit.net 00:00:04.47]         --- End of stack trace from previous location ---
[xUnit.net 00:00:04.47]       Output:
[xUnit.net 00:00:04.47]         -&gt; Initialized HttpClient for scenario: Get difficulty level by value with different casing
[xUnit.net 00:00:04.47]         Given the database is empty
[xUnit.net 00:00:04.47]         -&gt; Executing step: Given the database is empty
[xUnit.net 00:00:04.47]         -&gt; done: DatabaseSteps.GivenTheDatabaseIsEmpty() (0.0s)
[xUnit.net 00:00:04.47]         -&gt; Step result: Passed
[xUnit.net 00:00:04.47]         And the database has reference data
[xUnit.net 00:00:04.47]         -&gt; Executing step: Given the database has reference data
[xUnit.net 00:00:04.47]         -&gt; done: DatabaseSteps.GivenTheDatabaseHasReferenceData() (0.0s)
[xUnit.net 00:00:04.47]         -&gt; Step result: Passed
[xUnit.net 00:00:04.47]         Given I send a GET request to "/api/ReferenceTables/DifficultyLevels"
[xUnit.net 00:00:04.47]         -&gt; Executing step: Given I send a GET request to "/api/ReferenceTables/DifficultyLevels"
[xUnit.net 00:00:04.47]         -&gt; done: RequestSteps.WhenISendARequestTo("GET", "/api/ReferenceTab...") (0.0s)
[xUnit.net 00:00:04.47]         -&gt; Step result: Passed
[xUnit.net 00:00:04.47]         And the response contains an item with value "Beginner"
[xUnit.net 00:00:04.47]         -&gt; No matching step definition found for the step. Use the following code to create one:
[xUnit.net 00:00:04.47]                 [Given("the response contains an item with value {string}")]&#xD;
[xUnit.net 00:00:04.47]                 public void GivenTheResponseContainsAnItemWithValue(string beginner0)&#xD;
[xUnit.net 00:00:04.47]                 {&#xD;
[xUnit.net 00:00:04.47]                     _scenarioContext.Pending();&#xD;
[xUnit.net 00:00:04.47]                 }&#xD;
[xUnit.net 00:00:04.47]         
[xUnit.net 00:00:04.47]         When I send a GET request to "/api/ReferenceTables/DifficultyLevels/ByValue/Beginner"
[xUnit.net 00:00:04.47]         -&gt; skipped because of previous errors
[xUnit.net 00:00:04.47]         Then the response status should be 200
[xUnit.net 00:00:04.47]         -&gt; skipped because of previous errors
[xUnit.net 00:00:04.47]         And the response should have property "value" with value "Beginner"
[xUnit.net 00:00:04.47]         -&gt; skipped because of previous errors
dbug: Microsoft.EntityFrameworkCore.Database.Command[20103]
      Creating DbCommand for 'ExecuteScalar'.
dbug: Microsoft.EntityFrameworkCore.Database.Command[20104]
      Created DbCommand for 'ExecuteScalar' (0ms).
dbug: Microsoft.EntityFrameworkCore.Database.Command[20106]
      Initialized DbCommand for 'ExecuteScalar' (0ms).
dbug: Microsoft.EntityFrameworkCore.Database.Command[20100]
      Executing DbCommand [Parameters=[], CommandType='Text', CommandTimeout='30']
      SELECT CASE WHEN COUNT(*) = 0 THEN FALSE ELSE TRUE END
      FROM pg_class AS cls
      JOIN pg_namespace AS ns ON ns.oid = cls.relnamespace
      WHERE
              cls.relkind IN ('r', 'v', 'm', 'f', 'p') AND
              ns.nspname NOT IN ('pg_catalog', 'information_schema') AND
              -- Exclude tables which are members of PG extensions
              NOT EXISTS (
                  SELECT 1 FROM pg_depend WHERE
                      classid=(
                          SELECT cls.oid
                          FROM pg_class AS cls
                                   JOIN pg_namespace AS ns ON ns.oid = cls.relnamespace
                          WHERE relname='pg_class' AND ns.nspname='pg_catalog'
                      ) AND
                      objid=cls.oid AND
                      deptype IN ('e', 'x')
              )
info: Microsoft.EntityFrameworkCore.Database.Command[20101]
      Executed DbCommand (1ms) [Parameters=[], CommandType='Text', CommandTimeout='30']
      SELECT CASE WHEN COUNT(*) = 0 THEN FALSE ELSE TRUE END
      FROM pg_class AS cls
      JOIN pg_namespace AS ns ON ns.oid = cls.relnamespace
      WHERE
              cls.relkind IN ('r', 'v', 'm', 'f', 'p') AND
              ns.nspname NOT IN ('pg_catalog', 'information_schema') AND
              -- Exclude tables which are members of PG extensions
              NOT EXISTS (
                  SELECT 1 FROM pg_depend WHERE
                      classid=(
                          SELECT cls.oid
                          FROM pg_class AS cls
                                   JOIN pg_namespace AS ns ON ns.oid = cls.relnamespace
                          WHERE relname='pg_class' AND ns.nspname='pg_catalog'
                      ) AND
                      objid=cls.oid AND
                      deptype IN ('e', 'x')
              )
info: 7/12/2025 16:05:39.881 RelationalEventId.CommandExecuted[20101] (Microsoft.EntityFrameworkCore.Database.Command) 
      Executed DbCommand (1ms) [Parameters=[], CommandType='Text', CommandTimeout='30']
      SELECT CASE WHEN COUNT(*) = 0 THEN FALSE ELSE TRUE END
      FROM pg_class AS cls
      JOIN pg_namespace AS ns ON ns.oid = cls.relnamespace
      WHERE
              cls.relkind IN ('r', 'v', 'm', 'f', 'p') AND
              ns.nspname NOT IN ('pg_catalog', 'information_schema') AND
              -- Exclude tables which are members of PG extensions
              NOT EXISTS (
                  SELECT 1 FROM pg_depend WHERE
                      classid=(
                          SELECT cls.oid
                          FROM pg_class AS cls
                                   JOIN pg_namespace AS ns ON ns.oid = cls.relnamespace
                          WHERE relname='pg_class' AND ns.nspname='pg_catalog'
                      ) AND
                      objid=cls.oid AND
                      deptype IN ('e', 'x')
              )
dbug: Microsoft.EntityFrameworkCore.Database.Command[20103]
      Creating DbCommand for 'ExecuteReader'.
dbug: Microsoft.EntityFrameworkCore.Database.Command[20104]
      Created DbCommand for 'ExecuteReader' (0ms).
dbug: Microsoft.EntityFrameworkCore.Database.Command[20106]
      Initialized DbCommand for 'ExecuteReader' (0ms).
dbug: Microsoft.EntityFrameworkCore.Database.Command[20100]
      Executing DbCommand [Parameters=[], CommandType='Text', CommandTimeout='30']
      SELECT EXISTS (
          SELECT 1
          FROM "BodyParts" AS b)
info: Microsoft.EntityFrameworkCore.Database.Command[20101]
      Executed DbCommand (0ms) [Parameters=[], CommandType='Text', CommandTimeout='30']
      SELECT EXISTS (
          SELECT 1
          FROM "BodyParts" AS b)
info: 7/12/2025 16:05:39.881 RelationalEventId.CommandExecuted[20101] (Microsoft.EntityFrameworkCore.Database.Command) 
      Executed DbCommand (0ms) [Parameters=[], CommandType='Text', CommandTimeout='30']
      SELECT EXISTS (
          SELECT 1
          FROM "BodyParts" AS b)
dbug: Microsoft.EntityFrameworkCore.Database.Command[20301]
      Closing data reader to 'bddtestdb' on server 'tcp://127.0.0.1:33493'.
dbug: Microsoft.EntityFrameworkCore.Database.Command[20300]
      A data reader for 'bddtestdb' on server 'tcp://127.0.0.1:33493' is being disposed after spending 0ms reading results.
dbug: Microsoft.EntityFrameworkCore.Database.Command[20103]
      Creating DbCommand for 'ExecuteReader'.
dbug: Microsoft.EntityFrameworkCore.Database.Command[20104]
      Created DbCommand for 'ExecuteReader' (0ms).
dbug: Microsoft.EntityFrameworkCore.Database.Command[20106]
      Initialized DbCommand for 'ExecuteReader' (0ms).
dbug: Microsoft.EntityFrameworkCore.Database.Command[20100]
      Executing DbCommand [Parameters=[], CommandType='Text', CommandTimeout='30']
      SELECT e."Id", e."CreatedAt", e."DisplayOrder", e."IsActive", e."LinkType", e."SourceExerciseId", e."TargetExerciseId", e."UpdatedAt"
      FROM "ExerciseLinks" AS e
info: Microsoft.EntityFrameworkCore.Database.Command[20101]
      Executed DbCommand (0ms) [Parameters=[], CommandType='Text', CommandTimeout='30']
      SELECT e."Id", e."CreatedAt", e."DisplayOrder", e."IsActive", e."LinkType", e."SourceExerciseId", e."TargetExerciseId", e."UpdatedAt"
      FROM "ExerciseLinks" AS e
info: 7/12/2025 16:05:39.884 RelationalEventId.CommandExecuted[20101] (Microsoft.EntityFrameworkCore.Database.Command) 
      Executed DbCommand (0ms) [Parameters=[], CommandType='Text', CommandTimeout='30']
      SELECT e."Id", e."CreatedAt", e."DisplayOrder", e."IsActive", e."LinkType", e."SourceExerciseId", e."TargetExerciseId", e."UpdatedAt"
      FROM "ExerciseLinks" AS e
dbug: Microsoft.EntityFrameworkCore.Database.Command[20301]
      Closing data reader to 'bddtestdb' on server 'tcp://127.0.0.1:33493'.
dbug: Microsoft.EntityFrameworkCore.Database.Command[20300]
      A data reader for 'bddtestdb' on server 'tcp://127.0.0.1:33493' is being disposed after spending 0ms reading results.
dbug: Microsoft.EntityFrameworkCore.Database.Command[20103]
      Creating DbCommand for 'ExecuteReader'.
dbug: Microsoft.EntityFrameworkCore.Database.Command[20104]
      Created DbCommand for 'ExecuteReader' (0ms).
dbug: Microsoft.EntityFrameworkCore.Database.Command[20106]
      Initialized DbCommand for 'ExecuteReader' (0ms).
dbug: Microsoft.EntityFrameworkCore.Database.Command[20100]
      Executing DbCommand [Parameters=[], CommandType='Text', CommandTimeout='30']
      SELECT e."Id", e."Description", e."DifficultyId", e."ExerciseWeightTypeId", e."ImageUrl", e."IsActive", e."IsUnilateral", e."KineticChainId", e."Name", e."VideoUrl"
      FROM "Exercises" AS e
info: Microsoft.EntityFrameworkCore.Database.Command[20101]
      Executed DbCommand (0ms) [Parameters=[], CommandType='Text', CommandTimeout='30']
      SELECT e."Id", e."Description", e."DifficultyId", e."ExerciseWeightTypeId", e."ImageUrl", e."IsActive", e."IsUnilateral", e."KineticChainId", e."Name", e."VideoUrl"
      FROM "Exercises" AS e
info: 7/12/2025 16:05:39.884 RelationalEventId.CommandExecuted[20101] (Microsoft.EntityFrameworkCore.Database.Command) 
      Executed DbCommand (0ms) [Parameters=[], CommandType='Text', CommandTimeout='30']
      SELECT e."Id", e."Description", e."DifficultyId", e."ExerciseWeightTypeId", e."ImageUrl", e."IsActive", e."IsUnilateral", e."KineticChainId", e."Name", e."VideoUrl"
      FROM "Exercises" AS e
dbug: Microsoft.EntityFrameworkCore.Database.Command[20301]
      Closing data reader to 'bddtestdb' on server 'tcp://127.0.0.1:33493'.
dbug: Microsoft.EntityFrameworkCore.Database.Command[20300]
      A data reader for 'bddtestdb' on server 'tcp://127.0.0.1:33493' is being disposed after spending 0ms reading results.
dbug: Microsoft.EntityFrameworkCore.Database.Command[20103]
      Creating DbCommand for 'ExecuteScalar'.
dbug: Microsoft.EntityFrameworkCore.Database.Command[20104]
      Created DbCommand for 'ExecuteScalar' (0ms).
dbug: Microsoft.EntityFrameworkCore.Database.Command[20106]
      Initialized DbCommand for 'ExecuteScalar' (0ms).
dbug: Microsoft.EntityFrameworkCore.Database.Command[20100]
      Executing DbCommand [Parameters=[], CommandType='Text', CommandTimeout='30']
      SELECT CASE WHEN COUNT(*) = 0 THEN FALSE ELSE TRUE END
      FROM pg_class AS cls
      JOIN pg_namespace AS ns ON ns.oid = cls.relnamespace
      WHERE
              cls.relkind IN ('r', 'v', 'm', 'f', 'p') AND
              ns.nspname NOT IN ('pg_catalog', 'information_schema') AND
              -- Exclude tables which are members of PG extensions
              NOT EXISTS (
                  SELECT 1 FROM pg_depend WHERE
                      classid=(
                          SELECT cls.oid
                          FROM pg_class AS cls
                                   JOIN pg_namespace AS ns ON ns.oid = cls.relnamespace
                          WHERE relname='pg_class' AND ns.nspname='pg_catalog'
                      ) AND
                      objid=cls.oid AND
                      deptype IN ('e', 'x')
              )
info: Microsoft.EntityFrameworkCore.Database.Command[20101]
      Executed DbCommand (1ms) [Parameters=[], CommandType='Text', CommandTimeout='30']
      SELECT CASE WHEN COUNT(*) = 0 THEN FALSE ELSE TRUE END
      FROM pg_class AS cls
      JOIN pg_namespace AS ns ON ns.oid = cls.relnamespace
      WHERE
              cls.relkind IN ('r', 'v', 'm', 'f', 'p') AND
              ns.nspname NOT IN ('pg_catalog', 'information_schema') AND
              -- Exclude tables which are members of PG extensions
              NOT EXISTS (
                  SELECT 1 FROM pg_depend WHERE
                      classid=(
                          SELECT cls.oid
                          FROM pg_class AS cls
                                   JOIN pg_namespace AS ns ON ns.oid = cls.relnamespace
                          WHERE relname='pg_class' AND ns.nspname='pg_catalog'
                      ) AND
                      objid=cls.oid AND
                      deptype IN ('e', 'x')
              )
info: 7/12/2025 16:05:39.889 RelationalEventId.CommandExecuted[20101] (Microsoft.EntityFrameworkCore.Database.Command) 
      Executed DbCommand (1ms) [Parameters=[], CommandType='Text', CommandTimeout='30']
      SELECT CASE WHEN COUNT(*) = 0 THEN FALSE ELSE TRUE END
      FROM pg_class AS cls
      JOIN pg_namespace AS ns ON ns.oid = cls.relnamespace
      WHERE
              cls.relkind IN ('r', 'v', 'm', 'f', 'p') AND
              ns.nspname NOT IN ('pg_catalog', 'information_schema') AND
              -- Exclude tables which are members of PG extensions
              NOT EXISTS (
                  SELECT 1 FROM pg_depend WHERE
                      classid=(
                          SELECT cls.oid
                          FROM pg_class AS cls
                                   JOIN pg_namespace AS ns ON ns.oid = cls.relnamespace
                          WHERE relname='pg_class' AND ns.nspname='pg_catalog'
                      ) AND
                      objid=cls.oid AND
                      deptype IN ('e', 'x')
              )
dbug: Microsoft.EntityFrameworkCore.Database.Command[20103]
      Creating DbCommand for 'ExecuteReader'.
dbug: Microsoft.EntityFrameworkCore.Database.Command[20104]
      Created DbCommand for 'ExecuteReader' (0ms).
dbug: Microsoft.EntityFrameworkCore.Database.Command[20106]
      Initialized DbCommand for 'ExecuteReader' (0ms).
dbug: Microsoft.EntityFrameworkCore.Database.Command[20100]
      Executing DbCommand [Parameters=[], CommandType='Text', CommandTimeout='30']
      SELECT EXISTS (
          SELECT 1
          FROM "BodyParts" AS b)
info: Microsoft.EntityFrameworkCore.Database.Command[20101]
      Executed DbCommand (0ms) [Parameters=[], CommandType='Text', CommandTimeout='30']
      SELECT EXISTS (
          SELECT 1
          FROM "BodyParts" AS b)
info: 7/12/2025 16:05:39.889 RelationalEventId.CommandExecuted[20101] (Microsoft.EntityFrameworkCore.Database.Command) 
      Executed DbCommand (0ms) [Parameters=[], CommandType='Text', CommandTimeout='30']
      SELECT EXISTS (
          SELECT 1
          FROM "BodyParts" AS b)
dbug: Microsoft.EntityFrameworkCore.Database.Command[20301]
      Closing data reader to 'bddtestdb' on server 'tcp://127.0.0.1:33493'.
dbug: Microsoft.EntityFrameworkCore.Database.Command[20300]
      A data reader for 'bddtestdb' on server 'tcp://127.0.0.1:33493' is being disposed after spending 0ms reading results.
dbug: Microsoft.EntityFrameworkCore.Database.Command[20103]
      Creating DbCommand for 'ExecuteReader'.
dbug: Microsoft.EntityFrameworkCore.Database.Command[20104]
      Created DbCommand for 'ExecuteReader' (0ms).
dbug: Microsoft.EntityFrameworkCore.Database.Command[20106]
      Initialized DbCommand for 'ExecuteReader' (0ms).
dbug: Microsoft.EntityFrameworkCore.Database.Command[20100]
      Executing DbCommand [Parameters=[], CommandType='Text', CommandTimeout='30']
      SELECT e."Id", e."CreatedAt", e."DisplayOrder", e."IsActive", e."LinkType", e."SourceExerciseId", e."TargetExerciseId", e."UpdatedAt"
      FROM "ExerciseLinks" AS e
info: Microsoft.EntityFrameworkCore.Database.Command[20101]
      Executed DbCommand (0ms) [Parameters=[], CommandType='Text', CommandTimeout='30']
      SELECT e."Id", e."CreatedAt", e."DisplayOrder", e."IsActive", e."LinkType", e."SourceExerciseId", e."TargetExerciseId", e."UpdatedAt"
      FROM "ExerciseLinks" AS e
info: 7/12/2025 16:05:39.908 RelationalEventId.CommandExecuted[20101] (Microsoft.EntityFrameworkCore.Database.Command) 
      Executed DbCommand (0ms) [Parameters=[], CommandType='Text', CommandTimeout='30']
      SELECT e."Id", e."CreatedAt", e."DisplayOrder", e."IsActive", e."LinkType", e."SourceExerciseId", e."TargetExerciseId", e."UpdatedAt"
      FROM "ExerciseLinks" AS e
dbug: Microsoft.EntityFrameworkCore.Database.Command[20301]
      Closing data reader to 'bddtestdb' on server 'tcp://127.0.0.1:33493'.
dbug: Microsoft.EntityFrameworkCore.Database.Command[20300]
      A data reader for 'bddtestdb' on server 'tcp://127.0.0.1:33493' is being disposed after spending 0ms reading results.
dbug: Microsoft.EntityFrameworkCore.Database.Command[20103]
      Creating DbCommand for 'ExecuteReader'.
dbug: Microsoft.EntityFrameworkCore.Database.Command[20104]
      Created DbCommand for 'ExecuteReader' (0ms).
dbug: Microsoft.EntityFrameworkCore.Database.Command[20106]
      Initialized DbCommand for 'ExecuteReader' (0ms).
dbug: Microsoft.EntityFrameworkCore.Database.Command[20100]
      Executing DbCommand [Parameters=[], CommandType='Text', CommandTimeout='30']
      SELECT e."Id", e."Description", e."DifficultyId", e."ExerciseWeightTypeId", e."ImageUrl", e."IsActive", e."IsUnilateral", e."KineticChainId", e."Name", e."VideoUrl"
      FROM "Exercises" AS e
info: Microsoft.EntityFrameworkCore.Database.Command[20101]
      Executed DbCommand (0ms) [Parameters=[], CommandType='Text', CommandTimeout='30']
      SELECT e."Id", e."Description", e."DifficultyId", e."ExerciseWeightTypeId", e."ImageUrl", e."IsActive", e."IsUnilateral", e."KineticChainId", e."Name", e."VideoUrl"
      FROM "Exercises" AS e
info: 7/12/2025 16:05:39.908 RelationalEventId.CommandExecuted[20101] (Microsoft.EntityFrameworkCore.Database.Command) 
      Executed DbCommand (0ms) [Parameters=[], CommandType='Text', CommandTimeout='30']
      SELECT e."Id", e."Description", e."DifficultyId", e."ExerciseWeightTypeId", e."ImageUrl", e."IsActive", e."IsUnilateral", e."KineticChainId", e."Name", e."VideoUrl"
      FROM "Exercises" AS e
dbug: Microsoft.EntityFrameworkCore.Database.Command[20301]
      Closing data reader to 'bddtestdb' on server 'tcp://127.0.0.1:33493'.
dbug: Microsoft.EntityFrameworkCore.Database.Command[20300]
      A data reader for 'bddtestdb' on server 'tcp://127.0.0.1:33493' is being disposed after spending 0ms reading results.
dbug: Microsoft.EntityFrameworkCore.Database.Command[20103]
      Creating DbCommand for 'ExecuteReader'.
dbug: Microsoft.EntityFrameworkCore.Database.Command[20104]
      Created DbCommand for 'ExecuteReader' (0ms).
dbug: Microsoft.EntityFrameworkCore.Database.Command[20106]
      Initialized DbCommand for 'ExecuteReader' (0ms).
dbug: Microsoft.EntityFrameworkCore.Database.Command[20100]
      Executing DbCommand [Parameters=[], CommandType='Text', CommandTimeout='30']
      SELECT e."Id", e."CreatedAt", e."DisplayOrder", e."IsActive", e."LinkType", e."SourceExerciseId", e."TargetExerciseId", e."UpdatedAt"
      FROM "ExerciseLinks" AS e
info: Microsoft.EntityFrameworkCore.Database.Command[20101]
      Executed DbCommand (0ms) [Parameters=[], CommandType='Text', CommandTimeout='30']
      SELECT e."Id", e."CreatedAt", e."DisplayOrder", e."IsActive", e."LinkType", e."SourceExerciseId", e."TargetExerciseId", e."UpdatedAt"
      FROM "ExerciseLinks" AS e
info: 7/12/2025 16:05:39.909 RelationalEventId.CommandExecuted[20101] (Microsoft.EntityFrameworkCore.Database.Command) 
      Executed DbCommand (0ms) [Parameters=[], CommandType='Text', CommandTimeout='30']
      SELECT e."Id", e."CreatedAt", e."DisplayOrder", e."IsActive", e."LinkType", e."SourceExerciseId", e."TargetExerciseId", e."UpdatedAt"
      FROM "ExerciseLinks" AS e
dbug: Microsoft.EntityFrameworkCore.Database.Command[20301]
      Closing data reader to 'bddtestdb' on server 'tcp://127.0.0.1:33493'.
dbug: Microsoft.EntityFrameworkCore.Database.Command[20300]
      A data reader for 'bddtestdb' on server 'tcp://127.0.0.1:33493' is being disposed after spending 0ms reading results.
dbug: Microsoft.EntityFrameworkCore.Database.Command[20103]
      Creating DbCommand for 'ExecuteReader'.
dbug: Microsoft.EntityFrameworkCore.Database.Command[20104]
      Created DbCommand for 'ExecuteReader' (0ms).
dbug: Microsoft.EntityFrameworkCore.Database.Command[20106]
      Initialized DbCommand for 'ExecuteReader' (0ms).
dbug: Microsoft.EntityFrameworkCore.Database.Command[20100]
      Executing DbCommand [Parameters=[], CommandType='Text', CommandTimeout='30']
      SELECT e."Id", e."Description", e."DifficultyId", e."ExerciseWeightTypeId", e."ImageUrl", e."IsActive", e."IsUnilateral", e."KineticChainId", e."Name", e."VideoUrl"
      FROM "Exercises" AS e
info: Microsoft.EntityFrameworkCore.Database.Command[20101]
      Executed DbCommand (0ms) [Parameters=[], CommandType='Text', CommandTimeout='30']
      SELECT e."Id", e."Description", e."DifficultyId", e."ExerciseWeightTypeId", e."ImageUrl", e."IsActive", e."IsUnilateral", e."KineticChainId", e."Name", e."VideoUrl"
      FROM "Exercises" AS e
info: 7/12/2025 16:05:39.909 RelationalEventId.CommandExecuted[20101] (Microsoft.EntityFrameworkCore.Database.Command) 
      Executed DbCommand (0ms) [Parameters=[], CommandType='Text', CommandTimeout='30']
      SELECT e."Id", e."Description", e."DifficultyId", e."ExerciseWeightTypeId", e."ImageUrl", e."IsActive", e."IsUnilateral", e."KineticChainId", e."Name", e."VideoUrl"
      FROM "Exercises" AS e
dbug: Microsoft.EntityFrameworkCore.Database.Command[20301]
      Closing data reader to 'bddtestdb' on server 'tcp://127.0.0.1:33493'.
dbug: Microsoft.EntityFrameworkCore.Database.Command[20300]
      A data reader for 'bddtestdb' on server 'tcp://127.0.0.1:33493' is being disposed after spending 0ms reading results.
dbug: Microsoft.EntityFrameworkCore.Database.Command[20103]
      Creating DbCommand for 'ExecuteScalar'.
dbug: Microsoft.EntityFrameworkCore.Database.Command[20104]
      Created DbCommand for 'ExecuteScalar' (0ms).
dbug: Microsoft.EntityFrameworkCore.Database.Command[20106]
      Initialized DbCommand for 'ExecuteScalar' (0ms).
dbug: Microsoft.EntityFrameworkCore.Database.Command[20100]
      Executing DbCommand [Parameters=[], CommandType='Text', CommandTimeout='30']
      SELECT CASE WHEN COUNT(*) = 0 THEN FALSE ELSE TRUE END
      FROM pg_class AS cls
      JOIN pg_namespace AS ns ON ns.oid = cls.relnamespace
      WHERE
              cls.relkind IN ('r', 'v', 'm', 'f', 'p') AND
              ns.nspname NOT IN ('pg_catalog', 'information_schema') AND
              -- Exclude tables which are members of PG extensions
              NOT EXISTS (
                  SELECT 1 FROM pg_depend WHERE
                      classid=(
                          SELECT cls.oid
                          FROM pg_class AS cls
                                   JOIN pg_namespace AS ns ON ns.oid = cls.relnamespace
                          WHERE relname='pg_class' AND ns.nspname='pg_catalog'
                      ) AND
                      objid=cls.oid AND
                      deptype IN ('e', 'x')
              )
info: Microsoft.EntityFrameworkCore.Database.Command[20101]
      Executed DbCommand (1ms) [Parameters=[], CommandType='Text', CommandTimeout='30']
      SELECT CASE WHEN COUNT(*) = 0 THEN FALSE ELSE TRUE END
      FROM pg_class AS cls
      JOIN pg_namespace AS ns ON ns.oid = cls.relnamespace
      WHERE
              cls.relkind IN ('r', 'v', 'm', 'f', 'p') AND
              ns.nspname NOT IN ('pg_catalog', 'information_schema') AND
              -- Exclude tables which are members of PG extensions
              NOT EXISTS (
                  SELECT 1 FROM pg_depend WHERE
                      classid=(
                          SELECT cls.oid
                          FROM pg_class AS cls
                                   JOIN pg_namespace AS ns ON ns.oid = cls.relnamespace
                          WHERE relname='pg_class' AND ns.nspname='pg_catalog'
                      ) AND
                      objid=cls.oid AND
                      deptype IN ('e', 'x')
              )
info: 7/12/2025 16:05:39.913 RelationalEventId.CommandExecuted[20101] (Microsoft.EntityFrameworkCore.Database.Command) 
      Executed DbCommand (1ms) [Parameters=[], CommandType='Text', CommandTimeout='30']
      SELECT CASE WHEN COUNT(*) = 0 THEN FALSE ELSE TRUE END
      FROM pg_class AS cls
      JOIN pg_namespace AS ns ON ns.oid = cls.relnamespace
      WHERE
              cls.relkind IN ('r', 'v', 'm', 'f', 'p') AND
              ns.nspname NOT IN ('pg_catalog', 'information_schema') AND
              -- Exclude tables which are members of PG extensions
              NOT EXISTS (
                  SELECT 1 FROM pg_depend WHERE
                      classid=(
                          SELECT cls.oid
                          FROM pg_class AS cls
                                   JOIN pg_namespace AS ns ON ns.oid = cls.relnamespace
                          WHERE relname='pg_class' AND ns.nspname='pg_catalog'
                      ) AND
                      objid=cls.oid AND
                      deptype IN ('e', 'x')
              )
dbug: Microsoft.EntityFrameworkCore.Database.Command[20103]
      Creating DbCommand for 'ExecuteReader'.
dbug: Microsoft.EntityFrameworkCore.Database.Command[20104]
      Created DbCommand for 'ExecuteReader' (0ms).
dbug: Microsoft.EntityFrameworkCore.Database.Command[20106]
      Initialized DbCommand for 'ExecuteReader' (0ms).
dbug: Microsoft.EntityFrameworkCore.Database.Command[20100]
      Executing DbCommand [Parameters=[], CommandType='Text', CommandTimeout='30']
      SELECT EXISTS (
          SELECT 1
          FROM "BodyParts" AS b)
info: Microsoft.EntityFrameworkCore.Database.Command[20101]
      Executed DbCommand (0ms) [Parameters=[], CommandType='Text', CommandTimeout='30']
      SELECT EXISTS (
          SELECT 1
          FROM "BodyParts" AS b)
info: 7/12/2025 16:05:39.914 RelationalEventId.CommandExecuted[20101] (Microsoft.EntityFrameworkCore.Database.Command) 
      Executed DbCommand (0ms) [Parameters=[], CommandType='Text', CommandTimeout='30']
      SELECT EXISTS (
          SELECT 1
          FROM "BodyParts" AS b)
dbug: Microsoft.EntityFrameworkCore.Database.Command[20301]
      Closing data reader to 'bddtestdb' on server 'tcp://127.0.0.1:33493'.
dbug: Microsoft.EntityFrameworkCore.Database.Command[20300]
      A data reader for 'bddtestdb' on server 'tcp://127.0.0.1:33493' is being disposed after spending 0ms reading results.
[xUnit.net 00:00:04.51]       TechTalk.SpecFlow.MissingStepDefinitionException : No matching step definition found for one or more steps.
[xUnit.net 00:00:04.51]       Stack Trace:
[xUnit.net 00:00:04.51]            at TechTalk.SpecFlow.ErrorHandling.ErrorProvider.ThrowPendingError(ScenarioExecutionStatus testStatus, String message)
[xUnit.net 00:00:04.51]            at TechTalk.SpecFlow.Infrastructure.TestExecutionEngine.OnAfterLastStepAsync()
[xUnit.net 00:00:04.51]            at TechTalk.SpecFlow.TestRunner.CollectScenarioErrorsAsync()
[xUnit.net 00:00:04.51]         /home/esqueleto/myWork/GetFitterGetBigger/GetFitterGetBigger.API/GetFitterGetBigger.API.IntegrationTests/Features/ReferenceData/DifficultyLevels.feature.cs(74,0): at GetFitterGetBigger.API.IntegrationTests.Features.ReferenceData.DifficultyLevelsReferenceDataFeature.ScenarioCleanupAsync()
[xUnit.net 00:00:04.51]         /home/esqueleto/myWork/GetFitterGetBigger/GetFitterGetBigger.API/GetFitterGetBigger.API.IntegrationTests/Features/ReferenceData/DifficultyLevels.feature.cs(239,0): at GetFitterGetBigger.API.IntegrationTests.Features.ReferenceData.DifficultyLevelsReferenceDataFeature.GetDifficultyLevelByValidValue()
[xUnit.net 00:00:04.51]         --- End of stack trace from previous location ---
[xUnit.net 00:00:04.51]       Output:
[xUnit.net 00:00:04.51]         -&gt; Initialized HttpClient for scenario: Get difficulty level by valid value
[xUnit.net 00:00:04.51]         Given the database is empty
[xUnit.net 00:00:04.51]         -&gt; Executing step: Given the database is empty
[xUnit.net 00:00:04.51]         -&gt; done: DatabaseSteps.GivenTheDatabaseIsEmpty() (0.0s)
[xUnit.net 00:00:04.51]         -&gt; Step result: Passed
[xUnit.net 00:00:04.51]         And the database has reference data
[xUnit.net 00:00:04.51]         -&gt; Executing step: Given the database has reference data
[xUnit.net 00:00:04.51]         -&gt; done: DatabaseSteps.GivenTheDatabaseHasReferenceData() (0.0s)
[xUnit.net 00:00:04.51]         -&gt; Step result: Passed
[xUnit.net 00:00:04.51]         Given I send a GET request to "/api/ReferenceTables/DifficultyLevels"
[xUnit.net 00:00:04.51]         -&gt; Executing step: Given I send a GET request to "/api/ReferenceTables/DifficultyLevels"
[xUnit.net 00:00:04.51]         -&gt; done: RequestSteps.WhenISendARequestTo("GET", "/api/ReferenceTab...") (0.0s)
[xUnit.net 00:00:04.51]         -&gt; Step result: Passed
[xUnit.net 00:00:04.51]         And the response contains at least 1 item
[xUnit.net 00:00:04.51]         -&gt; No matching step definition found for the step. Use the following code to create one:
[xUnit.net 00:00:04.51]                 [Given("the response contains at least {int} item")]&#xD;
[xUnit.net 00:00:04.51]                 public void GivenTheResponseContainsAtLeastItem(int p0)&#xD;
[xUnit.net 00:00:04.51]                 {&#xD;
[xUnit.net 00:00:04.51]                     _scenarioContext.Pending();&#xD;
[xUnit.net 00:00:04.51]                 }&#xD;
[xUnit.net 00:00:04.51]         
[xUnit.net 00:00:04.51]         And I store the first item from the response as "firstDifficultyLevel"
[xUnit.net 00:00:04.51]         -&gt; No matching step definition found for the step. Use the following code to create one:
[xUnit.net 00:00:04.51]                 [Given("I store the first item from the response as {string}")]&#xD;
[xUnit.net 00:00:04.51]                 public void GivenIStoreTheFirstItemFromTheResponseAs(string firstDifficultyLevel0)&#xD;
[xUnit.net 00:00:04.51]                 {&#xD;
[xUnit.net 00:00:04.51]                     _scenarioContext.Pending();&#xD;
[xUnit.net 00:00:04.51]                 }&#xD;
[xUnit.net 00:00:04.51]         
[xUnit.net 00:00:04.51]         When I send a GET request to "/api/ReferenceTables/DifficultyLevels/ByValue/&lt;firstDifficultyLevel.Value&gt;"
[xUnit.net 00:00:04.51]         -&gt; skipped because of previous errors
[xUnit.net 00:00:04.51]         Then the response status should be 200
[xUnit.net 00:00:04.51]         -&gt; skipped because of previous errors
[xUnit.net 00:00:04.51]         And the response should have property "value" with value "&lt;firstDifficultyLevel.Value&gt;"
[xUnit.net 00:00:04.51]         -&gt; skipped because of previous errors
dbug: Microsoft.EntityFrameworkCore.Database.Command[20103]
      Creating DbCommand for 'ExecuteScalar'.
dbug: Microsoft.EntityFrameworkCore.Database.Command[20104]
      Created DbCommand for 'ExecuteScalar' (0ms).
dbug: Microsoft.EntityFrameworkCore.Database.Command[20106]
      Initialized DbCommand for 'ExecuteScalar' (0ms).
dbug: Microsoft.EntityFrameworkCore.Database.Command[20100]
      Executing DbCommand [Parameters=[], CommandType='Text', CommandTimeout='30']
      SELECT CASE WHEN COUNT(*) = 0 THEN FALSE ELSE TRUE END
      FROM pg_class AS cls
      JOIN pg_namespace AS ns ON ns.oid = cls.relnamespace
      WHERE
              cls.relkind IN ('r', 'v', 'm', 'f', 'p') AND
              ns.nspname NOT IN ('pg_catalog', 'information_schema') AND
              -- Exclude tables which are members of PG extensions
              NOT EXISTS (
                  SELECT 1 FROM pg_depend WHERE
                      classid=(
                          SELECT cls.oid
                          FROM pg_class AS cls
                                   JOIN pg_namespace AS ns ON ns.oid = cls.relnamespace
                          WHERE relname='pg_class' AND ns.nspname='pg_catalog'
                      ) AND
                      objid=cls.oid AND
                      deptype IN ('e', 'x')
              )
info: Microsoft.EntityFrameworkCore.Database.Command[20101]
      Executed DbCommand (1ms) [Parameters=[], CommandType='Text', CommandTimeout='30']
      SELECT CASE WHEN COUNT(*) = 0 THEN FALSE ELSE TRUE END
      FROM pg_class AS cls
      JOIN pg_namespace AS ns ON ns.oid = cls.relnamespace
      WHERE
              cls.relkind IN ('r', 'v', 'm', 'f', 'p') AND
              ns.nspname NOT IN ('pg_catalog', 'information_schema') AND
              -- Exclude tables which are members of PG extensions
              NOT EXISTS (
                  SELECT 1 FROM pg_depend WHERE
                      classid=(
                          SELECT cls.oid
                          FROM pg_class AS cls
                                   JOIN pg_namespace AS ns ON ns.oid = cls.relnamespace
                          WHERE relname='pg_class' AND ns.nspname='pg_catalog'
                      ) AND
                      objid=cls.oid AND
                      deptype IN ('e', 'x')
              )
info: 7/12/2025 16:05:39.920 RelationalEventId.CommandExecuted[20101] (Microsoft.EntityFrameworkCore.Database.Command) 
      Executed DbCommand (1ms) [Parameters=[], CommandType='Text', CommandTimeout='30']
      SELECT CASE WHEN COUNT(*) = 0 THEN FALSE ELSE TRUE END
      FROM pg_class AS cls
      JOIN pg_namespace AS ns ON ns.oid = cls.relnamespace
      WHERE
              cls.relkind IN ('r', 'v', 'm', 'f', 'p') AND
              ns.nspname NOT IN ('pg_catalog', 'information_schema') AND
              -- Exclude tables which are members of PG extensions
              NOT EXISTS (
                  SELECT 1 FROM pg_depend WHERE
                      classid=(
                          SELECT cls.oid
                          FROM pg_class AS cls
                                   JOIN pg_namespace AS ns ON ns.oid = cls.relnamespace
                          WHERE relname='pg_class' AND ns.nspname='pg_catalog'
                      ) AND
                      objid=cls.oid AND
                      deptype IN ('e', 'x')
              )
dbug: Microsoft.EntityFrameworkCore.Database.Command[20103]
      Creating DbCommand for 'ExecuteReader'.
dbug: Microsoft.EntityFrameworkCore.Database.Command[20104]
      Created DbCommand for 'ExecuteReader' (0ms).
dbug: Microsoft.EntityFrameworkCore.Database.Command[20106]
      Initialized DbCommand for 'ExecuteReader' (0ms).
dbug: Microsoft.EntityFrameworkCore.Database.Command[20100]
      Executing DbCommand [Parameters=[], CommandType='Text', CommandTimeout='30']
      SELECT EXISTS (
          SELECT 1
          FROM "BodyParts" AS b)
info: Microsoft.EntityFrameworkCore.Database.Command[20101]
      Executed DbCommand (0ms) [Parameters=[], CommandType='Text', CommandTimeout='30']
      SELECT EXISTS (
          SELECT 1
          FROM "BodyParts" AS b)
info: 7/12/2025 16:05:39.921 RelationalEventId.CommandExecuted[20101] (Microsoft.EntityFrameworkCore.Database.Command) 
      Executed DbCommand (0ms) [Parameters=[], CommandType='Text', CommandTimeout='30']
      SELECT EXISTS (
          SELECT 1
          FROM "BodyParts" AS b)
dbug: Microsoft.EntityFrameworkCore.Database.Command[20301]
      Closing data reader to 'bddtestdb' on server 'tcp://127.0.0.1:33493'.
dbug: Microsoft.EntityFrameworkCore.Database.Command[20300]
      A data reader for 'bddtestdb' on server 'tcp://127.0.0.1:33493' is being disposed after spending 0ms reading results.
dbug: Microsoft.EntityFrameworkCore.Database.Command[20103]
      Creating DbCommand for 'ExecuteReader'.
dbug: Microsoft.EntityFrameworkCore.Database.Command[20104]
      Created DbCommand for 'ExecuteReader' (0ms).
dbug: Microsoft.EntityFrameworkCore.Database.Command[20106]
      Initialized DbCommand for 'ExecuteReader' (0ms).
dbug: Microsoft.EntityFrameworkCore.Database.Command[20100]
      Executing DbCommand [Parameters=[], CommandType='Text', CommandTimeout='30']
      SELECT e."Id", e."CreatedAt", e."DisplayOrder", e."IsActive", e."LinkType", e."SourceExerciseId", e."TargetExerciseId", e."UpdatedAt"
      FROM "ExerciseLinks" AS e
info: Microsoft.EntityFrameworkCore.Database.Command[20101]
      Executed DbCommand (0ms) [Parameters=[], CommandType='Text', CommandTimeout='30']
      SELECT e."Id", e."CreatedAt", e."DisplayOrder", e."IsActive", e."LinkType", e."SourceExerciseId", e."TargetExerciseId", e."UpdatedAt"
      FROM "ExerciseLinks" AS e
info: 7/12/2025 16:05:39.923 RelationalEventId.CommandExecuted[20101] (Microsoft.EntityFrameworkCore.Database.Command) 
      Executed DbCommand (0ms) [Parameters=[], CommandType='Text', CommandTimeout='30']
      SELECT e."Id", e."CreatedAt", e."DisplayOrder", e."IsActive", e."LinkType", e."SourceExerciseId", e."TargetExerciseId", e."UpdatedAt"
      FROM "ExerciseLinks" AS e
dbug: Microsoft.EntityFrameworkCore.Database.Command[20301]
      Closing data reader to 'bddtestdb' on server 'tcp://127.0.0.1:33493'.
dbug: Microsoft.EntityFrameworkCore.Database.Command[20300]
      A data reader for 'bddtestdb' on server 'tcp://127.0.0.1:33493' is being disposed after spending 0ms reading results.
dbug: Microsoft.EntityFrameworkCore.Database.Command[20103]
      Creating DbCommand for 'ExecuteReader'.
dbug: Microsoft.EntityFrameworkCore.Database.Command[20104]
      Created DbCommand for 'ExecuteReader' (0ms).
dbug: Microsoft.EntityFrameworkCore.Database.Command[20106]
      Initialized DbCommand for 'ExecuteReader' (0ms).
dbug: Microsoft.EntityFrameworkCore.Database.Command[20100]
      Executing DbCommand [Parameters=[], CommandType='Text', CommandTimeout='30']
      SELECT e."Id", e."Description", e."DifficultyId", e."ExerciseWeightTypeId", e."ImageUrl", e."IsActive", e."IsUnilateral", e."KineticChainId", e."Name", e."VideoUrl"
      FROM "Exercises" AS e
info: Microsoft.EntityFrameworkCore.Database.Command[20101]
      Executed DbCommand (0ms) [Parameters=[], CommandType='Text', CommandTimeout='30']
      SELECT e."Id", e."Description", e."DifficultyId", e."ExerciseWeightTypeId", e."ImageUrl", e."IsActive", e."IsUnilateral", e."KineticChainId", e."Name", e."VideoUrl"
      FROM "Exercises" AS e
info: 7/12/2025 16:05:39.924 RelationalEventId.CommandExecuted[20101] (Microsoft.EntityFrameworkCore.Database.Command) 
      Executed DbCommand (0ms) [Parameters=[], CommandType='Text', CommandTimeout='30']
      SELECT e."Id", e."Description", e."DifficultyId", e."ExerciseWeightTypeId", e."ImageUrl", e."IsActive", e."IsUnilateral", e."KineticChainId", e."Name", e."VideoUrl"
      FROM "Exercises" AS e
dbug: Microsoft.EntityFrameworkCore.Database.Command[20301]
      Closing data reader to 'bddtestdb' on server 'tcp://127.0.0.1:33493'.
dbug: Microsoft.EntityFrameworkCore.Database.Command[20300]
      A data reader for 'bddtestdb' on server 'tcp://127.0.0.1:33493' is being disposed after spending 0ms reading results.
dbug: Microsoft.EntityFrameworkCore.Database.Command[20103]
      Creating DbCommand for 'ExecuteScalar'.
dbug: Microsoft.EntityFrameworkCore.Database.Command[20104]
      Created DbCommand for 'ExecuteScalar' (0ms).
dbug: Microsoft.EntityFrameworkCore.Database.Command[20106]
      Initialized DbCommand for 'ExecuteScalar' (0ms).
dbug: Microsoft.EntityFrameworkCore.Database.Command[20100]
      Executing DbCommand [Parameters=[], CommandType='Text', CommandTimeout='30']
      SELECT CASE WHEN COUNT(*) = 0 THEN FALSE ELSE TRUE END
      FROM pg_class AS cls
      JOIN pg_namespace AS ns ON ns.oid = cls.relnamespace
      WHERE
              cls.relkind IN ('r', 'v', 'm', 'f', 'p') AND
              ns.nspname NOT IN ('pg_catalog', 'information_schema') AND
              -- Exclude tables which are members of PG extensions
              NOT EXISTS (
                  SELECT 1 FROM pg_depend WHERE
                      classid=(
                          SELECT cls.oid
                          FROM pg_class AS cls
                                   JOIN pg_namespace AS ns ON ns.oid = cls.relnamespace
                          WHERE relname='pg_class' AND ns.nspname='pg_catalog'
                      ) AND
                      objid=cls.oid AND
                      deptype IN ('e', 'x')
              )
info: Microsoft.EntityFrameworkCore.Database.Command[20101]
      Executed DbCommand (1ms) [Parameters=[], CommandType='Text', CommandTimeout='30']
      SELECT CASE WHEN COUNT(*) = 0 THEN FALSE ELSE TRUE END
      FROM pg_class AS cls
      JOIN pg_namespace AS ns ON ns.oid = cls.relnamespace
      WHERE
              cls.relkind IN ('r', 'v', 'm', 'f', 'p') AND
              ns.nspname NOT IN ('pg_catalog', 'information_schema') AND
              -- Exclude tables which are members of PG extensions
              NOT EXISTS (
                  SELECT 1 FROM pg_depend WHERE
                      classid=(
                          SELECT cls.oid
                          FROM pg_class AS cls
                                   JOIN pg_namespace AS ns ON ns.oid = cls.relnamespace
                          WHERE relname='pg_class' AND ns.nspname='pg_catalog'
                      ) AND
                      objid=cls.oid AND
                      deptype IN ('e', 'x')
              )
info: 7/12/2025 16:05:39.930 RelationalEventId.CommandExecuted[20101] (Microsoft.EntityFrameworkCore.Database.Command) 
      Executed DbCommand (1ms) [Parameters=[], CommandType='Text', CommandTimeout='30']
      SELECT CASE WHEN COUNT(*) = 0 THEN FALSE ELSE TRUE END
      FROM pg_class AS cls
      JOIN pg_namespace AS ns ON ns.oid = cls.relnamespace
      WHERE
              cls.relkind IN ('r', 'v', 'm', 'f', 'p') AND
              ns.nspname NOT IN ('pg_catalog', 'information_schema') AND
              -- Exclude tables which are members of PG extensions
              NOT EXISTS (
                  SELECT 1 FROM pg_depend WHERE
                      classid=(
                          SELECT cls.oid
                          FROM pg_class AS cls
                                   JOIN pg_namespace AS ns ON ns.oid = cls.relnamespace
                          WHERE relname='pg_class' AND ns.nspname='pg_catalog'
                      ) AND
                      objid=cls.oid AND
                      deptype IN ('e', 'x')
              )
dbug: Microsoft.EntityFrameworkCore.Database.Command[20103]
      Creating DbCommand for 'ExecuteReader'.
dbug: Microsoft.EntityFrameworkCore.Database.Command[20104]
      Created DbCommand for 'ExecuteReader' (0ms).
dbug: Microsoft.EntityFrameworkCore.Database.Command[20106]
      Initialized DbCommand for 'ExecuteReader' (0ms).
dbug: Microsoft.EntityFrameworkCore.Database.Command[20100]
      Executing DbCommand [Parameters=[], CommandType='Text', CommandTimeout='30']
      SELECT EXISTS (
          SELECT 1
          FROM "BodyParts" AS b)
info: Microsoft.EntityFrameworkCore.Database.Command[20101]
      Executed DbCommand (0ms) [Parameters=[], CommandType='Text', CommandTimeout='30']
      SELECT EXISTS (
          SELECT 1
          FROM "BodyParts" AS b)
info: 7/12/2025 16:05:39.930 RelationalEventId.CommandExecuted[20101] (Microsoft.EntityFrameworkCore.Database.Command) 
      Executed DbCommand (0ms) [Parameters=[], CommandType='Text', CommandTimeout='30']
      SELECT EXISTS (
          SELECT 1
          FROM "BodyParts" AS b)
dbug: Microsoft.EntityFrameworkCore.Database.Command[20301]
      Closing data reader to 'bddtestdb' on server 'tcp://127.0.0.1:33493'.
dbug: Microsoft.EntityFrameworkCore.Database.Command[20300]
      A data reader for 'bddtestdb' on server 'tcp://127.0.0.1:33493' is being disposed after spending 0ms reading results.
dbug: Microsoft.EntityFrameworkCore.Database.Command[20103]
      Creating DbCommand for 'ExecuteReader'.
dbug: Microsoft.EntityFrameworkCore.Database.Command[20104]
      Created DbCommand for 'ExecuteReader' (0ms).
dbug: Microsoft.EntityFrameworkCore.Database.Command[20106]
      Initialized DbCommand for 'ExecuteReader' (0ms).
dbug: Microsoft.EntityFrameworkCore.Database.Command[20100]
      Executing DbCommand [Parameters=[@__ToLower_0='nonexistentdifficultylevel'], CommandType='Text', CommandTimeout='30']
      SELECT d."Id", d."Description", d."DisplayOrder", d."IsActive", d."Value"
      FROM "DifficultyLevels" AS d
      WHERE lower(d."Value") = @__ToLower_0 AND d."IsActive"
      LIMIT 1
info: Microsoft.EntityFrameworkCore.Database.Command[20101]
      Executed DbCommand (4ms) [Parameters=[@__ToLower_0='nonexistentdifficultylevel'], CommandType='Text', CommandTimeout='30']
      SELECT d."Id", d."Description", d."DisplayOrder", d."IsActive", d."Value"
      FROM "DifficultyLevels" AS d
      WHERE lower(d."Value") = @__ToLower_0 AND d."IsActive"
      LIMIT 1
info: 7/12/2025 16:05:39.973 RelationalEventId.CommandExecuted[20101] (Microsoft.EntityFrameworkCore.Database.Command) 
      Executed DbCommand (4ms) [Parameters=[@__ToLower_0='nonexistentdifficultylevel'], CommandType='Text', CommandTimeout='30']
      SELECT d."Id", d."Description", d."DisplayOrder", d."IsActive", d."Value"
      FROM "DifficultyLevels" AS d
      WHERE lower(d."Value") = @__ToLower_0 AND d."IsActive"
      LIMIT 1
dbug: Microsoft.EntityFrameworkCore.Database.Command[20301]
      Closing data reader to 'bddtestdb' on server 'tcp://127.0.0.1:33493'.
dbug: Microsoft.EntityFrameworkCore.Database.Command[20300]
      A data reader for 'bddtestdb' on server 'tcp://127.0.0.1:33493' is being disposed after spending 0ms reading results.
dbug: Microsoft.EntityFrameworkCore.Database.Command[20103]
      Creating DbCommand for 'ExecuteReader'.
dbug: Microsoft.EntityFrameworkCore.Database.Command[20104]
      Created DbCommand for 'ExecuteReader' (0ms).
dbug: Microsoft.EntityFrameworkCore.Database.Command[20106]
      Initialized DbCommand for 'ExecuteReader' (0ms).
dbug: Microsoft.EntityFrameworkCore.Database.Command[20100]
      Executing DbCommand [Parameters=[], CommandType='Text', CommandTimeout='30']
      SELECT e."Id", e."CreatedAt", e."DisplayOrder", e."IsActive", e."LinkType", e."SourceExerciseId", e."TargetExerciseId", e."UpdatedAt"
      FROM "ExerciseLinks" AS e
info: Microsoft.EntityFrameworkCore.Database.Command[20101]
      Executed DbCommand (0ms) [Parameters=[], CommandType='Text', CommandTimeout='30']
      SELECT e."Id", e."CreatedAt", e."DisplayOrder", e."IsActive", e."LinkType", e."SourceExerciseId", e."TargetExerciseId", e."UpdatedAt"
      FROM "ExerciseLinks" AS e
info: 7/12/2025 16:05:39.987 RelationalEventId.CommandExecuted[20101] (Microsoft.EntityFrameworkCore.Database.Command) 
      Executed DbCommand (0ms) [Parameters=[], CommandType='Text', CommandTimeout='30']
      SELECT e."Id", e."CreatedAt", e."DisplayOrder", e."IsActive", e."LinkType", e."SourceExerciseId", e."TargetExerciseId", e."UpdatedAt"
      FROM "ExerciseLinks" AS e
dbug: Microsoft.EntityFrameworkCore.Database.Command[20301]
      Closing data reader to 'bddtestdb' on server 'tcp://127.0.0.1:33493'.
dbug: Microsoft.EntityFrameworkCore.Database.Command[20300]
      A data reader for 'bddtestdb' on server 'tcp://127.0.0.1:33493' is being disposed after spending 0ms reading results.
dbug: Microsoft.EntityFrameworkCore.Database.Command[20103]
      Creating DbCommand for 'ExecuteReader'.
dbug: Microsoft.EntityFrameworkCore.Database.Command[20104]
      Created DbCommand for 'ExecuteReader' (0ms).
dbug: Microsoft.EntityFrameworkCore.Database.Command[20106]
      Initialized DbCommand for 'ExecuteReader' (0ms).
dbug: Microsoft.EntityFrameworkCore.Database.Command[20100]
      Executing DbCommand [Parameters=[], CommandType='Text', CommandTimeout='30']
      SELECT e."Id", e."Description", e."DifficultyId", e."ExerciseWeightTypeId", e."ImageUrl", e."IsActive", e."IsUnilateral", e."KineticChainId", e."Name", e."VideoUrl"
      FROM "Exercises" AS e
info: Microsoft.EntityFrameworkCore.Database.Command[20101]
      Executed DbCommand (0ms) [Parameters=[], CommandType='Text', CommandTimeout='30']
      SELECT e."Id", e."Description", e."DifficultyId", e."ExerciseWeightTypeId", e."ImageUrl", e."IsActive", e."IsUnilateral", e."KineticChainId", e."Name", e."VideoUrl"
      FROM "Exercises" AS e
info: 7/12/2025 16:05:39.988 RelationalEventId.CommandExecuted[20101] (Microsoft.EntityFrameworkCore.Database.Command) 
      Executed DbCommand (0ms) [Parameters=[], CommandType='Text', CommandTimeout='30']
      SELECT e."Id", e."Description", e."DifficultyId", e."ExerciseWeightTypeId", e."ImageUrl", e."IsActive", e."IsUnilateral", e."KineticChainId", e."Name", e."VideoUrl"
      FROM "Exercises" AS e
dbug: Microsoft.EntityFrameworkCore.Database.Command[20301]
      Closing data reader to 'bddtestdb' on server 'tcp://127.0.0.1:33493'.
dbug: Microsoft.EntityFrameworkCore.Database.Command[20300]
      A data reader for 'bddtestdb' on server 'tcp://127.0.0.1:33493' is being disposed after spending 0ms reading results.
dbug: Microsoft.EntityFrameworkCore.Database.Command[20103]
      Creating DbCommand for 'ExecuteReader'.
dbug: Microsoft.EntityFrameworkCore.Database.Command[20104]
      Created DbCommand for 'ExecuteReader' (0ms).
dbug: Microsoft.EntityFrameworkCore.Database.Command[20106]
      Initialized DbCommand for 'ExecuteReader' (0ms).
dbug: Microsoft.EntityFrameworkCore.Database.Command[20100]
      Executing DbCommand [Parameters=[], CommandType='Text', CommandTimeout='30']
      SELECT e."Id", e."CreatedAt", e."DisplayOrder", e."IsActive", e."LinkType", e."SourceExerciseId", e."TargetExerciseId", e."UpdatedAt"
      FROM "ExerciseLinks" AS e
info: Microsoft.EntityFrameworkCore.Database.Command[20101]
      Executed DbCommand (0ms) [Parameters=[], CommandType='Text', CommandTimeout='30']
      SELECT e."Id", e."CreatedAt", e."DisplayOrder", e."IsActive", e."LinkType", e."SourceExerciseId", e."TargetExerciseId", e."UpdatedAt"
      FROM "ExerciseLinks" AS e
info: 7/12/2025 16:05:39.988 RelationalEventId.CommandExecuted[20101] (Microsoft.EntityFrameworkCore.Database.Command) 
      Executed DbCommand (0ms) [Parameters=[], CommandType='Text', CommandTimeout='30']
      SELECT e."Id", e."CreatedAt", e."DisplayOrder", e."IsActive", e."LinkType", e."SourceExerciseId", e."TargetExerciseId", e."UpdatedAt"
      FROM "ExerciseLinks" AS e
dbug: Microsoft.EntityFrameworkCore.Database.Command[20301]
      Closing data reader to 'bddtestdb' on server 'tcp://127.0.0.1:33493'.
dbug: Microsoft.EntityFrameworkCore.Database.Command[20300]
      A data reader for 'bddtestdb' on server 'tcp://127.0.0.1:33493' is being disposed after spending 0ms reading results.
dbug: Microsoft.EntityFrameworkCore.Database.Command[20103]
      Creating DbCommand for 'ExecuteReader'.
dbug: Microsoft.EntityFrameworkCore.Database.Command[20104]
      Created DbCommand for 'ExecuteReader' (0ms).
dbug: Microsoft.EntityFrameworkCore.Database.Command[20106]
      Initialized DbCommand for 'ExecuteReader' (0ms).
dbug: Microsoft.EntityFrameworkCore.Database.Command[20100]
      Executing DbCommand [Parameters=[], CommandType='Text', CommandTimeout='30']
      SELECT e."Id", e."Description", e."DifficultyId", e."ExerciseWeightTypeId", e."ImageUrl", e."IsActive", e."IsUnilateral", e."KineticChainId", e."Name", e."VideoUrl"
      FROM "Exercises" AS e
info: Microsoft.EntityFrameworkCore.Database.Command[20101]
      Executed DbCommand (0ms) [Parameters=[], CommandType='Text', CommandTimeout='30']
      SELECT e."Id", e."Description", e."DifficultyId", e."ExerciseWeightTypeId", e."ImageUrl", e."IsActive", e."IsUnilateral", e."KineticChainId", e."Name", e."VideoUrl"
      FROM "Exercises" AS e
info: 7/12/2025 16:05:39.989 RelationalEventId.CommandExecuted[20101] (Microsoft.EntityFrameworkCore.Database.Command) 
      Executed DbCommand (0ms) [Parameters=[], CommandType='Text', CommandTimeout='30']
      SELECT e."Id", e."Description", e."DifficultyId", e."ExerciseWeightTypeId", e."ImageUrl", e."IsActive", e."IsUnilateral", e."KineticChainId", e."Name", e."VideoUrl"
      FROM "Exercises" AS e
dbug: Microsoft.EntityFrameworkCore.Database.Command[20301]
      Closing data reader to 'bddtestdb' on server 'tcp://127.0.0.1:33493'.
dbug: Microsoft.EntityFrameworkCore.Database.Command[20300]
      A data reader for 'bddtestdb' on server 'tcp://127.0.0.1:33493' is being disposed after spending 0ms reading results.
dbug: Microsoft.EntityFrameworkCore.Database.Command[20103]
      Creating DbCommand for 'ExecuteScalar'.
dbug: Microsoft.EntityFrameworkCore.Database.Command[20104]
      Created DbCommand for 'ExecuteScalar' (0ms).
dbug: Microsoft.EntityFrameworkCore.Database.Command[20106]
      Initialized DbCommand for 'ExecuteScalar' (0ms).
dbug: Microsoft.EntityFrameworkCore.Database.Command[20100]
      Executing DbCommand [Parameters=[], CommandType='Text', CommandTimeout='30']
      SELECT CASE WHEN COUNT(*) = 0 THEN FALSE ELSE TRUE END
      FROM pg_class AS cls
      JOIN pg_namespace AS ns ON ns.oid = cls.relnamespace
      WHERE
              cls.relkind IN ('r', 'v', 'm', 'f', 'p') AND
              ns.nspname NOT IN ('pg_catalog', 'information_schema') AND
              -- Exclude tables which are members of PG extensions
              NOT EXISTS (
                  SELECT 1 FROM pg_depend WHERE
                      classid=(
                          SELECT cls.oid
                          FROM pg_class AS cls
                                   JOIN pg_namespace AS ns ON ns.oid = cls.relnamespace
                          WHERE relname='pg_class' AND ns.nspname='pg_catalog'
                      ) AND
                      objid=cls.oid AND
                      deptype IN ('e', 'x')
              )
info: Microsoft.EntityFrameworkCore.Database.Command[20101]
      Executed DbCommand (1ms) [Parameters=[], CommandType='Text', CommandTimeout='30']
      SELECT CASE WHEN COUNT(*) = 0 THEN FALSE ELSE TRUE END
      FROM pg_class AS cls
      JOIN pg_namespace AS ns ON ns.oid = cls.relnamespace
      WHERE
              cls.relkind IN ('r', 'v', 'm', 'f', 'p') AND
              ns.nspname NOT IN ('pg_catalog', 'information_schema') AND
              -- Exclude tables which are members of PG extensions
              NOT EXISTS (
                  SELECT 1 FROM pg_depend WHERE
                      classid=(
                          SELECT cls.oid
                          FROM pg_class AS cls
                                   JOIN pg_namespace AS ns ON ns.oid = cls.relnamespace
                          WHERE relname='pg_class' AND ns.nspname='pg_catalog'
                      ) AND
                      objid=cls.oid AND
                      deptype IN ('e', 'x')
              )
info: 7/12/2025 16:05:39.993 RelationalEventId.CommandExecuted[20101] (Microsoft.EntityFrameworkCore.Database.Command) 
      Executed DbCommand (1ms) [Parameters=[], CommandType='Text', CommandTimeout='30']
      SELECT CASE WHEN COUNT(*) = 0 THEN FALSE ELSE TRUE END
      FROM pg_class AS cls
      JOIN pg_namespace AS ns ON ns.oid = cls.relnamespace
      WHERE
              cls.relkind IN ('r', 'v', 'm', 'f', 'p') AND
              ns.nspname NOT IN ('pg_catalog', 'information_schema') AND
              -- Exclude tables which are members of PG extensions
              NOT EXISTS (
                  SELECT 1 FROM pg_depend WHERE
                      classid=(
                          SELECT cls.oid
                          FROM pg_class AS cls
                                   JOIN pg_namespace AS ns ON ns.oid = cls.relnamespace
                          WHERE relname='pg_class' AND ns.nspname='pg_catalog'
                      ) AND
                      objid=cls.oid AND
                      deptype IN ('e', 'x')
              )
dbug: Microsoft.EntityFrameworkCore.Database.Command[20103]
      Creating DbCommand for 'ExecuteReader'.
dbug: Microsoft.EntityFrameworkCore.Database.Command[20104]
      Created DbCommand for 'ExecuteReader' (0ms).
dbug: Microsoft.EntityFrameworkCore.Database.Command[20106]
      Initialized DbCommand for 'ExecuteReader' (0ms).
dbug: Microsoft.EntityFrameworkCore.Database.Command[20100]
      Executing DbCommand [Parameters=[], CommandType='Text', CommandTimeout='30']
      SELECT EXISTS (
          SELECT 1
          FROM "BodyParts" AS b)
info: Microsoft.EntityFrameworkCore.Database.Command[20101]
      Executed DbCommand (0ms) [Parameters=[], CommandType='Text', CommandTimeout='30']
      SELECT EXISTS (
          SELECT 1
          FROM "BodyParts" AS b)
info: 7/12/2025 16:05:39.993 RelationalEventId.CommandExecuted[20101] (Microsoft.EntityFrameworkCore.Database.Command) 
      Executed DbCommand (0ms) [Parameters=[], CommandType='Text', CommandTimeout='30']
      SELECT EXISTS (
          SELECT 1
          FROM "BodyParts" AS b)
dbug: Microsoft.EntityFrameworkCore.Database.Command[20301]
      Closing data reader to 'bddtestdb' on server 'tcp://127.0.0.1:33493'.
dbug: Microsoft.EntityFrameworkCore.Database.Command[20300]
      A data reader for 'bddtestdb' on server 'tcp://127.0.0.1:33493' is being disposed after spending 0ms reading results.
dbug: Microsoft.EntityFrameworkCore.Database.Command[20103]
      Creating DbCommand for 'ExecuteScalar'.
dbug: Microsoft.EntityFrameworkCore.Database.Command[20104]
      Created DbCommand for 'ExecuteScalar' (0ms).
dbug: Microsoft.EntityFrameworkCore.Database.Command[20106]
      Initialized DbCommand for 'ExecuteScalar' (0ms).
dbug: Microsoft.EntityFrameworkCore.Database.Command[20100]
      Executing DbCommand [Parameters=[], CommandType='Text', CommandTimeout='30']
      SELECT CASE WHEN COUNT(*) = 0 THEN FALSE ELSE TRUE END
      FROM pg_class AS cls
      JOIN pg_namespace AS ns ON ns.oid = cls.relnamespace
      WHERE
              cls.relkind IN ('r', 'v', 'm', 'f', 'p') AND
              ns.nspname NOT IN ('pg_catalog', 'information_schema') AND
              -- Exclude tables which are members of PG extensions
              NOT EXISTS (
                  SELECT 1 FROM pg_depend WHERE
                      classid=(
                          SELECT cls.oid
                          FROM pg_class AS cls
                                   JOIN pg_namespace AS ns ON ns.oid = cls.relnamespace
                          WHERE relname='pg_class' AND ns.nspname='pg_catalog'
                      ) AND
                      objid=cls.oid AND
                      deptype IN ('e', 'x')
              )
info: Microsoft.EntityFrameworkCore.Database.Command[20101]
      Executed DbCommand (1ms) [Parameters=[], CommandType='Text', CommandTimeout='30']
      SELECT CASE WHEN COUNT(*) = 0 THEN FALSE ELSE TRUE END
      FROM pg_class AS cls
      JOIN pg_namespace AS ns ON ns.oid = cls.relnamespace
      WHERE
              cls.relkind IN ('r', 'v', 'm', 'f', 'p') AND
              ns.nspname NOT IN ('pg_catalog', 'information_schema') AND
              -- Exclude tables which are members of PG extensions
              NOT EXISTS (
                  SELECT 1 FROM pg_depend WHERE
                      classid=(
                          SELECT cls.oid
                          FROM pg_class AS cls
                                   JOIN pg_namespace AS ns ON ns.oid = cls.relnamespace
                          WHERE relname='pg_class' AND ns.nspname='pg_catalog'
                      ) AND
                      objid=cls.oid AND
                      deptype IN ('e', 'x')
              )
info: 7/12/2025 16:05:39.998 RelationalEventId.CommandExecuted[20101] (Microsoft.EntityFrameworkCore.Database.Command) 
      Executed DbCommand (1ms) [Parameters=[], CommandType='Text', CommandTimeout='30']
      SELECT CASE WHEN COUNT(*) = 0 THEN FALSE ELSE TRUE END
      FROM pg_class AS cls
      JOIN pg_namespace AS ns ON ns.oid = cls.relnamespace
      WHERE
              cls.relkind IN ('r', 'v', 'm', 'f', 'p') AND
              ns.nspname NOT IN ('pg_catalog', 'information_schema') AND
              -- Exclude tables which are members of PG extensions
              NOT EXISTS (
                  SELECT 1 FROM pg_depend WHERE
                      classid=(
                          SELECT cls.oid
                          FROM pg_class AS cls
                                   JOIN pg_namespace AS ns ON ns.oid = cls.relnamespace
                          WHERE relname='pg_class' AND ns.nspname='pg_catalog'
                      ) AND
                      objid=cls.oid AND
                      deptype IN ('e', 'x')
              )
dbug: Microsoft.EntityFrameworkCore.Database.Command[20103]
      Creating DbCommand for 'ExecuteReader'.
dbug: Microsoft.EntityFrameworkCore.Database.Command[20104]
      Created DbCommand for 'ExecuteReader' (0ms).
dbug: Microsoft.EntityFrameworkCore.Database.Command[20106]
      Initialized DbCommand for 'ExecuteReader' (0ms).
dbug: Microsoft.EntityFrameworkCore.Database.Command[20100]
      Executing DbCommand [Parameters=[], CommandType='Text', CommandTimeout='30']
      SELECT EXISTS (
          SELECT 1
          FROM "BodyParts" AS b)
info: Microsoft.EntityFrameworkCore.Database.Command[20101]
      Executed DbCommand (0ms) [Parameters=[], CommandType='Text', CommandTimeout='30']
      SELECT EXISTS (
          SELECT 1
          FROM "BodyParts" AS b)
info: 7/12/2025 16:05:39.998 RelationalEventId.CommandExecuted[20101] (Microsoft.EntityFrameworkCore.Database.Command) 
      Executed DbCommand (0ms) [Parameters=[], CommandType='Text', CommandTimeout='30']
      SELECT EXISTS (
          SELECT 1
          FROM "BodyParts" AS b)
dbug: Microsoft.EntityFrameworkCore.Database.Command[20301]
      Closing data reader to 'bddtestdb' on server 'tcp://127.0.0.1:33493'.
dbug: Microsoft.EntityFrameworkCore.Database.Command[20300]
      A data reader for 'bddtestdb' on server 'tcp://127.0.0.1:33493' is being disposed after spending 0ms reading results.
dbug: Microsoft.EntityFrameworkCore.Database.Command[20103]
      Creating DbCommand for 'ExecuteReader'.
dbug: Microsoft.EntityFrameworkCore.Database.Command[20104]
      Created DbCommand for 'ExecuteReader' (0ms).
dbug: Microsoft.EntityFrameworkCore.Database.Command[20106]
      Initialized DbCommand for 'ExecuteReader' (0ms).
dbug: Microsoft.EntityFrameworkCore.Database.Command[20100]
      Executing DbCommand [Parameters=[], CommandType='Text', CommandTimeout='30']
      SELECT e."Id", e."CreatedAt", e."DisplayOrder", e."IsActive", e."LinkType", e."SourceExerciseId", e."TargetExerciseId", e."UpdatedAt"
      FROM "ExerciseLinks" AS e
info: Microsoft.EntityFrameworkCore.Database.Command[20101]
      Executed DbCommand (0ms) [Parameters=[], CommandType='Text', CommandTimeout='30']
      SELECT e."Id", e."CreatedAt", e."DisplayOrder", e."IsActive", e."LinkType", e."SourceExerciseId", e."TargetExerciseId", e."UpdatedAt"
      FROM "ExerciseLinks" AS e
info: 7/12/2025 16:05:40.001 RelationalEventId.CommandExecuted[20101] (Microsoft.EntityFrameworkCore.Database.Command) 
      Executed DbCommand (0ms) [Parameters=[], CommandType='Text', CommandTimeout='30']
      SELECT e."Id", e."CreatedAt", e."DisplayOrder", e."IsActive", e."LinkType", e."SourceExerciseId", e."TargetExerciseId", e."UpdatedAt"
      FROM "ExerciseLinks" AS e
dbug: Microsoft.EntityFrameworkCore.Database.Command[20301]
      Closing data reader to 'bddtestdb' on server 'tcp://127.0.0.1:33493'.
dbug: Microsoft.EntityFrameworkCore.Database.Command[20300]
      A data reader for 'bddtestdb' on server 'tcp://127.0.0.1:33493' is being disposed after spending 0ms reading results.
dbug: Microsoft.EntityFrameworkCore.Database.Command[20103]
      Creating DbCommand for 'ExecuteReader'.
dbug: Microsoft.EntityFrameworkCore.Database.Command[20104]
      Created DbCommand for 'ExecuteReader' (0ms).
dbug: Microsoft.EntityFrameworkCore.Database.Command[20106]
      Initialized DbCommand for 'ExecuteReader' (0ms).
dbug: Microsoft.EntityFrameworkCore.Database.Command[20100]
      Executing DbCommand [Parameters=[], CommandType='Text', CommandTimeout='30']
      SELECT e."Id", e."Description", e."DifficultyId", e."ExerciseWeightTypeId", e."ImageUrl", e."IsActive", e."IsUnilateral", e."KineticChainId", e."Name", e."VideoUrl"
      FROM "Exercises" AS e
info: Microsoft.EntityFrameworkCore.Database.Command[20101]
      Executed DbCommand (0ms) [Parameters=[], CommandType='Text', CommandTimeout='30']
      SELECT e."Id", e."Description", e."DifficultyId", e."ExerciseWeightTypeId", e."ImageUrl", e."IsActive", e."IsUnilateral", e."KineticChainId", e."Name", e."VideoUrl"
      FROM "Exercises" AS e
info: 7/12/2025 16:05:40.001 RelationalEventId.CommandExecuted[20101] (Microsoft.EntityFrameworkCore.Database.Command) 
      Executed DbCommand (0ms) [Parameters=[], CommandType='Text', CommandTimeout='30']
      SELECT e."Id", e."Description", e."DifficultyId", e."ExerciseWeightTypeId", e."ImageUrl", e."IsActive", e."IsUnilateral", e."KineticChainId", e."Name", e."VideoUrl"
      FROM "Exercises" AS e
dbug: Microsoft.EntityFrameworkCore.Database.Command[20301]
      Closing data reader to 'bddtestdb' on server 'tcp://127.0.0.1:33493'.
dbug: Microsoft.EntityFrameworkCore.Database.Command[20300]
      A data reader for 'bddtestdb' on server 'tcp://127.0.0.1:33493' is being disposed after spending 0ms reading results.
dbug: Microsoft.EntityFrameworkCore.Database.Command[20103]
      Creating DbCommand for 'ExecuteScalar'.
dbug: Microsoft.EntityFrameworkCore.Database.Command[20104]
      Created DbCommand for 'ExecuteScalar' (0ms).
dbug: Microsoft.EntityFrameworkCore.Database.Command[20106]
      Initialized DbCommand for 'ExecuteScalar' (0ms).
dbug: Microsoft.EntityFrameworkCore.Database.Command[20100]
      Executing DbCommand [Parameters=[], CommandType='Text', CommandTimeout='30']
      SELECT CASE WHEN COUNT(*) = 0 THEN FALSE ELSE TRUE END
      FROM pg_class AS cls
      JOIN pg_namespace AS ns ON ns.oid = cls.relnamespace
      WHERE
              cls.relkind IN ('r', 'v', 'm', 'f', 'p') AND
              ns.nspname NOT IN ('pg_catalog', 'information_schema') AND
              -- Exclude tables which are members of PG extensions
              NOT EXISTS (
                  SELECT 1 FROM pg_depend WHERE
                      classid=(
                          SELECT cls.oid
                          FROM pg_class AS cls
                                   JOIN pg_namespace AS ns ON ns.oid = cls.relnamespace
                          WHERE relname='pg_class' AND ns.nspname='pg_catalog'
                      ) AND
                      objid=cls.oid AND
                      deptype IN ('e', 'x')
              )
info: Microsoft.EntityFrameworkCore.Database.Command[20101]
      Executed DbCommand (1ms) [Parameters=[], CommandType='Text', CommandTimeout='30']
      SELECT CASE WHEN COUNT(*) = 0 THEN FALSE ELSE TRUE END
      FROM pg_class AS cls
      JOIN pg_namespace AS ns ON ns.oid = cls.relnamespace
      WHERE
              cls.relkind IN ('r', 'v', 'm', 'f', 'p') AND
              ns.nspname NOT IN ('pg_catalog', 'information_schema') AND
              -- Exclude tables which are members of PG extensions
              NOT EXISTS (
                  SELECT 1 FROM pg_depend WHERE
                      classid=(
                          SELECT cls.oid
                          FROM pg_class AS cls
                                   JOIN pg_namespace AS ns ON ns.oid = cls.relnamespace
                          WHERE relname='pg_class' AND ns.nspname='pg_catalog'
                      ) AND
                      objid=cls.oid AND
                      deptype IN ('e', 'x')
              )
info: 7/12/2025 16:05:40.006 RelationalEventId.CommandExecuted[20101] (Microsoft.EntityFrameworkCore.Database.Command) 
      Executed DbCommand (1ms) [Parameters=[], CommandType='Text', CommandTimeout='30']
      SELECT CASE WHEN COUNT(*) = 0 THEN FALSE ELSE TRUE END
      FROM pg_class AS cls
      JOIN pg_namespace AS ns ON ns.oid = cls.relnamespace
      WHERE
              cls.relkind IN ('r', 'v', 'm', 'f', 'p') AND
              ns.nspname NOT IN ('pg_catalog', 'information_schema') AND
              -- Exclude tables which are members of PG extensions
              NOT EXISTS (
                  SELECT 1 FROM pg_depend WHERE
                      classid=(
                          SELECT cls.oid
                          FROM pg_class AS cls
                                   JOIN pg_namespace AS ns ON ns.oid = cls.relnamespace
                          WHERE relname='pg_class' AND ns.nspname='pg_catalog'
                      ) AND
                      objid=cls.oid AND
                      deptype IN ('e', 'x')
              )
dbug: Microsoft.EntityFrameworkCore.Database.Command[20103]
      Creating DbCommand for 'ExecuteReader'.
dbug: Microsoft.EntityFrameworkCore.Database.Command[20104]
      Created DbCommand for 'ExecuteReader' (0ms).
dbug: Microsoft.EntityFrameworkCore.Database.Command[20106]
      Initialized DbCommand for 'ExecuteReader' (0ms).
dbug: Microsoft.EntityFrameworkCore.Database.Command[20100]
      Executing DbCommand [Parameters=[], CommandType='Text', CommandTimeout='30']
      SELECT EXISTS (
          SELECT 1
          FROM "BodyParts" AS b)
info: Microsoft.EntityFrameworkCore.Database.Command[20101]
      Executed DbCommand (0ms) [Parameters=[], CommandType='Text', CommandTimeout='30']
      SELECT EXISTS (
          SELECT 1
          FROM "BodyParts" AS b)
info: 7/12/2025 16:05:40.006 RelationalEventId.CommandExecuted[20101] (Microsoft.EntityFrameworkCore.Database.Command) 
      Executed DbCommand (0ms) [Parameters=[], CommandType='Text', CommandTimeout='30']
      SELECT EXISTS (
          SELECT 1
          FROM "BodyParts" AS b)
dbug: Microsoft.EntityFrameworkCore.Database.Command[20301]
      Closing data reader to 'bddtestdb' on server 'tcp://127.0.0.1:33493'.
dbug: Microsoft.EntityFrameworkCore.Database.Command[20300]
      A data reader for 'bddtestdb' on server 'tcp://127.0.0.1:33493' is being disposed after spending 0ms reading results.
dbug: Microsoft.EntityFrameworkCore.Database.Command[20103]
      Creating DbCommand for 'ExecuteReader'.
dbug: Microsoft.EntityFrameworkCore.Database.Command[20104]
      Created DbCommand for 'ExecuteReader' (0ms).
dbug: Microsoft.EntityFrameworkCore.Database.Command[20106]
      Initialized DbCommand for 'ExecuteReader' (0ms).
dbug: Microsoft.EntityFrameworkCore.Database.Command[20100]
      Executing DbCommand [Parameters=[@__p_0='00000000-0000-0000-0000-000000000000' (Nullable = true)], CommandType='Text', CommandTimeout='30']
      SELECT d."Id", d."Description", d."DisplayOrder", d."IsActive", d."Value"
      FROM "DifficultyLevels" AS d
      WHERE d."Id" = @__p_0
      LIMIT 1
info: Microsoft.EntityFrameworkCore.Database.Command[20101]
      Executed DbCommand (1ms) [Parameters=[@__p_0='00000000-0000-0000-0000-000000000000' (Nullable = true)], CommandType='Text', CommandTimeout='30']
      SELECT d."Id", d."Description", d."DisplayOrder", d."IsActive", d."Value"
      FROM "DifficultyLevels" AS d
      WHERE d."Id" = @__p_0
      LIMIT 1
info: 7/12/2025 16:05:40.020 RelationalEventId.CommandExecuted[20101] (Microsoft.EntityFrameworkCore.Database.Command) 
      Executed DbCommand (1ms) [Parameters=[@__p_0='00000000-0000-0000-0000-000000000000' (Nullable = true)], CommandType='Text', CommandTimeout='30']
      SELECT d."Id", d."Description", d."DisplayOrder", d."IsActive", d."Value"
      FROM "DifficultyLevels" AS d
      WHERE d."Id" = @__p_0
      LIMIT 1
dbug: Microsoft.EntityFrameworkCore.Database.Command[20301]
      Closing data reader to 'bddtestdb' on server 'tcp://127.0.0.1:33493'.
dbug: Microsoft.EntityFrameworkCore.Database.Command[20300]
      A data reader for 'bddtestdb' on server 'tcp://127.0.0.1:33493' is being disposed after spending 0ms reading results.
dbug: Microsoft.EntityFrameworkCore.Database.Command[20103]
      Creating DbCommand for 'ExecuteReader'.
dbug: Microsoft.EntityFrameworkCore.Database.Command[20104]
      Created DbCommand for 'ExecuteReader' (0ms).
dbug: Microsoft.EntityFrameworkCore.Database.Command[20106]
      Initialized DbCommand for 'ExecuteReader' (0ms).
dbug: Microsoft.EntityFrameworkCore.Database.Command[20100]
      Executing DbCommand [Parameters=[], CommandType='Text', CommandTimeout='30']
      SELECT e."Id", e."CreatedAt", e."DisplayOrder", e."IsActive", e."LinkType", e."SourceExerciseId", e."TargetExerciseId", e."UpdatedAt"
      FROM "ExerciseLinks" AS e
info: Microsoft.EntityFrameworkCore.Database.Command[20101]
      Executed DbCommand (1ms) [Parameters=[], CommandType='Text', CommandTimeout='30']
      SELECT e."Id", e."CreatedAt", e."DisplayOrder", e."IsActive", e."LinkType", e."SourceExerciseId", e."TargetExerciseId", e."UpdatedAt"
      FROM "ExerciseLinks" AS e
info: 7/12/2025 16:05:40.024 RelationalEventId.CommandExecuted[20101] (Microsoft.EntityFrameworkCore.Database.Command) 
      Executed DbCommand (1ms) [Parameters=[], CommandType='Text', CommandTimeout='30']
      SELECT e."Id", e."CreatedAt", e."DisplayOrder", e."IsActive", e."LinkType", e."SourceExerciseId", e."TargetExerciseId", e."UpdatedAt"
      FROM "ExerciseLinks" AS e
dbug: Microsoft.EntityFrameworkCore.Database.Command[20301]
      Closing data reader to 'bddtestdb' on server 'tcp://127.0.0.1:33493'.
dbug: Microsoft.EntityFrameworkCore.Database.Command[20300]
      A data reader for 'bddtestdb' on server 'tcp://127.0.0.1:33493' is being disposed after spending 0ms reading results.
dbug: Microsoft.EntityFrameworkCore.Database.Command[20103]
      Creating DbCommand for 'ExecuteReader'.
dbug: Microsoft.EntityFrameworkCore.Database.Command[20104]
      Created DbCommand for 'ExecuteReader' (0ms).
dbug: Microsoft.EntityFrameworkCore.Database.Command[20106]
      Initialized DbCommand for 'ExecuteReader' (0ms).
dbug: Microsoft.EntityFrameworkCore.Database.Command[20100]
      Executing DbCommand [Parameters=[], CommandType='Text', CommandTimeout='30']
      SELECT e."Id", e."Description", e."DifficultyId", e."ExerciseWeightTypeId", e."ImageUrl", e."IsActive", e."IsUnilateral", e."KineticChainId", e."Name", e."VideoUrl"
      FROM "Exercises" AS e
info: Microsoft.EntityFrameworkCore.Database.Command[20101]
      Executed DbCommand (0ms) [Parameters=[], CommandType='Text', CommandTimeout='30']
      SELECT e."Id", e."Description", e."DifficultyId", e."ExerciseWeightTypeId", e."ImageUrl", e."IsActive", e."IsUnilateral", e."KineticChainId", e."Name", e."VideoUrl"
      FROM "Exercises" AS e
info: 7/12/2025 16:05:40.025 RelationalEventId.CommandExecuted[20101] (Microsoft.EntityFrameworkCore.Database.Command) 
      Executed DbCommand (0ms) [Parameters=[], CommandType='Text', CommandTimeout='30']
      SELECT e."Id", e."Description", e."DifficultyId", e."ExerciseWeightTypeId", e."ImageUrl", e."IsActive", e."IsUnilateral", e."KineticChainId", e."Name", e."VideoUrl"
      FROM "Exercises" AS e
dbug: Microsoft.EntityFrameworkCore.Database.Command[20301]
      Closing data reader to 'bddtestdb' on server 'tcp://127.0.0.1:33493'.
dbug: Microsoft.EntityFrameworkCore.Database.Command[20300]
      A data reader for 'bddtestdb' on server 'tcp://127.0.0.1:33493' is being disposed after spending 0ms reading results.
dbug: Microsoft.EntityFrameworkCore.Database.Command[20103]
      Creating DbCommand for 'ExecuteReader'.
dbug: Microsoft.EntityFrameworkCore.Database.Command[20104]
      Created DbCommand for 'ExecuteReader' (0ms).
dbug: Microsoft.EntityFrameworkCore.Database.Command[20106]
      Initialized DbCommand for 'ExecuteReader' (0ms).
dbug: Microsoft.EntityFrameworkCore.Database.Command[20100]
      Executing DbCommand [Parameters=[], CommandType='Text', CommandTimeout='30']
      SELECT e."Id", e."CreatedAt", e."DisplayOrder", e."IsActive", e."LinkType", e."SourceExerciseId", e."TargetExerciseId", e."UpdatedAt"
      FROM "ExerciseLinks" AS e
info: Microsoft.EntityFrameworkCore.Database.Command[20101]
      Executed DbCommand (0ms) [Parameters=[], CommandType='Text', CommandTimeout='30']
      SELECT e."Id", e."CreatedAt", e."DisplayOrder", e."IsActive", e."LinkType", e."SourceExerciseId", e."TargetExerciseId", e."UpdatedAt"
      FROM "ExerciseLinks" AS e
info: 7/12/2025 16:05:40.026 RelationalEventId.CommandExecuted[20101] (Microsoft.EntityFrameworkCore.Database.Command) 
      Executed DbCommand (0ms) [Parameters=[], CommandType='Text', CommandTimeout='30']
      SELECT e."Id", e."CreatedAt", e."DisplayOrder", e."IsActive", e."LinkType", e."SourceExerciseId", e."TargetExerciseId", e."UpdatedAt"
      FROM "ExerciseLinks" AS e
dbug: Microsoft.EntityFrameworkCore.Database.Command[20301]
      Closing data reader to 'bddtestdb' on server 'tcp://127.0.0.1:33493'.
dbug: Microsoft.EntityFrameworkCore.Database.Command[20300]
      A data reader for 'bddtestdb' on server 'tcp://127.0.0.1:33493' is being disposed after spending 0ms reading results.
dbug: Microsoft.EntityFrameworkCore.Database.Command[20103]
      Creating DbCommand for 'ExecuteReader'.
dbug: Microsoft.EntityFrameworkCore.Database.Command[20104]
      Created DbCommand for 'ExecuteReader' (0ms).
dbug: Microsoft.EntityFrameworkCore.Database.Command[20106]
      Initialized DbCommand for 'ExecuteReader' (0ms).
dbug: Microsoft.EntityFrameworkCore.Database.Command[20100]
      Executing DbCommand [Parameters=[], CommandType='Text', CommandTimeout='30']
      SELECT e."Id", e."Description", e."DifficultyId", e."ExerciseWeightTypeId", e."ImageUrl", e."IsActive", e."IsUnilateral", e."KineticChainId", e."Name", e."VideoUrl"
      FROM "Exercises" AS e
info: Microsoft.EntityFrameworkCore.Database.Command[20101]
      Executed DbCommand (0ms) [Parameters=[], CommandType='Text', CommandTimeout='30']
      SELECT e."Id", e."Description", e."DifficultyId", e."ExerciseWeightTypeId", e."ImageUrl", e."IsActive", e."IsUnilateral", e."KineticChainId", e."Name", e."VideoUrl"
      FROM "Exercises" AS e
info: 7/12/2025 16:05:40.026 RelationalEventId.CommandExecuted[20101] (Microsoft.EntityFrameworkCore.Database.Command) 
      Executed DbCommand (0ms) [Parameters=[], CommandType='Text', CommandTimeout='30']
      SELECT e."Id", e."Description", e."DifficultyId", e."ExerciseWeightTypeId", e."ImageUrl", e."IsActive", e."IsUnilateral", e."KineticChainId", e."Name", e."VideoUrl"
      FROM "Exercises" AS e
dbug: Microsoft.EntityFrameworkCore.Database.Command[20301]
      Closing data reader to 'bddtestdb' on server 'tcp://127.0.0.1:33493'.
dbug: Microsoft.EntityFrameworkCore.Database.Command[20300]
      A data reader for 'bddtestdb' on server 'tcp://127.0.0.1:33493' is being disposed after spending 0ms reading results.
dbug: Microsoft.EntityFrameworkCore.Database.Command[20103]
      Creating DbCommand for 'ExecuteScalar'.
dbug: Microsoft.EntityFrameworkCore.Database.Command[20104]
      Created DbCommand for 'ExecuteScalar' (0ms).
dbug: Microsoft.EntityFrameworkCore.Database.Command[20106]
      Initialized DbCommand for 'ExecuteScalar' (0ms).
dbug: Microsoft.EntityFrameworkCore.Database.Command[20100]
      Executing DbCommand [Parameters=[], CommandType='Text', CommandTimeout='30']
      SELECT CASE WHEN COUNT(*) = 0 THEN FALSE ELSE TRUE END
      FROM pg_class AS cls
      JOIN pg_namespace AS ns ON ns.oid = cls.relnamespace
      WHERE
              cls.relkind IN ('r', 'v', 'm', 'f', 'p') AND
              ns.nspname NOT IN ('pg_catalog', 'information_schema') AND
              -- Exclude tables which are members of PG extensions
              NOT EXISTS (
                  SELECT 1 FROM pg_depend WHERE
                      classid=(
                          SELECT cls.oid
                          FROM pg_class AS cls
                                   JOIN pg_namespace AS ns ON ns.oid = cls.relnamespace
                          WHERE relname='pg_class' AND ns.nspname='pg_catalog'
                      ) AND
                      objid=cls.oid AND
                      deptype IN ('e', 'x')
              )
info: Microsoft.EntityFrameworkCore.Database.Command[20101]
      Executed DbCommand (2ms) [Parameters=[], CommandType='Text', CommandTimeout='30']
      SELECT CASE WHEN COUNT(*) = 0 THEN FALSE ELSE TRUE END
      FROM pg_class AS cls
      JOIN pg_namespace AS ns ON ns.oid = cls.relnamespace
      WHERE
              cls.relkind IN ('r', 'v', 'm', 'f', 'p') AND
              ns.nspname NOT IN ('pg_catalog', 'information_schema') AND
              -- Exclude tables which are members of PG extensions
              NOT EXISTS (
                  SELECT 1 FROM pg_depend WHERE
                      classid=(
                          SELECT cls.oid
                          FROM pg_class AS cls
                                   JOIN pg_namespace AS ns ON ns.oid = cls.relnamespace
                          WHERE relname='pg_class' AND ns.nspname='pg_catalog'
                      ) AND
                      objid=cls.oid AND
                      deptype IN ('e', 'x')
              )
info: 7/12/2025 16:05:40.034 RelationalEventId.CommandExecuted[20101] (Microsoft.EntityFrameworkCore.Database.Command) 
      Executed DbCommand (2ms) [Parameters=[], CommandType='Text', CommandTimeout='30']
      SELECT CASE WHEN COUNT(*) = 0 THEN FALSE ELSE TRUE END
      FROM pg_class AS cls
      JOIN pg_namespace AS ns ON ns.oid = cls.relnamespace
      WHERE
              cls.relkind IN ('r', 'v', 'm', 'f', 'p') AND
              ns.nspname NOT IN ('pg_catalog', 'information_schema') AND
              -- Exclude tables which are members of PG extensions
              NOT EXISTS (
                  SELECT 1 FROM pg_depend WHERE
                      classid=(
                          SELECT cls.oid
                          FROM pg_class AS cls
                                   JOIN pg_namespace AS ns ON ns.oid = cls.relnamespace
                          WHERE relname='pg_class' AND ns.nspname='pg_catalog'
                      ) AND
                      objid=cls.oid AND
                      deptype IN ('e', 'x')
              )
dbug: Microsoft.EntityFrameworkCore.Database.Command[20103]
      Creating DbCommand for 'ExecuteReader'.
dbug: Microsoft.EntityFrameworkCore.Database.Command[20104]
      Created DbCommand for 'ExecuteReader' (0ms).
dbug: Microsoft.EntityFrameworkCore.Database.Command[20106]
      Initialized DbCommand for 'ExecuteReader' (0ms).
dbug: Microsoft.EntityFrameworkCore.Database.Command[20100]
      Executing DbCommand [Parameters=[], CommandType='Text', CommandTimeout='30']
      SELECT EXISTS (
          SELECT 1
          FROM "BodyParts" AS b)
info: Microsoft.EntityFrameworkCore.Database.Command[20101]
      Executed DbCommand (0ms) [Parameters=[], CommandType='Text', CommandTimeout='30']
      SELECT EXISTS (
          SELECT 1
          FROM "BodyParts" AS b)
info: 7/12/2025 16:05:40.034 RelationalEventId.CommandExecuted[20101] (Microsoft.EntityFrameworkCore.Database.Command) 
      Executed DbCommand (0ms) [Parameters=[], CommandType='Text', CommandTimeout='30']
      SELECT EXISTS (
          SELECT 1
          FROM "BodyParts" AS b)
dbug: Microsoft.EntityFrameworkCore.Database.Command[20301]
      Closing data reader to 'bddtestdb' on server 'tcp://127.0.0.1:33493'.
dbug: Microsoft.EntityFrameworkCore.Database.Command[20300]
      A data reader for 'bddtestdb' on server 'tcp://127.0.0.1:33493' is being disposed after spending 0ms reading results.
dbug: Microsoft.EntityFrameworkCore.Database.Command[20103]
      Creating DbCommand for 'ExecuteScalar'.
dbug: Microsoft.EntityFrameworkCore.Database.Command[20104]
      Created DbCommand for 'ExecuteScalar' (0ms).
dbug: Microsoft.EntityFrameworkCore.Database.Command[20106]
      Initialized DbCommand for 'ExecuteScalar' (0ms).
dbug: Microsoft.EntityFrameworkCore.Database.Command[20100]
      Executing DbCommand [Parameters=[], CommandType='Text', CommandTimeout='30']
      SELECT CASE WHEN COUNT(*) = 0 THEN FALSE ELSE TRUE END
      FROM pg_class AS cls
      JOIN pg_namespace AS ns ON ns.oid = cls.relnamespace
      WHERE
              cls.relkind IN ('r', 'v', 'm', 'f', 'p') AND
              ns.nspname NOT IN ('pg_catalog', 'information_schema') AND
              -- Exclude tables which are members of PG extensions
              NOT EXISTS (
                  SELECT 1 FROM pg_depend WHERE
                      classid=(
                          SELECT cls.oid
                          FROM pg_class AS cls
                                   JOIN pg_namespace AS ns ON ns.oid = cls.relnamespace
                          WHERE relname='pg_class' AND ns.nspname='pg_catalog'
                      ) AND
                      objid=cls.oid AND
                      deptype IN ('e', 'x')
              )
info: Microsoft.EntityFrameworkCore.Database.Command[20101]
      Executed DbCommand (1ms) [Parameters=[], CommandType='Text', CommandTimeout='30']
      SELECT CASE WHEN COUNT(*) = 0 THEN FALSE ELSE TRUE END
      FROM pg_class AS cls
      JOIN pg_namespace AS ns ON ns.oid = cls.relnamespace
      WHERE
              cls.relkind IN ('r', 'v', 'm', 'f', 'p') AND
              ns.nspname NOT IN ('pg_catalog', 'information_schema') AND
              -- Exclude tables which are members of PG extensions
              NOT EXISTS (
                  SELECT 1 FROM pg_depend WHERE
                      classid=(
                          SELECT cls.oid
                          FROM pg_class AS cls
                                   JOIN pg_namespace AS ns ON ns.oid = cls.relnamespace
                          WHERE relname='pg_class' AND ns.nspname='pg_catalog'
                      ) AND
                      objid=cls.oid AND
                      deptype IN ('e', 'x')
              )
info: 7/12/2025 16:05:40.040 RelationalEventId.CommandExecuted[20101] (Microsoft.EntityFrameworkCore.Database.Command) 
      Executed DbCommand (1ms) [Parameters=[], CommandType='Text', CommandTimeout='30']
      SELECT CASE WHEN COUNT(*) = 0 THEN FALSE ELSE TRUE END
      FROM pg_class AS cls
      JOIN pg_namespace AS ns ON ns.oid = cls.relnamespace
      WHERE
              cls.relkind IN ('r', 'v', 'm', 'f', 'p') AND
              ns.nspname NOT IN ('pg_catalog', 'information_schema') AND
              -- Exclude tables which are members of PG extensions
              NOT EXISTS (
                  SELECT 1 FROM pg_depend WHERE
                      classid=(
                          SELECT cls.oid
                          FROM pg_class AS cls
                                   JOIN pg_namespace AS ns ON ns.oid = cls.relnamespace
                          WHERE relname='pg_class' AND ns.nspname='pg_catalog'
                      ) AND
                      objid=cls.oid AND
                      deptype IN ('e', 'x')
              )
dbug: Microsoft.EntityFrameworkCore.Database.Command[20103]
      Creating DbCommand for 'ExecuteReader'.
dbug: Microsoft.EntityFrameworkCore.Database.Command[20104]
      Created DbCommand for 'ExecuteReader' (0ms).
dbug: Microsoft.EntityFrameworkCore.Database.Command[20106]
      Initialized DbCommand for 'ExecuteReader' (0ms).
dbug: Microsoft.EntityFrameworkCore.Database.Command[20100]
      Executing DbCommand [Parameters=[], CommandType='Text', CommandTimeout='30']
      SELECT EXISTS (
          SELECT 1
          FROM "BodyParts" AS b)
info: Microsoft.EntityFrameworkCore.Database.Command[20101]
      Executed DbCommand (0ms) [Parameters=[], CommandType='Text', CommandTimeout='30']
      SELECT EXISTS (
          SELECT 1
          FROM "BodyParts" AS b)
info: 7/12/2025 16:05:40.041 RelationalEventId.CommandExecuted[20101] (Microsoft.EntityFrameworkCore.Database.Command) 
      Executed DbCommand (0ms) [Parameters=[], CommandType='Text', CommandTimeout='30']
      SELECT EXISTS (
          SELECT 1
          FROM "BodyParts" AS b)
dbug: Microsoft.EntityFrameworkCore.Database.Command[20301]
      Closing data reader to 'bddtestdb' on server 'tcp://127.0.0.1:33493'.
dbug: Microsoft.EntityFrameworkCore.Database.Command[20300]
      A data reader for 'bddtestdb' on server 'tcp://127.0.0.1:33493' is being disposed after spending 0ms reading results.
dbug: Microsoft.EntityFrameworkCore.Database.Command[20103]
      Creating DbCommand for 'ExecuteReader'.
dbug: Microsoft.EntityFrameworkCore.Database.Command[20104]
      Created DbCommand for 'ExecuteReader' (0ms).
dbug: Microsoft.EntityFrameworkCore.Database.Command[20106]
      Initialized DbCommand for 'ExecuteReader' (0ms).
dbug: Microsoft.EntityFrameworkCore.Database.Command[20100]
      Executing DbCommand [Parameters=[], CommandType='Text', CommandTimeout='30']
      SELECT e."Id", e."CreatedAt", e."DisplayOrder", e."IsActive", e."LinkType", e."SourceExerciseId", e."TargetExerciseId", e."UpdatedAt"
      FROM "ExerciseLinks" AS e
info: Microsoft.EntityFrameworkCore.Database.Command[20101]
      Executed DbCommand (0ms) [Parameters=[], CommandType='Text', CommandTimeout='30']
      SELECT e."Id", e."CreatedAt", e."DisplayOrder", e."IsActive", e."LinkType", e."SourceExerciseId", e."TargetExerciseId", e."UpdatedAt"
      FROM "ExerciseLinks" AS e
info: 7/12/2025 16:05:40.044 RelationalEventId.CommandExecuted[20101] (Microsoft.EntityFrameworkCore.Database.Command) 
      Executed DbCommand (0ms) [Parameters=[], CommandType='Text', CommandTimeout='30']
      SELECT e."Id", e."CreatedAt", e."DisplayOrder", e."IsActive", e."LinkType", e."SourceExerciseId", e."TargetExerciseId", e."UpdatedAt"
      FROM "ExerciseLinks" AS e
dbug: Microsoft.EntityFrameworkCore.Database.Command[20301]
      Closing data reader to 'bddtestdb' on server 'tcp://127.0.0.1:33493'.
dbug: Microsoft.EntityFrameworkCore.Database.Command[20300]
      A data reader for 'bddtestdb' on server 'tcp://127.0.0.1:33493' is being disposed after spending 0ms reading results.
dbug: Microsoft.EntityFrameworkCore.Database.Command[20103]
      Creating DbCommand for 'ExecuteReader'.
dbug: Microsoft.EntityFrameworkCore.Database.Command[20104]
      Created DbCommand for 'ExecuteReader' (0ms).
dbug: Microsoft.EntityFrameworkCore.Database.Command[20106]
      Initialized DbCommand for 'ExecuteReader' (0ms).
dbug: Microsoft.EntityFrameworkCore.Database.Command[20100]
      Executing DbCommand [Parameters=[], CommandType='Text', CommandTimeout='30']
      SELECT e."Id", e."Description", e."DifficultyId", e."ExerciseWeightTypeId", e."ImageUrl", e."IsActive", e."IsUnilateral", e."KineticChainId", e."Name", e."VideoUrl"
      FROM "Exercises" AS e
info: Microsoft.EntityFrameworkCore.Database.Command[20101]
      Executed DbCommand (0ms) [Parameters=[], CommandType='Text', CommandTimeout='30']
      SELECT e."Id", e."Description", e."DifficultyId", e."ExerciseWeightTypeId", e."ImageUrl", e."IsActive", e."IsUnilateral", e."KineticChainId", e."Name", e."VideoUrl"
      FROM "Exercises" AS e
info: 7/12/2025 16:05:40.044 RelationalEventId.CommandExecuted[20101] (Microsoft.EntityFrameworkCore.Database.Command) 
      Executed DbCommand (0ms) [Parameters=[], CommandType='Text', CommandTimeout='30']
      SELECT e."Id", e."Description", e."DifficultyId", e."ExerciseWeightTypeId", e."ImageUrl", e."IsActive", e."IsUnilateral", e."KineticChainId", e."Name", e."VideoUrl"
      FROM "Exercises" AS e
dbug: Microsoft.EntityFrameworkCore.Database.Command[20301]
      Closing data reader to 'bddtestdb' on server 'tcp://127.0.0.1:33493'.
dbug: Microsoft.EntityFrameworkCore.Database.Command[20300]
      A data reader for 'bddtestdb' on server 'tcp://127.0.0.1:33493' is being disposed after spending 0ms reading results.
dbug: Microsoft.EntityFrameworkCore.Database.Command[20103]
      Creating DbCommand for 'ExecuteScalar'.
dbug: Microsoft.EntityFrameworkCore.Database.Command[20104]
      Created DbCommand for 'ExecuteScalar' (0ms).
dbug: Microsoft.EntityFrameworkCore.Database.Command[20106]
      Initialized DbCommand for 'ExecuteScalar' (0ms).
dbug: Microsoft.EntityFrameworkCore.Database.Command[20100]
      Executing DbCommand [Parameters=[], CommandType='Text', CommandTimeout='30']
      SELECT CASE WHEN COUNT(*) = 0 THEN FALSE ELSE TRUE END
      FROM pg_class AS cls
      JOIN pg_namespace AS ns ON ns.oid = cls.relnamespace
      WHERE
              cls.relkind IN ('r', 'v', 'm', 'f', 'p') AND
              ns.nspname NOT IN ('pg_catalog', 'information_schema') AND
              -- Exclude tables which are members of PG extensions
              NOT EXISTS (
                  SELECT 1 FROM pg_depend WHERE
                      classid=(
                          SELECT cls.oid
                          FROM pg_class AS cls
                                   JOIN pg_namespace AS ns ON ns.oid = cls.relnamespace
                          WHERE relname='pg_class' AND ns.nspname='pg_catalog'
                      ) AND
                      objid=cls.oid AND
                      deptype IN ('e', 'x')
              )
info: Microsoft.EntityFrameworkCore.Database.Command[20101]
      Executed DbCommand (1ms) [Parameters=[], CommandType='Text', CommandTimeout='30']
      SELECT CASE WHEN COUNT(*) = 0 THEN FALSE ELSE TRUE END
      FROM pg_class AS cls
      JOIN pg_namespace AS ns ON ns.oid = cls.relnamespace
      WHERE
              cls.relkind IN ('r', 'v', 'm', 'f', 'p') AND
              ns.nspname NOT IN ('pg_catalog', 'information_schema') AND
              -- Exclude tables which are members of PG extensions
              NOT EXISTS (
                  SELECT 1 FROM pg_depend WHERE
                      classid=(
                          SELECT cls.oid
                          FROM pg_class AS cls
                                   JOIN pg_namespace AS ns ON ns.oid = cls.relnamespace
                          WHERE relname='pg_class' AND ns.nspname='pg_catalog'
                      ) AND
                      objid=cls.oid AND
                      deptype IN ('e', 'x')
              )
info: 7/12/2025 16:05:40.048 RelationalEventId.CommandExecuted[20101] (Microsoft.EntityFrameworkCore.Database.Command) 
      Executed DbCommand (1ms) [Parameters=[], CommandType='Text', CommandTimeout='30']
      SELECT CASE WHEN COUNT(*) = 0 THEN FALSE ELSE TRUE END
      FROM pg_class AS cls
      JOIN pg_namespace AS ns ON ns.oid = cls.relnamespace
      WHERE
              cls.relkind IN ('r', 'v', 'm', 'f', 'p') AND
              ns.nspname NOT IN ('pg_catalog', 'information_schema') AND
              -- Exclude tables which are members of PG extensions
              NOT EXISTS (
                  SELECT 1 FROM pg_depend WHERE
                      classid=(
                          SELECT cls.oid
                          FROM pg_class AS cls
                                   JOIN pg_namespace AS ns ON ns.oid = cls.relnamespace
                          WHERE relname='pg_class' AND ns.nspname='pg_catalog'
                      ) AND
                      objid=cls.oid AND
                      deptype IN ('e', 'x')
              )
dbug: Microsoft.EntityFrameworkCore.Database.Command[20103]
      Creating DbCommand for 'ExecuteReader'.
dbug: Microsoft.EntityFrameworkCore.Database.Command[20104]
      Created DbCommand for 'ExecuteReader' (0ms).
dbug: Microsoft.EntityFrameworkCore.Database.Command[20106]
      Initialized DbCommand for 'ExecuteReader' (0ms).
dbug: Microsoft.EntityFrameworkCore.Database.Command[20100]
      Executing DbCommand [Parameters=[], CommandType='Text', CommandTimeout='30']
      SELECT EXISTS (
          SELECT 1
          FROM "BodyParts" AS b)
info: Microsoft.EntityFrameworkCore.Database.Command[20101]
      Executed DbCommand (0ms) [Parameters=[], CommandType='Text', CommandTimeout='30']
      SELECT EXISTS (
          SELECT 1
          FROM "BodyParts" AS b)
info: 7/12/2025 16:05:40.048 RelationalEventId.CommandExecuted[20101] (Microsoft.EntityFrameworkCore.Database.Command) 
      Executed DbCommand (0ms) [Parameters=[], CommandType='Text', CommandTimeout='30']
      SELECT EXISTS (
          SELECT 1
          FROM "BodyParts" AS b)
dbug: Microsoft.EntityFrameworkCore.Database.Command[20301]
      Closing data reader to 'bddtestdb' on server 'tcp://127.0.0.1:33493'.
dbug: Microsoft.EntityFrameworkCore.Database.Command[20300]
      A data reader for 'bddtestdb' on server 'tcp://127.0.0.1:33493' is being disposed after spending 0ms reading results.
dbug: Microsoft.EntityFrameworkCore.Database.Command[20103]
      Creating DbCommand for 'ExecuteReader'.
dbug: Microsoft.EntityFrameworkCore.Database.Command[20104]
      Created DbCommand for 'ExecuteReader' (0ms).
dbug: Microsoft.EntityFrameworkCore.Database.Command[20106]
      Initialized DbCommand for 'ExecuteReader' (0ms).
dbug: Microsoft.EntityFrameworkCore.Database.Command[20100]
      Executing DbCommand [Parameters=[], CommandType='Text', CommandTimeout='30']
      SELECT e."Id", e."CreatedAt", e."DisplayOrder", e."IsActive", e."LinkType", e."SourceExerciseId", e."TargetExerciseId", e."UpdatedAt"
      FROM "ExerciseLinks" AS e
info: Microsoft.EntityFrameworkCore.Database.Command[20101]
      Executed DbCommand (0ms) [Parameters=[], CommandType='Text', CommandTimeout='30']
      SELECT e."Id", e."CreatedAt", e."DisplayOrder", e."IsActive", e."LinkType", e."SourceExerciseId", e."TargetExerciseId", e."UpdatedAt"
      FROM "ExerciseLinks" AS e
info: 7/12/2025 16:05:40.051 RelationalEventId.CommandExecuted[20101] (Microsoft.EntityFrameworkCore.Database.Command) 
      Executed DbCommand (0ms) [Parameters=[], CommandType='Text', CommandTimeout='30']
      SELECT e."Id", e."CreatedAt", e."DisplayOrder", e."IsActive", e."LinkType", e."SourceExerciseId", e."TargetExerciseId", e."UpdatedAt"
      FROM "ExerciseLinks" AS e
dbug: Microsoft.EntityFrameworkCore.Database.Command[20301]
      Closing data reader to 'bddtestdb' on server 'tcp://127.0.0.1:33493'.
dbug: Microsoft.EntityFrameworkCore.Database.Command[20300]
      A data reader for 'bddtestdb' on server 'tcp://127.0.0.1:33493' is being disposed after spending 0ms reading results.
dbug: Microsoft.EntityFrameworkCore.Database.Command[20103]
      Creating DbCommand for 'ExecuteReader'.
dbug: Microsoft.EntityFrameworkCore.Database.Command[20104]
      Created DbCommand for 'ExecuteReader' (0ms).
dbug: Microsoft.EntityFrameworkCore.Database.Command[20106]
      Initialized DbCommand for 'ExecuteReader' (0ms).
dbug: Microsoft.EntityFrameworkCore.Database.Command[20100]
      Executing DbCommand [Parameters=[], CommandType='Text', CommandTimeout='30']
      SELECT e."Id", e."Description", e."DifficultyId", e."ExerciseWeightTypeId", e."ImageUrl", e."IsActive", e."IsUnilateral", e."KineticChainId", e."Name", e."VideoUrl"
      FROM "Exercises" AS e
info: Microsoft.EntityFrameworkCore.Database.Command[20101]
      Executed DbCommand (0ms) [Parameters=[], CommandType='Text', CommandTimeout='30']
      SELECT e."Id", e."Description", e."DifficultyId", e."ExerciseWeightTypeId", e."ImageUrl", e."IsActive", e."IsUnilateral", e."KineticChainId", e."Name", e."VideoUrl"
      FROM "Exercises" AS e
info: 7/12/2025 16:05:40.052 RelationalEventId.CommandExecuted[20101] (Microsoft.EntityFrameworkCore.Database.Command) 
      Executed DbCommand (0ms) [Parameters=[], CommandType='Text', CommandTimeout='30']
      SELECT e."Id", e."Description", e."DifficultyId", e."ExerciseWeightTypeId", e."ImageUrl", e."IsActive", e."IsUnilateral", e."KineticChainId", e."Name", e."VideoUrl"
      FROM "Exercises" AS e
dbug: Microsoft.EntityFrameworkCore.Database.Command[20301]
      Closing data reader to 'bddtestdb' on server 'tcp://127.0.0.1:33493'.
dbug: Microsoft.EntityFrameworkCore.Database.Command[20300]
      A data reader for 'bddtestdb' on server 'tcp://127.0.0.1:33493' is being disposed after spending 0ms reading results.
dbug: Microsoft.EntityFrameworkCore.Database.Command[20103]
      Creating DbCommand for 'ExecuteReader'.
dbug: Microsoft.EntityFrameworkCore.Database.Command[20104]
      Created DbCommand for 'ExecuteReader' (0ms).
dbug: Microsoft.EntityFrameworkCore.Database.Command[20106]
      Initialized DbCommand for 'ExecuteReader' (0ms).
dbug: Microsoft.EntityFrameworkCore.Database.Command[20100]
      Executing DbCommand [Parameters=[], CommandType='Text', CommandTimeout='30']
      SELECT e."Id", e."CreatedAt", e."DisplayOrder", e."IsActive", e."LinkType", e."SourceExerciseId", e."TargetExerciseId", e."UpdatedAt"
      FROM "ExerciseLinks" AS e
info: Microsoft.EntityFrameworkCore.Database.Command[20101]
      Executed DbCommand (0ms) [Parameters=[], CommandType='Text', CommandTimeout='30']
      SELECT e."Id", e."CreatedAt", e."DisplayOrder", e."IsActive", e."LinkType", e."SourceExerciseId", e."TargetExerciseId", e."UpdatedAt"
      FROM "ExerciseLinks" AS e
info: 7/12/2025 16:05:40.052 RelationalEventId.CommandExecuted[20101] (Microsoft.EntityFrameworkCore.Database.Command) 
      Executed DbCommand (0ms) [Parameters=[], CommandType='Text', CommandTimeout='30']
      SELECT e."Id", e."CreatedAt", e."DisplayOrder", e."IsActive", e."LinkType", e."SourceExerciseId", e."TargetExerciseId", e."UpdatedAt"
      FROM "ExerciseLinks" AS e
dbug: Microsoft.EntityFrameworkCore.Database.Command[20301]
      Closing data reader to 'bddtestdb' on server 'tcp://127.0.0.1:33493'.
dbug: Microsoft.EntityFrameworkCore.Database.Command[20300]
      A data reader for 'bddtestdb' on server 'tcp://127.0.0.1:33493' is being disposed after spending 0ms reading results.
dbug: Microsoft.EntityFrameworkCore.Database.Command[20103]
      Creating DbCommand for 'ExecuteReader'.
dbug: Microsoft.EntityFrameworkCore.Database.Command[20104]
      Created DbCommand for 'ExecuteReader' (0ms).
dbug: Microsoft.EntityFrameworkCore.Database.Command[20106]
      Initialized DbCommand for 'ExecuteReader' (0ms).
dbug: Microsoft.EntityFrameworkCore.Database.Command[20100]
      Executing DbCommand [Parameters=[], CommandType='Text', CommandTimeout='30']
      SELECT e."Id", e."Description", e."DifficultyId", e."ExerciseWeightTypeId", e."ImageUrl", e."IsActive", e."IsUnilateral", e."KineticChainId", e."Name", e."VideoUrl"
      FROM "Exercises" AS e
info: Microsoft.EntityFrameworkCore.Database.Command[20101]
      Executed DbCommand (0ms) [Parameters=[], CommandType='Text', CommandTimeout='30']
      SELECT e."Id", e."Description", e."DifficultyId", e."ExerciseWeightTypeId", e."ImageUrl", e."IsActive", e."IsUnilateral", e."KineticChainId", e."Name", e."VideoUrl"
      FROM "Exercises" AS e
info: 7/12/2025 16:05:40.053 RelationalEventId.CommandExecuted[20101] (Microsoft.EntityFrameworkCore.Database.Command) 
      Executed DbCommand (0ms) [Parameters=[], CommandType='Text', CommandTimeout='30']
      SELECT e."Id", e."Description", e."DifficultyId", e."ExerciseWeightTypeId", e."ImageUrl", e."IsActive", e."IsUnilateral", e."KineticChainId", e."Name", e."VideoUrl"
      FROM "Exercises" AS e
dbug: Microsoft.EntityFrameworkCore.Database.Command[20301]
      Closing data reader to 'bddtestdb' on server 'tcp://127.0.0.1:33493'.
dbug: Microsoft.EntityFrameworkCore.Database.Command[20300]
      A data reader for 'bddtestdb' on server 'tcp://127.0.0.1:33493' is being disposed after spending 0ms reading results.
dbug: Microsoft.EntityFrameworkCore.Database.Command[20103]
      Creating DbCommand for 'ExecuteScalar'.
dbug: Microsoft.EntityFrameworkCore.Database.Command[20104]
      Created DbCommand for 'ExecuteScalar' (0ms).
dbug: Microsoft.EntityFrameworkCore.Database.Command[20106]
      Initialized DbCommand for 'ExecuteScalar' (0ms).
dbug: Microsoft.EntityFrameworkCore.Database.Command[20100]
      Executing DbCommand [Parameters=[], CommandType='Text', CommandTimeout='30']
      SELECT CASE WHEN COUNT(*) = 0 THEN FALSE ELSE TRUE END
      FROM pg_class AS cls
      JOIN pg_namespace AS ns ON ns.oid = cls.relnamespace
      WHERE
              cls.relkind IN ('r', 'v', 'm', 'f', 'p') AND
              ns.nspname NOT IN ('pg_catalog', 'information_schema') AND
              -- Exclude tables which are members of PG extensions
              NOT EXISTS (
                  SELECT 1 FROM pg_depend WHERE
                      classid=(
                          SELECT cls.oid
                          FROM pg_class AS cls
                                   JOIN pg_namespace AS ns ON ns.oid = cls.relnamespace
                          WHERE relname='pg_class' AND ns.nspname='pg_catalog'
                      ) AND
                      objid=cls.oid AND
                      deptype IN ('e', 'x')
              )
info: Microsoft.EntityFrameworkCore.Database.Command[20101]
      Executed DbCommand (1ms) [Parameters=[], CommandType='Text', CommandTimeout='30']
      SELECT CASE WHEN COUNT(*) = 0 THEN FALSE ELSE TRUE END
      FROM pg_class AS cls
      JOIN pg_namespace AS ns ON ns.oid = cls.relnamespace
      WHERE
              cls.relkind IN ('r', 'v', 'm', 'f', 'p') AND
              ns.nspname NOT IN ('pg_catalog', 'information_schema') AND
              -- Exclude tables which are members of PG extensions
              NOT EXISTS (
                  SELECT 1 FROM pg_depend WHERE
                      classid=(
                          SELECT cls.oid
                          FROM pg_class AS cls
                                   JOIN pg_namespace AS ns ON ns.oid = cls.relnamespace
                          WHERE relname='pg_class' AND ns.nspname='pg_catalog'
                      ) AND
                      objid=cls.oid AND
                      deptype IN ('e', 'x')
              )
info: 7/12/2025 16:05:40.056 RelationalEventId.CommandExecuted[20101] (Microsoft.EntityFrameworkCore.Database.Command) 
      Executed DbCommand (1ms) [Parameters=[], CommandType='Text', CommandTimeout='30']
      SELECT CASE WHEN COUNT(*) = 0 THEN FALSE ELSE TRUE END
      FROM pg_class AS cls
      JOIN pg_namespace AS ns ON ns.oid = cls.relnamespace
      WHERE
              cls.relkind IN ('r', 'v', 'm', 'f', 'p') AND
              ns.nspname NOT IN ('pg_catalog', 'information_schema') AND
              -- Exclude tables which are members of PG extensions
              NOT EXISTS (
                  SELECT 1 FROM pg_depend WHERE
                      classid=(
                          SELECT cls.oid
                          FROM pg_class AS cls
                                   JOIN pg_namespace AS ns ON ns.oid = cls.relnamespace
                          WHERE relname='pg_class' AND ns.nspname='pg_catalog'
                      ) AND
                      objid=cls.oid AND
                      deptype IN ('e', 'x')
              )
dbug: Microsoft.EntityFrameworkCore.Database.Command[20103]
      Creating DbCommand for 'ExecuteReader'.
dbug: Microsoft.EntityFrameworkCore.Database.Command[20104]
      Created DbCommand for 'ExecuteReader' (0ms).
dbug: Microsoft.EntityFrameworkCore.Database.Command[20106]
      Initialized DbCommand for 'ExecuteReader' (0ms).
dbug: Microsoft.EntityFrameworkCore.Database.Command[20100]
      Executing DbCommand [Parameters=[], CommandType='Text', CommandTimeout='30']
      SELECT EXISTS (
          SELECT 1
          FROM "BodyParts" AS b)
info: Microsoft.EntityFrameworkCore.Database.Command[20101]
      Executed DbCommand (0ms) [Parameters=[], CommandType='Text', CommandTimeout='30']
      SELECT EXISTS (
          SELECT 1
          FROM "BodyParts" AS b)
info: 7/12/2025 16:05:40.057 RelationalEventId.CommandExecuted[20101] (Microsoft.EntityFrameworkCore.Database.Command) 
      Executed DbCommand (0ms) [Parameters=[], CommandType='Text', CommandTimeout='30']
      SELECT EXISTS (
          SELECT 1
          FROM "BodyParts" AS b)
dbug: Microsoft.EntityFrameworkCore.Database.Command[20301]
      Closing data reader to 'bddtestdb' on server 'tcp://127.0.0.1:33493'.
dbug: Microsoft.EntityFrameworkCore.Database.Command[20300]
      A data reader for 'bddtestdb' on server 'tcp://127.0.0.1:33493' is being disposed after spending 0ms reading results.
dbug: Microsoft.EntityFrameworkCore.Database.Command[20103]
      Creating DbCommand for 'ExecuteScalar'.
dbug: Microsoft.EntityFrameworkCore.Database.Command[20104]
      Created DbCommand for 'ExecuteScalar' (0ms).
dbug: Microsoft.EntityFrameworkCore.Database.Command[20106]
      Initialized DbCommand for 'ExecuteScalar' (0ms).
dbug: Microsoft.EntityFrameworkCore.Database.Command[20100]
      Executing DbCommand [Parameters=[], CommandType='Text', CommandTimeout='30']
      SELECT CASE WHEN COUNT(*) = 0 THEN FALSE ELSE TRUE END
      FROM pg_class AS cls
      JOIN pg_namespace AS ns ON ns.oid = cls.relnamespace
      WHERE
              cls.relkind IN ('r', 'v', 'm', 'f', 'p') AND
              ns.nspname NOT IN ('pg_catalog', 'information_schema') AND
              -- Exclude tables which are members of PG extensions
              NOT EXISTS (
                  SELECT 1 FROM pg_depend WHERE
                      classid=(
                          SELECT cls.oid
                          FROM pg_class AS cls
                                   JOIN pg_namespace AS ns ON ns.oid = cls.relnamespace
                          WHERE relname='pg_class' AND ns.nspname='pg_catalog'
                      ) AND
                      objid=cls.oid AND
                      deptype IN ('e', 'x')
              )
info: Microsoft.EntityFrameworkCore.Database.Command[20101]
      Executed DbCommand (1ms) [Parameters=[], CommandType='Text', CommandTimeout='30']
      SELECT CASE WHEN COUNT(*) = 0 THEN FALSE ELSE TRUE END
      FROM pg_class AS cls
      JOIN pg_namespace AS ns ON ns.oid = cls.relnamespace
      WHERE
              cls.relkind IN ('r', 'v', 'm', 'f', 'p') AND
              ns.nspname NOT IN ('pg_catalog', 'information_schema') AND
              -- Exclude tables which are members of PG extensions
              NOT EXISTS (
                  SELECT 1 FROM pg_depend WHERE
                      classid=(
                          SELECT cls.oid
                          FROM pg_class AS cls
                                   JOIN pg_namespace AS ns ON ns.oid = cls.relnamespace
                          WHERE relname='pg_class' AND ns.nspname='pg_catalog'
                      ) AND
                      objid=cls.oid AND
                      deptype IN ('e', 'x')
              )
info: 7/12/2025 16:05:40.063 RelationalEventId.CommandExecuted[20101] (Microsoft.EntityFrameworkCore.Database.Command) 
      Executed DbCommand (1ms) [Parameters=[], CommandType='Text', CommandTimeout='30']
      SELECT CASE WHEN COUNT(*) = 0 THEN FALSE ELSE TRUE END
      FROM pg_class AS cls
      JOIN pg_namespace AS ns ON ns.oid = cls.relnamespace
      WHERE
              cls.relkind IN ('r', 'v', 'm', 'f', 'p') AND
              ns.nspname NOT IN ('pg_catalog', 'information_schema') AND
              -- Exclude tables which are members of PG extensions
              NOT EXISTS (
                  SELECT 1 FROM pg_depend WHERE
                      classid=(
                          SELECT cls.oid
                          FROM pg_class AS cls
                                   JOIN pg_namespace AS ns ON ns.oid = cls.relnamespace
                          WHERE relname='pg_class' AND ns.nspname='pg_catalog'
                      ) AND
                      objid=cls.oid AND
                      deptype IN ('e', 'x')
              )
dbug: Microsoft.EntityFrameworkCore.Database.Command[20103]
      Creating DbCommand for 'ExecuteReader'.
dbug: Microsoft.EntityFrameworkCore.Database.Command[20104]
      Created DbCommand for 'ExecuteReader' (0ms).
dbug: Microsoft.EntityFrameworkCore.Database.Command[20106]
      Initialized DbCommand for 'ExecuteReader' (0ms).
dbug: Microsoft.EntityFrameworkCore.Database.Command[20100]
      Executing DbCommand [Parameters=[], CommandType='Text', CommandTimeout='30']
      SELECT EXISTS (
          SELECT 1
          FROM "BodyParts" AS b)
info: Microsoft.EntityFrameworkCore.Database.Command[20101]
      Executed DbCommand (0ms) [Parameters=[], CommandType='Text', CommandTimeout='30']
      SELECT EXISTS (
          SELECT 1
          FROM "BodyParts" AS b)
info: 7/12/2025 16:05:40.064 RelationalEventId.CommandExecuted[20101] (Microsoft.EntityFrameworkCore.Database.Command) 
      Executed DbCommand (0ms) [Parameters=[], CommandType='Text', CommandTimeout='30']
      SELECT EXISTS (
          SELECT 1
          FROM "BodyParts" AS b)
dbug: Microsoft.EntityFrameworkCore.Database.Command[20301]
      Closing data reader to 'bddtestdb' on server 'tcp://127.0.0.1:33493'.
dbug: Microsoft.EntityFrameworkCore.Database.Command[20300]
      A data reader for 'bddtestdb' on server 'tcp://127.0.0.1:33493' is being disposed after spending 0ms reading results.
dbug: Microsoft.EntityFrameworkCore.Database.Command[20103]
      Creating DbCommand for 'ExecuteReader'.
dbug: Microsoft.EntityFrameworkCore.Database.Command[20104]
      Created DbCommand for 'ExecuteReader' (0ms).
dbug: Microsoft.EntityFrameworkCore.Database.Command[20106]
      Initialized DbCommand for 'ExecuteReader' (0ms).
dbug: Microsoft.EntityFrameworkCore.Database.Command[20100]
      Executing DbCommand [Parameters=[], CommandType='Text', CommandTimeout='30']
      SELECT e."Id", e."CreatedAt", e."DisplayOrder", e."IsActive", e."LinkType", e."SourceExerciseId", e."TargetExerciseId", e."UpdatedAt"
      FROM "ExerciseLinks" AS e
info: Microsoft.EntityFrameworkCore.Database.Command[20101]
      Executed DbCommand (0ms) [Parameters=[], CommandType='Text', CommandTimeout='30']
      SELECT e."Id", e."CreatedAt", e."DisplayOrder", e."IsActive", e."LinkType", e."SourceExerciseId", e."TargetExerciseId", e."UpdatedAt"
      FROM "ExerciseLinks" AS e
info: 7/12/2025 16:05:40.067 RelationalEventId.CommandExecuted[20101] (Microsoft.EntityFrameworkCore.Database.Command) 
      Executed DbCommand (0ms) [Parameters=[], CommandType='Text', CommandTimeout='30']
      SELECT e."Id", e."CreatedAt", e."DisplayOrder", e."IsActive", e."LinkType", e."SourceExerciseId", e."TargetExerciseId", e."UpdatedAt"
      FROM "ExerciseLinks" AS e
dbug: Microsoft.EntityFrameworkCore.Database.Command[20301]
      Closing data reader to 'bddtestdb' on server 'tcp://127.0.0.1:33493'.
dbug: Microsoft.EntityFrameworkCore.Database.Command[20300]
      A data reader for 'bddtestdb' on server 'tcp://127.0.0.1:33493' is being disposed after spending 0ms reading results.
dbug: Microsoft.EntityFrameworkCore.Database.Command[20103]
      Creating DbCommand for 'ExecuteReader'.
dbug: Microsoft.EntityFrameworkCore.Database.Command[20104]
      Created DbCommand for 'ExecuteReader' (0ms).
dbug: Microsoft.EntityFrameworkCore.Database.Command[20106]
      Initialized DbCommand for 'ExecuteReader' (0ms).
dbug: Microsoft.EntityFrameworkCore.Database.Command[20100]
      Executing DbCommand [Parameters=[], CommandType='Text', CommandTimeout='30']
      SELECT e."Id", e."Description", e."DifficultyId", e."ExerciseWeightTypeId", e."ImageUrl", e."IsActive", e."IsUnilateral", e."KineticChainId", e."Name", e."VideoUrl"
      FROM "Exercises" AS e
info: Microsoft.EntityFrameworkCore.Database.Command[20101]
      Executed DbCommand (0ms) [Parameters=[], CommandType='Text', CommandTimeout='30']
      SELECT e."Id", e."Description", e."DifficultyId", e."ExerciseWeightTypeId", e."ImageUrl", e."IsActive", e."IsUnilateral", e."KineticChainId", e."Name", e."VideoUrl"
      FROM "Exercises" AS e
info: 7/12/2025 16:05:40.067 RelationalEventId.CommandExecuted[20101] (Microsoft.EntityFrameworkCore.Database.Command) 
      Executed DbCommand (0ms) [Parameters=[], CommandType='Text', CommandTimeout='30']
      SELECT e."Id", e."Description", e."DifficultyId", e."ExerciseWeightTypeId", e."ImageUrl", e."IsActive", e."IsUnilateral", e."KineticChainId", e."Name", e."VideoUrl"
      FROM "Exercises" AS e
dbug: Microsoft.EntityFrameworkCore.Database.Command[20301]
      Closing data reader to 'bddtestdb' on server 'tcp://127.0.0.1:33493'.
dbug: Microsoft.EntityFrameworkCore.Database.Command[20300]
      A data reader for 'bddtestdb' on server 'tcp://127.0.0.1:33493' is being disposed after spending 0ms reading results.
dbug: Microsoft.EntityFrameworkCore.Database.Command[20103]
      Creating DbCommand for 'ExecuteScalar'.
dbug: Microsoft.EntityFrameworkCore.Database.Command[20104]
      Created DbCommand for 'ExecuteScalar' (0ms).
dbug: Microsoft.EntityFrameworkCore.Database.Command[20106]
      Initialized DbCommand for 'ExecuteScalar' (0ms).
dbug: Microsoft.EntityFrameworkCore.Database.Command[20100]
      Executing DbCommand [Parameters=[], CommandType='Text', CommandTimeout='30']
      SELECT CASE WHEN COUNT(*) = 0 THEN FALSE ELSE TRUE END
      FROM pg_class AS cls
      JOIN pg_namespace AS ns ON ns.oid = cls.relnamespace
      WHERE
              cls.relkind IN ('r', 'v', 'm', 'f', 'p') AND
              ns.nspname NOT IN ('pg_catalog', 'information_schema') AND
              -- Exclude tables which are members of PG extensions
              NOT EXISTS (
                  SELECT 1 FROM pg_depend WHERE
                      classid=(
                          SELECT cls.oid
                          FROM pg_class AS cls
                                   JOIN pg_namespace AS ns ON ns.oid = cls.relnamespace
                          WHERE relname='pg_class' AND ns.nspname='pg_catalog'
                      ) AND
                      objid=cls.oid AND
                      deptype IN ('e', 'x')
              )
info: Microsoft.EntityFrameworkCore.Database.Command[20101]
      Executed DbCommand (1ms) [Parameters=[], CommandType='Text', CommandTimeout='30']
      SELECT CASE WHEN COUNT(*) = 0 THEN FALSE ELSE TRUE END
      FROM pg_class AS cls
      JOIN pg_namespace AS ns ON ns.oid = cls.relnamespace
      WHERE
              cls.relkind IN ('r', 'v', 'm', 'f', 'p') AND
              ns.nspname NOT IN ('pg_catalog', 'information_schema') AND
              -- Exclude tables which are members of PG extensions
              NOT EXISTS (
                  SELECT 1 FROM pg_depend WHERE
                      classid=(
                          SELECT cls.oid
                          FROM pg_class AS cls
                                   JOIN pg_namespace AS ns ON ns.oid = cls.relnamespace
                          WHERE relname='pg_class' AND ns.nspname='pg_catalog'
                      ) AND
                      objid=cls.oid AND
                      deptype IN ('e', 'x')
              )
info: 7/12/2025 16:05:40.073 RelationalEventId.CommandExecuted[20101] (Microsoft.EntityFrameworkCore.Database.Command) 
      Executed DbCommand (1ms) [Parameters=[], CommandType='Text', CommandTimeout='30']
      SELECT CASE WHEN COUNT(*) = 0 THEN FALSE ELSE TRUE END
      FROM pg_class AS cls
      JOIN pg_namespace AS ns ON ns.oid = cls.relnamespace
      WHERE
              cls.relkind IN ('r', 'v', 'm', 'f', 'p') AND
              ns.nspname NOT IN ('pg_catalog', 'information_schema') AND
              -- Exclude tables which are members of PG extensions
              NOT EXISTS (
                  SELECT 1 FROM pg_depend WHERE
                      classid=(
                          SELECT cls.oid
                          FROM pg_class AS cls
                                   JOIN pg_namespace AS ns ON ns.oid = cls.relnamespace
                          WHERE relname='pg_class' AND ns.nspname='pg_catalog'
                      ) AND
                      objid=cls.oid AND
                      deptype IN ('e', 'x')
              )
dbug: Microsoft.EntityFrameworkCore.Database.Command[20103]
      Creating DbCommand for 'ExecuteReader'.
dbug: Microsoft.EntityFrameworkCore.Database.Command[20104]
      Created DbCommand for 'ExecuteReader' (0ms).
dbug: Microsoft.EntityFrameworkCore.Database.Command[20106]
      Initialized DbCommand for 'ExecuteReader' (0ms).
dbug: Microsoft.EntityFrameworkCore.Database.Command[20100]
      Executing DbCommand [Parameters=[], CommandType='Text', CommandTimeout='30']
      SELECT EXISTS (
          SELECT 1
          FROM "BodyParts" AS b)
info: Microsoft.EntityFrameworkCore.Database.Command[20101]
      Executed DbCommand (0ms) [Parameters=[], CommandType='Text', CommandTimeout='30']
      SELECT EXISTS (
          SELECT 1
          FROM "BodyParts" AS b)
info: 7/12/2025 16:05:40.074 RelationalEventId.CommandExecuted[20101] (Microsoft.EntityFrameworkCore.Database.Command) 
      Executed DbCommand (0ms) [Parameters=[], CommandType='Text', CommandTimeout='30']
      SELECT EXISTS (
          SELECT 1
          FROM "BodyParts" AS b)
dbug: Microsoft.EntityFrameworkCore.Database.Command[20301]
      Closing data reader to 'bddtestdb' on server 'tcp://127.0.0.1:33493'.
dbug: Microsoft.EntityFrameworkCore.Database.Command[20300]
      A data reader for 'bddtestdb' on server 'tcp://127.0.0.1:33493' is being disposed after spending 0ms reading results.
dbug: Microsoft.EntityFrameworkCore.Database.Command[20103]
      Creating DbCommand for 'ExecuteReader'.
dbug: Microsoft.EntityFrameworkCore.Database.Command[20104]
      Created DbCommand for 'ExecuteReader' (0ms).
dbug: Microsoft.EntityFrameworkCore.Database.Command[20106]
      Initialized DbCommand for 'ExecuteReader' (0ms).
dbug: Microsoft.EntityFrameworkCore.Database.Command[20100]
      Executing DbCommand [Parameters=[], CommandType='Text', CommandTimeout='30']
      SELECT e."Id", e."CreatedAt", e."DisplayOrder", e."IsActive", e."LinkType", e."SourceExerciseId", e."TargetExerciseId", e."UpdatedAt"
      FROM "ExerciseLinks" AS e
info: Microsoft.EntityFrameworkCore.Database.Command[20101]
      Executed DbCommand (0ms) [Parameters=[], CommandType='Text', CommandTimeout='30']
      SELECT e."Id", e."CreatedAt", e."DisplayOrder", e."IsActive", e."LinkType", e."SourceExerciseId", e."TargetExerciseId", e."UpdatedAt"
      FROM "ExerciseLinks" AS e
info: 7/12/2025 16:05:40.078 RelationalEventId.CommandExecuted[20101] (Microsoft.EntityFrameworkCore.Database.Command) 
      Executed DbCommand (0ms) [Parameters=[], CommandType='Text', CommandTimeout='30']
      SELECT e."Id", e."CreatedAt", e."DisplayOrder", e."IsActive", e."LinkType", e."SourceExerciseId", e."TargetExerciseId", e."UpdatedAt"
      FROM "ExerciseLinks" AS e
dbug: Microsoft.EntityFrameworkCore.Database.Command[20301]
      Closing data reader to 'bddtestdb' on server 'tcp://127.0.0.1:33493'.
dbug: Microsoft.EntityFrameworkCore.Database.Command[20300]
      A data reader for 'bddtestdb' on server 'tcp://127.0.0.1:33493' is being disposed after spending 0ms reading results.
dbug: Microsoft.EntityFrameworkCore.Database.Command[20103]
      Creating DbCommand for 'ExecuteReader'.
dbug: Microsoft.EntityFrameworkCore.Database.Command[20104]
      Created DbCommand for 'ExecuteReader' (0ms).
dbug: Microsoft.EntityFrameworkCore.Database.Command[20106]
      Initialized DbCommand for 'ExecuteReader' (0ms).
dbug: Microsoft.EntityFrameworkCore.Database.Command[20100]
      Executing DbCommand [Parameters=[], CommandType='Text', CommandTimeout='30']
      SELECT e."Id", e."Description", e."DifficultyId", e."ExerciseWeightTypeId", e."ImageUrl", e."IsActive", e."IsUnilateral", e."KineticChainId", e."Name", e."VideoUrl"
      FROM "Exercises" AS e
info: Microsoft.EntityFrameworkCore.Database.Command[20101]
      Executed DbCommand (0ms) [Parameters=[], CommandType='Text', CommandTimeout='30']
      SELECT e."Id", e."Description", e."DifficultyId", e."ExerciseWeightTypeId", e."ImageUrl", e."IsActive", e."IsUnilateral", e."KineticChainId", e."Name", e."VideoUrl"
      FROM "Exercises" AS e
info: 7/12/2025 16:05:40.078 RelationalEventId.CommandExecuted[20101] (Microsoft.EntityFrameworkCore.Database.Command) 
      Executed DbCommand (0ms) [Parameters=[], CommandType='Text', CommandTimeout='30']
      SELECT e."Id", e."Description", e."DifficultyId", e."ExerciseWeightTypeId", e."ImageUrl", e."IsActive", e."IsUnilateral", e."KineticChainId", e."Name", e."VideoUrl"
      FROM "Exercises" AS e
dbug: Microsoft.EntityFrameworkCore.Database.Command[20301]
      Closing data reader to 'bddtestdb' on server 'tcp://127.0.0.1:33493'.
dbug: Microsoft.EntityFrameworkCore.Database.Command[20300]
      A data reader for 'bddtestdb' on server 'tcp://127.0.0.1:33493' is being disposed after spending 0ms reading results.
dbug: Microsoft.EntityFrameworkCore.Database.Command[20103]
      Creating DbCommand for 'ExecuteReader'.
dbug: Microsoft.EntityFrameworkCore.Database.Command[20104]
      Created DbCommand for 'ExecuteReader' (0ms).
dbug: Microsoft.EntityFrameworkCore.Database.Command[20106]
      Initialized DbCommand for 'ExecuteReader' (0ms).
dbug: Microsoft.EntityFrameworkCore.Database.Command[20100]
      Executing DbCommand [Parameters=[], CommandType='Text', CommandTimeout='30']
      SELECT e."Id", e."CreatedAt", e."DisplayOrder", e."IsActive", e."LinkType", e."SourceExerciseId", e."TargetExerciseId", e."UpdatedAt"
      FROM "ExerciseLinks" AS e
info: Microsoft.EntityFrameworkCore.Database.Command[20101]
      Executed DbCommand (0ms) [Parameters=[], CommandType='Text', CommandTimeout='30']
      SELECT e."Id", e."CreatedAt", e."DisplayOrder", e."IsActive", e."LinkType", e."SourceExerciseId", e."TargetExerciseId", e."UpdatedAt"
      FROM "ExerciseLinks" AS e
info: 7/12/2025 16:05:40.079 RelationalEventId.CommandExecuted[20101] (Microsoft.EntityFrameworkCore.Database.Command) 
      Executed DbCommand (0ms) [Parameters=[], CommandType='Text', CommandTimeout='30']
      SELECT e."Id", e."CreatedAt", e."DisplayOrder", e."IsActive", e."LinkType", e."SourceExerciseId", e."TargetExerciseId", e."UpdatedAt"
      FROM "ExerciseLinks" AS e
dbug: Microsoft.EntityFrameworkCore.Database.Command[20301]
      Closing data reader to 'bddtestdb' on server 'tcp://127.0.0.1:33493'.
dbug: Microsoft.EntityFrameworkCore.Database.Command[20300]
      A data reader for 'bddtestdb' on server 'tcp://127.0.0.1:33493' is being disposed after spending 0ms reading results.
dbug: Microsoft.EntityFrameworkCore.Database.Command[20103]
      Creating DbCommand for 'ExecuteReader'.
dbug: Microsoft.EntityFrameworkCore.Database.Command[20104]
      Created DbCommand for 'ExecuteReader' (0ms).
dbug: Microsoft.EntityFrameworkCore.Database.Command[20106]
      Initialized DbCommand for 'ExecuteReader' (0ms).
dbug: Microsoft.EntityFrameworkCore.Database.Command[20100]
      Executing DbCommand [Parameters=[], CommandType='Text', CommandTimeout='30']
      SELECT e."Id", e."Description", e."DifficultyId", e."ExerciseWeightTypeId", e."ImageUrl", e."IsActive", e."IsUnilateral", e."KineticChainId", e."Name", e."VideoUrl"
      FROM "Exercises" AS e
info: Microsoft.EntityFrameworkCore.Database.Command[20101]
      Executed DbCommand (0ms) [Parameters=[], CommandType='Text', CommandTimeout='30']
      SELECT e."Id", e."Description", e."DifficultyId", e."ExerciseWeightTypeId", e."ImageUrl", e."IsActive", e."IsUnilateral", e."KineticChainId", e."Name", e."VideoUrl"
      FROM "Exercises" AS e
info: 7/12/2025 16:05:40.079 RelationalEventId.CommandExecuted[20101] (Microsoft.EntityFrameworkCore.Database.Command) 
      Executed DbCommand (0ms) [Parameters=[], CommandType='Text', CommandTimeout='30']
      SELECT e."Id", e."Description", e."DifficultyId", e."ExerciseWeightTypeId", e."ImageUrl", e."IsActive", e."IsUnilateral", e."KineticChainId", e."Name", e."VideoUrl"
      FROM "Exercises" AS e
dbug: Microsoft.EntityFrameworkCore.Database.Command[20301]
      Closing data reader to 'bddtestdb' on server 'tcp://127.0.0.1:33493'.
dbug: Microsoft.EntityFrameworkCore.Database.Command[20300]
      A data reader for 'bddtestdb' on server 'tcp://127.0.0.1:33493' is being disposed after spending 0ms reading results.
dbug: Microsoft.EntityFrameworkCore.Database.Command[20103]
      Creating DbCommand for 'ExecuteScalar'.
dbug: Microsoft.EntityFrameworkCore.Database.Command[20104]
      Created DbCommand for 'ExecuteScalar' (0ms).
dbug: Microsoft.EntityFrameworkCore.Database.Command[20106]
      Initialized DbCommand for 'ExecuteScalar' (0ms).
dbug: Microsoft.EntityFrameworkCore.Database.Command[20100]
      Executing DbCommand [Parameters=[], CommandType='Text', CommandTimeout='30']
      SELECT CASE WHEN COUNT(*) = 0 THEN FALSE ELSE TRUE END
      FROM pg_class AS cls
      JOIN pg_namespace AS ns ON ns.oid = cls.relnamespace
      WHERE
              cls.relkind IN ('r', 'v', 'm', 'f', 'p') AND
              ns.nspname NOT IN ('pg_catalog', 'information_schema') AND
              -- Exclude tables which are members of PG extensions
              NOT EXISTS (
                  SELECT 1 FROM pg_depend WHERE
                      classid=(
                          SELECT cls.oid
                          FROM pg_class AS cls
                                   JOIN pg_namespace AS ns ON ns.oid = cls.relnamespace
                          WHERE relname='pg_class' AND ns.nspname='pg_catalog'
                      ) AND
                      objid=cls.oid AND
                      deptype IN ('e', 'x')
              )
info: Microsoft.EntityFrameworkCore.Database.Command[20101]
      Executed DbCommand (1ms) [Parameters=[], CommandType='Text', CommandTimeout='30']
      SELECT CASE WHEN COUNT(*) = 0 THEN FALSE ELSE TRUE END
      FROM pg_class AS cls
      JOIN pg_namespace AS ns ON ns.oid = cls.relnamespace
      WHERE
              cls.relkind IN ('r', 'v', 'm', 'f', 'p') AND
              ns.nspname NOT IN ('pg_catalog', 'information_schema') AND
              -- Exclude tables which are members of PG extensions
              NOT EXISTS (
                  SELECT 1 FROM pg_depend WHERE
                      classid=(
                          SELECT cls.oid
                          FROM pg_class AS cls
                                   JOIN pg_namespace AS ns ON ns.oid = cls.relnamespace
                          WHERE relname='pg_class' AND ns.nspname='pg_catalog'
                      ) AND
                      objid=cls.oid AND
                      deptype IN ('e', 'x')
              )
info: 7/12/2025 16:05:40.082 RelationalEventId.CommandExecuted[20101] (Microsoft.EntityFrameworkCore.Database.Command) 
      Executed DbCommand (1ms) [Parameters=[], CommandType='Text', CommandTimeout='30']
      SELECT CASE WHEN COUNT(*) = 0 THEN FALSE ELSE TRUE END
      FROM pg_class AS cls
      JOIN pg_namespace AS ns ON ns.oid = cls.relnamespace
      WHERE
              cls.relkind IN ('r', 'v', 'm', 'f', 'p') AND
              ns.nspname NOT IN ('pg_catalog', 'information_schema') AND
              -- Exclude tables which are members of PG extensions
              NOT EXISTS (
                  SELECT 1 FROM pg_depend WHERE
                      classid=(
                          SELECT cls.oid
                          FROM pg_class AS cls
                                   JOIN pg_namespace AS ns ON ns.oid = cls.relnamespace
                          WHERE relname='pg_class' AND ns.nspname='pg_catalog'
                      ) AND
                      objid=cls.oid AND
                      deptype IN ('e', 'x')
              )
dbug: Microsoft.EntityFrameworkCore.Database.Command[20103]
      Creating DbCommand for 'ExecuteReader'.
dbug: Microsoft.EntityFrameworkCore.Database.Command[20104]
      Created DbCommand for 'ExecuteReader' (0ms).
dbug: Microsoft.EntityFrameworkCore.Database.Command[20106]
      Initialized DbCommand for 'ExecuteReader' (0ms).
dbug: Microsoft.EntityFrameworkCore.Database.Command[20100]
      Executing DbCommand [Parameters=[], CommandType='Text', CommandTimeout='30']
      SELECT EXISTS (
          SELECT 1
          FROM "BodyParts" AS b)
info: Microsoft.EntityFrameworkCore.Database.Command[20101]
      Executed DbCommand (0ms) [Parameters=[], CommandType='Text', CommandTimeout='30']
      SELECT EXISTS (
          SELECT 1
          FROM "BodyParts" AS b)
info: 7/12/2025 16:05:40.083 RelationalEventId.CommandExecuted[20101] (Microsoft.EntityFrameworkCore.Database.Command) 
      Executed DbCommand (0ms) [Parameters=[], CommandType='Text', CommandTimeout='30']
      SELECT EXISTS (
          SELECT 1
          FROM "BodyParts" AS b)
dbug: Microsoft.EntityFrameworkCore.Database.Command[20301]
      Closing data reader to 'bddtestdb' on server 'tcp://127.0.0.1:33493'.
dbug: Microsoft.EntityFrameworkCore.Database.Command[20300]
      A data reader for 'bddtestdb' on server 'tcp://127.0.0.1:33493' is being disposed after spending 0ms reading results.
dbug: Microsoft.EntityFrameworkCore.Database.Command[20103]
      Creating DbCommand for 'ExecuteReader'.
dbug: Microsoft.EntityFrameworkCore.Database.Command[20104]
      Created DbCommand for 'ExecuteReader' (0ms).
dbug: Microsoft.EntityFrameworkCore.Database.Command[20106]
      Initialized DbCommand for 'ExecuteReader' (0ms).
dbug: Microsoft.EntityFrameworkCore.Database.Command[20100]
      Executing DbCommand [Parameters=[], CommandType='Text', CommandTimeout='30']
      SELECT e."Id", e."CreatedAt", e."DisplayOrder", e."IsActive", e."LinkType", e."SourceExerciseId", e."TargetExerciseId", e."UpdatedAt"
      FROM "ExerciseLinks" AS e
info: Microsoft.EntityFrameworkCore.Database.Command[20101]
      Executed DbCommand (0ms) [Parameters=[], CommandType='Text', CommandTimeout='30']
      SELECT e."Id", e."CreatedAt", e."DisplayOrder", e."IsActive", e."LinkType", e."SourceExerciseId", e."TargetExerciseId", e."UpdatedAt"
      FROM "ExerciseLinks" AS e
info: 7/12/2025 16:05:40.084 RelationalEventId.CommandExecuted[20101] (Microsoft.EntityFrameworkCore.Database.Command) 
      Executed DbCommand (0ms) [Parameters=[], CommandType='Text', CommandTimeout='30']
      SELECT e."Id", e."CreatedAt", e."DisplayOrder", e."IsActive", e."LinkType", e."SourceExerciseId", e."TargetExerciseId", e."UpdatedAt"
      FROM "ExerciseLinks" AS e
dbug: Microsoft.EntityFrameworkCore.Database.Command[20301]
      Closing data reader to 'bddtestdb' on server 'tcp://127.0.0.1:33493'.
dbug: Microsoft.EntityFrameworkCore.Database.Command[20300]
      A data reader for 'bddtestdb' on server 'tcp://127.0.0.1:33493' is being disposed after spending 0ms reading results.
dbug: Microsoft.EntityFrameworkCore.Database.Command[20103]
      Creating DbCommand for 'ExecuteReader'.
dbug: Microsoft.EntityFrameworkCore.Database.Command[20104]
      Created DbCommand for 'ExecuteReader' (0ms).
dbug: Microsoft.EntityFrameworkCore.Database.Command[20106]
      Initialized DbCommand for 'ExecuteReader' (0ms).
dbug: Microsoft.EntityFrameworkCore.Database.Command[20100]
      Executing DbCommand [Parameters=[], CommandType='Text', CommandTimeout='30']
      SELECT e."Id", e."Description", e."DifficultyId", e."ExerciseWeightTypeId", e."ImageUrl", e."IsActive", e."IsUnilateral", e."KineticChainId", e."Name", e."VideoUrl"
      FROM "Exercises" AS e
info: Microsoft.EntityFrameworkCore.Database.Command[20101]
      Executed DbCommand (0ms) [Parameters=[], CommandType='Text', CommandTimeout='30']
      SELECT e."Id", e."Description", e."DifficultyId", e."ExerciseWeightTypeId", e."ImageUrl", e."IsActive", e."IsUnilateral", e."KineticChainId", e."Name", e."VideoUrl"
      FROM "Exercises" AS e
info: 7/12/2025 16:05:40.084 RelationalEventId.CommandExecuted[20101] (Microsoft.EntityFrameworkCore.Database.Command) 
      Executed DbCommand (0ms) [Parameters=[], CommandType='Text', CommandTimeout='30']
      SELECT e."Id", e."Description", e."DifficultyId", e."ExerciseWeightTypeId", e."ImageUrl", e."IsActive", e."IsUnilateral", e."KineticChainId", e."Name", e."VideoUrl"
      FROM "Exercises" AS e
dbug: Microsoft.EntityFrameworkCore.Database.Command[20301]
      Closing data reader to 'bddtestdb' on server 'tcp://127.0.0.1:33493'.
dbug: Microsoft.EntityFrameworkCore.Database.Command[20300]
      A data reader for 'bddtestdb' on server 'tcp://127.0.0.1:33493' is being disposed after spending 0ms reading results.
-&gt; #XW002: Completed feature: Difficulty Levels Reference Data
[testcontainers.org 00:00:04.35] Delete Docker container 80f9ca26c504
[testcontainers.org 00:00:04.50] Delete Docker container 5c5916a8dcfb
[xUnit.net 00:00:04.98]   Finished:    GetFitterGetBigger.API.IntegrationTests
</StdOut>
    </Output>
    <RunInfos>
      <RunInfo computerName="DesktopUbuntu" outcome="Error" timestamp="2025-07-12T16:05:39.7393305+02:00">
        <Text>[xUnit.net 00:00:04.33]     Get difficulty level by valid ID [FAIL]</Text>
      </RunInfo>
      <RunInfo computerName="DesktopUbuntu" outcome="Error" timestamp="2025-07-12T16:05:39.7839612+02:00">
        <Text>[xUnit.net 00:00:04.38]     Get difficulty level by value with different casing(casing: "beginner", exampleTags: []) [FAIL]</Text>
      </RunInfo>
      <RunInfo computerName="DesktopUbuntu" outcome="Error" timestamp="2025-07-12T16:05:39.8167540+02:00">
        <Text>[xUnit.net 00:00:04.41]     Get difficulty level by value with different casing(casing: "BEGINNER", exampleTags: []) [FAIL]</Text>
      </RunInfo>
      <RunInfo computerName="DesktopUbuntu" outcome="Error" timestamp="2025-07-12T16:05:39.8431302+02:00">
        <Text>[xUnit.net 00:00:04.43]     Get difficulty level by value with different casing(casing: "BeGiNnEr", exampleTags: []) [FAIL]</Text>
      </RunInfo>
      <RunInfo computerName="DesktopUbuntu" outcome="Error" timestamp="2025-07-12T16:05:39.8768290+02:00">
        <Text>[xUnit.net 00:00:04.47]     Get difficulty level by value with different casing(casing: "Beginner", exampleTags: []) [FAIL]</Text>
      </RunInfo>
      <RunInfo computerName="DesktopUbuntu" outcome="Error" timestamp="2025-07-12T16:05:39.9147467+02:00">
        <Text>[xUnit.net 00:00:04.51]     Get difficulty level by valid value [FAIL]</Text>
      </RunInfo>
    </RunInfos>
  </ResultSummary>
</TestRun>