<?xml version="1.0" encoding="utf-8"?>
<TestRun id="33349233-9ef4-4e4a-adee-3194aa7a9647" name="@DesktopUbuntu 2025-07-12 16:16:36" xmlns="http://microsoft.com/schemas/VisualStudio/TeamTest/2010">
  <Times creation="2025-07-12T16:16:36.5562194+02:00" queuing="2025-07-12T16:16:36.5562194+02:00" start="2025-07-12T16:16:31.7628701+02:00" finish="2025-07-12T16:16:36.9252127+02:00" />
  <TestSettings name="default" id="d2fefd9d-c9bb-422c-b065-41f3a8e2eaa1">
    <Deployment runDeploymentRoot="_DesktopUbuntu_2025-07-12_16_16_36" />
  </TestSettings>
  <Results>
    <UnitTestResult executionId="4fc811bc-2fbf-4f8d-8f71-c50e7b68a793" testId="8143067d-510a-1b22-fed2-1bfd042b77ac" testName="Get difficulty level by invalid ID format returns bad request" computerName="DesktopUbuntu" duration="00:00:00.0177340" startTime="2025-07-12T16:16:36.5840989+02:00" endTime="2025-07-12T16:16:36.5840989+02:00" testType="13cdc9d9-ddb5-4fa4-a97d-d965ccfc6d4b" outcome="Passed" testListId="8c84fa94-04c1-424b-9868-57a2d4851a1d" relativeResultsDirectory="4fc811bc-2fbf-4f8d-8f71-c50e7b68a793">
      <Output>
        <StdOut>-&gt; Initialized HttpClient for scenario: Get difficulty level by invalid ID format returns bad request
Given the database is empty
-&gt; Executing step: Given the database is empty
-&gt; done: DatabaseSteps.GivenTheDatabaseIsEmpty() (0.0s)
-&gt; Step result: Passed
And the database has reference data
-&gt; Executing step: Given the database has reference data
-&gt; done: DatabaseSteps.GivenTheDatabaseHasReferenceData() (0.0s)
-&gt; Step result: Passed
When I send a GET request to "/api/ReferenceTables/DifficultyLevels/8a8adb1d-24d2-4979-a5a6-0d760e6da24b"
-&gt; Executing step: When I send a GET request to "/api/ReferenceTables/DifficultyLevels/8a8adb1d-24d2-4979-a5a6-0d760e6da24b"
-&gt; done: RequestSteps.WhenISendARequestTo("GET", "/api/ReferenceTab...") (0.0s)
-&gt; Step result: Passed
Then the response status should be 400
-&gt; Executing step: Then the response status should be 400
-&gt; done: ResponseSteps.ThenTheResponseStatusShouldBe(400) (0.0s)
-&gt; Step result: Passed
And the response should contain "Invalid ID format"
-&gt; Executing step: Then the response should contain "Invalid ID format"
-&gt; done: ResponseSteps.ThenTheResponseShouldContain("Invalid ID format") (0.0s)
-&gt; Step result: Passed
And the response should contain "Expected format: 'difficultylevel-{guid}'"
-&gt; Executing step: Then the response should contain "Expected format: 'difficultylevel-{guid}'"
-&gt; done: ResponseSteps.ThenTheResponseShouldContain("Expected format: ...") (0.0s)
-&gt; Step result: Passed</StdOut>
      </Output>
    </UnitTestResult>
    <UnitTestResult executionId="4eacece1-a3a5-4d0d-afe5-024745d606b3" testId="20571401-7eb7-cd89-4987-788dae12b96c" testName="Get difficulty level by value with different casing(casing: &quot;BEGINNER&quot;, exampleTags: [])" computerName="DesktopUbuntu" duration="00:00:00.0165718" startTime="2025-07-12T16:16:36.3900075+02:00" endTime="2025-07-12T16:16:36.3900076+02:00" testType="13cdc9d9-ddb5-4fa4-a97d-d965ccfc6d4b" outcome="Passed" testListId="8c84fa94-04c1-424b-9868-57a2d4851a1d" relativeResultsDirectory="4eacece1-a3a5-4d0d-afe5-024745d606b3">
      <Output>
        <StdOut>-&gt; Initialized HttpClient for scenario: Get difficulty level by value with different casing
Given the database is empty
-&gt; Executing step: Given the database is empty
-&gt; done: DatabaseSteps.GivenTheDatabaseIsEmpty() (0.0s)
-&gt; Step result: Passed
And the database has reference data
-&gt; Executing step: Given the database has reference data
-&gt; done: DatabaseSteps.GivenTheDatabaseHasReferenceData() (0.0s)
-&gt; Step result: Passed
Given I send a GET request to "/api/ReferenceTables/DifficultyLevels"
-&gt; Executing step: Given I send a GET request to "/api/ReferenceTables/DifficultyLevels"
-&gt; done: RequestSteps.WhenISendARequestTo("GET", "/api/ReferenceTab...") (0.0s)
-&gt; Step result: Passed
And the response contains an item with value "Beginner"
-&gt; Executing step: Given the response contains an item with value "Beginner"
-&gt; done: ResponseSteps.ThenTheResponseContainsAnItemWithValue("Beginner") (0.0s)
-&gt; Step result: Passed
When I send a GET request to "/api/ReferenceTables/DifficultyLevels/ByValue/BEGINNER"
-&gt; Executing step: When I send a GET request to "/api/ReferenceTables/DifficultyLevels/ByValue/BEGINNER"
-&gt; done: RequestSteps.WhenISendARequestTo("GET", "/api/ReferenceTab...") (0.0s)
-&gt; Step result: Passed
Then the response status should be 200
-&gt; Executing step: Then the response status should be 200
-&gt; done: ResponseSteps.ThenTheResponseStatusShouldBe(200) (0.0s)
-&gt; Step result: Passed
And the response should have property "value" with value "Beginner"
-&gt; Executing step: Then the response should have property "value" with value "Beginner"
-&gt; done: ResponseSteps.ThenTheResponseShouldHavePropertyWithValue("value", "Beginner") (0.0s)
-&gt; Step result: Passed</StdOut>
      </Output>
    </UnitTestResult>
    <UnitTestResult executionId="fa2712c1-9475-4a5f-91d1-fd62a781f42d" testId="a450ef01-55c7-1965-e168-73ab1fa6db6e" testName="Get difficulty level by value with different casing(casing: &quot;BeGiNnEr&quot;, exampleTags: [])" computerName="DesktopUbuntu" duration="00:00:00.0206976" startTime="2025-07-12T16:16:36.4238896+02:00" endTime="2025-07-12T16:16:36.4238897+02:00" testType="13cdc9d9-ddb5-4fa4-a97d-d965ccfc6d4b" outcome="Passed" testListId="8c84fa94-04c1-424b-9868-57a2d4851a1d" relativeResultsDirectory="fa2712c1-9475-4a5f-91d1-fd62a781f42d">
      <Output>
        <StdOut>-&gt; Initialized HttpClient for scenario: Get difficulty level by value with different casing
Given the database is empty
-&gt; Executing step: Given the database is empty
-&gt; done: DatabaseSteps.GivenTheDatabaseIsEmpty() (0.0s)
-&gt; Step result: Passed
And the database has reference data
-&gt; Executing step: Given the database has reference data
-&gt; done: DatabaseSteps.GivenTheDatabaseHasReferenceData() (0.0s)
-&gt; Step result: Passed
Given I send a GET request to "/api/ReferenceTables/DifficultyLevels"
-&gt; Executing step: Given I send a GET request to "/api/ReferenceTables/DifficultyLevels"
-&gt; done: RequestSteps.WhenISendARequestTo("GET", "/api/ReferenceTab...") (0.0s)
-&gt; Step result: Passed
And the response contains an item with value "Beginner"
-&gt; Executing step: Given the response contains an item with value "Beginner"
-&gt; done: ResponseSteps.ThenTheResponseContainsAnItemWithValue("Beginner") (0.0s)
-&gt; Step result: Passed
When I send a GET request to "/api/ReferenceTables/DifficultyLevels/ByValue/BeGiNnEr"
-&gt; Executing step: When I send a GET request to "/api/ReferenceTables/DifficultyLevels/ByValue/BeGiNnEr"
-&gt; done: RequestSteps.WhenISendARequestTo("GET", "/api/ReferenceTab...") (0.0s)
-&gt; Step result: Passed
Then the response status should be 200
-&gt; Executing step: Then the response status should be 200
-&gt; done: ResponseSteps.ThenTheResponseStatusShouldBe(200) (0.0s)
-&gt; Step result: Passed
And the response should have property "value" with value "Beginner"
-&gt; Executing step: Then the response should have property "value" with value "Beginner"
-&gt; done: ResponseSteps.ThenTheResponseShouldHavePropertyWithValue("value", "Beginner") (0.0s)
-&gt; Step result: Passed</StdOut>
      </Output>
    </UnitTestResult>
    <UnitTestResult executionId="a85c7f57-4a53-4926-8aa0-945c68e392c1" testId="809e8303-d8db-83e6-c645-da5f376be7b8" testName="Database is accessible" computerName="DesktopUbuntu" duration="00:00:01.0559742" startTime="2025-07-12T16:16:36.1913924+02:00" endTime="2025-07-12T16:16:36.1914033+02:00" testType="13cdc9d9-ddb5-4fa4-a97d-d965ccfc6d4b" outcome="Passed" testListId="8c84fa94-04c1-424b-9868-57a2d4851a1d" relativeResultsDirectory="a85c7f57-4a53-4926-8aa0-945c68e392c1">
      <Output>
        <StdOut>-&gt; Initialized HttpClient for scenario: Database is accessible
Given the database is empty
-&gt; Executing step: Given the database is empty
-&gt; done: DatabaseSteps.GivenTheDatabaseIsEmpty() (0.0s)
-&gt; Step result: Passed
Then the database should be accessible
-&gt; Executing step: Then the database should be accessible
-&gt; done: DatabaseSteps.ThenTheDatabaseShouldBeAccessible() (0.0s)
-&gt; Step result: Passed</StdOut>
      </Output>
    </UnitTestResult>
    <UnitTestResult executionId="f22fc408-9149-4326-94db-b203fd8a66a3" testId="24b86cba-8a25-b3a3-0b66-1b00364a89c0" testName="Get difficulty level by valid ID" computerName="DesktopUbuntu" duration="00:00:01.1916982" startTime="2025-07-12T16:16:36.3276209+02:00" endTime="2025-07-12T16:16:36.3276210+02:00" testType="13cdc9d9-ddb5-4fa4-a97d-d965ccfc6d4b" outcome="Failed" testListId="8c84fa94-04c1-424b-9868-57a2d4851a1d" relativeResultsDirectory="f22fc408-9149-4326-94db-b203fd8a66a3">
      <Output>
        <StdOut>-&gt; Initialized HttpClient for scenario: Get difficulty level by valid ID
Given the database is empty
-&gt; Executing step: Given the database is empty
-&gt; done: DatabaseSteps.GivenTheDatabaseIsEmpty() (0.0s)
-&gt; Step result: Passed
And the database has reference data
-&gt; Executing step: Given the database has reference data
-&gt; done: DatabaseSteps.GivenTheDatabaseHasReferenceData() (0.0s)
-&gt; Step result: Passed
Given I send a GET request to "/api/ReferenceTables/DifficultyLevels"
-&gt; Executing step: Given I send a GET request to "/api/ReferenceTables/DifficultyLevels"
-&gt; done: RequestSteps.WhenISendARequestTo("GET", "/api/ReferenceTab...") (0.1s)
-&gt; Step result: Passed
And the response contains at least 1 item
-&gt; Executing step: Given the response contains at least 1 item
-&gt; done: ResponseSteps.ThenTheResponseContainsAtLeastItems(1) (0.0s)
-&gt; Step result: Passed
And I store the first item from the response as "firstDifficultyLevel"
-&gt; Executing step: Given I store the first item from the response as "firstDifficultyLevel"
-&gt; done: ResponseSteps.ThenIStoreTheFirstItemFromTheResponseAs("firstDifficultyLevel") (0.0s)
-&gt; Step result: Passed
When I send a GET request to "/api/ReferenceTables/DifficultyLevels/&lt;firstDifficultyLevel.id&gt;"
-&gt; Executing step: When I send a GET request to "/api/ReferenceTables/DifficultyLevels/&lt;firstDifficultyLevel.id&gt;"
-&gt; done: RequestSteps.WhenISendARequestTo("GET", "/api/ReferenceTab...") (0.0s)
-&gt; Step result: Passed
Then the response status should be 200
-&gt; Executing step: Then the response status should be 200
-&gt; done: ResponseSteps.ThenTheResponseStatusShouldBe(200) (0.0s)
-&gt; Step result: Passed
And the response should have property "id" with value "&lt;firstDifficultyLevel.id&gt;"
-&gt; Executing step: Then the response should have property "id" with value "&lt;firstDifficultyLevel.id&gt;"
-&gt; error: Expected actualValue to be "&lt;firstDifficultyLevel.id&gt;" with a length of 25 because expected property 'id' to have value '&lt;firstDifficultyLevel.id&gt;' but got 'difficultylevel-8a8adb1d-24d2-4979-a5a6-0d760e6da24b', but "difficultylevel-8a8adb1d-24d2-4979-a5a6-0d760e6da24b" has a length of 52, differs near "dif" (index 0). (0.0s)
-&gt; Step result: Failed
-&gt; Error: Expected actualValue to be "&lt;firstDifficultyLevel.id&gt;" with a length of 25 because expected property 'id' to have value '&lt;firstDifficultyLevel.id&gt;' but got 'difficultylevel-8a8adb1d-24d2-4979-a5a6-0d760e6da24b', but "difficultylevel-8a8adb1d-24d2-4979-a5a6-0d760e6da24b" has a length of 52, differs near "dif" (index 0).
And the response should have property "value" with value "&lt;firstDifficultyLevel.value&gt;"
-&gt; skipped because of previous errors</StdOut>
        <ErrorInfo>
          <Message>Expected actualValue to be "&lt;firstDifficultyLevel.id&gt;" with a length of 25 because expected property 'id' to have value '&lt;firstDifficultyLevel.id&gt;' but got 'difficultylevel-8a8adb1d-24d2-4979-a5a6-0d760e6da24b', but "difficultylevel-8a8adb1d-24d2-4979-a5a6-0d760e6da24b" has a length of 52, differs near "dif" (index 0).</Message>
          <StackTrace>   at FluentAssertions.Execution.XUnit2TestFramework.Throw(String message)
   at FluentAssertions.Execution.TestFrameworkProvider.Throw(String message)
   at FluentAssertions.Execution.DefaultAssertionStrategy.HandleFailure(String message)
   at FluentAssertions.Execution.AssertionScope.FailWith(Func`1 failReasonFunc)
   at FluentAssertions.Execution.AssertionScope.FailWith(Func`1 failReasonFunc)
   at FluentAssertions.Primitives.StringEqualityValidator.ValidateAgainstLengthDifferences()
   at FluentAssertions.Primitives.StringValidator.Validate()
   at FluentAssertions.Primitives.StringAssertions`1.Be(String expected, String because, Object[] becauseArgs)
   at GetFitterGetBigger.API.IntegrationTests.StepDefinitions.Api.ResponseSteps.ThenTheResponseShouldHavePropertyWithValue(String jsonPath, String expectedValue) in /home/esqueleto/myWork/GetFitterGetBigger/GetFitterGetBigger.API/GetFitterGetBigger.API.IntegrationTests/StepDefinitions/Api/ResponseSteps.cs:line 80
   at System.RuntimeMethodHandle.InvokeMethod(Object target, Void** arguments, Signature sig, Boolean isConstructor)
   at System.Reflection.MethodBaseInvoker.InvokeDirectByRefWithFewArgs(Object obj, Span`1 copyOfArgs, BindingFlags invokeAttr)
--- End of stack trace from previous location ---
   at TechTalk.SpecFlow.Bindings.BindingInvoker.InvokeBindingAsync(IBinding binding, IContextManager contextManager, Object[] arguments, ITestTracer testTracer, DurationHolder durationHolder)
   at TechTalk.SpecFlow.Infrastructure.TestExecutionEngine.ExecuteStepMatchAsync(BindingMatch match, Object[] arguments, DurationHolder durationHolder)
   at TechTalk.SpecFlow.Infrastructure.TestExecutionEngine.ExecuteStepAsync(IContextManager contextManager, StepInstance stepInstance)
   at TechTalk.SpecFlow.Infrastructure.TestExecutionEngine.OnAfterLastStepAsync()
   at TechTalk.SpecFlow.TestRunner.CollectScenarioErrorsAsync()
   at GetFitterGetBigger.API.IntegrationTests.Features.ReferenceData.DifficultyLevelsReferenceDataFeature.ScenarioCleanupAsync() in /home/esqueleto/myWork/GetFitterGetBigger/GetFitterGetBigger.API/GetFitterGetBigger.API.IntegrationTests/Features/ReferenceData/DifficultyLevels.feature.cs:line 74
   at GetFitterGetBigger.API.IntegrationTests.Features.ReferenceData.DifficultyLevelsReferenceDataFeature.GetDifficultyLevelByValidID() in /home/esqueleto/myWork/GetFitterGetBigger/GetFitterGetBigger.API/GetFitterGetBigger.API.IntegrationTests/Features/ReferenceData/DifficultyLevels.feature.cs:line 150
--- End of stack trace from previous location ---</StackTrace>
        </ErrorInfo>
      </Output>
    </UnitTestResult>
    <UnitTestResult executionId="08fabbfd-7627-4fca-8082-20d4f9af1a35" testId="ff8f3041-b633-1617-4d2d-8212db51b23f" testName="Get all difficulty levels" computerName="DesktopUbuntu" duration="00:00:00.0168367" startTime="2025-07-12T16:16:36.5605300+02:00" endTime="2025-07-12T16:16:36.5605300+02:00" testType="13cdc9d9-ddb5-4fa4-a97d-d965ccfc6d4b" outcome="Passed" testListId="8c84fa94-04c1-424b-9868-57a2d4851a1d" relativeResultsDirectory="08fabbfd-7627-4fca-8082-20d4f9af1a35">
      <Output>
        <StdOut>-&gt; Initialized HttpClient for scenario: Get all difficulty levels
Given the database is empty
-&gt; Executing step: Given the database is empty
-&gt; done: DatabaseSteps.GivenTheDatabaseIsEmpty() (0.0s)
-&gt; Step result: Passed
And the database has reference data
-&gt; Executing step: Given the database has reference data
-&gt; done: DatabaseSteps.GivenTheDatabaseHasReferenceData() (0.0s)
-&gt; Step result: Passed
When I send a GET request to "/api/ReferenceTables/DifficultyLevels"
-&gt; Executing step: When I send a GET request to "/api/ReferenceTables/DifficultyLevels"
-&gt; done: RequestSteps.WhenISendARequestTo("GET", "/api/ReferenceTab...") (0.0s)
-&gt; Step result: Passed
Then the response status should be 200
-&gt; Executing step: Then the response status should be 200
-&gt; done: ResponseSteps.ThenTheResponseStatusShouldBe(200) (0.0s)
-&gt; Step result: Passed
And the response should be a JSON array
-&gt; Executing step: Then the response should be a JSON array
-&gt; done: ResponseSteps.ThenTheResponseShouldBeAJsonArray() (0.0s)
-&gt; Step result: Passed</StdOut>
      </Output>
    </UnitTestResult>
    <UnitTestResult executionId="bb7a1dc4-6b76-4700-bb8e-e9ccff55dc08" testId="6b5bab49-7e83-4742-8d68-1815f12ca24a" testName="Get difficulty level by value with different casing(casing: &quot;Beginner&quot;, exampleTags: [])" computerName="DesktopUbuntu" duration="00:00:00.0233668" startTime="2025-07-12T16:16:36.4531635+02:00" endTime="2025-07-12T16:16:36.4531635+02:00" testType="13cdc9d9-ddb5-4fa4-a97d-d965ccfc6d4b" outcome="Passed" testListId="8c84fa94-04c1-424b-9868-57a2d4851a1d" relativeResultsDirectory="bb7a1dc4-6b76-4700-bb8e-e9ccff55dc08">
      <Output>
        <StdOut>-&gt; Initialized HttpClient for scenario: Get difficulty level by value with different casing
Given the database is empty
-&gt; Executing step: Given the database is empty
-&gt; done: DatabaseSteps.GivenTheDatabaseIsEmpty() (0.0s)
-&gt; Step result: Passed
And the database has reference data
-&gt; Executing step: Given the database has reference data
-&gt; done: DatabaseSteps.GivenTheDatabaseHasReferenceData() (0.0s)
-&gt; Step result: Passed
Given I send a GET request to "/api/ReferenceTables/DifficultyLevels"
-&gt; Executing step: Given I send a GET request to "/api/ReferenceTables/DifficultyLevels"
-&gt; done: RequestSteps.WhenISendARequestTo("GET", "/api/ReferenceTab...") (0.0s)
-&gt; Step result: Passed
And the response contains an item with value "Beginner"
-&gt; Executing step: Given the response contains an item with value "Beginner"
-&gt; done: ResponseSteps.ThenTheResponseContainsAnItemWithValue("Beginner") (0.0s)
-&gt; Step result: Passed
When I send a GET request to "/api/ReferenceTables/DifficultyLevels/ByValue/Beginner"
-&gt; Executing step: When I send a GET request to "/api/ReferenceTables/DifficultyLevels/ByValue/Beginner"
-&gt; done: RequestSteps.WhenISendARequestTo("GET", "/api/ReferenceTab...") (0.0s)
-&gt; Step result: Passed
Then the response status should be 200
-&gt; Executing step: Then the response status should be 200
-&gt; done: ResponseSteps.ThenTheResponseStatusShouldBe(200) (0.0s)
-&gt; Step result: Passed
And the response should have property "value" with value "Beginner"
-&gt; Executing step: Then the response should have property "value" with value "Beginner"
-&gt; done: ResponseSteps.ThenTheResponseShouldHavePropertyWithValue("value", "Beginner") (0.0s)
-&gt; Step result: Passed</StdOut>
      </Output>
    </UnitTestResult>
    <UnitTestResult executionId="32d613eb-2346-46b3-b9ec-aadbf9a70218" testId="78c8d0c4-5915-18ed-925c-a215ae58addc" testName="Get difficulty level by value with different casing(casing: &quot;beginner&quot;, exampleTags: [])" computerName="DesktopUbuntu" duration="00:00:00.0309141" startTime="2025-07-12T16:16:36.3635508+02:00" endTime="2025-07-12T16:16:36.3635508+02:00" testType="13cdc9d9-ddb5-4fa4-a97d-d965ccfc6d4b" outcome="Passed" testListId="8c84fa94-04c1-424b-9868-57a2d4851a1d" relativeResultsDirectory="32d613eb-2346-46b3-b9ec-aadbf9a70218">
      <Output>
        <StdOut>-&gt; Initialized HttpClient for scenario: Get difficulty level by value with different casing
Given the database is empty
-&gt; Executing step: Given the database is empty
-&gt; done: DatabaseSteps.GivenTheDatabaseIsEmpty() (0.0s)
-&gt; Step result: Passed
And the database has reference data
-&gt; Executing step: Given the database has reference data
-&gt; done: DatabaseSteps.GivenTheDatabaseHasReferenceData() (0.0s)
-&gt; Step result: Passed
Given I send a GET request to "/api/ReferenceTables/DifficultyLevels"
-&gt; Executing step: Given I send a GET request to "/api/ReferenceTables/DifficultyLevels"
-&gt; done: RequestSteps.WhenISendARequestTo("GET", "/api/ReferenceTab...") (0.0s)
-&gt; Step result: Passed
And the response contains an item with value "Beginner"
-&gt; Executing step: Given the response contains an item with value "Beginner"
-&gt; done: ResponseSteps.ThenTheResponseContainsAnItemWithValue("Beginner") (0.0s)
-&gt; Step result: Passed
When I send a GET request to "/api/ReferenceTables/DifficultyLevels/ByValue/beginner"
-&gt; Executing step: When I send a GET request to "/api/ReferenceTables/DifficultyLevels/ByValue/beginner"
-&gt; done: RequestSteps.WhenISendARequestTo("GET", "/api/ReferenceTab...") (0.0s)
-&gt; Step result: Passed
Then the response status should be 200
-&gt; Executing step: Then the response status should be 200
-&gt; done: ResponseSteps.ThenTheResponseStatusShouldBe(200) (0.0s)
-&gt; Step result: Passed
And the response should have property "value" with value "Beginner"
-&gt; Executing step: Then the response should have property "value" with value "Beginner"
-&gt; done: ResponseSteps.ThenTheResponseShouldHavePropertyWithValue("value", "Beginner") (0.0s)
-&gt; Step result: Passed</StdOut>
      </Output>
    </UnitTestResult>
    <UnitTestResult executionId="53eb82c7-2f69-490d-a21e-8fad12ef8633" testId="29bd479b-00e8-49d2-ced1-f439e4dd47a8" testName="Get difficulty level by valid value" computerName="DesktopUbuntu" duration="00:00:00.0153817" startTime="2025-07-12T16:16:36.4763148+02:00" endTime="2025-07-12T16:16:36.4763148+02:00" testType="13cdc9d9-ddb5-4fa4-a97d-d965ccfc6d4b" outcome="Failed" testListId="8c84fa94-04c1-424b-9868-57a2d4851a1d" relativeResultsDirectory="53eb82c7-2f69-490d-a21e-8fad12ef8633">
      <Output>
        <StdOut>-&gt; Initialized HttpClient for scenario: Get difficulty level by valid value
Given the database is empty
-&gt; Executing step: Given the database is empty
-&gt; done: DatabaseSteps.GivenTheDatabaseIsEmpty() (0.0s)
-&gt; Step result: Passed
And the database has reference data
-&gt; Executing step: Given the database has reference data
-&gt; done: DatabaseSteps.GivenTheDatabaseHasReferenceData() (0.0s)
-&gt; Step result: Passed
Given I send a GET request to "/api/ReferenceTables/DifficultyLevels"
-&gt; Executing step: Given I send a GET request to "/api/ReferenceTables/DifficultyLevels"
-&gt; done: RequestSteps.WhenISendARequestTo("GET", "/api/ReferenceTab...") (0.0s)
-&gt; Step result: Passed
And the response contains at least 1 item
-&gt; Executing step: Given the response contains at least 1 item
-&gt; done: ResponseSteps.ThenTheResponseContainsAtLeastItems(1) (0.0s)
-&gt; Step result: Passed
And I store the first item from the response as "firstDifficultyLevel"
-&gt; Executing step: Given I store the first item from the response as "firstDifficultyLevel"
-&gt; done: ResponseSteps.ThenIStoreTheFirstItemFromTheResponseAs("firstDifficultyLevel") (0.0s)
-&gt; Step result: Passed
When I send a GET request to "/api/ReferenceTables/DifficultyLevels/ByValue/&lt;firstDifficultyLevel.value&gt;"
-&gt; Executing step: When I send a GET request to "/api/ReferenceTables/DifficultyLevels/ByValue/&lt;firstDifficultyLevel.value&gt;"
-&gt; done: RequestSteps.WhenISendARequestTo("GET", "/api/ReferenceTab...") (0.0s)
-&gt; Step result: Passed
Then the response status should be 200
-&gt; Executing step: Then the response status should be 200
-&gt; done: ResponseSteps.ThenTheResponseStatusShouldBe(200) (0.0s)
-&gt; Step result: Passed
And the response should have property "value" with value "&lt;firstDifficultyLevel.value&gt;"
-&gt; Executing step: Then the response should have property "value" with value "&lt;firstDifficultyLevel.value&gt;"
-&gt; error: Expected actualValue to be "&lt;firstDifficultyLevel.value&gt;" with a length of 28 because expected property 'value' to have value '&lt;firstDifficultyLevel.value&gt;' but got 'Beginner', but "Beginner" has a length of 8, differs near "Beg" (index 0). (0.0s)
-&gt; Step result: Failed
-&gt; Error: Expected actualValue to be "&lt;firstDifficultyLevel.value&gt;" with a length of 28 because expected property 'value' to have value '&lt;firstDifficultyLevel.value&gt;' but got 'Beginner', but "Beginner" has a length of 8, differs near "Beg" (index 0).</StdOut>
        <ErrorInfo>
          <Message>Expected actualValue to be "&lt;firstDifficultyLevel.value&gt;" with a length of 28 because expected property 'value' to have value '&lt;firstDifficultyLevel.value&gt;' but got 'Beginner', but "Beginner" has a length of 8, differs near "Beg" (index 0).</Message>
          <StackTrace>   at FluentAssertions.Execution.XUnit2TestFramework.Throw(String message)
   at FluentAssertions.Execution.TestFrameworkProvider.Throw(String message)
   at FluentAssertions.Execution.DefaultAssertionStrategy.HandleFailure(String message)
   at FluentAssertions.Execution.AssertionScope.FailWith(Func`1 failReasonFunc)
   at FluentAssertions.Execution.AssertionScope.FailWith(Func`1 failReasonFunc)
   at FluentAssertions.Primitives.StringEqualityValidator.ValidateAgainstLengthDifferences()
   at FluentAssertions.Primitives.StringValidator.Validate()
   at FluentAssertions.Primitives.StringAssertions`1.Be(String expected, String because, Object[] becauseArgs)
   at GetFitterGetBigger.API.IntegrationTests.StepDefinitions.Api.ResponseSteps.ThenTheResponseShouldHavePropertyWithValue(String jsonPath, String expectedValue) in /home/esqueleto/myWork/GetFitterGetBigger/GetFitterGetBigger.API/GetFitterGetBigger.API.IntegrationTests/StepDefinitions/Api/ResponseSteps.cs:line 80
   at InvokeStub_Action`3.Invoke(Object, Span`1)
   at System.Reflection.MethodBaseInvoker.InvokeWithFewArgs(Object obj, BindingFlags invokeAttr, Binder binder, Object[] parameters, CultureInfo culture)
--- End of stack trace from previous location ---
   at TechTalk.SpecFlow.Bindings.BindingInvoker.InvokeBindingAsync(IBinding binding, IContextManager contextManager, Object[] arguments, ITestTracer testTracer, DurationHolder durationHolder)
   at TechTalk.SpecFlow.Infrastructure.TestExecutionEngine.ExecuteStepMatchAsync(BindingMatch match, Object[] arguments, DurationHolder durationHolder)
   at TechTalk.SpecFlow.Infrastructure.TestExecutionEngine.ExecuteStepAsync(IContextManager contextManager, StepInstance stepInstance)
   at TechTalk.SpecFlow.Infrastructure.TestExecutionEngine.OnAfterLastStepAsync()
   at TechTalk.SpecFlow.TestRunner.CollectScenarioErrorsAsync()
   at GetFitterGetBigger.API.IntegrationTests.Features.ReferenceData.DifficultyLevelsReferenceDataFeature.ScenarioCleanupAsync() in /home/esqueleto/myWork/GetFitterGetBigger/GetFitterGetBigger.API/GetFitterGetBigger.API.IntegrationTests/Features/ReferenceData/DifficultyLevels.feature.cs:line 74
   at GetFitterGetBigger.API.IntegrationTests.Features.ReferenceData.DifficultyLevelsReferenceDataFeature.GetDifficultyLevelByValidValue() in /home/esqueleto/myWork/GetFitterGetBigger/GetFitterGetBigger.API/GetFitterGetBigger.API.IntegrationTests/Features/ReferenceData/DifficultyLevels.feature.cs:line 239
--- End of stack trace from previous location ---</StackTrace>
        </ErrorInfo>
      </Output>
    </UnitTestResult>
    <UnitTestResult executionId="3309d483-a3e5-4406-8fa1-e16640de703e" testId="7dc8d6e5-a945-2023-9853-f2cf4c56e8e2" testName="Get difficulty level by non-existent ID returns not found" computerName="DesktopUbuntu" duration="00:00:00.0163799" startTime="2025-07-12T16:16:36.5300216+02:00" endTime="2025-07-12T16:16:36.5300217+02:00" testType="13cdc9d9-ddb5-4fa4-a97d-d965ccfc6d4b" outcome="Passed" testListId="8c84fa94-04c1-424b-9868-57a2d4851a1d" relativeResultsDirectory="3309d483-a3e5-4406-8fa1-e16640de703e">
      <Output>
        <StdOut>-&gt; Initialized HttpClient for scenario: Get difficulty level by non-existent ID returns not found
Given the database is empty
-&gt; Executing step: Given the database is empty
-&gt; done: DatabaseSteps.GivenTheDatabaseIsEmpty() (0.0s)
-&gt; Step result: Passed
And the database has reference data
-&gt; Executing step: Given the database has reference data
-&gt; done: DatabaseSteps.GivenTheDatabaseHasReferenceData() (0.0s)
-&gt; Step result: Passed
When I send a GET request to "/api/ReferenceTables/DifficultyLevels/difficultylevel-00000000-0000-0000-0000-000000000000"
-&gt; Executing step: When I send a GET request to "/api/ReferenceTables/DifficultyLevels/difficultylevel-00000000-0000-0000-0000-000000000000"
-&gt; done: RequestSteps.WhenISendARequestTo("GET", "/api/ReferenceTab...") (0.0s)
-&gt; Step result: Passed
Then the response status should be 404
-&gt; Executing step: Then the response status should be 404
-&gt; done: ResponseSteps.ThenTheResponseStatusShouldBe(404) (0.0s)
-&gt; Step result: Passed</StdOut>
      </Output>
    </UnitTestResult>
    <UnitTestResult executionId="2f281da1-4533-48f1-82ca-dd74fbeb625d" testId="7d84a9b6-dc51-9fb7-23d3-28b46d8b1ac9" testName="Get difficulty level by non-existent value returns not found" computerName="DesktopUbuntu" duration="00:00:00.0238066" startTime="2025-07-12T16:16:36.5040789+02:00" endTime="2025-07-12T16:16:36.5040789+02:00" testType="13cdc9d9-ddb5-4fa4-a97d-d965ccfc6d4b" outcome="Passed" testListId="8c84fa94-04c1-424b-9868-57a2d4851a1d" relativeResultsDirectory="2f281da1-4533-48f1-82ca-dd74fbeb625d">
      <Output>
        <StdOut>-&gt; Initialized HttpClient for scenario: Get difficulty level by non-existent value returns not found
Given the database is empty
-&gt; Executing step: Given the database is empty
-&gt; done: DatabaseSteps.GivenTheDatabaseIsEmpty() (0.0s)
-&gt; Step result: Passed
And the database has reference data
-&gt; Executing step: Given the database has reference data
-&gt; done: DatabaseSteps.GivenTheDatabaseHasReferenceData() (0.0s)
-&gt; Step result: Passed
When I send a GET request to "/api/ReferenceTables/DifficultyLevels/ByValue/NonExistentDifficultyLevel"
-&gt; Executing step: When I send a GET request to "/api/ReferenceTables/DifficultyLevels/ByValue/NonExistentDifficultyLevel"
-&gt; done: RequestSteps.WhenISendARequestTo("GET", "/api/ReferenceTab...") (0.0s)
-&gt; Step result: Passed
Then the response status should be 404
-&gt; Executing step: Then the response status should be 404
-&gt; done: ResponseSteps.ThenTheResponseStatusShouldBe(404) (0.0s)
-&gt; Step result: Passed</StdOut>
      </Output>
    </UnitTestResult>
  </Results>
  <TestDefinitions>
    <UnitTest name="Get difficulty level by valid ID" storage="/home/esqueleto/mywork/getfittergetbigger/getfittergetbigger.api/getfittergetbigger.api.integrationtests/bin/debug/net9.0/getfittergetbigger.api.integrationtests.dll" id="24b86cba-8a25-b3a3-0b66-1b00364a89c0">
      <Execution id="f22fc408-9149-4326-94db-b203fd8a66a3" />
      <TestMethod codeBase="/home/esqueleto/myWork/GetFitterGetBigger/GetFitterGetBigger.API/GetFitterGetBigger.API.IntegrationTests/bin/Debug/net9.0/GetFitterGetBigger.API.IntegrationTests.dll" adapterTypeName="executor://xunit/VsTestRunner2/netcoreapp" className="GetFitterGetBigger.API.IntegrationTests.Features.ReferenceData.DifficultyLevelsReferenceDataFeature" name="GetDifficultyLevelByValidID" />
    </UnitTest>
    <UnitTest name="Database is accessible" storage="/home/esqueleto/mywork/getfittergetbigger/getfittergetbigger.api/getfittergetbigger.api.integrationtests/bin/debug/net9.0/getfittergetbigger.api.integrationtests.dll" id="809e8303-d8db-83e6-c645-da5f376be7b8">
      <Execution id="a85c7f57-4a53-4926-8aa0-945c68e392c1" />
      <TestMethod codeBase="/home/esqueleto/myWork/GetFitterGetBigger/GetFitterGetBigger.API/GetFitterGetBigger.API.IntegrationTests/bin/Debug/net9.0/GetFitterGetBigger.API.IntegrationTests.dll" adapterTypeName="executor://xunit/VsTestRunner2/netcoreapp" className="GetFitterGetBigger.API.IntegrationTests.Features.Basic.DatabaseConnectionFeature" name="DatabaseIsAccessible" />
    </UnitTest>
    <UnitTest name="Get difficulty level by value with different casing(casing: &quot;BEGINNER&quot;, exampleTags: [])" storage="/home/esqueleto/mywork/getfittergetbigger/getfittergetbigger.api/getfittergetbigger.api.integrationtests/bin/debug/net9.0/getfittergetbigger.api.integrationtests.dll" id="20571401-7eb7-cd89-4987-788dae12b96c">
      <Execution id="4eacece1-a3a5-4d0d-afe5-024745d606b3" />
      <TestMethod codeBase="/home/esqueleto/myWork/GetFitterGetBigger/GetFitterGetBigger.API/GetFitterGetBigger.API.IntegrationTests/bin/Debug/net9.0/GetFitterGetBigger.API.IntegrationTests.dll" adapterTypeName="executor://xunit/VsTestRunner2/netcoreapp" className="GetFitterGetBigger.API.IntegrationTests.Features.ReferenceData.DifficultyLevelsReferenceDataFeature" name="GetDifficultyLevelByValueWithDifferentCasing" />
    </UnitTest>
    <UnitTest name="Get difficulty level by value with different casing(casing: &quot;BeGiNnEr&quot;, exampleTags: [])" storage="/home/esqueleto/mywork/getfittergetbigger/getfittergetbigger.api/getfittergetbigger.api.integrationtests/bin/debug/net9.0/getfittergetbigger.api.integrationtests.dll" id="a450ef01-55c7-1965-e168-73ab1fa6db6e">
      <Execution id="fa2712c1-9475-4a5f-91d1-fd62a781f42d" />
      <TestMethod codeBase="/home/esqueleto/myWork/GetFitterGetBigger/GetFitterGetBigger.API/GetFitterGetBigger.API.IntegrationTests/bin/Debug/net9.0/GetFitterGetBigger.API.IntegrationTests.dll" adapterTypeName="executor://xunit/VsTestRunner2/netcoreapp" className="GetFitterGetBigger.API.IntegrationTests.Features.ReferenceData.DifficultyLevelsReferenceDataFeature" name="GetDifficultyLevelByValueWithDifferentCasing" />
    </UnitTest>
    <UnitTest name="Get difficulty level by valid value" storage="/home/esqueleto/mywork/getfittergetbigger/getfittergetbigger.api/getfittergetbigger.api.integrationtests/bin/debug/net9.0/getfittergetbigger.api.integrationtests.dll" id="29bd479b-00e8-49d2-ced1-f439e4dd47a8">
      <Execution id="53eb82c7-2f69-490d-a21e-8fad12ef8633" />
      <TestMethod codeBase="/home/esqueleto/myWork/GetFitterGetBigger/GetFitterGetBigger.API/GetFitterGetBigger.API.IntegrationTests/bin/Debug/net9.0/GetFitterGetBigger.API.IntegrationTests.dll" adapterTypeName="executor://xunit/VsTestRunner2/netcoreapp" className="GetFitterGetBigger.API.IntegrationTests.Features.ReferenceData.DifficultyLevelsReferenceDataFeature" name="GetDifficultyLevelByValidValue" />
    </UnitTest>
    <UnitTest name="Get difficulty level by non-existent value returns not found" storage="/home/esqueleto/mywork/getfittergetbigger/getfittergetbigger.api/getfittergetbigger.api.integrationtests/bin/debug/net9.0/getfittergetbigger.api.integrationtests.dll" id="7d84a9b6-dc51-9fb7-23d3-28b46d8b1ac9">
      <Execution id="2f281da1-4533-48f1-82ca-dd74fbeb625d" />
      <TestMethod codeBase="/home/esqueleto/myWork/GetFitterGetBigger/GetFitterGetBigger.API/GetFitterGetBigger.API.IntegrationTests/bin/Debug/net9.0/GetFitterGetBigger.API.IntegrationTests.dll" adapterTypeName="executor://xunit/VsTestRunner2/netcoreapp" className="GetFitterGetBigger.API.IntegrationTests.Features.ReferenceData.DifficultyLevelsReferenceDataFeature" name="GetDifficultyLevelByNon_ExistentValueReturnsNotFound" />
    </UnitTest>
    <UnitTest name="Get difficulty level by invalid ID format returns bad request" storage="/home/esqueleto/mywork/getfittergetbigger/getfittergetbigger.api/getfittergetbigger.api.integrationtests/bin/debug/net9.0/getfittergetbigger.api.integrationtests.dll" id="8143067d-510a-1b22-fed2-1bfd042b77ac">
      <Execution id="4fc811bc-2fbf-4f8d-8f71-c50e7b68a793" />
      <TestMethod codeBase="/home/esqueleto/myWork/GetFitterGetBigger/GetFitterGetBigger.API/GetFitterGetBigger.API.IntegrationTests/bin/Debug/net9.0/GetFitterGetBigger.API.IntegrationTests.dll" adapterTypeName="executor://xunit/VsTestRunner2/netcoreapp" className="GetFitterGetBigger.API.IntegrationTests.Features.ReferenceData.DifficultyLevelsReferenceDataFeature" name="GetDifficultyLevelByInvalidIDFormatReturnsBadRequest" />
    </UnitTest>
    <UnitTest name="Get all difficulty levels" storage="/home/esqueleto/mywork/getfittergetbigger/getfittergetbigger.api/getfittergetbigger.api.integrationtests/bin/debug/net9.0/getfittergetbigger.api.integrationtests.dll" id="ff8f3041-b633-1617-4d2d-8212db51b23f">
      <Execution id="08fabbfd-7627-4fca-8082-20d4f9af1a35" />
      <TestMethod codeBase="/home/esqueleto/myWork/GetFitterGetBigger/GetFitterGetBigger.API/GetFitterGetBigger.API.IntegrationTests/bin/Debug/net9.0/GetFitterGetBigger.API.IntegrationTests.dll" adapterTypeName="executor://xunit/VsTestRunner2/netcoreapp" className="GetFitterGetBigger.API.IntegrationTests.Features.ReferenceData.DifficultyLevelsReferenceDataFeature" name="GetAllDifficultyLevels" />
    </UnitTest>
    <UnitTest name="Get difficulty level by value with different casing(casing: &quot;Beginner&quot;, exampleTags: [])" storage="/home/esqueleto/mywork/getfittergetbigger/getfittergetbigger.api/getfittergetbigger.api.integrationtests/bin/debug/net9.0/getfittergetbigger.api.integrationtests.dll" id="6b5bab49-7e83-4742-8d68-1815f12ca24a">
      <Execution id="bb7a1dc4-6b76-4700-bb8e-e9ccff55dc08" />
      <TestMethod codeBase="/home/esqueleto/myWork/GetFitterGetBigger/GetFitterGetBigger.API/GetFitterGetBigger.API.IntegrationTests/bin/Debug/net9.0/GetFitterGetBigger.API.IntegrationTests.dll" adapterTypeName="executor://xunit/VsTestRunner2/netcoreapp" className="GetFitterGetBigger.API.IntegrationTests.Features.ReferenceData.DifficultyLevelsReferenceDataFeature" name="GetDifficultyLevelByValueWithDifferentCasing" />
    </UnitTest>
    <UnitTest name="Get difficulty level by non-existent ID returns not found" storage="/home/esqueleto/mywork/getfittergetbigger/getfittergetbigger.api/getfittergetbigger.api.integrationtests/bin/debug/net9.0/getfittergetbigger.api.integrationtests.dll" id="7dc8d6e5-a945-2023-9853-f2cf4c56e8e2">
      <Execution id="3309d483-a3e5-4406-8fa1-e16640de703e" />
      <TestMethod codeBase="/home/esqueleto/myWork/GetFitterGetBigger/GetFitterGetBigger.API/GetFitterGetBigger.API.IntegrationTests/bin/Debug/net9.0/GetFitterGetBigger.API.IntegrationTests.dll" adapterTypeName="executor://xunit/VsTestRunner2/netcoreapp" className="GetFitterGetBigger.API.IntegrationTests.Features.ReferenceData.DifficultyLevelsReferenceDataFeature" name="GetDifficultyLevelByNon_ExistentIDReturnsNotFound" />
    </UnitTest>
    <UnitTest name="Get difficulty level by value with different casing(casing: &quot;beginner&quot;, exampleTags: [])" storage="/home/esqueleto/mywork/getfittergetbigger/getfittergetbigger.api/getfittergetbigger.api.integrationtests/bin/debug/net9.0/getfittergetbigger.api.integrationtests.dll" id="78c8d0c4-5915-18ed-925c-a215ae58addc">
      <Execution id="32d613eb-2346-46b3-b9ec-aadbf9a70218" />
      <TestMethod codeBase="/home/esqueleto/myWork/GetFitterGetBigger/GetFitterGetBigger.API/GetFitterGetBigger.API.IntegrationTests/bin/Debug/net9.0/GetFitterGetBigger.API.IntegrationTests.dll" adapterTypeName="executor://xunit/VsTestRunner2/netcoreapp" className="GetFitterGetBigger.API.IntegrationTests.Features.ReferenceData.DifficultyLevelsReferenceDataFeature" name="GetDifficultyLevelByValueWithDifferentCasing" />
    </UnitTest>
  </TestDefinitions>
  <TestEntries>
    <TestEntry testId="8143067d-510a-1b22-fed2-1bfd042b77ac" executionId="4fc811bc-2fbf-4f8d-8f71-c50e7b68a793" testListId="8c84fa94-04c1-424b-9868-57a2d4851a1d" />
    <TestEntry testId="20571401-7eb7-cd89-4987-788dae12b96c" executionId="4eacece1-a3a5-4d0d-afe5-024745d606b3" testListId="8c84fa94-04c1-424b-9868-57a2d4851a1d" />
    <TestEntry testId="a450ef01-55c7-1965-e168-73ab1fa6db6e" executionId="fa2712c1-9475-4a5f-91d1-fd62a781f42d" testListId="8c84fa94-04c1-424b-9868-57a2d4851a1d" />
    <TestEntry testId="809e8303-d8db-83e6-c645-da5f376be7b8" executionId="a85c7f57-4a53-4926-8aa0-945c68e392c1" testListId="8c84fa94-04c1-424b-9868-57a2d4851a1d" />
    <TestEntry testId="24b86cba-8a25-b3a3-0b66-1b00364a89c0" executionId="f22fc408-9149-4326-94db-b203fd8a66a3" testListId="8c84fa94-04c1-424b-9868-57a2d4851a1d" />
    <TestEntry testId="ff8f3041-b633-1617-4d2d-8212db51b23f" executionId="08fabbfd-7627-4fca-8082-20d4f9af1a35" testListId="8c84fa94-04c1-424b-9868-57a2d4851a1d" />
    <TestEntry testId="6b5bab49-7e83-4742-8d68-1815f12ca24a" executionId="bb7a1dc4-6b76-4700-bb8e-e9ccff55dc08" testListId="8c84fa94-04c1-424b-9868-57a2d4851a1d" />
    <TestEntry testId="78c8d0c4-5915-18ed-925c-a215ae58addc" executionId="32d613eb-2346-46b3-b9ec-aadbf9a70218" testListId="8c84fa94-04c1-424b-9868-57a2d4851a1d" />
    <TestEntry testId="29bd479b-00e8-49d2-ced1-f439e4dd47a8" executionId="53eb82c7-2f69-490d-a21e-8fad12ef8633" testListId="8c84fa94-04c1-424b-9868-57a2d4851a1d" />
    <TestEntry testId="7dc8d6e5-a945-2023-9853-f2cf4c56e8e2" executionId="3309d483-a3e5-4406-8fa1-e16640de703e" testListId="8c84fa94-04c1-424b-9868-57a2d4851a1d" />
    <TestEntry testId="7d84a9b6-dc51-9fb7-23d3-28b46d8b1ac9" executionId="2f281da1-4533-48f1-82ca-dd74fbeb625d" testListId="8c84fa94-04c1-424b-9868-57a2d4851a1d" />
  </TestEntries>
  <TestLists>
    <TestList name="Results Not in a List" id="8c84fa94-04c1-424b-9868-57a2d4851a1d" />
    <TestList name="All Loaded Results" id="19431567-8539-422a-85d7-44ee4e166bda" />
  </TestLists>
  <ResultSummary outcome="Failed">
    <Counters total="11" executed="11" passed="9" failed="2" error="0" timeout="0" aborted="0" inconclusive="0" passedButRunAborted="0" notRunnable="0" notExecuted="0" disconnected="0" warning="0" completed="0" inProgress="0" pending="0" />
    <Output>
      <StdOut>[xUnit.net 00:00:00.00] xUnit.net VSTest Adapter v2.8.2+699d445a1a (64-bit .NET 9.0.3)
[xUnit.net 00:00:00.04]   Discovering: GetFitterGetBigger.API.IntegrationTests
[xUnit.net 00:00:00.06]   Discovered:  GetFitterGetBigger.API.IntegrationTests
[xUnit.net 00:00:00.07]   Starting:    GetFitterGetBigger.API.IntegrationTests
-&gt; Loading plugin /home/esqueleto/myWork/GetFitterGetBigger/GetFitterGetBigger.API/GetFitterGetBigger.API.IntegrationTests/bin/Debug/net9.0/TechTalk.SpecFlow.xUnit.SpecFlowPlugin.dll
-&gt; Loading plugin /home/esqueleto/myWork/GetFitterGetBigger/GetFitterGetBigger.API/GetFitterGetBigger.API.IntegrationTests/bin/Debug/net9.0/GetFitterGetBigger.API.IntegrationTests.dll
-&gt; Using specflow.json
[testcontainers.org 00:00:00.07] Connected to Docker:
  Host: unix:///var/run/docker.sock
  Server Version: 27.3.1
  Kernel Version: 6.14.0-23-generic
  API Version: 1.47
  Operating System: Ubuntu 25.04
  Total Memory: 61.38 GB
[testcontainers.org 00:00:00.13] Docker container e7b021b65163 created
[testcontainers.org 00:00:00.15] Start Docker container e7b021b65163
[testcontainers.org 00:00:00.27] Wait for Docker container e7b021b65163 to complete readiness checks
[testcontainers.org 00:00:00.27] Docker container e7b021b65163 ready
[testcontainers.org 00:00:00.29] Docker container bb2964634a49 created
[testcontainers.org 00:00:00.29] Docker container cd0e35366d9f created
[testcontainers.org 00:00:00.29] Start Docker container bb2964634a49
[testcontainers.org 00:00:00.29] Start Docker container cd0e35366d9f
[testcontainers.org 00:00:00.42] Wait for Docker container bb2964634a49 to complete readiness checks
[testcontainers.org 00:00:00.42] Wait for Docker container cd0e35366d9f to complete readiness checks
[testcontainers.org 00:00:00.42] Execute "pg_isready --host localhost --dbname bddtestdb --username bddtestuser" at Docker container bb2964634a49
[testcontainers.org 00:00:00.42] Execute "pg_isready --host localhost --dbname bddtestdb --username bddtestuser" at Docker container cd0e35366d9f
[testcontainers.org 00:00:01.47] Execute "pg_isready --host localhost --dbname bddtestdb --username bddtestuser" at Docker container cd0e35366d9f
[testcontainers.org 00:00:01.47] Execute "pg_isready --host localhost --dbname bddtestdb --username bddtestuser" at Docker container bb2964634a49
[testcontainers.org 00:00:01.53] Docker container bb2964634a49 ready
[testcontainers.org 00:00:01.53] Docker container cd0e35366d9f ready
[testcontainers.org 00:00:01.61] Docker container 53f21bd548be created
[testcontainers.org 00:00:01.61] Docker container 5ccf03be248a created
[testcontainers.org 00:00:01.61] Start Docker container 53f21bd548be
[testcontainers.org 00:00:01.61] Start Docker container 5ccf03be248a
[testcontainers.org 00:00:01.74] Wait for Docker container 53f21bd548be to complete readiness checks
[testcontainers.org 00:00:01.74] Execute "pg_isready --host localhost --dbname bddtestdb --username bddtestuser" at Docker container 53f21bd548be
[testcontainers.org 00:00:01.77] Wait for Docker container 5ccf03be248a to complete readiness checks
[testcontainers.org 00:00:01.77] Execute "pg_isready --host localhost --dbname bddtestdb --username bddtestuser" at Docker container 5ccf03be248a
[testcontainers.org 00:00:02.78] Execute "pg_isready --host localhost --dbname bddtestdb --username bddtestuser" at Docker container 53f21bd548be
[testcontainers.org 00:00:02.79] Execute "pg_isready --host localhost --dbname bddtestdb --username bddtestuser" at Docker container 5ccf03be248a
[testcontainers.org 00:00:02.83] Docker container 53f21bd548be ready
[testcontainers.org 00:00:02.83] Docker container 5ccf03be248a ready
-&gt; #XW001: Starting feature: Database Connection
-&gt; #XW002: Starting feature: Difficulty Levels Reference Data
-&gt; #XW002: Tags: 
-&gt; #XW001: Tags: 
warn: Microsoft.EntityFrameworkCore.Model.Validation[10400]
      Sensitive data logging is enabled. Log entries and exception messages may include sensitive application data; this mode should only be enabled during development.
warn: 7/12/2025 16:16:35.501 CoreEventId.SensitiveDataLoggingEnabledWarning[10400] (Microsoft.EntityFrameworkCore.Infrastructure) 
      Sensitive data logging is enabled. Log entries and exception messages may include sensitive application data; this mode should only be enabled during development.
dbug: Microsoft.EntityFrameworkCore.Database.Command[20103]
      Creating DbCommand for 'ExecuteReader'.
dbug: Microsoft.EntityFrameworkCore.Database.Command[20103]
      Creating DbCommand for 'ExecuteReader'.
dbug: Microsoft.EntityFrameworkCore.Database.Command[20104]
      Created DbCommand for 'ExecuteReader' (1ms).
dbug: Microsoft.EntityFrameworkCore.Database.Command[20104]
      Created DbCommand for 'ExecuteReader' (1ms).
dbug: Microsoft.EntityFrameworkCore.Database.Command[20106]
      Initialized DbCommand for 'ExecuteReader' (4ms).
dbug: Microsoft.EntityFrameworkCore.Database.Command[20106]
      Initialized DbCommand for 'ExecuteReader' (4ms).
dbug: Microsoft.EntityFrameworkCore.Database.Command[20100]
      Executing DbCommand [Parameters=[], CommandType='Text', CommandTimeout='30']
      SELECT "MigrationId", "ProductVersion"
      FROM "__EFMigrationsHistory"
      ORDER BY "MigrationId";
dbug: Microsoft.EntityFrameworkCore.Database.Command[20100]
      Executing DbCommand [Parameters=[], CommandType='Text', CommandTimeout='30']
      SELECT "MigrationId", "ProductVersion"
      FROM "__EFMigrationsHistory"
      ORDER BY "MigrationId";
fail: Microsoft.EntityFrameworkCore.Database.Command[20102]
      Failed executing DbCommand (11ms) [Parameters=[], CommandType='Text', CommandTimeout='30']
      SELECT "MigrationId", "ProductVersion"
      FROM "__EFMigrationsHistory"
      ORDER BY "MigrationId";
fail: Microsoft.EntityFrameworkCore.Database.Command[20102]
      Failed executing DbCommand (11ms) [Parameters=[], CommandType='Text', CommandTimeout='30']
      SELECT "MigrationId", "ProductVersion"
      FROM "__EFMigrationsHistory"
      ORDER BY "MigrationId";
fail: 7/12/2025 16:16:35.625 RelationalEventId.CommandError[20102] (Microsoft.EntityFrameworkCore.Database.Command) 
      Failed executing DbCommand (11ms) [Parameters=[], CommandType='Text', CommandTimeout='30']
      SELECT "MigrationId", "ProductVersion"
      FROM "__EFMigrationsHistory"
      ORDER BY "MigrationId";
fail: 7/12/2025 16:16:35.625 RelationalEventId.CommandError[20102] (Microsoft.EntityFrameworkCore.Database.Command) 
      Failed executing DbCommand (11ms) [Parameters=[], CommandType='Text', CommandTimeout='30']
      SELECT "MigrationId", "ProductVersion"
      FROM "__EFMigrationsHistory"
      ORDER BY "MigrationId";
dbug: Microsoft.EntityFrameworkCore.Migrations[20400]
      Migrating using database 'bddtestdb' on server 'tcp://127.0.0.1:33517'.
dbug: Microsoft.EntityFrameworkCore.Migrations[20400]
      Migrating using database 'bddtestdb' on server 'tcp://127.0.0.1:33518'.
dbug: Microsoft.EntityFrameworkCore.Database.Command[20103]
      Creating DbCommand for 'ExecuteNonQuery'.
dbug: Microsoft.EntityFrameworkCore.Database.Command[20104]
      Created DbCommand for 'ExecuteNonQuery' (0ms).
dbug: Microsoft.EntityFrameworkCore.Database.Command[20103]
      Creating DbCommand for 'ExecuteNonQuery'.
dbug: Microsoft.EntityFrameworkCore.Database.Command[20106]
      Initialized DbCommand for 'ExecuteNonQuery' (0ms).
dbug: Microsoft.EntityFrameworkCore.Database.Command[20104]
      Created DbCommand for 'ExecuteNonQuery' (0ms).
dbug: Microsoft.EntityFrameworkCore.Database.Command[20106]
      Initialized DbCommand for 'ExecuteNonQuery' (0ms).
dbug: Microsoft.EntityFrameworkCore.Database.Command[20100]
      Executing DbCommand [Parameters=[], CommandType='Text', CommandTimeout='30']
      CREATE TABLE IF NOT EXISTS "__EFMigrationsHistory" (
          "MigrationId" character varying(150) NOT NULL,
          "ProductVersion" character varying(32) NOT NULL,
          CONSTRAINT "PK___EFMigrationsHistory" PRIMARY KEY ("MigrationId")
      );
dbug: Microsoft.EntityFrameworkCore.Database.Command[20100]
      Executing DbCommand [Parameters=[], CommandType='Text', CommandTimeout='30']
      CREATE TABLE IF NOT EXISTS "__EFMigrationsHistory" (
          "MigrationId" character varying(150) NOT NULL,
          "ProductVersion" character varying(32) NOT NULL,
          CONSTRAINT "PK___EFMigrationsHistory" PRIMARY KEY ("MigrationId")
      );
info: Microsoft.EntityFrameworkCore.Database.Command[20101]
      Executed DbCommand (3ms) [Parameters=[], CommandType='Text', CommandTimeout='30']
      CREATE TABLE IF NOT EXISTS "__EFMigrationsHistory" (
          "MigrationId" character varying(150) NOT NULL,
          "ProductVersion" character varying(32) NOT NULL,
          CONSTRAINT "PK___EFMigrationsHistory" PRIMARY KEY ("MigrationId")
      );
info: Microsoft.EntityFrameworkCore.Database.Command[20101]
      Executed DbCommand (3ms) [Parameters=[], CommandType='Text', CommandTimeout='30']
      CREATE TABLE IF NOT EXISTS "__EFMigrationsHistory" (
          "MigrationId" character varying(150) NOT NULL,
          "ProductVersion" character varying(32) NOT NULL,
          CONSTRAINT "PK___EFMigrationsHistory" PRIMARY KEY ("MigrationId")
      );
info: 7/12/2025 16:16:35.744 RelationalEventId.CommandExecuted[20101] (Microsoft.EntityFrameworkCore.Database.Command) 
      Executed DbCommand (3ms) [Parameters=[], CommandType='Text', CommandTimeout='30']
      CREATE TABLE IF NOT EXISTS "__EFMigrationsHistory" (
          "MigrationId" character varying(150) NOT NULL,
          "ProductVersion" character varying(32) NOT NULL,
          CONSTRAINT "PK___EFMigrationsHistory" PRIMARY KEY ("MigrationId")
      );
info: 7/12/2025 16:16:35.744 RelationalEventId.CommandExecuted[20101] (Microsoft.EntityFrameworkCore.Database.Command) 
      Executed DbCommand (3ms) [Parameters=[], CommandType='Text', CommandTimeout='30']
      CREATE TABLE IF NOT EXISTS "__EFMigrationsHistory" (
          "MigrationId" character varying(150) NOT NULL,
          "ProductVersion" character varying(32) NOT NULL,
          CONSTRAINT "PK___EFMigrationsHistory" PRIMARY KEY ("MigrationId")
      );
info: Microsoft.EntityFrameworkCore.Migrations[20411]
      Acquiring an exclusive lock for migration application. See https://aka.ms/efcore-docs-migrations-lock for more information if this takes too long.
info: Microsoft.EntityFrameworkCore.Migrations[20411]
      Acquiring an exclusive lock for migration application. See https://aka.ms/efcore-docs-migrations-lock for more information if this takes too long.
info: 7/12/2025 16:16:35.746 RelationalEventId.AcquiringMigrationLock[20411] (Microsoft.EntityFrameworkCore.Migrations) 
      Acquiring an exclusive lock for migration application. See https://aka.ms/efcore-docs-migrations-lock for more information if this takes too long.
info: 7/12/2025 16:16:35.746 RelationalEventId.AcquiringMigrationLock[20411] (Microsoft.EntityFrameworkCore.Migrations) 
      Acquiring an exclusive lock for migration application. See https://aka.ms/efcore-docs-migrations-lock for more information if this takes too long.
dbug: Microsoft.EntityFrameworkCore.Database.Command[20103]
      Creating DbCommand for 'ExecuteNonQuery'.
dbug: Microsoft.EntityFrameworkCore.Database.Command[20103]
      Creating DbCommand for 'ExecuteNonQuery'.
dbug: Microsoft.EntityFrameworkCore.Database.Command[20104]
      Created DbCommand for 'ExecuteNonQuery' (0ms).
dbug: Microsoft.EntityFrameworkCore.Database.Command[20104]
      Created DbCommand for 'ExecuteNonQuery' (0ms).
dbug: Microsoft.EntityFrameworkCore.Database.Command[20106]
      Initialized DbCommand for 'ExecuteNonQuery' (0ms).
dbug: Microsoft.EntityFrameworkCore.Database.Command[20106]
      Initialized DbCommand for 'ExecuteNonQuery' (0ms).
dbug: Microsoft.EntityFrameworkCore.Database.Command[20100]
      Executing DbCommand [Parameters=[], CommandType='Text', CommandTimeout='30']
      LOCK TABLE "__EFMigrationsHistory" IN ACCESS EXCLUSIVE MODE
dbug: Microsoft.EntityFrameworkCore.Database.Command[20100]
      Executing DbCommand [Parameters=[], CommandType='Text', CommandTimeout='30']
      LOCK TABLE "__EFMigrationsHistory" IN ACCESS EXCLUSIVE MODE
info: Microsoft.EntityFrameworkCore.Database.Command[20101]
      Executed DbCommand (0ms) [Parameters=[], CommandType='Text', CommandTimeout='30']
      LOCK TABLE "__EFMigrationsHistory" IN ACCESS EXCLUSIVE MODE
info: Microsoft.EntityFrameworkCore.Database.Command[20101]
      Executed DbCommand (0ms) [Parameters=[], CommandType='Text', CommandTimeout='30']
      LOCK TABLE "__EFMigrationsHistory" IN ACCESS EXCLUSIVE MODE
info: 7/12/2025 16:16:35.747 RelationalEventId.CommandExecuted[20101] (Microsoft.EntityFrameworkCore.Database.Command) 
      Executed DbCommand (0ms) [Parameters=[], CommandType='Text', CommandTimeout='30']
      LOCK TABLE "__EFMigrationsHistory" IN ACCESS EXCLUSIVE MODE
info: 7/12/2025 16:16:35.747 RelationalEventId.CommandExecuted[20101] (Microsoft.EntityFrameworkCore.Database.Command) 
      Executed DbCommand (0ms) [Parameters=[], CommandType='Text', CommandTimeout='30']
      LOCK TABLE "__EFMigrationsHistory" IN ACCESS EXCLUSIVE MODE
dbug: Microsoft.EntityFrameworkCore.Database.Command[20103]
      Creating DbCommand for 'ExecuteReader'.
dbug: Microsoft.EntityFrameworkCore.Database.Command[20104]
      Created DbCommand for 'ExecuteReader' (0ms).
dbug: Microsoft.EntityFrameworkCore.Database.Command[20103]
      Creating DbCommand for 'ExecuteReader'.
dbug: Microsoft.EntityFrameworkCore.Database.Command[20104]
      Created DbCommand for 'ExecuteReader' (0ms).
dbug: Microsoft.EntityFrameworkCore.Database.Command[20106]
      Initialized DbCommand for 'ExecuteReader' (0ms).
dbug: Microsoft.EntityFrameworkCore.Database.Command[20106]
      Initialized DbCommand for 'ExecuteReader' (0ms).
dbug: Microsoft.EntityFrameworkCore.Database.Command[20100]
      Executing DbCommand [Parameters=[], CommandType='Text', CommandTimeout='30']
      SELECT "MigrationId", "ProductVersion"
      FROM "__EFMigrationsHistory"
      ORDER BY "MigrationId";
dbug: Microsoft.EntityFrameworkCore.Database.Command[20100]
      Executing DbCommand [Parameters=[], CommandType='Text', CommandTimeout='30']
      SELECT "MigrationId", "ProductVersion"
      FROM "__EFMigrationsHistory"
      ORDER BY "MigrationId";
info: Microsoft.EntityFrameworkCore.Database.Command[20101]
      Executed DbCommand (1ms) [Parameters=[], CommandType='Text', CommandTimeout='30']
      SELECT "MigrationId", "ProductVersion"
      FROM "__EFMigrationsHistory"
      ORDER BY "MigrationId";
info: Microsoft.EntityFrameworkCore.Database.Command[20101]
      Executed DbCommand (1ms) [Parameters=[], CommandType='Text', CommandTimeout='30']
      SELECT "MigrationId", "ProductVersion"
      FROM "__EFMigrationsHistory"
      ORDER BY "MigrationId";
info: 7/12/2025 16:16:35.748 RelationalEventId.CommandExecuted[20101] (Microsoft.EntityFrameworkCore.Database.Command) 
      Executed DbCommand (1ms) [Parameters=[], CommandType='Text', CommandTimeout='30']
      SELECT "MigrationId", "ProductVersion"
      FROM "__EFMigrationsHistory"
      ORDER BY "MigrationId";
info: 7/12/2025 16:16:35.748 RelationalEventId.CommandExecuted[20101] (Microsoft.EntityFrameworkCore.Database.Command) 
      Executed DbCommand (1ms) [Parameters=[], CommandType='Text', CommandTimeout='30']
      SELECT "MigrationId", "ProductVersion"
      FROM "__EFMigrationsHistory"
      ORDER BY "MigrationId";
dbug: Microsoft.EntityFrameworkCore.Database.Command[20301]
      Closing data reader to 'bddtestdb' on server 'tcp://127.0.0.1:33518'.
dbug: Microsoft.EntityFrameworkCore.Database.Command[20301]
      Closing data reader to 'bddtestdb' on server 'tcp://127.0.0.1:33517'.
dbug: Microsoft.EntityFrameworkCore.Database.Command[20300]
      A data reader for 'bddtestdb' on server 'tcp://127.0.0.1:33517' is being disposed after spending 1ms reading results.
dbug: Microsoft.EntityFrameworkCore.Database.Command[20300]
      A data reader for 'bddtestdb' on server 'tcp://127.0.0.1:33518' is being disposed after spending 1ms reading results.
info: Microsoft.EntityFrameworkCore.Migrations[20402]
      Applying migration '20250623233141_InitialCreate'.
info: Microsoft.EntityFrameworkCore.Migrations[20402]
      Applying migration '20250623233141_InitialCreate'.
info: 7/12/2025 16:16:35.753 RelationalEventId.MigrationApplying[20402] (Microsoft.EntityFrameworkCore.Migrations) 
      Applying migration '20250623233141_InitialCreate'.
info: 7/12/2025 16:16:35.753 RelationalEventId.MigrationApplying[20402] (Microsoft.EntityFrameworkCore.Migrations) 
      Applying migration '20250623233141_InitialCreate'.
dbug: Microsoft.EntityFrameworkCore.Database.Command[20103]
      Creating DbCommand for 'ExecuteNonQuery'.
dbug: Microsoft.EntityFrameworkCore.Database.Command[20104]
      Created DbCommand for 'ExecuteNonQuery' (0ms).
dbug: Microsoft.EntityFrameworkCore.Database.Command[20106]
      Initialized DbCommand for 'ExecuteNonQuery' (0ms).
dbug: Microsoft.EntityFrameworkCore.Database.Command[20103]
      Creating DbCommand for 'ExecuteNonQuery'.
dbug: Microsoft.EntityFrameworkCore.Database.Command[20104]
      Created DbCommand for 'ExecuteNonQuery' (0ms).
dbug: Microsoft.EntityFrameworkCore.Database.Command[20106]
      Initialized DbCommand for 'ExecuteNonQuery' (0ms).
dbug: Microsoft.EntityFrameworkCore.Database.Command[20100]
      Executing DbCommand [Parameters=[], CommandType='Text', CommandTimeout='30']
      CREATE TABLE "Equipment" (
          "Id" uuid NOT NULL,
          "Name" text NOT NULL,
          CONSTRAINT "PK_Equipment" PRIMARY KEY ("Id")
      );
dbug: Microsoft.EntityFrameworkCore.Database.Command[20100]
      Executing DbCommand [Parameters=[], CommandType='Text', CommandTimeout='30']
      CREATE TABLE "Equipment" (
          "Id" uuid NOT NULL,
          "Name" text NOT NULL,
          CONSTRAINT "PK_Equipment" PRIMARY KEY ("Id")
      );
info: Microsoft.EntityFrameworkCore.Database.Command[20101]
      Executed DbCommand (2ms) [Parameters=[], CommandType='Text', CommandTimeout='30']
      CREATE TABLE "Equipment" (
          "Id" uuid NOT NULL,
          "Name" text NOT NULL,
          CONSTRAINT "PK_Equipment" PRIMARY KEY ("Id")
      );
info: Microsoft.EntityFrameworkCore.Database.Command[20101]
      Executed DbCommand (2ms) [Parameters=[], CommandType='Text', CommandTimeout='30']
      CREATE TABLE "Equipment" (
          "Id" uuid NOT NULL,
          "Name" text NOT NULL,
          CONSTRAINT "PK_Equipment" PRIMARY KEY ("Id")
      );
info: 7/12/2025 16:16:35.768 RelationalEventId.CommandExecuted[20101] (Microsoft.EntityFrameworkCore.Database.Command) 
      Executed DbCommand (2ms) [Parameters=[], CommandType='Text', CommandTimeout='30']
      CREATE TABLE "Equipment" (
          "Id" uuid NOT NULL,
          "Name" text NOT NULL,
          CONSTRAINT "PK_Equipment" PRIMARY KEY ("Id")
      );
info: 7/12/2025 16:16:35.768 RelationalEventId.CommandExecuted[20101] (Microsoft.EntityFrameworkCore.Database.Command) 
      Executed DbCommand (2ms) [Parameters=[], CommandType='Text', CommandTimeout='30']
      CREATE TABLE "Equipment" (
          "Id" uuid NOT NULL,
          "Name" text NOT NULL,
          CONSTRAINT "PK_Equipment" PRIMARY KEY ("Id")
      );
dbug: Microsoft.EntityFrameworkCore.Database.Command[20103]
      Creating DbCommand for 'ExecuteNonQuery'.
dbug: Microsoft.EntityFrameworkCore.Database.Command[20104]
      Created DbCommand for 'ExecuteNonQuery' (0ms).
dbug: Microsoft.EntityFrameworkCore.Database.Command[20106]
      Initialized DbCommand for 'ExecuteNonQuery' (0ms).
dbug: Microsoft.EntityFrameworkCore.Database.Command[20103]
      Creating DbCommand for 'ExecuteNonQuery'.
dbug: Microsoft.EntityFrameworkCore.Database.Command[20104]
      Created DbCommand for 'ExecuteNonQuery' (0ms).
dbug: Microsoft.EntityFrameworkCore.Database.Command[20100]
      Executing DbCommand [Parameters=[], CommandType='Text', CommandTimeout='30']
      CREATE TABLE "Exercises" (
          "Id" uuid NOT NULL,
          "Name" text NOT NULL,
          "Description" text NOT NULL,
          "Instructions" text NOT NULL,
          "VideoUrl" text,
          "Difficulty" integer NOT NULL,
          "KineticChain" integer NOT NULL,
          "IsUnilateral" boolean NOT NULL,
          CONSTRAINT "PK_Exercises" PRIMARY KEY ("Id")
      );
dbug: Microsoft.EntityFrameworkCore.Database.Command[20106]
      Initialized DbCommand for 'ExecuteNonQuery' (0ms).
dbug: Microsoft.EntityFrameworkCore.Database.Command[20100]
      Executing DbCommand [Parameters=[], CommandType='Text', CommandTimeout='30']
      CREATE TABLE "Exercises" (
          "Id" uuid NOT NULL,
          "Name" text NOT NULL,
          "Description" text NOT NULL,
          "Instructions" text NOT NULL,
          "VideoUrl" text,
          "Difficulty" integer NOT NULL,
          "KineticChain" integer NOT NULL,
          "IsUnilateral" boolean NOT NULL,
          CONSTRAINT "PK_Exercises" PRIMARY KEY ("Id")
      );
info: 7/12/2025 16:16:35.769 RelationalEventId.CommandExecuted[20101] (Microsoft.EntityFrameworkCore.Database.Command) 
      Executed DbCommand (1ms) [Parameters=[], CommandType='Text', CommandTimeout='30']
      CREATE TABLE "Exercises" (
          "Id" uuid NOT NULL,
          "Name" text NOT NULL,
          "Description" text NOT NULL,
          "Instructions" text NOT NULL,
          "VideoUrl" text,
          "Difficulty" integer NOT NULL,
          "KineticChain" integer NOT NULL,
          "IsUnilateral" boolean NOT NULL,
          CONSTRAINT "PK_Exercises" PRIMARY KEY ("Id")
      );
info: Microsoft.EntityFrameworkCore.Database.Command[20101]
      Executed DbCommand (1ms) [Parameters=[], CommandType='Text', CommandTimeout='30']
      CREATE TABLE "Exercises" (
          "Id" uuid NOT NULL,
          "Name" text NOT NULL,
          "Description" text NOT NULL,
          "Instructions" text NOT NULL,
          "VideoUrl" text,
          "Difficulty" integer NOT NULL,
          "KineticChain" integer NOT NULL,
          "IsUnilateral" boolean NOT NULL,
          CONSTRAINT "PK_Exercises" PRIMARY KEY ("Id")
      );
dbug: Microsoft.EntityFrameworkCore.Database.Command[20103]
      Creating DbCommand for 'ExecuteNonQuery'.
dbug: Microsoft.EntityFrameworkCore.Database.Command[20104]
      Created DbCommand for 'ExecuteNonQuery' (0ms).
dbug: Microsoft.EntityFrameworkCore.Database.Command[20106]
      Initialized DbCommand for 'ExecuteNonQuery' (0ms).
dbug: Microsoft.EntityFrameworkCore.Database.Command[20100]
      Executing DbCommand [Parameters=[], CommandType='Text', CommandTimeout='30']
      CREATE TABLE "MetricTypes" (
          "Id" uuid NOT NULL,
          "Name" text NOT NULL,
          CONSTRAINT "PK_MetricTypes" PRIMARY KEY ("Id")
      );
info: Microsoft.EntityFrameworkCore.Database.Command[20101]
      Executed DbCommand (2ms) [Parameters=[], CommandType='Text', CommandTimeout='30']
      CREATE TABLE "Exercises" (
          "Id" uuid NOT NULL,
          "Name" text NOT NULL,
          "Description" text NOT NULL,
          "Instructions" text NOT NULL,
          "VideoUrl" text,
          "Difficulty" integer NOT NULL,
          "KineticChain" integer NOT NULL,
          "IsUnilateral" boolean NOT NULL,
          CONSTRAINT "PK_Exercises" PRIMARY KEY ("Id")
      );
info: Microsoft.EntityFrameworkCore.Database.Command[20101]
      Executed DbCommand (1ms) [Parameters=[], CommandType='Text', CommandTimeout='30']
      CREATE TABLE "MetricTypes" (
          "Id" uuid NOT NULL,
          "Name" text NOT NULL,
          CONSTRAINT "PK_MetricTypes" PRIMARY KEY ("Id")
      );
info: 7/12/2025 16:16:35.769 RelationalEventId.CommandExecuted[20101] (Microsoft.EntityFrameworkCore.Database.Command) 
      Executed DbCommand (2ms) [Parameters=[], CommandType='Text', CommandTimeout='30']
      CREATE TABLE "Exercises" (
          "Id" uuid NOT NULL,
          "Name" text NOT NULL,
          "Description" text NOT NULL,
          "Instructions" text NOT NULL,
          "VideoUrl" text,
          "Difficulty" integer NOT NULL,
          "KineticChain" integer NOT NULL,
          "IsUnilateral" boolean NOT NULL,
          CONSTRAINT "PK_Exercises" PRIMARY KEY ("Id")
      );
info: 7/12/2025 16:16:35.769 RelationalEventId.CommandExecuted[20101] (Microsoft.EntityFrameworkCore.Database.Command) 
      Executed DbCommand (1ms) [Parameters=[], CommandType='Text', CommandTimeout='30']
      CREATE TABLE "MetricTypes" (
          "Id" uuid NOT NULL,
          "Name" text NOT NULL,
          CONSTRAINT "PK_MetricTypes" PRIMARY KEY ("Id")
      );
dbug: Microsoft.EntityFrameworkCore.Database.Command[20103]
      Creating DbCommand for 'ExecuteNonQuery'.
dbug: Microsoft.EntityFrameworkCore.Database.Command[20104]
      Created DbCommand for 'ExecuteNonQuery' (0ms).
dbug: Microsoft.EntityFrameworkCore.Database.Command[20103]
      Creating DbCommand for 'ExecuteNonQuery'.
dbug: Microsoft.EntityFrameworkCore.Database.Command[20106]
      Initialized DbCommand for 'ExecuteNonQuery' (0ms).
dbug: Microsoft.EntityFrameworkCore.Database.Command[20104]
      Created DbCommand for 'ExecuteNonQuery' (0ms).
dbug: Microsoft.EntityFrameworkCore.Database.Command[20100]
      Executing DbCommand [Parameters=[], CommandType='Text', CommandTimeout='30']
      CREATE TABLE "MovementPatterns" (
          "Id" uuid NOT NULL,
          "Name" text NOT NULL,
          "Description" text NOT NULL,
          CONSTRAINT "PK_MovementPatterns" PRIMARY KEY ("Id")
      );
dbug: Microsoft.EntityFrameworkCore.Database.Command[20106]
      Initialized DbCommand for 'ExecuteNonQuery' (0ms).
dbug: Microsoft.EntityFrameworkCore.Database.Command[20100]
      Executing DbCommand [Parameters=[], CommandType='Text', CommandTimeout='30']
      CREATE TABLE "MetricTypes" (
          "Id" uuid NOT NULL,
          "Name" text NOT NULL,
          CONSTRAINT "PK_MetricTypes" PRIMARY KEY ("Id")
      );
info: Microsoft.EntityFrameworkCore.Database.Command[20101]
      Executed DbCommand (1ms) [Parameters=[], CommandType='Text', CommandTimeout='30']
      CREATE TABLE "MovementPatterns" (
          "Id" uuid NOT NULL,
          "Name" text NOT NULL,
          "Description" text NOT NULL,
          CONSTRAINT "PK_MovementPatterns" PRIMARY KEY ("Id")
      );
info: 7/12/2025 16:16:35.770 RelationalEventId.CommandExecuted[20101] (Microsoft.EntityFrameworkCore.Database.Command) 
      Executed DbCommand (1ms) [Parameters=[], CommandType='Text', CommandTimeout='30']
      CREATE TABLE "MovementPatterns" (
          "Id" uuid NOT NULL,
          "Name" text NOT NULL,
          "Description" text NOT NULL,
          CONSTRAINT "PK_MovementPatterns" PRIMARY KEY ("Id")
      );
dbug: Microsoft.EntityFrameworkCore.Database.Command[20103]
      Creating DbCommand for 'ExecuteNonQuery'.
dbug: Microsoft.EntityFrameworkCore.Database.Command[20104]
      Created DbCommand for 'ExecuteNonQuery' (0ms).
dbug: Microsoft.EntityFrameworkCore.Database.Command[20106]
      Initialized DbCommand for 'ExecuteNonQuery' (0ms).
dbug: Microsoft.EntityFrameworkCore.Database.Command[20100]
      Executing DbCommand [Parameters=[], CommandType='Text', CommandTimeout='30']
      CREATE TABLE "MuscleGroups" (
          "Id" uuid NOT NULL,
          "Name" text NOT NULL,
          "BodyPart" integer NOT NULL,
          CONSTRAINT "PK_MuscleGroups" PRIMARY KEY ("Id")
      );
info: Microsoft.EntityFrameworkCore.Database.Command[20101]
      Executed DbCommand (1ms) [Parameters=[], CommandType='Text', CommandTimeout='30']
      CREATE TABLE "MetricTypes" (
          "Id" uuid NOT NULL,
          "Name" text NOT NULL,
          CONSTRAINT "PK_MetricTypes" PRIMARY KEY ("Id")
      );
info: 7/12/2025 16:16:35.770 RelationalEventId.CommandExecuted[20101] (Microsoft.EntityFrameworkCore.Database.Command) 
      Executed DbCommand (1ms) [Parameters=[], CommandType='Text', CommandTimeout='30']
      CREATE TABLE "MetricTypes" (
          "Id" uuid NOT NULL,
          "Name" text NOT NULL,
          CONSTRAINT "PK_MetricTypes" PRIMARY KEY ("Id")
      );
dbug: Microsoft.EntityFrameworkCore.Database.Command[20103]
      Creating DbCommand for 'ExecuteNonQuery'.
dbug: Microsoft.EntityFrameworkCore.Database.Command[20104]
      Created DbCommand for 'ExecuteNonQuery' (0ms).
dbug: Microsoft.EntityFrameworkCore.Database.Command[20106]
      Initialized DbCommand for 'ExecuteNonQuery' (0ms).
dbug: Microsoft.EntityFrameworkCore.Database.Command[20100]
      Executing DbCommand [Parameters=[], CommandType='Text', CommandTimeout='30']
      CREATE TABLE "MovementPatterns" (
          "Id" uuid NOT NULL,
          "Name" text NOT NULL,
          "Description" text NOT NULL,
          CONSTRAINT "PK_MovementPatterns" PRIMARY KEY ("Id")
      );
info: Microsoft.EntityFrameworkCore.Database.Command[20101]
      Executed DbCommand (1ms) [Parameters=[], CommandType='Text', CommandTimeout='30']
      CREATE TABLE "MuscleGroups" (
          "Id" uuid NOT NULL,
          "Name" text NOT NULL,
          "BodyPart" integer NOT NULL,
          CONSTRAINT "PK_MuscleGroups" PRIMARY KEY ("Id")
      );
info: 7/12/2025 16:16:35.771 RelationalEventId.CommandExecuted[20101] (Microsoft.EntityFrameworkCore.Database.Command) 
      Executed DbCommand (1ms) [Parameters=[], CommandType='Text', CommandTimeout='30']
      CREATE TABLE "MuscleGroups" (
          "Id" uuid NOT NULL,
          "Name" text NOT NULL,
          "BodyPart" integer NOT NULL,
          CONSTRAINT "PK_MuscleGroups" PRIMARY KEY ("Id")
      );
dbug: Microsoft.EntityFrameworkCore.Database.Command[20103]
      Creating DbCommand for 'ExecuteNonQuery'.
dbug: Microsoft.EntityFrameworkCore.Database.Command[20104]
      Created DbCommand for 'ExecuteNonQuery' (0ms).
dbug: Microsoft.EntityFrameworkCore.Database.Command[20106]
      Initialized DbCommand for 'ExecuteNonQuery' (0ms).
dbug: Microsoft.EntityFrameworkCore.Database.Command[20100]
      Executing DbCommand [Parameters=[], CommandType='Text', CommandTimeout='30']
      CREATE TABLE "Users" (
          "Id" uuid NOT NULL,
          "Username" text NOT NULL,
          "Email" text NOT NULL,
          "PasswordHash" text NOT NULL,
          "CreatedAt" timestamp with time zone NOT NULL,
          "LastLoginAt" timestamp with time zone,
          CONSTRAINT "PK_Users" PRIMARY KEY ("Id")
      );
info: Microsoft.EntityFrameworkCore.Database.Command[20101]
      Executed DbCommand (1ms) [Parameters=[], CommandType='Text', CommandTimeout='30']
      CREATE TABLE "Users" (
          "Id" uuid NOT NULL,
          "Username" text NOT NULL,
          "Email" text NOT NULL,
          "PasswordHash" text NOT NULL,
          "CreatedAt" timestamp with time zone NOT NULL,
          "LastLoginAt" timestamp with time zone,
          CONSTRAINT "PK_Users" PRIMARY KEY ("Id")
      );
info: 7/12/2025 16:16:35.772 RelationalEventId.CommandExecuted[20101] (Microsoft.EntityFrameworkCore.Database.Command) 
      Executed DbCommand (1ms) [Parameters=[], CommandType='Text', CommandTimeout='30']
      CREATE TABLE "Users" (
          "Id" uuid NOT NULL,
          "Username" text NOT NULL,
          "Email" text NOT NULL,
          "PasswordHash" text NOT NULL,
          "CreatedAt" timestamp with time zone NOT NULL,
          "LastLoginAt" timestamp with time zone,
          CONSTRAINT "PK_Users" PRIMARY KEY ("Id")
      );
dbug: Microsoft.EntityFrameworkCore.Database.Command[20103]
      Creating DbCommand for 'ExecuteNonQuery'.
dbug: Microsoft.EntityFrameworkCore.Database.Command[20104]
      Created DbCommand for 'ExecuteNonQuery' (0ms).
dbug: Microsoft.EntityFrameworkCore.Database.Command[20106]
      Initialized DbCommand for 'ExecuteNonQuery' (0ms).
dbug: Microsoft.EntityFrameworkCore.Database.Command[20100]
      Executing DbCommand [Parameters=[], CommandType='Text', CommandTimeout='30']
      CREATE TABLE "ExerciseEquipment" (
          "ExerciseId" uuid NOT NULL,
          "EquipmentId" uuid NOT NULL,
          CONSTRAINT "PK_ExerciseEquipment" PRIMARY KEY ("ExerciseId", "EquipmentId"),
          CONSTRAINT "FK_ExerciseEquipment_Equipment_EquipmentId" FOREIGN KEY ("EquipmentId") REFERENCES "Equipment" ("Id") ON DELETE CASCADE,
          CONSTRAINT "FK_ExerciseEquipment_Exercises_ExerciseId" FOREIGN KEY ("ExerciseId") REFERENCES "Exercises" ("Id") ON DELETE CASCADE
      );
info: Microsoft.EntityFrameworkCore.Database.Command[20101]
      Executed DbCommand (1ms) [Parameters=[], CommandType='Text', CommandTimeout='30']
      CREATE TABLE "MovementPatterns" (
          "Id" uuid NOT NULL,
          "Name" text NOT NULL,
          "Description" text NOT NULL,
          CONSTRAINT "PK_MovementPatterns" PRIMARY KEY ("Id")
      );
info: 7/12/2025 16:16:35.772 RelationalEventId.CommandExecuted[20101] (Microsoft.EntityFrameworkCore.Database.Command) 
      Executed DbCommand (1ms) [Parameters=[], CommandType='Text', CommandTimeout='30']
      CREATE TABLE "MovementPatterns" (
          "Id" uuid NOT NULL,
          "Name" text NOT NULL,
          "Description" text NOT NULL,
          CONSTRAINT "PK_MovementPatterns" PRIMARY KEY ("Id")
      );
dbug: Microsoft.EntityFrameworkCore.Database.Command[20103]
      Creating DbCommand for 'ExecuteNonQuery'.
dbug: Microsoft.EntityFrameworkCore.Database.Command[20104]
      Created DbCommand for 'ExecuteNonQuery' (0ms).
dbug: Microsoft.EntityFrameworkCore.Database.Command[20106]
      Initialized DbCommand for 'ExecuteNonQuery' (0ms).
dbug: Microsoft.EntityFrameworkCore.Database.Command[20100]
      Executing DbCommand [Parameters=[], CommandType='Text', CommandTimeout='30']
      CREATE TABLE "MuscleGroups" (
          "Id" uuid NOT NULL,
          "Name" text NOT NULL,
          "BodyPart" integer NOT NULL,
          CONSTRAINT "PK_MuscleGroups" PRIMARY KEY ("Id")
      );
info: Microsoft.EntityFrameworkCore.Database.Command[20101]
      Executed DbCommand (1ms) [Parameters=[], CommandType='Text', CommandTimeout='30']
      CREATE TABLE "ExerciseEquipment" (
          "ExerciseId" uuid NOT NULL,
          "EquipmentId" uuid NOT NULL,
          CONSTRAINT "PK_ExerciseEquipment" PRIMARY KEY ("ExerciseId", "EquipmentId"),
          CONSTRAINT "FK_ExerciseEquipment_Equipment_EquipmentId" FOREIGN KEY ("EquipmentId") REFERENCES "Equipment" ("Id") ON DELETE CASCADE,
          CONSTRAINT "FK_ExerciseEquipment_Exercises_ExerciseId" FOREIGN KEY ("ExerciseId") REFERENCES "Exercises" ("Id") ON DELETE CASCADE
      );
info: 7/12/2025 16:16:35.773 RelationalEventId.CommandExecuted[20101] (Microsoft.EntityFrameworkCore.Database.Command) 
      Executed DbCommand (1ms) [Parameters=[], CommandType='Text', CommandTimeout='30']
      CREATE TABLE "ExerciseEquipment" (
          "ExerciseId" uuid NOT NULL,
          "EquipmentId" uuid NOT NULL,
          CONSTRAINT "PK_ExerciseEquipment" PRIMARY KEY ("ExerciseId", "EquipmentId"),
          CONSTRAINT "FK_ExerciseEquipment_Equipment_EquipmentId" FOREIGN KEY ("EquipmentId") REFERENCES "Equipment" ("Id") ON DELETE CASCADE,
          CONSTRAINT "FK_ExerciseEquipment_Exercises_ExerciseId" FOREIGN KEY ("ExerciseId") REFERENCES "Exercises" ("Id") ON DELETE CASCADE
      );
dbug: Microsoft.EntityFrameworkCore.Database.Command[20103]
      Creating DbCommand for 'ExecuteNonQuery'.
dbug: Microsoft.EntityFrameworkCore.Database.Command[20104]
      Created DbCommand for 'ExecuteNonQuery' (0ms).
dbug: Microsoft.EntityFrameworkCore.Database.Command[20106]
      Initialized DbCommand for 'ExecuteNonQuery' (0ms).
dbug: Microsoft.EntityFrameworkCore.Database.Command[20100]
      Executing DbCommand [Parameters=[], CommandType='Text', CommandTimeout='30']
      CREATE TABLE "ExerciseMetricSupport" (
          "ExerciseId" uuid NOT NULL,
          "MetricTypeId" uuid NOT NULL,
          CONSTRAINT "PK_ExerciseMetricSupport" PRIMARY KEY ("ExerciseId", "MetricTypeId"),
          CONSTRAINT "FK_ExerciseMetricSupport_Exercises_ExerciseId" FOREIGN KEY ("ExerciseId") REFERENCES "Exercises" ("Id") ON DELETE CASCADE,
          CONSTRAINT "FK_ExerciseMetricSupport_MetricTypes_MetricTypeId" FOREIGN KEY ("MetricTypeId") REFERENCES "MetricTypes" ("Id") ON DELETE CASCADE
      );
info: Microsoft.EntityFrameworkCore.Database.Command[20101]
      Executed DbCommand (1ms) [Parameters=[], CommandType='Text', CommandTimeout='30']
      CREATE TABLE "MuscleGroups" (
          "Id" uuid NOT NULL,
          "Name" text NOT NULL,
          "BodyPart" integer NOT NULL,
          CONSTRAINT "PK_MuscleGroups" PRIMARY KEY ("Id")
      );
info: 7/12/2025 16:16:35.773 RelationalEventId.CommandExecuted[20101] (Microsoft.EntityFrameworkCore.Database.Command) 
      Executed DbCommand (1ms) [Parameters=[], CommandType='Text', CommandTimeout='30']
      CREATE TABLE "MuscleGroups" (
          "Id" uuid NOT NULL,
          "Name" text NOT NULL,
          "BodyPart" integer NOT NULL,
          CONSTRAINT "PK_MuscleGroups" PRIMARY KEY ("Id")
      );
dbug: Microsoft.EntityFrameworkCore.Database.Command[20103]
      Creating DbCommand for 'ExecuteNonQuery'.
dbug: Microsoft.EntityFrameworkCore.Database.Command[20104]
      Created DbCommand for 'ExecuteNonQuery' (0ms).
dbug: Microsoft.EntityFrameworkCore.Database.Command[20106]
      Initialized DbCommand for 'ExecuteNonQuery' (0ms).
dbug: Microsoft.EntityFrameworkCore.Database.Command[20100]
      Executing DbCommand [Parameters=[], CommandType='Text', CommandTimeout='30']
      CREATE TABLE "Users" (
          "Id" uuid NOT NULL,
          "Username" text NOT NULL,
          "Email" text NOT NULL,
          "PasswordHash" text NOT NULL,
          "CreatedAt" timestamp with time zone NOT NULL,
          "LastLoginAt" timestamp with time zone,
          CONSTRAINT "PK_Users" PRIMARY KEY ("Id")
      );
info: Microsoft.EntityFrameworkCore.Database.Command[20101]
      Executed DbCommand (1ms) [Parameters=[], CommandType='Text', CommandTimeout='30']
      CREATE TABLE "ExerciseMetricSupport" (
          "ExerciseId" uuid NOT NULL,
          "MetricTypeId" uuid NOT NULL,
          CONSTRAINT "PK_ExerciseMetricSupport" PRIMARY KEY ("ExerciseId", "MetricTypeId"),
          CONSTRAINT "FK_ExerciseMetricSupport_Exercises_ExerciseId" FOREIGN KEY ("ExerciseId") REFERENCES "Exercises" ("Id") ON DELETE CASCADE,
          CONSTRAINT "FK_ExerciseMetricSupport_MetricTypes_MetricTypeId" FOREIGN KEY ("MetricTypeId") REFERENCES "MetricTypes" ("Id") ON DELETE CASCADE
      );
info: 7/12/2025 16:16:35.773 RelationalEventId.CommandExecuted[20101] (Microsoft.EntityFrameworkCore.Database.Command) 
      Executed DbCommand (1ms) [Parameters=[], CommandType='Text', CommandTimeout='30']
      CREATE TABLE "ExerciseMetricSupport" (
          "ExerciseId" uuid NOT NULL,
          "MetricTypeId" uuid NOT NULL,
          CONSTRAINT "PK_ExerciseMetricSupport" PRIMARY KEY ("ExerciseId", "MetricTypeId"),
          CONSTRAINT "FK_ExerciseMetricSupport_Exercises_ExerciseId" FOREIGN KEY ("ExerciseId") REFERENCES "Exercises" ("Id") ON DELETE CASCADE,
          CONSTRAINT "FK_ExerciseMetricSupport_MetricTypes_MetricTypeId" FOREIGN KEY ("MetricTypeId") REFERENCES "MetricTypes" ("Id") ON DELETE CASCADE
      );
dbug: Microsoft.EntityFrameworkCore.Database.Command[20103]
      Creating DbCommand for 'ExecuteNonQuery'.
dbug: Microsoft.EntityFrameworkCore.Database.Command[20104]
      Created DbCommand for 'ExecuteNonQuery' (0ms).
dbug: Microsoft.EntityFrameworkCore.Database.Command[20106]
      Initialized DbCommand for 'ExecuteNonQuery' (0ms).
dbug: Microsoft.EntityFrameworkCore.Database.Command[20100]
      Executing DbCommand [Parameters=[], CommandType='Text', CommandTimeout='30']
      CREATE TABLE "ExerciseMovementPatterns" (
          "ExerciseId" uuid NOT NULL,
          "PatternId" uuid NOT NULL,
          CONSTRAINT "PK_ExerciseMovementPatterns" PRIMARY KEY ("ExerciseId", "PatternId"),
          CONSTRAINT "FK_ExerciseMovementPatterns_Exercises_ExerciseId" FOREIGN KEY ("ExerciseId") REFERENCES "Exercises" ("Id") ON DELETE CASCADE,
          CONSTRAINT "FK_ExerciseMovementPatterns_MovementPatterns_PatternId" FOREIGN KEY ("PatternId") REFERENCES "MovementPatterns" ("Id") ON DELETE CASCADE
      );
info: Microsoft.EntityFrameworkCore.Database.Command[20101]
      Executed DbCommand (1ms) [Parameters=[], CommandType='Text', CommandTimeout='30']
      CREATE TABLE "ExerciseMovementPatterns" (
          "ExerciseId" uuid NOT NULL,
          "PatternId" uuid NOT NULL,
          CONSTRAINT "PK_ExerciseMovementPatterns" PRIMARY KEY ("ExerciseId", "PatternId"),
          CONSTRAINT "FK_ExerciseMovementPatterns_Exercises_ExerciseId" FOREIGN KEY ("ExerciseId") REFERENCES "Exercises" ("Id") ON DELETE CASCADE,
          CONSTRAINT "FK_ExerciseMovementPatterns_MovementPatterns_PatternId" FOREIGN KEY ("PatternId") REFERENCES "MovementPatterns" ("Id") ON DELETE CASCADE
      );
info: 7/12/2025 16:16:35.774 RelationalEventId.CommandExecuted[20101] (Microsoft.EntityFrameworkCore.Database.Command) 
      Executed DbCommand (1ms) [Parameters=[], CommandType='Text', CommandTimeout='30']
      CREATE TABLE "ExerciseMovementPatterns" (
          "ExerciseId" uuid NOT NULL,
          "PatternId" uuid NOT NULL,
          CONSTRAINT "PK_ExerciseMovementPatterns" PRIMARY KEY ("ExerciseId", "PatternId"),
          CONSTRAINT "FK_ExerciseMovementPatterns_Exercises_ExerciseId" FOREIGN KEY ("ExerciseId") REFERENCES "Exercises" ("Id") ON DELETE CASCADE,
          CONSTRAINT "FK_ExerciseMovementPatterns_MovementPatterns_PatternId" FOREIGN KEY ("PatternId") REFERENCES "MovementPatterns" ("Id") ON DELETE CASCADE
      );
dbug: Microsoft.EntityFrameworkCore.Database.Command[20103]
      Creating DbCommand for 'ExecuteNonQuery'.
dbug: Microsoft.EntityFrameworkCore.Database.Command[20104]
      Created DbCommand for 'ExecuteNonQuery' (0ms).
dbug: Microsoft.EntityFrameworkCore.Database.Command[20106]
      Initialized DbCommand for 'ExecuteNonQuery' (0ms).
dbug: Microsoft.EntityFrameworkCore.Database.Command[20100]
      Executing DbCommand [Parameters=[], CommandType='Text', CommandTimeout='30']
      CREATE TABLE "ExerciseTargetedMuscles" (
          "ExerciseId" uuid NOT NULL,
          "MuscleGroupId" uuid NOT NULL,
          "Role" integer NOT NULL,
          CONSTRAINT "PK_ExerciseTargetedMuscles" PRIMARY KEY ("ExerciseId", "MuscleGroupId"),
          CONSTRAINT "FK_ExerciseTargetedMuscles_Exercises_ExerciseId" FOREIGN KEY ("ExerciseId") REFERENCES "Exercises" ("Id") ON DELETE CASCADE,
          CONSTRAINT "FK_ExerciseTargetedMuscles_MuscleGroups_MuscleGroupId" FOREIGN KEY ("MuscleGroupId") REFERENCES "MuscleGroups" ("Id") ON DELETE CASCADE
      );
info: Microsoft.EntityFrameworkCore.Database.Command[20101]
      Executed DbCommand (1ms) [Parameters=[], CommandType='Text', CommandTimeout='30']
      CREATE TABLE "Users" (
          "Id" uuid NOT NULL,
          "Username" text NOT NULL,
          "Email" text NOT NULL,
          "PasswordHash" text NOT NULL,
          "CreatedAt" timestamp with time zone NOT NULL,
          "LastLoginAt" timestamp with time zone,
          CONSTRAINT "PK_Users" PRIMARY KEY ("Id")
      );
info: 7/12/2025 16:16:35.775 RelationalEventId.CommandExecuted[20101] (Microsoft.EntityFrameworkCore.Database.Command) 
      Executed DbCommand (1ms) [Parameters=[], CommandType='Text', CommandTimeout='30']
      CREATE TABLE "Users" (
          "Id" uuid NOT NULL,
          "Username" text NOT NULL,
          "Email" text NOT NULL,
          "PasswordHash" text NOT NULL,
          "CreatedAt" timestamp with time zone NOT NULL,
          "LastLoginAt" timestamp with time zone,
          CONSTRAINT "PK_Users" PRIMARY KEY ("Id")
      );
dbug: Microsoft.EntityFrameworkCore.Database.Command[20103]
      Creating DbCommand for 'ExecuteNonQuery'.
dbug: Microsoft.EntityFrameworkCore.Database.Command[20104]
      Created DbCommand for 'ExecuteNonQuery' (0ms).
dbug: Microsoft.EntityFrameworkCore.Database.Command[20106]
      Initialized DbCommand for 'ExecuteNonQuery' (0ms).
dbug: Microsoft.EntityFrameworkCore.Database.Command[20100]
      Executing DbCommand [Parameters=[], CommandType='Text', CommandTimeout='30']
      CREATE TABLE "ExerciseEquipment" (
          "ExerciseId" uuid NOT NULL,
          "EquipmentId" uuid NOT NULL,
          CONSTRAINT "PK_ExerciseEquipment" PRIMARY KEY ("ExerciseId", "EquipmentId"),
          CONSTRAINT "FK_ExerciseEquipment_Equipment_EquipmentId" FOREIGN KEY ("EquipmentId") REFERENCES "Equipment" ("Id") ON DELETE CASCADE,
          CONSTRAINT "FK_ExerciseEquipment_Exercises_ExerciseId" FOREIGN KEY ("ExerciseId") REFERENCES "Exercises" ("Id") ON DELETE CASCADE
      );
info: Microsoft.EntityFrameworkCore.Database.Command[20101]
      Executed DbCommand (1ms) [Parameters=[], CommandType='Text', CommandTimeout='30']
      CREATE TABLE "ExerciseTargetedMuscles" (
          "ExerciseId" uuid NOT NULL,
          "MuscleGroupId" uuid NOT NULL,
          "Role" integer NOT NULL,
          CONSTRAINT "PK_ExerciseTargetedMuscles" PRIMARY KEY ("ExerciseId", "MuscleGroupId"),
          CONSTRAINT "FK_ExerciseTargetedMuscles_Exercises_ExerciseId" FOREIGN KEY ("ExerciseId") REFERENCES "Exercises" ("Id") ON DELETE CASCADE,
          CONSTRAINT "FK_ExerciseTargetedMuscles_MuscleGroups_MuscleGroupId" FOREIGN KEY ("MuscleGroupId") REFERENCES "MuscleGroups" ("Id") ON DELETE CASCADE
      );
info: 7/12/2025 16:16:35.775 RelationalEventId.CommandExecuted[20101] (Microsoft.EntityFrameworkCore.Database.Command) 
      Executed DbCommand (1ms) [Parameters=[], CommandType='Text', CommandTimeout='30']
      CREATE TABLE "ExerciseTargetedMuscles" (
          "ExerciseId" uuid NOT NULL,
          "MuscleGroupId" uuid NOT NULL,
          "Role" integer NOT NULL,
          CONSTRAINT "PK_ExerciseTargetedMuscles" PRIMARY KEY ("ExerciseId", "MuscleGroupId"),
          CONSTRAINT "FK_ExerciseTargetedMuscles_Exercises_ExerciseId" FOREIGN KEY ("ExerciseId") REFERENCES "Exercises" ("Id") ON DELETE CASCADE,
          CONSTRAINT "FK_ExerciseTargetedMuscles_MuscleGroups_MuscleGroupId" FOREIGN KEY ("MuscleGroupId") REFERENCES "MuscleGroups" ("Id") ON DELETE CASCADE
      );
dbug: Microsoft.EntityFrameworkCore.Database.Command[20103]
      Creating DbCommand for 'ExecuteNonQuery'.
dbug: Microsoft.EntityFrameworkCore.Database.Command[20104]
      Created DbCommand for 'ExecuteNonQuery' (0ms).
dbug: Microsoft.EntityFrameworkCore.Database.Command[20106]
      Initialized DbCommand for 'ExecuteNonQuery' (0ms).
dbug: Microsoft.EntityFrameworkCore.Database.Command[20100]
      Executing DbCommand [Parameters=[], CommandType='Text', CommandTimeout='30']
      CREATE TABLE "WorkoutLogs" (
          "Id" uuid NOT NULL,
          "UserId" uuid NOT NULL,
          "StartTime" timestamp with time zone NOT NULL,
          "EndTime" timestamp with time zone,
          CONSTRAINT "PK_WorkoutLogs" PRIMARY KEY ("Id"),
          CONSTRAINT "FK_WorkoutLogs_Users_UserId" FOREIGN KEY ("UserId") REFERENCES "Users" ("Id") ON DELETE CASCADE
      );
info: Microsoft.EntityFrameworkCore.Database.Command[20101]
      Executed DbCommand (1ms) [Parameters=[], CommandType='Text', CommandTimeout='30']
      CREATE TABLE "WorkoutLogs" (
          "Id" uuid NOT NULL,
          "UserId" uuid NOT NULL,
          "StartTime" timestamp with time zone NOT NULL,
          "EndTime" timestamp with time zone,
          CONSTRAINT "PK_WorkoutLogs" PRIMARY KEY ("Id"),
          CONSTRAINT "FK_WorkoutLogs_Users_UserId" FOREIGN KEY ("UserId") REFERENCES "Users" ("Id") ON DELETE CASCADE
      );
info: 7/12/2025 16:16:35.776 RelationalEventId.CommandExecuted[20101] (Microsoft.EntityFrameworkCore.Database.Command) 
      Executed DbCommand (1ms) [Parameters=[], CommandType='Text', CommandTimeout='30']
      CREATE TABLE "WorkoutLogs" (
          "Id" uuid NOT NULL,
          "UserId" uuid NOT NULL,
          "StartTime" timestamp with time zone NOT NULL,
          "EndTime" timestamp with time zone,
          CONSTRAINT "PK_WorkoutLogs" PRIMARY KEY ("Id"),
          CONSTRAINT "FK_WorkoutLogs_Users_UserId" FOREIGN KEY ("UserId") REFERENCES "Users" ("Id") ON DELETE CASCADE
      );
dbug: Microsoft.EntityFrameworkCore.Database.Command[20103]
      Creating DbCommand for 'ExecuteNonQuery'.
dbug: Microsoft.EntityFrameworkCore.Database.Command[20104]
      Created DbCommand for 'ExecuteNonQuery' (0ms).
dbug: Microsoft.EntityFrameworkCore.Database.Command[20106]
      Initialized DbCommand for 'ExecuteNonQuery' (0ms).
dbug: Microsoft.EntityFrameworkCore.Database.Command[20100]
      Executing DbCommand [Parameters=[], CommandType='Text', CommandTimeout='30']
      CREATE TABLE "WorkoutLogSets" (
          "Id" uuid NOT NULL,
          "LogId" uuid NOT NULL,
          "ExerciseId" uuid NOT NULL,
          "SetOrder" integer NOT NULL,
          "RepsCompleted" integer,
          "WeightUsedKg" numeric(10,2),
          "DurationCompletedSec" integer,
          "DistanceCompletedM" integer,
          "Notes" text,
          CONSTRAINT "PK_WorkoutLogSets" PRIMARY KEY ("Id"),
          CONSTRAINT "FK_WorkoutLogSets_Exercises_ExerciseId" FOREIGN KEY ("ExerciseId") REFERENCES "Exercises" ("Id") ON DELETE CASCADE,
          CONSTRAINT "FK_WorkoutLogSets_WorkoutLogs_LogId" FOREIGN KEY ("LogId") REFERENCES "WorkoutLogs" ("Id") ON DELETE CASCADE
      );
info: Microsoft.EntityFrameworkCore.Database.Command[20101]
      Executed DbCommand (2ms) [Parameters=[], CommandType='Text', CommandTimeout='30']
      CREATE TABLE "ExerciseEquipment" (
          "ExerciseId" uuid NOT NULL,
          "EquipmentId" uuid NOT NULL,
          CONSTRAINT "PK_ExerciseEquipment" PRIMARY KEY ("ExerciseId", "EquipmentId"),
          CONSTRAINT "FK_ExerciseEquipment_Equipment_EquipmentId" FOREIGN KEY ("EquipmentId") REFERENCES "Equipment" ("Id") ON DELETE CASCADE,
          CONSTRAINT "FK_ExerciseEquipment_Exercises_ExerciseId" FOREIGN KEY ("ExerciseId") REFERENCES "Exercises" ("Id") ON DELETE CASCADE
      );
info: 7/12/2025 16:16:35.777 RelationalEventId.CommandExecuted[20101] (Microsoft.EntityFrameworkCore.Database.Command) 
      Executed DbCommand (2ms) [Parameters=[], CommandType='Text', CommandTimeout='30']
      CREATE TABLE "ExerciseEquipment" (
          "ExerciseId" uuid NOT NULL,
          "EquipmentId" uuid NOT NULL,
          CONSTRAINT "PK_ExerciseEquipment" PRIMARY KEY ("ExerciseId", "EquipmentId"),
          CONSTRAINT "FK_ExerciseEquipment_Equipment_EquipmentId" FOREIGN KEY ("EquipmentId") REFERENCES "Equipment" ("Id") ON DELETE CASCADE,
          CONSTRAINT "FK_ExerciseEquipment_Exercises_ExerciseId" FOREIGN KEY ("ExerciseId") REFERENCES "Exercises" ("Id") ON DELETE CASCADE
      );
dbug: Microsoft.EntityFrameworkCore.Database.Command[20103]
      Creating DbCommand for 'ExecuteNonQuery'.
dbug: Microsoft.EntityFrameworkCore.Database.Command[20104]
      Created DbCommand for 'ExecuteNonQuery' (0ms).
dbug: Microsoft.EntityFrameworkCore.Database.Command[20106]
      Initialized DbCommand for 'ExecuteNonQuery' (0ms).
dbug: Microsoft.EntityFrameworkCore.Database.Command[20100]
      Executing DbCommand [Parameters=[], CommandType='Text', CommandTimeout='30']
      CREATE TABLE "ExerciseMetricSupport" (
          "ExerciseId" uuid NOT NULL,
          "MetricTypeId" uuid NOT NULL,
          CONSTRAINT "PK_ExerciseMetricSupport" PRIMARY KEY ("ExerciseId", "MetricTypeId"),
          CONSTRAINT "FK_ExerciseMetricSupport_Exercises_ExerciseId" FOREIGN KEY ("ExerciseId") REFERENCES "Exercises" ("Id") ON DELETE CASCADE,
          CONSTRAINT "FK_ExerciseMetricSupport_MetricTypes_MetricTypeId" FOREIGN KEY ("MetricTypeId") REFERENCES "MetricTypes" ("Id") ON DELETE CASCADE
      );
info: Microsoft.EntityFrameworkCore.Database.Command[20101]
      Executed DbCommand (1ms) [Parameters=[], CommandType='Text', CommandTimeout='30']
      CREATE TABLE "WorkoutLogSets" (
          "Id" uuid NOT NULL,
          "LogId" uuid NOT NULL,
          "ExerciseId" uuid NOT NULL,
          "SetOrder" integer NOT NULL,
          "RepsCompleted" integer,
          "WeightUsedKg" numeric(10,2),
          "DurationCompletedSec" integer,
          "DistanceCompletedM" integer,
          "Notes" text,
          CONSTRAINT "PK_WorkoutLogSets" PRIMARY KEY ("Id"),
          CONSTRAINT "FK_WorkoutLogSets_Exercises_ExerciseId" FOREIGN KEY ("ExerciseId") REFERENCES "Exercises" ("Id") ON DELETE CASCADE,
          CONSTRAINT "FK_WorkoutLogSets_WorkoutLogs_LogId" FOREIGN KEY ("LogId") REFERENCES "WorkoutLogs" ("Id") ON DELETE CASCADE
      );
info: 7/12/2025 16:16:35.777 RelationalEventId.CommandExecuted[20101] (Microsoft.EntityFrameworkCore.Database.Command) 
      Executed DbCommand (1ms) [Parameters=[], CommandType='Text', CommandTimeout='30']
      CREATE TABLE "WorkoutLogSets" (
          "Id" uuid NOT NULL,
          "LogId" uuid NOT NULL,
          "ExerciseId" uuid NOT NULL,
          "SetOrder" integer NOT NULL,
          "RepsCompleted" integer,
          "WeightUsedKg" numeric(10,2),
          "DurationCompletedSec" integer,
          "DistanceCompletedM" integer,
          "Notes" text,
          CONSTRAINT "PK_WorkoutLogSets" PRIMARY KEY ("Id"),
          CONSTRAINT "FK_WorkoutLogSets_Exercises_ExerciseId" FOREIGN KEY ("ExerciseId") REFERENCES "Exercises" ("Id") ON DELETE CASCADE,
          CONSTRAINT "FK_WorkoutLogSets_WorkoutLogs_LogId" FOREIGN KEY ("LogId") REFERENCES "WorkoutLogs" ("Id") ON DELETE CASCADE
      );
dbug: Microsoft.EntityFrameworkCore.Database.Command[20103]
      Creating DbCommand for 'ExecuteNonQuery'.
dbug: Microsoft.EntityFrameworkCore.Database.Command[20104]
      Created DbCommand for 'ExecuteNonQuery' (0ms).
dbug: Microsoft.EntityFrameworkCore.Database.Command[20106]
      Initialized DbCommand for 'ExecuteNonQuery' (0ms).
dbug: Microsoft.EntityFrameworkCore.Database.Command[20100]
      Executing DbCommand [Parameters=[], CommandType='Text', CommandTimeout='30']
      CREATE INDEX "IX_ExerciseEquipment_EquipmentId" ON "ExerciseEquipment" ("EquipmentId");
info: Microsoft.EntityFrameworkCore.Database.Command[20101]
      Executed DbCommand (0ms) [Parameters=[], CommandType='Text', CommandTimeout='30']
      CREATE INDEX "IX_ExerciseEquipment_EquipmentId" ON "ExerciseEquipment" ("EquipmentId");
info: 7/12/2025 16:16:35.778 RelationalEventId.CommandExecuted[20101] (Microsoft.EntityFrameworkCore.Database.Command) 
      Executed DbCommand (0ms) [Parameters=[], CommandType='Text', CommandTimeout='30']
      CREATE INDEX "IX_ExerciseEquipment_EquipmentId" ON "ExerciseEquipment" ("EquipmentId");
dbug: Microsoft.EntityFrameworkCore.Database.Command[20103]
      Creating DbCommand for 'ExecuteNonQuery'.
dbug: Microsoft.EntityFrameworkCore.Database.Command[20104]
      Created DbCommand for 'ExecuteNonQuery' (0ms).
dbug: Microsoft.EntityFrameworkCore.Database.Command[20106]
      Initialized DbCommand for 'ExecuteNonQuery' (0ms).
dbug: Microsoft.EntityFrameworkCore.Database.Command[20100]
      Executing DbCommand [Parameters=[], CommandType='Text', CommandTimeout='30']
      CREATE INDEX "IX_ExerciseMetricSupport_MetricTypeId" ON "ExerciseMetricSupport" ("MetricTypeId");
info: 7/12/2025 16:16:35.778 RelationalEventId.CommandExecuted[20101] (Microsoft.EntityFrameworkCore.Database.Command) 
      Executed DbCommand (0ms) [Parameters=[], CommandType='Text', CommandTimeout='30']
      CREATE INDEX "IX_ExerciseMetricSupport_MetricTypeId" ON "ExerciseMetricSupport" ("MetricTypeId");
info: Microsoft.EntityFrameworkCore.Database.Command[20101]
      Executed DbCommand (0ms) [Parameters=[], CommandType='Text', CommandTimeout='30']
      CREATE INDEX "IX_ExerciseMetricSupport_MetricTypeId" ON "ExerciseMetricSupport" ("MetricTypeId");
dbug: Microsoft.EntityFrameworkCore.Database.Command[20103]
      Creating DbCommand for 'ExecuteNonQuery'.
dbug: Microsoft.EntityFrameworkCore.Database.Command[20104]
      Created DbCommand for 'ExecuteNonQuery' (0ms).
dbug: Microsoft.EntityFrameworkCore.Database.Command[20106]
      Initialized DbCommand for 'ExecuteNonQuery' (0ms).
dbug: Microsoft.EntityFrameworkCore.Database.Command[20100]
      Executing DbCommand [Parameters=[], CommandType='Text', CommandTimeout='30']
      CREATE INDEX "IX_ExerciseMovementPatterns_PatternId" ON "ExerciseMovementPatterns" ("PatternId");
info: Microsoft.EntityFrameworkCore.Database.Command[20101]
      Executed DbCommand (0ms) [Parameters=[], CommandType='Text', CommandTimeout='30']
      CREATE INDEX "IX_ExerciseMovementPatterns_PatternId" ON "ExerciseMovementPatterns" ("PatternId");
info: 7/12/2025 16:16:35.778 RelationalEventId.CommandExecuted[20101] (Microsoft.EntityFrameworkCore.Database.Command) 
      Executed DbCommand (0ms) [Parameters=[], CommandType='Text', CommandTimeout='30']
      CREATE INDEX "IX_ExerciseMovementPatterns_PatternId" ON "ExerciseMovementPatterns" ("PatternId");
dbug: Microsoft.EntityFrameworkCore.Database.Command[20103]
      Creating DbCommand for 'ExecuteNonQuery'.
dbug: Microsoft.EntityFrameworkCore.Database.Command[20104]
      Created DbCommand for 'ExecuteNonQuery' (0ms).
dbug: Microsoft.EntityFrameworkCore.Database.Command[20106]
      Initialized DbCommand for 'ExecuteNonQuery' (0ms).
dbug: Microsoft.EntityFrameworkCore.Database.Command[20100]
      Executing DbCommand [Parameters=[], CommandType='Text', CommandTimeout='30']
      CREATE INDEX "IX_ExerciseTargetedMuscles_MuscleGroupId" ON "ExerciseTargetedMuscles" ("MuscleGroupId");
info: Microsoft.EntityFrameworkCore.Database.Command[20101]
      Executed DbCommand (0ms) [Parameters=[], CommandType='Text', CommandTimeout='30']
      CREATE INDEX "IX_ExerciseTargetedMuscles_MuscleGroupId" ON "ExerciseTargetedMuscles" ("MuscleGroupId");
info: 7/12/2025 16:16:35.778 RelationalEventId.CommandExecuted[20101] (Microsoft.EntityFrameworkCore.Database.Command) 
      Executed DbCommand (0ms) [Parameters=[], CommandType='Text', CommandTimeout='30']
      CREATE INDEX "IX_ExerciseTargetedMuscles_MuscleGroupId" ON "ExerciseTargetedMuscles" ("MuscleGroupId");
dbug: Microsoft.EntityFrameworkCore.Database.Command[20103]
      Creating DbCommand for 'ExecuteNonQuery'.
dbug: Microsoft.EntityFrameworkCore.Database.Command[20104]
      Created DbCommand for 'ExecuteNonQuery' (0ms).
dbug: Microsoft.EntityFrameworkCore.Database.Command[20106]
      Initialized DbCommand for 'ExecuteNonQuery' (0ms).
dbug: Microsoft.EntityFrameworkCore.Database.Command[20100]
      Executing DbCommand [Parameters=[], CommandType='Text', CommandTimeout='30']
      CREATE INDEX "IX_WorkoutLogs_UserId" ON "WorkoutLogs" ("UserId");
info: Microsoft.EntityFrameworkCore.Database.Command[20101]
      Executed DbCommand (1ms) [Parameters=[], CommandType='Text', CommandTimeout='30']
      CREATE TABLE "ExerciseMetricSupport" (
          "ExerciseId" uuid NOT NULL,
          "MetricTypeId" uuid NOT NULL,
          CONSTRAINT "PK_ExerciseMetricSupport" PRIMARY KEY ("ExerciseId", "MetricTypeId"),
          CONSTRAINT "FK_ExerciseMetricSupport_Exercises_ExerciseId" FOREIGN KEY ("ExerciseId") REFERENCES "Exercises" ("Id") ON DELETE CASCADE,
          CONSTRAINT "FK_ExerciseMetricSupport_MetricTypes_MetricTypeId" FOREIGN KEY ("MetricTypeId") REFERENCES "MetricTypes" ("Id") ON DELETE CASCADE
      );
info: 7/12/2025 16:16:35.779 RelationalEventId.CommandExecuted[20101] (Microsoft.EntityFrameworkCore.Database.Command) 
      Executed DbCommand (1ms) [Parameters=[], CommandType='Text', CommandTimeout='30']
      CREATE TABLE "ExerciseMetricSupport" (
          "ExerciseId" uuid NOT NULL,
          "MetricTypeId" uuid NOT NULL,
          CONSTRAINT "PK_ExerciseMetricSupport" PRIMARY KEY ("ExerciseId", "MetricTypeId"),
          CONSTRAINT "FK_ExerciseMetricSupport_Exercises_ExerciseId" FOREIGN KEY ("ExerciseId") REFERENCES "Exercises" ("Id") ON DELETE CASCADE,
          CONSTRAINT "FK_ExerciseMetricSupport_MetricTypes_MetricTypeId" FOREIGN KEY ("MetricTypeId") REFERENCES "MetricTypes" ("Id") ON DELETE CASCADE
      );
dbug: Microsoft.EntityFrameworkCore.Database.Command[20103]
      Creating DbCommand for 'ExecuteNonQuery'.
dbug: Microsoft.EntityFrameworkCore.Database.Command[20104]
      Created DbCommand for 'ExecuteNonQuery' (0ms).
dbug: Microsoft.EntityFrameworkCore.Database.Command[20106]
      Initialized DbCommand for 'ExecuteNonQuery' (0ms).
dbug: Microsoft.EntityFrameworkCore.Database.Command[20100]
      Executing DbCommand [Parameters=[], CommandType='Text', CommandTimeout='30']
      CREATE TABLE "ExerciseMovementPatterns" (
          "ExerciseId" uuid NOT NULL,
          "PatternId" uuid NOT NULL,
          CONSTRAINT "PK_ExerciseMovementPatterns" PRIMARY KEY ("ExerciseId", "PatternId"),
          CONSTRAINT "FK_ExerciseMovementPatterns_Exercises_ExerciseId" FOREIGN KEY ("ExerciseId") REFERENCES "Exercises" ("Id") ON DELETE CASCADE,
          CONSTRAINT "FK_ExerciseMovementPatterns_MovementPatterns_PatternId" FOREIGN KEY ("PatternId") REFERENCES "MovementPatterns" ("Id") ON DELETE CASCADE
      );
info: 7/12/2025 16:16:35.779 RelationalEventId.CommandExecuted[20101] (Microsoft.EntityFrameworkCore.Database.Command) 
      Executed DbCommand (0ms) [Parameters=[], CommandType='Text', CommandTimeout='30']
      CREATE INDEX "IX_WorkoutLogs_UserId" ON "WorkoutLogs" ("UserId");
info: Microsoft.EntityFrameworkCore.Database.Command[20101]
      Executed DbCommand (0ms) [Parameters=[], CommandType='Text', CommandTimeout='30']
      CREATE INDEX "IX_WorkoutLogs_UserId" ON "WorkoutLogs" ("UserId");
dbug: Microsoft.EntityFrameworkCore.Database.Command[20103]
      Creating DbCommand for 'ExecuteNonQuery'.
dbug: Microsoft.EntityFrameworkCore.Database.Command[20104]
      Created DbCommand for 'ExecuteNonQuery' (0ms).
dbug: Microsoft.EntityFrameworkCore.Database.Command[20106]
      Initialized DbCommand for 'ExecuteNonQuery' (0ms).
dbug: Microsoft.EntityFrameworkCore.Database.Command[20100]
      Executing DbCommand [Parameters=[], CommandType='Text', CommandTimeout='30']
      CREATE INDEX "IX_WorkoutLogSets_ExerciseId" ON "WorkoutLogSets" ("ExerciseId");
info: Microsoft.EntityFrameworkCore.Database.Command[20101]
      Executed DbCommand (0ms) [Parameters=[], CommandType='Text', CommandTimeout='30']
      CREATE INDEX "IX_WorkoutLogSets_ExerciseId" ON "WorkoutLogSets" ("ExerciseId");
info: 7/12/2025 16:16:35.779 RelationalEventId.CommandExecuted[20101] (Microsoft.EntityFrameworkCore.Database.Command) 
      Executed DbCommand (0ms) [Parameters=[], CommandType='Text', CommandTimeout='30']
      CREATE INDEX "IX_WorkoutLogSets_ExerciseId" ON "WorkoutLogSets" ("ExerciseId");
dbug: Microsoft.EntityFrameworkCore.Database.Command[20103]
      Creating DbCommand for 'ExecuteNonQuery'.
dbug: Microsoft.EntityFrameworkCore.Database.Command[20104]
      Created DbCommand for 'ExecuteNonQuery' (0ms).
dbug: Microsoft.EntityFrameworkCore.Database.Command[20106]
      Initialized DbCommand for 'ExecuteNonQuery' (0ms).
dbug: Microsoft.EntityFrameworkCore.Database.Command[20100]
      Executing DbCommand [Parameters=[], CommandType='Text', CommandTimeout='30']
      CREATE INDEX "IX_WorkoutLogSets_LogId" ON "WorkoutLogSets" ("LogId");
info: Microsoft.EntityFrameworkCore.Database.Command[20101]
      Executed DbCommand (0ms) [Parameters=[], CommandType='Text', CommandTimeout='30']
      CREATE INDEX "IX_WorkoutLogSets_LogId" ON "WorkoutLogSets" ("LogId");
info: 7/12/2025 16:16:35.779 RelationalEventId.CommandExecuted[20101] (Microsoft.EntityFrameworkCore.Database.Command) 
      Executed DbCommand (0ms) [Parameters=[], CommandType='Text', CommandTimeout='30']
      CREATE INDEX "IX_WorkoutLogSets_LogId" ON "WorkoutLogSets" ("LogId");
dbug: Microsoft.EntityFrameworkCore.Database.Command[20103]
      Creating DbCommand for 'ExecuteNonQuery'.
dbug: Microsoft.EntityFrameworkCore.Database.Command[20104]
      Created DbCommand for 'ExecuteNonQuery' (0ms).
dbug: Microsoft.EntityFrameworkCore.Database.Command[20106]
      Initialized DbCommand for 'ExecuteNonQuery' (0ms).
dbug: Microsoft.EntityFrameworkCore.Database.Command[20100]
      Executing DbCommand [Parameters=[], CommandType='Text', CommandTimeout='30']
      INSERT INTO "__EFMigrationsHistory" ("MigrationId", "ProductVersion")
      VALUES ('20250623233141_InitialCreate', '9.0.6');
info: Microsoft.EntityFrameworkCore.Database.Command[20101]
      Executed DbCommand (0ms) [Parameters=[], CommandType='Text', CommandTimeout='30']
      INSERT INTO "__EFMigrationsHistory" ("MigrationId", "ProductVersion")
      VALUES ('20250623233141_InitialCreate', '9.0.6');
info: 7/12/2025 16:16:35.779 RelationalEventId.CommandExecuted[20101] (Microsoft.EntityFrameworkCore.Database.Command) 
      Executed DbCommand (0ms) [Parameters=[], CommandType='Text', CommandTimeout='30']
      INSERT INTO "__EFMigrationsHistory" ("MigrationId", "ProductVersion")
      VALUES ('20250623233141_InitialCreate', '9.0.6');
info: Microsoft.EntityFrameworkCore.Migrations[20402]
      Applying migration '20250624084158_ReplaceEnumsWithReferenceData'.
info: 7/12/2025 16:16:35.779 RelationalEventId.MigrationApplying[20402] (Microsoft.EntityFrameworkCore.Migrations) 
      Applying migration '20250624084158_ReplaceEnumsWithReferenceData'.
info: Microsoft.EntityFrameworkCore.Database.Command[20101]
      Executed DbCommand (1ms) [Parameters=[], CommandType='Text', CommandTimeout='30']
      CREATE TABLE "ExerciseMovementPatterns" (
          "ExerciseId" uuid NOT NULL,
          "PatternId" uuid NOT NULL,
          CONSTRAINT "PK_ExerciseMovementPatterns" PRIMARY KEY ("ExerciseId", "PatternId"),
          CONSTRAINT "FK_ExerciseMovementPatterns_Exercises_ExerciseId" FOREIGN KEY ("ExerciseId") REFERENCES "Exercises" ("Id") ON DELETE CASCADE,
          CONSTRAINT "FK_ExerciseMovementPatterns_MovementPatterns_PatternId" FOREIGN KEY ("PatternId") REFERENCES "MovementPatterns" ("Id") ON DELETE CASCADE
      );
info: 7/12/2025 16:16:35.780 RelationalEventId.CommandExecuted[20101] (Microsoft.EntityFrameworkCore.Database.Command) 
      Executed DbCommand (1ms) [Parameters=[], CommandType='Text', CommandTimeout='30']
      CREATE TABLE "ExerciseMovementPatterns" (
          "ExerciseId" uuid NOT NULL,
          "PatternId" uuid NOT NULL,
          CONSTRAINT "PK_ExerciseMovementPatterns" PRIMARY KEY ("ExerciseId", "PatternId"),
          CONSTRAINT "FK_ExerciseMovementPatterns_Exercises_ExerciseId" FOREIGN KEY ("ExerciseId") REFERENCES "Exercises" ("Id") ON DELETE CASCADE,
          CONSTRAINT "FK_ExerciseMovementPatterns_MovementPatterns_PatternId" FOREIGN KEY ("PatternId") REFERENCES "MovementPatterns" ("Id") ON DELETE CASCADE
      );
dbug: Microsoft.EntityFrameworkCore.Database.Command[20103]
      Creating DbCommand for 'ExecuteNonQuery'.
dbug: Microsoft.EntityFrameworkCore.Database.Command[20104]
      Created DbCommand for 'ExecuteNonQuery' (0ms).
dbug: Microsoft.EntityFrameworkCore.Database.Command[20106]
      Initialized DbCommand for 'ExecuteNonQuery' (0ms).
dbug: Microsoft.EntityFrameworkCore.Database.Command[20100]
      Executing DbCommand [Parameters=[], CommandType='Text', CommandTimeout='30']
      CREATE TABLE "ExerciseTargetedMuscles" (
          "ExerciseId" uuid NOT NULL,
          "MuscleGroupId" uuid NOT NULL,
          "Role" integer NOT NULL,
          CONSTRAINT "PK_ExerciseTargetedMuscles" PRIMARY KEY ("ExerciseId", "MuscleGroupId"),
          CONSTRAINT "FK_ExerciseTargetedMuscles_Exercises_ExerciseId" FOREIGN KEY ("ExerciseId") REFERENCES "Exercises" ("Id") ON DELETE CASCADE,
          CONSTRAINT "FK_ExerciseTargetedMuscles_MuscleGroups_MuscleGroupId" FOREIGN KEY ("MuscleGroupId") REFERENCES "MuscleGroups" ("Id") ON DELETE CASCADE
      );
info: Microsoft.EntityFrameworkCore.Database.Command[20101]
      Executed DbCommand (1ms) [Parameters=[], CommandType='Text', CommandTimeout='30']
      CREATE TABLE "ExerciseTargetedMuscles" (
          "ExerciseId" uuid NOT NULL,
          "MuscleGroupId" uuid NOT NULL,
          "Role" integer NOT NULL,
          CONSTRAINT "PK_ExerciseTargetedMuscles" PRIMARY KEY ("ExerciseId", "MuscleGroupId"),
          CONSTRAINT "FK_ExerciseTargetedMuscles_Exercises_ExerciseId" FOREIGN KEY ("ExerciseId") REFERENCES "Exercises" ("Id") ON DELETE CASCADE,
          CONSTRAINT "FK_ExerciseTargetedMuscles_MuscleGroups_MuscleGroupId" FOREIGN KEY ("MuscleGroupId") REFERENCES "MuscleGroups" ("Id") ON DELETE CASCADE
      );
info: 7/12/2025 16:16:35.781 RelationalEventId.CommandExecuted[20101] (Microsoft.EntityFrameworkCore.Database.Command) 
      Executed DbCommand (1ms) [Parameters=[], CommandType='Text', CommandTimeout='30']
      CREATE TABLE "ExerciseTargetedMuscles" (
          "ExerciseId" uuid NOT NULL,
          "MuscleGroupId" uuid NOT NULL,
          "Role" integer NOT NULL,
          CONSTRAINT "PK_ExerciseTargetedMuscles" PRIMARY KEY ("ExerciseId", "MuscleGroupId"),
          CONSTRAINT "FK_ExerciseTargetedMuscles_Exercises_ExerciseId" FOREIGN KEY ("ExerciseId") REFERENCES "Exercises" ("Id") ON DELETE CASCADE,
          CONSTRAINT "FK_ExerciseTargetedMuscles_MuscleGroups_MuscleGroupId" FOREIGN KEY ("MuscleGroupId") REFERENCES "MuscleGroups" ("Id") ON DELETE CASCADE
      );
dbug: Microsoft.EntityFrameworkCore.Database.Command[20103]
      Creating DbCommand for 'ExecuteNonQuery'.
dbug: Microsoft.EntityFrameworkCore.Database.Command[20104]
      Created DbCommand for 'ExecuteNonQuery' (0ms).
dbug: Microsoft.EntityFrameworkCore.Database.Command[20106]
      Initialized DbCommand for 'ExecuteNonQuery' (0ms).
dbug: Microsoft.EntityFrameworkCore.Database.Command[20100]
      Executing DbCommand [Parameters=[], CommandType='Text', CommandTimeout='30']
      CREATE TABLE "WorkoutLogs" (
          "Id" uuid NOT NULL,
          "UserId" uuid NOT NULL,
          "StartTime" timestamp with time zone NOT NULL,
          "EndTime" timestamp with time zone,
          CONSTRAINT "PK_WorkoutLogs" PRIMARY KEY ("Id"),
          CONSTRAINT "FK_WorkoutLogs_Users_UserId" FOREIGN KEY ("UserId") REFERENCES "Users" ("Id") ON DELETE CASCADE
      );
info: Microsoft.EntityFrameworkCore.Database.Command[20101]
      Executed DbCommand (1ms) [Parameters=[], CommandType='Text', CommandTimeout='30']
      CREATE TABLE "WorkoutLogs" (
          "Id" uuid NOT NULL,
          "UserId" uuid NOT NULL,
          "StartTime" timestamp with time zone NOT NULL,
          "EndTime" timestamp with time zone,
          CONSTRAINT "PK_WorkoutLogs" PRIMARY KEY ("Id"),
          CONSTRAINT "FK_WorkoutLogs_Users_UserId" FOREIGN KEY ("UserId") REFERENCES "Users" ("Id") ON DELETE CASCADE
      );
info: 7/12/2025 16:16:35.782 RelationalEventId.CommandExecuted[20101] (Microsoft.EntityFrameworkCore.Database.Command) 
      Executed DbCommand (1ms) [Parameters=[], CommandType='Text', CommandTimeout='30']
      CREATE TABLE "WorkoutLogs" (
          "Id" uuid NOT NULL,
          "UserId" uuid NOT NULL,
          "StartTime" timestamp with time zone NOT NULL,
          "EndTime" timestamp with time zone,
          CONSTRAINT "PK_WorkoutLogs" PRIMARY KEY ("Id"),
          CONSTRAINT "FK_WorkoutLogs_Users_UserId" FOREIGN KEY ("UserId") REFERENCES "Users" ("Id") ON DELETE CASCADE
      );
dbug: Microsoft.EntityFrameworkCore.Database.Command[20103]
      Creating DbCommand for 'ExecuteNonQuery'.
dbug: Microsoft.EntityFrameworkCore.Database.Command[20104]
      Created DbCommand for 'ExecuteNonQuery' (0ms).
dbug: Microsoft.EntityFrameworkCore.Database.Command[20106]
      Initialized DbCommand for 'ExecuteNonQuery' (0ms).
dbug: Microsoft.EntityFrameworkCore.Database.Command[20100]
      Executing DbCommand [Parameters=[], CommandType='Text', CommandTimeout='30']
      CREATE TABLE "WorkoutLogSets" (
          "Id" uuid NOT NULL,
          "LogId" uuid NOT NULL,
          "ExerciseId" uuid NOT NULL,
          "SetOrder" integer NOT NULL,
          "RepsCompleted" integer,
          "WeightUsedKg" numeric(10,2),
          "DurationCompletedSec" integer,
          "DistanceCompletedM" integer,
          "Notes" text,
          CONSTRAINT "PK_WorkoutLogSets" PRIMARY KEY ("Id"),
          CONSTRAINT "FK_WorkoutLogSets_Exercises_ExerciseId" FOREIGN KEY ("ExerciseId") REFERENCES "Exercises" ("Id") ON DELETE CASCADE,
          CONSTRAINT "FK_WorkoutLogSets_WorkoutLogs_LogId" FOREIGN KEY ("LogId") REFERENCES "WorkoutLogs" ("Id") ON DELETE CASCADE
      );
info: Microsoft.EntityFrameworkCore.Database.Command[20101]
      Executed DbCommand (1ms) [Parameters=[], CommandType='Text', CommandTimeout='30']
      CREATE TABLE "WorkoutLogSets" (
          "Id" uuid NOT NULL,
          "LogId" uuid NOT NULL,
          "ExerciseId" uuid NOT NULL,
          "SetOrder" integer NOT NULL,
          "RepsCompleted" integer,
          "WeightUsedKg" numeric(10,2),
          "DurationCompletedSec" integer,
          "DistanceCompletedM" integer,
          "Notes" text,
          CONSTRAINT "PK_WorkoutLogSets" PRIMARY KEY ("Id"),
          CONSTRAINT "FK_WorkoutLogSets_Exercises_ExerciseId" FOREIGN KEY ("ExerciseId") REFERENCES "Exercises" ("Id") ON DELETE CASCADE,
          CONSTRAINT "FK_WorkoutLogSets_WorkoutLogs_LogId" FOREIGN KEY ("LogId") REFERENCES "WorkoutLogs" ("Id") ON DELETE CASCADE
      );
info: 7/12/2025 16:16:35.783 RelationalEventId.CommandExecuted[20101] (Microsoft.EntityFrameworkCore.Database.Command) 
      Executed DbCommand (1ms) [Parameters=[], CommandType='Text', CommandTimeout='30']
      CREATE TABLE "WorkoutLogSets" (
          "Id" uuid NOT NULL,
          "LogId" uuid NOT NULL,
          "ExerciseId" uuid NOT NULL,
          "SetOrder" integer NOT NULL,
          "RepsCompleted" integer,
          "WeightUsedKg" numeric(10,2),
          "DurationCompletedSec" integer,
          "DistanceCompletedM" integer,
          "Notes" text,
          CONSTRAINT "PK_WorkoutLogSets" PRIMARY KEY ("Id"),
          CONSTRAINT "FK_WorkoutLogSets_Exercises_ExerciseId" FOREIGN KEY ("ExerciseId") REFERENCES "Exercises" ("Id") ON DELETE CASCADE,
          CONSTRAINT "FK_WorkoutLogSets_WorkoutLogs_LogId" FOREIGN KEY ("LogId") REFERENCES "WorkoutLogs" ("Id") ON DELETE CASCADE
      );
dbug: Microsoft.EntityFrameworkCore.Database.Command[20103]
      Creating DbCommand for 'ExecuteNonQuery'.
dbug: Microsoft.EntityFrameworkCore.Database.Command[20104]
      Created DbCommand for 'ExecuteNonQuery' (0ms).
dbug: Microsoft.EntityFrameworkCore.Database.Command[20106]
      Initialized DbCommand for 'ExecuteNonQuery' (0ms).
dbug: Microsoft.EntityFrameworkCore.Database.Command[20100]
      Executing DbCommand [Parameters=[], CommandType='Text', CommandTimeout='30']
      CREATE INDEX "IX_ExerciseEquipment_EquipmentId" ON "ExerciseEquipment" ("EquipmentId");
info: Microsoft.EntityFrameworkCore.Database.Command[20101]
      Executed DbCommand (0ms) [Parameters=[], CommandType='Text', CommandTimeout='30']
      CREATE INDEX "IX_ExerciseEquipment_EquipmentId" ON "ExerciseEquipment" ("EquipmentId");
info: 7/12/2025 16:16:35.783 RelationalEventId.CommandExecuted[20101] (Microsoft.EntityFrameworkCore.Database.Command) 
      Executed DbCommand (0ms) [Parameters=[], CommandType='Text', CommandTimeout='30']
      CREATE INDEX "IX_ExerciseEquipment_EquipmentId" ON "ExerciseEquipment" ("EquipmentId");
dbug: Microsoft.EntityFrameworkCore.Database.Command[20103]
      Creating DbCommand for 'ExecuteNonQuery'.
dbug: Microsoft.EntityFrameworkCore.Database.Command[20104]
      Created DbCommand for 'ExecuteNonQuery' (0ms).
dbug: Microsoft.EntityFrameworkCore.Database.Command[20106]
      Initialized DbCommand for 'ExecuteNonQuery' (0ms).
dbug: Microsoft.EntityFrameworkCore.Database.Command[20100]
      Executing DbCommand [Parameters=[], CommandType='Text', CommandTimeout='30']
      CREATE INDEX "IX_ExerciseMetricSupport_MetricTypeId" ON "ExerciseMetricSupport" ("MetricTypeId");
info: Microsoft.EntityFrameworkCore.Database.Command[20101]
      Executed DbCommand (1ms) [Parameters=[], CommandType='Text', CommandTimeout='30']
      CREATE INDEX "IX_ExerciseMetricSupport_MetricTypeId" ON "ExerciseMetricSupport" ("MetricTypeId");
info: 7/12/2025 16:16:35.784 RelationalEventId.CommandExecuted[20101] (Microsoft.EntityFrameworkCore.Database.Command) 
      Executed DbCommand (1ms) [Parameters=[], CommandType='Text', CommandTimeout='30']
      CREATE INDEX "IX_ExerciseMetricSupport_MetricTypeId" ON "ExerciseMetricSupport" ("MetricTypeId");
dbug: Microsoft.EntityFrameworkCore.Database.Command[20103]
      Creating DbCommand for 'ExecuteNonQuery'.
dbug: Microsoft.EntityFrameworkCore.Database.Command[20104]
      Created DbCommand for 'ExecuteNonQuery' (0ms).
dbug: Microsoft.EntityFrameworkCore.Database.Command[20106]
      Initialized DbCommand for 'ExecuteNonQuery' (0ms).
dbug: Microsoft.EntityFrameworkCore.Database.Command[20100]
      Executing DbCommand [Parameters=[], CommandType='Text', CommandTimeout='30']
      CREATE INDEX "IX_ExerciseMovementPatterns_PatternId" ON "ExerciseMovementPatterns" ("PatternId");
info: Microsoft.EntityFrameworkCore.Database.Command[20101]
      Executed DbCommand (0ms) [Parameters=[], CommandType='Text', CommandTimeout='30']
      CREATE INDEX "IX_ExerciseMovementPatterns_PatternId" ON "ExerciseMovementPatterns" ("PatternId");
info: 7/12/2025 16:16:35.784 RelationalEventId.CommandExecuted[20101] (Microsoft.EntityFrameworkCore.Database.Command) 
      Executed DbCommand (0ms) [Parameters=[], CommandType='Text', CommandTimeout='30']
      CREATE INDEX "IX_ExerciseMovementPatterns_PatternId" ON "ExerciseMovementPatterns" ("PatternId");
dbug: Microsoft.EntityFrameworkCore.Database.Command[20103]
      Creating DbCommand for 'ExecuteNonQuery'.
dbug: Microsoft.EntityFrameworkCore.Database.Command[20104]
      Created DbCommand for 'ExecuteNonQuery' (0ms).
dbug: Microsoft.EntityFrameworkCore.Database.Command[20106]
      Initialized DbCommand for 'ExecuteNonQuery' (0ms).
dbug: Microsoft.EntityFrameworkCore.Database.Command[20100]
      Executing DbCommand [Parameters=[], CommandType='Text', CommandTimeout='30']
      CREATE INDEX "IX_ExerciseTargetedMuscles_MuscleGroupId" ON "ExerciseTargetedMuscles" ("MuscleGroupId");
info: Microsoft.EntityFrameworkCore.Database.Command[20101]
      Executed DbCommand (1ms) [Parameters=[], CommandType='Text', CommandTimeout='30']
      CREATE INDEX "IX_ExerciseTargetedMuscles_MuscleGroupId" ON "ExerciseTargetedMuscles" ("MuscleGroupId");
info: 7/12/2025 16:16:35.785 RelationalEventId.CommandExecuted[20101] (Microsoft.EntityFrameworkCore.Database.Command) 
      Executed DbCommand (1ms) [Parameters=[], CommandType='Text', CommandTimeout='30']
      CREATE INDEX "IX_ExerciseTargetedMuscles_MuscleGroupId" ON "ExerciseTargetedMuscles" ("MuscleGroupId");
dbug: Microsoft.EntityFrameworkCore.Database.Command[20103]
      Creating DbCommand for 'ExecuteNonQuery'.
dbug: Microsoft.EntityFrameworkCore.Database.Command[20104]
      Created DbCommand for 'ExecuteNonQuery' (0ms).
dbug: Microsoft.EntityFrameworkCore.Database.Command[20106]
      Initialized DbCommand for 'ExecuteNonQuery' (0ms).
dbug: Microsoft.EntityFrameworkCore.Database.Command[20100]
      Executing DbCommand [Parameters=[], CommandType='Text', CommandTimeout='30']
      CREATE INDEX "IX_WorkoutLogs_UserId" ON "WorkoutLogs" ("UserId");
info: Microsoft.EntityFrameworkCore.Database.Command[20101]
      Executed DbCommand (1ms) [Parameters=[], CommandType='Text', CommandTimeout='30']
      CREATE INDEX "IX_WorkoutLogs_UserId" ON "WorkoutLogs" ("UserId");
info: 7/12/2025 16:16:35.785 RelationalEventId.CommandExecuted[20101] (Microsoft.EntityFrameworkCore.Database.Command) 
      Executed DbCommand (1ms) [Parameters=[], CommandType='Text', CommandTimeout='30']
      CREATE INDEX "IX_WorkoutLogs_UserId" ON "WorkoutLogs" ("UserId");
dbug: Microsoft.EntityFrameworkCore.Database.Command[20103]
      Creating DbCommand for 'ExecuteNonQuery'.
dbug: Microsoft.EntityFrameworkCore.Database.Command[20104]
      Created DbCommand for 'ExecuteNonQuery' (0ms).
dbug: Microsoft.EntityFrameworkCore.Database.Command[20106]
      Initialized DbCommand for 'ExecuteNonQuery' (0ms).
dbug: Microsoft.EntityFrameworkCore.Database.Command[20100]
      Executing DbCommand [Parameters=[], CommandType='Text', CommandTimeout='30']
      CREATE INDEX "IX_WorkoutLogSets_ExerciseId" ON "WorkoutLogSets" ("ExerciseId");
info: Microsoft.EntityFrameworkCore.Database.Command[20101]
      Executed DbCommand (1ms) [Parameters=[], CommandType='Text', CommandTimeout='30']
      CREATE INDEX "IX_WorkoutLogSets_ExerciseId" ON "WorkoutLogSets" ("ExerciseId");
info: 7/12/2025 16:16:35.786 RelationalEventId.CommandExecuted[20101] (Microsoft.EntityFrameworkCore.Database.Command) 
      Executed DbCommand (1ms) [Parameters=[], CommandType='Text', CommandTimeout='30']
      CREATE INDEX "IX_WorkoutLogSets_ExerciseId" ON "WorkoutLogSets" ("ExerciseId");
dbug: Microsoft.EntityFrameworkCore.Database.Command[20103]
      Creating DbCommand for 'ExecuteNonQuery'.
dbug: Microsoft.EntityFrameworkCore.Database.Command[20104]
      Created DbCommand for 'ExecuteNonQuery' (0ms).
dbug: Microsoft.EntityFrameworkCore.Database.Command[20106]
      Initialized DbCommand for 'ExecuteNonQuery' (0ms).
dbug: Microsoft.EntityFrameworkCore.Database.Command[20100]
      Executing DbCommand [Parameters=[], CommandType='Text', CommandTimeout='30']
      CREATE INDEX "IX_WorkoutLogSets_LogId" ON "WorkoutLogSets" ("LogId");
info: Microsoft.EntityFrameworkCore.Database.Command[20101]
      Executed DbCommand (0ms) [Parameters=[], CommandType='Text', CommandTimeout='30']
      CREATE INDEX "IX_WorkoutLogSets_LogId" ON "WorkoutLogSets" ("LogId");
info: 7/12/2025 16:16:35.787 RelationalEventId.CommandExecuted[20101] (Microsoft.EntityFrameworkCore.Database.Command) 
      Executed DbCommand (0ms) [Parameters=[], CommandType='Text', CommandTimeout='30']
      CREATE INDEX "IX_WorkoutLogSets_LogId" ON "WorkoutLogSets" ("LogId");
dbug: Microsoft.EntityFrameworkCore.Database.Command[20103]
      Creating DbCommand for 'ExecuteNonQuery'.
dbug: Microsoft.EntityFrameworkCore.Database.Command[20104]
      Created DbCommand for 'ExecuteNonQuery' (0ms).
dbug: Microsoft.EntityFrameworkCore.Database.Command[20106]
      Initialized DbCommand for 'ExecuteNonQuery' (0ms).
dbug: Microsoft.EntityFrameworkCore.Database.Command[20100]
      Executing DbCommand [Parameters=[], CommandType='Text', CommandTimeout='30']
      INSERT INTO "__EFMigrationsHistory" ("MigrationId", "ProductVersion")
      VALUES ('20250623233141_InitialCreate', '9.0.6');
info: Microsoft.EntityFrameworkCore.Database.Command[20101]
      Executed DbCommand (0ms) [Parameters=[], CommandType='Text', CommandTimeout='30']
      INSERT INTO "__EFMigrationsHistory" ("MigrationId", "ProductVersion")
      VALUES ('20250623233141_InitialCreate', '9.0.6');
info: 7/12/2025 16:16:35.787 RelationalEventId.CommandExecuted[20101] (Microsoft.EntityFrameworkCore.Database.Command) 
      Executed DbCommand (0ms) [Parameters=[], CommandType='Text', CommandTimeout='30']
      INSERT INTO "__EFMigrationsHistory" ("MigrationId", "ProductVersion")
      VALUES ('20250623233141_InitialCreate', '9.0.6');
info: Microsoft.EntityFrameworkCore.Migrations[20402]
      Applying migration '20250624084158_ReplaceEnumsWithReferenceData'.
info: 7/12/2025 16:16:35.787 RelationalEventId.MigrationApplying[20402] (Microsoft.EntityFrameworkCore.Migrations) 
      Applying migration '20250624084158_ReplaceEnumsWithReferenceData'.
dbug: Microsoft.EntityFrameworkCore.Database.Command[20103]
      Creating DbCommand for 'ExecuteNonQuery'.
dbug: Microsoft.EntityFrameworkCore.Database.Command[20104]
      Created DbCommand for 'ExecuteNonQuery' (0ms).
dbug: Microsoft.EntityFrameworkCore.Database.Command[20106]
      Initialized DbCommand for 'ExecuteNonQuery' (0ms).
dbug: Microsoft.EntityFrameworkCore.Database.Command[20100]
      Executing DbCommand [Parameters=[], CommandType='Text', CommandTimeout='30']
      ALTER TABLE "Users" DROP COLUMN "CreatedAt";
info: Microsoft.EntityFrameworkCore.Database.Command[20101]
      Executed DbCommand (1ms) [Parameters=[], CommandType='Text', CommandTimeout='30']
      ALTER TABLE "Users" DROP COLUMN "CreatedAt";
info: 7/12/2025 16:16:35.794 RelationalEventId.CommandExecuted[20101] (Microsoft.EntityFrameworkCore.Database.Command) 
      Executed DbCommand (1ms) [Parameters=[], CommandType='Text', CommandTimeout='30']
      ALTER TABLE "Users" DROP COLUMN "CreatedAt";
dbug: Microsoft.EntityFrameworkCore.Database.Command[20103]
      Creating DbCommand for 'ExecuteNonQuery'.
dbug: Microsoft.EntityFrameworkCore.Database.Command[20104]
      Created DbCommand for 'ExecuteNonQuery' (0ms).
dbug: Microsoft.EntityFrameworkCore.Database.Command[20106]
      Initialized DbCommand for 'ExecuteNonQuery' (0ms).
dbug: Microsoft.EntityFrameworkCore.Database.Command[20100]
      Executing DbCommand [Parameters=[], CommandType='Text', CommandTimeout='30']
      ALTER TABLE "Users" DROP COLUMN "LastLoginAt";
info: Microsoft.EntityFrameworkCore.Database.Command[20101]
      Executed DbCommand (0ms) [Parameters=[], CommandType='Text', CommandTimeout='30']
      ALTER TABLE "Users" DROP COLUMN "LastLoginAt";
info: 7/12/2025 16:16:35.794 RelationalEventId.CommandExecuted[20101] (Microsoft.EntityFrameworkCore.Database.Command) 
      Executed DbCommand (0ms) [Parameters=[], CommandType='Text', CommandTimeout='30']
      ALTER TABLE "Users" DROP COLUMN "LastLoginAt";
dbug: Microsoft.EntityFrameworkCore.Database.Command[20103]
      Creating DbCommand for 'ExecuteNonQuery'.
dbug: Microsoft.EntityFrameworkCore.Database.Command[20104]
      Created DbCommand for 'ExecuteNonQuery' (0ms).
dbug: Microsoft.EntityFrameworkCore.Database.Command[20106]
      Initialized DbCommand for 'ExecuteNonQuery' (0ms).
dbug: Microsoft.EntityFrameworkCore.Database.Command[20100]
      Executing DbCommand [Parameters=[], CommandType='Text', CommandTimeout='30']
      ALTER TABLE "Users" DROP COLUMN "PasswordHash";
info: Microsoft.EntityFrameworkCore.Database.Command[20101]
      Executed DbCommand (0ms) [Parameters=[], CommandType='Text', CommandTimeout='30']
      ALTER TABLE "Users" DROP COLUMN "PasswordHash";
info: 7/12/2025 16:16:35.794 RelationalEventId.CommandExecuted[20101] (Microsoft.EntityFrameworkCore.Database.Command) 
      Executed DbCommand (0ms) [Parameters=[], CommandType='Text', CommandTimeout='30']
      ALTER TABLE "Users" DROP COLUMN "PasswordHash";
dbug: Microsoft.EntityFrameworkCore.Database.Command[20103]
      Creating DbCommand for 'ExecuteNonQuery'.
dbug: Microsoft.EntityFrameworkCore.Database.Command[20104]
      Created DbCommand for 'ExecuteNonQuery' (0ms).
dbug: Microsoft.EntityFrameworkCore.Database.Command[20106]
      Initialized DbCommand for 'ExecuteNonQuery' (0ms).
dbug: Microsoft.EntityFrameworkCore.Database.Command[20100]
      Executing DbCommand [Parameters=[], CommandType='Text', CommandTimeout='30']
      ALTER TABLE "MuscleGroups" DROP COLUMN "BodyPart";
dbug: Microsoft.EntityFrameworkCore.Database.Command[20103]
      Creating DbCommand for 'ExecuteNonQuery'.
dbug: Microsoft.EntityFrameworkCore.Database.Command[20104]
      Created DbCommand for 'ExecuteNonQuery' (0ms).
dbug: Microsoft.EntityFrameworkCore.Database.Command[20106]
      Initialized DbCommand for 'ExecuteNonQuery' (0ms).
dbug: Microsoft.EntityFrameworkCore.Database.Command[20100]
      Executing DbCommand [Parameters=[], CommandType='Text', CommandTimeout='30']
      ALTER TABLE "Users" DROP COLUMN "CreatedAt";
info: Microsoft.EntityFrameworkCore.Database.Command[20101]
      Executed DbCommand (0ms) [Parameters=[], CommandType='Text', CommandTimeout='30']
      ALTER TABLE "MuscleGroups" DROP COLUMN "BodyPart";
info: 7/12/2025 16:16:35.794 RelationalEventId.CommandExecuted[20101] (Microsoft.EntityFrameworkCore.Database.Command) 
      Executed DbCommand (0ms) [Parameters=[], CommandType='Text', CommandTimeout='30']
      ALTER TABLE "MuscleGroups" DROP COLUMN "BodyPart";
dbug: Microsoft.EntityFrameworkCore.Database.Command[20103]
      Creating DbCommand for 'ExecuteNonQuery'.
dbug: Microsoft.EntityFrameworkCore.Database.Command[20104]
      Created DbCommand for 'ExecuteNonQuery' (0ms).
dbug: Microsoft.EntityFrameworkCore.Database.Command[20106]
      Initialized DbCommand for 'ExecuteNonQuery' (0ms).
dbug: Microsoft.EntityFrameworkCore.Database.Command[20100]
      Executing DbCommand [Parameters=[], CommandType='Text', CommandTimeout='30']
      ALTER TABLE "ExerciseTargetedMuscles" DROP COLUMN "Role";
info: Microsoft.EntityFrameworkCore.Database.Command[20101]
      Executed DbCommand (0ms) [Parameters=[], CommandType='Text', CommandTimeout='30']
      ALTER TABLE "Users" DROP COLUMN "CreatedAt";
info: 7/12/2025 16:16:35.795 RelationalEventId.CommandExecuted[20101] (Microsoft.EntityFrameworkCore.Database.Command) 
      Executed DbCommand (0ms) [Parameters=[], CommandType='Text', CommandTimeout='30']
      ALTER TABLE "Users" DROP COLUMN "CreatedAt";
dbug: Microsoft.EntityFrameworkCore.Database.Command[20103]
      Creating DbCommand for 'ExecuteNonQuery'.
dbug: Microsoft.EntityFrameworkCore.Database.Command[20104]
      Created DbCommand for 'ExecuteNonQuery' (0ms).
dbug: Microsoft.EntityFrameworkCore.Database.Command[20106]
      Initialized DbCommand for 'ExecuteNonQuery' (0ms).
dbug: Microsoft.EntityFrameworkCore.Database.Command[20100]
      Executing DbCommand [Parameters=[], CommandType='Text', CommandTimeout='30']
      ALTER TABLE "Users" DROP COLUMN "LastLoginAt";
info: Microsoft.EntityFrameworkCore.Database.Command[20101]
      Executed DbCommand (0ms) [Parameters=[], CommandType='Text', CommandTimeout='30']
      ALTER TABLE "ExerciseTargetedMuscles" DROP COLUMN "Role";
info: 7/12/2025 16:16:35.795 RelationalEventId.CommandExecuted[20101] (Microsoft.EntityFrameworkCore.Database.Command) 
      Executed DbCommand (0ms) [Parameters=[], CommandType='Text', CommandTimeout='30']
      ALTER TABLE "ExerciseTargetedMuscles" DROP COLUMN "Role";
dbug: Microsoft.EntityFrameworkCore.Database.Command[20103]
      Creating DbCommand for 'ExecuteNonQuery'.
dbug: Microsoft.EntityFrameworkCore.Database.Command[20104]
      Created DbCommand for 'ExecuteNonQuery' (0ms).
dbug: Microsoft.EntityFrameworkCore.Database.Command[20106]
      Initialized DbCommand for 'ExecuteNonQuery' (0ms).
dbug: Microsoft.EntityFrameworkCore.Database.Command[20100]
      Executing DbCommand [Parameters=[], CommandType='Text', CommandTimeout='30']
      ALTER TABLE "Exercises" DROP COLUMN "Difficulty";
info: Microsoft.EntityFrameworkCore.Database.Command[20101]
      Executed DbCommand (0ms) [Parameters=[], CommandType='Text', CommandTimeout='30']
      ALTER TABLE "Users" DROP COLUMN "LastLoginAt";
info: 7/12/2025 16:16:35.795 RelationalEventId.CommandExecuted[20101] (Microsoft.EntityFrameworkCore.Database.Command) 
      Executed DbCommand (0ms) [Parameters=[], CommandType='Text', CommandTimeout='30']
      ALTER TABLE "Users" DROP COLUMN "LastLoginAt";
dbug: Microsoft.EntityFrameworkCore.Database.Command[20103]
      Creating DbCommand for 'ExecuteNonQuery'.
dbug: Microsoft.EntityFrameworkCore.Database.Command[20104]
      Created DbCommand for 'ExecuteNonQuery' (0ms).
dbug: Microsoft.EntityFrameworkCore.Database.Command[20106]
      Initialized DbCommand for 'ExecuteNonQuery' (0ms).
dbug: Microsoft.EntityFrameworkCore.Database.Command[20100]
      Executing DbCommand [Parameters=[], CommandType='Text', CommandTimeout='30']
      ALTER TABLE "Users" DROP COLUMN "PasswordHash";
info: Microsoft.EntityFrameworkCore.Database.Command[20101]
      Executed DbCommand (0ms) [Parameters=[], CommandType='Text', CommandTimeout='30']
      ALTER TABLE "Users" DROP COLUMN "PasswordHash";
info: 7/12/2025 16:16:35.795 RelationalEventId.CommandExecuted[20101] (Microsoft.EntityFrameworkCore.Database.Command) 
      Executed DbCommand (0ms) [Parameters=[], CommandType='Text', CommandTimeout='30']
      ALTER TABLE "Users" DROP COLUMN "PasswordHash";
dbug: Microsoft.EntityFrameworkCore.Database.Command[20103]
      Creating DbCommand for 'ExecuteNonQuery'.
dbug: Microsoft.EntityFrameworkCore.Database.Command[20104]
      Created DbCommand for 'ExecuteNonQuery' (0ms).
dbug: Microsoft.EntityFrameworkCore.Database.Command[20106]
      Initialized DbCommand for 'ExecuteNonQuery' (0ms).
dbug: Microsoft.EntityFrameworkCore.Database.Command[20100]
      Executing DbCommand [Parameters=[], CommandType='Text', CommandTimeout='30']
      ALTER TABLE "MuscleGroups" DROP COLUMN "BodyPart";
info: Microsoft.EntityFrameworkCore.Database.Command[20101]
      Executed DbCommand (0ms) [Parameters=[], CommandType='Text', CommandTimeout='30']
      ALTER TABLE "Exercises" DROP COLUMN "Difficulty";
info: 7/12/2025 16:16:35.795 RelationalEventId.CommandExecuted[20101] (Microsoft.EntityFrameworkCore.Database.Command) 
      Executed DbCommand (0ms) [Parameters=[], CommandType='Text', CommandTimeout='30']
      ALTER TABLE "Exercises" DROP COLUMN "Difficulty";
info: Microsoft.EntityFrameworkCore.Database.Command[20101]
      Executed DbCommand (0ms) [Parameters=[], CommandType='Text', CommandTimeout='30']
      ALTER TABLE "MuscleGroups" DROP COLUMN "BodyPart";
info: 7/12/2025 16:16:35.795 RelationalEventId.CommandExecuted[20101] (Microsoft.EntityFrameworkCore.Database.Command) 
      Executed DbCommand (0ms) [Parameters=[], CommandType='Text', CommandTimeout='30']
      ALTER TABLE "MuscleGroups" DROP COLUMN "BodyPart";
dbug: Microsoft.EntityFrameworkCore.Database.Command[20103]
      Creating DbCommand for 'ExecuteNonQuery'.
dbug: Microsoft.EntityFrameworkCore.Database.Command[20103]
      Creating DbCommand for 'ExecuteNonQuery'.
dbug: Microsoft.EntityFrameworkCore.Database.Command[20104]
      Created DbCommand for 'ExecuteNonQuery' (0ms).
dbug: Microsoft.EntityFrameworkCore.Database.Command[20104]
      Created DbCommand for 'ExecuteNonQuery' (0ms).
dbug: Microsoft.EntityFrameworkCore.Database.Command[20106]
      Initialized DbCommand for 'ExecuteNonQuery' (0ms).
dbug: Microsoft.EntityFrameworkCore.Database.Command[20100]
      Executing DbCommand [Parameters=[], CommandType='Text', CommandTimeout='30']
      ALTER TABLE "ExerciseTargetedMuscles" DROP COLUMN "Role";
dbug: Microsoft.EntityFrameworkCore.Database.Command[20106]
      Initialized DbCommand for 'ExecuteNonQuery' (0ms).
dbug: Microsoft.EntityFrameworkCore.Database.Command[20100]
      Executing DbCommand [Parameters=[], CommandType='Text', CommandTimeout='30']
      ALTER TABLE "Exercises" DROP COLUMN "KineticChain";
info: Microsoft.EntityFrameworkCore.Database.Command[20101]
      Executed DbCommand (0ms) [Parameters=[], CommandType='Text', CommandTimeout='30']
      ALTER TABLE "ExerciseTargetedMuscles" DROP COLUMN "Role";
info: 7/12/2025 16:16:35.795 RelationalEventId.CommandExecuted[20101] (Microsoft.EntityFrameworkCore.Database.Command) 
      Executed DbCommand (0ms) [Parameters=[], CommandType='Text', CommandTimeout='30']
      ALTER TABLE "ExerciseTargetedMuscles" DROP COLUMN "Role";
dbug: Microsoft.EntityFrameworkCore.Database.Command[20103]
      Creating DbCommand for 'ExecuteNonQuery'.
dbug: Microsoft.EntityFrameworkCore.Database.Command[20104]
      Created DbCommand for 'ExecuteNonQuery' (0ms).
dbug: Microsoft.EntityFrameworkCore.Database.Command[20106]
      Initialized DbCommand for 'ExecuteNonQuery' (0ms).
dbug: Microsoft.EntityFrameworkCore.Database.Command[20100]
      Executing DbCommand [Parameters=[], CommandType='Text', CommandTimeout='30']
      ALTER TABLE "Exercises" DROP COLUMN "Difficulty";
info: Microsoft.EntityFrameworkCore.Database.Command[20101]
      Executed DbCommand (0ms) [Parameters=[], CommandType='Text', CommandTimeout='30']
      ALTER TABLE "Exercises" DROP COLUMN "Difficulty";
info: 7/12/2025 16:16:35.796 RelationalEventId.CommandExecuted[20101] (Microsoft.EntityFrameworkCore.Database.Command) 
      Executed DbCommand (0ms) [Parameters=[], CommandType='Text', CommandTimeout='30']
      ALTER TABLE "Exercises" DROP COLUMN "Difficulty";
dbug: Microsoft.EntityFrameworkCore.Database.Command[20103]
      Creating DbCommand for 'ExecuteNonQuery'.
dbug: Microsoft.EntityFrameworkCore.Database.Command[20104]
      Created DbCommand for 'ExecuteNonQuery' (0ms).
dbug: Microsoft.EntityFrameworkCore.Database.Command[20106]
      Initialized DbCommand for 'ExecuteNonQuery' (0ms).
dbug: Microsoft.EntityFrameworkCore.Database.Command[20100]
      Executing DbCommand [Parameters=[], CommandType='Text', CommandTimeout='30']
      ALTER TABLE "Exercises" DROP COLUMN "KineticChain";
info: Microsoft.EntityFrameworkCore.Database.Command[20101]
      Executed DbCommand (0ms) [Parameters=[], CommandType='Text', CommandTimeout='30']
      ALTER TABLE "Exercises" DROP COLUMN "KineticChain";
info: 7/12/2025 16:16:35.796 RelationalEventId.CommandExecuted[20101] (Microsoft.EntityFrameworkCore.Database.Command) 
      Executed DbCommand (0ms) [Parameters=[], CommandType='Text', CommandTimeout='30']
      ALTER TABLE "Exercises" DROP COLUMN "KineticChain";
dbug: Microsoft.EntityFrameworkCore.Database.Command[20103]
      Creating DbCommand for 'ExecuteNonQuery'.
dbug: Microsoft.EntityFrameworkCore.Database.Command[20104]
      Created DbCommand for 'ExecuteNonQuery' (0ms).
dbug: Microsoft.EntityFrameworkCore.Database.Command[20106]
      Initialized DbCommand for 'ExecuteNonQuery' (0ms).
info: Microsoft.EntityFrameworkCore.Database.Command[20101]
      Executed DbCommand (0ms) [Parameters=[], CommandType='Text', CommandTimeout='30']
      ALTER TABLE "Exercises" DROP COLUMN "KineticChain";
info: 7/12/2025 16:16:35.796 RelationalEventId.CommandExecuted[20101] (Microsoft.EntityFrameworkCore.Database.Command) 
      Executed DbCommand (0ms) [Parameters=[], CommandType='Text', CommandTimeout='30']
      ALTER TABLE "Exercises" DROP COLUMN "KineticChain";
dbug: Microsoft.EntityFrameworkCore.Database.Command[20100]
      Executing DbCommand [Parameters=[], CommandType='Text', CommandTimeout='30']
      ALTER TABLE "MuscleGroups" ADD "BodyPartId" uuid NOT NULL DEFAULT '00000000-0000-0000-0000-000000000000';
dbug: Microsoft.EntityFrameworkCore.Database.Command[20103]
      Creating DbCommand for 'ExecuteNonQuery'.
dbug: Microsoft.EntityFrameworkCore.Database.Command[20104]
      Created DbCommand for 'ExecuteNonQuery' (0ms).
dbug: Microsoft.EntityFrameworkCore.Database.Command[20106]
      Initialized DbCommand for 'ExecuteNonQuery' (0ms).
dbug: Microsoft.EntityFrameworkCore.Database.Command[20100]
      Executing DbCommand [Parameters=[], CommandType='Text', CommandTimeout='30']
      ALTER TABLE "MuscleGroups" ADD "BodyPartId" uuid NOT NULL DEFAULT '00000000-0000-0000-0000-000000000000';
info: Microsoft.EntityFrameworkCore.Database.Command[20101]
      Executed DbCommand (0ms) [Parameters=[], CommandType='Text', CommandTimeout='30']
      ALTER TABLE "MuscleGroups" ADD "BodyPartId" uuid NOT NULL DEFAULT '00000000-0000-0000-0000-000000000000';
info: 7/12/2025 16:16:35.796 RelationalEventId.CommandExecuted[20101] (Microsoft.EntityFrameworkCore.Database.Command) 
      Executed DbCommand (0ms) [Parameters=[], CommandType='Text', CommandTimeout='30']
      ALTER TABLE "MuscleGroups" ADD "BodyPartId" uuid NOT NULL DEFAULT '00000000-0000-0000-0000-000000000000';
dbug: Microsoft.EntityFrameworkCore.Database.Command[20103]
      Creating DbCommand for 'ExecuteNonQuery'.
dbug: Microsoft.EntityFrameworkCore.Database.Command[20104]
      Created DbCommand for 'ExecuteNonQuery' (0ms).
dbug: Microsoft.EntityFrameworkCore.Database.Command[20106]
      Initialized DbCommand for 'ExecuteNonQuery' (0ms).
dbug: Microsoft.EntityFrameworkCore.Database.Command[20100]
      Executing DbCommand [Parameters=[], CommandType='Text', CommandTimeout='30']
      ALTER TABLE "MovementPatterns" ALTER COLUMN "Description" DROP NOT NULL;
info: Microsoft.EntityFrameworkCore.Database.Command[20101]
      Executed DbCommand (0ms) [Parameters=[], CommandType='Text', CommandTimeout='30']
      ALTER TABLE "MovementPatterns" ALTER COLUMN "Description" DROP NOT NULL;
info: 7/12/2025 16:16:35.796 RelationalEventId.CommandExecuted[20101] (Microsoft.EntityFrameworkCore.Database.Command) 
      Executed DbCommand (0ms) [Parameters=[], CommandType='Text', CommandTimeout='30']
      ALTER TABLE "MovementPatterns" ALTER COLUMN "Description" DROP NOT NULL;
dbug: Microsoft.EntityFrameworkCore.Database.Command[20103]
      Creating DbCommand for 'ExecuteNonQuery'.
dbug: Microsoft.EntityFrameworkCore.Database.Command[20104]
      Created DbCommand for 'ExecuteNonQuery' (0ms).
dbug: Microsoft.EntityFrameworkCore.Database.Command[20106]
      Initialized DbCommand for 'ExecuteNonQuery' (0ms).
dbug: Microsoft.EntityFrameworkCore.Database.Command[20100]
      Executing DbCommand [Parameters=[], CommandType='Text', CommandTimeout='30']
      ALTER TABLE "ExerciseTargetedMuscles" ADD "MuscleRoleId" uuid NOT NULL DEFAULT '00000000-0000-0000-0000-000000000000';
info: Microsoft.EntityFrameworkCore.Database.Command[20101]
      Executed DbCommand (1ms) [Parameters=[], CommandType='Text', CommandTimeout='30']
      ALTER TABLE "MuscleGroups" ADD "BodyPartId" uuid NOT NULL DEFAULT '00000000-0000-0000-0000-000000000000';
info: 7/12/2025 16:16:35.796 RelationalEventId.CommandExecuted[20101] (Microsoft.EntityFrameworkCore.Database.Command) 
      Executed DbCommand (1ms) [Parameters=[], CommandType='Text', CommandTimeout='30']
      ALTER TABLE "MuscleGroups" ADD "BodyPartId" uuid NOT NULL DEFAULT '00000000-0000-0000-0000-000000000000';
dbug: Microsoft.EntityFrameworkCore.Database.Command[20103]
      Creating DbCommand for 'ExecuteNonQuery'.
dbug: Microsoft.EntityFrameworkCore.Database.Command[20104]
      Created DbCommand for 'ExecuteNonQuery' (0ms).
dbug: Microsoft.EntityFrameworkCore.Database.Command[20106]
      Initialized DbCommand for 'ExecuteNonQuery' (0ms).
info: Microsoft.EntityFrameworkCore.Database.Command[20101]
      Executed DbCommand (0ms) [Parameters=[], CommandType='Text', CommandTimeout='30']
      ALTER TABLE "ExerciseTargetedMuscles" ADD "MuscleRoleId" uuid NOT NULL DEFAULT '00000000-0000-0000-0000-000000000000';
dbug: Microsoft.EntityFrameworkCore.Database.Command[20100]
      Executing DbCommand [Parameters=[], CommandType='Text', CommandTimeout='30']
      ALTER TABLE "MovementPatterns" ALTER COLUMN "Description" DROP NOT NULL;
info: 7/12/2025 16:16:35.796 RelationalEventId.CommandExecuted[20101] (Microsoft.EntityFrameworkCore.Database.Command) 
      Executed DbCommand (0ms) [Parameters=[], CommandType='Text', CommandTimeout='30']
      ALTER TABLE "ExerciseTargetedMuscles" ADD "MuscleRoleId" uuid NOT NULL DEFAULT '00000000-0000-0000-0000-000000000000';
dbug: Microsoft.EntityFrameworkCore.Database.Command[20103]
      Creating DbCommand for 'ExecuteNonQuery'.
dbug: Microsoft.EntityFrameworkCore.Database.Command[20104]
      Created DbCommand for 'ExecuteNonQuery' (0ms).
dbug: Microsoft.EntityFrameworkCore.Database.Command[20106]
      Initialized DbCommand for 'ExecuteNonQuery' (0ms).
dbug: Microsoft.EntityFrameworkCore.Database.Command[20100]
      Executing DbCommand [Parameters=[], CommandType='Text', CommandTimeout='30']
      ALTER TABLE "Exercises" ADD "DifficultyLevelId" uuid NOT NULL DEFAULT '00000000-0000-0000-0000-000000000000';
info: Microsoft.EntityFrameworkCore.Database.Command[20101]
      Executed DbCommand (0ms) [Parameters=[], CommandType='Text', CommandTimeout='30']
      ALTER TABLE "MovementPatterns" ALTER COLUMN "Description" DROP NOT NULL;
info: 7/12/2025 16:16:35.797 RelationalEventId.CommandExecuted[20101] (Microsoft.EntityFrameworkCore.Database.Command) 
      Executed DbCommand (0ms) [Parameters=[], CommandType='Text', CommandTimeout='30']
      ALTER TABLE "MovementPatterns" ALTER COLUMN "Description" DROP NOT NULL;
info: Microsoft.EntityFrameworkCore.Database.Command[20101]
      Executed DbCommand (0ms) [Parameters=[], CommandType='Text', CommandTimeout='30']
      ALTER TABLE "Exercises" ADD "DifficultyLevelId" uuid NOT NULL DEFAULT '00000000-0000-0000-0000-000000000000';
info: 7/12/2025 16:16:35.797 RelationalEventId.CommandExecuted[20101] (Microsoft.EntityFrameworkCore.Database.Command) 
      Executed DbCommand (0ms) [Parameters=[], CommandType='Text', CommandTimeout='30']
      ALTER TABLE "Exercises" ADD "DifficultyLevelId" uuid NOT NULL DEFAULT '00000000-0000-0000-0000-000000000000';
dbug: Microsoft.EntityFrameworkCore.Database.Command[20103]
      Creating DbCommand for 'ExecuteNonQuery'.
dbug: Microsoft.EntityFrameworkCore.Database.Command[20104]
      Created DbCommand for 'ExecuteNonQuery' (0ms).
dbug: Microsoft.EntityFrameworkCore.Database.Command[20106]
      Initialized DbCommand for 'ExecuteNonQuery' (0ms).
dbug: Microsoft.EntityFrameworkCore.Database.Command[20103]
      Creating DbCommand for 'ExecuteNonQuery'.
dbug: Microsoft.EntityFrameworkCore.Database.Command[20100]
      Executing DbCommand [Parameters=[], CommandType='Text', CommandTimeout='30']
      ALTER TABLE "Exercises" ADD "KineticChainTypeId" uuid NOT NULL DEFAULT '00000000-0000-0000-0000-000000000000';
dbug: Microsoft.EntityFrameworkCore.Database.Command[20104]
      Created DbCommand for 'ExecuteNonQuery' (0ms).
dbug: Microsoft.EntityFrameworkCore.Database.Command[20106]
      Initialized DbCommand for 'ExecuteNonQuery' (0ms).
dbug: Microsoft.EntityFrameworkCore.Database.Command[20100]
      Executing DbCommand [Parameters=[], CommandType='Text', CommandTimeout='30']
      ALTER TABLE "ExerciseTargetedMuscles" ADD "MuscleRoleId" uuid NOT NULL DEFAULT '00000000-0000-0000-0000-000000000000';
info: 7/12/2025 16:16:35.797 RelationalEventId.CommandExecuted[20101] (Microsoft.EntityFrameworkCore.Database.Command) 
      Executed DbCommand (0ms) [Parameters=[], CommandType='Text', CommandTimeout='30']
      ALTER TABLE "Exercises" ADD "KineticChainTypeId" uuid NOT NULL DEFAULT '00000000-0000-0000-0000-000000000000';
info: Microsoft.EntityFrameworkCore.Database.Command[20101]
      Executed DbCommand (0ms) [Parameters=[], CommandType='Text', CommandTimeout='30']
      ALTER TABLE "Exercises" ADD "KineticChainTypeId" uuid NOT NULL DEFAULT '00000000-0000-0000-0000-000000000000';
dbug: Microsoft.EntityFrameworkCore.Database.Command[20103]
      Creating DbCommand for 'ExecuteNonQuery'.
dbug: Microsoft.EntityFrameworkCore.Database.Command[20104]
      Created DbCommand for 'ExecuteNonQuery' (0ms).
dbug: Microsoft.EntityFrameworkCore.Database.Command[20106]
      Initialized DbCommand for 'ExecuteNonQuery' (0ms).
dbug: Microsoft.EntityFrameworkCore.Database.Command[20100]
      Executing DbCommand [Parameters=[], CommandType='Text', CommandTimeout='30']
      CREATE TABLE "BodyParts" (
          "Id" uuid NOT NULL,
          "Value" text NOT NULL,
          "Description" text,
          "DisplayOrder" integer NOT NULL,
          "IsActive" boolean NOT NULL,
          CONSTRAINT "PK_BodyParts" PRIMARY KEY ("Id")
      );
info: Microsoft.EntityFrameworkCore.Database.Command[20101]
      Executed DbCommand (0ms) [Parameters=[], CommandType='Text', CommandTimeout='30']
      ALTER TABLE "ExerciseTargetedMuscles" ADD "MuscleRoleId" uuid NOT NULL DEFAULT '00000000-0000-0000-0000-000000000000';
info: 7/12/2025 16:16:35.797 RelationalEventId.CommandExecuted[20101] (Microsoft.EntityFrameworkCore.Database.Command) 
      Executed DbCommand (0ms) [Parameters=[], CommandType='Text', CommandTimeout='30']
      ALTER TABLE "ExerciseTargetedMuscles" ADD "MuscleRoleId" uuid NOT NULL DEFAULT '00000000-0000-0000-0000-000000000000';
dbug: Microsoft.EntityFrameworkCore.Database.Command[20103]
      Creating DbCommand for 'ExecuteNonQuery'.
dbug: Microsoft.EntityFrameworkCore.Database.Command[20104]
      Created DbCommand for 'ExecuteNonQuery' (0ms).
dbug: Microsoft.EntityFrameworkCore.Database.Command[20106]
      Initialized DbCommand for 'ExecuteNonQuery' (0ms).
dbug: Microsoft.EntityFrameworkCore.Database.Command[20100]
      Executing DbCommand [Parameters=[], CommandType='Text', CommandTimeout='30']
      ALTER TABLE "Exercises" ADD "DifficultyLevelId" uuid NOT NULL DEFAULT '00000000-0000-0000-0000-000000000000';
info: Microsoft.EntityFrameworkCore.Database.Command[20101]
      Executed DbCommand (1ms) [Parameters=[], CommandType='Text', CommandTimeout='30']
      CREATE TABLE "BodyParts" (
          "Id" uuid NOT NULL,
          "Value" text NOT NULL,
          "Description" text,
          "DisplayOrder" integer NOT NULL,
          "IsActive" boolean NOT NULL,
          CONSTRAINT "PK_BodyParts" PRIMARY KEY ("Id")
      );
info: 7/12/2025 16:16:35.798 RelationalEventId.CommandExecuted[20101] (Microsoft.EntityFrameworkCore.Database.Command) 
      Executed DbCommand (1ms) [Parameters=[], CommandType='Text', CommandTimeout='30']
      CREATE TABLE "BodyParts" (
          "Id" uuid NOT NULL,
          "Value" text NOT NULL,
          "Description" text,
          "DisplayOrder" integer NOT NULL,
          "IsActive" boolean NOT NULL,
          CONSTRAINT "PK_BodyParts" PRIMARY KEY ("Id")
      );
dbug: Microsoft.EntityFrameworkCore.Database.Command[20103]
      Creating DbCommand for 'ExecuteNonQuery'.
dbug: Microsoft.EntityFrameworkCore.Database.Command[20104]
      Created DbCommand for 'ExecuteNonQuery' (0ms).
dbug: Microsoft.EntityFrameworkCore.Database.Command[20106]
      Initialized DbCommand for 'ExecuteNonQuery' (0ms).
dbug: Microsoft.EntityFrameworkCore.Database.Command[20100]
      Executing DbCommand [Parameters=[], CommandType='Text', CommandTimeout='30']
      CREATE TABLE "DifficultyLevels" (
          "Id" uuid NOT NULL,
          "Value" text NOT NULL,
          "Description" text,
          "DisplayOrder" integer NOT NULL,
          "IsActive" boolean NOT NULL,
          CONSTRAINT "PK_DifficultyLevels" PRIMARY KEY ("Id")
      );
info: Microsoft.EntityFrameworkCore.Database.Command[20101]
      Executed DbCommand (0ms) [Parameters=[], CommandType='Text', CommandTimeout='30']
      ALTER TABLE "Exercises" ADD "DifficultyLevelId" uuid NOT NULL DEFAULT '00000000-0000-0000-0000-000000000000';
info: 7/12/2025 16:16:35.798 RelationalEventId.CommandExecuted[20101] (Microsoft.EntityFrameworkCore.Database.Command) 
      Executed DbCommand (0ms) [Parameters=[], CommandType='Text', CommandTimeout='30']
      ALTER TABLE "Exercises" ADD "DifficultyLevelId" uuid NOT NULL DEFAULT '00000000-0000-0000-0000-000000000000';
dbug: Microsoft.EntityFrameworkCore.Database.Command[20103]
      Creating DbCommand for 'ExecuteNonQuery'.
dbug: Microsoft.EntityFrameworkCore.Database.Command[20104]
      Created DbCommand for 'ExecuteNonQuery' (0ms).
dbug: Microsoft.EntityFrameworkCore.Database.Command[20106]
      Initialized DbCommand for 'ExecuteNonQuery' (0ms).
dbug: Microsoft.EntityFrameworkCore.Database.Command[20100]
      Executing DbCommand [Parameters=[], CommandType='Text', CommandTimeout='30']
      ALTER TABLE "Exercises" ADD "KineticChainTypeId" uuid NOT NULL DEFAULT '00000000-0000-0000-0000-000000000000';
info: Microsoft.EntityFrameworkCore.Database.Command[20101]
      Executed DbCommand (0ms) [Parameters=[], CommandType='Text', CommandTimeout='30']
      ALTER TABLE "Exercises" ADD "KineticChainTypeId" uuid NOT NULL DEFAULT '00000000-0000-0000-0000-000000000000';
info: 7/12/2025 16:16:35.798 RelationalEventId.CommandExecuted[20101] (Microsoft.EntityFrameworkCore.Database.Command) 
      Executed DbCommand (0ms) [Parameters=[], CommandType='Text', CommandTimeout='30']
      ALTER TABLE "Exercises" ADD "KineticChainTypeId" uuid NOT NULL DEFAULT '00000000-0000-0000-0000-000000000000';
dbug: Microsoft.EntityFrameworkCore.Database.Command[20103]
      Creating DbCommand for 'ExecuteNonQuery'.
dbug: Microsoft.EntityFrameworkCore.Database.Command[20104]
      Created DbCommand for 'ExecuteNonQuery' (0ms).
dbug: Microsoft.EntityFrameworkCore.Database.Command[20106]
      Initialized DbCommand for 'ExecuteNonQuery' (0ms).
info: 7/12/2025 16:16:35.798 RelationalEventId.CommandExecuted[20101] (Microsoft.EntityFrameworkCore.Database.Command) 
      Executed DbCommand (1ms) [Parameters=[], CommandType='Text', CommandTimeout='30']
      CREATE TABLE "DifficultyLevels" (
          "Id" uuid NOT NULL,
          "Value" text NOT NULL,
          "Description" text,
          "DisplayOrder" integer NOT NULL,
          "IsActive" boolean NOT NULL,
          CONSTRAINT "PK_DifficultyLevels" PRIMARY KEY ("Id")
      );
info: Microsoft.EntityFrameworkCore.Database.Command[20101]
      Executed DbCommand (1ms) [Parameters=[], CommandType='Text', CommandTimeout='30']
      CREATE TABLE "DifficultyLevels" (
          "Id" uuid NOT NULL,
          "Value" text NOT NULL,
          "Description" text,
          "DisplayOrder" integer NOT NULL,
          "IsActive" boolean NOT NULL,
          CONSTRAINT "PK_DifficultyLevels" PRIMARY KEY ("Id")
      );
dbug: Microsoft.EntityFrameworkCore.Database.Command[20103]
      Creating DbCommand for 'ExecuteNonQuery'.
dbug: Microsoft.EntityFrameworkCore.Database.Command[20104]
      Created DbCommand for 'ExecuteNonQuery' (0ms).
dbug: Microsoft.EntityFrameworkCore.Database.Command[20106]
      Initialized DbCommand for 'ExecuteNonQuery' (0ms).
dbug: Microsoft.EntityFrameworkCore.Database.Command[20100]
      Executing DbCommand [Parameters=[], CommandType='Text', CommandTimeout='30']
      CREATE TABLE "KineticChainTypes" (
          "Id" uuid NOT NULL,
          "Value" text NOT NULL,
          "Description" text,
          "DisplayOrder" integer NOT NULL,
          "IsActive" boolean NOT NULL,
          CONSTRAINT "PK_KineticChainTypes" PRIMARY KEY ("Id")
      );
dbug: Microsoft.EntityFrameworkCore.Database.Command[20100]
      Executing DbCommand [Parameters=[], CommandType='Text', CommandTimeout='30']
      CREATE TABLE "BodyParts" (
          "Id" uuid NOT NULL,
          "Value" text NOT NULL,
          "Description" text,
          "DisplayOrder" integer NOT NULL,
          "IsActive" boolean NOT NULL,
          CONSTRAINT "PK_BodyParts" PRIMARY KEY ("Id")
      );
info: Microsoft.EntityFrameworkCore.Database.Command[20101]
      Executed DbCommand (1ms) [Parameters=[], CommandType='Text', CommandTimeout='30']
      CREATE TABLE "KineticChainTypes" (
          "Id" uuid NOT NULL,
          "Value" text NOT NULL,
          "Description" text,
          "DisplayOrder" integer NOT NULL,
          "IsActive" boolean NOT NULL,
          CONSTRAINT "PK_KineticChainTypes" PRIMARY KEY ("Id")
      );
info: 7/12/2025 16:16:35.799 RelationalEventId.CommandExecuted[20101] (Microsoft.EntityFrameworkCore.Database.Command) 
      Executed DbCommand (1ms) [Parameters=[], CommandType='Text', CommandTimeout='30']
      CREATE TABLE "KineticChainTypes" (
          "Id" uuid NOT NULL,
          "Value" text NOT NULL,
          "Description" text,
          "DisplayOrder" integer NOT NULL,
          "IsActive" boolean NOT NULL,
          CONSTRAINT "PK_KineticChainTypes" PRIMARY KEY ("Id")
      );
dbug: Microsoft.EntityFrameworkCore.Database.Command[20103]
      Creating DbCommand for 'ExecuteNonQuery'.
dbug: Microsoft.EntityFrameworkCore.Database.Command[20104]
      Created DbCommand for 'ExecuteNonQuery' (0ms).
dbug: Microsoft.EntityFrameworkCore.Database.Command[20106]
      Initialized DbCommand for 'ExecuteNonQuery' (0ms).
dbug: Microsoft.EntityFrameworkCore.Database.Command[20100]
      Executing DbCommand [Parameters=[], CommandType='Text', CommandTimeout='30']
      CREATE TABLE "MuscleRoles" (
          "Id" uuid NOT NULL,
          "Value" text NOT NULL,
          "Description" text,
          "DisplayOrder" integer NOT NULL,
          "IsActive" boolean NOT NULL,
          CONSTRAINT "PK_MuscleRoles" PRIMARY KEY ("Id")
      );
info: Microsoft.EntityFrameworkCore.Database.Command[20101]
      Executed DbCommand (1ms) [Parameters=[], CommandType='Text', CommandTimeout='30']
      CREATE TABLE "BodyParts" (
          "Id" uuid NOT NULL,
          "Value" text NOT NULL,
          "Description" text,
          "DisplayOrder" integer NOT NULL,
          "IsActive" boolean NOT NULL,
          CONSTRAINT "PK_BodyParts" PRIMARY KEY ("Id")
      );
info: 7/12/2025 16:16:35.800 RelationalEventId.CommandExecuted[20101] (Microsoft.EntityFrameworkCore.Database.Command) 
      Executed DbCommand (1ms) [Parameters=[], CommandType='Text', CommandTimeout='30']
      CREATE TABLE "BodyParts" (
          "Id" uuid NOT NULL,
          "Value" text NOT NULL,
          "Description" text,
          "DisplayOrder" integer NOT NULL,
          "IsActive" boolean NOT NULL,
          CONSTRAINT "PK_BodyParts" PRIMARY KEY ("Id")
      );
dbug: Microsoft.EntityFrameworkCore.Database.Command[20103]
      Creating DbCommand for 'ExecuteNonQuery'.
dbug: Microsoft.EntityFrameworkCore.Database.Command[20104]
      Created DbCommand for 'ExecuteNonQuery' (0ms).
dbug: Microsoft.EntityFrameworkCore.Database.Command[20106]
      Initialized DbCommand for 'ExecuteNonQuery' (0ms).
dbug: Microsoft.EntityFrameworkCore.Database.Command[20100]
      Executing DbCommand [Parameters=[], CommandType='Text', CommandTimeout='30']
      CREATE TABLE "DifficultyLevels" (
          "Id" uuid NOT NULL,
          "Value" text NOT NULL,
          "Description" text,
          "DisplayOrder" integer NOT NULL,
          "IsActive" boolean NOT NULL,
          CONSTRAINT "PK_DifficultyLevels" PRIMARY KEY ("Id")
      );
info: Microsoft.EntityFrameworkCore.Database.Command[20101]
      Executed DbCommand (1ms) [Parameters=[], CommandType='Text', CommandTimeout='30']
      CREATE TABLE "MuscleRoles" (
          "Id" uuid NOT NULL,
          "Value" text NOT NULL,
          "Description" text,
          "DisplayOrder" integer NOT NULL,
          "IsActive" boolean NOT NULL,
          CONSTRAINT "PK_MuscleRoles" PRIMARY KEY ("Id")
      );
info: 7/12/2025 16:16:35.800 RelationalEventId.CommandExecuted[20101] (Microsoft.EntityFrameworkCore.Database.Command) 
      Executed DbCommand (1ms) [Parameters=[], CommandType='Text', CommandTimeout='30']
      CREATE TABLE "MuscleRoles" (
          "Id" uuid NOT NULL,
          "Value" text NOT NULL,
          "Description" text,
          "DisplayOrder" integer NOT NULL,
          "IsActive" boolean NOT NULL,
          CONSTRAINT "PK_MuscleRoles" PRIMARY KEY ("Id")
      );
dbug: Microsoft.EntityFrameworkCore.Database.Command[20103]
      Creating DbCommand for 'ExecuteNonQuery'.
dbug: Microsoft.EntityFrameworkCore.Database.Command[20104]
      Created DbCommand for 'ExecuteNonQuery' (0ms).
dbug: Microsoft.EntityFrameworkCore.Database.Command[20106]
      Initialized DbCommand for 'ExecuteNonQuery' (0ms).
dbug: Microsoft.EntityFrameworkCore.Database.Command[20100]
      Executing DbCommand [Parameters=[], CommandType='Text', CommandTimeout='30']
      INSERT INTO "BodyParts" ("Id", "Description", "DisplayOrder", "IsActive", "Value")
      VALUES ('3e9f8a7d-6c5b-4a3e-8d2f-1b7c9a6d5e4c', NULL, 6, TRUE, 'Core');
      INSERT INTO "BodyParts" ("Id", "Description", "DisplayOrder", "IsActive", "Value")
      VALUES ('4a6f1b42-5c9b-4c4e-878a-b3d9f2c1f1f5', NULL, 3, TRUE, 'Legs');
      INSERT INTO "BodyParts" ("Id", "Description", "DisplayOrder", "IsActive", "Value")
      VALUES ('7c5a2d6e-e87e-4c8a-9f1d-9eb734f3df3c', NULL, 1, TRUE, 'Chest');
      INSERT INTO "BodyParts" ("Id", "Description", "DisplayOrder", "IsActive", "Value")
      VALUES ('9c5f1b4e-2b8a-4c9d-8e7f-c5a9e2d7b8c1', NULL, 5, TRUE, 'Arms');
      INSERT INTO "BodyParts" ("Id", "Description", "DisplayOrder", "IsActive", "Value")
      VALUES ('b2d89d5c-cb8a-4f5d-8a9e-2c3b76612c5a', NULL, 2, TRUE, 'Back');
      INSERT INTO "BodyParts" ("Id", "Description", "DisplayOrder", "IsActive", "Value")
      VALUES ('d7e0e24c-f8d4-4b8a-b1e0-cf9c2e6b5d0a', NULL, 4, TRUE, 'Shoulders');
info: Microsoft.EntityFrameworkCore.Database.Command[20101]
      Executed DbCommand (1ms) [Parameters=[], CommandType='Text', CommandTimeout='30']
      CREATE TABLE "DifficultyLevels" (
          "Id" uuid NOT NULL,
          "Value" text NOT NULL,
          "Description" text,
          "DisplayOrder" integer NOT NULL,
          "IsActive" boolean NOT NULL,
          CONSTRAINT "PK_DifficultyLevels" PRIMARY KEY ("Id")
      );
info: 7/12/2025 16:16:35.801 RelationalEventId.CommandExecuted[20101] (Microsoft.EntityFrameworkCore.Database.Command) 
      Executed DbCommand (1ms) [Parameters=[], CommandType='Text', CommandTimeout='30']
      CREATE TABLE "DifficultyLevels" (
          "Id" uuid NOT NULL,
          "Value" text NOT NULL,
          "Description" text,
          "DisplayOrder" integer NOT NULL,
          "IsActive" boolean NOT NULL,
          CONSTRAINT "PK_DifficultyLevels" PRIMARY KEY ("Id")
      );
dbug: Microsoft.EntityFrameworkCore.Database.Command[20103]
      Creating DbCommand for 'ExecuteNonQuery'.
dbug: Microsoft.EntityFrameworkCore.Database.Command[20104]
      Created DbCommand for 'ExecuteNonQuery' (0ms).
dbug: Microsoft.EntityFrameworkCore.Database.Command[20106]
      Initialized DbCommand for 'ExecuteNonQuery' (0ms).
dbug: Microsoft.EntityFrameworkCore.Database.Command[20100]
      Executing DbCommand [Parameters=[], CommandType='Text', CommandTimeout='30']
      CREATE TABLE "KineticChainTypes" (
          "Id" uuid NOT NULL,
          "Value" text NOT NULL,
          "Description" text,
          "DisplayOrder" integer NOT NULL,
          "IsActive" boolean NOT NULL,
          CONSTRAINT "PK_KineticChainTypes" PRIMARY KEY ("Id")
      );
info: Microsoft.EntityFrameworkCore.Database.Command[20101]
      Executed DbCommand (2ms) [Parameters=[], CommandType='Text', CommandTimeout='30']
      INSERT INTO "BodyParts" ("Id", "Description", "DisplayOrder", "IsActive", "Value")
      VALUES ('3e9f8a7d-6c5b-4a3e-8d2f-1b7c9a6d5e4c', NULL, 6, TRUE, 'Core');
      INSERT INTO "BodyParts" ("Id", "Description", "DisplayOrder", "IsActive", "Value")
      VALUES ('4a6f1b42-5c9b-4c4e-878a-b3d9f2c1f1f5', NULL, 3, TRUE, 'Legs');
      INSERT INTO "BodyParts" ("Id", "Description", "DisplayOrder", "IsActive", "Value")
      VALUES ('7c5a2d6e-e87e-4c8a-9f1d-9eb734f3df3c', NULL, 1, TRUE, 'Chest');
      INSERT INTO "BodyParts" ("Id", "Description", "DisplayOrder", "IsActive", "Value")
      VALUES ('9c5f1b4e-2b8a-4c9d-8e7f-c5a9e2d7b8c1', NULL, 5, TRUE, 'Arms');
      INSERT INTO "BodyParts" ("Id", "Description", "DisplayOrder", "IsActive", "Value")
      VALUES ('b2d89d5c-cb8a-4f5d-8a9e-2c3b76612c5a', NULL, 2, TRUE, 'Back');
      INSERT INTO "BodyParts" ("Id", "Description", "DisplayOrder", "IsActive", "Value")
      VALUES ('d7e0e24c-f8d4-4b8a-b1e0-cf9c2e6b5d0a', NULL, 4, TRUE, 'Shoulders');
info: 7/12/2025 16:16:35.802 RelationalEventId.CommandExecuted[20101] (Microsoft.EntityFrameworkCore.Database.Command) 
      Executed DbCommand (2ms) [Parameters=[], CommandType='Text', CommandTimeout='30']
      INSERT INTO "BodyParts" ("Id", "Description", "DisplayOrder", "IsActive", "Value")
      VALUES ('3e9f8a7d-6c5b-4a3e-8d2f-1b7c9a6d5e4c', NULL, 6, TRUE, 'Core');
      INSERT INTO "BodyParts" ("Id", "Description", "DisplayOrder", "IsActive", "Value")
      VALUES ('4a6f1b42-5c9b-4c4e-878a-b3d9f2c1f1f5', NULL, 3, TRUE, 'Legs');
      INSERT INTO "BodyParts" ("Id", "Description", "DisplayOrder", "IsActive", "Value")
      VALUES ('7c5a2d6e-e87e-4c8a-9f1d-9eb734f3df3c', NULL, 1, TRUE, 'Chest');
      INSERT INTO "BodyParts" ("Id", "Description", "DisplayOrder", "IsActive", "Value")
      VALUES ('9c5f1b4e-2b8a-4c9d-8e7f-c5a9e2d7b8c1', NULL, 5, TRUE, 'Arms');
      INSERT INTO "BodyParts" ("Id", "Description", "DisplayOrder", "IsActive", "Value")
      VALUES ('b2d89d5c-cb8a-4f5d-8a9e-2c3b76612c5a', NULL, 2, TRUE, 'Back');
      INSERT INTO "BodyParts" ("Id", "Description", "DisplayOrder", "IsActive", "Value")
      VALUES ('d7e0e24c-f8d4-4b8a-b1e0-cf9c2e6b5d0a', NULL, 4, TRUE, 'Shoulders');
dbug: Microsoft.EntityFrameworkCore.Database.Command[20103]
      Creating DbCommand for 'ExecuteNonQuery'.
dbug: Microsoft.EntityFrameworkCore.Database.Command[20104]
      Created DbCommand for 'ExecuteNonQuery' (0ms).
dbug: Microsoft.EntityFrameworkCore.Database.Command[20106]
      Initialized DbCommand for 'ExecuteNonQuery' (0ms).
dbug: Microsoft.EntityFrameworkCore.Database.Command[20100]
      Executing DbCommand [Parameters=[], CommandType='Text', CommandTimeout='30']
      INSERT INTO "DifficultyLevels" ("Id", "Description", "DisplayOrder", "IsActive", "Value")
      VALUES ('3e27f9a7-d5a5-4f8e-8a76-6de2d23c9a3c', 'Suitable for those with significant fitness experience', 3, TRUE, 'Advanced');
      INSERT INTO "DifficultyLevels" ("Id", "Description", "DisplayOrder", "IsActive", "Value")
      VALUES ('8a8adb1d-24d2-4979-a5a6-0d760e6da24b', 'Suitable for those new to fitness', 1, TRUE, 'Beginner');
      INSERT INTO "DifficultyLevels" ("Id", "Description", "DisplayOrder", "IsActive", "Value")
      VALUES ('9c7b59a4-bcd8-48a6-971a-cd67b0a7ab5a', 'Suitable for those with some fitness experience', 2, TRUE, 'Intermediate');
info: Microsoft.EntityFrameworkCore.Database.Command[20101]
      Executed DbCommand (1ms) [Parameters=[], CommandType='Text', CommandTimeout='30']
      INSERT INTO "DifficultyLevels" ("Id", "Description", "DisplayOrder", "IsActive", "Value")
      VALUES ('3e27f9a7-d5a5-4f8e-8a76-6de2d23c9a3c', 'Suitable for those with significant fitness experience', 3, TRUE, 'Advanced');
      INSERT INTO "DifficultyLevels" ("Id", "Description", "DisplayOrder", "IsActive", "Value")
      VALUES ('8a8adb1d-24d2-4979-a5a6-0d760e6da24b', 'Suitable for those new to fitness', 1, TRUE, 'Beginner');
      INSERT INTO "DifficultyLevels" ("Id", "Description", "DisplayOrder", "IsActive", "Value")
      VALUES ('9c7b59a4-bcd8-48a6-971a-cd67b0a7ab5a', 'Suitable for those with some fitness experience', 2, TRUE, 'Intermediate');
info: 7/12/2025 16:16:35.802 RelationalEventId.CommandExecuted[20101] (Microsoft.EntityFrameworkCore.Database.Command) 
      Executed DbCommand (1ms) [Parameters=[], CommandType='Text', CommandTimeout='30']
      INSERT INTO "DifficultyLevels" ("Id", "Description", "DisplayOrder", "IsActive", "Value")
      VALUES ('3e27f9a7-d5a5-4f8e-8a76-6de2d23c9a3c', 'Suitable for those with significant fitness experience', 3, TRUE, 'Advanced');
      INSERT INTO "DifficultyLevels" ("Id", "Description", "DisplayOrder", "IsActive", "Value")
      VALUES ('8a8adb1d-24d2-4979-a5a6-0d760e6da24b', 'Suitable for those new to fitness', 1, TRUE, 'Beginner');
      INSERT INTO "DifficultyLevels" ("Id", "Description", "DisplayOrder", "IsActive", "Value")
      VALUES ('9c7b59a4-bcd8-48a6-971a-cd67b0a7ab5a', 'Suitable for those with some fitness experience', 2, TRUE, 'Intermediate');
dbug: Microsoft.EntityFrameworkCore.Database.Command[20103]
      Creating DbCommand for 'ExecuteNonQuery'.
dbug: Microsoft.EntityFrameworkCore.Database.Command[20104]
      Created DbCommand for 'ExecuteNonQuery' (0ms).
info: Microsoft.EntityFrameworkCore.Database.Command[20101]
      Executed DbCommand (1ms) [Parameters=[], CommandType='Text', CommandTimeout='30']
      CREATE TABLE "KineticChainTypes" (
          "Id" uuid NOT NULL,
          "Value" text NOT NULL,
          "Description" text,
          "DisplayOrder" integer NOT NULL,
          "IsActive" boolean NOT NULL,
          CONSTRAINT "PK_KineticChainTypes" PRIMARY KEY ("Id")
      );
dbug: Microsoft.EntityFrameworkCore.Database.Command[20106]
      Initialized DbCommand for 'ExecuteNonQuery' (0ms).
dbug: Microsoft.EntityFrameworkCore.Database.Command[20100]
      Executing DbCommand [Parameters=[], CommandType='Text', CommandTimeout='30']
      INSERT INTO "KineticChainTypes" ("Id", "Description", "DisplayOrder", "IsActive", "Value")
      VALUES ('2b3e7cb2-9a3e-4c9a-88d8-b7c019c90d1b', 'Exercises that work a single muscle group', 2, TRUE, 'Isolation');
      INSERT INTO "KineticChainTypes" ("Id", "Description", "DisplayOrder", "IsActive", "Value")
      VALUES ('f5d5a2de-9c4e-4b87-b8c3-5d1e17d0b1f4', 'Exercises that work multiple muscle groups', 1, TRUE, 'Compound');
info: 7/12/2025 16:16:35.802 RelationalEventId.CommandExecuted[20101] (Microsoft.EntityFrameworkCore.Database.Command) 
      Executed DbCommand (1ms) [Parameters=[], CommandType='Text', CommandTimeout='30']
      CREATE TABLE "KineticChainTypes" (
          "Id" uuid NOT NULL,
          "Value" text NOT NULL,
          "Description" text,
          "DisplayOrder" integer NOT NULL,
          "IsActive" boolean NOT NULL,
          CONSTRAINT "PK_KineticChainTypes" PRIMARY KEY ("Id")
      );
dbug: Microsoft.EntityFrameworkCore.Database.Command[20103]
      Creating DbCommand for 'ExecuteNonQuery'.
dbug: Microsoft.EntityFrameworkCore.Database.Command[20104]
      Created DbCommand for 'ExecuteNonQuery' (0ms).
dbug: Microsoft.EntityFrameworkCore.Database.Command[20106]
      Initialized DbCommand for 'ExecuteNonQuery' (0ms).
dbug: Microsoft.EntityFrameworkCore.Database.Command[20100]
      Executing DbCommand [Parameters=[], CommandType='Text', CommandTimeout='30']
      CREATE TABLE "MuscleRoles" (
          "Id" uuid NOT NULL,
          "Value" text NOT NULL,
          "Description" text,
          "DisplayOrder" integer NOT NULL,
          "IsActive" boolean NOT NULL,
          CONSTRAINT "PK_MuscleRoles" PRIMARY KEY ("Id")
      );
info: Microsoft.EntityFrameworkCore.Database.Command[20101]
      Executed DbCommand (0ms) [Parameters=[], CommandType='Text', CommandTimeout='30']
      INSERT INTO "KineticChainTypes" ("Id", "Description", "DisplayOrder", "IsActive", "Value")
      VALUES ('2b3e7cb2-9a3e-4c9a-88d8-b7c019c90d1b', 'Exercises that work a single muscle group', 2, TRUE, 'Isolation');
      INSERT INTO "KineticChainTypes" ("Id", "Description", "DisplayOrder", "IsActive", "Value")
      VALUES ('f5d5a2de-9c4e-4b87-b8c3-5d1e17d0b1f4', 'Exercises that work multiple muscle groups', 1, TRUE, 'Compound');
info: 7/12/2025 16:16:35.803 RelationalEventId.CommandExecuted[20101] (Microsoft.EntityFrameworkCore.Database.Command) 
      Executed DbCommand (0ms) [Parameters=[], CommandType='Text', CommandTimeout='30']
      INSERT INTO "KineticChainTypes" ("Id", "Description", "DisplayOrder", "IsActive", "Value")
      VALUES ('2b3e7cb2-9a3e-4c9a-88d8-b7c019c90d1b', 'Exercises that work a single muscle group', 2, TRUE, 'Isolation');
      INSERT INTO "KineticChainTypes" ("Id", "Description", "DisplayOrder", "IsActive", "Value")
      VALUES ('f5d5a2de-9c4e-4b87-b8c3-5d1e17d0b1f4', 'Exercises that work multiple muscle groups', 1, TRUE, 'Compound');
dbug: Microsoft.EntityFrameworkCore.Database.Command[20103]
      Creating DbCommand for 'ExecuteNonQuery'.
dbug: Microsoft.EntityFrameworkCore.Database.Command[20104]
      Created DbCommand for 'ExecuteNonQuery' (0ms).
dbug: Microsoft.EntityFrameworkCore.Database.Command[20106]
      Initialized DbCommand for 'ExecuteNonQuery' (0ms).
dbug: Microsoft.EntityFrameworkCore.Database.Command[20100]
      Executing DbCommand [Parameters=[], CommandType='Text', CommandTimeout='30']
      INSERT INTO "MuscleRoles" ("Id", "Description", "DisplayOrder", "IsActive", "Value")
      VALUES ('1a2b3c4d-5e6f-7a8b-9c0d-1e2f3a4b5c6d', 'A muscle that helps stabilize the body during the exercise', 3, TRUE, 'Stabilizer');
      INSERT INTO "MuscleRoles" ("Id", "Description", "DisplayOrder", "IsActive", "Value")
      VALUES ('5d8e9a7b-3c2d-4f6a-9b8c-1e5d7f3a2c9b', 'The main muscle targeted by the exercise', 1, TRUE, 'Primary');
      INSERT INTO "MuscleRoles" ("Id", "Description", "DisplayOrder", "IsActive", "Value")
      VALUES ('8c7d6b5a-4e3f-2a1b-9c8d-7e6f5d4c3b2a', 'A muscle that assists in the exercise', 2, TRUE, 'Secondary');
info: Microsoft.EntityFrameworkCore.Database.Command[20101]
      Executed DbCommand (0ms) [Parameters=[], CommandType='Text', CommandTimeout='30']
      INSERT INTO "MuscleRoles" ("Id", "Description", "DisplayOrder", "IsActive", "Value")
      VALUES ('1a2b3c4d-5e6f-7a8b-9c0d-1e2f3a4b5c6d', 'A muscle that helps stabilize the body during the exercise', 3, TRUE, 'Stabilizer');
      INSERT INTO "MuscleRoles" ("Id", "Description", "DisplayOrder", "IsActive", "Value")
      VALUES ('5d8e9a7b-3c2d-4f6a-9b8c-1e5d7f3a2c9b', 'The main muscle targeted by the exercise', 1, TRUE, 'Primary');
      INSERT INTO "MuscleRoles" ("Id", "Description", "DisplayOrder", "IsActive", "Value")
      VALUES ('8c7d6b5a-4e3f-2a1b-9c8d-7e6f5d4c3b2a', 'A muscle that assists in the exercise', 2, TRUE, 'Secondary');
info: 7/12/2025 16:16:35.803 RelationalEventId.CommandExecuted[20101] (Microsoft.EntityFrameworkCore.Database.Command) 
      Executed DbCommand (0ms) [Parameters=[], CommandType='Text', CommandTimeout='30']
      INSERT INTO "MuscleRoles" ("Id", "Description", "DisplayOrder", "IsActive", "Value")
      VALUES ('1a2b3c4d-5e6f-7a8b-9c0d-1e2f3a4b5c6d', 'A muscle that helps stabilize the body during the exercise', 3, TRUE, 'Stabilizer');
      INSERT INTO "MuscleRoles" ("Id", "Description", "DisplayOrder", "IsActive", "Value")
      VALUES ('5d8e9a7b-3c2d-4f6a-9b8c-1e5d7f3a2c9b', 'The main muscle targeted by the exercise', 1, TRUE, 'Primary');
      INSERT INTO "MuscleRoles" ("Id", "Description", "DisplayOrder", "IsActive", "Value")
      VALUES ('8c7d6b5a-4e3f-2a1b-9c8d-7e6f5d4c3b2a', 'A muscle that assists in the exercise', 2, TRUE, 'Secondary');
dbug: Microsoft.EntityFrameworkCore.Database.Command[20103]
      Creating DbCommand for 'ExecuteNonQuery'.
info: Microsoft.EntityFrameworkCore.Database.Command[20101]
      Executed DbCommand (1ms) [Parameters=[], CommandType='Text', CommandTimeout='30']
      CREATE TABLE "MuscleRoles" (
          "Id" uuid NOT NULL,
          "Value" text NOT NULL,
          "Description" text,
          "DisplayOrder" integer NOT NULL,
          "IsActive" boolean NOT NULL,
          CONSTRAINT "PK_MuscleRoles" PRIMARY KEY ("Id")
      );
dbug: Microsoft.EntityFrameworkCore.Database.Command[20104]
      Created DbCommand for 'ExecuteNonQuery' (0ms).
dbug: Microsoft.EntityFrameworkCore.Database.Command[20106]
      Initialized DbCommand for 'ExecuteNonQuery' (0ms).
info: 7/12/2025 16:16:35.803 RelationalEventId.CommandExecuted[20101] (Microsoft.EntityFrameworkCore.Database.Command) 
      Executed DbCommand (1ms) [Parameters=[], CommandType='Text', CommandTimeout='30']
      CREATE TABLE "MuscleRoles" (
          "Id" uuid NOT NULL,
          "Value" text NOT NULL,
          "Description" text,
          "DisplayOrder" integer NOT NULL,
          "IsActive" boolean NOT NULL,
          CONSTRAINT "PK_MuscleRoles" PRIMARY KEY ("Id")
      );
dbug: Microsoft.EntityFrameworkCore.Database.Command[20100]
      Executing DbCommand [Parameters=[], CommandType='Text', CommandTimeout='30']
      CREATE INDEX "IX_MuscleGroups_BodyPartId" ON "MuscleGroups" ("BodyPartId");
dbug: Microsoft.EntityFrameworkCore.Database.Command[20103]
      Creating DbCommand for 'ExecuteNonQuery'.
dbug: Microsoft.EntityFrameworkCore.Database.Command[20104]
      Created DbCommand for 'ExecuteNonQuery' (0ms).
dbug: Microsoft.EntityFrameworkCore.Database.Command[20106]
      Initialized DbCommand for 'ExecuteNonQuery' (0ms).
dbug: Microsoft.EntityFrameworkCore.Database.Command[20100]
      Executing DbCommand [Parameters=[], CommandType='Text', CommandTimeout='30']
      INSERT INTO "BodyParts" ("Id", "Description", "DisplayOrder", "IsActive", "Value")
      VALUES ('3e9f8a7d-6c5b-4a3e-8d2f-1b7c9a6d5e4c', NULL, 6, TRUE, 'Core');
      INSERT INTO "BodyParts" ("Id", "Description", "DisplayOrder", "IsActive", "Value")
      VALUES ('4a6f1b42-5c9b-4c4e-878a-b3d9f2c1f1f5', NULL, 3, TRUE, 'Legs');
      INSERT INTO "BodyParts" ("Id", "Description", "DisplayOrder", "IsActive", "Value")
      VALUES ('7c5a2d6e-e87e-4c8a-9f1d-9eb734f3df3c', NULL, 1, TRUE, 'Chest');
      INSERT INTO "BodyParts" ("Id", "Description", "DisplayOrder", "IsActive", "Value")
      VALUES ('9c5f1b4e-2b8a-4c9d-8e7f-c5a9e2d7b8c1', NULL, 5, TRUE, 'Arms');
      INSERT INTO "BodyParts" ("Id", "Description", "DisplayOrder", "IsActive", "Value")
      VALUES ('b2d89d5c-cb8a-4f5d-8a9e-2c3b76612c5a', NULL, 2, TRUE, 'Back');
      INSERT INTO "BodyParts" ("Id", "Description", "DisplayOrder", "IsActive", "Value")
      VALUES ('d7e0e24c-f8d4-4b8a-b1e0-cf9c2e6b5d0a', NULL, 4, TRUE, 'Shoulders');
info: Microsoft.EntityFrameworkCore.Database.Command[20101]
      Executed DbCommand (0ms) [Parameters=[], CommandType='Text', CommandTimeout='30']
      INSERT INTO "BodyParts" ("Id", "Description", "DisplayOrder", "IsActive", "Value")
      VALUES ('3e9f8a7d-6c5b-4a3e-8d2f-1b7c9a6d5e4c', NULL, 6, TRUE, 'Core');
      INSERT INTO "BodyParts" ("Id", "Description", "DisplayOrder", "IsActive", "Value")
      VALUES ('4a6f1b42-5c9b-4c4e-878a-b3d9f2c1f1f5', NULL, 3, TRUE, 'Legs');
      INSERT INTO "BodyParts" ("Id", "Description", "DisplayOrder", "IsActive", "Value")
      VALUES ('7c5a2d6e-e87e-4c8a-9f1d-9eb734f3df3c', NULL, 1, TRUE, 'Chest');
      INSERT INTO "BodyParts" ("Id", "Description", "DisplayOrder", "IsActive", "Value")
      VALUES ('9c5f1b4e-2b8a-4c9d-8e7f-c5a9e2d7b8c1', NULL, 5, TRUE, 'Arms');
      INSERT INTO "BodyParts" ("Id", "Description", "DisplayOrder", "IsActive", "Value")
      VALUES ('b2d89d5c-cb8a-4f5d-8a9e-2c3b76612c5a', NULL, 2, TRUE, 'Back');
      INSERT INTO "BodyParts" ("Id", "Description", "DisplayOrder", "IsActive", "Value")
      VALUES ('d7e0e24c-f8d4-4b8a-b1e0-cf9c2e6b5d0a', NULL, 4, TRUE, 'Shoulders');
info: 7/12/2025 16:16:35.804 RelationalEventId.CommandExecuted[20101] (Microsoft.EntityFrameworkCore.Database.Command) 
      Executed DbCommand (0ms) [Parameters=[], CommandType='Text', CommandTimeout='30']
      INSERT INTO "BodyParts" ("Id", "Description", "DisplayOrder", "IsActive", "Value")
      VALUES ('3e9f8a7d-6c5b-4a3e-8d2f-1b7c9a6d5e4c', NULL, 6, TRUE, 'Core');
      INSERT INTO "BodyParts" ("Id", "Description", "DisplayOrder", "IsActive", "Value")
      VALUES ('4a6f1b42-5c9b-4c4e-878a-b3d9f2c1f1f5', NULL, 3, TRUE, 'Legs');
      INSERT INTO "BodyParts" ("Id", "Description", "DisplayOrder", "IsActive", "Value")
      VALUES ('7c5a2d6e-e87e-4c8a-9f1d-9eb734f3df3c', NULL, 1, TRUE, 'Chest');
      INSERT INTO "BodyParts" ("Id", "Description", "DisplayOrder", "IsActive", "Value")
      VALUES ('9c5f1b4e-2b8a-4c9d-8e7f-c5a9e2d7b8c1', NULL, 5, TRUE, 'Arms');
      INSERT INTO "BodyParts" ("Id", "Description", "DisplayOrder", "IsActive", "Value")
      VALUES ('b2d89d5c-cb8a-4f5d-8a9e-2c3b76612c5a', NULL, 2, TRUE, 'Back');
      INSERT INTO "BodyParts" ("Id", "Description", "DisplayOrder", "IsActive", "Value")
      VALUES ('d7e0e24c-f8d4-4b8a-b1e0-cf9c2e6b5d0a', NULL, 4, TRUE, 'Shoulders');
dbug: Microsoft.EntityFrameworkCore.Database.Command[20103]
      Creating DbCommand for 'ExecuteNonQuery'.
dbug: Microsoft.EntityFrameworkCore.Database.Command[20104]
      Created DbCommand for 'ExecuteNonQuery' (0ms).
dbug: Microsoft.EntityFrameworkCore.Database.Command[20106]
      Initialized DbCommand for 'ExecuteNonQuery' (0ms).
dbug: Microsoft.EntityFrameworkCore.Database.Command[20100]
      Executing DbCommand [Parameters=[], CommandType='Text', CommandTimeout='30']
      INSERT INTO "DifficultyLevels" ("Id", "Description", "DisplayOrder", "IsActive", "Value")
      VALUES ('3e27f9a7-d5a5-4f8e-8a76-6de2d23c9a3c', 'Suitable for those with significant fitness experience', 3, TRUE, 'Advanced');
      INSERT INTO "DifficultyLevels" ("Id", "Description", "DisplayOrder", "IsActive", "Value")
      VALUES ('8a8adb1d-24d2-4979-a5a6-0d760e6da24b', 'Suitable for those new to fitness', 1, TRUE, 'Beginner');
      INSERT INTO "DifficultyLevels" ("Id", "Description", "DisplayOrder", "IsActive", "Value")
      VALUES ('9c7b59a4-bcd8-48a6-971a-cd67b0a7ab5a', 'Suitable for those with some fitness experience', 2, TRUE, 'Intermediate');
info: Microsoft.EntityFrameworkCore.Database.Command[20101]
      Executed DbCommand (1ms) [Parameters=[], CommandType='Text', CommandTimeout='30']
      CREATE INDEX "IX_MuscleGroups_BodyPartId" ON "MuscleGroups" ("BodyPartId");
info: 7/12/2025 16:16:35.804 RelationalEventId.CommandExecuted[20101] (Microsoft.EntityFrameworkCore.Database.Command) 
      Executed DbCommand (1ms) [Parameters=[], CommandType='Text', CommandTimeout='30']
      CREATE INDEX "IX_MuscleGroups_BodyPartId" ON "MuscleGroups" ("BodyPartId");
dbug: Microsoft.EntityFrameworkCore.Database.Command[20103]
      Creating DbCommand for 'ExecuteNonQuery'.
dbug: Microsoft.EntityFrameworkCore.Database.Command[20104]
      Created DbCommand for 'ExecuteNonQuery' (0ms).
dbug: Microsoft.EntityFrameworkCore.Database.Command[20106]
      Initialized DbCommand for 'ExecuteNonQuery' (0ms).
dbug: Microsoft.EntityFrameworkCore.Database.Command[20100]
      Executing DbCommand [Parameters=[], CommandType='Text', CommandTimeout='30']
      CREATE INDEX "IX_ExerciseTargetedMuscles_MuscleRoleId" ON "ExerciseTargetedMuscles" ("MuscleRoleId");
info: 7/12/2025 16:16:35.804 RelationalEventId.CommandExecuted[20101] (Microsoft.EntityFrameworkCore.Database.Command) 
      Executed DbCommand (0ms) [Parameters=[], CommandType='Text', CommandTimeout='30']
      INSERT INTO "DifficultyLevels" ("Id", "Description", "DisplayOrder", "IsActive", "Value")
      VALUES ('3e27f9a7-d5a5-4f8e-8a76-6de2d23c9a3c', 'Suitable for those with significant fitness experience', 3, TRUE, 'Advanced');
      INSERT INTO "DifficultyLevels" ("Id", "Description", "DisplayOrder", "IsActive", "Value")
      VALUES ('8a8adb1d-24d2-4979-a5a6-0d760e6da24b', 'Suitable for those new to fitness', 1, TRUE, 'Beginner');
      INSERT INTO "DifficultyLevels" ("Id", "Description", "DisplayOrder", "IsActive", "Value")
      VALUES ('9c7b59a4-bcd8-48a6-971a-cd67b0a7ab5a', 'Suitable for those with some fitness experience', 2, TRUE, 'Intermediate');
info: Microsoft.EntityFrameworkCore.Database.Command[20101]
      Executed DbCommand (0ms) [Parameters=[], CommandType='Text', CommandTimeout='30']
      INSERT INTO "DifficultyLevels" ("Id", "Description", "DisplayOrder", "IsActive", "Value")
      VALUES ('3e27f9a7-d5a5-4f8e-8a76-6de2d23c9a3c', 'Suitable for those with significant fitness experience', 3, TRUE, 'Advanced');
      INSERT INTO "DifficultyLevels" ("Id", "Description", "DisplayOrder", "IsActive", "Value")
      VALUES ('8a8adb1d-24d2-4979-a5a6-0d760e6da24b', 'Suitable for those new to fitness', 1, TRUE, 'Beginner');
      INSERT INTO "DifficultyLevels" ("Id", "Description", "DisplayOrder", "IsActive", "Value")
      VALUES ('9c7b59a4-bcd8-48a6-971a-cd67b0a7ab5a', 'Suitable for those with some fitness experience', 2, TRUE, 'Intermediate');
dbug: Microsoft.EntityFrameworkCore.Database.Command[20103]
      Creating DbCommand for 'ExecuteNonQuery'.
dbug: Microsoft.EntityFrameworkCore.Database.Command[20104]
      Created DbCommand for 'ExecuteNonQuery' (0ms).
dbug: Microsoft.EntityFrameworkCore.Database.Command[20106]
      Initialized DbCommand for 'ExecuteNonQuery' (0ms).
dbug: Microsoft.EntityFrameworkCore.Database.Command[20100]
      Executing DbCommand [Parameters=[], CommandType='Text', CommandTimeout='30']
      INSERT INTO "KineticChainTypes" ("Id", "Description", "DisplayOrder", "IsActive", "Value")
      VALUES ('2b3e7cb2-9a3e-4c9a-88d8-b7c019c90d1b', 'Exercises that work a single muscle group', 2, TRUE, 'Isolation');
      INSERT INTO "KineticChainTypes" ("Id", "Description", "DisplayOrder", "IsActive", "Value")
      VALUES ('f5d5a2de-9c4e-4b87-b8c3-5d1e17d0b1f4', 'Exercises that work multiple muscle groups', 1, TRUE, 'Compound');
info: Microsoft.EntityFrameworkCore.Database.Command[20101]
      Executed DbCommand (0ms) [Parameters=[], CommandType='Text', CommandTimeout='30']
      INSERT INTO "KineticChainTypes" ("Id", "Description", "DisplayOrder", "IsActive", "Value")
      VALUES ('2b3e7cb2-9a3e-4c9a-88d8-b7c019c90d1b', 'Exercises that work a single muscle group', 2, TRUE, 'Isolation');
      INSERT INTO "KineticChainTypes" ("Id", "Description", "DisplayOrder", "IsActive", "Value")
      VALUES ('f5d5a2de-9c4e-4b87-b8c3-5d1e17d0b1f4', 'Exercises that work multiple muscle groups', 1, TRUE, 'Compound');
info: 7/12/2025 16:16:35.804 RelationalEventId.CommandExecuted[20101] (Microsoft.EntityFrameworkCore.Database.Command) 
      Executed DbCommand (0ms) [Parameters=[], CommandType='Text', CommandTimeout='30']
      INSERT INTO "KineticChainTypes" ("Id", "Description", "DisplayOrder", "IsActive", "Value")
      VALUES ('2b3e7cb2-9a3e-4c9a-88d8-b7c019c90d1b', 'Exercises that work a single muscle group', 2, TRUE, 'Isolation');
      INSERT INTO "KineticChainTypes" ("Id", "Description", "DisplayOrder", "IsActive", "Value")
      VALUES ('f5d5a2de-9c4e-4b87-b8c3-5d1e17d0b1f4', 'Exercises that work multiple muscle groups', 1, TRUE, 'Compound');
dbug: Microsoft.EntityFrameworkCore.Database.Command[20103]
      Creating DbCommand for 'ExecuteNonQuery'.
dbug: Microsoft.EntityFrameworkCore.Database.Command[20104]
      Created DbCommand for 'ExecuteNonQuery' (0ms).
dbug: Microsoft.EntityFrameworkCore.Database.Command[20106]
      Initialized DbCommand for 'ExecuteNonQuery' (0ms).
dbug: Microsoft.EntityFrameworkCore.Database.Command[20100]
      Executing DbCommand [Parameters=[], CommandType='Text', CommandTimeout='30']
      INSERT INTO "MuscleRoles" ("Id", "Description", "DisplayOrder", "IsActive", "Value")
      VALUES ('1a2b3c4d-5e6f-7a8b-9c0d-1e2f3a4b5c6d', 'A muscle that helps stabilize the body during the exercise', 3, TRUE, 'Stabilizer');
      INSERT INTO "MuscleRoles" ("Id", "Description", "DisplayOrder", "IsActive", "Value")
      VALUES ('5d8e9a7b-3c2d-4f6a-9b8c-1e5d7f3a2c9b', 'The main muscle targeted by the exercise', 1, TRUE, 'Primary');
      INSERT INTO "MuscleRoles" ("Id", "Description", "DisplayOrder", "IsActive", "Value")
      VALUES ('8c7d6b5a-4e3f-2a1b-9c8d-7e6f5d4c3b2a', 'A muscle that assists in the exercise', 2, TRUE, 'Secondary');
info: Microsoft.EntityFrameworkCore.Database.Command[20101]
      Executed DbCommand (0ms) [Parameters=[], CommandType='Text', CommandTimeout='30']
      CREATE INDEX "IX_ExerciseTargetedMuscles_MuscleRoleId" ON "ExerciseTargetedMuscles" ("MuscleRoleId");
info: 7/12/2025 16:16:35.805 RelationalEventId.CommandExecuted[20101] (Microsoft.EntityFrameworkCore.Database.Command) 
      Executed DbCommand (0ms) [Parameters=[], CommandType='Text', CommandTimeout='30']
      CREATE INDEX "IX_ExerciseTargetedMuscles_MuscleRoleId" ON "ExerciseTargetedMuscles" ("MuscleRoleId");
dbug: Microsoft.EntityFrameworkCore.Database.Command[20103]
      Creating DbCommand for 'ExecuteNonQuery'.
dbug: Microsoft.EntityFrameworkCore.Database.Command[20104]
      Created DbCommand for 'ExecuteNonQuery' (0ms).
dbug: Microsoft.EntityFrameworkCore.Database.Command[20106]
      Initialized DbCommand for 'ExecuteNonQuery' (0ms).
dbug: Microsoft.EntityFrameworkCore.Database.Command[20100]
      Executing DbCommand [Parameters=[], CommandType='Text', CommandTimeout='30']
      CREATE INDEX "IX_Exercises_DifficultyLevelId" ON "Exercises" ("DifficultyLevelId");
info: Microsoft.EntityFrameworkCore.Database.Command[20101]
      Executed DbCommand (0ms) [Parameters=[], CommandType='Text', CommandTimeout='30']
      INSERT INTO "MuscleRoles" ("Id", "Description", "DisplayOrder", "IsActive", "Value")
      VALUES ('1a2b3c4d-5e6f-7a8b-9c0d-1e2f3a4b5c6d', 'A muscle that helps stabilize the body during the exercise', 3, TRUE, 'Stabilizer');
      INSERT INTO "MuscleRoles" ("Id", "Description", "DisplayOrder", "IsActive", "Value")
      VALUES ('5d8e9a7b-3c2d-4f6a-9b8c-1e5d7f3a2c9b', 'The main muscle targeted by the exercise', 1, TRUE, 'Primary');
      INSERT INTO "MuscleRoles" ("Id", "Description", "DisplayOrder", "IsActive", "Value")
      VALUES ('8c7d6b5a-4e3f-2a1b-9c8d-7e6f5d4c3b2a', 'A muscle that assists in the exercise', 2, TRUE, 'Secondary');
info: 7/12/2025 16:16:35.805 RelationalEventId.CommandExecuted[20101] (Microsoft.EntityFrameworkCore.Database.Command) 
      Executed DbCommand (0ms) [Parameters=[], CommandType='Text', CommandTimeout='30']
      INSERT INTO "MuscleRoles" ("Id", "Description", "DisplayOrder", "IsActive", "Value")
      VALUES ('1a2b3c4d-5e6f-7a8b-9c0d-1e2f3a4b5c6d', 'A muscle that helps stabilize the body during the exercise', 3, TRUE, 'Stabilizer');
      INSERT INTO "MuscleRoles" ("Id", "Description", "DisplayOrder", "IsActive", "Value")
      VALUES ('5d8e9a7b-3c2d-4f6a-9b8c-1e5d7f3a2c9b', 'The main muscle targeted by the exercise', 1, TRUE, 'Primary');
      INSERT INTO "MuscleRoles" ("Id", "Description", "DisplayOrder", "IsActive", "Value")
      VALUES ('8c7d6b5a-4e3f-2a1b-9c8d-7e6f5d4c3b2a', 'A muscle that assists in the exercise', 2, TRUE, 'Secondary');
dbug: Microsoft.EntityFrameworkCore.Database.Command[20103]
      Creating DbCommand for 'ExecuteNonQuery'.
dbug: Microsoft.EntityFrameworkCore.Database.Command[20104]
      Created DbCommand for 'ExecuteNonQuery' (0ms).
dbug: Microsoft.EntityFrameworkCore.Database.Command[20106]
      Initialized DbCommand for 'ExecuteNonQuery' (0ms).
dbug: Microsoft.EntityFrameworkCore.Database.Command[20100]
      Executing DbCommand [Parameters=[], CommandType='Text', CommandTimeout='30']
      CREATE INDEX "IX_MuscleGroups_BodyPartId" ON "MuscleGroups" ("BodyPartId");
info: Microsoft.EntityFrameworkCore.Database.Command[20101]
      Executed DbCommand (0ms) [Parameters=[], CommandType='Text', CommandTimeout='30']
      CREATE INDEX "IX_Exercises_DifficultyLevelId" ON "Exercises" ("DifficultyLevelId");
info: 7/12/2025 16:16:35.805 RelationalEventId.CommandExecuted[20101] (Microsoft.EntityFrameworkCore.Database.Command) 
      Executed DbCommand (0ms) [Parameters=[], CommandType='Text', CommandTimeout='30']
      CREATE INDEX "IX_Exercises_DifficultyLevelId" ON "Exercises" ("DifficultyLevelId");
dbug: Microsoft.EntityFrameworkCore.Database.Command[20103]
      Creating DbCommand for 'ExecuteNonQuery'.
dbug: Microsoft.EntityFrameworkCore.Database.Command[20104]
      Created DbCommand for 'ExecuteNonQuery' (0ms).
dbug: Microsoft.EntityFrameworkCore.Database.Command[20106]
      Initialized DbCommand for 'ExecuteNonQuery' (0ms).
dbug: Microsoft.EntityFrameworkCore.Database.Command[20100]
      Executing DbCommand [Parameters=[], CommandType='Text', CommandTimeout='30']
      CREATE INDEX "IX_Exercises_KineticChainTypeId" ON "Exercises" ("KineticChainTypeId");
info: Microsoft.EntityFrameworkCore.Database.Command[20101]
      Executed DbCommand (0ms) [Parameters=[], CommandType='Text', CommandTimeout='30']
      CREATE INDEX "IX_MuscleGroups_BodyPartId" ON "MuscleGroups" ("BodyPartId");
info: 7/12/2025 16:16:35.805 RelationalEventId.CommandExecuted[20101] (Microsoft.EntityFrameworkCore.Database.Command) 
      Executed DbCommand (0ms) [Parameters=[], CommandType='Text', CommandTimeout='30']
      CREATE INDEX "IX_MuscleGroups_BodyPartId" ON "MuscleGroups" ("BodyPartId");
dbug: Microsoft.EntityFrameworkCore.Database.Command[20103]
      Creating DbCommand for 'ExecuteNonQuery'.
dbug: Microsoft.EntityFrameworkCore.Database.Command[20104]
      Created DbCommand for 'ExecuteNonQuery' (0ms).
dbug: Microsoft.EntityFrameworkCore.Database.Command[20106]
      Initialized DbCommand for 'ExecuteNonQuery' (0ms).
dbug: Microsoft.EntityFrameworkCore.Database.Command[20100]
      Executing DbCommand [Parameters=[], CommandType='Text', CommandTimeout='30']
      CREATE INDEX "IX_ExerciseTargetedMuscles_MuscleRoleId" ON "ExerciseTargetedMuscles" ("MuscleRoleId");
info: Microsoft.EntityFrameworkCore.Database.Command[20101]
      Executed DbCommand (0ms) [Parameters=[], CommandType='Text', CommandTimeout='30']
      CREATE INDEX "IX_Exercises_KineticChainTypeId" ON "Exercises" ("KineticChainTypeId");
info: 7/12/2025 16:16:35.805 RelationalEventId.CommandExecuted[20101] (Microsoft.EntityFrameworkCore.Database.Command) 
      Executed DbCommand (0ms) [Parameters=[], CommandType='Text', CommandTimeout='30']
      CREATE INDEX "IX_Exercises_KineticChainTypeId" ON "Exercises" ("KineticChainTypeId");
dbug: Microsoft.EntityFrameworkCore.Database.Command[20103]
      Creating DbCommand for 'ExecuteNonQuery'.
dbug: Microsoft.EntityFrameworkCore.Database.Command[20104]
      Created DbCommand for 'ExecuteNonQuery' (0ms).
dbug: Microsoft.EntityFrameworkCore.Database.Command[20106]
      Initialized DbCommand for 'ExecuteNonQuery' (0ms).
dbug: Microsoft.EntityFrameworkCore.Database.Command[20100]
      Executing DbCommand [Parameters=[], CommandType='Text', CommandTimeout='30']
      ALTER TABLE "Exercises" ADD CONSTRAINT "FK_Exercises_DifficultyLevels_DifficultyLevelId" FOREIGN KEY ("DifficultyLevelId") REFERENCES "DifficultyLevels" ("Id") ON DELETE CASCADE;
info: Microsoft.EntityFrameworkCore.Database.Command[20101]
      Executed DbCommand (0ms) [Parameters=[], CommandType='Text', CommandTimeout='30']
      CREATE INDEX "IX_ExerciseTargetedMuscles_MuscleRoleId" ON "ExerciseTargetedMuscles" ("MuscleRoleId");
info: 7/12/2025 16:16:35.806 RelationalEventId.CommandExecuted[20101] (Microsoft.EntityFrameworkCore.Database.Command) 
      Executed DbCommand (0ms) [Parameters=[], CommandType='Text', CommandTimeout='30']
      CREATE INDEX "IX_ExerciseTargetedMuscles_MuscleRoleId" ON "ExerciseTargetedMuscles" ("MuscleRoleId");
dbug: Microsoft.EntityFrameworkCore.Database.Command[20103]
      Creating DbCommand for 'ExecuteNonQuery'.
dbug: Microsoft.EntityFrameworkCore.Database.Command[20104]
      Created DbCommand for 'ExecuteNonQuery' (0ms).
dbug: Microsoft.EntityFrameworkCore.Database.Command[20106]
      Initialized DbCommand for 'ExecuteNonQuery' (0ms).
dbug: Microsoft.EntityFrameworkCore.Database.Command[20100]
      Executing DbCommand [Parameters=[], CommandType='Text', CommandTimeout='30']
      CREATE INDEX "IX_Exercises_DifficultyLevelId" ON "Exercises" ("DifficultyLevelId");
info: Microsoft.EntityFrameworkCore.Database.Command[20101]
      Executed DbCommand (0ms) [Parameters=[], CommandType='Text', CommandTimeout='30']
      CREATE INDEX "IX_Exercises_DifficultyLevelId" ON "Exercises" ("DifficultyLevelId");
info: 7/12/2025 16:16:35.806 RelationalEventId.CommandExecuted[20101] (Microsoft.EntityFrameworkCore.Database.Command) 
      Executed DbCommand (0ms) [Parameters=[], CommandType='Text', CommandTimeout='30']
      CREATE INDEX "IX_Exercises_DifficultyLevelId" ON "Exercises" ("DifficultyLevelId");
dbug: Microsoft.EntityFrameworkCore.Database.Command[20103]
      Creating DbCommand for 'ExecuteNonQuery'.
dbug: Microsoft.EntityFrameworkCore.Database.Command[20104]
      Created DbCommand for 'ExecuteNonQuery' (0ms).
dbug: Microsoft.EntityFrameworkCore.Database.Command[20106]
      Initialized DbCommand for 'ExecuteNonQuery' (0ms).
dbug: Microsoft.EntityFrameworkCore.Database.Command[20100]
      Executing DbCommand [Parameters=[], CommandType='Text', CommandTimeout='30']
      CREATE INDEX "IX_Exercises_KineticChainTypeId" ON "Exercises" ("KineticChainTypeId");
info: Microsoft.EntityFrameworkCore.Database.Command[20101]
      Executed DbCommand (1ms) [Parameters=[], CommandType='Text', CommandTimeout='30']
      ALTER TABLE "Exercises" ADD CONSTRAINT "FK_Exercises_DifficultyLevels_DifficultyLevelId" FOREIGN KEY ("DifficultyLevelId") REFERENCES "DifficultyLevels" ("Id") ON DELETE CASCADE;
info: 7/12/2025 16:16:35.806 RelationalEventId.CommandExecuted[20101] (Microsoft.EntityFrameworkCore.Database.Command) 
      Executed DbCommand (1ms) [Parameters=[], CommandType='Text', CommandTimeout='30']
      ALTER TABLE "Exercises" ADD CONSTRAINT "FK_Exercises_DifficultyLevels_DifficultyLevelId" FOREIGN KEY ("DifficultyLevelId") REFERENCES "DifficultyLevels" ("Id") ON DELETE CASCADE;
dbug: Microsoft.EntityFrameworkCore.Database.Command[20103]
      Creating DbCommand for 'ExecuteNonQuery'.
dbug: Microsoft.EntityFrameworkCore.Database.Command[20104]
      Created DbCommand for 'ExecuteNonQuery' (0ms).
dbug: Microsoft.EntityFrameworkCore.Database.Command[20106]
      Initialized DbCommand for 'ExecuteNonQuery' (0ms).
dbug: Microsoft.EntityFrameworkCore.Database.Command[20100]
      Executing DbCommand [Parameters=[], CommandType='Text', CommandTimeout='30']
      ALTER TABLE "Exercises" ADD CONSTRAINT "FK_Exercises_KineticChainTypes_KineticChainTypeId" FOREIGN KEY ("KineticChainTypeId") REFERENCES "KineticChainTypes" ("Id") ON DELETE CASCADE;
info: Microsoft.EntityFrameworkCore.Database.Command[20101]
      Executed DbCommand (0ms) [Parameters=[], CommandType='Text', CommandTimeout='30']
      CREATE INDEX "IX_Exercises_KineticChainTypeId" ON "Exercises" ("KineticChainTypeId");
info: 7/12/2025 16:16:35.806 RelationalEventId.CommandExecuted[20101] (Microsoft.EntityFrameworkCore.Database.Command) 
      Executed DbCommand (0ms) [Parameters=[], CommandType='Text', CommandTimeout='30']
      CREATE INDEX "IX_Exercises_KineticChainTypeId" ON "Exercises" ("KineticChainTypeId");
dbug: Microsoft.EntityFrameworkCore.Database.Command[20103]
      Creating DbCommand for 'ExecuteNonQuery'.
dbug: Microsoft.EntityFrameworkCore.Database.Command[20104]
      Created DbCommand for 'ExecuteNonQuery' (0ms).
dbug: Microsoft.EntityFrameworkCore.Database.Command[20106]
      Initialized DbCommand for 'ExecuteNonQuery' (0ms).
dbug: Microsoft.EntityFrameworkCore.Database.Command[20100]
      Executing DbCommand [Parameters=[], CommandType='Text', CommandTimeout='30']
      ALTER TABLE "Exercises" ADD CONSTRAINT "FK_Exercises_DifficultyLevels_DifficultyLevelId" FOREIGN KEY ("DifficultyLevelId") REFERENCES "DifficultyLevels" ("Id") ON DELETE CASCADE;
info: Microsoft.EntityFrameworkCore.Database.Command[20101]
      Executed DbCommand (1ms) [Parameters=[], CommandType='Text', CommandTimeout='30']
      ALTER TABLE "Exercises" ADD CONSTRAINT "FK_Exercises_DifficultyLevels_DifficultyLevelId" FOREIGN KEY ("DifficultyLevelId") REFERENCES "DifficultyLevels" ("Id") ON DELETE CASCADE;
info: 7/12/2025 16:16:35.807 RelationalEventId.CommandExecuted[20101] (Microsoft.EntityFrameworkCore.Database.Command) 
      Executed DbCommand (1ms) [Parameters=[], CommandType='Text', CommandTimeout='30']
      ALTER TABLE "Exercises" ADD CONSTRAINT "FK_Exercises_DifficultyLevels_DifficultyLevelId" FOREIGN KEY ("DifficultyLevelId") REFERENCES "DifficultyLevels" ("Id") ON DELETE CASCADE;
dbug: Microsoft.EntityFrameworkCore.Database.Command[20103]
      Creating DbCommand for 'ExecuteNonQuery'.
dbug: Microsoft.EntityFrameworkCore.Database.Command[20104]
      Created DbCommand for 'ExecuteNonQuery' (0ms).
dbug: Microsoft.EntityFrameworkCore.Database.Command[20106]
      Initialized DbCommand for 'ExecuteNonQuery' (0ms).
dbug: Microsoft.EntityFrameworkCore.Database.Command[20100]
      Executing DbCommand [Parameters=[], CommandType='Text', CommandTimeout='30']
      ALTER TABLE "Exercises" ADD CONSTRAINT "FK_Exercises_KineticChainTypes_KineticChainTypeId" FOREIGN KEY ("KineticChainTypeId") REFERENCES "KineticChainTypes" ("Id") ON DELETE CASCADE;
info: Microsoft.EntityFrameworkCore.Database.Command[20101]
      Executed DbCommand (1ms) [Parameters=[], CommandType='Text', CommandTimeout='30']
      ALTER TABLE "Exercises" ADD CONSTRAINT "FK_Exercises_KineticChainTypes_KineticChainTypeId" FOREIGN KEY ("KineticChainTypeId") REFERENCES "KineticChainTypes" ("Id") ON DELETE CASCADE;
info: 7/12/2025 16:16:35.807 RelationalEventId.CommandExecuted[20101] (Microsoft.EntityFrameworkCore.Database.Command) 
      Executed DbCommand (1ms) [Parameters=[], CommandType='Text', CommandTimeout='30']
      ALTER TABLE "Exercises" ADD CONSTRAINT "FK_Exercises_KineticChainTypes_KineticChainTypeId" FOREIGN KEY ("KineticChainTypeId") REFERENCES "KineticChainTypes" ("Id") ON DELETE CASCADE;
dbug: Microsoft.EntityFrameworkCore.Database.Command[20103]
      Creating DbCommand for 'ExecuteNonQuery'.
dbug: Microsoft.EntityFrameworkCore.Database.Command[20104]
      Created DbCommand for 'ExecuteNonQuery' (0ms).
dbug: Microsoft.EntityFrameworkCore.Database.Command[20106]
      Initialized DbCommand for 'ExecuteNonQuery' (0ms).
dbug: Microsoft.EntityFrameworkCore.Database.Command[20100]
      Executing DbCommand [Parameters=[], CommandType='Text', CommandTimeout='30']
      ALTER TABLE "ExerciseTargetedMuscles" ADD CONSTRAINT "FK_ExerciseTargetedMuscles_MuscleRoles_MuscleRoleId" FOREIGN KEY ("MuscleRoleId") REFERENCES "MuscleRoles" ("Id") ON DELETE CASCADE;
info: Microsoft.EntityFrameworkCore.Database.Command[20101]
      Executed DbCommand (1ms) [Parameters=[], CommandType='Text', CommandTimeout='30']
      ALTER TABLE "Exercises" ADD CONSTRAINT "FK_Exercises_KineticChainTypes_KineticChainTypeId" FOREIGN KEY ("KineticChainTypeId") REFERENCES "KineticChainTypes" ("Id") ON DELETE CASCADE;
info: 7/12/2025 16:16:35.808 RelationalEventId.CommandExecuted[20101] (Microsoft.EntityFrameworkCore.Database.Command) 
      Executed DbCommand (1ms) [Parameters=[], CommandType='Text', CommandTimeout='30']
      ALTER TABLE "Exercises" ADD CONSTRAINT "FK_Exercises_KineticChainTypes_KineticChainTypeId" FOREIGN KEY ("KineticChainTypeId") REFERENCES "KineticChainTypes" ("Id") ON DELETE CASCADE;
dbug: Microsoft.EntityFrameworkCore.Database.Command[20103]
      Creating DbCommand for 'ExecuteNonQuery'.
dbug: Microsoft.EntityFrameworkCore.Database.Command[20104]
      Created DbCommand for 'ExecuteNonQuery' (0ms).
dbug: Microsoft.EntityFrameworkCore.Database.Command[20106]
      Initialized DbCommand for 'ExecuteNonQuery' (0ms).
dbug: Microsoft.EntityFrameworkCore.Database.Command[20100]
      Executing DbCommand [Parameters=[], CommandType='Text', CommandTimeout='30']
      ALTER TABLE "ExerciseTargetedMuscles" ADD CONSTRAINT "FK_ExerciseTargetedMuscles_MuscleRoles_MuscleRoleId" FOREIGN KEY ("MuscleRoleId") REFERENCES "MuscleRoles" ("Id") ON DELETE CASCADE;
info: Microsoft.EntityFrameworkCore.Database.Command[20101]
      Executed DbCommand (1ms) [Parameters=[], CommandType='Text', CommandTimeout='30']
      ALTER TABLE "ExerciseTargetedMuscles" ADD CONSTRAINT "FK_ExerciseTargetedMuscles_MuscleRoles_MuscleRoleId" FOREIGN KEY ("MuscleRoleId") REFERENCES "MuscleRoles" ("Id") ON DELETE CASCADE;
info: 7/12/2025 16:16:35.808 RelationalEventId.CommandExecuted[20101] (Microsoft.EntityFrameworkCore.Database.Command) 
      Executed DbCommand (1ms) [Parameters=[], CommandType='Text', CommandTimeout='30']
      ALTER TABLE "ExerciseTargetedMuscles" ADD CONSTRAINT "FK_ExerciseTargetedMuscles_MuscleRoles_MuscleRoleId" FOREIGN KEY ("MuscleRoleId") REFERENCES "MuscleRoles" ("Id") ON DELETE CASCADE;
dbug: Microsoft.EntityFrameworkCore.Database.Command[20103]
      Creating DbCommand for 'ExecuteNonQuery'.
dbug: Microsoft.EntityFrameworkCore.Database.Command[20104]
      Created DbCommand for 'ExecuteNonQuery' (0ms).
dbug: Microsoft.EntityFrameworkCore.Database.Command[20106]
      Initialized DbCommand for 'ExecuteNonQuery' (0ms).
dbug: Microsoft.EntityFrameworkCore.Database.Command[20100]
      Executing DbCommand [Parameters=[], CommandType='Text', CommandTimeout='30']
      ALTER TABLE "MuscleGroups" ADD CONSTRAINT "FK_MuscleGroups_BodyParts_BodyPartId" FOREIGN KEY ("BodyPartId") REFERENCES "BodyParts" ("Id") ON DELETE CASCADE;
info: Microsoft.EntityFrameworkCore.Database.Command[20101]
      Executed DbCommand (1ms) [Parameters=[], CommandType='Text', CommandTimeout='30']
      ALTER TABLE "ExerciseTargetedMuscles" ADD CONSTRAINT "FK_ExerciseTargetedMuscles_MuscleRoles_MuscleRoleId" FOREIGN KEY ("MuscleRoleId") REFERENCES "MuscleRoles" ("Id") ON DELETE CASCADE;
info: 7/12/2025 16:16:35.809 RelationalEventId.CommandExecuted[20101] (Microsoft.EntityFrameworkCore.Database.Command) 
      Executed DbCommand (1ms) [Parameters=[], CommandType='Text', CommandTimeout='30']
      ALTER TABLE "ExerciseTargetedMuscles" ADD CONSTRAINT "FK_ExerciseTargetedMuscles_MuscleRoles_MuscleRoleId" FOREIGN KEY ("MuscleRoleId") REFERENCES "MuscleRoles" ("Id") ON DELETE CASCADE;
dbug: Microsoft.EntityFrameworkCore.Database.Command[20103]
      Creating DbCommand for 'ExecuteNonQuery'.
dbug: Microsoft.EntityFrameworkCore.Database.Command[20104]
      Created DbCommand for 'ExecuteNonQuery' (0ms).
dbug: Microsoft.EntityFrameworkCore.Database.Command[20106]
      Initialized DbCommand for 'ExecuteNonQuery' (0ms).
dbug: Microsoft.EntityFrameworkCore.Database.Command[20100]
      Executing DbCommand [Parameters=[], CommandType='Text', CommandTimeout='30']
      ALTER TABLE "MuscleGroups" ADD CONSTRAINT "FK_MuscleGroups_BodyParts_BodyPartId" FOREIGN KEY ("BodyPartId") REFERENCES "BodyParts" ("Id") ON DELETE CASCADE;
info: Microsoft.EntityFrameworkCore.Database.Command[20101]
      Executed DbCommand (1ms) [Parameters=[], CommandType='Text', CommandTimeout='30']
      ALTER TABLE "MuscleGroups" ADD CONSTRAINT "FK_MuscleGroups_BodyParts_BodyPartId" FOREIGN KEY ("BodyPartId") REFERENCES "BodyParts" ("Id") ON DELETE CASCADE;
info: Microsoft.EntityFrameworkCore.Database.Command[20101]
      Executed DbCommand (1ms) [Parameters=[], CommandType='Text', CommandTimeout='30']
      ALTER TABLE "MuscleGroups" ADD CONSTRAINT "FK_MuscleGroups_BodyParts_BodyPartId" FOREIGN KEY ("BodyPartId") REFERENCES "BodyParts" ("Id") ON DELETE CASCADE;
info: 7/12/2025 16:16:35.809 RelationalEventId.CommandExecuted[20101] (Microsoft.EntityFrameworkCore.Database.Command) 
      Executed DbCommand (1ms) [Parameters=[], CommandType='Text', CommandTimeout='30']
      ALTER TABLE "MuscleGroups" ADD CONSTRAINT "FK_MuscleGroups_BodyParts_BodyPartId" FOREIGN KEY ("BodyPartId") REFERENCES "BodyParts" ("Id") ON DELETE CASCADE;
dbug: Microsoft.EntityFrameworkCore.Database.Command[20103]
      Creating DbCommand for 'ExecuteNonQuery'.
info: 7/12/2025 16:16:35.809 RelationalEventId.CommandExecuted[20101] (Microsoft.EntityFrameworkCore.Database.Command) 
      Executed DbCommand (1ms) [Parameters=[], CommandType='Text', CommandTimeout='30']
      ALTER TABLE "MuscleGroups" ADD CONSTRAINT "FK_MuscleGroups_BodyParts_BodyPartId" FOREIGN KEY ("BodyPartId") REFERENCES "BodyParts" ("Id") ON DELETE CASCADE;
dbug: Microsoft.EntityFrameworkCore.Database.Command[20104]
      Created DbCommand for 'ExecuteNonQuery' (0ms).
dbug: Microsoft.EntityFrameworkCore.Database.Command[20106]
      Initialized DbCommand for 'ExecuteNonQuery' (0ms).
dbug: Microsoft.EntityFrameworkCore.Database.Command[20100]
      Executing DbCommand [Parameters=[], CommandType='Text', CommandTimeout='30']
      INSERT INTO "__EFMigrationsHistory" ("MigrationId", "ProductVersion")
      VALUES ('20250624084158_ReplaceEnumsWithReferenceData', '9.0.6');
dbug: Microsoft.EntityFrameworkCore.Database.Command[20103]
      Creating DbCommand for 'ExecuteNonQuery'.
dbug: Microsoft.EntityFrameworkCore.Database.Command[20104]
      Created DbCommand for 'ExecuteNonQuery' (0ms).
dbug: Microsoft.EntityFrameworkCore.Database.Command[20106]
      Initialized DbCommand for 'ExecuteNonQuery' (0ms).
dbug: Microsoft.EntityFrameworkCore.Database.Command[20100]
      Executing DbCommand [Parameters=[], CommandType='Text', CommandTimeout='30']
      INSERT INTO "__EFMigrationsHistory" ("MigrationId", "ProductVersion")
      VALUES ('20250624084158_ReplaceEnumsWithReferenceData', '9.0.6');
info: Microsoft.EntityFrameworkCore.Database.Command[20101]
      Executed DbCommand (0ms) [Parameters=[], CommandType='Text', CommandTimeout='30']
      INSERT INTO "__EFMigrationsHistory" ("MigrationId", "ProductVersion")
      VALUES ('20250624084158_ReplaceEnumsWithReferenceData', '9.0.6');
info: 7/12/2025 16:16:35.809 RelationalEventId.CommandExecuted[20101] (Microsoft.EntityFrameworkCore.Database.Command) 
      Executed DbCommand (0ms) [Parameters=[], CommandType='Text', CommandTimeout='30']
      INSERT INTO "__EFMigrationsHistory" ("MigrationId", "ProductVersion")
      VALUES ('20250624084158_ReplaceEnumsWithReferenceData', '9.0.6');
info: Microsoft.EntityFrameworkCore.Migrations[20402]
      Applying migration '20250625121656_AddUserAndClaimEntities'.
info: 7/12/2025 16:16:35.809 RelationalEventId.MigrationApplying[20402] (Microsoft.EntityFrameworkCore.Migrations) 
      Applying migration '20250625121656_AddUserAndClaimEntities'.
info: Microsoft.EntityFrameworkCore.Database.Command[20101]
      Executed DbCommand (0ms) [Parameters=[], CommandType='Text', CommandTimeout='30']
      INSERT INTO "__EFMigrationsHistory" ("MigrationId", "ProductVersion")
      VALUES ('20250624084158_ReplaceEnumsWithReferenceData', '9.0.6');
info: 7/12/2025 16:16:35.809 RelationalEventId.CommandExecuted[20101] (Microsoft.EntityFrameworkCore.Database.Command) 
      Executed DbCommand (0ms) [Parameters=[], CommandType='Text', CommandTimeout='30']
      INSERT INTO "__EFMigrationsHistory" ("MigrationId", "ProductVersion")
      VALUES ('20250624084158_ReplaceEnumsWithReferenceData', '9.0.6');
info: Microsoft.EntityFrameworkCore.Migrations[20402]
      Applying migration '20250625121656_AddUserAndClaimEntities'.
info: 7/12/2025 16:16:35.810 RelationalEventId.MigrationApplying[20402] (Microsoft.EntityFrameworkCore.Migrations) 
      Applying migration '20250625121656_AddUserAndClaimEntities'.
dbug: Microsoft.EntityFrameworkCore.Database.Command[20103]
      Creating DbCommand for 'ExecuteNonQuery'.
dbug: Microsoft.EntityFrameworkCore.Database.Command[20103]
      Creating DbCommand for 'ExecuteNonQuery'.
dbug: Microsoft.EntityFrameworkCore.Database.Command[20104]
      Created DbCommand for 'ExecuteNonQuery' (0ms).
dbug: Microsoft.EntityFrameworkCore.Database.Command[20106]
      Initialized DbCommand for 'ExecuteNonQuery' (0ms).
dbug: Microsoft.EntityFrameworkCore.Database.Command[20104]
      Created DbCommand for 'ExecuteNonQuery' (0ms).
dbug: Microsoft.EntityFrameworkCore.Database.Command[20106]
      Initialized DbCommand for 'ExecuteNonQuery' (0ms).
dbug: Microsoft.EntityFrameworkCore.Database.Command[20100]
      Executing DbCommand [Parameters=[], CommandType='Text', CommandTimeout='30']
      ALTER TABLE "Users" DROP COLUMN "Username";
dbug: Microsoft.EntityFrameworkCore.Database.Command[20100]
      Executing DbCommand [Parameters=[], CommandType='Text', CommandTimeout='30']
      ALTER TABLE "Users" DROP COLUMN "Username";
info: Microsoft.EntityFrameworkCore.Database.Command[20101]
      Executed DbCommand (0ms) [Parameters=[], CommandType='Text', CommandTimeout='30']
      ALTER TABLE "Users" DROP COLUMN "Username";
info: 7/12/2025 16:16:35.815 RelationalEventId.CommandExecuted[20101] (Microsoft.EntityFrameworkCore.Database.Command) 
      Executed DbCommand (0ms) [Parameters=[], CommandType='Text', CommandTimeout='30']
      ALTER TABLE "Users" DROP COLUMN "Username";
dbug: Microsoft.EntityFrameworkCore.Database.Command[20103]
      Creating DbCommand for 'ExecuteNonQuery'.
dbug: Microsoft.EntityFrameworkCore.Database.Command[20104]
      Created DbCommand for 'ExecuteNonQuery' (0ms).
dbug: Microsoft.EntityFrameworkCore.Database.Command[20106]
      Initialized DbCommand for 'ExecuteNonQuery' (0ms).
dbug: Microsoft.EntityFrameworkCore.Database.Command[20100]
      Executing DbCommand [Parameters=[], CommandType='Text', CommandTimeout='30']
      CREATE TABLE "Claims" (
          "Id" uuid NOT NULL,
          "UserId" uuid NOT NULL,
          "ClaimType" text NOT NULL,
          "ExpirationDate" timestamp with time zone,
          "Resource" text,
          CONSTRAINT "PK_Claims" PRIMARY KEY ("Id"),
          CONSTRAINT "FK_Claims_Users_UserId" FOREIGN KEY ("UserId") REFERENCES "Users" ("Id") ON DELETE CASCADE
      );
info: Microsoft.EntityFrameworkCore.Database.Command[20101]
      Executed DbCommand (0ms) [Parameters=[], CommandType='Text', CommandTimeout='30']
      ALTER TABLE "Users" DROP COLUMN "Username";
info: 7/12/2025 16:16:35.815 RelationalEventId.CommandExecuted[20101] (Microsoft.EntityFrameworkCore.Database.Command) 
      Executed DbCommand (0ms) [Parameters=[], CommandType='Text', CommandTimeout='30']
      ALTER TABLE "Users" DROP COLUMN "Username";
dbug: Microsoft.EntityFrameworkCore.Database.Command[20103]
      Creating DbCommand for 'ExecuteNonQuery'.
dbug: Microsoft.EntityFrameworkCore.Database.Command[20104]
      Created DbCommand for 'ExecuteNonQuery' (0ms).
dbug: Microsoft.EntityFrameworkCore.Database.Command[20106]
      Initialized DbCommand for 'ExecuteNonQuery' (0ms).
dbug: Microsoft.EntityFrameworkCore.Database.Command[20100]
      Executing DbCommand [Parameters=[], CommandType='Text', CommandTimeout='30']
      CREATE TABLE "Claims" (
          "Id" uuid NOT NULL,
          "UserId" uuid NOT NULL,
          "ClaimType" text NOT NULL,
          "ExpirationDate" timestamp with time zone,
          "Resource" text,
          CONSTRAINT "PK_Claims" PRIMARY KEY ("Id"),
          CONSTRAINT "FK_Claims_Users_UserId" FOREIGN KEY ("UserId") REFERENCES "Users" ("Id") ON DELETE CASCADE
      );
info: Microsoft.EntityFrameworkCore.Database.Command[20101]
      Executed DbCommand (1ms) [Parameters=[], CommandType='Text', CommandTimeout='30']
      CREATE TABLE "Claims" (
          "Id" uuid NOT NULL,
          "UserId" uuid NOT NULL,
          "ClaimType" text NOT NULL,
          "ExpirationDate" timestamp with time zone,
          "Resource" text,
          CONSTRAINT "PK_Claims" PRIMARY KEY ("Id"),
          CONSTRAINT "FK_Claims_Users_UserId" FOREIGN KEY ("UserId") REFERENCES "Users" ("Id") ON DELETE CASCADE
      );
info: 7/12/2025 16:16:35.817 RelationalEventId.CommandExecuted[20101] (Microsoft.EntityFrameworkCore.Database.Command) 
      Executed DbCommand (1ms) [Parameters=[], CommandType='Text', CommandTimeout='30']
      CREATE TABLE "Claims" (
          "Id" uuid NOT NULL,
          "UserId" uuid NOT NULL,
          "ClaimType" text NOT NULL,
          "ExpirationDate" timestamp with time zone,
          "Resource" text,
          CONSTRAINT "PK_Claims" PRIMARY KEY ("Id"),
          CONSTRAINT "FK_Claims_Users_UserId" FOREIGN KEY ("UserId") REFERENCES "Users" ("Id") ON DELETE CASCADE
      );
dbug: Microsoft.EntityFrameworkCore.Database.Command[20103]
      Creating DbCommand for 'ExecuteNonQuery'.
dbug: Microsoft.EntityFrameworkCore.Database.Command[20104]
      Created DbCommand for 'ExecuteNonQuery' (0ms).
dbug: Microsoft.EntityFrameworkCore.Database.Command[20106]
      Initialized DbCommand for 'ExecuteNonQuery' (0ms).
dbug: Microsoft.EntityFrameworkCore.Database.Command[20100]
      Executing DbCommand [Parameters=[], CommandType='Text', CommandTimeout='30']
      CREATE UNIQUE INDEX "IX_Users_Email" ON "Users" ("Email");
info: Microsoft.EntityFrameworkCore.Database.Command[20101]
      Executed DbCommand (1ms) [Parameters=[], CommandType='Text', CommandTimeout='30']
      CREATE TABLE "Claims" (
          "Id" uuid NOT NULL,
          "UserId" uuid NOT NULL,
          "ClaimType" text NOT NULL,
          "ExpirationDate" timestamp with time zone,
          "Resource" text,
          CONSTRAINT "PK_Claims" PRIMARY KEY ("Id"),
          CONSTRAINT "FK_Claims_Users_UserId" FOREIGN KEY ("UserId") REFERENCES "Users" ("Id") ON DELETE CASCADE
      );
info: 7/12/2025 16:16:35.817 RelationalEventId.CommandExecuted[20101] (Microsoft.EntityFrameworkCore.Database.Command) 
      Executed DbCommand (1ms) [Parameters=[], CommandType='Text', CommandTimeout='30']
      CREATE TABLE "Claims" (
          "Id" uuid NOT NULL,
          "UserId" uuid NOT NULL,
          "ClaimType" text NOT NULL,
          "ExpirationDate" timestamp with time zone,
          "Resource" text,
          CONSTRAINT "PK_Claims" PRIMARY KEY ("Id"),
          CONSTRAINT "FK_Claims_Users_UserId" FOREIGN KEY ("UserId") REFERENCES "Users" ("Id") ON DELETE CASCADE
      );
dbug: Microsoft.EntityFrameworkCore.Database.Command[20103]
      Creating DbCommand for 'ExecuteNonQuery'.
dbug: Microsoft.EntityFrameworkCore.Database.Command[20104]
      Created DbCommand for 'ExecuteNonQuery' (0ms).
dbug: Microsoft.EntityFrameworkCore.Database.Command[20106]
      Initialized DbCommand for 'ExecuteNonQuery' (0ms).
dbug: Microsoft.EntityFrameworkCore.Database.Command[20100]
      Executing DbCommand [Parameters=[], CommandType='Text', CommandTimeout='30']
      CREATE UNIQUE INDEX "IX_Users_Email" ON "Users" ("Email");
info: Microsoft.EntityFrameworkCore.Database.Command[20101]
      Executed DbCommand (0ms) [Parameters=[], CommandType='Text', CommandTimeout='30']
      CREATE UNIQUE INDEX "IX_Users_Email" ON "Users" ("Email");
info: 7/12/2025 16:16:35.817 RelationalEventId.CommandExecuted[20101] (Microsoft.EntityFrameworkCore.Database.Command) 
      Executed DbCommand (0ms) [Parameters=[], CommandType='Text', CommandTimeout='30']
      CREATE UNIQUE INDEX "IX_Users_Email" ON "Users" ("Email");
dbug: Microsoft.EntityFrameworkCore.Database.Command[20103]
      Creating DbCommand for 'ExecuteNonQuery'.
dbug: Microsoft.EntityFrameworkCore.Database.Command[20104]
      Created DbCommand for 'ExecuteNonQuery' (0ms).
dbug: Microsoft.EntityFrameworkCore.Database.Command[20106]
      Initialized DbCommand for 'ExecuteNonQuery' (0ms).
dbug: Microsoft.EntityFrameworkCore.Database.Command[20100]
      Executing DbCommand [Parameters=[], CommandType='Text', CommandTimeout='30']
      CREATE INDEX "IX_Claims_UserId" ON "Claims" ("UserId");
info: Microsoft.EntityFrameworkCore.Database.Command[20101]
      Executed DbCommand (0ms) [Parameters=[], CommandType='Text', CommandTimeout='30']
      CREATE UNIQUE INDEX "IX_Users_Email" ON "Users" ("Email");
info: 7/12/2025 16:16:35.817 RelationalEventId.CommandExecuted[20101] (Microsoft.EntityFrameworkCore.Database.Command) 
      Executed DbCommand (0ms) [Parameters=[], CommandType='Text', CommandTimeout='30']
      CREATE UNIQUE INDEX "IX_Users_Email" ON "Users" ("Email");
dbug: Microsoft.EntityFrameworkCore.Database.Command[20103]
      Creating DbCommand for 'ExecuteNonQuery'.
dbug: Microsoft.EntityFrameworkCore.Database.Command[20104]
      Created DbCommand for 'ExecuteNonQuery' (0ms).
dbug: Microsoft.EntityFrameworkCore.Database.Command[20106]
      Initialized DbCommand for 'ExecuteNonQuery' (0ms).
dbug: Microsoft.EntityFrameworkCore.Database.Command[20100]
      Executing DbCommand [Parameters=[], CommandType='Text', CommandTimeout='30']
      CREATE INDEX "IX_Claims_UserId" ON "Claims" ("UserId");
info: Microsoft.EntityFrameworkCore.Database.Command[20101]
      Executed DbCommand (0ms) [Parameters=[], CommandType='Text', CommandTimeout='30']
      CREATE INDEX "IX_Claims_UserId" ON "Claims" ("UserId");
info: 7/12/2025 16:16:35.817 RelationalEventId.CommandExecuted[20101] (Microsoft.EntityFrameworkCore.Database.Command) 
      Executed DbCommand (0ms) [Parameters=[], CommandType='Text', CommandTimeout='30']
      CREATE INDEX "IX_Claims_UserId" ON "Claims" ("UserId");
dbug: Microsoft.EntityFrameworkCore.Database.Command[20103]
      Creating DbCommand for 'ExecuteNonQuery'.
dbug: Microsoft.EntityFrameworkCore.Database.Command[20104]
      Created DbCommand for 'ExecuteNonQuery' (0ms).
dbug: Microsoft.EntityFrameworkCore.Database.Command[20106]
      Initialized DbCommand for 'ExecuteNonQuery' (0ms).
dbug: Microsoft.EntityFrameworkCore.Database.Command[20100]
      Executing DbCommand [Parameters=[], CommandType='Text', CommandTimeout='30']
      INSERT INTO "__EFMigrationsHistory" ("MigrationId", "ProductVersion")
      VALUES ('20250625121656_AddUserAndClaimEntities', '9.0.6');
info: Microsoft.EntityFrameworkCore.Database.Command[20101]
      Executed DbCommand (0ms) [Parameters=[], CommandType='Text', CommandTimeout='30']
      CREATE INDEX "IX_Claims_UserId" ON "Claims" ("UserId");
info: 7/12/2025 16:16:35.817 RelationalEventId.CommandExecuted[20101] (Microsoft.EntityFrameworkCore.Database.Command) 
      Executed DbCommand (0ms) [Parameters=[], CommandType='Text', CommandTimeout='30']
      CREATE INDEX "IX_Claims_UserId" ON "Claims" ("UserId");
dbug: Microsoft.EntityFrameworkCore.Database.Command[20103]
      Creating DbCommand for 'ExecuteNonQuery'.
dbug: Microsoft.EntityFrameworkCore.Database.Command[20104]
      Created DbCommand for 'ExecuteNonQuery' (0ms).
dbug: Microsoft.EntityFrameworkCore.Database.Command[20106]
      Initialized DbCommand for 'ExecuteNonQuery' (0ms).
dbug: Microsoft.EntityFrameworkCore.Database.Command[20100]
      Executing DbCommand [Parameters=[], CommandType='Text', CommandTimeout='30']
      INSERT INTO "__EFMigrationsHistory" ("MigrationId", "ProductVersion")
      VALUES ('20250625121656_AddUserAndClaimEntities', '9.0.6');
info: Microsoft.EntityFrameworkCore.Database.Command[20101]
      Executed DbCommand (0ms) [Parameters=[], CommandType='Text', CommandTimeout='30']
      INSERT INTO "__EFMigrationsHistory" ("MigrationId", "ProductVersion")
      VALUES ('20250625121656_AddUserAndClaimEntities', '9.0.6');
info: 7/12/2025 16:16:35.818 RelationalEventId.CommandExecuted[20101] (Microsoft.EntityFrameworkCore.Database.Command) 
      Executed DbCommand (0ms) [Parameters=[], CommandType='Text', CommandTimeout='30']
      INSERT INTO "__EFMigrationsHistory" ("MigrationId", "ProductVersion")
      VALUES ('20250625121656_AddUserAndClaimEntities', '9.0.6');
info: Microsoft.EntityFrameworkCore.Migrations[20402]
      Applying migration '20250626223647_AddExerciseEntityWithRelationships'.
info: 7/12/2025 16:16:35.818 RelationalEventId.MigrationApplying[20402] (Microsoft.EntityFrameworkCore.Migrations) 
      Applying migration '20250626223647_AddExerciseEntityWithRelationships'.
info: Microsoft.EntityFrameworkCore.Database.Command[20101]
      Executed DbCommand (0ms) [Parameters=[], CommandType='Text', CommandTimeout='30']
      INSERT INTO "__EFMigrationsHistory" ("MigrationId", "ProductVersion")
      VALUES ('20250625121656_AddUserAndClaimEntities', '9.0.6');
info: 7/12/2025 16:16:35.818 RelationalEventId.CommandExecuted[20101] (Microsoft.EntityFrameworkCore.Database.Command) 
      Executed DbCommand (0ms) [Parameters=[], CommandType='Text', CommandTimeout='30']
      INSERT INTO "__EFMigrationsHistory" ("MigrationId", "ProductVersion")
      VALUES ('20250625121656_AddUserAndClaimEntities', '9.0.6');
info: Microsoft.EntityFrameworkCore.Migrations[20402]
      Applying migration '20250626223647_AddExerciseEntityWithRelationships'.
info: 7/12/2025 16:16:35.818 RelationalEventId.MigrationApplying[20402] (Microsoft.EntityFrameworkCore.Migrations) 
      Applying migration '20250626223647_AddExerciseEntityWithRelationships'.
dbug: Microsoft.EntityFrameworkCore.Database.Command[20103]
      Creating DbCommand for 'ExecuteNonQuery'.
dbug: Microsoft.EntityFrameworkCore.Database.Command[20104]
      Created DbCommand for 'ExecuteNonQuery' (0ms).
dbug: Microsoft.EntityFrameworkCore.Database.Command[20106]
      Initialized DbCommand for 'ExecuteNonQuery' (0ms).
dbug: Microsoft.EntityFrameworkCore.Database.Command[20100]
      Executing DbCommand [Parameters=[], CommandType='Text', CommandTimeout='30']
      ALTER TABLE "ExerciseMovementPatterns" DROP CONSTRAINT "FK_ExerciseMovementPatterns_MovementPatterns_PatternId";
dbug: Microsoft.EntityFrameworkCore.Database.Command[20103]
      Creating DbCommand for 'ExecuteNonQuery'.
dbug: Microsoft.EntityFrameworkCore.Database.Command[20104]
      Created DbCommand for 'ExecuteNonQuery' (0ms).
dbug: Microsoft.EntityFrameworkCore.Database.Command[20106]
      Initialized DbCommand for 'ExecuteNonQuery' (0ms).
dbug: Microsoft.EntityFrameworkCore.Database.Command[20100]
      Executing DbCommand [Parameters=[], CommandType='Text', CommandTimeout='30']
      ALTER TABLE "ExerciseMovementPatterns" DROP CONSTRAINT "FK_ExerciseMovementPatterns_MovementPatterns_PatternId";
info: Microsoft.EntityFrameworkCore.Database.Command[20101]
      Executed DbCommand (1ms) [Parameters=[], CommandType='Text', CommandTimeout='30']
      ALTER TABLE "ExerciseMovementPatterns" DROP CONSTRAINT "FK_ExerciseMovementPatterns_MovementPatterns_PatternId";
info: 7/12/2025 16:16:35.845 RelationalEventId.CommandExecuted[20101] (Microsoft.EntityFrameworkCore.Database.Command) 
      Executed DbCommand (1ms) [Parameters=[], CommandType='Text', CommandTimeout='30']
      ALTER TABLE "ExerciseMovementPatterns" DROP CONSTRAINT "FK_ExerciseMovementPatterns_MovementPatterns_PatternId";
dbug: Microsoft.EntityFrameworkCore.Database.Command[20103]
      Creating DbCommand for 'ExecuteNonQuery'.
dbug: Microsoft.EntityFrameworkCore.Database.Command[20104]
      Created DbCommand for 'ExecuteNonQuery' (0ms).
dbug: Microsoft.EntityFrameworkCore.Database.Command[20106]
      Initialized DbCommand for 'ExecuteNonQuery' (0ms).
dbug: Microsoft.EntityFrameworkCore.Database.Command[20100]
      Executing DbCommand [Parameters=[], CommandType='Text', CommandTimeout='30']
      ALTER TABLE "Exercises" DROP CONSTRAINT "FK_Exercises_DifficultyLevels_DifficultyLevelId";
info: Microsoft.EntityFrameworkCore.Database.Command[20101]
      Executed DbCommand (1ms) [Parameters=[], CommandType='Text', CommandTimeout='30']
      ALTER TABLE "ExerciseMovementPatterns" DROP CONSTRAINT "FK_ExerciseMovementPatterns_MovementPatterns_PatternId";
info: 7/12/2025 16:16:35.846 RelationalEventId.CommandExecuted[20101] (Microsoft.EntityFrameworkCore.Database.Command) 
      Executed DbCommand (1ms) [Parameters=[], CommandType='Text', CommandTimeout='30']
      ALTER TABLE "ExerciseMovementPatterns" DROP CONSTRAINT "FK_ExerciseMovementPatterns_MovementPatterns_PatternId";
dbug: Microsoft.EntityFrameworkCore.Database.Command[20103]
      Creating DbCommand for 'ExecuteNonQuery'.
dbug: Microsoft.EntityFrameworkCore.Database.Command[20104]
      Created DbCommand for 'ExecuteNonQuery' (0ms).
dbug: Microsoft.EntityFrameworkCore.Database.Command[20106]
      Initialized DbCommand for 'ExecuteNonQuery' (0ms).
dbug: Microsoft.EntityFrameworkCore.Database.Command[20100]
      Executing DbCommand [Parameters=[], CommandType='Text', CommandTimeout='30']
      ALTER TABLE "Exercises" DROP CONSTRAINT "FK_Exercises_DifficultyLevels_DifficultyLevelId";
info: 7/12/2025 16:16:35.846 RelationalEventId.CommandExecuted[20101] (Microsoft.EntityFrameworkCore.Database.Command) 
      Executed DbCommand (0ms) [Parameters=[], CommandType='Text', CommandTimeout='30']
      ALTER TABLE "Exercises" DROP CONSTRAINT "FK_Exercises_DifficultyLevels_DifficultyLevelId";
info: Microsoft.EntityFrameworkCore.Database.Command[20101]
      Executed DbCommand (0ms) [Parameters=[], CommandType='Text', CommandTimeout='30']
      ALTER TABLE "Exercises" DROP CONSTRAINT "FK_Exercises_DifficultyLevels_DifficultyLevelId";
dbug: Microsoft.EntityFrameworkCore.Database.Command[20103]
      Creating DbCommand for 'ExecuteNonQuery'.
dbug: Microsoft.EntityFrameworkCore.Database.Command[20104]
      Created DbCommand for 'ExecuteNonQuery' (0ms).
dbug: Microsoft.EntityFrameworkCore.Database.Command[20106]
      Initialized DbCommand for 'ExecuteNonQuery' (0ms).
dbug: Microsoft.EntityFrameworkCore.Database.Command[20100]
      Executing DbCommand [Parameters=[], CommandType='Text', CommandTimeout='30']
      ALTER TABLE "Exercises" DROP CONSTRAINT "FK_Exercises_KineticChainTypes_KineticChainTypeId";
info: Microsoft.EntityFrameworkCore.Database.Command[20101]
      Executed DbCommand (0ms) [Parameters=[], CommandType='Text', CommandTimeout='30']
      ALTER TABLE "Exercises" DROP CONSTRAINT "FK_Exercises_KineticChainTypes_KineticChainTypeId";
info: 7/12/2025 16:16:35.846 RelationalEventId.CommandExecuted[20101] (Microsoft.EntityFrameworkCore.Database.Command) 
      Executed DbCommand (0ms) [Parameters=[], CommandType='Text', CommandTimeout='30']
      ALTER TABLE "Exercises" DROP CONSTRAINT "FK_Exercises_KineticChainTypes_KineticChainTypeId";
dbug: Microsoft.EntityFrameworkCore.Database.Command[20103]
      Creating DbCommand for 'ExecuteNonQuery'.
dbug: Microsoft.EntityFrameworkCore.Database.Command[20104]
      Created DbCommand for 'ExecuteNonQuery' (0ms).
dbug: Microsoft.EntityFrameworkCore.Database.Command[20106]
      Initialized DbCommand for 'ExecuteNonQuery' (0ms).
dbug: Microsoft.EntityFrameworkCore.Database.Command[20100]
      Executing DbCommand [Parameters=[], CommandType='Text', CommandTimeout='30']
      ALTER TABLE "Exercises" RENAME COLUMN "DifficultyLevelId" TO "DifficultyId";
info: Microsoft.EntityFrameworkCore.Database.Command[20101]
      Executed DbCommand (0ms) [Parameters=[], CommandType='Text', CommandTimeout='30']
      ALTER TABLE "Exercises" RENAME COLUMN "DifficultyLevelId" TO "DifficultyId";
info: 7/12/2025 16:16:35.846 RelationalEventId.CommandExecuted[20101] (Microsoft.EntityFrameworkCore.Database.Command) 
      Executed DbCommand (0ms) [Parameters=[], CommandType='Text', CommandTimeout='30']
      ALTER TABLE "Exercises" RENAME COLUMN "DifficultyLevelId" TO "DifficultyId";
dbug: Microsoft.EntityFrameworkCore.Database.Command[20103]
      Creating DbCommand for 'ExecuteNonQuery'.
dbug: Microsoft.EntityFrameworkCore.Database.Command[20104]
      Created DbCommand for 'ExecuteNonQuery' (0ms).
dbug: Microsoft.EntityFrameworkCore.Database.Command[20106]
      Initialized DbCommand for 'ExecuteNonQuery' (0ms).
dbug: Microsoft.EntityFrameworkCore.Database.Command[20100]
      Executing DbCommand [Parameters=[], CommandType='Text', CommandTimeout='30']
      ALTER INDEX "IX_Exercises_DifficultyLevelId" RENAME TO "IX_Exercises_DifficultyId";
info: 7/12/2025 16:16:35.847 RelationalEventId.CommandExecuted[20101] (Microsoft.EntityFrameworkCore.Database.Command) 
      Executed DbCommand (1ms) [Parameters=[], CommandType='Text', CommandTimeout='30']
      ALTER TABLE "Exercises" DROP CONSTRAINT "FK_Exercises_DifficultyLevels_DifficultyLevelId";
info: Microsoft.EntityFrameworkCore.Database.Command[20101]
      Executed DbCommand (1ms) [Parameters=[], CommandType='Text', CommandTimeout='30']
      ALTER TABLE "Exercises" DROP CONSTRAINT "FK_Exercises_DifficultyLevels_DifficultyLevelId";
dbug: Microsoft.EntityFrameworkCore.Database.Command[20103]
      Creating DbCommand for 'ExecuteNonQuery'.
dbug: Microsoft.EntityFrameworkCore.Database.Command[20104]
      Created DbCommand for 'ExecuteNonQuery' (0ms).
dbug: Microsoft.EntityFrameworkCore.Database.Command[20106]
      Initialized DbCommand for 'ExecuteNonQuery' (0ms).
dbug: Microsoft.EntityFrameworkCore.Database.Command[20100]
      Executing DbCommand [Parameters=[], CommandType='Text', CommandTimeout='30']
      ALTER TABLE "Exercises" DROP CONSTRAINT "FK_Exercises_KineticChainTypes_KineticChainTypeId";
info: Microsoft.EntityFrameworkCore.Database.Command[20101]
      Executed DbCommand (0ms) [Parameters=[], CommandType='Text', CommandTimeout='30']
      ALTER INDEX "IX_Exercises_DifficultyLevelId" RENAME TO "IX_Exercises_DifficultyId";
info: 7/12/2025 16:16:35.847 RelationalEventId.CommandExecuted[20101] (Microsoft.EntityFrameworkCore.Database.Command) 
      Executed DbCommand (0ms) [Parameters=[], CommandType='Text', CommandTimeout='30']
      ALTER INDEX "IX_Exercises_DifficultyLevelId" RENAME TO "IX_Exercises_DifficultyId";
dbug: Microsoft.EntityFrameworkCore.Database.Command[20103]
      Creating DbCommand for 'ExecuteNonQuery'.
dbug: Microsoft.EntityFrameworkCore.Database.Command[20104]
      Created DbCommand for 'ExecuteNonQuery' (0ms).
dbug: Microsoft.EntityFrameworkCore.Database.Command[20106]
      Initialized DbCommand for 'ExecuteNonQuery' (0ms).
dbug: Microsoft.EntityFrameworkCore.Database.Command[20100]
      Executing DbCommand [Parameters=[], CommandType='Text', CommandTimeout='30']
      ALTER TABLE "ExerciseMovementPatterns" RENAME COLUMN "PatternId" TO "MovementPatternId";
info: Microsoft.EntityFrameworkCore.Database.Command[20101]
      Executed DbCommand (0ms) [Parameters=[], CommandType='Text', CommandTimeout='30']
      ALTER TABLE "ExerciseMovementPatterns" RENAME COLUMN "PatternId" TO "MovementPatternId";
info: 7/12/2025 16:16:35.847 RelationalEventId.CommandExecuted[20101] (Microsoft.EntityFrameworkCore.Database.Command) 
      Executed DbCommand (0ms) [Parameters=[], CommandType='Text', CommandTimeout='30']
      ALTER TABLE "ExerciseMovementPatterns" RENAME COLUMN "PatternId" TO "MovementPatternId";
dbug: Microsoft.EntityFrameworkCore.Database.Command[20103]
      Creating DbCommand for 'ExecuteNonQuery'.
dbug: Microsoft.EntityFrameworkCore.Database.Command[20104]
      Created DbCommand for 'ExecuteNonQuery' (0ms).
dbug: Microsoft.EntityFrameworkCore.Database.Command[20106]
      Initialized DbCommand for 'ExecuteNonQuery' (0ms).
dbug: Microsoft.EntityFrameworkCore.Database.Command[20100]
      Executing DbCommand [Parameters=[], CommandType='Text', CommandTimeout='30']
      ALTER INDEX "IX_ExerciseMovementPatterns_PatternId" RENAME TO "IX_ExerciseMovementPatterns_MovementPatternId";
info: Microsoft.EntityFrameworkCore.Database.Command[20101]
      Executed DbCommand (0ms) [Parameters=[], CommandType='Text', CommandTimeout='30']
      ALTER INDEX "IX_ExerciseMovementPatterns_PatternId" RENAME TO "IX_ExerciseMovementPatterns_MovementPatternId";
info: 7/12/2025 16:16:35.847 RelationalEventId.CommandExecuted[20101] (Microsoft.EntityFrameworkCore.Database.Command) 
      Executed DbCommand (0ms) [Parameters=[], CommandType='Text', CommandTimeout='30']
      ALTER INDEX "IX_ExerciseMovementPatterns_PatternId" RENAME TO "IX_ExerciseMovementPatterns_MovementPatternId";
dbug: Microsoft.EntityFrameworkCore.Database.Command[20103]
      Creating DbCommand for 'ExecuteNonQuery'.
dbug: Microsoft.EntityFrameworkCore.Database.Command[20104]
      Created DbCommand for 'ExecuteNonQuery' (0ms).
dbug: Microsoft.EntityFrameworkCore.Database.Command[20106]
      Initialized DbCommand for 'ExecuteNonQuery' (0ms).
dbug: Microsoft.EntityFrameworkCore.Database.Command[20100]
      Executing DbCommand [Parameters=[], CommandType='Text', CommandTimeout='30']
      ALTER TABLE "Exercises" ALTER COLUMN "Name" TYPE character varying(200);
info: Microsoft.EntityFrameworkCore.Database.Command[20101]
      Executed DbCommand (1ms) [Parameters=[], CommandType='Text', CommandTimeout='30']
      ALTER TABLE "Exercises" DROP CONSTRAINT "FK_Exercises_KineticChainTypes_KineticChainTypeId";
info: 7/12/2025 16:16:35.847 RelationalEventId.CommandExecuted[20101] (Microsoft.EntityFrameworkCore.Database.Command) 
      Executed DbCommand (1ms) [Parameters=[], CommandType='Text', CommandTimeout='30']
      ALTER TABLE "Exercises" DROP CONSTRAINT "FK_Exercises_KineticChainTypes_KineticChainTypeId";
dbug: Microsoft.EntityFrameworkCore.Database.Command[20103]
      Creating DbCommand for 'ExecuteNonQuery'.
dbug: Microsoft.EntityFrameworkCore.Database.Command[20104]
      Created DbCommand for 'ExecuteNonQuery' (0ms).
dbug: Microsoft.EntityFrameworkCore.Database.Command[20106]
      Initialized DbCommand for 'ExecuteNonQuery' (0ms).
dbug: Microsoft.EntityFrameworkCore.Database.Command[20100]
      Executing DbCommand [Parameters=[], CommandType='Text', CommandTimeout='30']
      ALTER TABLE "Exercises" RENAME COLUMN "DifficultyLevelId" TO "DifficultyId";
info: Microsoft.EntityFrameworkCore.Database.Command[20101]
      Executed DbCommand (0ms) [Parameters=[], CommandType='Text', CommandTimeout='30']
      ALTER TABLE "Exercises" RENAME COLUMN "DifficultyLevelId" TO "DifficultyId";
info: 7/12/2025 16:16:35.848 RelationalEventId.CommandExecuted[20101] (Microsoft.EntityFrameworkCore.Database.Command) 
      Executed DbCommand (0ms) [Parameters=[], CommandType='Text', CommandTimeout='30']
      ALTER TABLE "Exercises" RENAME COLUMN "DifficultyLevelId" TO "DifficultyId";
dbug: Microsoft.EntityFrameworkCore.Database.Command[20103]
      Creating DbCommand for 'ExecuteNonQuery'.
dbug: Microsoft.EntityFrameworkCore.Database.Command[20104]
      Created DbCommand for 'ExecuteNonQuery' (0ms).
dbug: Microsoft.EntityFrameworkCore.Database.Command[20106]
      Initialized DbCommand for 'ExecuteNonQuery' (0ms).
dbug: Microsoft.EntityFrameworkCore.Database.Command[20100]
      Executing DbCommand [Parameters=[], CommandType='Text', CommandTimeout='30']
      ALTER INDEX "IX_Exercises_DifficultyLevelId" RENAME TO "IX_Exercises_DifficultyId";
info: Microsoft.EntityFrameworkCore.Database.Command[20101]
      Executed DbCommand (0ms) [Parameters=[], CommandType='Text', CommandTimeout='30']
      ALTER INDEX "IX_Exercises_DifficultyLevelId" RENAME TO "IX_Exercises_DifficultyId";
info: 7/12/2025 16:16:35.848 RelationalEventId.CommandExecuted[20101] (Microsoft.EntityFrameworkCore.Database.Command) 
      Executed DbCommand (0ms) [Parameters=[], CommandType='Text', CommandTimeout='30']
      ALTER INDEX "IX_Exercises_DifficultyLevelId" RENAME TO "IX_Exercises_DifficultyId";
dbug: Microsoft.EntityFrameworkCore.Database.Command[20103]
      Creating DbCommand for 'ExecuteNonQuery'.
dbug: Microsoft.EntityFrameworkCore.Database.Command[20104]
      Created DbCommand for 'ExecuteNonQuery' (0ms).
dbug: Microsoft.EntityFrameworkCore.Database.Command[20106]
      Initialized DbCommand for 'ExecuteNonQuery' (0ms).
dbug: Microsoft.EntityFrameworkCore.Database.Command[20100]
      Executing DbCommand [Parameters=[], CommandType='Text', CommandTimeout='30']
      ALTER TABLE "ExerciseMovementPatterns" RENAME COLUMN "PatternId" TO "MovementPatternId";
info: 7/12/2025 16:16:35.848 RelationalEventId.CommandExecuted[20101] (Microsoft.EntityFrameworkCore.Database.Command) 
      Executed DbCommand (0ms) [Parameters=[], CommandType='Text', CommandTimeout='30']
      ALTER TABLE "ExerciseMovementPatterns" RENAME COLUMN "PatternId" TO "MovementPatternId";
info: Microsoft.EntityFrameworkCore.Database.Command[20101]
      Executed DbCommand (0ms) [Parameters=[], CommandType='Text', CommandTimeout='30']
      ALTER TABLE "ExerciseMovementPatterns" RENAME COLUMN "PatternId" TO "MovementPatternId";
dbug: Microsoft.EntityFrameworkCore.Database.Command[20103]
      Creating DbCommand for 'ExecuteNonQuery'.
dbug: Microsoft.EntityFrameworkCore.Database.Command[20104]
      Created DbCommand for 'ExecuteNonQuery' (0ms).
dbug: Microsoft.EntityFrameworkCore.Database.Command[20106]
      Initialized DbCommand for 'ExecuteNonQuery' (0ms).
dbug: Microsoft.EntityFrameworkCore.Database.Command[20100]
      Executing DbCommand [Parameters=[], CommandType='Text', CommandTimeout='30']
      ALTER INDEX "IX_ExerciseMovementPatterns_PatternId" RENAME TO "IX_ExerciseMovementPatterns_MovementPatternId";
info: Microsoft.EntityFrameworkCore.Database.Command[20101]
      Executed DbCommand (0ms) [Parameters=[], CommandType='Text', CommandTimeout='30']
      ALTER INDEX "IX_ExerciseMovementPatterns_PatternId" RENAME TO "IX_ExerciseMovementPatterns_MovementPatternId";
info: 7/12/2025 16:16:35.848 RelationalEventId.CommandExecuted[20101] (Microsoft.EntityFrameworkCore.Database.Command) 
      Executed DbCommand (0ms) [Parameters=[], CommandType='Text', CommandTimeout='30']
      ALTER INDEX "IX_ExerciseMovementPatterns_PatternId" RENAME TO "IX_ExerciseMovementPatterns_MovementPatternId";
dbug: Microsoft.EntityFrameworkCore.Database.Command[20103]
      Creating DbCommand for 'ExecuteNonQuery'.
dbug: Microsoft.EntityFrameworkCore.Database.Command[20104]
      Created DbCommand for 'ExecuteNonQuery' (0ms).
dbug: Microsoft.EntityFrameworkCore.Database.Command[20106]
      Initialized DbCommand for 'ExecuteNonQuery' (0ms).
dbug: Microsoft.EntityFrameworkCore.Database.Command[20100]
      Executing DbCommand [Parameters=[], CommandType='Text', CommandTimeout='30']
      ALTER TABLE "Exercises" ALTER COLUMN "Name" TYPE character varying(200);
info: Microsoft.EntityFrameworkCore.Database.Command[20101]
      Executed DbCommand (2ms) [Parameters=[], CommandType='Text', CommandTimeout='30']
      ALTER TABLE "Exercises" ALTER COLUMN "Name" TYPE character varying(200);
info: 7/12/2025 16:16:35.848 RelationalEventId.CommandExecuted[20101] (Microsoft.EntityFrameworkCore.Database.Command) 
      Executed DbCommand (2ms) [Parameters=[], CommandType='Text', CommandTimeout='30']
      ALTER TABLE "Exercises" ALTER COLUMN "Name" TYPE character varying(200);
dbug: Microsoft.EntityFrameworkCore.Database.Command[20103]
      Creating DbCommand for 'ExecuteNonQuery'.
dbug: Microsoft.EntityFrameworkCore.Database.Command[20104]
      Created DbCommand for 'ExecuteNonQuery' (0ms).
dbug: Microsoft.EntityFrameworkCore.Database.Command[20106]
      Initialized DbCommand for 'ExecuteNonQuery' (0ms).
dbug: Microsoft.EntityFrameworkCore.Database.Command[20100]
      Executing DbCommand [Parameters=[], CommandType='Text', CommandTimeout='30']
      ALTER TABLE "Exercises" ALTER COLUMN "KineticChainTypeId" DROP NOT NULL;
info: Microsoft.EntityFrameworkCore.Database.Command[20101]
      Executed DbCommand (0ms) [Parameters=[], CommandType='Text', CommandTimeout='30']
      ALTER TABLE "Exercises" ALTER COLUMN "KineticChainTypeId" DROP NOT NULL;
info: 7/12/2025 16:16:35.848 RelationalEventId.CommandExecuted[20101] (Microsoft.EntityFrameworkCore.Database.Command) 
      Executed DbCommand (0ms) [Parameters=[], CommandType='Text', CommandTimeout='30']
      ALTER TABLE "Exercises" ALTER COLUMN "KineticChainTypeId" DROP NOT NULL;
dbug: Microsoft.EntityFrameworkCore.Database.Command[20103]
      Creating DbCommand for 'ExecuteNonQuery'.
dbug: Microsoft.EntityFrameworkCore.Database.Command[20104]
      Created DbCommand for 'ExecuteNonQuery' (0ms).
dbug: Microsoft.EntityFrameworkCore.Database.Command[20106]
      Initialized DbCommand for 'ExecuteNonQuery' (0ms).
dbug: Microsoft.EntityFrameworkCore.Database.Command[20100]
      Executing DbCommand [Parameters=[], CommandType='Text', CommandTimeout='30']
      ALTER TABLE "Exercises" ALTER COLUMN "Instructions" TYPE character varying(5000);
info: Microsoft.EntityFrameworkCore.Database.Command[20101]
      Executed DbCommand (1ms) [Parameters=[], CommandType='Text', CommandTimeout='30']
      ALTER TABLE "Exercises" ALTER COLUMN "Instructions" TYPE character varying(5000);
info: 7/12/2025 16:16:35.850 RelationalEventId.CommandExecuted[20101] (Microsoft.EntityFrameworkCore.Database.Command) 
      Executed DbCommand (1ms) [Parameters=[], CommandType='Text', CommandTimeout='30']
      ALTER TABLE "Exercises" ALTER COLUMN "Instructions" TYPE character varying(5000);
dbug: Microsoft.EntityFrameworkCore.Database.Command[20103]
      Creating DbCommand for 'ExecuteNonQuery'.
dbug: Microsoft.EntityFrameworkCore.Database.Command[20104]
      Created DbCommand for 'ExecuteNonQuery' (0ms).
dbug: Microsoft.EntityFrameworkCore.Database.Command[20106]
      Initialized DbCommand for 'ExecuteNonQuery' (0ms).
dbug: Microsoft.EntityFrameworkCore.Database.Command[20100]
      Executing DbCommand [Parameters=[], CommandType='Text', CommandTimeout='30']
      ALTER TABLE "Exercises" ALTER COLUMN "Description" TYPE character varying(1000);
info: Microsoft.EntityFrameworkCore.Database.Command[20101]
      Executed DbCommand (3ms) [Parameters=[], CommandType='Text', CommandTimeout='30']
      ALTER TABLE "Exercises" ALTER COLUMN "Name" TYPE character varying(200);
info: 7/12/2025 16:16:35.851 RelationalEventId.CommandExecuted[20101] (Microsoft.EntityFrameworkCore.Database.Command) 
      Executed DbCommand (3ms) [Parameters=[], CommandType='Text', CommandTimeout='30']
      ALTER TABLE "Exercises" ALTER COLUMN "Name" TYPE character varying(200);
dbug: Microsoft.EntityFrameworkCore.Database.Command[20103]
      Creating DbCommand for 'ExecuteNonQuery'.
dbug: Microsoft.EntityFrameworkCore.Database.Command[20104]
      Created DbCommand for 'ExecuteNonQuery' (0ms).
dbug: Microsoft.EntityFrameworkCore.Database.Command[20106]
      Initialized DbCommand for 'ExecuteNonQuery' (0ms).
dbug: Microsoft.EntityFrameworkCore.Database.Command[20100]
      Executing DbCommand [Parameters=[], CommandType='Text', CommandTimeout='30']
      ALTER TABLE "Exercises" ALTER COLUMN "KineticChainTypeId" DROP NOT NULL;
info: Microsoft.EntityFrameworkCore.Database.Command[20101]
      Executed DbCommand (1ms) [Parameters=[], CommandType='Text', CommandTimeout='30']
      ALTER TABLE "Exercises" ALTER COLUMN "Description" TYPE character varying(1000);
info: 7/12/2025 16:16:35.851 RelationalEventId.CommandExecuted[20101] (Microsoft.EntityFrameworkCore.Database.Command) 
      Executed DbCommand (1ms) [Parameters=[], CommandType='Text', CommandTimeout='30']
      ALTER TABLE "Exercises" ALTER COLUMN "Description" TYPE character varying(1000);
dbug: Microsoft.EntityFrameworkCore.Database.Command[20103]
      Creating DbCommand for 'ExecuteNonQuery'.
dbug: Microsoft.EntityFrameworkCore.Database.Command[20104]
      Created DbCommand for 'ExecuteNonQuery' (0ms).
dbug: Microsoft.EntityFrameworkCore.Database.Command[20106]
      Initialized DbCommand for 'ExecuteNonQuery' (0ms).
dbug: Microsoft.EntityFrameworkCore.Database.Command[20100]
      Executing DbCommand [Parameters=[], CommandType='Text', CommandTimeout='30']
      ALTER TABLE "Exercises" ADD "ImageUrl" text;
info: Microsoft.EntityFrameworkCore.Database.Command[20101]
      Executed DbCommand (0ms) [Parameters=[], CommandType='Text', CommandTimeout='30']
      ALTER TABLE "Exercises" ALTER COLUMN "KineticChainTypeId" DROP NOT NULL;
info: Microsoft.EntityFrameworkCore.Database.Command[20101]
      Executed DbCommand (0ms) [Parameters=[], CommandType='Text', CommandTimeout='30']
      ALTER TABLE "Exercises" ADD "ImageUrl" text;
info: 7/12/2025 16:16:35.852 RelationalEventId.CommandExecuted[20101] (Microsoft.EntityFrameworkCore.Database.Command) 
      Executed DbCommand (0ms) [Parameters=[], CommandType='Text', CommandTimeout='30']
      ALTER TABLE "Exercises" ADD "ImageUrl" text;
info: 7/12/2025 16:16:35.852 RelationalEventId.CommandExecuted[20101] (Microsoft.EntityFrameworkCore.Database.Command) 
      Executed DbCommand (0ms) [Parameters=[], CommandType='Text', CommandTimeout='30']
      ALTER TABLE "Exercises" ALTER COLUMN "KineticChainTypeId" DROP NOT NULL;
dbug: Microsoft.EntityFrameworkCore.Database.Command[20103]
      Creating DbCommand for 'ExecuteNonQuery'.
dbug: Microsoft.EntityFrameworkCore.Database.Command[20104]
      Created DbCommand for 'ExecuteNonQuery' (0ms).
dbug: Microsoft.EntityFrameworkCore.Database.Command[20106]
      Initialized DbCommand for 'ExecuteNonQuery' (0ms).
dbug: Microsoft.EntityFrameworkCore.Database.Command[20100]
      Executing DbCommand [Parameters=[], CommandType='Text', CommandTimeout='30']
      ALTER TABLE "Exercises" ADD "IsActive" boolean NOT NULL DEFAULT FALSE;
dbug: Microsoft.EntityFrameworkCore.Database.Command[20103]
      Creating DbCommand for 'ExecuteNonQuery'.
dbug: Microsoft.EntityFrameworkCore.Database.Command[20104]
      Created DbCommand for 'ExecuteNonQuery' (0ms).
dbug: Microsoft.EntityFrameworkCore.Database.Command[20106]
      Initialized DbCommand for 'ExecuteNonQuery' (0ms).
dbug: Microsoft.EntityFrameworkCore.Database.Command[20100]
      Executing DbCommand [Parameters=[], CommandType='Text', CommandTimeout='30']
      ALTER TABLE "Exercises" ALTER COLUMN "Instructions" TYPE character varying(5000);
info: Microsoft.EntityFrameworkCore.Database.Command[20101]
      Executed DbCommand (0ms) [Parameters=[], CommandType='Text', CommandTimeout='30']
      ALTER TABLE "Exercises" ADD "IsActive" boolean NOT NULL DEFAULT FALSE;
info: 7/12/2025 16:16:35.852 RelationalEventId.CommandExecuted[20101] (Microsoft.EntityFrameworkCore.Database.Command) 
      Executed DbCommand (0ms) [Parameters=[], CommandType='Text', CommandTimeout='30']
      ALTER TABLE "Exercises" ADD "IsActive" boolean NOT NULL DEFAULT FALSE;
dbug: Microsoft.EntityFrameworkCore.Database.Command[20103]
      Creating DbCommand for 'ExecuteNonQuery'.
dbug: Microsoft.EntityFrameworkCore.Database.Command[20104]
      Created DbCommand for 'ExecuteNonQuery' (0ms).
dbug: Microsoft.EntityFrameworkCore.Database.Command[20106]
      Initialized DbCommand for 'ExecuteNonQuery' (0ms).
dbug: Microsoft.EntityFrameworkCore.Database.Command[20100]
      Executing DbCommand [Parameters=[], CommandType='Text', CommandTimeout='30']
      CREATE TABLE "ExerciseBodyParts" (
          "ExerciseId" uuid NOT NULL,
          "BodyPartId" uuid NOT NULL,
          CONSTRAINT "PK_ExerciseBodyParts" PRIMARY KEY ("ExerciseId", "BodyPartId"),
          CONSTRAINT "FK_ExerciseBodyParts_BodyParts_BodyPartId" FOREIGN KEY ("BodyPartId") REFERENCES "BodyParts" ("Id") ON DELETE CASCADE,
          CONSTRAINT "FK_ExerciseBodyParts_Exercises_ExerciseId" FOREIGN KEY ("ExerciseId") REFERENCES "Exercises" ("Id") ON DELETE CASCADE
      );
info: Microsoft.EntityFrameworkCore.Database.Command[20101]
      Executed DbCommand (1ms) [Parameters=[], CommandType='Text', CommandTimeout='30']
      CREATE TABLE "ExerciseBodyParts" (
          "ExerciseId" uuid NOT NULL,
          "BodyPartId" uuid NOT NULL,
          CONSTRAINT "PK_ExerciseBodyParts" PRIMARY KEY ("ExerciseId", "BodyPartId"),
          CONSTRAINT "FK_ExerciseBodyParts_BodyParts_BodyPartId" FOREIGN KEY ("BodyPartId") REFERENCES "BodyParts" ("Id") ON DELETE CASCADE,
          CONSTRAINT "FK_ExerciseBodyParts_Exercises_ExerciseId" FOREIGN KEY ("ExerciseId") REFERENCES "Exercises" ("Id") ON DELETE CASCADE
      );
info: 7/12/2025 16:16:35.853 RelationalEventId.CommandExecuted[20101] (Microsoft.EntityFrameworkCore.Database.Command) 
      Executed DbCommand (1ms) [Parameters=[], CommandType='Text', CommandTimeout='30']
      CREATE TABLE "ExerciseBodyParts" (
          "ExerciseId" uuid NOT NULL,
          "BodyPartId" uuid NOT NULL,
          CONSTRAINT "PK_ExerciseBodyParts" PRIMARY KEY ("ExerciseId", "BodyPartId"),
          CONSTRAINT "FK_ExerciseBodyParts_BodyParts_BodyPartId" FOREIGN KEY ("BodyPartId") REFERENCES "BodyParts" ("Id") ON DELETE CASCADE,
          CONSTRAINT "FK_ExerciseBodyParts_Exercises_ExerciseId" FOREIGN KEY ("ExerciseId") REFERENCES "Exercises" ("Id") ON DELETE CASCADE
      );
dbug: Microsoft.EntityFrameworkCore.Database.Command[20103]
      Creating DbCommand for 'ExecuteNonQuery'.
dbug: Microsoft.EntityFrameworkCore.Database.Command[20104]
      Created DbCommand for 'ExecuteNonQuery' (0ms).
dbug: Microsoft.EntityFrameworkCore.Database.Command[20106]
      Initialized DbCommand for 'ExecuteNonQuery' (0ms).
dbug: Microsoft.EntityFrameworkCore.Database.Command[20100]
      Executing DbCommand [Parameters=[], CommandType='Text', CommandTimeout='30']
      CREATE TABLE "ExerciseMuscleGroups" (
          "ExerciseId" uuid NOT NULL,
          "MuscleGroupId" uuid NOT NULL,
          "MuscleRoleId" uuid NOT NULL,
          CONSTRAINT "PK_ExerciseMuscleGroups" PRIMARY KEY ("ExerciseId", "MuscleGroupId"),
          CONSTRAINT "FK_ExerciseMuscleGroups_Exercises_ExerciseId" FOREIGN KEY ("ExerciseId") REFERENCES "Exercises" ("Id") ON DELETE CASCADE,
          CONSTRAINT "FK_ExerciseMuscleGroups_MuscleGroups_MuscleGroupId" FOREIGN KEY ("MuscleGroupId") REFERENCES "MuscleGroups" ("Id") ON DELETE CASCADE,
          CONSTRAINT "FK_ExerciseMuscleGroups_MuscleRoles_MuscleRoleId" FOREIGN KEY ("MuscleRoleId") REFERENCES "MuscleRoles" ("Id") ON DELETE CASCADE
      );
info: Microsoft.EntityFrameworkCore.Database.Command[20101]
      Executed DbCommand (1ms) [Parameters=[], CommandType='Text', CommandTimeout='30']
      CREATE TABLE "ExerciseMuscleGroups" (
          "ExerciseId" uuid NOT NULL,
          "MuscleGroupId" uuid NOT NULL,
          "MuscleRoleId" uuid NOT NULL,
          CONSTRAINT "PK_ExerciseMuscleGroups" PRIMARY KEY ("ExerciseId", "MuscleGroupId"),
          CONSTRAINT "FK_ExerciseMuscleGroups_Exercises_ExerciseId" FOREIGN KEY ("ExerciseId") REFERENCES "Exercises" ("Id") ON DELETE CASCADE,
          CONSTRAINT "FK_ExerciseMuscleGroups_MuscleGroups_MuscleGroupId" FOREIGN KEY ("MuscleGroupId") REFERENCES "MuscleGroups" ("Id") ON DELETE CASCADE,
          CONSTRAINT "FK_ExerciseMuscleGroups_MuscleRoles_MuscleRoleId" FOREIGN KEY ("MuscleRoleId") REFERENCES "MuscleRoles" ("Id") ON DELETE CASCADE
      );
info: 7/12/2025 16:16:35.854 RelationalEventId.CommandExecuted[20101] (Microsoft.EntityFrameworkCore.Database.Command) 
      Executed DbCommand (1ms) [Parameters=[], CommandType='Text', CommandTimeout='30']
      CREATE TABLE "ExerciseMuscleGroups" (
          "ExerciseId" uuid NOT NULL,
          "MuscleGroupId" uuid NOT NULL,
          "MuscleRoleId" uuid NOT NULL,
          CONSTRAINT "PK_ExerciseMuscleGroups" PRIMARY KEY ("ExerciseId", "MuscleGroupId"),
          CONSTRAINT "FK_ExerciseMuscleGroups_Exercises_ExerciseId" FOREIGN KEY ("ExerciseId") REFERENCES "Exercises" ("Id") ON DELETE CASCADE,
          CONSTRAINT "FK_ExerciseMuscleGroups_MuscleGroups_MuscleGroupId" FOREIGN KEY ("MuscleGroupId") REFERENCES "MuscleGroups" ("Id") ON DELETE CASCADE,
          CONSTRAINT "FK_ExerciseMuscleGroups_MuscleRoles_MuscleRoleId" FOREIGN KEY ("MuscleRoleId") REFERENCES "MuscleRoles" ("Id") ON DELETE CASCADE
      );
dbug: Microsoft.EntityFrameworkCore.Database.Command[20103]
      Creating DbCommand for 'ExecuteNonQuery'.
dbug: Microsoft.EntityFrameworkCore.Database.Command[20104]
      Created DbCommand for 'ExecuteNonQuery' (0ms).
dbug: Microsoft.EntityFrameworkCore.Database.Command[20106]
      Initialized DbCommand for 'ExecuteNonQuery' (0ms).
dbug: Microsoft.EntityFrameworkCore.Database.Command[20100]
      Executing DbCommand [Parameters=[], CommandType='Text', CommandTimeout='30']
      CREATE UNIQUE INDEX "IX_Exercises_Name" ON "Exercises" ("Name");
info: Microsoft.EntityFrameworkCore.Database.Command[20101]
      Executed DbCommand (0ms) [Parameters=[], CommandType='Text', CommandTimeout='30']
      CREATE UNIQUE INDEX "IX_Exercises_Name" ON "Exercises" ("Name");
info: 7/12/2025 16:16:35.854 RelationalEventId.CommandExecuted[20101] (Microsoft.EntityFrameworkCore.Database.Command) 
      Executed DbCommand (0ms) [Parameters=[], CommandType='Text', CommandTimeout='30']
      CREATE UNIQUE INDEX "IX_Exercises_Name" ON "Exercises" ("Name");
dbug: Microsoft.EntityFrameworkCore.Database.Command[20103]
      Creating DbCommand for 'ExecuteNonQuery'.
dbug: Microsoft.EntityFrameworkCore.Database.Command[20104]
      Created DbCommand for 'ExecuteNonQuery' (0ms).
dbug: Microsoft.EntityFrameworkCore.Database.Command[20106]
      Initialized DbCommand for 'ExecuteNonQuery' (0ms).
dbug: Microsoft.EntityFrameworkCore.Database.Command[20100]
      Executing DbCommand [Parameters=[], CommandType='Text', CommandTimeout='30']
      CREATE INDEX "IX_ExerciseBodyParts_BodyPartId" ON "ExerciseBodyParts" ("BodyPartId");
info: Microsoft.EntityFrameworkCore.Database.Command[20101]
      Executed DbCommand (0ms) [Parameters=[], CommandType='Text', CommandTimeout='30']
      CREATE INDEX "IX_ExerciseBodyParts_BodyPartId" ON "ExerciseBodyParts" ("BodyPartId");
info: 7/12/2025 16:16:35.855 RelationalEventId.CommandExecuted[20101] (Microsoft.EntityFrameworkCore.Database.Command) 
      Executed DbCommand (0ms) [Parameters=[], CommandType='Text', CommandTimeout='30']
      CREATE INDEX "IX_ExerciseBodyParts_BodyPartId" ON "ExerciseBodyParts" ("BodyPartId");
info: Microsoft.EntityFrameworkCore.Database.Command[20101]
      Executed DbCommand (3ms) [Parameters=[], CommandType='Text', CommandTimeout='30']
      ALTER TABLE "Exercises" ALTER COLUMN "Instructions" TYPE character varying(5000);
dbug: Microsoft.EntityFrameworkCore.Database.Command[20103]
      Creating DbCommand for 'ExecuteNonQuery'.
dbug: Microsoft.EntityFrameworkCore.Database.Command[20104]
      Created DbCommand for 'ExecuteNonQuery' (0ms).
dbug: Microsoft.EntityFrameworkCore.Database.Command[20106]
      Initialized DbCommand for 'ExecuteNonQuery' (0ms).
dbug: Microsoft.EntityFrameworkCore.Database.Command[20100]
      Executing DbCommand [Parameters=[], CommandType='Text', CommandTimeout='30']
      CREATE INDEX "IX_ExerciseMuscleGroups_MuscleGroupId" ON "ExerciseMuscleGroups" ("MuscleGroupId");
info: 7/12/2025 16:16:35.855 RelationalEventId.CommandExecuted[20101] (Microsoft.EntityFrameworkCore.Database.Command) 
      Executed DbCommand (3ms) [Parameters=[], CommandType='Text', CommandTimeout='30']
      ALTER TABLE "Exercises" ALTER COLUMN "Instructions" TYPE character varying(5000);
dbug: Microsoft.EntityFrameworkCore.Database.Command[20103]
      Creating DbCommand for 'ExecuteNonQuery'.
dbug: Microsoft.EntityFrameworkCore.Database.Command[20104]
      Created DbCommand for 'ExecuteNonQuery' (0ms).
dbug: Microsoft.EntityFrameworkCore.Database.Command[20106]
      Initialized DbCommand for 'ExecuteNonQuery' (0ms).
dbug: Microsoft.EntityFrameworkCore.Database.Command[20100]
      Executing DbCommand [Parameters=[], CommandType='Text', CommandTimeout='30']
      ALTER TABLE "Exercises" ALTER COLUMN "Description" TYPE character varying(1000);
info: Microsoft.EntityFrameworkCore.Database.Command[20101]
      Executed DbCommand (0ms) [Parameters=[], CommandType='Text', CommandTimeout='30']
      CREATE INDEX "IX_ExerciseMuscleGroups_MuscleGroupId" ON "ExerciseMuscleGroups" ("MuscleGroupId");
info: 7/12/2025 16:16:35.855 RelationalEventId.CommandExecuted[20101] (Microsoft.EntityFrameworkCore.Database.Command) 
      Executed DbCommand (0ms) [Parameters=[], CommandType='Text', CommandTimeout='30']
      CREATE INDEX "IX_ExerciseMuscleGroups_MuscleGroupId" ON "ExerciseMuscleGroups" ("MuscleGroupId");
dbug: Microsoft.EntityFrameworkCore.Database.Command[20103]
      Creating DbCommand for 'ExecuteNonQuery'.
dbug: Microsoft.EntityFrameworkCore.Database.Command[20104]
      Created DbCommand for 'ExecuteNonQuery' (0ms).
dbug: Microsoft.EntityFrameworkCore.Database.Command[20106]
      Initialized DbCommand for 'ExecuteNonQuery' (0ms).
dbug: Microsoft.EntityFrameworkCore.Database.Command[20100]
      Executing DbCommand [Parameters=[], CommandType='Text', CommandTimeout='30']
      CREATE INDEX "IX_ExerciseMuscleGroups_MuscleRoleId" ON "ExerciseMuscleGroups" ("MuscleRoleId");
info: Microsoft.EntityFrameworkCore.Database.Command[20101]
      Executed DbCommand (0ms) [Parameters=[], CommandType='Text', CommandTimeout='30']
      CREATE INDEX "IX_ExerciseMuscleGroups_MuscleRoleId" ON "ExerciseMuscleGroups" ("MuscleRoleId");
info: 7/12/2025 16:16:35.855 RelationalEventId.CommandExecuted[20101] (Microsoft.EntityFrameworkCore.Database.Command) 
      Executed DbCommand (0ms) [Parameters=[], CommandType='Text', CommandTimeout='30']
      CREATE INDEX "IX_ExerciseMuscleGroups_MuscleRoleId" ON "ExerciseMuscleGroups" ("MuscleRoleId");
dbug: Microsoft.EntityFrameworkCore.Database.Command[20103]
      Creating DbCommand for 'ExecuteNonQuery'.
dbug: Microsoft.EntityFrameworkCore.Database.Command[20104]
      Created DbCommand for 'ExecuteNonQuery' (0ms).
dbug: Microsoft.EntityFrameworkCore.Database.Command[20106]
      Initialized DbCommand for 'ExecuteNonQuery' (0ms).
dbug: Microsoft.EntityFrameworkCore.Database.Command[20100]
      Executing DbCommand [Parameters=[], CommandType='Text', CommandTimeout='30']
      ALTER TABLE "ExerciseMovementPatterns" ADD CONSTRAINT "FK_ExerciseMovementPatterns_MovementPatterns_MovementPatternId" FOREIGN KEY ("MovementPatternId") REFERENCES "MovementPatterns" ("Id") ON DELETE CASCADE;
info: Microsoft.EntityFrameworkCore.Database.Command[20101]
      Executed DbCommand (0ms) [Parameters=[], CommandType='Text', CommandTimeout='30']
      ALTER TABLE "ExerciseMovementPatterns" ADD CONSTRAINT "FK_ExerciseMovementPatterns_MovementPatterns_MovementPatternId" FOREIGN KEY ("MovementPatternId") REFERENCES "MovementPatterns" ("Id") ON DELETE CASCADE;
info: 7/12/2025 16:16:35.855 RelationalEventId.CommandExecuted[20101] (Microsoft.EntityFrameworkCore.Database.Command) 
      Executed DbCommand (0ms) [Parameters=[], CommandType='Text', CommandTimeout='30']
      ALTER TABLE "ExerciseMovementPatterns" ADD CONSTRAINT "FK_ExerciseMovementPatterns_MovementPatterns_MovementPatternId" FOREIGN KEY ("MovementPatternId") REFERENCES "MovementPatterns" ("Id") ON DELETE CASCADE;
dbug: Microsoft.EntityFrameworkCore.Database.Command[20103]
      Creating DbCommand for 'ExecuteNonQuery'.
dbug: Microsoft.EntityFrameworkCore.Database.Command[20104]
      Created DbCommand for 'ExecuteNonQuery' (0ms).
dbug: Microsoft.EntityFrameworkCore.Database.Command[20106]
      Initialized DbCommand for 'ExecuteNonQuery' (0ms).
dbug: Microsoft.EntityFrameworkCore.Database.Command[20100]
      Executing DbCommand [Parameters=[], CommandType='Text', CommandTimeout='30']
      ALTER TABLE "Exercises" ADD CONSTRAINT "FK_Exercises_DifficultyLevels_DifficultyId" FOREIGN KEY ("DifficultyId") REFERENCES "DifficultyLevels" ("Id") ON DELETE CASCADE;
info: Microsoft.EntityFrameworkCore.Database.Command[20101]
      Executed DbCommand (1ms) [Parameters=[], CommandType='Text', CommandTimeout='30']
      ALTER TABLE "Exercises" ADD CONSTRAINT "FK_Exercises_DifficultyLevels_DifficultyId" FOREIGN KEY ("DifficultyId") REFERENCES "DifficultyLevels" ("Id") ON DELETE CASCADE;
info: 7/12/2025 16:16:35.857 RelationalEventId.CommandExecuted[20101] (Microsoft.EntityFrameworkCore.Database.Command) 
      Executed DbCommand (1ms) [Parameters=[], CommandType='Text', CommandTimeout='30']
      ALTER TABLE "Exercises" ADD CONSTRAINT "FK_Exercises_DifficultyLevels_DifficultyId" FOREIGN KEY ("DifficultyId") REFERENCES "DifficultyLevels" ("Id") ON DELETE CASCADE;
dbug: Microsoft.EntityFrameworkCore.Database.Command[20103]
      Creating DbCommand for 'ExecuteNonQuery'.
dbug: Microsoft.EntityFrameworkCore.Database.Command[20104]
      Created DbCommand for 'ExecuteNonQuery' (0ms).
dbug: Microsoft.EntityFrameworkCore.Database.Command[20106]
      Initialized DbCommand for 'ExecuteNonQuery' (0ms).
dbug: Microsoft.EntityFrameworkCore.Database.Command[20100]
      Executing DbCommand [Parameters=[], CommandType='Text', CommandTimeout='30']
      ALTER TABLE "Exercises" ADD CONSTRAINT "FK_Exercises_KineticChainTypes_KineticChainTypeId" FOREIGN KEY ("KineticChainTypeId") REFERENCES "KineticChainTypes" ("Id");
info: Microsoft.EntityFrameworkCore.Database.Command[20101]
      Executed DbCommand (3ms) [Parameters=[], CommandType='Text', CommandTimeout='30']
      ALTER TABLE "Exercises" ALTER COLUMN "Description" TYPE character varying(1000);
info: 7/12/2025 16:16:35.857 RelationalEventId.CommandExecuted[20101] (Microsoft.EntityFrameworkCore.Database.Command) 
      Executed DbCommand (3ms) [Parameters=[], CommandType='Text', CommandTimeout='30']
      ALTER TABLE "Exercises" ALTER COLUMN "Description" TYPE character varying(1000);
dbug: Microsoft.EntityFrameworkCore.Database.Command[20103]
      Creating DbCommand for 'ExecuteNonQuery'.
dbug: Microsoft.EntityFrameworkCore.Database.Command[20104]
      Created DbCommand for 'ExecuteNonQuery' (0ms).
dbug: Microsoft.EntityFrameworkCore.Database.Command[20106]
      Initialized DbCommand for 'ExecuteNonQuery' (0ms).
dbug: Microsoft.EntityFrameworkCore.Database.Command[20100]
      Executing DbCommand [Parameters=[], CommandType='Text', CommandTimeout='30']
      ALTER TABLE "Exercises" ADD "ImageUrl" text;
info: Microsoft.EntityFrameworkCore.Database.Command[20101]
      Executed DbCommand (1ms) [Parameters=[], CommandType='Text', CommandTimeout='30']
      ALTER TABLE "Exercises" ADD CONSTRAINT "FK_Exercises_KineticChainTypes_KineticChainTypeId" FOREIGN KEY ("KineticChainTypeId") REFERENCES "KineticChainTypes" ("Id");
info: 7/12/2025 16:16:35.857 RelationalEventId.CommandExecuted[20101] (Microsoft.EntityFrameworkCore.Database.Command) 
      Executed DbCommand (1ms) [Parameters=[], CommandType='Text', CommandTimeout='30']
      ALTER TABLE "Exercises" ADD CONSTRAINT "FK_Exercises_KineticChainTypes_KineticChainTypeId" FOREIGN KEY ("KineticChainTypeId") REFERENCES "KineticChainTypes" ("Id");
dbug: Microsoft.EntityFrameworkCore.Database.Command[20103]
      Creating DbCommand for 'ExecuteNonQuery'.
dbug: Microsoft.EntityFrameworkCore.Database.Command[20104]
      Created DbCommand for 'ExecuteNonQuery' (0ms).
dbug: Microsoft.EntityFrameworkCore.Database.Command[20106]
      Initialized DbCommand for 'ExecuteNonQuery' (0ms).
dbug: Microsoft.EntityFrameworkCore.Database.Command[20100]
      Executing DbCommand [Parameters=[], CommandType='Text', CommandTimeout='30']
      INSERT INTO "__EFMigrationsHistory" ("MigrationId", "ProductVersion")
      VALUES ('20250626223647_AddExerciseEntityWithRelationships', '9.0.6');
info: Microsoft.EntityFrameworkCore.Database.Command[20101]
      Executed DbCommand (0ms) [Parameters=[], CommandType='Text', CommandTimeout='30']
      INSERT INTO "__EFMigrationsHistory" ("MigrationId", "ProductVersion")
      VALUES ('20250626223647_AddExerciseEntityWithRelationships', '9.0.6');
info: 7/12/2025 16:16:35.858 RelationalEventId.CommandExecuted[20101] (Microsoft.EntityFrameworkCore.Database.Command) 
      Executed DbCommand (0ms) [Parameters=[], CommandType='Text', CommandTimeout='30']
      INSERT INTO "__EFMigrationsHistory" ("MigrationId", "ProductVersion")
      VALUES ('20250626223647_AddExerciseEntityWithRelationships', '9.0.6');
info: Microsoft.EntityFrameworkCore.Migrations[20402]
      Applying migration '20250628001030_AddCoachNotesAndExerciseTypes'.
info: 7/12/2025 16:16:35.858 RelationalEventId.MigrationApplying[20402] (Microsoft.EntityFrameworkCore.Migrations) 
      Applying migration '20250628001030_AddCoachNotesAndExerciseTypes'.
info: Microsoft.EntityFrameworkCore.Database.Command[20101]
      Executed DbCommand (0ms) [Parameters=[], CommandType='Text', CommandTimeout='30']
      ALTER TABLE "Exercises" ADD "ImageUrl" text;
info: 7/12/2025 16:16:35.858 RelationalEventId.CommandExecuted[20101] (Microsoft.EntityFrameworkCore.Database.Command) 
      Executed DbCommand (0ms) [Parameters=[], CommandType='Text', CommandTimeout='30']
      ALTER TABLE "Exercises" ADD "ImageUrl" text;
dbug: Microsoft.EntityFrameworkCore.Database.Command[20103]
      Creating DbCommand for 'ExecuteNonQuery'.
dbug: Microsoft.EntityFrameworkCore.Database.Command[20104]
      Created DbCommand for 'ExecuteNonQuery' (0ms).
dbug: Microsoft.EntityFrameworkCore.Database.Command[20106]
      Initialized DbCommand for 'ExecuteNonQuery' (0ms).
dbug: Microsoft.EntityFrameworkCore.Database.Command[20100]
      Executing DbCommand [Parameters=[], CommandType='Text', CommandTimeout='30']
      ALTER TABLE "Exercises" ADD "IsActive" boolean NOT NULL DEFAULT FALSE;
info: Microsoft.EntityFrameworkCore.Database.Command[20101]
      Executed DbCommand (1ms) [Parameters=[], CommandType='Text', CommandTimeout='30']
      ALTER TABLE "Exercises" ADD "IsActive" boolean NOT NULL DEFAULT FALSE;
info: 7/12/2025 16:16:35.858 RelationalEventId.CommandExecuted[20101] (Microsoft.EntityFrameworkCore.Database.Command) 
      Executed DbCommand (1ms) [Parameters=[], CommandType='Text', CommandTimeout='30']
      ALTER TABLE "Exercises" ADD "IsActive" boolean NOT NULL DEFAULT FALSE;
dbug: Microsoft.EntityFrameworkCore.Database.Command[20103]
      Creating DbCommand for 'ExecuteNonQuery'.
dbug: Microsoft.EntityFrameworkCore.Database.Command[20104]
      Created DbCommand for 'ExecuteNonQuery' (0ms).
dbug: Microsoft.EntityFrameworkCore.Database.Command[20106]
      Initialized DbCommand for 'ExecuteNonQuery' (0ms).
dbug: Microsoft.EntityFrameworkCore.Database.Command[20100]
      Executing DbCommand [Parameters=[], CommandType='Text', CommandTimeout='30']
      CREATE TABLE "ExerciseBodyParts" (
          "ExerciseId" uuid NOT NULL,
          "BodyPartId" uuid NOT NULL,
          CONSTRAINT "PK_ExerciseBodyParts" PRIMARY KEY ("ExerciseId", "BodyPartId"),
          CONSTRAINT "FK_ExerciseBodyParts_BodyParts_BodyPartId" FOREIGN KEY ("BodyPartId") REFERENCES "BodyParts" ("Id") ON DELETE CASCADE,
          CONSTRAINT "FK_ExerciseBodyParts_Exercises_ExerciseId" FOREIGN KEY ("ExerciseId") REFERENCES "Exercises" ("Id") ON DELETE CASCADE
      );
info: Microsoft.EntityFrameworkCore.Database.Command[20101]
      Executed DbCommand (2ms) [Parameters=[], CommandType='Text', CommandTimeout='30']
      CREATE TABLE "ExerciseBodyParts" (
          "ExerciseId" uuid NOT NULL,
          "BodyPartId" uuid NOT NULL,
          CONSTRAINT "PK_ExerciseBodyParts" PRIMARY KEY ("ExerciseId", "BodyPartId"),
          CONSTRAINT "FK_ExerciseBodyParts_BodyParts_BodyPartId" FOREIGN KEY ("BodyPartId") REFERENCES "BodyParts" ("Id") ON DELETE CASCADE,
          CONSTRAINT "FK_ExerciseBodyParts_Exercises_ExerciseId" FOREIGN KEY ("ExerciseId") REFERENCES "Exercises" ("Id") ON DELETE CASCADE
      );
info: 7/12/2025 16:16:35.860 RelationalEventId.CommandExecuted[20101] (Microsoft.EntityFrameworkCore.Database.Command) 
      Executed DbCommand (2ms) [Parameters=[], CommandType='Text', CommandTimeout='30']
      CREATE TABLE "ExerciseBodyParts" (
          "ExerciseId" uuid NOT NULL,
          "BodyPartId" uuid NOT NULL,
          CONSTRAINT "PK_ExerciseBodyParts" PRIMARY KEY ("ExerciseId", "BodyPartId"),
          CONSTRAINT "FK_ExerciseBodyParts_BodyParts_BodyPartId" FOREIGN KEY ("BodyPartId") REFERENCES "BodyParts" ("Id") ON DELETE CASCADE,
          CONSTRAINT "FK_ExerciseBodyParts_Exercises_ExerciseId" FOREIGN KEY ("ExerciseId") REFERENCES "Exercises" ("Id") ON DELETE CASCADE
      );
dbug: Microsoft.EntityFrameworkCore.Database.Command[20103]
      Creating DbCommand for 'ExecuteNonQuery'.
dbug: Microsoft.EntityFrameworkCore.Database.Command[20104]
      Created DbCommand for 'ExecuteNonQuery' (0ms).
dbug: Microsoft.EntityFrameworkCore.Database.Command[20106]
      Initialized DbCommand for 'ExecuteNonQuery' (0ms).
dbug: Microsoft.EntityFrameworkCore.Database.Command[20100]
      Executing DbCommand [Parameters=[], CommandType='Text', CommandTimeout='30']
      CREATE TABLE "ExerciseMuscleGroups" (
          "ExerciseId" uuid NOT NULL,
          "MuscleGroupId" uuid NOT NULL,
          "MuscleRoleId" uuid NOT NULL,
          CONSTRAINT "PK_ExerciseMuscleGroups" PRIMARY KEY ("ExerciseId", "MuscleGroupId"),
          CONSTRAINT "FK_ExerciseMuscleGroups_Exercises_ExerciseId" FOREIGN KEY ("ExerciseId") REFERENCES "Exercises" ("Id") ON DELETE CASCADE,
          CONSTRAINT "FK_ExerciseMuscleGroups_MuscleGroups_MuscleGroupId" FOREIGN KEY ("MuscleGroupId") REFERENCES "MuscleGroups" ("Id") ON DELETE CASCADE,
          CONSTRAINT "FK_ExerciseMuscleGroups_MuscleRoles_MuscleRoleId" FOREIGN KEY ("MuscleRoleId") REFERENCES "MuscleRoles" ("Id") ON DELETE CASCADE
      );
info: Microsoft.EntityFrameworkCore.Database.Command[20101]
      Executed DbCommand (1ms) [Parameters=[], CommandType='Text', CommandTimeout='30']
      CREATE TABLE "ExerciseMuscleGroups" (
          "ExerciseId" uuid NOT NULL,
          "MuscleGroupId" uuid NOT NULL,
          "MuscleRoleId" uuid NOT NULL,
          CONSTRAINT "PK_ExerciseMuscleGroups" PRIMARY KEY ("ExerciseId", "MuscleGroupId"),
          CONSTRAINT "FK_ExerciseMuscleGroups_Exercises_ExerciseId" FOREIGN KEY ("ExerciseId") REFERENCES "Exercises" ("Id") ON DELETE CASCADE,
          CONSTRAINT "FK_ExerciseMuscleGroups_MuscleGroups_MuscleGroupId" FOREIGN KEY ("MuscleGroupId") REFERENCES "MuscleGroups" ("Id") ON DELETE CASCADE,
          CONSTRAINT "FK_ExerciseMuscleGroups_MuscleRoles_MuscleRoleId" FOREIGN KEY ("MuscleRoleId") REFERENCES "MuscleRoles" ("Id") ON DELETE CASCADE
      );
info: 7/12/2025 16:16:35.862 RelationalEventId.CommandExecuted[20101] (Microsoft.EntityFrameworkCore.Database.Command) 
      Executed DbCommand (1ms) [Parameters=[], CommandType='Text', CommandTimeout='30']
      CREATE TABLE "ExerciseMuscleGroups" (
          "ExerciseId" uuid NOT NULL,
          "MuscleGroupId" uuid NOT NULL,
          "MuscleRoleId" uuid NOT NULL,
          CONSTRAINT "PK_ExerciseMuscleGroups" PRIMARY KEY ("ExerciseId", "MuscleGroupId"),
          CONSTRAINT "FK_ExerciseMuscleGroups_Exercises_ExerciseId" FOREIGN KEY ("ExerciseId") REFERENCES "Exercises" ("Id") ON DELETE CASCADE,
          CONSTRAINT "FK_ExerciseMuscleGroups_MuscleGroups_MuscleGroupId" FOREIGN KEY ("MuscleGroupId") REFERENCES "MuscleGroups" ("Id") ON DELETE CASCADE,
          CONSTRAINT "FK_ExerciseMuscleGroups_MuscleRoles_MuscleRoleId" FOREIGN KEY ("MuscleRoleId") REFERENCES "MuscleRoles" ("Id") ON DELETE CASCADE
      );
dbug: Microsoft.EntityFrameworkCore.Database.Command[20103]
      Creating DbCommand for 'ExecuteNonQuery'.
dbug: Microsoft.EntityFrameworkCore.Database.Command[20104]
      Created DbCommand for 'ExecuteNonQuery' (0ms).
dbug: Microsoft.EntityFrameworkCore.Database.Command[20106]
      Initialized DbCommand for 'ExecuteNonQuery' (0ms).
dbug: Microsoft.EntityFrameworkCore.Database.Command[20100]
      Executing DbCommand [Parameters=[], CommandType='Text', CommandTimeout='30']
      CREATE UNIQUE INDEX "IX_Exercises_Name" ON "Exercises" ("Name");
info: Microsoft.EntityFrameworkCore.Database.Command[20101]
      Executed DbCommand (1ms) [Parameters=[], CommandType='Text', CommandTimeout='30']
      CREATE UNIQUE INDEX "IX_Exercises_Name" ON "Exercises" ("Name");
info: 7/12/2025 16:16:35.862 RelationalEventId.CommandExecuted[20101] (Microsoft.EntityFrameworkCore.Database.Command) 
      Executed DbCommand (1ms) [Parameters=[], CommandType='Text', CommandTimeout='30']
      CREATE UNIQUE INDEX "IX_Exercises_Name" ON "Exercises" ("Name");
dbug: Microsoft.EntityFrameworkCore.Database.Command[20103]
      Creating DbCommand for 'ExecuteNonQuery'.
dbug: Microsoft.EntityFrameworkCore.Database.Command[20104]
      Created DbCommand for 'ExecuteNonQuery' (0ms).
dbug: Microsoft.EntityFrameworkCore.Database.Command[20106]
      Initialized DbCommand for 'ExecuteNonQuery' (0ms).
dbug: Microsoft.EntityFrameworkCore.Database.Command[20100]
      Executing DbCommand [Parameters=[], CommandType='Text', CommandTimeout='30']
      CREATE INDEX "IX_ExerciseBodyParts_BodyPartId" ON "ExerciseBodyParts" ("BodyPartId");
info: Microsoft.EntityFrameworkCore.Database.Command[20101]
      Executed DbCommand (1ms) [Parameters=[], CommandType='Text', CommandTimeout='30']
      CREATE INDEX "IX_ExerciseBodyParts_BodyPartId" ON "ExerciseBodyParts" ("BodyPartId");
info: 7/12/2025 16:16:35.863 RelationalEventId.CommandExecuted[20101] (Microsoft.EntityFrameworkCore.Database.Command) 
      Executed DbCommand (1ms) [Parameters=[], CommandType='Text', CommandTimeout='30']
      CREATE INDEX "IX_ExerciseBodyParts_BodyPartId" ON "ExerciseBodyParts" ("BodyPartId");
dbug: Microsoft.EntityFrameworkCore.Database.Command[20103]
      Creating DbCommand for 'ExecuteNonQuery'.
dbug: Microsoft.EntityFrameworkCore.Database.Command[20104]
      Created DbCommand for 'ExecuteNonQuery' (0ms).
dbug: Microsoft.EntityFrameworkCore.Database.Command[20106]
      Initialized DbCommand for 'ExecuteNonQuery' (0ms).
dbug: Microsoft.EntityFrameworkCore.Database.Command[20100]
      Executing DbCommand [Parameters=[], CommandType='Text', CommandTimeout='30']
      CREATE INDEX "IX_ExerciseMuscleGroups_MuscleGroupId" ON "ExerciseMuscleGroups" ("MuscleGroupId");
info: Microsoft.EntityFrameworkCore.Database.Command[20101]
      Executed DbCommand (1ms) [Parameters=[], CommandType='Text', CommandTimeout='30']
      CREATE INDEX "IX_ExerciseMuscleGroups_MuscleGroupId" ON "ExerciseMuscleGroups" ("MuscleGroupId");
info: 7/12/2025 16:16:35.864 RelationalEventId.CommandExecuted[20101] (Microsoft.EntityFrameworkCore.Database.Command) 
      Executed DbCommand (1ms) [Parameters=[], CommandType='Text', CommandTimeout='30']
      CREATE INDEX "IX_ExerciseMuscleGroups_MuscleGroupId" ON "ExerciseMuscleGroups" ("MuscleGroupId");
dbug: Microsoft.EntityFrameworkCore.Database.Command[20103]
      Creating DbCommand for 'ExecuteNonQuery'.
dbug: Microsoft.EntityFrameworkCore.Database.Command[20104]
      Created DbCommand for 'ExecuteNonQuery' (0ms).
dbug: Microsoft.EntityFrameworkCore.Database.Command[20106]
      Initialized DbCommand for 'ExecuteNonQuery' (0ms).
dbug: Microsoft.EntityFrameworkCore.Database.Command[20100]
      Executing DbCommand [Parameters=[], CommandType='Text', CommandTimeout='30']
      CREATE INDEX "IX_ExerciseMuscleGroups_MuscleRoleId" ON "ExerciseMuscleGroups" ("MuscleRoleId");
info: Microsoft.EntityFrameworkCore.Database.Command[20101]
      Executed DbCommand (0ms) [Parameters=[], CommandType='Text', CommandTimeout='30']
      CREATE INDEX "IX_ExerciseMuscleGroups_MuscleRoleId" ON "ExerciseMuscleGroups" ("MuscleRoleId");
info: 7/12/2025 16:16:35.864 RelationalEventId.CommandExecuted[20101] (Microsoft.EntityFrameworkCore.Database.Command) 
      Executed DbCommand (0ms) [Parameters=[], CommandType='Text', CommandTimeout='30']
      CREATE INDEX "IX_ExerciseMuscleGroups_MuscleRoleId" ON "ExerciseMuscleGroups" ("MuscleRoleId");
dbug: Microsoft.EntityFrameworkCore.Database.Command[20103]
      Creating DbCommand for 'ExecuteNonQuery'.
dbug: Microsoft.EntityFrameworkCore.Database.Command[20104]
      Created DbCommand for 'ExecuteNonQuery' (0ms).
dbug: Microsoft.EntityFrameworkCore.Database.Command[20106]
      Initialized DbCommand for 'ExecuteNonQuery' (0ms).
dbug: Microsoft.EntityFrameworkCore.Database.Command[20100]
      Executing DbCommand [Parameters=[], CommandType='Text', CommandTimeout='30']
      ALTER TABLE "ExerciseMovementPatterns" ADD CONSTRAINT "FK_ExerciseMovementPatterns_MovementPatterns_MovementPatternId" FOREIGN KEY ("MovementPatternId") REFERENCES "MovementPatterns" ("Id") ON DELETE CASCADE;
info: Microsoft.EntityFrameworkCore.Database.Command[20101]
      Executed DbCommand (1ms) [Parameters=[], CommandType='Text', CommandTimeout='30']
      ALTER TABLE "ExerciseMovementPatterns" ADD CONSTRAINT "FK_ExerciseMovementPatterns_MovementPatterns_MovementPatternId" FOREIGN KEY ("MovementPatternId") REFERENCES "MovementPatterns" ("Id") ON DELETE CASCADE;
info: 7/12/2025 16:16:35.865 RelationalEventId.CommandExecuted[20101] (Microsoft.EntityFrameworkCore.Database.Command) 
      Executed DbCommand (1ms) [Parameters=[], CommandType='Text', CommandTimeout='30']
      ALTER TABLE "ExerciseMovementPatterns" ADD CONSTRAINT "FK_ExerciseMovementPatterns_MovementPatterns_MovementPatternId" FOREIGN KEY ("MovementPatternId") REFERENCES "MovementPatterns" ("Id") ON DELETE CASCADE;
dbug: Microsoft.EntityFrameworkCore.Database.Command[20103]
      Creating DbCommand for 'ExecuteNonQuery'.
dbug: Microsoft.EntityFrameworkCore.Database.Command[20104]
      Created DbCommand for 'ExecuteNonQuery' (0ms).
dbug: Microsoft.EntityFrameworkCore.Database.Command[20106]
      Initialized DbCommand for 'ExecuteNonQuery' (0ms).
dbug: Microsoft.EntityFrameworkCore.Database.Command[20100]
      Executing DbCommand [Parameters=[], CommandType='Text', CommandTimeout='30']
      ALTER TABLE "Exercises" ADD CONSTRAINT "FK_Exercises_DifficultyLevels_DifficultyId" FOREIGN KEY ("DifficultyId") REFERENCES "DifficultyLevels" ("Id") ON DELETE CASCADE;
info: Microsoft.EntityFrameworkCore.Database.Command[20101]
      Executed DbCommand (1ms) [Parameters=[], CommandType='Text', CommandTimeout='30']
      ALTER TABLE "Exercises" ADD CONSTRAINT "FK_Exercises_DifficultyLevels_DifficultyId" FOREIGN KEY ("DifficultyId") REFERENCES "DifficultyLevels" ("Id") ON DELETE CASCADE;
info: 7/12/2025 16:16:35.865 RelationalEventId.CommandExecuted[20101] (Microsoft.EntityFrameworkCore.Database.Command) 
      Executed DbCommand (1ms) [Parameters=[], CommandType='Text', CommandTimeout='30']
      ALTER TABLE "Exercises" ADD CONSTRAINT "FK_Exercises_DifficultyLevels_DifficultyId" FOREIGN KEY ("DifficultyId") REFERENCES "DifficultyLevels" ("Id") ON DELETE CASCADE;
dbug: Microsoft.EntityFrameworkCore.Database.Command[20103]
      Creating DbCommand for 'ExecuteNonQuery'.
dbug: Microsoft.EntityFrameworkCore.Database.Command[20104]
      Created DbCommand for 'ExecuteNonQuery' (0ms).
dbug: Microsoft.EntityFrameworkCore.Database.Command[20106]
      Initialized DbCommand for 'ExecuteNonQuery' (0ms).
dbug: Microsoft.EntityFrameworkCore.Database.Command[20100]
      Executing DbCommand [Parameters=[], CommandType='Text', CommandTimeout='30']
      ALTER TABLE "Exercises" ADD CONSTRAINT "FK_Exercises_KineticChainTypes_KineticChainTypeId" FOREIGN KEY ("KineticChainTypeId") REFERENCES "KineticChainTypes" ("Id");
info: Microsoft.EntityFrameworkCore.Database.Command[20101]
      Executed DbCommand (1ms) [Parameters=[], CommandType='Text', CommandTimeout='30']
      ALTER TABLE "Exercises" ADD CONSTRAINT "FK_Exercises_KineticChainTypes_KineticChainTypeId" FOREIGN KEY ("KineticChainTypeId") REFERENCES "KineticChainTypes" ("Id");
info: 7/12/2025 16:16:35.866 RelationalEventId.CommandExecuted[20101] (Microsoft.EntityFrameworkCore.Database.Command) 
      Executed DbCommand (1ms) [Parameters=[], CommandType='Text', CommandTimeout='30']
      ALTER TABLE "Exercises" ADD CONSTRAINT "FK_Exercises_KineticChainTypes_KineticChainTypeId" FOREIGN KEY ("KineticChainTypeId") REFERENCES "KineticChainTypes" ("Id");
dbug: Microsoft.EntityFrameworkCore.Database.Command[20103]
      Creating DbCommand for 'ExecuteNonQuery'.
dbug: Microsoft.EntityFrameworkCore.Database.Command[20104]
      Created DbCommand for 'ExecuteNonQuery' (0ms).
dbug: Microsoft.EntityFrameworkCore.Database.Command[20106]
      Initialized DbCommand for 'ExecuteNonQuery' (0ms).
dbug: Microsoft.EntityFrameworkCore.Database.Command[20100]
      Executing DbCommand [Parameters=[], CommandType='Text', CommandTimeout='30']
      INSERT INTO "__EFMigrationsHistory" ("MigrationId", "ProductVersion")
      VALUES ('20250626223647_AddExerciseEntityWithRelationships', '9.0.6');
info: Microsoft.EntityFrameworkCore.Database.Command[20101]
      Executed DbCommand (0ms) [Parameters=[], CommandType='Text', CommandTimeout='30']
      INSERT INTO "__EFMigrationsHistory" ("MigrationId", "ProductVersion")
      VALUES ('20250626223647_AddExerciseEntityWithRelationships', '9.0.6');
info: 7/12/2025 16:16:35.866 RelationalEventId.CommandExecuted[20101] (Microsoft.EntityFrameworkCore.Database.Command) 
      Executed DbCommand (0ms) [Parameters=[], CommandType='Text', CommandTimeout='30']
      INSERT INTO "__EFMigrationsHistory" ("MigrationId", "ProductVersion")
      VALUES ('20250626223647_AddExerciseEntityWithRelationships', '9.0.6');
info: Microsoft.EntityFrameworkCore.Migrations[20402]
      Applying migration '20250628001030_AddCoachNotesAndExerciseTypes'.
info: 7/12/2025 16:16:35.866 RelationalEventId.MigrationApplying[20402] (Microsoft.EntityFrameworkCore.Migrations) 
      Applying migration '20250628001030_AddCoachNotesAndExerciseTypes'.
dbug: Microsoft.EntityFrameworkCore.Database.Command[20103]
      Creating DbCommand for 'ExecuteNonQuery'.
dbug: Microsoft.EntityFrameworkCore.Database.Command[20104]
      Created DbCommand for 'ExecuteNonQuery' (0ms).
dbug: Microsoft.EntityFrameworkCore.Database.Command[20106]
      Initialized DbCommand for 'ExecuteNonQuery' (0ms).
dbug: Microsoft.EntityFrameworkCore.Database.Command[20100]
      Executing DbCommand [Parameters=[], CommandType='Text', CommandTimeout='30']
      ALTER TABLE "Exercises" DROP COLUMN "Instructions";
info: Microsoft.EntityFrameworkCore.Database.Command[20101]
      Executed DbCommand (0ms) [Parameters=[], CommandType='Text', CommandTimeout='30']
      ALTER TABLE "Exercises" DROP COLUMN "Instructions";
info: 7/12/2025 16:16:35.869 RelationalEventId.CommandExecuted[20101] (Microsoft.EntityFrameworkCore.Database.Command) 
      Executed DbCommand (0ms) [Parameters=[], CommandType='Text', CommandTimeout='30']
      ALTER TABLE "Exercises" DROP COLUMN "Instructions";
dbug: Microsoft.EntityFrameworkCore.Database.Command[20103]
      Creating DbCommand for 'ExecuteNonQuery'.
dbug: Microsoft.EntityFrameworkCore.Database.Command[20104]
      Created DbCommand for 'ExecuteNonQuery' (0ms).
dbug: Microsoft.EntityFrameworkCore.Database.Command[20106]
      Initialized DbCommand for 'ExecuteNonQuery' (0ms).
dbug: Microsoft.EntityFrameworkCore.Database.Command[20100]
      Executing DbCommand [Parameters=[], CommandType='Text', CommandTimeout='30']
      CREATE TABLE "CoachNotes" (
          "Id" uuid NOT NULL,
          "ExerciseId" uuid NOT NULL,
          "Text" character varying(1000) NOT NULL,
          "Order" integer NOT NULL,
          CONSTRAINT "PK_CoachNotes" PRIMARY KEY ("Id"),
          CONSTRAINT "FK_CoachNotes_Exercises_ExerciseId" FOREIGN KEY ("ExerciseId") REFERENCES "Exercises" ("Id") ON DELETE CASCADE
      );
info: 7/12/2025 16:16:35.871 RelationalEventId.CommandExecuted[20101] (Microsoft.EntityFrameworkCore.Database.Command) 
      Executed DbCommand (1ms) [Parameters=[], CommandType='Text', CommandTimeout='30']
      CREATE TABLE "CoachNotes" (
          "Id" uuid NOT NULL,
          "ExerciseId" uuid NOT NULL,
          "Text" character varying(1000) NOT NULL,
          "Order" integer NOT NULL,
          CONSTRAINT "PK_CoachNotes" PRIMARY KEY ("Id"),
          CONSTRAINT "FK_CoachNotes_Exercises_ExerciseId" FOREIGN KEY ("ExerciseId") REFERENCES "Exercises" ("Id") ON DELETE CASCADE
      );
info: Microsoft.EntityFrameworkCore.Database.Command[20101]
      Executed DbCommand (1ms) [Parameters=[], CommandType='Text', CommandTimeout='30']
      CREATE TABLE "CoachNotes" (
          "Id" uuid NOT NULL,
          "ExerciseId" uuid NOT NULL,
          "Text" character varying(1000) NOT NULL,
          "Order" integer NOT NULL,
          CONSTRAINT "PK_CoachNotes" PRIMARY KEY ("Id"),
          CONSTRAINT "FK_CoachNotes_Exercises_ExerciseId" FOREIGN KEY ("ExerciseId") REFERENCES "Exercises" ("Id") ON DELETE CASCADE
      );
dbug: Microsoft.EntityFrameworkCore.Database.Command[20103]
      Creating DbCommand for 'ExecuteNonQuery'.
dbug: Microsoft.EntityFrameworkCore.Database.Command[20104]
      Created DbCommand for 'ExecuteNonQuery' (0ms).
dbug: Microsoft.EntityFrameworkCore.Database.Command[20106]
      Initialized DbCommand for 'ExecuteNonQuery' (0ms).
dbug: Microsoft.EntityFrameworkCore.Database.Command[20100]
      Executing DbCommand [Parameters=[], CommandType='Text', CommandTimeout='30']
      CREATE TABLE "ExerciseTypes" (
          "Id" uuid NOT NULL,
          "Value" text NOT NULL,
          "Description" text,
          "DisplayOrder" integer NOT NULL,
          "IsActive" boolean NOT NULL,
          CONSTRAINT "PK_ExerciseTypes" PRIMARY KEY ("Id")
      );
dbug: Microsoft.EntityFrameworkCore.Database.Command[20103]
      Creating DbCommand for 'ExecuteNonQuery'.
dbug: Microsoft.EntityFrameworkCore.Database.Command[20104]
      Created DbCommand for 'ExecuteNonQuery' (0ms).
dbug: Microsoft.EntityFrameworkCore.Database.Command[20106]
      Initialized DbCommand for 'ExecuteNonQuery' (0ms).
dbug: Microsoft.EntityFrameworkCore.Database.Command[20100]
      Executing DbCommand [Parameters=[], CommandType='Text', CommandTimeout='30']
      ALTER TABLE "Exercises" DROP COLUMN "Instructions";
info: Microsoft.EntityFrameworkCore.Database.Command[20101]
      Executed DbCommand (0ms) [Parameters=[], CommandType='Text', CommandTimeout='30']
      ALTER TABLE "Exercises" DROP COLUMN "Instructions";
info: 7/12/2025 16:16:35.872 RelationalEventId.CommandExecuted[20101] (Microsoft.EntityFrameworkCore.Database.Command) 
      Executed DbCommand (0ms) [Parameters=[], CommandType='Text', CommandTimeout='30']
      ALTER TABLE "Exercises" DROP COLUMN "Instructions";
dbug: Microsoft.EntityFrameworkCore.Database.Command[20103]
      Creating DbCommand for 'ExecuteNonQuery'.
dbug: Microsoft.EntityFrameworkCore.Database.Command[20104]
      Created DbCommand for 'ExecuteNonQuery' (0ms).
dbug: Microsoft.EntityFrameworkCore.Database.Command[20106]
      Initialized DbCommand for 'ExecuteNonQuery' (0ms).
dbug: Microsoft.EntityFrameworkCore.Database.Command[20100]
      Executing DbCommand [Parameters=[], CommandType='Text', CommandTimeout='30']
      CREATE TABLE "CoachNotes" (
          "Id" uuid NOT NULL,
          "ExerciseId" uuid NOT NULL,
          "Text" character varying(1000) NOT NULL,
          "Order" integer NOT NULL,
          CONSTRAINT "PK_CoachNotes" PRIMARY KEY ("Id"),
          CONSTRAINT "FK_CoachNotes_Exercises_ExerciseId" FOREIGN KEY ("ExerciseId") REFERENCES "Exercises" ("Id") ON DELETE CASCADE
      );
info: Microsoft.EntityFrameworkCore.Database.Command[20101]
      Executed DbCommand (2ms) [Parameters=[], CommandType='Text', CommandTimeout='30']
      CREATE TABLE "ExerciseTypes" (
          "Id" uuid NOT NULL,
          "Value" text NOT NULL,
          "Description" text,
          "DisplayOrder" integer NOT NULL,
          "IsActive" boolean NOT NULL,
          CONSTRAINT "PK_ExerciseTypes" PRIMARY KEY ("Id")
      );
info: 7/12/2025 16:16:35.872 RelationalEventId.CommandExecuted[20101] (Microsoft.EntityFrameworkCore.Database.Command) 
      Executed DbCommand (2ms) [Parameters=[], CommandType='Text', CommandTimeout='30']
      CREATE TABLE "ExerciseTypes" (
          "Id" uuid NOT NULL,
          "Value" text NOT NULL,
          "Description" text,
          "DisplayOrder" integer NOT NULL,
          "IsActive" boolean NOT NULL,
          CONSTRAINT "PK_ExerciseTypes" PRIMARY KEY ("Id")
      );
dbug: Microsoft.EntityFrameworkCore.Database.Command[20103]
      Creating DbCommand for 'ExecuteNonQuery'.
dbug: Microsoft.EntityFrameworkCore.Database.Command[20104]
      Created DbCommand for 'ExecuteNonQuery' (0ms).
dbug: Microsoft.EntityFrameworkCore.Database.Command[20106]
      Initialized DbCommand for 'ExecuteNonQuery' (0ms).
dbug: Microsoft.EntityFrameworkCore.Database.Command[20100]
      Executing DbCommand [Parameters=[], CommandType='Text', CommandTimeout='30']
      CREATE TABLE "ExerciseExerciseTypes" (
          "ExerciseId" uuid NOT NULL,
          "ExerciseTypeId" uuid NOT NULL,
          CONSTRAINT "PK_ExerciseExerciseTypes" PRIMARY KEY ("ExerciseId", "ExerciseTypeId"),
          CONSTRAINT "FK_ExerciseExerciseTypes_ExerciseTypes_ExerciseTypeId" FOREIGN KEY ("ExerciseTypeId") REFERENCES "ExerciseTypes" ("Id") ON DELETE CASCADE,
          CONSTRAINT "FK_ExerciseExerciseTypes_Exercises_ExerciseId" FOREIGN KEY ("ExerciseId") REFERENCES "Exercises" ("Id") ON DELETE CASCADE
      );
info: Microsoft.EntityFrameworkCore.Database.Command[20101]
      Executed DbCommand (1ms) [Parameters=[], CommandType='Text', CommandTimeout='30']
      CREATE TABLE "ExerciseExerciseTypes" (
          "ExerciseId" uuid NOT NULL,
          "ExerciseTypeId" uuid NOT NULL,
          CONSTRAINT "PK_ExerciseExerciseTypes" PRIMARY KEY ("ExerciseId", "ExerciseTypeId"),
          CONSTRAINT "FK_ExerciseExerciseTypes_ExerciseTypes_ExerciseTypeId" FOREIGN KEY ("ExerciseTypeId") REFERENCES "ExerciseTypes" ("Id") ON DELETE CASCADE,
          CONSTRAINT "FK_ExerciseExerciseTypes_Exercises_ExerciseId" FOREIGN KEY ("ExerciseId") REFERENCES "Exercises" ("Id") ON DELETE CASCADE
      );
info: 7/12/2025 16:16:35.873 RelationalEventId.CommandExecuted[20101] (Microsoft.EntityFrameworkCore.Database.Command) 
      Executed DbCommand (1ms) [Parameters=[], CommandType='Text', CommandTimeout='30']
      CREATE TABLE "ExerciseExerciseTypes" (
          "ExerciseId" uuid NOT NULL,
          "ExerciseTypeId" uuid NOT NULL,
          CONSTRAINT "PK_ExerciseExerciseTypes" PRIMARY KEY ("ExerciseId", "ExerciseTypeId"),
          CONSTRAINT "FK_ExerciseExerciseTypes_ExerciseTypes_ExerciseTypeId" FOREIGN KEY ("ExerciseTypeId") REFERENCES "ExerciseTypes" ("Id") ON DELETE CASCADE,
          CONSTRAINT "FK_ExerciseExerciseTypes_Exercises_ExerciseId" FOREIGN KEY ("ExerciseId") REFERENCES "Exercises" ("Id") ON DELETE CASCADE
      );
dbug: Microsoft.EntityFrameworkCore.Database.Command[20103]
      Creating DbCommand for 'ExecuteNonQuery'.
dbug: Microsoft.EntityFrameworkCore.Database.Command[20104]
      Created DbCommand for 'ExecuteNonQuery' (0ms).
dbug: Microsoft.EntityFrameworkCore.Database.Command[20106]
      Initialized DbCommand for 'ExecuteNonQuery' (0ms).
dbug: Microsoft.EntityFrameworkCore.Database.Command[20100]
      Executing DbCommand [Parameters=[], CommandType='Text', CommandTimeout='30']
      INSERT INTO "ExerciseTypes" ("Id", "Description", "DisplayOrder", "IsActive", "Value")
      VALUES ('11223344-5566-7788-99aa-bbccddeeff00', 'Exercises performed to prepare the body for more intense activity', 1, TRUE, 'Warmup');
      INSERT INTO "ExerciseTypes" ("Id", "Description", "DisplayOrder", "IsActive", "Value")
      VALUES ('22334455-6677-8899-aabb-ccddeeff0011', 'Main exercises that form the core of the training session', 2, TRUE, 'Workout');
      INSERT INTO "ExerciseTypes" ("Id", "Description", "DisplayOrder", "IsActive", "Value")
      VALUES ('33445566-7788-99aa-bbcc-ddeeff001122', 'Exercises performed to help the body recover after intense activity', 3, TRUE, 'Cooldown');
      INSERT INTO "ExerciseTypes" ("Id", "Description", "DisplayOrder", "IsActive", "Value")
      VALUES ('44556677-8899-aabb-ccdd-eeff00112233', 'Periods of rest between exercises or sets - cannot be combined with other exercise types', 4, TRUE, 'Rest');
info: Microsoft.EntityFrameworkCore.Database.Command[20101]
      Executed DbCommand (2ms) [Parameters=[], CommandType='Text', CommandTimeout='30']
      CREATE TABLE "CoachNotes" (
          "Id" uuid NOT NULL,
          "ExerciseId" uuid NOT NULL,
          "Text" character varying(1000) NOT NULL,
          "Order" integer NOT NULL,
          CONSTRAINT "PK_CoachNotes" PRIMARY KEY ("Id"),
          CONSTRAINT "FK_CoachNotes_Exercises_ExerciseId" FOREIGN KEY ("ExerciseId") REFERENCES "Exercises" ("Id") ON DELETE CASCADE
      );
info: 7/12/2025 16:16:35.873 RelationalEventId.CommandExecuted[20101] (Microsoft.EntityFrameworkCore.Database.Command) 
      Executed DbCommand (2ms) [Parameters=[], CommandType='Text', CommandTimeout='30']
      CREATE TABLE "CoachNotes" (
          "Id" uuid NOT NULL,
          "ExerciseId" uuid NOT NULL,
          "Text" character varying(1000) NOT NULL,
          "Order" integer NOT NULL,
          CONSTRAINT "PK_CoachNotes" PRIMARY KEY ("Id"),
          CONSTRAINT "FK_CoachNotes_Exercises_ExerciseId" FOREIGN KEY ("ExerciseId") REFERENCES "Exercises" ("Id") ON DELETE CASCADE
      );
dbug: Microsoft.EntityFrameworkCore.Database.Command[20103]
      Creating DbCommand for 'ExecuteNonQuery'.
dbug: Microsoft.EntityFrameworkCore.Database.Command[20104]
      Created DbCommand for 'ExecuteNonQuery' (0ms).
dbug: Microsoft.EntityFrameworkCore.Database.Command[20106]
      Initialized DbCommand for 'ExecuteNonQuery' (0ms).
dbug: Microsoft.EntityFrameworkCore.Database.Command[20100]
      Executing DbCommand [Parameters=[], CommandType='Text', CommandTimeout='30']
      CREATE TABLE "ExerciseTypes" (
          "Id" uuid NOT NULL,
          "Value" text NOT NULL,
          "Description" text,
          "DisplayOrder" integer NOT NULL,
          "IsActive" boolean NOT NULL,
          CONSTRAINT "PK_ExerciseTypes" PRIMARY KEY ("Id")
      );
info: Microsoft.EntityFrameworkCore.Database.Command[20101]
      Executed DbCommand (0ms) [Parameters=[], CommandType='Text', CommandTimeout='30']
      INSERT INTO "ExerciseTypes" ("Id", "Description", "DisplayOrder", "IsActive", "Value")
      VALUES ('11223344-5566-7788-99aa-bbccddeeff00', 'Exercises performed to prepare the body for more intense activity', 1, TRUE, 'Warmup');
      INSERT INTO "ExerciseTypes" ("Id", "Description", "DisplayOrder", "IsActive", "Value")
      VALUES ('22334455-6677-8899-aabb-ccddeeff0011', 'Main exercises that form the core of the training session', 2, TRUE, 'Workout');
      INSERT INTO "ExerciseTypes" ("Id", "Description", "DisplayOrder", "IsActive", "Value")
      VALUES ('33445566-7788-99aa-bbcc-ddeeff001122', 'Exercises performed to help the body recover after intense activity', 3, TRUE, 'Cooldown');
      INSERT INTO "ExerciseTypes" ("Id", "Description", "DisplayOrder", "IsActive", "Value")
      VALUES ('44556677-8899-aabb-ccdd-eeff00112233', 'Periods of rest between exercises or sets - cannot be combined with other exercise types', 4, TRUE, 'Rest');
info: 7/12/2025 16:16:35.874 RelationalEventId.CommandExecuted[20101] (Microsoft.EntityFrameworkCore.Database.Command) 
      Executed DbCommand (0ms) [Parameters=[], CommandType='Text', CommandTimeout='30']
      INSERT INTO "ExerciseTypes" ("Id", "Description", "DisplayOrder", "IsActive", "Value")
      VALUES ('11223344-5566-7788-99aa-bbccddeeff00', 'Exercises performed to prepare the body for more intense activity', 1, TRUE, 'Warmup');
      INSERT INTO "ExerciseTypes" ("Id", "Description", "DisplayOrder", "IsActive", "Value")
      VALUES ('22334455-6677-8899-aabb-ccddeeff0011', 'Main exercises that form the core of the training session', 2, TRUE, 'Workout');
      INSERT INTO "ExerciseTypes" ("Id", "Description", "DisplayOrder", "IsActive", "Value")
      VALUES ('33445566-7788-99aa-bbcc-ddeeff001122', 'Exercises performed to help the body recover after intense activity', 3, TRUE, 'Cooldown');
      INSERT INTO "ExerciseTypes" ("Id", "Description", "DisplayOrder", "IsActive", "Value")
      VALUES ('44556677-8899-aabb-ccdd-eeff00112233', 'Periods of rest between exercises or sets - cannot be combined with other exercise types', 4, TRUE, 'Rest');
dbug: Microsoft.EntityFrameworkCore.Database.Command[20103]
      Creating DbCommand for 'ExecuteNonQuery'.
dbug: Microsoft.EntityFrameworkCore.Database.Command[20104]
      Created DbCommand for 'ExecuteNonQuery' (0ms).
dbug: Microsoft.EntityFrameworkCore.Database.Command[20106]
      Initialized DbCommand for 'ExecuteNonQuery' (0ms).
dbug: Microsoft.EntityFrameworkCore.Database.Command[20100]
      Executing DbCommand [Parameters=[], CommandType='Text', CommandTimeout='30']
      CREATE INDEX "IX_CoachNote_ExerciseId_Order" ON "CoachNotes" ("ExerciseId", "Order");
info: Microsoft.EntityFrameworkCore.Database.Command[20101]
      Executed DbCommand (0ms) [Parameters=[], CommandType='Text', CommandTimeout='30']
      CREATE INDEX "IX_CoachNote_ExerciseId_Order" ON "CoachNotes" ("ExerciseId", "Order");
info: 7/12/2025 16:16:35.874 RelationalEventId.CommandExecuted[20101] (Microsoft.EntityFrameworkCore.Database.Command) 
      Executed DbCommand (0ms) [Parameters=[], CommandType='Text', CommandTimeout='30']
      CREATE INDEX "IX_CoachNote_ExerciseId_Order" ON "CoachNotes" ("ExerciseId", "Order");
dbug: Microsoft.EntityFrameworkCore.Database.Command[20103]
      Creating DbCommand for 'ExecuteNonQuery'.
dbug: Microsoft.EntityFrameworkCore.Database.Command[20104]
      Created DbCommand for 'ExecuteNonQuery' (0ms).
dbug: Microsoft.EntityFrameworkCore.Database.Command[20106]
      Initialized DbCommand for 'ExecuteNonQuery' (0ms).
dbug: Microsoft.EntityFrameworkCore.Database.Command[20100]
      Executing DbCommand [Parameters=[], CommandType='Text', CommandTimeout='30']
      CREATE INDEX "IX_ExerciseExerciseTypes_ExerciseTypeId" ON "ExerciseExerciseTypes" ("ExerciseTypeId");
info: Microsoft.EntityFrameworkCore.Database.Command[20101]
      Executed DbCommand (0ms) [Parameters=[], CommandType='Text', CommandTimeout='30']
      CREATE INDEX "IX_ExerciseExerciseTypes_ExerciseTypeId" ON "ExerciseExerciseTypes" ("ExerciseTypeId");
info: 7/12/2025 16:16:35.874 RelationalEventId.CommandExecuted[20101] (Microsoft.EntityFrameworkCore.Database.Command) 
      Executed DbCommand (0ms) [Parameters=[], CommandType='Text', CommandTimeout='30']
      CREATE INDEX "IX_ExerciseExerciseTypes_ExerciseTypeId" ON "ExerciseExerciseTypes" ("ExerciseTypeId");
dbug: Microsoft.EntityFrameworkCore.Database.Command[20103]
      Creating DbCommand for 'ExecuteNonQuery'.
dbug: Microsoft.EntityFrameworkCore.Database.Command[20104]
      Created DbCommand for 'ExecuteNonQuery' (0ms).
dbug: Microsoft.EntityFrameworkCore.Database.Command[20106]
      Initialized DbCommand for 'ExecuteNonQuery' (0ms).
dbug: Microsoft.EntityFrameworkCore.Database.Command[20100]
      Executing DbCommand [Parameters=[], CommandType='Text', CommandTimeout='30']
      INSERT INTO "__EFMigrationsHistory" ("MigrationId", "ProductVersion")
      VALUES ('20250628001030_AddCoachNotesAndExerciseTypes', '9.0.6');
info: Microsoft.EntityFrameworkCore.Database.Command[20101]
      Executed DbCommand (1ms) [Parameters=[], CommandType='Text', CommandTimeout='30']
      CREATE TABLE "ExerciseTypes" (
          "Id" uuid NOT NULL,
          "Value" text NOT NULL,
          "Description" text,
          "DisplayOrder" integer NOT NULL,
          "IsActive" boolean NOT NULL,
          CONSTRAINT "PK_ExerciseTypes" PRIMARY KEY ("Id")
      );
info: 7/12/2025 16:16:35.874 RelationalEventId.CommandExecuted[20101] (Microsoft.EntityFrameworkCore.Database.Command) 
      Executed DbCommand (1ms) [Parameters=[], CommandType='Text', CommandTimeout='30']
      CREATE TABLE "ExerciseTypes" (
          "Id" uuid NOT NULL,
          "Value" text NOT NULL,
          "Description" text,
          "DisplayOrder" integer NOT NULL,
          "IsActive" boolean NOT NULL,
          CONSTRAINT "PK_ExerciseTypes" PRIMARY KEY ("Id")
      );
dbug: Microsoft.EntityFrameworkCore.Database.Command[20103]
      Creating DbCommand for 'ExecuteNonQuery'.
dbug: Microsoft.EntityFrameworkCore.Database.Command[20104]
      Created DbCommand for 'ExecuteNonQuery' (0ms).
dbug: Microsoft.EntityFrameworkCore.Database.Command[20106]
      Initialized DbCommand for 'ExecuteNonQuery' (0ms).
dbug: Microsoft.EntityFrameworkCore.Database.Command[20100]
      Executing DbCommand [Parameters=[], CommandType='Text', CommandTimeout='30']
      CREATE TABLE "ExerciseExerciseTypes" (
          "ExerciseId" uuid NOT NULL,
          "ExerciseTypeId" uuid NOT NULL,
          CONSTRAINT "PK_ExerciseExerciseTypes" PRIMARY KEY ("ExerciseId", "ExerciseTypeId"),
          CONSTRAINT "FK_ExerciseExerciseTypes_ExerciseTypes_ExerciseTypeId" FOREIGN KEY ("ExerciseTypeId") REFERENCES "ExerciseTypes" ("Id") ON DELETE CASCADE,
          CONSTRAINT "FK_ExerciseExerciseTypes_Exercises_ExerciseId" FOREIGN KEY ("ExerciseId") REFERENCES "Exercises" ("Id") ON DELETE CASCADE
      );
info: Microsoft.EntityFrameworkCore.Database.Command[20101]
      Executed DbCommand (0ms) [Parameters=[], CommandType='Text', CommandTimeout='30']
      INSERT INTO "__EFMigrationsHistory" ("MigrationId", "ProductVersion")
      VALUES ('20250628001030_AddCoachNotesAndExerciseTypes', '9.0.6');
info: 7/12/2025 16:16:35.874 RelationalEventId.CommandExecuted[20101] (Microsoft.EntityFrameworkCore.Database.Command) 
      Executed DbCommand (0ms) [Parameters=[], CommandType='Text', CommandTimeout='30']
      INSERT INTO "__EFMigrationsHistory" ("MigrationId", "ProductVersion")
      VALUES ('20250628001030_AddCoachNotesAndExerciseTypes', '9.0.6');
info: Microsoft.EntityFrameworkCore.Migrations[20402]
      Applying migration '20250629125752_AddCrudFieldsToMuscleGroup'.
info: 7/12/2025 16:16:35.874 RelationalEventId.MigrationApplying[20402] (Microsoft.EntityFrameworkCore.Migrations) 
      Applying migration '20250629125752_AddCrudFieldsToMuscleGroup'.
info: 7/12/2025 16:16:35.875 RelationalEventId.CommandExecuted[20101] (Microsoft.EntityFrameworkCore.Database.Command) 
      Executed DbCommand (1ms) [Parameters=[], CommandType='Text', CommandTimeout='30']
      CREATE TABLE "ExerciseExerciseTypes" (
          "ExerciseId" uuid NOT NULL,
          "ExerciseTypeId" uuid NOT NULL,
          CONSTRAINT "PK_ExerciseExerciseTypes" PRIMARY KEY ("ExerciseId", "ExerciseTypeId"),
          CONSTRAINT "FK_ExerciseExerciseTypes_ExerciseTypes_ExerciseTypeId" FOREIGN KEY ("ExerciseTypeId") REFERENCES "ExerciseTypes" ("Id") ON DELETE CASCADE,
          CONSTRAINT "FK_ExerciseExerciseTypes_Exercises_ExerciseId" FOREIGN KEY ("ExerciseId") REFERENCES "Exercises" ("Id") ON DELETE CASCADE
      );
info: Microsoft.EntityFrameworkCore.Database.Command[20101]
      Executed DbCommand (1ms) [Parameters=[], CommandType='Text', CommandTimeout='30']
      CREATE TABLE "ExerciseExerciseTypes" (
          "ExerciseId" uuid NOT NULL,
          "ExerciseTypeId" uuid NOT NULL,
          CONSTRAINT "PK_ExerciseExerciseTypes" PRIMARY KEY ("ExerciseId", "ExerciseTypeId"),
          CONSTRAINT "FK_ExerciseExerciseTypes_ExerciseTypes_ExerciseTypeId" FOREIGN KEY ("ExerciseTypeId") REFERENCES "ExerciseTypes" ("Id") ON DELETE CASCADE,
          CONSTRAINT "FK_ExerciseExerciseTypes_Exercises_ExerciseId" FOREIGN KEY ("ExerciseId") REFERENCES "Exercises" ("Id") ON DELETE CASCADE
      );
dbug: Microsoft.EntityFrameworkCore.Database.Command[20103]
      Creating DbCommand for 'ExecuteNonQuery'.
dbug: Microsoft.EntityFrameworkCore.Database.Command[20104]
      Created DbCommand for 'ExecuteNonQuery' (0ms).
dbug: Microsoft.EntityFrameworkCore.Database.Command[20106]
      Initialized DbCommand for 'ExecuteNonQuery' (0ms).
dbug: Microsoft.EntityFrameworkCore.Database.Command[20100]
      Executing DbCommand [Parameters=[], CommandType='Text', CommandTimeout='30']
      INSERT INTO "ExerciseTypes" ("Id", "Description", "DisplayOrder", "IsActive", "Value")
      VALUES ('11223344-5566-7788-99aa-bbccddeeff00', 'Exercises performed to prepare the body for more intense activity', 1, TRUE, 'Warmup');
      INSERT INTO "ExerciseTypes" ("Id", "Description", "DisplayOrder", "IsActive", "Value")
      VALUES ('22334455-6677-8899-aabb-ccddeeff0011', 'Main exercises that form the core of the training session', 2, TRUE, 'Workout');
      INSERT INTO "ExerciseTypes" ("Id", "Description", "DisplayOrder", "IsActive", "Value")
      VALUES ('33445566-7788-99aa-bbcc-ddeeff001122', 'Exercises performed to help the body recover after intense activity', 3, TRUE, 'Cooldown');
      INSERT INTO "ExerciseTypes" ("Id", "Description", "DisplayOrder", "IsActive", "Value")
      VALUES ('44556677-8899-aabb-ccdd-eeff00112233', 'Periods of rest between exercises or sets - cannot be combined with other exercise types', 4, TRUE, 'Rest');
info: 7/12/2025 16:16:35.875 RelationalEventId.CommandExecuted[20101] (Microsoft.EntityFrameworkCore.Database.Command) 
      Executed DbCommand (0ms) [Parameters=[], CommandType='Text', CommandTimeout='30']
      INSERT INTO "ExerciseTypes" ("Id", "Description", "DisplayOrder", "IsActive", "Value")
      VALUES ('11223344-5566-7788-99aa-bbccddeeff00', 'Exercises performed to prepare the body for more intense activity', 1, TRUE, 'Warmup');
      INSERT INTO "ExerciseTypes" ("Id", "Description", "DisplayOrder", "IsActive", "Value")
      VALUES ('22334455-6677-8899-aabb-ccddeeff0011', 'Main exercises that form the core of the training session', 2, TRUE, 'Workout');
      INSERT INTO "ExerciseTypes" ("Id", "Description", "DisplayOrder", "IsActive", "Value")
      VALUES ('33445566-7788-99aa-bbcc-ddeeff001122', 'Exercises performed to help the body recover after intense activity', 3, TRUE, 'Cooldown');
      INSERT INTO "ExerciseTypes" ("Id", "Description", "DisplayOrder", "IsActive", "Value")
      VALUES ('44556677-8899-aabb-ccdd-eeff00112233', 'Periods of rest between exercises or sets - cannot be combined with other exercise types', 4, TRUE, 'Rest');
info: Microsoft.EntityFrameworkCore.Database.Command[20101]
      Executed DbCommand (0ms) [Parameters=[], CommandType='Text', CommandTimeout='30']
      INSERT INTO "ExerciseTypes" ("Id", "Description", "DisplayOrder", "IsActive", "Value")
      VALUES ('11223344-5566-7788-99aa-bbccddeeff00', 'Exercises performed to prepare the body for more intense activity', 1, TRUE, 'Warmup');
      INSERT INTO "ExerciseTypes" ("Id", "Description", "DisplayOrder", "IsActive", "Value")
      VALUES ('22334455-6677-8899-aabb-ccddeeff0011', 'Main exercises that form the core of the training session', 2, TRUE, 'Workout');
      INSERT INTO "ExerciseTypes" ("Id", "Description", "DisplayOrder", "IsActive", "Value")
      VALUES ('33445566-7788-99aa-bbcc-ddeeff001122', 'Exercises performed to help the body recover after intense activity', 3, TRUE, 'Cooldown');
      INSERT INTO "ExerciseTypes" ("Id", "Description", "DisplayOrder", "IsActive", "Value")
      VALUES ('44556677-8899-aabb-ccdd-eeff00112233', 'Periods of rest between exercises or sets - cannot be combined with other exercise types', 4, TRUE, 'Rest');
dbug: Microsoft.EntityFrameworkCore.Database.Command[20103]
      Creating DbCommand for 'ExecuteNonQuery'.
dbug: Microsoft.EntityFrameworkCore.Database.Command[20104]
      Created DbCommand for 'ExecuteNonQuery' (0ms).
dbug: Microsoft.EntityFrameworkCore.Database.Command[20106]
      Initialized DbCommand for 'ExecuteNonQuery' (0ms).
dbug: Microsoft.EntityFrameworkCore.Database.Command[20100]
      Executing DbCommand [Parameters=[], CommandType='Text', CommandTimeout='30']
      CREATE INDEX "IX_CoachNote_ExerciseId_Order" ON "CoachNotes" ("ExerciseId", "Order");
info: Microsoft.EntityFrameworkCore.Database.Command[20101]
      Executed DbCommand (0ms) [Parameters=[], CommandType='Text', CommandTimeout='30']
      CREATE INDEX "IX_CoachNote_ExerciseId_Order" ON "CoachNotes" ("ExerciseId", "Order");
info: 7/12/2025 16:16:35.876 RelationalEventId.CommandExecuted[20101] (Microsoft.EntityFrameworkCore.Database.Command) 
      Executed DbCommand (0ms) [Parameters=[], CommandType='Text', CommandTimeout='30']
      CREATE INDEX "IX_CoachNote_ExerciseId_Order" ON "CoachNotes" ("ExerciseId", "Order");
dbug: Microsoft.EntityFrameworkCore.Database.Command[20103]
      Creating DbCommand for 'ExecuteNonQuery'.
dbug: Microsoft.EntityFrameworkCore.Database.Command[20104]
      Created DbCommand for 'ExecuteNonQuery' (0ms).
dbug: Microsoft.EntityFrameworkCore.Database.Command[20106]
      Initialized DbCommand for 'ExecuteNonQuery' (0ms).
dbug: Microsoft.EntityFrameworkCore.Database.Command[20100]
      Executing DbCommand [Parameters=[], CommandType='Text', CommandTimeout='30']
      CREATE INDEX "IX_ExerciseExerciseTypes_ExerciseTypeId" ON "ExerciseExerciseTypes" ("ExerciseTypeId");
info: Microsoft.EntityFrameworkCore.Database.Command[20101]
      Executed DbCommand (0ms) [Parameters=[], CommandType='Text', CommandTimeout='30']
      CREATE INDEX "IX_ExerciseExerciseTypes_ExerciseTypeId" ON "ExerciseExerciseTypes" ("ExerciseTypeId");
info: 7/12/2025 16:16:35.876 RelationalEventId.CommandExecuted[20101] (Microsoft.EntityFrameworkCore.Database.Command) 
      Executed DbCommand (0ms) [Parameters=[], CommandType='Text', CommandTimeout='30']
      CREATE INDEX "IX_ExerciseExerciseTypes_ExerciseTypeId" ON "ExerciseExerciseTypes" ("ExerciseTypeId");
dbug: Microsoft.EntityFrameworkCore.Database.Command[20103]
      Creating DbCommand for 'ExecuteNonQuery'.
dbug: Microsoft.EntityFrameworkCore.Database.Command[20104]
      Created DbCommand for 'ExecuteNonQuery' (0ms).
dbug: Microsoft.EntityFrameworkCore.Database.Command[20106]
      Initialized DbCommand for 'ExecuteNonQuery' (0ms).
dbug: Microsoft.EntityFrameworkCore.Database.Command[20100]
      Executing DbCommand [Parameters=[], CommandType='Text', CommandTimeout='30']
      INSERT INTO "__EFMigrationsHistory" ("MigrationId", "ProductVersion")
      VALUES ('20250628001030_AddCoachNotesAndExerciseTypes', '9.0.6');
info: Microsoft.EntityFrameworkCore.Database.Command[20101]
      Executed DbCommand (0ms) [Parameters=[], CommandType='Text', CommandTimeout='30']
      INSERT INTO "__EFMigrationsHistory" ("MigrationId", "ProductVersion")
      VALUES ('20250628001030_AddCoachNotesAndExerciseTypes', '9.0.6');
info: 7/12/2025 16:16:35.876 RelationalEventId.CommandExecuted[20101] (Microsoft.EntityFrameworkCore.Database.Command) 
      Executed DbCommand (0ms) [Parameters=[], CommandType='Text', CommandTimeout='30']
      INSERT INTO "__EFMigrationsHistory" ("MigrationId", "ProductVersion")
      VALUES ('20250628001030_AddCoachNotesAndExerciseTypes', '9.0.6');
info: Microsoft.EntityFrameworkCore.Migrations[20402]
      Applying migration '20250629125752_AddCrudFieldsToMuscleGroup'.
info: 7/12/2025 16:16:35.876 RelationalEventId.MigrationApplying[20402] (Microsoft.EntityFrameworkCore.Migrations) 
      Applying migration '20250629125752_AddCrudFieldsToMuscleGroup'.
dbug: Microsoft.EntityFrameworkCore.Database.Command[20103]
      Creating DbCommand for 'ExecuteNonQuery'.
dbug: Microsoft.EntityFrameworkCore.Database.Command[20104]
      Created DbCommand for 'ExecuteNonQuery' (0ms).
dbug: Microsoft.EntityFrameworkCore.Database.Command[20106]
      Initialized DbCommand for 'ExecuteNonQuery' (0ms).
dbug: Microsoft.EntityFrameworkCore.Database.Command[20100]
      Executing DbCommand [Parameters=[], CommandType='Text', CommandTimeout='30']
      ALTER TABLE "MuscleGroups" ALTER COLUMN "Name" TYPE character varying(100);
dbug: Microsoft.EntityFrameworkCore.Database.Command[20103]
      Creating DbCommand for 'ExecuteNonQuery'.
dbug: Microsoft.EntityFrameworkCore.Database.Command[20104]
      Created DbCommand for 'ExecuteNonQuery' (0ms).
dbug: Microsoft.EntityFrameworkCore.Database.Command[20106]
      Initialized DbCommand for 'ExecuteNonQuery' (0ms).
dbug: Microsoft.EntityFrameworkCore.Database.Command[20100]
      Executing DbCommand [Parameters=[], CommandType='Text', CommandTimeout='30']
      ALTER TABLE "MuscleGroups" ALTER COLUMN "Name" TYPE character varying(100);
info: Microsoft.EntityFrameworkCore.Database.Command[20101]
      Executed DbCommand (1ms) [Parameters=[], CommandType='Text', CommandTimeout='30']
      ALTER TABLE "MuscleGroups" ALTER COLUMN "Name" TYPE character varying(100);
info: 7/12/2025 16:16:35.885 RelationalEventId.CommandExecuted[20101] (Microsoft.EntityFrameworkCore.Database.Command) 
      Executed DbCommand (1ms) [Parameters=[], CommandType='Text', CommandTimeout='30']
      ALTER TABLE "MuscleGroups" ALTER COLUMN "Name" TYPE character varying(100);
dbug: Microsoft.EntityFrameworkCore.Database.Command[20103]
      Creating DbCommand for 'ExecuteNonQuery'.
dbug: Microsoft.EntityFrameworkCore.Database.Command[20104]
      Created DbCommand for 'ExecuteNonQuery' (0ms).
dbug: Microsoft.EntityFrameworkCore.Database.Command[20106]
      Initialized DbCommand for 'ExecuteNonQuery' (0ms).
dbug: Microsoft.EntityFrameworkCore.Database.Command[20100]
      Executing DbCommand [Parameters=[], CommandType='Text', CommandTimeout='30']
      ALTER TABLE "MuscleGroups" ADD "CreatedAt" timestamp with time zone NOT NULL DEFAULT TIMESTAMPTZ '2025-01-29T00:00:00Z';
info: Microsoft.EntityFrameworkCore.Database.Command[20101]
      Executed DbCommand (0ms) [Parameters=[], CommandType='Text', CommandTimeout='30']
      ALTER TABLE "MuscleGroups" ADD "CreatedAt" timestamp with time zone NOT NULL DEFAULT TIMESTAMPTZ '2025-01-29T00:00:00Z';
info: 7/12/2025 16:16:35.885 RelationalEventId.CommandExecuted[20101] (Microsoft.EntityFrameworkCore.Database.Command) 
      Executed DbCommand (0ms) [Parameters=[], CommandType='Text', CommandTimeout='30']
      ALTER TABLE "MuscleGroups" ADD "CreatedAt" timestamp with time zone NOT NULL DEFAULT TIMESTAMPTZ '2025-01-29T00:00:00Z';
dbug: Microsoft.EntityFrameworkCore.Database.Command[20103]
      Creating DbCommand for 'ExecuteNonQuery'.
dbug: Microsoft.EntityFrameworkCore.Database.Command[20104]
      Created DbCommand for 'ExecuteNonQuery' (0ms).
dbug: Microsoft.EntityFrameworkCore.Database.Command[20106]
      Initialized DbCommand for 'ExecuteNonQuery' (0ms).
dbug: Microsoft.EntityFrameworkCore.Database.Command[20100]
      Executing DbCommand [Parameters=[], CommandType='Text', CommandTimeout='30']
      ALTER TABLE "MuscleGroups" ADD "IsActive" boolean NOT NULL DEFAULT TRUE;
info: Microsoft.EntityFrameworkCore.Database.Command[20101]
      Executed DbCommand (1ms) [Parameters=[], CommandType='Text', CommandTimeout='30']
      ALTER TABLE "MuscleGroups" ALTER COLUMN "Name" TYPE character varying(100);
info: 7/12/2025 16:16:35.886 RelationalEventId.CommandExecuted[20101] (Microsoft.EntityFrameworkCore.Database.Command) 
      Executed DbCommand (1ms) [Parameters=[], CommandType='Text', CommandTimeout='30']
      ALTER TABLE "MuscleGroups" ALTER COLUMN "Name" TYPE character varying(100);
dbug: Microsoft.EntityFrameworkCore.Database.Command[20103]
      Creating DbCommand for 'ExecuteNonQuery'.
dbug: Microsoft.EntityFrameworkCore.Database.Command[20104]
      Created DbCommand for 'ExecuteNonQuery' (0ms).
dbug: Microsoft.EntityFrameworkCore.Database.Command[20106]
      Initialized DbCommand for 'ExecuteNonQuery' (0ms).
dbug: Microsoft.EntityFrameworkCore.Database.Command[20100]
      Executing DbCommand [Parameters=[], CommandType='Text', CommandTimeout='30']
      ALTER TABLE "MuscleGroups" ADD "CreatedAt" timestamp with time zone NOT NULL DEFAULT TIMESTAMPTZ '2025-01-29T00:00:00Z';
info: Microsoft.EntityFrameworkCore.Database.Command[20101]
      Executed DbCommand (0ms) [Parameters=[], CommandType='Text', CommandTimeout='30']
      ALTER TABLE "MuscleGroups" ADD "IsActive" boolean NOT NULL DEFAULT TRUE;
info: 7/12/2025 16:16:35.886 RelationalEventId.CommandExecuted[20101] (Microsoft.EntityFrameworkCore.Database.Command) 
      Executed DbCommand (0ms) [Parameters=[], CommandType='Text', CommandTimeout='30']
      ALTER TABLE "MuscleGroups" ADD "IsActive" boolean NOT NULL DEFAULT TRUE;
dbug: Microsoft.EntityFrameworkCore.Database.Command[20103]
      Creating DbCommand for 'ExecuteNonQuery'.
dbug: Microsoft.EntityFrameworkCore.Database.Command[20104]
      Created DbCommand for 'ExecuteNonQuery' (0ms).
dbug: Microsoft.EntityFrameworkCore.Database.Command[20106]
      Initialized DbCommand for 'ExecuteNonQuery' (0ms).
dbug: Microsoft.EntityFrameworkCore.Database.Command[20100]
      Executing DbCommand [Parameters=[], CommandType='Text', CommandTimeout='30']
      ALTER TABLE "MuscleGroups" ADD "UpdatedAt" timestamp with time zone;
info: Microsoft.EntityFrameworkCore.Database.Command[20101]
      Executed DbCommand (0ms) [Parameters=[], CommandType='Text', CommandTimeout='30']
      ALTER TABLE "MuscleGroups" ADD "UpdatedAt" timestamp with time zone;
info: 7/12/2025 16:16:35.886 RelationalEventId.CommandExecuted[20101] (Microsoft.EntityFrameworkCore.Database.Command) 
      Executed DbCommand (0ms) [Parameters=[], CommandType='Text', CommandTimeout='30']
      ALTER TABLE "MuscleGroups" ADD "UpdatedAt" timestamp with time zone;
dbug: Microsoft.EntityFrameworkCore.Database.Command[20103]
      Creating DbCommand for 'ExecuteNonQuery'.
dbug: Microsoft.EntityFrameworkCore.Database.Command[20104]
      Created DbCommand for 'ExecuteNonQuery' (0ms).
dbug: Microsoft.EntityFrameworkCore.Database.Command[20106]
      Initialized DbCommand for 'ExecuteNonQuery' (0ms).
dbug: Microsoft.EntityFrameworkCore.Database.Command[20100]
      Executing DbCommand [Parameters=[], CommandType='Text', CommandTimeout='30']
      CREATE INDEX "IX_MuscleGroup_Name_IsActive" ON "MuscleGroups" ("Name", "IsActive");
info: Microsoft.EntityFrameworkCore.Database.Command[20101]
      Executed DbCommand (0ms) [Parameters=[], CommandType='Text', CommandTimeout='30']
      ALTER TABLE "MuscleGroups" ADD "CreatedAt" timestamp with time zone NOT NULL DEFAULT TIMESTAMPTZ '2025-01-29T00:00:00Z';
info: 7/12/2025 16:16:35.886 RelationalEventId.CommandExecuted[20101] (Microsoft.EntityFrameworkCore.Database.Command) 
      Executed DbCommand (0ms) [Parameters=[], CommandType='Text', CommandTimeout='30']
      ALTER TABLE "MuscleGroups" ADD "CreatedAt" timestamp with time zone NOT NULL DEFAULT TIMESTAMPTZ '2025-01-29T00:00:00Z';
dbug: Microsoft.EntityFrameworkCore.Database.Command[20103]
      Creating DbCommand for 'ExecuteNonQuery'.
dbug: Microsoft.EntityFrameworkCore.Database.Command[20104]
      Created DbCommand for 'ExecuteNonQuery' (0ms).
dbug: Microsoft.EntityFrameworkCore.Database.Command[20106]
      Initialized DbCommand for 'ExecuteNonQuery' (0ms).
dbug: Microsoft.EntityFrameworkCore.Database.Command[20100]
      Executing DbCommand [Parameters=[], CommandType='Text', CommandTimeout='30']
      ALTER TABLE "MuscleGroups" ADD "IsActive" boolean NOT NULL DEFAULT TRUE;
info: Microsoft.EntityFrameworkCore.Database.Command[20101]
      Executed DbCommand (0ms) [Parameters=[], CommandType='Text', CommandTimeout='30']
      ALTER TABLE "MuscleGroups" ADD "IsActive" boolean NOT NULL DEFAULT TRUE;
info: 7/12/2025 16:16:35.886 RelationalEventId.CommandExecuted[20101] (Microsoft.EntityFrameworkCore.Database.Command) 
      Executed DbCommand (0ms) [Parameters=[], CommandType='Text', CommandTimeout='30']
      ALTER TABLE "MuscleGroups" ADD "IsActive" boolean NOT NULL DEFAULT TRUE;
dbug: Microsoft.EntityFrameworkCore.Database.Command[20103]
      Creating DbCommand for 'ExecuteNonQuery'.
dbug: Microsoft.EntityFrameworkCore.Database.Command[20104]
      Created DbCommand for 'ExecuteNonQuery' (0ms).
dbug: Microsoft.EntityFrameworkCore.Database.Command[20106]
      Initialized DbCommand for 'ExecuteNonQuery' (0ms).
dbug: Microsoft.EntityFrameworkCore.Database.Command[20100]
      Executing DbCommand [Parameters=[], CommandType='Text', CommandTimeout='30']
      ALTER TABLE "MuscleGroups" ADD "UpdatedAt" timestamp with time zone;
info: Microsoft.EntityFrameworkCore.Database.Command[20101]
      Executed DbCommand (0ms) [Parameters=[], CommandType='Text', CommandTimeout='30']
      ALTER TABLE "MuscleGroups" ADD "UpdatedAt" timestamp with time zone;
info: 7/12/2025 16:16:35.886 RelationalEventId.CommandExecuted[20101] (Microsoft.EntityFrameworkCore.Database.Command) 
      Executed DbCommand (0ms) [Parameters=[], CommandType='Text', CommandTimeout='30']
      ALTER TABLE "MuscleGroups" ADD "UpdatedAt" timestamp with time zone;
dbug: Microsoft.EntityFrameworkCore.Database.Command[20103]
      Creating DbCommand for 'ExecuteNonQuery'.
dbug: Microsoft.EntityFrameworkCore.Database.Command[20104]
      Created DbCommand for 'ExecuteNonQuery' (0ms).
dbug: Microsoft.EntityFrameworkCore.Database.Command[20106]
      Initialized DbCommand for 'ExecuteNonQuery' (0ms).
dbug: Microsoft.EntityFrameworkCore.Database.Command[20100]
      Executing DbCommand [Parameters=[], CommandType='Text', CommandTimeout='30']
      CREATE INDEX "IX_MuscleGroup_Name_IsActive" ON "MuscleGroups" ("Name", "IsActive");
info: 7/12/2025 16:16:35.886 RelationalEventId.CommandExecuted[20101] (Microsoft.EntityFrameworkCore.Database.Command) 
      Executed DbCommand (0ms) [Parameters=[], CommandType='Text', CommandTimeout='30']
      CREATE INDEX "IX_MuscleGroup_Name_IsActive" ON "MuscleGroups" ("Name", "IsActive");
info: Microsoft.EntityFrameworkCore.Database.Command[20101]
      Executed DbCommand (0ms) [Parameters=[], CommandType='Text', CommandTimeout='30']
      CREATE INDEX "IX_MuscleGroup_Name_IsActive" ON "MuscleGroups" ("Name", "IsActive");
dbug: Microsoft.EntityFrameworkCore.Database.Command[20103]
      Creating DbCommand for 'ExecuteNonQuery'.
dbug: Microsoft.EntityFrameworkCore.Database.Command[20104]
      Created DbCommand for 'ExecuteNonQuery' (0ms).
dbug: Microsoft.EntityFrameworkCore.Database.Command[20106]
      Initialized DbCommand for 'ExecuteNonQuery' (0ms).
dbug: Microsoft.EntityFrameworkCore.Database.Command[20100]
      Executing DbCommand [Parameters=[], CommandType='Text', CommandTimeout='30']
      UPDATE "MuscleGroups" 
                        SET "IsActive" = true, 
                            "CreatedAt" = NOW() AT TIME ZONE 'UTC' 
                        WHERE "IsActive" = false OR "CreatedAt" = '0001-01-01 00:00:00'::timestamp
info: Microsoft.EntityFrameworkCore.Database.Command[20101]
      Executed DbCommand (0ms) [Parameters=[], CommandType='Text', CommandTimeout='30']
      CREATE INDEX "IX_MuscleGroup_Name_IsActive" ON "MuscleGroups" ("Name", "IsActive");
info: 7/12/2025 16:16:35.887 RelationalEventId.CommandExecuted[20101] (Microsoft.EntityFrameworkCore.Database.Command) 
      Executed DbCommand (0ms) [Parameters=[], CommandType='Text', CommandTimeout='30']
      CREATE INDEX "IX_MuscleGroup_Name_IsActive" ON "MuscleGroups" ("Name", "IsActive");
dbug: Microsoft.EntityFrameworkCore.Database.Command[20103]
      Creating DbCommand for 'ExecuteNonQuery'.
dbug: Microsoft.EntityFrameworkCore.Database.Command[20104]
      Created DbCommand for 'ExecuteNonQuery' (0ms).
dbug: Microsoft.EntityFrameworkCore.Database.Command[20106]
      Initialized DbCommand for 'ExecuteNonQuery' (0ms).
dbug: Microsoft.EntityFrameworkCore.Database.Command[20100]
      Executing DbCommand [Parameters=[], CommandType='Text', CommandTimeout='30']
      UPDATE "MuscleGroups" 
                        SET "IsActive" = true, 
                            "CreatedAt" = NOW() AT TIME ZONE 'UTC' 
                        WHERE "IsActive" = false OR "CreatedAt" = '0001-01-01 00:00:00'::timestamp
info: Microsoft.EntityFrameworkCore.Database.Command[20101]
      Executed DbCommand (0ms) [Parameters=[], CommandType='Text', CommandTimeout='30']
      UPDATE "MuscleGroups" 
                        SET "IsActive" = true, 
                            "CreatedAt" = NOW() AT TIME ZONE 'UTC' 
                        WHERE "IsActive" = false OR "CreatedAt" = '0001-01-01 00:00:00'::timestamp
info: 7/12/2025 16:16:35.887 RelationalEventId.CommandExecuted[20101] (Microsoft.EntityFrameworkCore.Database.Command) 
      Executed DbCommand (0ms) [Parameters=[], CommandType='Text', CommandTimeout='30']
      UPDATE "MuscleGroups" 
                        SET "IsActive" = true, 
                            "CreatedAt" = NOW() AT TIME ZONE 'UTC' 
                        WHERE "IsActive" = false OR "CreatedAt" = '0001-01-01 00:00:00'::timestamp
dbug: Microsoft.EntityFrameworkCore.Database.Command[20103]
      Creating DbCommand for 'ExecuteNonQuery'.
dbug: Microsoft.EntityFrameworkCore.Database.Command[20104]
      Created DbCommand for 'ExecuteNonQuery' (0ms).
dbug: Microsoft.EntityFrameworkCore.Database.Command[20106]
      Initialized DbCommand for 'ExecuteNonQuery' (0ms).
dbug: Microsoft.EntityFrameworkCore.Database.Command[20100]
      Executing DbCommand [Parameters=[], CommandType='Text', CommandTimeout='30']
      INSERT INTO "__EFMigrationsHistory" ("MigrationId", "ProductVersion")
      VALUES ('20250629125752_AddCrudFieldsToMuscleGroup', '9.0.6');
info: Microsoft.EntityFrameworkCore.Database.Command[20101]
      Executed DbCommand (0ms) [Parameters=[], CommandType='Text', CommandTimeout='30']
      INSERT INTO "__EFMigrationsHistory" ("MigrationId", "ProductVersion")
      VALUES ('20250629125752_AddCrudFieldsToMuscleGroup', '9.0.6');
info: 7/12/2025 16:16:35.887 RelationalEventId.CommandExecuted[20101] (Microsoft.EntityFrameworkCore.Database.Command) 
      Executed DbCommand (0ms) [Parameters=[], CommandType='Text', CommandTimeout='30']
      INSERT INTO "__EFMigrationsHistory" ("MigrationId", "ProductVersion")
      VALUES ('20250629125752_AddCrudFieldsToMuscleGroup', '9.0.6');
info: Microsoft.EntityFrameworkCore.Migrations[20402]
      Applying migration '20250630121500_AddEquipmentAuditFields'.
info: 7/12/2025 16:16:35.887 RelationalEventId.MigrationApplying[20402] (Microsoft.EntityFrameworkCore.Migrations) 
      Applying migration '20250630121500_AddEquipmentAuditFields'.
info: Microsoft.EntityFrameworkCore.Database.Command[20101]
      Executed DbCommand (0ms) [Parameters=[], CommandType='Text', CommandTimeout='30']
      UPDATE "MuscleGroups" 
                        SET "IsActive" = true, 
                            "CreatedAt" = NOW() AT TIME ZONE 'UTC' 
                        WHERE "IsActive" = false OR "CreatedAt" = '0001-01-01 00:00:00'::timestamp
info: 7/12/2025 16:16:35.887 RelationalEventId.CommandExecuted[20101] (Microsoft.EntityFrameworkCore.Database.Command) 
      Executed DbCommand (0ms) [Parameters=[], CommandType='Text', CommandTimeout='30']
      UPDATE "MuscleGroups" 
                        SET "IsActive" = true, 
                            "CreatedAt" = NOW() AT TIME ZONE 'UTC' 
                        WHERE "IsActive" = false OR "CreatedAt" = '0001-01-01 00:00:00'::timestamp
dbug: Microsoft.EntityFrameworkCore.Database.Command[20103]
      Creating DbCommand for 'ExecuteNonQuery'.
dbug: Microsoft.EntityFrameworkCore.Database.Command[20104]
      Created DbCommand for 'ExecuteNonQuery' (0ms).
dbug: Microsoft.EntityFrameworkCore.Database.Command[20106]
      Initialized DbCommand for 'ExecuteNonQuery' (0ms).
dbug: Microsoft.EntityFrameworkCore.Database.Command[20100]
      Executing DbCommand [Parameters=[], CommandType='Text', CommandTimeout='30']
      INSERT INTO "__EFMigrationsHistory" ("MigrationId", "ProductVersion")
      VALUES ('20250629125752_AddCrudFieldsToMuscleGroup', '9.0.6');
info: Microsoft.EntityFrameworkCore.Database.Command[20101]
      Executed DbCommand (0ms) [Parameters=[], CommandType='Text', CommandTimeout='30']
      INSERT INTO "__EFMigrationsHistory" ("MigrationId", "ProductVersion")
      VALUES ('20250629125752_AddCrudFieldsToMuscleGroup', '9.0.6');
info: 7/12/2025 16:16:35.887 RelationalEventId.CommandExecuted[20101] (Microsoft.EntityFrameworkCore.Database.Command) 
      Executed DbCommand (0ms) [Parameters=[], CommandType='Text', CommandTimeout='30']
      INSERT INTO "__EFMigrationsHistory" ("MigrationId", "ProductVersion")
      VALUES ('20250629125752_AddCrudFieldsToMuscleGroup', '9.0.6');
info: Microsoft.EntityFrameworkCore.Migrations[20402]
      Applying migration '20250630121500_AddEquipmentAuditFields'.
info: 7/12/2025 16:16:35.888 RelationalEventId.MigrationApplying[20402] (Microsoft.EntityFrameworkCore.Migrations) 
      Applying migration '20250630121500_AddEquipmentAuditFields'.
dbug: Microsoft.EntityFrameworkCore.Database.Command[20103]
      Creating DbCommand for 'ExecuteNonQuery'.
dbug: Microsoft.EntityFrameworkCore.Database.Command[20104]
      Created DbCommand for 'ExecuteNonQuery' (0ms).
dbug: Microsoft.EntityFrameworkCore.Database.Command[20106]
      Initialized DbCommand for 'ExecuteNonQuery' (0ms).
dbug: Microsoft.EntityFrameworkCore.Database.Command[20103]
      Creating DbCommand for 'ExecuteNonQuery'.
dbug: Microsoft.EntityFrameworkCore.Database.Command[20100]
      Executing DbCommand [Parameters=[], CommandType='Text', CommandTimeout='30']
      ALTER TABLE "Equipment" ADD "IsActive" boolean NOT NULL DEFAULT TRUE;
dbug: Microsoft.EntityFrameworkCore.Database.Command[20104]
      Created DbCommand for 'ExecuteNonQuery' (0ms).
dbug: Microsoft.EntityFrameworkCore.Database.Command[20106]
      Initialized DbCommand for 'ExecuteNonQuery' (0ms).
dbug: Microsoft.EntityFrameworkCore.Database.Command[20100]
      Executing DbCommand [Parameters=[], CommandType='Text', CommandTimeout='30']
      ALTER TABLE "Equipment" ADD "IsActive" boolean NOT NULL DEFAULT TRUE;
info: Microsoft.EntityFrameworkCore.Database.Command[20101]
      Executed DbCommand (1ms) [Parameters=[], CommandType='Text', CommandTimeout='30']
      ALTER TABLE "Equipment" ADD "IsActive" boolean NOT NULL DEFAULT TRUE;
info: 7/12/2025 16:16:35.894 RelationalEventId.CommandExecuted[20101] (Microsoft.EntityFrameworkCore.Database.Command) 
      Executed DbCommand (1ms) [Parameters=[], CommandType='Text', CommandTimeout='30']
      ALTER TABLE "Equipment" ADD "IsActive" boolean NOT NULL DEFAULT TRUE;
dbug: Microsoft.EntityFrameworkCore.Database.Command[20103]
      Creating DbCommand for 'ExecuteNonQuery'.
dbug: Microsoft.EntityFrameworkCore.Database.Command[20104]
      Created DbCommand for 'ExecuteNonQuery' (0ms).
dbug: Microsoft.EntityFrameworkCore.Database.Command[20106]
      Initialized DbCommand for 'ExecuteNonQuery' (0ms).
dbug: Microsoft.EntityFrameworkCore.Database.Command[20100]
      Executing DbCommand [Parameters=[], CommandType='Text', CommandTimeout='30']
      ALTER TABLE "Equipment" ADD "CreatedAt" timestamp with time zone NOT NULL DEFAULT TIMESTAMPTZ '2025-07-12T14:16:35.888067Z';
info: Microsoft.EntityFrameworkCore.Database.Command[20101]
      Executed DbCommand (1ms) [Parameters=[], CommandType='Text', CommandTimeout='30']
      ALTER TABLE "Equipment" ADD "IsActive" boolean NOT NULL DEFAULT TRUE;
info: 7/12/2025 16:16:35.894 RelationalEventId.CommandExecuted[20101] (Microsoft.EntityFrameworkCore.Database.Command) 
      Executed DbCommand (1ms) [Parameters=[], CommandType='Text', CommandTimeout='30']
      ALTER TABLE "Equipment" ADD "IsActive" boolean NOT NULL DEFAULT TRUE;
dbug: Microsoft.EntityFrameworkCore.Database.Command[20103]
      Creating DbCommand for 'ExecuteNonQuery'.
dbug: Microsoft.EntityFrameworkCore.Database.Command[20104]
      Created DbCommand for 'ExecuteNonQuery' (0ms).
dbug: Microsoft.EntityFrameworkCore.Database.Command[20106]
      Initialized DbCommand for 'ExecuteNonQuery' (0ms).
dbug: Microsoft.EntityFrameworkCore.Database.Command[20100]
      Executing DbCommand [Parameters=[], CommandType='Text', CommandTimeout='30']
      ALTER TABLE "Equipment" ADD "CreatedAt" timestamp with time zone NOT NULL DEFAULT TIMESTAMPTZ '2025-07-12T14:16:35.887751Z';
info: Microsoft.EntityFrameworkCore.Database.Command[20101]
      Executed DbCommand (0ms) [Parameters=[], CommandType='Text', CommandTimeout='30']
      ALTER TABLE "Equipment" ADD "CreatedAt" timestamp with time zone NOT NULL DEFAULT TIMESTAMPTZ '2025-07-12T14:16:35.887751Z';
info: 7/12/2025 16:16:35.894 RelationalEventId.CommandExecuted[20101] (Microsoft.EntityFrameworkCore.Database.Command) 
      Executed DbCommand (0ms) [Parameters=[], CommandType='Text', CommandTimeout='30']
      ALTER TABLE "Equipment" ADD "CreatedAt" timestamp with time zone NOT NULL DEFAULT TIMESTAMPTZ '2025-07-12T14:16:35.887751Z';
dbug: Microsoft.EntityFrameworkCore.Database.Command[20103]
      Creating DbCommand for 'ExecuteNonQuery'.
dbug: Microsoft.EntityFrameworkCore.Database.Command[20104]
      Created DbCommand for 'ExecuteNonQuery' (0ms).
dbug: Microsoft.EntityFrameworkCore.Database.Command[20106]
      Initialized DbCommand for 'ExecuteNonQuery' (0ms).
dbug: Microsoft.EntityFrameworkCore.Database.Command[20100]
      Executing DbCommand [Parameters=[], CommandType='Text', CommandTimeout='30']
      ALTER TABLE "Equipment" ADD "UpdatedAt" timestamp with time zone;
info: Microsoft.EntityFrameworkCore.Database.Command[20101]
      Executed DbCommand (0ms) [Parameters=[], CommandType='Text', CommandTimeout='30']
      ALTER TABLE "Equipment" ADD "CreatedAt" timestamp with time zone NOT NULL DEFAULT TIMESTAMPTZ '2025-07-12T14:16:35.888067Z';
info: 7/12/2025 16:16:35.894 RelationalEventId.CommandExecuted[20101] (Microsoft.EntityFrameworkCore.Database.Command) 
      Executed DbCommand (0ms) [Parameters=[], CommandType='Text', CommandTimeout='30']
      ALTER TABLE "Equipment" ADD "CreatedAt" timestamp with time zone NOT NULL DEFAULT TIMESTAMPTZ '2025-07-12T14:16:35.888067Z';
dbug: Microsoft.EntityFrameworkCore.Database.Command[20103]
      Creating DbCommand for 'ExecuteNonQuery'.
dbug: Microsoft.EntityFrameworkCore.Database.Command[20104]
      Created DbCommand for 'ExecuteNonQuery' (0ms).
dbug: Microsoft.EntityFrameworkCore.Database.Command[20106]
      Initialized DbCommand for 'ExecuteNonQuery' (0ms).
dbug: Microsoft.EntityFrameworkCore.Database.Command[20100]
      Executing DbCommand [Parameters=[], CommandType='Text', CommandTimeout='30']
      ALTER TABLE "Equipment" ADD "UpdatedAt" timestamp with time zone;
info: Microsoft.EntityFrameworkCore.Database.Command[20101]
      Executed DbCommand (0ms) [Parameters=[], CommandType='Text', CommandTimeout='30']
      ALTER TABLE "Equipment" ADD "UpdatedAt" timestamp with time zone;
info: 7/12/2025 16:16:35.894 RelationalEventId.CommandExecuted[20101] (Microsoft.EntityFrameworkCore.Database.Command) 
      Executed DbCommand (0ms) [Parameters=[], CommandType='Text', CommandTimeout='30']
      ALTER TABLE "Equipment" ADD "UpdatedAt" timestamp with time zone;
dbug: Microsoft.EntityFrameworkCore.Database.Command[20103]
      Creating DbCommand for 'ExecuteNonQuery'.
dbug: Microsoft.EntityFrameworkCore.Database.Command[20104]
      Created DbCommand for 'ExecuteNonQuery' (0ms).
dbug: Microsoft.EntityFrameworkCore.Database.Command[20106]
      Initialized DbCommand for 'ExecuteNonQuery' (0ms).
dbug: Microsoft.EntityFrameworkCore.Database.Command[20100]
      Executing DbCommand [Parameters=[], CommandType='Text', CommandTimeout='30']
      UPDATE "Equipment" SET "IsActive" = true, "CreatedAt" = NOW() WHERE "IsActive" IS NULL OR "CreatedAt" IS NULL
info: Microsoft.EntityFrameworkCore.Database.Command[20101]
      Executed DbCommand (0ms) [Parameters=[], CommandType='Text', CommandTimeout='30']
      ALTER TABLE "Equipment" ADD "UpdatedAt" timestamp with time zone;
info: 7/12/2025 16:16:35.894 RelationalEventId.CommandExecuted[20101] (Microsoft.EntityFrameworkCore.Database.Command) 
      Executed DbCommand (0ms) [Parameters=[], CommandType='Text', CommandTimeout='30']
      ALTER TABLE "Equipment" ADD "UpdatedAt" timestamp with time zone;
dbug: Microsoft.EntityFrameworkCore.Database.Command[20103]
      Creating DbCommand for 'ExecuteNonQuery'.
dbug: Microsoft.EntityFrameworkCore.Database.Command[20104]
      Created DbCommand for 'ExecuteNonQuery' (0ms).
dbug: Microsoft.EntityFrameworkCore.Database.Command[20106]
      Initialized DbCommand for 'ExecuteNonQuery' (0ms).
dbug: Microsoft.EntityFrameworkCore.Database.Command[20100]
      Executing DbCommand [Parameters=[], CommandType='Text', CommandTimeout='30']
      UPDATE "Equipment" SET "IsActive" = true, "CreatedAt" = NOW() WHERE "IsActive" IS NULL OR "CreatedAt" IS NULL
info: Microsoft.EntityFrameworkCore.Database.Command[20101]
      Executed DbCommand (0ms) [Parameters=[], CommandType='Text', CommandTimeout='30']
      UPDATE "Equipment" SET "IsActive" = true, "CreatedAt" = NOW() WHERE "IsActive" IS NULL OR "CreatedAt" IS NULL
info: 7/12/2025 16:16:35.894 RelationalEventId.CommandExecuted[20101] (Microsoft.EntityFrameworkCore.Database.Command) 
      Executed DbCommand (0ms) [Parameters=[], CommandType='Text', CommandTimeout='30']
      UPDATE "Equipment" SET "IsActive" = true, "CreatedAt" = NOW() WHERE "IsActive" IS NULL OR "CreatedAt" IS NULL
dbug: Microsoft.EntityFrameworkCore.Database.Command[20103]
      Creating DbCommand for 'ExecuteNonQuery'.
dbug: Microsoft.EntityFrameworkCore.Database.Command[20104]
      Created DbCommand for 'ExecuteNonQuery' (0ms).
dbug: Microsoft.EntityFrameworkCore.Database.Command[20106]
      Initialized DbCommand for 'ExecuteNonQuery' (0ms).
dbug: Microsoft.EntityFrameworkCore.Database.Command[20100]
      Executing DbCommand [Parameters=[], CommandType='Text', CommandTimeout='30']
      INSERT INTO "__EFMigrationsHistory" ("MigrationId", "ProductVersion")
      VALUES ('20250630121500_AddEquipmentAuditFields', '9.0.6');
info: Microsoft.EntityFrameworkCore.Database.Command[20101]
      Executed DbCommand (0ms) [Parameters=[], CommandType='Text', CommandTimeout='30']
      INSERT INTO "__EFMigrationsHistory" ("MigrationId", "ProductVersion")
      VALUES ('20250630121500_AddEquipmentAuditFields', '9.0.6');
info: 7/12/2025 16:16:35.895 RelationalEventId.CommandExecuted[20101] (Microsoft.EntityFrameworkCore.Database.Command) 
      Executed DbCommand (0ms) [Parameters=[], CommandType='Text', CommandTimeout='30']
      INSERT INTO "__EFMigrationsHistory" ("MigrationId", "ProductVersion")
      VALUES ('20250630121500_AddEquipmentAuditFields', '9.0.6');
info: Microsoft.EntityFrameworkCore.Database.Command[20101]
      Executed DbCommand (0ms) [Parameters=[], CommandType='Text', CommandTimeout='30']
      UPDATE "Equipment" SET "IsActive" = true, "CreatedAt" = NOW() WHERE "IsActive" IS NULL OR "CreatedAt" IS NULL
info: 7/12/2025 16:16:35.895 RelationalEventId.CommandExecuted[20101] (Microsoft.EntityFrameworkCore.Database.Command) 
      Executed DbCommand (0ms) [Parameters=[], CommandType='Text', CommandTimeout='30']
      UPDATE "Equipment" SET "IsActive" = true, "CreatedAt" = NOW() WHERE "IsActive" IS NULL OR "CreatedAt" IS NULL
info: 7/12/2025 16:16:35.895 RelationalEventId.MigrationApplying[20402] (Microsoft.EntityFrameworkCore.Migrations) 
      Applying migration '20250707134224_AddKineticChainTypeToExercise'.
info: Microsoft.EntityFrameworkCore.Migrations[20402]
      Applying migration '20250707134224_AddKineticChainTypeToExercise'.
dbug: Microsoft.EntityFrameworkCore.Database.Command[20103]
      Creating DbCommand for 'ExecuteNonQuery'.
dbug: Microsoft.EntityFrameworkCore.Database.Command[20104]
      Created DbCommand for 'ExecuteNonQuery' (0ms).
dbug: Microsoft.EntityFrameworkCore.Database.Command[20106]
      Initialized DbCommand for 'ExecuteNonQuery' (0ms).
dbug: Microsoft.EntityFrameworkCore.Database.Command[20100]
      Executing DbCommand [Parameters=[], CommandType='Text', CommandTimeout='30']
      INSERT INTO "__EFMigrationsHistory" ("MigrationId", "ProductVersion")
      VALUES ('20250630121500_AddEquipmentAuditFields', '9.0.6');
info: Microsoft.EntityFrameworkCore.Database.Command[20101]
      Executed DbCommand (0ms) [Parameters=[], CommandType='Text', CommandTimeout='30']
      INSERT INTO "__EFMigrationsHistory" ("MigrationId", "ProductVersion")
      VALUES ('20250630121500_AddEquipmentAuditFields', '9.0.6');
info: 7/12/2025 16:16:35.895 RelationalEventId.CommandExecuted[20101] (Microsoft.EntityFrameworkCore.Database.Command) 
      Executed DbCommand (0ms) [Parameters=[], CommandType='Text', CommandTimeout='30']
      INSERT INTO "__EFMigrationsHistory" ("MigrationId", "ProductVersion")
      VALUES ('20250630121500_AddEquipmentAuditFields', '9.0.6');
info: Microsoft.EntityFrameworkCore.Migrations[20402]
      Applying migration '20250707134224_AddKineticChainTypeToExercise'.
info: 7/12/2025 16:16:35.895 RelationalEventId.MigrationApplying[20402] (Microsoft.EntityFrameworkCore.Migrations) 
      Applying migration '20250707134224_AddKineticChainTypeToExercise'.
dbug: Microsoft.EntityFrameworkCore.Database.Command[20103]
      Creating DbCommand for 'ExecuteNonQuery'.
dbug: Microsoft.EntityFrameworkCore.Database.Command[20104]
      Created DbCommand for 'ExecuteNonQuery' (0ms).
dbug: Microsoft.EntityFrameworkCore.Database.Command[20106]
      Initialized DbCommand for 'ExecuteNonQuery' (0ms).
dbug: Microsoft.EntityFrameworkCore.Database.Command[20100]
      Executing DbCommand [Parameters=[], CommandType='Text', CommandTimeout='30']
      ALTER TABLE "Exercises" DROP CONSTRAINT "FK_Exercises_KineticChainTypes_KineticChainTypeId";
info: Microsoft.EntityFrameworkCore.Database.Command[20101]
      Executed DbCommand (1ms) [Parameters=[], CommandType='Text', CommandTimeout='30']
      ALTER TABLE "Exercises" DROP CONSTRAINT "FK_Exercises_KineticChainTypes_KineticChainTypeId";
info: 7/12/2025 16:16:35.901 RelationalEventId.CommandExecuted[20101] (Microsoft.EntityFrameworkCore.Database.Command) 
      Executed DbCommand (1ms) [Parameters=[], CommandType='Text', CommandTimeout='30']
      ALTER TABLE "Exercises" DROP CONSTRAINT "FK_Exercises_KineticChainTypes_KineticChainTypeId";
dbug: Microsoft.EntityFrameworkCore.Database.Command[20103]
      Creating DbCommand for 'ExecuteNonQuery'.
dbug: Microsoft.EntityFrameworkCore.Database.Command[20104]
      Created DbCommand for 'ExecuteNonQuery' (0ms).
dbug: Microsoft.EntityFrameworkCore.Database.Command[20106]
      Initialized DbCommand for 'ExecuteNonQuery' (0ms).
dbug: Microsoft.EntityFrameworkCore.Database.Command[20100]
      Executing DbCommand [Parameters=[], CommandType='Text', CommandTimeout='30']
      ALTER TABLE "Exercises" RENAME COLUMN "KineticChainTypeId" TO "KineticChainId";
info: Microsoft.EntityFrameworkCore.Database.Command[20101]
      Executed DbCommand (0ms) [Parameters=[], CommandType='Text', CommandTimeout='30']
      ALTER TABLE "Exercises" RENAME COLUMN "KineticChainTypeId" TO "KineticChainId";
info: 7/12/2025 16:16:35.901 RelationalEventId.CommandExecuted[20101] (Microsoft.EntityFrameworkCore.Database.Command) 
      Executed DbCommand (0ms) [Parameters=[], CommandType='Text', CommandTimeout='30']
      ALTER TABLE "Exercises" RENAME COLUMN "KineticChainTypeId" TO "KineticChainId";
dbug: Microsoft.EntityFrameworkCore.Database.Command[20103]
      Creating DbCommand for 'ExecuteNonQuery'.
dbug: Microsoft.EntityFrameworkCore.Database.Command[20104]
      Created DbCommand for 'ExecuteNonQuery' (0ms).
dbug: Microsoft.EntityFrameworkCore.Database.Command[20106]
      Initialized DbCommand for 'ExecuteNonQuery' (0ms).
dbug: Microsoft.EntityFrameworkCore.Database.Command[20100]
      Executing DbCommand [Parameters=[], CommandType='Text', CommandTimeout='30']
      ALTER INDEX "IX_Exercises_KineticChainTypeId" RENAME TO "IX_Exercises_KineticChainId";
info: Microsoft.EntityFrameworkCore.Database.Command[20101]
      Executed DbCommand (0ms) [Parameters=[], CommandType='Text', CommandTimeout='30']
      ALTER INDEX "IX_Exercises_KineticChainTypeId" RENAME TO "IX_Exercises_KineticChainId";
info: 7/12/2025 16:16:35.901 RelationalEventId.CommandExecuted[20101] (Microsoft.EntityFrameworkCore.Database.Command) 
      Executed DbCommand (0ms) [Parameters=[], CommandType='Text', CommandTimeout='30']
      ALTER INDEX "IX_Exercises_KineticChainTypeId" RENAME TO "IX_Exercises_KineticChainId";
dbug: Microsoft.EntityFrameworkCore.Database.Command[20103]
      Creating DbCommand for 'ExecuteNonQuery'.
dbug: Microsoft.EntityFrameworkCore.Database.Command[20104]
      Created DbCommand for 'ExecuteNonQuery' (0ms).
dbug: Microsoft.EntityFrameworkCore.Database.Command[20106]
      Initialized DbCommand for 'ExecuteNonQuery' (0ms).
dbug: Microsoft.EntityFrameworkCore.Database.Command[20100]
      Executing DbCommand [Parameters=[], CommandType='Text', CommandTimeout='30']
      ALTER TABLE "Exercises" ADD CONSTRAINT "FK_Exercises_KineticChainTypes_KineticChainId" FOREIGN KEY ("KineticChainId") REFERENCES "KineticChainTypes" ("Id");
info: Microsoft.EntityFrameworkCore.Database.Command[20101]
      Executed DbCommand (1ms) [Parameters=[], CommandType='Text', CommandTimeout='30']
      ALTER TABLE "Exercises" ADD CONSTRAINT "FK_Exercises_KineticChainTypes_KineticChainId" FOREIGN KEY ("KineticChainId") REFERENCES "KineticChainTypes" ("Id");
info: 7/12/2025 16:16:35.902 RelationalEventId.CommandExecuted[20101] (Microsoft.EntityFrameworkCore.Database.Command) 
      Executed DbCommand (1ms) [Parameters=[], CommandType='Text', CommandTimeout='30']
      ALTER TABLE "Exercises" ADD CONSTRAINT "FK_Exercises_KineticChainTypes_KineticChainId" FOREIGN KEY ("KineticChainId") REFERENCES "KineticChainTypes" ("Id");
dbug: Microsoft.EntityFrameworkCore.Database.Command[20103]
      Creating DbCommand for 'ExecuteNonQuery'.
dbug: Microsoft.EntityFrameworkCore.Database.Command[20104]
      Created DbCommand for 'ExecuteNonQuery' (0ms).
dbug: Microsoft.EntityFrameworkCore.Database.Command[20106]
      Initialized DbCommand for 'ExecuteNonQuery' (0ms).
dbug: Microsoft.EntityFrameworkCore.Database.Command[20100]
      Executing DbCommand [Parameters=[], CommandType='Text', CommandTimeout='30']
      INSERT INTO "__EFMigrationsHistory" ("MigrationId", "ProductVersion")
      VALUES ('20250707134224_AddKineticChainTypeToExercise', '9.0.6');
info: Microsoft.EntityFrameworkCore.Database.Command[20101]
      Executed DbCommand (0ms) [Parameters=[], CommandType='Text', CommandTimeout='30']
      INSERT INTO "__EFMigrationsHistory" ("MigrationId", "ProductVersion")
      VALUES ('20250707134224_AddKineticChainTypeToExercise', '9.0.6');
info: 7/12/2025 16:16:35.902 RelationalEventId.CommandExecuted[20101] (Microsoft.EntityFrameworkCore.Database.Command) 
      Executed DbCommand (0ms) [Parameters=[], CommandType='Text', CommandTimeout='30']
      INSERT INTO "__EFMigrationsHistory" ("MigrationId", "ProductVersion")
      VALUES ('20250707134224_AddKineticChainTypeToExercise', '9.0.6');
info: Microsoft.EntityFrameworkCore.Migrations[20402]
      Applying migration '20250707145052_FixKineticChainNullableForeignKey'.
info: 7/12/2025 16:16:35.902 RelationalEventId.MigrationApplying[20402] (Microsoft.EntityFrameworkCore.Migrations) 
      Applying migration '20250707145052_FixKineticChainNullableForeignKey'.
dbug: Microsoft.EntityFrameworkCore.Database.Command[20103]
      Creating DbCommand for 'ExecuteNonQuery'.
dbug: Microsoft.EntityFrameworkCore.Database.Command[20104]
      Created DbCommand for 'ExecuteNonQuery' (0ms).
dbug: Microsoft.EntityFrameworkCore.Database.Command[20106]
      Initialized DbCommand for 'ExecuteNonQuery' (0ms).
dbug: Microsoft.EntityFrameworkCore.Database.Command[20100]
      Executing DbCommand [Parameters=[], CommandType='Text', CommandTimeout='30']
      ALTER TABLE "Exercises" DROP CONSTRAINT "FK_Exercises_KineticChainTypes_KineticChainTypeId";
info: Microsoft.EntityFrameworkCore.Database.Command[20101]
      Executed DbCommand (1ms) [Parameters=[], CommandType='Text', CommandTimeout='30']
      ALTER TABLE "Exercises" DROP CONSTRAINT "FK_Exercises_KineticChainTypes_KineticChainTypeId";
info: 7/12/2025 16:16:35.903 RelationalEventId.CommandExecuted[20101] (Microsoft.EntityFrameworkCore.Database.Command) 
      Executed DbCommand (1ms) [Parameters=[], CommandType='Text', CommandTimeout='30']
      ALTER TABLE "Exercises" DROP CONSTRAINT "FK_Exercises_KineticChainTypes_KineticChainTypeId";
dbug: Microsoft.EntityFrameworkCore.Database.Command[20103]
      Creating DbCommand for 'ExecuteNonQuery'.
dbug: Microsoft.EntityFrameworkCore.Database.Command[20104]
      Created DbCommand for 'ExecuteNonQuery' (0ms).
dbug: Microsoft.EntityFrameworkCore.Database.Command[20106]
      Initialized DbCommand for 'ExecuteNonQuery' (0ms).
dbug: Microsoft.EntityFrameworkCore.Database.Command[20100]
      Executing DbCommand [Parameters=[], CommandType='Text', CommandTimeout='30']
      ALTER TABLE "Exercises" RENAME COLUMN "KineticChainTypeId" TO "KineticChainId";
info: Microsoft.EntityFrameworkCore.Database.Command[20101]
      Executed DbCommand (0ms) [Parameters=[], CommandType='Text', CommandTimeout='30']
      ALTER TABLE "Exercises" RENAME COLUMN "KineticChainTypeId" TO "KineticChainId";
info: 7/12/2025 16:16:35.903 RelationalEventId.CommandExecuted[20101] (Microsoft.EntityFrameworkCore.Database.Command) 
      Executed DbCommand (0ms) [Parameters=[], CommandType='Text', CommandTimeout='30']
      ALTER TABLE "Exercises" RENAME COLUMN "KineticChainTypeId" TO "KineticChainId";
dbug: Microsoft.EntityFrameworkCore.Database.Command[20103]
      Creating DbCommand for 'ExecuteNonQuery'.
dbug: Microsoft.EntityFrameworkCore.Database.Command[20104]
      Created DbCommand for 'ExecuteNonQuery' (0ms).
dbug: Microsoft.EntityFrameworkCore.Database.Command[20106]
      Initialized DbCommand for 'ExecuteNonQuery' (0ms).
dbug: Microsoft.EntityFrameworkCore.Database.Command[20100]
      Executing DbCommand [Parameters=[], CommandType='Text', CommandTimeout='30']
      ALTER INDEX "IX_Exercises_KineticChainTypeId" RENAME TO "IX_Exercises_KineticChainId";
info: Microsoft.EntityFrameworkCore.Database.Command[20101]
      Executed DbCommand (0ms) [Parameters=[], CommandType='Text', CommandTimeout='30']
      ALTER INDEX "IX_Exercises_KineticChainTypeId" RENAME TO "IX_Exercises_KineticChainId";
info: 7/12/2025 16:16:35.903 RelationalEventId.CommandExecuted[20101] (Microsoft.EntityFrameworkCore.Database.Command) 
      Executed DbCommand (0ms) [Parameters=[], CommandType='Text', CommandTimeout='30']
      ALTER INDEX "IX_Exercises_KineticChainTypeId" RENAME TO "IX_Exercises_KineticChainId";
dbug: Microsoft.EntityFrameworkCore.Database.Command[20103]
      Creating DbCommand for 'ExecuteNonQuery'.
dbug: Microsoft.EntityFrameworkCore.Database.Command[20104]
      Created DbCommand for 'ExecuteNonQuery' (0ms).
dbug: Microsoft.EntityFrameworkCore.Database.Command[20106]
      Initialized DbCommand for 'ExecuteNonQuery' (0ms).
dbug: Microsoft.EntityFrameworkCore.Database.Command[20100]
      Executing DbCommand [Parameters=[], CommandType='Text', CommandTimeout='30']
      ALTER TABLE "Exercises" ADD CONSTRAINT "FK_Exercises_KineticChainTypes_KineticChainId" FOREIGN KEY ("KineticChainId") REFERENCES "KineticChainTypes" ("Id");
info: 7/12/2025 16:16:35.903 RelationalEventId.CommandExecuted[20101] (Microsoft.EntityFrameworkCore.Database.Command) 
      Executed DbCommand (0ms) [Parameters=[], CommandType='Text', CommandTimeout='30']
      ALTER TABLE "Exercises" ADD CONSTRAINT "FK_Exercises_KineticChainTypes_KineticChainId" FOREIGN KEY ("KineticChainId") REFERENCES "KineticChainTypes" ("Id");
info: Microsoft.EntityFrameworkCore.Database.Command[20101]
      Executed DbCommand (0ms) [Parameters=[], CommandType='Text', CommandTimeout='30']
      ALTER TABLE "Exercises" ADD CONSTRAINT "FK_Exercises_KineticChainTypes_KineticChainId" FOREIGN KEY ("KineticChainId") REFERENCES "KineticChainTypes" ("Id");
dbug: Microsoft.EntityFrameworkCore.Database.Command[20103]
      Creating DbCommand for 'ExecuteNonQuery'.
dbug: Microsoft.EntityFrameworkCore.Database.Command[20104]
      Created DbCommand for 'ExecuteNonQuery' (0ms).
dbug: Microsoft.EntityFrameworkCore.Database.Command[20106]
      Initialized DbCommand for 'ExecuteNonQuery' (0ms).
dbug: Microsoft.EntityFrameworkCore.Database.Command[20100]
      Executing DbCommand [Parameters=[], CommandType='Text', CommandTimeout='30']
      INSERT INTO "__EFMigrationsHistory" ("MigrationId", "ProductVersion")
      VALUES ('20250707134224_AddKineticChainTypeToExercise', '9.0.6');
info: Microsoft.EntityFrameworkCore.Database.Command[20101]
      Executed DbCommand (0ms) [Parameters=[], CommandType='Text', CommandTimeout='30']
      INSERT INTO "__EFMigrationsHistory" ("MigrationId", "ProductVersion")
      VALUES ('20250707134224_AddKineticChainTypeToExercise', '9.0.6');
info: 7/12/2025 16:16:35.903 RelationalEventId.CommandExecuted[20101] (Microsoft.EntityFrameworkCore.Database.Command) 
      Executed DbCommand (0ms) [Parameters=[], CommandType='Text', CommandTimeout='30']
      INSERT INTO "__EFMigrationsHistory" ("MigrationId", "ProductVersion")
      VALUES ('20250707134224_AddKineticChainTypeToExercise', '9.0.6');
info: Microsoft.EntityFrameworkCore.Migrations[20402]
      Applying migration '20250707145052_FixKineticChainNullableForeignKey'.
info: 7/12/2025 16:16:35.904 RelationalEventId.MigrationApplying[20402] (Microsoft.EntityFrameworkCore.Migrations) 
      Applying migration '20250707145052_FixKineticChainNullableForeignKey'.
dbug: Microsoft.EntityFrameworkCore.Database.Command[20103]
      Creating DbCommand for 'ExecuteNonQuery'.
dbug: Microsoft.EntityFrameworkCore.Database.Command[20103]
      Creating DbCommand for 'ExecuteNonQuery'.
dbug: Microsoft.EntityFrameworkCore.Database.Command[20104]
      Created DbCommand for 'ExecuteNonQuery' (0ms).
dbug: Microsoft.EntityFrameworkCore.Database.Command[20104]
      Created DbCommand for 'ExecuteNonQuery' (0ms).
dbug: Microsoft.EntityFrameworkCore.Database.Command[20106]
      Initialized DbCommand for 'ExecuteNonQuery' (0ms).
dbug: Microsoft.EntityFrameworkCore.Database.Command[20100]
      Executing DbCommand [Parameters=[], CommandType='Text', CommandTimeout='30']
      ALTER TABLE "Exercises" DROP CONSTRAINT "FK_Exercises_KineticChainTypes_KineticChainId";
dbug: Microsoft.EntityFrameworkCore.Database.Command[20106]
      Initialized DbCommand for 'ExecuteNonQuery' (0ms).
dbug: Microsoft.EntityFrameworkCore.Database.Command[20100]
      Executing DbCommand [Parameters=[], CommandType='Text', CommandTimeout='30']
      ALTER TABLE "Exercises" DROP CONSTRAINT "FK_Exercises_KineticChainTypes_KineticChainId";
info: Microsoft.EntityFrameworkCore.Database.Command[20101]
      Executed DbCommand (1ms) [Parameters=[], CommandType='Text', CommandTimeout='30']
      ALTER TABLE "Exercises" DROP CONSTRAINT "FK_Exercises_KineticChainTypes_KineticChainId";
info: 7/12/2025 16:16:35.908 RelationalEventId.CommandExecuted[20101] (Microsoft.EntityFrameworkCore.Database.Command) 
      Executed DbCommand (1ms) [Parameters=[], CommandType='Text', CommandTimeout='30']
      ALTER TABLE "Exercises" DROP CONSTRAINT "FK_Exercises_KineticChainTypes_KineticChainId";
dbug: Microsoft.EntityFrameworkCore.Database.Command[20103]
      Creating DbCommand for 'ExecuteNonQuery'.
dbug: Microsoft.EntityFrameworkCore.Database.Command[20104]
      Created DbCommand for 'ExecuteNonQuery' (0ms).
dbug: Microsoft.EntityFrameworkCore.Database.Command[20106]
      Initialized DbCommand for 'ExecuteNonQuery' (0ms).
dbug: Microsoft.EntityFrameworkCore.Database.Command[20100]
      Executing DbCommand [Parameters=[], CommandType='Text', CommandTimeout='30']
      ALTER TABLE "Exercises" ADD CONSTRAINT "FK_Exercises_KineticChainTypes_KineticChainId" FOREIGN KEY ("KineticChainId") REFERENCES "KineticChainTypes" ("Id") ON DELETE RESTRICT;
info: Microsoft.EntityFrameworkCore.Database.Command[20101]
      Executed DbCommand (1ms) [Parameters=[], CommandType='Text', CommandTimeout='30']
      ALTER TABLE "Exercises" DROP CONSTRAINT "FK_Exercises_KineticChainTypes_KineticChainId";
info: 7/12/2025 16:16:35.909 RelationalEventId.CommandExecuted[20101] (Microsoft.EntityFrameworkCore.Database.Command) 
      Executed DbCommand (1ms) [Parameters=[], CommandType='Text', CommandTimeout='30']
      ALTER TABLE "Exercises" DROP CONSTRAINT "FK_Exercises_KineticChainTypes_KineticChainId";
dbug: Microsoft.EntityFrameworkCore.Database.Command[20103]
      Creating DbCommand for 'ExecuteNonQuery'.
dbug: Microsoft.EntityFrameworkCore.Database.Command[20104]
      Created DbCommand for 'ExecuteNonQuery' (0ms).
dbug: Microsoft.EntityFrameworkCore.Database.Command[20106]
      Initialized DbCommand for 'ExecuteNonQuery' (0ms).
dbug: Microsoft.EntityFrameworkCore.Database.Command[20100]
      Executing DbCommand [Parameters=[], CommandType='Text', CommandTimeout='30']
      ALTER TABLE "Exercises" ADD CONSTRAINT "FK_Exercises_KineticChainTypes_KineticChainId" FOREIGN KEY ("KineticChainId") REFERENCES "KineticChainTypes" ("Id") ON DELETE RESTRICT;
info: Microsoft.EntityFrameworkCore.Database.Command[20101]
      Executed DbCommand (1ms) [Parameters=[], CommandType='Text', CommandTimeout='30']
      ALTER TABLE "Exercises" ADD CONSTRAINT "FK_Exercises_KineticChainTypes_KineticChainId" FOREIGN KEY ("KineticChainId") REFERENCES "KineticChainTypes" ("Id") ON DELETE RESTRICT;
info: 7/12/2025 16:16:35.909 RelationalEventId.CommandExecuted[20101] (Microsoft.EntityFrameworkCore.Database.Command) 
      Executed DbCommand (1ms) [Parameters=[], CommandType='Text', CommandTimeout='30']
      ALTER TABLE "Exercises" ADD CONSTRAINT "FK_Exercises_KineticChainTypes_KineticChainId" FOREIGN KEY ("KineticChainId") REFERENCES "KineticChainTypes" ("Id") ON DELETE RESTRICT;
dbug: Microsoft.EntityFrameworkCore.Database.Command[20103]
      Creating DbCommand for 'ExecuteNonQuery'.
dbug: Microsoft.EntityFrameworkCore.Database.Command[20104]
      Created DbCommand for 'ExecuteNonQuery' (0ms).
dbug: Microsoft.EntityFrameworkCore.Database.Command[20106]
      Initialized DbCommand for 'ExecuteNonQuery' (0ms).
dbug: Microsoft.EntityFrameworkCore.Database.Command[20100]
      Executing DbCommand [Parameters=[], CommandType='Text', CommandTimeout='30']
      INSERT INTO "__EFMigrationsHistory" ("MigrationId", "ProductVersion")
      VALUES ('20250707145052_FixKineticChainNullableForeignKey', '9.0.6');
info: Microsoft.EntityFrameworkCore.Database.Command[20101]
      Executed DbCommand (0ms) [Parameters=[], CommandType='Text', CommandTimeout='30']
      INSERT INTO "__EFMigrationsHistory" ("MigrationId", "ProductVersion")
      VALUES ('20250707145052_FixKineticChainNullableForeignKey', '9.0.6');
info: 7/12/2025 16:16:35.909 RelationalEventId.CommandExecuted[20101] (Microsoft.EntityFrameworkCore.Database.Command) 
      Executed DbCommand (0ms) [Parameters=[], CommandType='Text', CommandTimeout='30']
      INSERT INTO "__EFMigrationsHistory" ("MigrationId", "ProductVersion")
      VALUES ('20250707145052_FixKineticChainNullableForeignKey', '9.0.6');
info: Microsoft.EntityFrameworkCore.Migrations[20402]
      Applying migration '20250708180111_UpdateMovementPatternsData'.
info: 7/12/2025 16:16:35.909 RelationalEventId.MigrationApplying[20402] (Microsoft.EntityFrameworkCore.Migrations) 
      Applying migration '20250708180111_UpdateMovementPatternsData'.
info: Microsoft.EntityFrameworkCore.Database.Command[20101]
      Executed DbCommand (1ms) [Parameters=[], CommandType='Text', CommandTimeout='30']
      ALTER TABLE "Exercises" ADD CONSTRAINT "FK_Exercises_KineticChainTypes_KineticChainId" FOREIGN KEY ("KineticChainId") REFERENCES "KineticChainTypes" ("Id") ON DELETE RESTRICT;
info: 7/12/2025 16:16:35.909 RelationalEventId.CommandExecuted[20101] (Microsoft.EntityFrameworkCore.Database.Command) 
      Executed DbCommand (1ms) [Parameters=[], CommandType='Text', CommandTimeout='30']
      ALTER TABLE "Exercises" ADD CONSTRAINT "FK_Exercises_KineticChainTypes_KineticChainId" FOREIGN KEY ("KineticChainId") REFERENCES "KineticChainTypes" ("Id") ON DELETE RESTRICT;
dbug: Microsoft.EntityFrameworkCore.Database.Command[20103]
      Creating DbCommand for 'ExecuteNonQuery'.
dbug: Microsoft.EntityFrameworkCore.Database.Command[20104]
      Created DbCommand for 'ExecuteNonQuery' (0ms).
dbug: Microsoft.EntityFrameworkCore.Database.Command[20106]
      Initialized DbCommand for 'ExecuteNonQuery' (0ms).
dbug: Microsoft.EntityFrameworkCore.Database.Command[20100]
      Executing DbCommand [Parameters=[], CommandType='Text', CommandTimeout='30']
      INSERT INTO "__EFMigrationsHistory" ("MigrationId", "ProductVersion")
      VALUES ('20250707145052_FixKineticChainNullableForeignKey', '9.0.6');
info: Microsoft.EntityFrameworkCore.Database.Command[20101]
      Executed DbCommand (0ms) [Parameters=[], CommandType='Text', CommandTimeout='30']
      INSERT INTO "__EFMigrationsHistory" ("MigrationId", "ProductVersion")
      VALUES ('20250707145052_FixKineticChainNullableForeignKey', '9.0.6');
info: 7/12/2025 16:16:35.909 RelationalEventId.CommandExecuted[20101] (Microsoft.EntityFrameworkCore.Database.Command) 
      Executed DbCommand (0ms) [Parameters=[], CommandType='Text', CommandTimeout='30']
      INSERT INTO "__EFMigrationsHistory" ("MigrationId", "ProductVersion")
      VALUES ('20250707145052_FixKineticChainNullableForeignKey', '9.0.6');
info: Microsoft.EntityFrameworkCore.Migrations[20402]
      Applying migration '20250708180111_UpdateMovementPatternsData'.
info: 7/12/2025 16:16:35.909 RelationalEventId.MigrationApplying[20402] (Microsoft.EntityFrameworkCore.Migrations) 
      Applying migration '20250708180111_UpdateMovementPatternsData'.
dbug: Microsoft.EntityFrameworkCore.Database.Command[20103]
      Creating DbCommand for 'ExecuteNonQuery'.
dbug: Microsoft.EntityFrameworkCore.Database.Command[20103]
      Creating DbCommand for 'ExecuteNonQuery'.
dbug: Microsoft.EntityFrameworkCore.Database.Command[20104]
      Created DbCommand for 'ExecuteNonQuery' (0ms).
dbug: Microsoft.EntityFrameworkCore.Database.Command[20104]
      Created DbCommand for 'ExecuteNonQuery' (0ms).
dbug: Microsoft.EntityFrameworkCore.Database.Command[20106]
      Initialized DbCommand for 'ExecuteNonQuery' (0ms).
dbug: Microsoft.EntityFrameworkCore.Database.Command[20106]
      Initialized DbCommand for 'ExecuteNonQuery' (0ms).
dbug: Microsoft.EntityFrameworkCore.Database.Command[20100]
      Executing DbCommand [Parameters=[], CommandType='Text', CommandTimeout='30']
                      -- Create temporary table to store existing pattern IDs
                      CREATE TEMP TABLE existing_patterns AS 
                      SELECT "Id", "Name" FROM "MovementPatterns" WHERE "Name" IN ('Push', 'Pull', 'Squat');
dbug: Microsoft.EntityFrameworkCore.Database.Command[20100]
      Executing DbCommand [Parameters=[], CommandType='Text', CommandTimeout='30']
                      -- Create temporary table to store existing pattern IDs
                      CREATE TEMP TABLE existing_patterns AS 
                      SELECT "Id", "Name" FROM "MovementPatterns" WHERE "Name" IN ('Push', 'Pull', 'Squat');
info: Microsoft.EntityFrameworkCore.Database.Command[20101]
      Executed DbCommand (1ms) [Parameters=[], CommandType='Text', CommandTimeout='30']
                      -- Create temporary table to store existing pattern IDs
                      CREATE TEMP TABLE existing_patterns AS 
                      SELECT "Id", "Name" FROM "MovementPatterns" WHERE "Name" IN ('Push', 'Pull', 'Squat');
info: Microsoft.EntityFrameworkCore.Database.Command[20101]
      Executed DbCommand (1ms) [Parameters=[], CommandType='Text', CommandTimeout='30']
                      -- Create temporary table to store existing pattern IDs
                      CREATE TEMP TABLE existing_patterns AS 
                      SELECT "Id", "Name" FROM "MovementPatterns" WHERE "Name" IN ('Push', 'Pull', 'Squat');
info: 7/12/2025 16:16:35.916 RelationalEventId.CommandExecuted[20101] (Microsoft.EntityFrameworkCore.Database.Command) 
      Executed DbCommand (1ms) [Parameters=[], CommandType='Text', CommandTimeout='30']
                      -- Create temporary table to store existing pattern IDs
                      CREATE TEMP TABLE existing_patterns AS 
                      SELECT "Id", "Name" FROM "MovementPatterns" WHERE "Name" IN ('Push', 'Pull', 'Squat');
info: 7/12/2025 16:16:35.916 RelationalEventId.CommandExecuted[20101] (Microsoft.EntityFrameworkCore.Database.Command) 
      Executed DbCommand (1ms) [Parameters=[], CommandType='Text', CommandTimeout='30']
                      -- Create temporary table to store existing pattern IDs
                      CREATE TEMP TABLE existing_patterns AS 
                      SELECT "Id", "Name" FROM "MovementPatterns" WHERE "Name" IN ('Push', 'Pull', 'Squat');
dbug: Microsoft.EntityFrameworkCore.Database.Command[20103]
      Creating DbCommand for 'ExecuteNonQuery'.
dbug: Microsoft.EntityFrameworkCore.Database.Command[20103]
      Creating DbCommand for 'ExecuteNonQuery'.
dbug: Microsoft.EntityFrameworkCore.Database.Command[20104]
      Created DbCommand for 'ExecuteNonQuery' (0ms).
dbug: Microsoft.EntityFrameworkCore.Database.Command[20106]
      Initialized DbCommand for 'ExecuteNonQuery' (0ms).
dbug: Microsoft.EntityFrameworkCore.Database.Command[20100]
      Executing DbCommand [Parameters=[], CommandType='Text', CommandTimeout='30']
                      UPDATE "MovementPatterns" 
                      SET "Description" = 'A lower-body, knee-dominant movement characterized by the simultaneous bending of the hips, knees, and ankles while maintaining a relatively upright torso. Examples: Barbell Back Squat, Goblet Squat, Air Squat.'
                      WHERE "Name" = 'Squat';
dbug: Microsoft.EntityFrameworkCore.Database.Command[20104]
      Created DbCommand for 'ExecuteNonQuery' (0ms).
dbug: Microsoft.EntityFrameworkCore.Database.Command[20106]
      Initialized DbCommand for 'ExecuteNonQuery' (0ms).
dbug: Microsoft.EntityFrameworkCore.Database.Command[20100]
      Executing DbCommand [Parameters=[], CommandType='Text', CommandTimeout='30']
                      UPDATE "MovementPatterns" 
                      SET "Description" = 'A lower-body, knee-dominant movement characterized by the simultaneous bending of the hips, knees, and ankles while maintaining a relatively upright torso. Examples: Barbell Back Squat, Goblet Squat, Air Squat.'
                      WHERE "Name" = 'Squat';
info: Microsoft.EntityFrameworkCore.Database.Command[20101]
      Executed DbCommand (0ms) [Parameters=[], CommandType='Text', CommandTimeout='30']
                      UPDATE "MovementPatterns" 
                      SET "Description" = 'A lower-body, knee-dominant movement characterized by the simultaneous bending of the hips, knees, and ankles while maintaining a relatively upright torso. Examples: Barbell Back Squat, Goblet Squat, Air Squat.'
                      WHERE "Name" = 'Squat';
info: 7/12/2025 16:16:35.916 RelationalEventId.CommandExecuted[20101] (Microsoft.EntityFrameworkCore.Database.Command) 
      Executed DbCommand (0ms) [Parameters=[], CommandType='Text', CommandTimeout='30']
                      UPDATE "MovementPatterns" 
                      SET "Description" = 'A lower-body, knee-dominant movement characterized by the simultaneous bending of the hips, knees, and ankles while maintaining a relatively upright torso. Examples: Barbell Back Squat, Goblet Squat, Air Squat.'
                      WHERE "Name" = 'Squat';
dbug: Microsoft.EntityFrameworkCore.Database.Command[20103]
      Creating DbCommand for 'ExecuteNonQuery'.
dbug: Microsoft.EntityFrameworkCore.Database.Command[20104]
      Created DbCommand for 'ExecuteNonQuery' (0ms).
dbug: Microsoft.EntityFrameworkCore.Database.Command[20106]
      Initialized DbCommand for 'ExecuteNonQuery' (0ms).
dbug: Microsoft.EntityFrameworkCore.Database.Command[20100]
      Executing DbCommand [Parameters=[], CommandType='Text', CommandTimeout='30']
                      -- Create temp tables to store the old IDs
                      CREATE TEMP TABLE push_id AS SELECT "Id" FROM "MovementPatterns" WHERE "Name" = 'Push';
                      CREATE TEMP TABLE pull_id AS SELECT "Id" FROM "MovementPatterns" WHERE "Name" = 'Pull';
info: Microsoft.EntityFrameworkCore.Database.Command[20101]
      Executed DbCommand (0ms) [Parameters=[], CommandType='Text', CommandTimeout='30']
                      UPDATE "MovementPatterns" 
                      SET "Description" = 'A lower-body, knee-dominant movement characterized by the simultaneous bending of the hips, knees, and ankles while maintaining a relatively upright torso. Examples: Barbell Back Squat, Goblet Squat, Air Squat.'
                      WHERE "Name" = 'Squat';
info: 7/12/2025 16:16:35.916 RelationalEventId.CommandExecuted[20101] (Microsoft.EntityFrameworkCore.Database.Command) 
      Executed DbCommand (0ms) [Parameters=[], CommandType='Text', CommandTimeout='30']
                      UPDATE "MovementPatterns" 
                      SET "Description" = 'A lower-body, knee-dominant movement characterized by the simultaneous bending of the hips, knees, and ankles while maintaining a relatively upright torso. Examples: Barbell Back Squat, Goblet Squat, Air Squat.'
                      WHERE "Name" = 'Squat';
dbug: Microsoft.EntityFrameworkCore.Database.Command[20103]
      Creating DbCommand for 'ExecuteNonQuery'.
dbug: Microsoft.EntityFrameworkCore.Database.Command[20104]
      Created DbCommand for 'ExecuteNonQuery' (0ms).
dbug: Microsoft.EntityFrameworkCore.Database.Command[20106]
      Initialized DbCommand for 'ExecuteNonQuery' (0ms).
dbug: Microsoft.EntityFrameworkCore.Database.Command[20100]
      Executing DbCommand [Parameters=[], CommandType='Text', CommandTimeout='30']
                      -- Create temp tables to store the old IDs
                      CREATE TEMP TABLE push_id AS SELECT "Id" FROM "MovementPatterns" WHERE "Name" = 'Push';
                      CREATE TEMP TABLE pull_id AS SELECT "Id" FROM "MovementPatterns" WHERE "Name" = 'Pull';
info: Microsoft.EntityFrameworkCore.Database.Command[20101]
      Executed DbCommand (1ms) [Parameters=[], CommandType='Text', CommandTimeout='30']
                      -- Create temp tables to store the old IDs
                      CREATE TEMP TABLE push_id AS SELECT "Id" FROM "MovementPatterns" WHERE "Name" = 'Push';
                      CREATE TEMP TABLE pull_id AS SELECT "Id" FROM "MovementPatterns" WHERE "Name" = 'Pull';
info: 7/12/2025 16:16:35.917 RelationalEventId.CommandExecuted[20101] (Microsoft.EntityFrameworkCore.Database.Command) 
      Executed DbCommand (1ms) [Parameters=[], CommandType='Text', CommandTimeout='30']
                      -- Create temp tables to store the old IDs
                      CREATE TEMP TABLE push_id AS SELECT "Id" FROM "MovementPatterns" WHERE "Name" = 'Push';
                      CREATE TEMP TABLE pull_id AS SELECT "Id" FROM "MovementPatterns" WHERE "Name" = 'Pull';
dbug: Microsoft.EntityFrameworkCore.Database.Command[20103]
      Creating DbCommand for 'ExecuteNonQuery'.
dbug: Microsoft.EntityFrameworkCore.Database.Command[20104]
      Created DbCommand for 'ExecuteNonQuery' (0ms).
dbug: Microsoft.EntityFrameworkCore.Database.Command[20106]
      Initialized DbCommand for 'ExecuteNonQuery' (0ms).
dbug: Microsoft.EntityFrameworkCore.Database.Command[20100]
      Executing DbCommand [Parameters=[], CommandType='Text', CommandTimeout='30']
                      UPDATE "MovementPatterns" 
                      SET "Name" = 'Horizontal Push',
                          "Description" = 'Pushing forward, parallel to the ground. Examples: Bench Press, Push-up, Cable Chest Press.'
                      WHERE "Name" = 'Push';
info: Microsoft.EntityFrameworkCore.Database.Command[20101]
      Executed DbCommand (1ms) [Parameters=[], CommandType='Text', CommandTimeout='30']
                      -- Create temp tables to store the old IDs
                      CREATE TEMP TABLE push_id AS SELECT "Id" FROM "MovementPatterns" WHERE "Name" = 'Push';
                      CREATE TEMP TABLE pull_id AS SELECT "Id" FROM "MovementPatterns" WHERE "Name" = 'Pull';
info: 7/12/2025 16:16:35.917 RelationalEventId.CommandExecuted[20101] (Microsoft.EntityFrameworkCore.Database.Command) 
      Executed DbCommand (1ms) [Parameters=[], CommandType='Text', CommandTimeout='30']
                      -- Create temp tables to store the old IDs
                      CREATE TEMP TABLE push_id AS SELECT "Id" FROM "MovementPatterns" WHERE "Name" = 'Push';
                      CREATE TEMP TABLE pull_id AS SELECT "Id" FROM "MovementPatterns" WHERE "Name" = 'Pull';
info: 7/12/2025 16:16:35.917 RelationalEventId.CommandExecuted[20101] (Microsoft.EntityFrameworkCore.Database.Command) 
      Executed DbCommand (0ms) [Parameters=[], CommandType='Text', CommandTimeout='30']
                      UPDATE "MovementPatterns" 
                      SET "Name" = 'Horizontal Push',
                          "Description" = 'Pushing forward, parallel to the ground. Examples: Bench Press, Push-up, Cable Chest Press.'
                      WHERE "Name" = 'Push';
info: Microsoft.EntityFrameworkCore.Database.Command[20101]
      Executed DbCommand (0ms) [Parameters=[], CommandType='Text', CommandTimeout='30']
                      UPDATE "MovementPatterns" 
                      SET "Name" = 'Horizontal Push',
                          "Description" = 'Pushing forward, parallel to the ground. Examples: Bench Press, Push-up, Cable Chest Press.'
                      WHERE "Name" = 'Push';
dbug: Microsoft.EntityFrameworkCore.Database.Command[20103]
      Creating DbCommand for 'ExecuteNonQuery'.
dbug: Microsoft.EntityFrameworkCore.Database.Command[20103]
      Creating DbCommand for 'ExecuteNonQuery'.
dbug: Microsoft.EntityFrameworkCore.Database.Command[20104]
      Created DbCommand for 'ExecuteNonQuery' (0ms).
dbug: Microsoft.EntityFrameworkCore.Database.Command[20104]
      Created DbCommand for 'ExecuteNonQuery' (0ms).
dbug: Microsoft.EntityFrameworkCore.Database.Command[20106]
      Initialized DbCommand for 'ExecuteNonQuery' (0ms).
dbug: Microsoft.EntityFrameworkCore.Database.Command[20106]
      Initialized DbCommand for 'ExecuteNonQuery' (0ms).
dbug: Microsoft.EntityFrameworkCore.Database.Command[20100]
      Executing DbCommand [Parameters=[], CommandType='Text', CommandTimeout='30']
                      UPDATE "MovementPatterns" 
                      SET "Name" = 'Horizontal Pull',
                          "Description" = 'Pulling backward, parallel to the ground. Examples: Bent-Over Row, Seated Cable Row, Inverted Row.'
                      WHERE "Name" = 'Pull';
dbug: Microsoft.EntityFrameworkCore.Database.Command[20100]
      Executing DbCommand [Parameters=[], CommandType='Text', CommandTimeout='30']
                      UPDATE "MovementPatterns" 
                      SET "Name" = 'Horizontal Push',
                          "Description" = 'Pushing forward, parallel to the ground. Examples: Bench Press, Push-up, Cable Chest Press.'
                      WHERE "Name" = 'Push';
info: Microsoft.EntityFrameworkCore.Database.Command[20101]
      Executed DbCommand (0ms) [Parameters=[], CommandType='Text', CommandTimeout='30']
                      UPDATE "MovementPatterns" 
                      SET "Name" = 'Horizontal Pull',
                          "Description" = 'Pulling backward, parallel to the ground. Examples: Bent-Over Row, Seated Cable Row, Inverted Row.'
                      WHERE "Name" = 'Pull';
info: 7/12/2025 16:16:35.917 RelationalEventId.CommandExecuted[20101] (Microsoft.EntityFrameworkCore.Database.Command) 
      Executed DbCommand (0ms) [Parameters=[], CommandType='Text', CommandTimeout='30']
                      UPDATE "MovementPatterns" 
                      SET "Name" = 'Horizontal Pull',
                          "Description" = 'Pulling backward, parallel to the ground. Examples: Bent-Over Row, Seated Cable Row, Inverted Row.'
                      WHERE "Name" = 'Pull';
dbug: Microsoft.EntityFrameworkCore.Database.Command[20103]
      Creating DbCommand for 'ExecuteNonQuery'.
dbug: Microsoft.EntityFrameworkCore.Database.Command[20104]
      Created DbCommand for 'ExecuteNonQuery' (0ms).
dbug: Microsoft.EntityFrameworkCore.Database.Command[20106]
      Initialized DbCommand for 'ExecuteNonQuery' (0ms).
dbug: Microsoft.EntityFrameworkCore.Database.Command[20100]
      Executing DbCommand [Parameters=[], CommandType='Text', CommandTimeout='30']
                      -- Add Hinge
                      INSERT INTO "MovementPatterns" ("Id", "Name", "Description")
                      SELECT gen_random_uuid(), 'Hinge', 'A lower-body, hip-dominant movement involving flexion and extension primarily at the hip joint with minimal knee bend. This pattern is fundamental for lifting objects from the floor and developing the posterior chain. Examples: Deadlift, Kettlebell Swing, Good Morning.'
                      WHERE NOT EXISTS (SELECT 1 FROM "MovementPatterns" WHERE "Name" = 'Hinge');
                      -- Add Lunge
                      INSERT INTO "MovementPatterns" ("Id", "Name", "Description")
                      SELECT gen_random_uuid(), 'Lunge', 'A unilateral (single-leg focused) movement pattern that challenges balance, stability, and strength in a split stance. It is a key pattern for locomotion and single-leg stability. Examples: Forward Lunge, Reverse Lunge, Bulgarian Split Squat.'
                      WHERE NOT EXISTS (SELECT 1 FROM "MovementPatterns" WHERE "Name" = 'Lunge');
                      -- Add Vertical Push
                      INSERT INTO "MovementPatterns" ("Id", "Name", "Description")
                      SELECT gen_random_uuid(), 'Vertical Push', 'Pushing upward, overhead. Examples: Overhead Press, Dumbbell Shoulder Press, Handstand Push-up.'
                      WHERE NOT EXISTS (SELECT 1 FROM "MovementPatterns" WHERE "Name" = 'Vertical Push');
                      -- Add Vertical Pull
                      INSERT INTO "MovementPatterns" ("Id", "Name", "Description")
                      SELECT gen_random_uuid(), 'Vertical Pull', 'Pulling downward from an overhead position. Examples: Pull-up, Chin-up, Lat Pulldown.'
                      WHERE NOT EXISTS (SELECT 1 FROM "MovementPatterns" WHERE "Name" = 'Vertical Pull');
                      -- Add Carry
                      INSERT INTO "MovementPatterns" ("Id", "Name", "Description")
                      SELECT gen_random_uuid(), 'Carry', 'A pattern of locomotion (walking or running) while under an external load. This is considered highly functional as it integrates core stability with grip strength and full-body coordination. Examples: Farmer''s Walk, Suitcase Carry, Overhead Carry.'
                      WHERE NOT EXISTS (SELECT 1 FROM "MovementPatterns" WHERE "Name" = 'Carry');
                      -- Add Rotation/Anti-Rotation
                      INSERT INTO "MovementPatterns" ("Id", "Name", "Description")
                      SELECT gen_random_uuid(), 'Rotation/Anti-Rotation', 'A core-focused pattern involving either generating rotational force (twisting) or resisting it. This is crucial for athletic power transfer and spinal stability. Examples: Medicine Ball Rotational Throw (Rotation), Pallof Press (Anti-Rotation), Bird-Dog (Anti-Rotation).'
                      WHERE NOT EXISTS (SELECT 1 FROM "MovementPatterns" WHERE "Name" = 'Rotation/Anti-Rotation');
info: Microsoft.EntityFrameworkCore.Database.Command[20101]
      Executed DbCommand (0ms) [Parameters=[], CommandType='Text', CommandTimeout='30']
                      UPDATE "MovementPatterns" 
                      SET "Name" = 'Horizontal Push',
                          "Description" = 'Pushing forward, parallel to the ground. Examples: Bench Press, Push-up, Cable Chest Press.'
                      WHERE "Name" = 'Push';
info: 7/12/2025 16:16:35.917 RelationalEventId.CommandExecuted[20101] (Microsoft.EntityFrameworkCore.Database.Command) 
      Executed DbCommand (0ms) [Parameters=[], CommandType='Text', CommandTimeout='30']
                      UPDATE "MovementPatterns" 
                      SET "Name" = 'Horizontal Push',
                          "Description" = 'Pushing forward, parallel to the ground. Examples: Bench Press, Push-up, Cable Chest Press.'
                      WHERE "Name" = 'Push';
dbug: Microsoft.EntityFrameworkCore.Database.Command[20103]
      Creating DbCommand for 'ExecuteNonQuery'.
dbug: Microsoft.EntityFrameworkCore.Database.Command[20104]
      Created DbCommand for 'ExecuteNonQuery' (0ms).
dbug: Microsoft.EntityFrameworkCore.Database.Command[20106]
      Initialized DbCommand for 'ExecuteNonQuery' (0ms).
dbug: Microsoft.EntityFrameworkCore.Database.Command[20100]
      Executing DbCommand [Parameters=[], CommandType='Text', CommandTimeout='30']
                      UPDATE "MovementPatterns" 
                      SET "Name" = 'Horizontal Pull',
                          "Description" = 'Pulling backward, parallel to the ground. Examples: Bent-Over Row, Seated Cable Row, Inverted Row.'
                      WHERE "Name" = 'Pull';
info: Microsoft.EntityFrameworkCore.Database.Command[20101]
      Executed DbCommand (0ms) [Parameters=[], CommandType='Text', CommandTimeout='30']
                      UPDATE "MovementPatterns" 
                      SET "Name" = 'Horizontal Pull',
                          "Description" = 'Pulling backward, parallel to the ground. Examples: Bent-Over Row, Seated Cable Row, Inverted Row.'
                      WHERE "Name" = 'Pull';
info: 7/12/2025 16:16:35.917 RelationalEventId.CommandExecuted[20101] (Microsoft.EntityFrameworkCore.Database.Command) 
      Executed DbCommand (0ms) [Parameters=[], CommandType='Text', CommandTimeout='30']
                      UPDATE "MovementPatterns" 
                      SET "Name" = 'Horizontal Pull',
                          "Description" = 'Pulling backward, parallel to the ground. Examples: Bent-Over Row, Seated Cable Row, Inverted Row.'
                      WHERE "Name" = 'Pull';
dbug: Microsoft.EntityFrameworkCore.Database.Command[20103]
      Creating DbCommand for 'ExecuteNonQuery'.
dbug: Microsoft.EntityFrameworkCore.Database.Command[20104]
      Created DbCommand for 'ExecuteNonQuery' (0ms).
dbug: Microsoft.EntityFrameworkCore.Database.Command[20106]
      Initialized DbCommand for 'ExecuteNonQuery' (0ms).
dbug: Microsoft.EntityFrameworkCore.Database.Command[20100]
      Executing DbCommand [Parameters=[], CommandType='Text', CommandTimeout='30']
                      -- Add Hinge
                      INSERT INTO "MovementPatterns" ("Id", "Name", "Description")
                      SELECT gen_random_uuid(), 'Hinge', 'A lower-body, hip-dominant movement involving flexion and extension primarily at the hip joint with minimal knee bend. This pattern is fundamental for lifting objects from the floor and developing the posterior chain. Examples: Deadlift, Kettlebell Swing, Good Morning.'
                      WHERE NOT EXISTS (SELECT 1 FROM "MovementPatterns" WHERE "Name" = 'Hinge');
                      -- Add Lunge
                      INSERT INTO "MovementPatterns" ("Id", "Name", "Description")
                      SELECT gen_random_uuid(), 'Lunge', 'A unilateral (single-leg focused) movement pattern that challenges balance, stability, and strength in a split stance. It is a key pattern for locomotion and single-leg stability. Examples: Forward Lunge, Reverse Lunge, Bulgarian Split Squat.'
                      WHERE NOT EXISTS (SELECT 1 FROM "MovementPatterns" WHERE "Name" = 'Lunge');
                      -- Add Vertical Push
                      INSERT INTO "MovementPatterns" ("Id", "Name", "Description")
                      SELECT gen_random_uuid(), 'Vertical Push', 'Pushing upward, overhead. Examples: Overhead Press, Dumbbell Shoulder Press, Handstand Push-up.'
                      WHERE NOT EXISTS (SELECT 1 FROM "MovementPatterns" WHERE "Name" = 'Vertical Push');
                      -- Add Vertical Pull
                      INSERT INTO "MovementPatterns" ("Id", "Name", "Description")
                      SELECT gen_random_uuid(), 'Vertical Pull', 'Pulling downward from an overhead position. Examples: Pull-up, Chin-up, Lat Pulldown.'
                      WHERE NOT EXISTS (SELECT 1 FROM "MovementPatterns" WHERE "Name" = 'Vertical Pull');
                      -- Add Carry
                      INSERT INTO "MovementPatterns" ("Id", "Name", "Description")
                      SELECT gen_random_uuid(), 'Carry', 'A pattern of locomotion (walking or running) while under an external load. This is considered highly functional as it integrates core stability with grip strength and full-body coordination. Examples: Farmer''s Walk, Suitcase Carry, Overhead Carry.'
                      WHERE NOT EXISTS (SELECT 1 FROM "MovementPatterns" WHERE "Name" = 'Carry');
                      -- Add Rotation/Anti-Rotation
                      INSERT INTO "MovementPatterns" ("Id", "Name", "Description")
                      SELECT gen_random_uuid(), 'Rotation/Anti-Rotation', 'A core-focused pattern involving either generating rotational force (twisting) or resisting it. This is crucial for athletic power transfer and spinal stability. Examples: Medicine Ball Rotational Throw (Rotation), Pallof Press (Anti-Rotation), Bird-Dog (Anti-Rotation).'
                      WHERE NOT EXISTS (SELECT 1 FROM "MovementPatterns" WHERE "Name" = 'Rotation/Anti-Rotation');
info: Microsoft.EntityFrameworkCore.Database.Command[20101]
      Executed DbCommand (1ms) [Parameters=[], CommandType='Text', CommandTimeout='30']
                      -- Add Hinge
                      INSERT INTO "MovementPatterns" ("Id", "Name", "Description")
                      SELECT gen_random_uuid(), 'Hinge', 'A lower-body, hip-dominant movement involving flexion and extension primarily at the hip joint with minimal knee bend. This pattern is fundamental for lifting objects from the floor and developing the posterior chain. Examples: Deadlift, Kettlebell Swing, Good Morning.'
                      WHERE NOT EXISTS (SELECT 1 FROM "MovementPatterns" WHERE "Name" = 'Hinge');
                      -- Add Lunge
                      INSERT INTO "MovementPatterns" ("Id", "Name", "Description")
                      SELECT gen_random_uuid(), 'Lunge', 'A unilateral (single-leg focused) movement pattern that challenges balance, stability, and strength in a split stance. It is a key pattern for locomotion and single-leg stability. Examples: Forward Lunge, Reverse Lunge, Bulgarian Split Squat.'
                      WHERE NOT EXISTS (SELECT 1 FROM "MovementPatterns" WHERE "Name" = 'Lunge');
                      -- Add Vertical Push
                      INSERT INTO "MovementPatterns" ("Id", "Name", "Description")
                      SELECT gen_random_uuid(), 'Vertical Push', 'Pushing upward, overhead. Examples: Overhead Press, Dumbbell Shoulder Press, Handstand Push-up.'
                      WHERE NOT EXISTS (SELECT 1 FROM "MovementPatterns" WHERE "Name" = 'Vertical Push');
                      -- Add Vertical Pull
                      INSERT INTO "MovementPatterns" ("Id", "Name", "Description")
                      SELECT gen_random_uuid(), 'Vertical Pull', 'Pulling downward from an overhead position. Examples: Pull-up, Chin-up, Lat Pulldown.'
                      WHERE NOT EXISTS (SELECT 1 FROM "MovementPatterns" WHERE "Name" = 'Vertical Pull');
                      -- Add Carry
                      INSERT INTO "MovementPatterns" ("Id", "Name", "Description")
                      SELECT gen_random_uuid(), 'Carry', 'A pattern of locomotion (walking or running) while under an external load. This is considered highly functional as it integrates core stability with grip strength and full-body coordination. Examples: Farmer''s Walk, Suitcase Carry, Overhead Carry.'
                      WHERE NOT EXISTS (SELECT 1 FROM "MovementPatterns" WHERE "Name" = 'Carry');
                      -- Add Rotation/Anti-Rotation
                      INSERT INTO "MovementPatterns" ("Id", "Name", "Description")
                      SELECT gen_random_uuid(), 'Rotation/Anti-Rotation', 'A core-focused pattern involving either generating rotational force (twisting) or resisting it. This is crucial for athletic power transfer and spinal stability. Examples: Medicine Ball Rotational Throw (Rotation), Pallof Press (Anti-Rotation), Bird-Dog (Anti-Rotation).'
                      WHERE NOT EXISTS (SELECT 1 FROM "MovementPatterns" WHERE "Name" = 'Rotation/Anti-Rotation');
info: 7/12/2025 16:16:35.918 RelationalEventId.CommandExecuted[20101] (Microsoft.EntityFrameworkCore.Database.Command) 
      Executed DbCommand (1ms) [Parameters=[], CommandType='Text', CommandTimeout='30']
                      -- Add Hinge
                      INSERT INTO "MovementPatterns" ("Id", "Name", "Description")
                      SELECT gen_random_uuid(), 'Hinge', 'A lower-body, hip-dominant movement involving flexion and extension primarily at the hip joint with minimal knee bend. This pattern is fundamental for lifting objects from the floor and developing the posterior chain. Examples: Deadlift, Kettlebell Swing, Good Morning.'
                      WHERE NOT EXISTS (SELECT 1 FROM "MovementPatterns" WHERE "Name" = 'Hinge');
                      -- Add Lunge
                      INSERT INTO "MovementPatterns" ("Id", "Name", "Description")
                      SELECT gen_random_uuid(), 'Lunge', 'A unilateral (single-leg focused) movement pattern that challenges balance, stability, and strength in a split stance. It is a key pattern for locomotion and single-leg stability. Examples: Forward Lunge, Reverse Lunge, Bulgarian Split Squat.'
                      WHERE NOT EXISTS (SELECT 1 FROM "MovementPatterns" WHERE "Name" = 'Lunge');
                      -- Add Vertical Push
                      INSERT INTO "MovementPatterns" ("Id", "Name", "Description")
                      SELECT gen_random_uuid(), 'Vertical Push', 'Pushing upward, overhead. Examples: Overhead Press, Dumbbell Shoulder Press, Handstand Push-up.'
                      WHERE NOT EXISTS (SELECT 1 FROM "MovementPatterns" WHERE "Name" = 'Vertical Push');
                      -- Add Vertical Pull
                      INSERT INTO "MovementPatterns" ("Id", "Name", "Description")
                      SELECT gen_random_uuid(), 'Vertical Pull', 'Pulling downward from an overhead position. Examples: Pull-up, Chin-up, Lat Pulldown.'
                      WHERE NOT EXISTS (SELECT 1 FROM "MovementPatterns" WHERE "Name" = 'Vertical Pull');
                      -- Add Carry
                      INSERT INTO "MovementPatterns" ("Id", "Name", "Description")
                      SELECT gen_random_uuid(), 'Carry', 'A pattern of locomotion (walking or running) while under an external load. This is considered highly functional as it integrates core stability with grip strength and full-body coordination. Examples: Farmer''s Walk, Suitcase Carry, Overhead Carry.'
                      WHERE NOT EXISTS (SELECT 1 FROM "MovementPatterns" WHERE "Name" = 'Carry');
                      -- Add Rotation/Anti-Rotation
                      INSERT INTO "MovementPatterns" ("Id", "Name", "Description")
                      SELECT gen_random_uuid(), 'Rotation/Anti-Rotation', 'A core-focused pattern involving either generating rotational force (twisting) or resisting it. This is crucial for athletic power transfer and spinal stability. Examples: Medicine Ball Rotational Throw (Rotation), Pallof Press (Anti-Rotation), Bird-Dog (Anti-Rotation).'
                      WHERE NOT EXISTS (SELECT 1 FROM "MovementPatterns" WHERE "Name" = 'Rotation/Anti-Rotation');
dbug: Microsoft.EntityFrameworkCore.Database.Command[20103]
      Creating DbCommand for 'ExecuteNonQuery'.
dbug: Microsoft.EntityFrameworkCore.Database.Command[20104]
      Created DbCommand for 'ExecuteNonQuery' (0ms).
dbug: Microsoft.EntityFrameworkCore.Database.Command[20106]
      Initialized DbCommand for 'ExecuteNonQuery' (0ms).
dbug: Microsoft.EntityFrameworkCore.Database.Command[20100]
      Executing DbCommand [Parameters=[], CommandType='Text', CommandTimeout='30']
                      DROP TABLE IF EXISTS existing_patterns;
                      DROP TABLE IF EXISTS push_id;
                      DROP TABLE IF EXISTS pull_id;
info: Microsoft.EntityFrameworkCore.Database.Command[20101]
      Executed DbCommand (1ms) [Parameters=[], CommandType='Text', CommandTimeout='30']
                      -- Add Hinge
                      INSERT INTO "MovementPatterns" ("Id", "Name", "Description")
                      SELECT gen_random_uuid(), 'Hinge', 'A lower-body, hip-dominant movement involving flexion and extension primarily at the hip joint with minimal knee bend. This pattern is fundamental for lifting objects from the floor and developing the posterior chain. Examples: Deadlift, Kettlebell Swing, Good Morning.'
                      WHERE NOT EXISTS (SELECT 1 FROM "MovementPatterns" WHERE "Name" = 'Hinge');
                      -- Add Lunge
                      INSERT INTO "MovementPatterns" ("Id", "Name", "Description")
                      SELECT gen_random_uuid(), 'Lunge', 'A unilateral (single-leg focused) movement pattern that challenges balance, stability, and strength in a split stance. It is a key pattern for locomotion and single-leg stability. Examples: Forward Lunge, Reverse Lunge, Bulgarian Split Squat.'
                      WHERE NOT EXISTS (SELECT 1 FROM "MovementPatterns" WHERE "Name" = 'Lunge');
                      -- Add Vertical Push
                      INSERT INTO "MovementPatterns" ("Id", "Name", "Description")
                      SELECT gen_random_uuid(), 'Vertical Push', 'Pushing upward, overhead. Examples: Overhead Press, Dumbbell Shoulder Press, Handstand Push-up.'
                      WHERE NOT EXISTS (SELECT 1 FROM "MovementPatterns" WHERE "Name" = 'Vertical Push');
                      -- Add Vertical Pull
                      INSERT INTO "MovementPatterns" ("Id", "Name", "Description")
                      SELECT gen_random_uuid(), 'Vertical Pull', 'Pulling downward from an overhead position. Examples: Pull-up, Chin-up, Lat Pulldown.'
                      WHERE NOT EXISTS (SELECT 1 FROM "MovementPatterns" WHERE "Name" = 'Vertical Pull');
                      -- Add Carry
                      INSERT INTO "MovementPatterns" ("Id", "Name", "Description")
                      SELECT gen_random_uuid(), 'Carry', 'A pattern of locomotion (walking or running) while under an external load. This is considered highly functional as it integrates core stability with grip strength and full-body coordination. Examples: Farmer''s Walk, Suitcase Carry, Overhead Carry.'
                      WHERE NOT EXISTS (SELECT 1 FROM "MovementPatterns" WHERE "Name" = 'Carry');
                      -- Add Rotation/Anti-Rotation
                      INSERT INTO "MovementPatterns" ("Id", "Name", "Description")
                      SELECT gen_random_uuid(), 'Rotation/Anti-Rotation', 'A core-focused pattern involving either generating rotational force (twisting) or resisting it. This is crucial for athletic power transfer and spinal stability. Examples: Medicine Ball Rotational Throw (Rotation), Pallof Press (Anti-Rotation), Bird-Dog (Anti-Rotation).'
                      WHERE NOT EXISTS (SELECT 1 FROM "MovementPatterns" WHERE "Name" = 'Rotation/Anti-Rotation');
info: 7/12/2025 16:16:35.918 RelationalEventId.CommandExecuted[20101] (Microsoft.EntityFrameworkCore.Database.Command) 
      Executed DbCommand (1ms) [Parameters=[], CommandType='Text', CommandTimeout='30']
                      -- Add Hinge
                      INSERT INTO "MovementPatterns" ("Id", "Name", "Description")
                      SELECT gen_random_uuid(), 'Hinge', 'A lower-body, hip-dominant movement involving flexion and extension primarily at the hip joint with minimal knee bend. This pattern is fundamental for lifting objects from the floor and developing the posterior chain. Examples: Deadlift, Kettlebell Swing, Good Morning.'
                      WHERE NOT EXISTS (SELECT 1 FROM "MovementPatterns" WHERE "Name" = 'Hinge');
                      -- Add Lunge
                      INSERT INTO "MovementPatterns" ("Id", "Name", "Description")
                      SELECT gen_random_uuid(), 'Lunge', 'A unilateral (single-leg focused) movement pattern that challenges balance, stability, and strength in a split stance. It is a key pattern for locomotion and single-leg stability. Examples: Forward Lunge, Reverse Lunge, Bulgarian Split Squat.'
                      WHERE NOT EXISTS (SELECT 1 FROM "MovementPatterns" WHERE "Name" = 'Lunge');
                      -- Add Vertical Push
                      INSERT INTO "MovementPatterns" ("Id", "Name", "Description")
                      SELECT gen_random_uuid(), 'Vertical Push', 'Pushing upward, overhead. Examples: Overhead Press, Dumbbell Shoulder Press, Handstand Push-up.'
                      WHERE NOT EXISTS (SELECT 1 FROM "MovementPatterns" WHERE "Name" = 'Vertical Push');
                      -- Add Vertical Pull
                      INSERT INTO "MovementPatterns" ("Id", "Name", "Description")
                      SELECT gen_random_uuid(), 'Vertical Pull', 'Pulling downward from an overhead position. Examples: Pull-up, Chin-up, Lat Pulldown.'
                      WHERE NOT EXISTS (SELECT 1 FROM "MovementPatterns" WHERE "Name" = 'Vertical Pull');
                      -- Add Carry
                      INSERT INTO "MovementPatterns" ("Id", "Name", "Description")
                      SELECT gen_random_uuid(), 'Carry', 'A pattern of locomotion (walking or running) while under an external load. This is considered highly functional as it integrates core stability with grip strength and full-body coordination. Examples: Farmer''s Walk, Suitcase Carry, Overhead Carry.'
                      WHERE NOT EXISTS (SELECT 1 FROM "MovementPatterns" WHERE "Name" = 'Carry');
                      -- Add Rotation/Anti-Rotation
                      INSERT INTO "MovementPatterns" ("Id", "Name", "Description")
                      SELECT gen_random_uuid(), 'Rotation/Anti-Rotation', 'A core-focused pattern involving either generating rotational force (twisting) or resisting it. This is crucial for athletic power transfer and spinal stability. Examples: Medicine Ball Rotational Throw (Rotation), Pallof Press (Anti-Rotation), Bird-Dog (Anti-Rotation).'
                      WHERE NOT EXISTS (SELECT 1 FROM "MovementPatterns" WHERE "Name" = 'Rotation/Anti-Rotation');
dbug: Microsoft.EntityFrameworkCore.Database.Command[20103]
      Creating DbCommand for 'ExecuteNonQuery'.
dbug: Microsoft.EntityFrameworkCore.Database.Command[20104]
      Created DbCommand for 'ExecuteNonQuery' (0ms).
dbug: Microsoft.EntityFrameworkCore.Database.Command[20106]
      Initialized DbCommand for 'ExecuteNonQuery' (0ms).
dbug: Microsoft.EntityFrameworkCore.Database.Command[20100]
      Executing DbCommand [Parameters=[], CommandType='Text', CommandTimeout='30']
                      DROP TABLE IF EXISTS existing_patterns;
                      DROP TABLE IF EXISTS push_id;
                      DROP TABLE IF EXISTS pull_id;
info: Microsoft.EntityFrameworkCore.Database.Command[20101]
      Executed DbCommand (2ms) [Parameters=[], CommandType='Text', CommandTimeout='30']
                      DROP TABLE IF EXISTS existing_patterns;
                      DROP TABLE IF EXISTS push_id;
                      DROP TABLE IF EXISTS pull_id;
info: 7/12/2025 16:16:35.920 RelationalEventId.CommandExecuted[20101] (Microsoft.EntityFrameworkCore.Database.Command) 
      Executed DbCommand (2ms) [Parameters=[], CommandType='Text', CommandTimeout='30']
                      DROP TABLE IF EXISTS existing_patterns;
                      DROP TABLE IF EXISTS push_id;
                      DROP TABLE IF EXISTS pull_id;
dbug: Microsoft.EntityFrameworkCore.Database.Command[20103]
      Creating DbCommand for 'ExecuteNonQuery'.
dbug: Microsoft.EntityFrameworkCore.Database.Command[20104]
      Created DbCommand for 'ExecuteNonQuery' (0ms).
dbug: Microsoft.EntityFrameworkCore.Database.Command[20106]
      Initialized DbCommand for 'ExecuteNonQuery' (0ms).
dbug: Microsoft.EntityFrameworkCore.Database.Command[20100]
      Executing DbCommand [Parameters=[], CommandType='Text', CommandTimeout='30']
      INSERT INTO "__EFMigrationsHistory" ("MigrationId", "ProductVersion")
      VALUES ('20250708180111_UpdateMovementPatternsData', '9.0.6');
info: Microsoft.EntityFrameworkCore.Database.Command[20101]
      Executed DbCommand (0ms) [Parameters=[], CommandType='Text', CommandTimeout='30']
      INSERT INTO "__EFMigrationsHistory" ("MigrationId", "ProductVersion")
      VALUES ('20250708180111_UpdateMovementPatternsData', '9.0.6');
info: 7/12/2025 16:16:35.920 RelationalEventId.CommandExecuted[20101] (Microsoft.EntityFrameworkCore.Database.Command) 
      Executed DbCommand (0ms) [Parameters=[], CommandType='Text', CommandTimeout='30']
      INSERT INTO "__EFMigrationsHistory" ("MigrationId", "ProductVersion")
      VALUES ('20250708180111_UpdateMovementPatternsData', '9.0.6');
info: Microsoft.EntityFrameworkCore.Migrations[20402]
      Applying migration '20250709084215_AddExerciseLinksTable'.
info: 7/12/2025 16:16:35.920 RelationalEventId.MigrationApplying[20402] (Microsoft.EntityFrameworkCore.Migrations) 
      Applying migration '20250709084215_AddExerciseLinksTable'.
info: Microsoft.EntityFrameworkCore.Database.Command[20101]
      Executed DbCommand (2ms) [Parameters=[], CommandType='Text', CommandTimeout='30']
                      DROP TABLE IF EXISTS existing_patterns;
                      DROP TABLE IF EXISTS push_id;
                      DROP TABLE IF EXISTS pull_id;
info: 7/12/2025 16:16:35.920 RelationalEventId.CommandExecuted[20101] (Microsoft.EntityFrameworkCore.Database.Command) 
      Executed DbCommand (2ms) [Parameters=[], CommandType='Text', CommandTimeout='30']
                      DROP TABLE IF EXISTS existing_patterns;
                      DROP TABLE IF EXISTS push_id;
                      DROP TABLE IF EXISTS pull_id;
dbug: Microsoft.EntityFrameworkCore.Database.Command[20103]
      Creating DbCommand for 'ExecuteNonQuery'.
dbug: Microsoft.EntityFrameworkCore.Database.Command[20104]
      Created DbCommand for 'ExecuteNonQuery' (0ms).
dbug: Microsoft.EntityFrameworkCore.Database.Command[20106]
      Initialized DbCommand for 'ExecuteNonQuery' (0ms).
dbug: Microsoft.EntityFrameworkCore.Database.Command[20100]
      Executing DbCommand [Parameters=[], CommandType='Text', CommandTimeout='30']
      INSERT INTO "__EFMigrationsHistory" ("MigrationId", "ProductVersion")
      VALUES ('20250708180111_UpdateMovementPatternsData', '9.0.6');
info: Microsoft.EntityFrameworkCore.Database.Command[20101]
      Executed DbCommand (0ms) [Parameters=[], CommandType='Text', CommandTimeout='30']
      INSERT INTO "__EFMigrationsHistory" ("MigrationId", "ProductVersion")
      VALUES ('20250708180111_UpdateMovementPatternsData', '9.0.6');
info: 7/12/2025 16:16:35.920 RelationalEventId.CommandExecuted[20101] (Microsoft.EntityFrameworkCore.Database.Command) 
      Executed DbCommand (0ms) [Parameters=[], CommandType='Text', CommandTimeout='30']
      INSERT INTO "__EFMigrationsHistory" ("MigrationId", "ProductVersion")
      VALUES ('20250708180111_UpdateMovementPatternsData', '9.0.6');
info: Microsoft.EntityFrameworkCore.Migrations[20402]
      Applying migration '20250709084215_AddExerciseLinksTable'.
info: 7/12/2025 16:16:35.921 RelationalEventId.MigrationApplying[20402] (Microsoft.EntityFrameworkCore.Migrations) 
      Applying migration '20250709084215_AddExerciseLinksTable'.
dbug: Microsoft.EntityFrameworkCore.Database.Command[20103]
      Creating DbCommand for 'ExecuteNonQuery'.
dbug: Microsoft.EntityFrameworkCore.Database.Command[20104]
      Created DbCommand for 'ExecuteNonQuery' (0ms).
dbug: Microsoft.EntityFrameworkCore.Database.Command[20106]
      Initialized DbCommand for 'ExecuteNonQuery' (0ms).
dbug: Microsoft.EntityFrameworkCore.Database.Command[20103]
      Creating DbCommand for 'ExecuteNonQuery'.
dbug: Microsoft.EntityFrameworkCore.Database.Command[20100]
      Executing DbCommand [Parameters=[], CommandType='Text', CommandTimeout='30']
      CREATE TABLE "ExerciseLinks" (
          "Id" uuid NOT NULL,
          "SourceExerciseId" uuid NOT NULL,
          "TargetExerciseId" uuid NOT NULL,
          "LinkType" character varying(10) NOT NULL,
          "DisplayOrder" integer NOT NULL,
          "IsActive" boolean NOT NULL,
          "CreatedAt" timestamp with time zone NOT NULL,
          "UpdatedAt" timestamp with time zone NOT NULL,
          CONSTRAINT "PK_ExerciseLinks" PRIMARY KEY ("Id"),
          CONSTRAINT "FK_ExerciseLinks_Exercises_SourceExerciseId" FOREIGN KEY ("SourceExerciseId") REFERENCES "Exercises" ("Id") ON DELETE RESTRICT,
          CONSTRAINT "FK_ExerciseLinks_Exercises_TargetExerciseId" FOREIGN KEY ("TargetExerciseId") REFERENCES "Exercises" ("Id") ON DELETE RESTRICT
      );
dbug: Microsoft.EntityFrameworkCore.Database.Command[20104]
      Created DbCommand for 'ExecuteNonQuery' (0ms).
dbug: Microsoft.EntityFrameworkCore.Database.Command[20106]
      Initialized DbCommand for 'ExecuteNonQuery' (0ms).
dbug: Microsoft.EntityFrameworkCore.Database.Command[20100]
      Executing DbCommand [Parameters=[], CommandType='Text', CommandTimeout='30']
      CREATE TABLE "ExerciseLinks" (
          "Id" uuid NOT NULL,
          "SourceExerciseId" uuid NOT NULL,
          "TargetExerciseId" uuid NOT NULL,
          "LinkType" character varying(10) NOT NULL,
          "DisplayOrder" integer NOT NULL,
          "IsActive" boolean NOT NULL,
          "CreatedAt" timestamp with time zone NOT NULL,
          "UpdatedAt" timestamp with time zone NOT NULL,
          CONSTRAINT "PK_ExerciseLinks" PRIMARY KEY ("Id"),
          CONSTRAINT "FK_ExerciseLinks_Exercises_SourceExerciseId" FOREIGN KEY ("SourceExerciseId") REFERENCES "Exercises" ("Id") ON DELETE RESTRICT,
          CONSTRAINT "FK_ExerciseLinks_Exercises_TargetExerciseId" FOREIGN KEY ("TargetExerciseId") REFERENCES "Exercises" ("Id") ON DELETE RESTRICT
      );
info: Microsoft.EntityFrameworkCore.Database.Command[20101]
      Executed DbCommand (2ms) [Parameters=[], CommandType='Text', CommandTimeout='30']
      CREATE TABLE "ExerciseLinks" (
          "Id" uuid NOT NULL,
          "SourceExerciseId" uuid NOT NULL,
          "TargetExerciseId" uuid NOT NULL,
          "LinkType" character varying(10) NOT NULL,
          "DisplayOrder" integer NOT NULL,
          "IsActive" boolean NOT NULL,
          "CreatedAt" timestamp with time zone NOT NULL,
          "UpdatedAt" timestamp with time zone NOT NULL,
          CONSTRAINT "PK_ExerciseLinks" PRIMARY KEY ("Id"),
          CONSTRAINT "FK_ExerciseLinks_Exercises_SourceExerciseId" FOREIGN KEY ("SourceExerciseId") REFERENCES "Exercises" ("Id") ON DELETE RESTRICT,
          CONSTRAINT "FK_ExerciseLinks_Exercises_TargetExerciseId" FOREIGN KEY ("TargetExerciseId") REFERENCES "Exercises" ("Id") ON DELETE RESTRICT
      );
info: 7/12/2025 16:16:35.937 RelationalEventId.CommandExecuted[20101] (Microsoft.EntityFrameworkCore.Database.Command) 
      Executed DbCommand (2ms) [Parameters=[], CommandType='Text', CommandTimeout='30']
      CREATE TABLE "ExerciseLinks" (
          "Id" uuid NOT NULL,
          "SourceExerciseId" uuid NOT NULL,
          "TargetExerciseId" uuid NOT NULL,
          "LinkType" character varying(10) NOT NULL,
          "DisplayOrder" integer NOT NULL,
          "IsActive" boolean NOT NULL,
          "CreatedAt" timestamp with time zone NOT NULL,
          "UpdatedAt" timestamp with time zone NOT NULL,
          CONSTRAINT "PK_ExerciseLinks" PRIMARY KEY ("Id"),
          CONSTRAINT "FK_ExerciseLinks_Exercises_SourceExerciseId" FOREIGN KEY ("SourceExerciseId") REFERENCES "Exercises" ("Id") ON DELETE RESTRICT,
          CONSTRAINT "FK_ExerciseLinks_Exercises_TargetExerciseId" FOREIGN KEY ("TargetExerciseId") REFERENCES "Exercises" ("Id") ON DELETE RESTRICT
      );
dbug: Microsoft.EntityFrameworkCore.Database.Command[20103]
      Creating DbCommand for 'ExecuteNonQuery'.
dbug: Microsoft.EntityFrameworkCore.Database.Command[20104]
      Created DbCommand for 'ExecuteNonQuery' (0ms).
dbug: Microsoft.EntityFrameworkCore.Database.Command[20106]
      Initialized DbCommand for 'ExecuteNonQuery' (0ms).
dbug: Microsoft.EntityFrameworkCore.Database.Command[20100]
      Executing DbCommand [Parameters=[], CommandType='Text', CommandTimeout='30']
      CREATE UNIQUE INDEX "IX_ExerciseLink_Source_Target_Type_Unique" ON "ExerciseLinks" ("SourceExerciseId", "TargetExerciseId", "LinkType");
info: Microsoft.EntityFrameworkCore.Database.Command[20101]
      Executed DbCommand (0ms) [Parameters=[], CommandType='Text', CommandTimeout='30']
      CREATE UNIQUE INDEX "IX_ExerciseLink_Source_Target_Type_Unique" ON "ExerciseLinks" ("SourceExerciseId", "TargetExerciseId", "LinkType");
info: 7/12/2025 16:16:35.938 RelationalEventId.CommandExecuted[20101] (Microsoft.EntityFrameworkCore.Database.Command) 
      Executed DbCommand (0ms) [Parameters=[], CommandType='Text', CommandTimeout='30']
      CREATE UNIQUE INDEX "IX_ExerciseLink_Source_Target_Type_Unique" ON "ExerciseLinks" ("SourceExerciseId", "TargetExerciseId", "LinkType");
dbug: Microsoft.EntityFrameworkCore.Database.Command[20103]
      Creating DbCommand for 'ExecuteNonQuery'.
dbug: Microsoft.EntityFrameworkCore.Database.Command[20104]
      Created DbCommand for 'ExecuteNonQuery' (0ms).
dbug: Microsoft.EntityFrameworkCore.Database.Command[20106]
      Initialized DbCommand for 'ExecuteNonQuery' (0ms).
dbug: Microsoft.EntityFrameworkCore.Database.Command[20100]
      Executing DbCommand [Parameters=[], CommandType='Text', CommandTimeout='30']
      CREATE INDEX "IX_ExerciseLink_SourceExerciseId_LinkType" ON "ExerciseLinks" ("SourceExerciseId", "LinkType");
info: Microsoft.EntityFrameworkCore.Database.Command[20101]
      Executed DbCommand (2ms) [Parameters=[], CommandType='Text', CommandTimeout='30']
      CREATE TABLE "ExerciseLinks" (
          "Id" uuid NOT NULL,
          "SourceExerciseId" uuid NOT NULL,
          "TargetExerciseId" uuid NOT NULL,
          "LinkType" character varying(10) NOT NULL,
          "DisplayOrder" integer NOT NULL,
          "IsActive" boolean NOT NULL,
          "CreatedAt" timestamp with time zone NOT NULL,
          "UpdatedAt" timestamp with time zone NOT NULL,
          CONSTRAINT "PK_ExerciseLinks" PRIMARY KEY ("Id"),
          CONSTRAINT "FK_ExerciseLinks_Exercises_SourceExerciseId" FOREIGN KEY ("SourceExerciseId") REFERENCES "Exercises" ("Id") ON DELETE RESTRICT,
          CONSTRAINT "FK_ExerciseLinks_Exercises_TargetExerciseId" FOREIGN KEY ("TargetExerciseId") REFERENCES "Exercises" ("Id") ON DELETE RESTRICT
      );
info: 7/12/2025 16:16:35.938 RelationalEventId.CommandExecuted[20101] (Microsoft.EntityFrameworkCore.Database.Command) 
      Executed DbCommand (2ms) [Parameters=[], CommandType='Text', CommandTimeout='30']
      CREATE TABLE "ExerciseLinks" (
          "Id" uuid NOT NULL,
          "SourceExerciseId" uuid NOT NULL,
          "TargetExerciseId" uuid NOT NULL,
          "LinkType" character varying(10) NOT NULL,
          "DisplayOrder" integer NOT NULL,
          "IsActive" boolean NOT NULL,
          "CreatedAt" timestamp with time zone NOT NULL,
          "UpdatedAt" timestamp with time zone NOT NULL,
          CONSTRAINT "PK_ExerciseLinks" PRIMARY KEY ("Id"),
          CONSTRAINT "FK_ExerciseLinks_Exercises_SourceExerciseId" FOREIGN KEY ("SourceExerciseId") REFERENCES "Exercises" ("Id") ON DELETE RESTRICT,
          CONSTRAINT "FK_ExerciseLinks_Exercises_TargetExerciseId" FOREIGN KEY ("TargetExerciseId") REFERENCES "Exercises" ("Id") ON DELETE RESTRICT
      );
dbug: Microsoft.EntityFrameworkCore.Database.Command[20103]
      Creating DbCommand for 'ExecuteNonQuery'.
dbug: Microsoft.EntityFrameworkCore.Database.Command[20104]
      Created DbCommand for 'ExecuteNonQuery' (0ms).
dbug: Microsoft.EntityFrameworkCore.Database.Command[20106]
      Initialized DbCommand for 'ExecuteNonQuery' (0ms).
dbug: Microsoft.EntityFrameworkCore.Database.Command[20100]
      Executing DbCommand [Parameters=[], CommandType='Text', CommandTimeout='30']
      CREATE UNIQUE INDEX "IX_ExerciseLink_Source_Target_Type_Unique" ON "ExerciseLinks" ("SourceExerciseId", "TargetExerciseId", "LinkType");
info: 7/12/2025 16:16:35.938 RelationalEventId.CommandExecuted[20101] (Microsoft.EntityFrameworkCore.Database.Command) 
      Executed DbCommand (0ms) [Parameters=[], CommandType='Text', CommandTimeout='30']
      CREATE INDEX "IX_ExerciseLink_SourceExerciseId_LinkType" ON "ExerciseLinks" ("SourceExerciseId", "LinkType");
info: Microsoft.EntityFrameworkCore.Database.Command[20101]
      Executed DbCommand (0ms) [Parameters=[], CommandType='Text', CommandTimeout='30']
      CREATE INDEX "IX_ExerciseLink_SourceExerciseId_LinkType" ON "ExerciseLinks" ("SourceExerciseId", "LinkType");
dbug: Microsoft.EntityFrameworkCore.Database.Command[20103]
      Creating DbCommand for 'ExecuteNonQuery'.
dbug: Microsoft.EntityFrameworkCore.Database.Command[20104]
      Created DbCommand for 'ExecuteNonQuery' (0ms).
dbug: Microsoft.EntityFrameworkCore.Database.Command[20106]
      Initialized DbCommand for 'ExecuteNonQuery' (0ms).
dbug: Microsoft.EntityFrameworkCore.Database.Command[20100]
      Executing DbCommand [Parameters=[], CommandType='Text', CommandTimeout='30']
      CREATE INDEX "IX_ExerciseLink_TargetExerciseId" ON "ExerciseLinks" ("TargetExerciseId");
info: Microsoft.EntityFrameworkCore.Database.Command[20101]
      Executed DbCommand (0ms) [Parameters=[], CommandType='Text', CommandTimeout='30']
      CREATE UNIQUE INDEX "IX_ExerciseLink_Source_Target_Type_Unique" ON "ExerciseLinks" ("SourceExerciseId", "TargetExerciseId", "LinkType");
info: 7/12/2025 16:16:35.938 RelationalEventId.CommandExecuted[20101] (Microsoft.EntityFrameworkCore.Database.Command) 
      Executed DbCommand (0ms) [Parameters=[], CommandType='Text', CommandTimeout='30']
      CREATE UNIQUE INDEX "IX_ExerciseLink_Source_Target_Type_Unique" ON "ExerciseLinks" ("SourceExerciseId", "TargetExerciseId", "LinkType");
dbug: Microsoft.EntityFrameworkCore.Database.Command[20103]
      Creating DbCommand for 'ExecuteNonQuery'.
dbug: Microsoft.EntityFrameworkCore.Database.Command[20104]
      Created DbCommand for 'ExecuteNonQuery' (0ms).
dbug: Microsoft.EntityFrameworkCore.Database.Command[20106]
      Initialized DbCommand for 'ExecuteNonQuery' (0ms).
dbug: Microsoft.EntityFrameworkCore.Database.Command[20100]
      Executing DbCommand [Parameters=[], CommandType='Text', CommandTimeout='30']
      CREATE INDEX "IX_ExerciseLink_SourceExerciseId_LinkType" ON "ExerciseLinks" ("SourceExerciseId", "LinkType");
info: Microsoft.EntityFrameworkCore.Database.Command[20101]
      Executed DbCommand (0ms) [Parameters=[], CommandType='Text', CommandTimeout='30']
      CREATE INDEX "IX_ExerciseLink_TargetExerciseId" ON "ExerciseLinks" ("TargetExerciseId");
info: 7/12/2025 16:16:35.939 RelationalEventId.CommandExecuted[20101] (Microsoft.EntityFrameworkCore.Database.Command) 
      Executed DbCommand (0ms) [Parameters=[], CommandType='Text', CommandTimeout='30']
      CREATE INDEX "IX_ExerciseLink_TargetExerciseId" ON "ExerciseLinks" ("TargetExerciseId");
dbug: Microsoft.EntityFrameworkCore.Database.Command[20103]
      Creating DbCommand for 'ExecuteNonQuery'.
dbug: Microsoft.EntityFrameworkCore.Database.Command[20104]
      Created DbCommand for 'ExecuteNonQuery' (0ms).
dbug: Microsoft.EntityFrameworkCore.Database.Command[20106]
      Initialized DbCommand for 'ExecuteNonQuery' (0ms).
dbug: Microsoft.EntityFrameworkCore.Database.Command[20100]
      Executing DbCommand [Parameters=[], CommandType='Text', CommandTimeout='30']
      INSERT INTO "__EFMigrationsHistory" ("MigrationId", "ProductVersion")
      VALUES ('20250709084215_AddExerciseLinksTable', '9.0.6');
info: Microsoft.EntityFrameworkCore.Database.Command[20101]
      Executed DbCommand (0ms) [Parameters=[], CommandType='Text', CommandTimeout='30']
      INSERT INTO "__EFMigrationsHistory" ("MigrationId", "ProductVersion")
      VALUES ('20250709084215_AddExerciseLinksTable', '9.0.6');
info: 7/12/2025 16:16:35.939 RelationalEventId.CommandExecuted[20101] (Microsoft.EntityFrameworkCore.Database.Command) 
      Executed DbCommand (0ms) [Parameters=[], CommandType='Text', CommandTimeout='30']
      INSERT INTO "__EFMigrationsHistory" ("MigrationId", "ProductVersion")
      VALUES ('20250709084215_AddExerciseLinksTable', '9.0.6');
info: Microsoft.EntityFrameworkCore.Migrations[20402]
      Applying migration '20250710203453_AddExerciseWeightTypeTable'.
info: 7/12/2025 16:16:35.939 RelationalEventId.MigrationApplying[20402] (Microsoft.EntityFrameworkCore.Migrations) 
      Applying migration '20250710203453_AddExerciseWeightTypeTable'.
info: Microsoft.EntityFrameworkCore.Database.Command[20101]
      Executed DbCommand (0ms) [Parameters=[], CommandType='Text', CommandTimeout='30']
      CREATE INDEX "IX_ExerciseLink_SourceExerciseId_LinkType" ON "ExerciseLinks" ("SourceExerciseId", "LinkType");
info: 7/12/2025 16:16:35.939 RelationalEventId.CommandExecuted[20101] (Microsoft.EntityFrameworkCore.Database.Command) 
      Executed DbCommand (0ms) [Parameters=[], CommandType='Text', CommandTimeout='30']
      CREATE INDEX "IX_ExerciseLink_SourceExerciseId_LinkType" ON "ExerciseLinks" ("SourceExerciseId", "LinkType");
dbug: Microsoft.EntityFrameworkCore.Database.Command[20103]
      Creating DbCommand for 'ExecuteNonQuery'.
dbug: Microsoft.EntityFrameworkCore.Database.Command[20104]
      Created DbCommand for 'ExecuteNonQuery' (0ms).
dbug: Microsoft.EntityFrameworkCore.Database.Command[20106]
      Initialized DbCommand for 'ExecuteNonQuery' (0ms).
dbug: Microsoft.EntityFrameworkCore.Database.Command[20100]
      Executing DbCommand [Parameters=[], CommandType='Text', CommandTimeout='30']
      CREATE INDEX "IX_ExerciseLink_TargetExerciseId" ON "ExerciseLinks" ("TargetExerciseId");
info: Microsoft.EntityFrameworkCore.Database.Command[20101]
      Executed DbCommand (0ms) [Parameters=[], CommandType='Text', CommandTimeout='30']
      CREATE INDEX "IX_ExerciseLink_TargetExerciseId" ON "ExerciseLinks" ("TargetExerciseId");
info: 7/12/2025 16:16:35.939 RelationalEventId.CommandExecuted[20101] (Microsoft.EntityFrameworkCore.Database.Command) 
      Executed DbCommand (0ms) [Parameters=[], CommandType='Text', CommandTimeout='30']
      CREATE INDEX "IX_ExerciseLink_TargetExerciseId" ON "ExerciseLinks" ("TargetExerciseId");
dbug: Microsoft.EntityFrameworkCore.Database.Command[20103]
      Creating DbCommand for 'ExecuteNonQuery'.
dbug: Microsoft.EntityFrameworkCore.Database.Command[20104]
      Created DbCommand for 'ExecuteNonQuery' (0ms).
dbug: Microsoft.EntityFrameworkCore.Database.Command[20106]
      Initialized DbCommand for 'ExecuteNonQuery' (0ms).
dbug: Microsoft.EntityFrameworkCore.Database.Command[20100]
      Executing DbCommand [Parameters=[], CommandType='Text', CommandTimeout='30']
      INSERT INTO "__EFMigrationsHistory" ("MigrationId", "ProductVersion")
      VALUES ('20250709084215_AddExerciseLinksTable', '9.0.6');
info: Microsoft.EntityFrameworkCore.Database.Command[20101]
      Executed DbCommand (0ms) [Parameters=[], CommandType='Text', CommandTimeout='30']
      INSERT INTO "__EFMigrationsHistory" ("MigrationId", "ProductVersion")
      VALUES ('20250709084215_AddExerciseLinksTable', '9.0.6');
info: 7/12/2025 16:16:35.939 RelationalEventId.CommandExecuted[20101] (Microsoft.EntityFrameworkCore.Database.Command) 
      Executed DbCommand (0ms) [Parameters=[], CommandType='Text', CommandTimeout='30']
      INSERT INTO "__EFMigrationsHistory" ("MigrationId", "ProductVersion")
      VALUES ('20250709084215_AddExerciseLinksTable', '9.0.6');
info: 7/12/2025 16:16:35.939 RelationalEventId.MigrationApplying[20402] (Microsoft.EntityFrameworkCore.Migrations) 
      Applying migration '20250710203453_AddExerciseWeightTypeTable'.
info: Microsoft.EntityFrameworkCore.Migrations[20402]
      Applying migration '20250710203453_AddExerciseWeightTypeTable'.
dbug: Microsoft.EntityFrameworkCore.Database.Command[20103]
      Creating DbCommand for 'ExecuteNonQuery'.
dbug: Microsoft.EntityFrameworkCore.Database.Command[20104]
      Created DbCommand for 'ExecuteNonQuery' (0ms).
dbug: Microsoft.EntityFrameworkCore.Database.Command[20106]
      Initialized DbCommand for 'ExecuteNonQuery' (0ms).
dbug: Microsoft.EntityFrameworkCore.Database.Command[20100]
      Executing DbCommand [Parameters=[], CommandType='Text', CommandTimeout='30']
      CREATE TABLE "ExerciseWeightTypes" (
          "Id" uuid NOT NULL,
          "Code" character varying(50) NOT NULL,
          "Value" character varying(100) NOT NULL,
          "Description" text,
          "DisplayOrder" integer NOT NULL,
          "IsActive" boolean NOT NULL,
          CONSTRAINT "PK_ExerciseWeightTypes" PRIMARY KEY ("Id")
      );
dbug: Microsoft.EntityFrameworkCore.Database.Command[20103]
      Creating DbCommand for 'ExecuteNonQuery'.
dbug: Microsoft.EntityFrameworkCore.Database.Command[20104]
      Created DbCommand for 'ExecuteNonQuery' (0ms).
dbug: Microsoft.EntityFrameworkCore.Database.Command[20106]
      Initialized DbCommand for 'ExecuteNonQuery' (0ms).
dbug: Microsoft.EntityFrameworkCore.Database.Command[20100]
      Executing DbCommand [Parameters=[], CommandType='Text', CommandTimeout='30']
      CREATE TABLE "ExerciseWeightTypes" (
          "Id" uuid NOT NULL,
          "Code" character varying(50) NOT NULL,
          "Value" character varying(100) NOT NULL,
          "Description" text,
          "DisplayOrder" integer NOT NULL,
          "IsActive" boolean NOT NULL,
          CONSTRAINT "PK_ExerciseWeightTypes" PRIMARY KEY ("Id")
      );
info: Microsoft.EntityFrameworkCore.Database.Command[20101]
      Executed DbCommand (1ms) [Parameters=[], CommandType='Text', CommandTimeout='30']
      CREATE TABLE "ExerciseWeightTypes" (
          "Id" uuid NOT NULL,
          "Code" character varying(50) NOT NULL,
          "Value" character varying(100) NOT NULL,
          "Description" text,
          "DisplayOrder" integer NOT NULL,
          "IsActive" boolean NOT NULL,
          CONSTRAINT "PK_ExerciseWeightTypes" PRIMARY KEY ("Id")
      );
info: 7/12/2025 16:16:35.947 RelationalEventId.CommandExecuted[20101] (Microsoft.EntityFrameworkCore.Database.Command) 
      Executed DbCommand (1ms) [Parameters=[], CommandType='Text', CommandTimeout='30']
      CREATE TABLE "ExerciseWeightTypes" (
          "Id" uuid NOT NULL,
          "Code" character varying(50) NOT NULL,
          "Value" character varying(100) NOT NULL,
          "Description" text,
          "DisplayOrder" integer NOT NULL,
          "IsActive" boolean NOT NULL,
          CONSTRAINT "PK_ExerciseWeightTypes" PRIMARY KEY ("Id")
      );
dbug: Microsoft.EntityFrameworkCore.Database.Command[20103]
      Creating DbCommand for 'ExecuteNonQuery'.
dbug: Microsoft.EntityFrameworkCore.Database.Command[20104]
      Created DbCommand for 'ExecuteNonQuery' (0ms).
dbug: Microsoft.EntityFrameworkCore.Database.Command[20106]
      Initialized DbCommand for 'ExecuteNonQuery' (0ms).
dbug: Microsoft.EntityFrameworkCore.Database.Command[20100]
      Executing DbCommand [Parameters=[], CommandType='Text', CommandTimeout='30']
      CREATE UNIQUE INDEX "IX_ExerciseWeightType_Code" ON "ExerciseWeightTypes" ("Code");
info: Microsoft.EntityFrameworkCore.Database.Command[20101]
      Executed DbCommand (2ms) [Parameters=[], CommandType='Text', CommandTimeout='30']
      CREATE TABLE "ExerciseWeightTypes" (
          "Id" uuid NOT NULL,
          "Code" character varying(50) NOT NULL,
          "Value" character varying(100) NOT NULL,
          "Description" text,
          "DisplayOrder" integer NOT NULL,
          "IsActive" boolean NOT NULL,
          CONSTRAINT "PK_ExerciseWeightTypes" PRIMARY KEY ("Id")
      );
info: 7/12/2025 16:16:35.948 RelationalEventId.CommandExecuted[20101] (Microsoft.EntityFrameworkCore.Database.Command) 
      Executed DbCommand (2ms) [Parameters=[], CommandType='Text', CommandTimeout='30']
      CREATE TABLE "ExerciseWeightTypes" (
          "Id" uuid NOT NULL,
          "Code" character varying(50) NOT NULL,
          "Value" character varying(100) NOT NULL,
          "Description" text,
          "DisplayOrder" integer NOT NULL,
          "IsActive" boolean NOT NULL,
          CONSTRAINT "PK_ExerciseWeightTypes" PRIMARY KEY ("Id")
      );
dbug: Microsoft.EntityFrameworkCore.Database.Command[20103]
      Creating DbCommand for 'ExecuteNonQuery'.
dbug: Microsoft.EntityFrameworkCore.Database.Command[20104]
      Created DbCommand for 'ExecuteNonQuery' (0ms).
dbug: Microsoft.EntityFrameworkCore.Database.Command[20106]
      Initialized DbCommand for 'ExecuteNonQuery' (0ms).
dbug: Microsoft.EntityFrameworkCore.Database.Command[20100]
      Executing DbCommand [Parameters=[], CommandType='Text', CommandTimeout='30']
      CREATE UNIQUE INDEX "IX_ExerciseWeightType_Code" ON "ExerciseWeightTypes" ("Code");
info: Microsoft.EntityFrameworkCore.Database.Command[20101]
      Executed DbCommand (1ms) [Parameters=[], CommandType='Text', CommandTimeout='30']
      CREATE UNIQUE INDEX "IX_ExerciseWeightType_Code" ON "ExerciseWeightTypes" ("Code");
info: 7/12/2025 16:16:35.948 RelationalEventId.CommandExecuted[20101] (Microsoft.EntityFrameworkCore.Database.Command) 
      Executed DbCommand (1ms) [Parameters=[], CommandType='Text', CommandTimeout='30']
      CREATE UNIQUE INDEX "IX_ExerciseWeightType_Code" ON "ExerciseWeightTypes" ("Code");
dbug: Microsoft.EntityFrameworkCore.Database.Command[20103]
      Creating DbCommand for 'ExecuteNonQuery'.
dbug: Microsoft.EntityFrameworkCore.Database.Command[20104]
      Created DbCommand for 'ExecuteNonQuery' (0ms).
dbug: Microsoft.EntityFrameworkCore.Database.Command[20106]
      Initialized DbCommand for 'ExecuteNonQuery' (0ms).
dbug: Microsoft.EntityFrameworkCore.Database.Command[20100]
      Executing DbCommand [Parameters=[], CommandType='Text', CommandTimeout='30']
      CREATE INDEX "IX_ExerciseWeightType_Value" ON "ExerciseWeightTypes" ("Value");
info: Microsoft.EntityFrameworkCore.Database.Command[20101]
      Executed DbCommand (0ms) [Parameters=[], CommandType='Text', CommandTimeout='30']
      CREATE UNIQUE INDEX "IX_ExerciseWeightType_Code" ON "ExerciseWeightTypes" ("Code");
info: 7/12/2025 16:16:35.948 RelationalEventId.CommandExecuted[20101] (Microsoft.EntityFrameworkCore.Database.Command) 
      Executed DbCommand (0ms) [Parameters=[], CommandType='Text', CommandTimeout='30']
      CREATE UNIQUE INDEX "IX_ExerciseWeightType_Code" ON "ExerciseWeightTypes" ("Code");
dbug: Microsoft.EntityFrameworkCore.Database.Command[20103]
      Creating DbCommand for 'ExecuteNonQuery'.
dbug: Microsoft.EntityFrameworkCore.Database.Command[20104]
      Created DbCommand for 'ExecuteNonQuery' (0ms).
dbug: Microsoft.EntityFrameworkCore.Database.Command[20106]
      Initialized DbCommand for 'ExecuteNonQuery' (0ms).
dbug: Microsoft.EntityFrameworkCore.Database.Command[20100]
      Executing DbCommand [Parameters=[], CommandType='Text', CommandTimeout='30']
      CREATE INDEX "IX_ExerciseWeightType_Value" ON "ExerciseWeightTypes" ("Value");
info: 7/12/2025 16:16:35.948 RelationalEventId.CommandExecuted[20101] (Microsoft.EntityFrameworkCore.Database.Command) 
      Executed DbCommand (0ms) [Parameters=[], CommandType='Text', CommandTimeout='30']
      CREATE INDEX "IX_ExerciseWeightType_Value" ON "ExerciseWeightTypes" ("Value");
info: Microsoft.EntityFrameworkCore.Database.Command[20101]
      Executed DbCommand (0ms) [Parameters=[], CommandType='Text', CommandTimeout='30']
      CREATE INDEX "IX_ExerciseWeightType_Value" ON "ExerciseWeightTypes" ("Value");
info: Microsoft.EntityFrameworkCore.Database.Command[20101]
      Executed DbCommand (0ms) [Parameters=[], CommandType='Text', CommandTimeout='30']
      CREATE INDEX "IX_ExerciseWeightType_Value" ON "ExerciseWeightTypes" ("Value");
dbug: Microsoft.EntityFrameworkCore.Database.Command[20103]
      Creating DbCommand for 'ExecuteNonQuery'.
dbug: Microsoft.EntityFrameworkCore.Database.Command[20104]
      Created DbCommand for 'ExecuteNonQuery' (0ms).
dbug: Microsoft.EntityFrameworkCore.Database.Command[20106]
      Initialized DbCommand for 'ExecuteNonQuery' (0ms).
dbug: Microsoft.EntityFrameworkCore.Database.Command[20100]
      Executing DbCommand [Parameters=[], CommandType='Text', CommandTimeout='30']
      INSERT INTO "__EFMigrationsHistory" ("MigrationId", "ProductVersion")
      VALUES ('20250710203453_AddExerciseWeightTypeTable', '9.0.6');
info: 7/12/2025 16:16:35.948 RelationalEventId.CommandExecuted[20101] (Microsoft.EntityFrameworkCore.Database.Command) 
      Executed DbCommand (0ms) [Parameters=[], CommandType='Text', CommandTimeout='30']
      CREATE INDEX "IX_ExerciseWeightType_Value" ON "ExerciseWeightTypes" ("Value");
dbug: Microsoft.EntityFrameworkCore.Database.Command[20103]
      Creating DbCommand for 'ExecuteNonQuery'.
dbug: Microsoft.EntityFrameworkCore.Database.Command[20104]
      Created DbCommand for 'ExecuteNonQuery' (0ms).
dbug: Microsoft.EntityFrameworkCore.Database.Command[20106]
      Initialized DbCommand for 'ExecuteNonQuery' (0ms).
dbug: Microsoft.EntityFrameworkCore.Database.Command[20100]
      Executing DbCommand [Parameters=[], CommandType='Text', CommandTimeout='30']
      INSERT INTO "__EFMigrationsHistory" ("MigrationId", "ProductVersion")
      VALUES ('20250710203453_AddExerciseWeightTypeTable', '9.0.6');
info: Microsoft.EntityFrameworkCore.Database.Command[20101]
      Executed DbCommand (0ms) [Parameters=[], CommandType='Text', CommandTimeout='30']
      INSERT INTO "__EFMigrationsHistory" ("MigrationId", "ProductVersion")
      VALUES ('20250710203453_AddExerciseWeightTypeTable', '9.0.6');
info: 7/12/2025 16:16:35.948 RelationalEventId.CommandExecuted[20101] (Microsoft.EntityFrameworkCore.Database.Command) 
      Executed DbCommand (0ms) [Parameters=[], CommandType='Text', CommandTimeout='30']
      INSERT INTO "__EFMigrationsHistory" ("MigrationId", "ProductVersion")
      VALUES ('20250710203453_AddExerciseWeightTypeTable', '9.0.6');
info: 7/12/2025 16:16:35.948 RelationalEventId.MigrationApplying[20402] (Microsoft.EntityFrameworkCore.Migrations) 
      Applying migration '20250710203732_SeedExerciseWeightTypeData'.
info: Microsoft.EntityFrameworkCore.Migrations[20402]
      Applying migration '20250710203732_SeedExerciseWeightTypeData'.
info: Microsoft.EntityFrameworkCore.Database.Command[20101]
      Executed DbCommand (0ms) [Parameters=[], CommandType='Text', CommandTimeout='30']
      INSERT INTO "__EFMigrationsHistory" ("MigrationId", "ProductVersion")
      VALUES ('20250710203453_AddExerciseWeightTypeTable', '9.0.6');
info: 7/12/2025 16:16:35.949 RelationalEventId.CommandExecuted[20101] (Microsoft.EntityFrameworkCore.Database.Command) 
      Executed DbCommand (0ms) [Parameters=[], CommandType='Text', CommandTimeout='30']
      INSERT INTO "__EFMigrationsHistory" ("MigrationId", "ProductVersion")
      VALUES ('20250710203453_AddExerciseWeightTypeTable', '9.0.6');
info: Microsoft.EntityFrameworkCore.Migrations[20402]
      Applying migration '20250710203732_SeedExerciseWeightTypeData'.
info: 7/12/2025 16:16:35.949 RelationalEventId.MigrationApplying[20402] (Microsoft.EntityFrameworkCore.Migrations) 
      Applying migration '20250710203732_SeedExerciseWeightTypeData'.
dbug: Microsoft.EntityFrameworkCore.Database.Command[20103]
      Creating DbCommand for 'ExecuteNonQuery'.
dbug: Microsoft.EntityFrameworkCore.Database.Command[20104]
      Created DbCommand for 'ExecuteNonQuery' (0ms).
dbug: Microsoft.EntityFrameworkCore.Database.Command[20106]
      Initialized DbCommand for 'ExecuteNonQuery' (0ms).
dbug: Microsoft.EntityFrameworkCore.Database.Command[20100]
      Executing DbCommand [Parameters=[], CommandType='Text', CommandTimeout='30']
      INSERT INTO "ExerciseWeightTypes" ("Id", "Code", "Description", "DisplayOrder", "IsActive", "Value")
      VALUES ('a1f3e2d4-5b6c-4d7e-8f9a-0b1c2d3e4f5a', 'BODYWEIGHT_ONLY', 'Exercises that cannot have external weight added', 1, TRUE, 'Bodyweight Only');
      INSERT INTO "ExerciseWeightTypes" ("Id", "Code", "Description", "DisplayOrder", "IsActive", "Value")
      VALUES ('b2e4d3c5-6a7b-5c8d-9e0f-1a2b3c4d5e6f', 'BODYWEIGHT_OPTIONAL', 'Exercises that can be performed with or without additional weight', 2, TRUE, 'Bodyweight Optional');
      INSERT INTO "ExerciseWeightTypes" ("Id", "Code", "Description", "DisplayOrder", "IsActive", "Value")
      VALUES ('c3d5c4b6-7b8c-6d9e-0f1a-2b3c4d5e6f7a', 'WEIGHT_REQUIRED', 'Exercises that must have external weight specified', 3, TRUE, 'Weight Required');
      INSERT INTO "ExerciseWeightTypes" ("Id", "Code", "Description", "DisplayOrder", "IsActive", "Value")
      VALUES ('d4c6b5a7-8c9d-7e0f-1a2b-3c4d5e6f7a8b', 'MACHINE_WEIGHT', 'Exercises performed on machines with weight stacks', 4, TRUE, 'Machine Weight');
      INSERT INTO "ExerciseWeightTypes" ("Id", "Code", "Description", "DisplayOrder", "IsActive", "Value")
      VALUES ('e5b7a698-9d0e-8f1a-2b3c-4d5e6f7a8b9c', 'NO_WEIGHT', 'Exercises that do not use weight as a metric', 5, TRUE, 'No Weight');
info: Microsoft.EntityFrameworkCore.Database.Command[20101]
      Executed DbCommand (1ms) [Parameters=[], CommandType='Text', CommandTimeout='30']
      INSERT INTO "ExerciseWeightTypes" ("Id", "Code", "Description", "DisplayOrder", "IsActive", "Value")
      VALUES ('a1f3e2d4-5b6c-4d7e-8f9a-0b1c2d3e4f5a', 'BODYWEIGHT_ONLY', 'Exercises that cannot have external weight added', 1, TRUE, 'Bodyweight Only');
      INSERT INTO "ExerciseWeightTypes" ("Id", "Code", "Description", "DisplayOrder", "IsActive", "Value")
      VALUES ('b2e4d3c5-6a7b-5c8d-9e0f-1a2b3c4d5e6f', 'BODYWEIGHT_OPTIONAL', 'Exercises that can be performed with or without additional weight', 2, TRUE, 'Bodyweight Optional');
      INSERT INTO "ExerciseWeightTypes" ("Id", "Code", "Description", "DisplayOrder", "IsActive", "Value")
      VALUES ('c3d5c4b6-7b8c-6d9e-0f1a-2b3c4d5e6f7a', 'WEIGHT_REQUIRED', 'Exercises that must have external weight specified', 3, TRUE, 'Weight Required');
      INSERT INTO "ExerciseWeightTypes" ("Id", "Code", "Description", "DisplayOrder", "IsActive", "Value")
      VALUES ('d4c6b5a7-8c9d-7e0f-1a2b-3c4d5e6f7a8b', 'MACHINE_WEIGHT', 'Exercises performed on machines with weight stacks', 4, TRUE, 'Machine Weight');
      INSERT INTO "ExerciseWeightTypes" ("Id", "Code", "Description", "DisplayOrder", "IsActive", "Value")
      VALUES ('e5b7a698-9d0e-8f1a-2b3c-4d5e6f7a8b9c', 'NO_WEIGHT', 'Exercises that do not use weight as a metric', 5, TRUE, 'No Weight');
info: 7/12/2025 16:16:35.959 RelationalEventId.CommandExecuted[20101] (Microsoft.EntityFrameworkCore.Database.Command) 
      Executed DbCommand (1ms) [Parameters=[], CommandType='Text', CommandTimeout='30']
      INSERT INTO "ExerciseWeightTypes" ("Id", "Code", "Description", "DisplayOrder", "IsActive", "Value")
      VALUES ('a1f3e2d4-5b6c-4d7e-8f9a-0b1c2d3e4f5a', 'BODYWEIGHT_ONLY', 'Exercises that cannot have external weight added', 1, TRUE, 'Bodyweight Only');
      INSERT INTO "ExerciseWeightTypes" ("Id", "Code", "Description", "DisplayOrder", "IsActive", "Value")
      VALUES ('b2e4d3c5-6a7b-5c8d-9e0f-1a2b3c4d5e6f', 'BODYWEIGHT_OPTIONAL', 'Exercises that can be performed with or without additional weight', 2, TRUE, 'Bodyweight Optional');
      INSERT INTO "ExerciseWeightTypes" ("Id", "Code", "Description", "DisplayOrder", "IsActive", "Value")
      VALUES ('c3d5c4b6-7b8c-6d9e-0f1a-2b3c4d5e6f7a', 'WEIGHT_REQUIRED', 'Exercises that must have external weight specified', 3, TRUE, 'Weight Required');
      INSERT INTO "ExerciseWeightTypes" ("Id", "Code", "Description", "DisplayOrder", "IsActive", "Value")
      VALUES ('d4c6b5a7-8c9d-7e0f-1a2b-3c4d5e6f7a8b', 'MACHINE_WEIGHT', 'Exercises performed on machines with weight stacks', 4, TRUE, 'Machine Weight');
      INSERT INTO "ExerciseWeightTypes" ("Id", "Code", "Description", "DisplayOrder", "IsActive", "Value")
      VALUES ('e5b7a698-9d0e-8f1a-2b3c-4d5e6f7a8b9c', 'NO_WEIGHT', 'Exercises that do not use weight as a metric', 5, TRUE, 'No Weight');
dbug: Microsoft.EntityFrameworkCore.Database.Command[20103]
      Creating DbCommand for 'ExecuteNonQuery'.
dbug: Microsoft.EntityFrameworkCore.Database.Command[20104]
      Created DbCommand for 'ExecuteNonQuery' (0ms).
dbug: Microsoft.EntityFrameworkCore.Database.Command[20106]
      Initialized DbCommand for 'ExecuteNonQuery' (0ms).
dbug: Microsoft.EntityFrameworkCore.Database.Command[20100]
      Executing DbCommand [Parameters=[], CommandType='Text', CommandTimeout='30']
      INSERT INTO "__EFMigrationsHistory" ("MigrationId", "ProductVersion")
      VALUES ('20250710203732_SeedExerciseWeightTypeData', '9.0.6');
info: Microsoft.EntityFrameworkCore.Database.Command[20101]
      Executed DbCommand (0ms) [Parameters=[], CommandType='Text', CommandTimeout='30']
      INSERT INTO "__EFMigrationsHistory" ("MigrationId", "ProductVersion")
      VALUES ('20250710203732_SeedExerciseWeightTypeData', '9.0.6');
info: 7/12/2025 16:16:35.960 RelationalEventId.CommandExecuted[20101] (Microsoft.EntityFrameworkCore.Database.Command) 
      Executed DbCommand (0ms) [Parameters=[], CommandType='Text', CommandTimeout='30']
      INSERT INTO "__EFMigrationsHistory" ("MigrationId", "ProductVersion")
      VALUES ('20250710203732_SeedExerciseWeightTypeData', '9.0.6');
info: Microsoft.EntityFrameworkCore.Migrations[20402]
      Applying migration '20250710212725_AddExerciseWeightTypeToExercise'.
info: 7/12/2025 16:16:35.960 RelationalEventId.MigrationApplying[20402] (Microsoft.EntityFrameworkCore.Migrations) 
      Applying migration '20250710212725_AddExerciseWeightTypeToExercise'.
dbug: Microsoft.EntityFrameworkCore.Database.Command[20103]
      Creating DbCommand for 'ExecuteNonQuery'.
dbug: Microsoft.EntityFrameworkCore.Database.Command[20104]
      Created DbCommand for 'ExecuteNonQuery' (0ms).
dbug: Microsoft.EntityFrameworkCore.Database.Command[20106]
      Initialized DbCommand for 'ExecuteNonQuery' (0ms).
dbug: Microsoft.EntityFrameworkCore.Database.Command[20100]
      Executing DbCommand [Parameters=[], CommandType='Text', CommandTimeout='30']
      INSERT INTO "ExerciseWeightTypes" ("Id", "Code", "Description", "DisplayOrder", "IsActive", "Value")
      VALUES ('a1f3e2d4-5b6c-4d7e-8f9a-0b1c2d3e4f5a', 'BODYWEIGHT_ONLY', 'Exercises that cannot have external weight added', 1, TRUE, 'Bodyweight Only');
      INSERT INTO "ExerciseWeightTypes" ("Id", "Code", "Description", "DisplayOrder", "IsActive", "Value")
      VALUES ('b2e4d3c5-6a7b-5c8d-9e0f-1a2b3c4d5e6f', 'BODYWEIGHT_OPTIONAL', 'Exercises that can be performed with or without additional weight', 2, TRUE, 'Bodyweight Optional');
      INSERT INTO "ExerciseWeightTypes" ("Id", "Code", "Description", "DisplayOrder", "IsActive", "Value")
      VALUES ('c3d5c4b6-7b8c-6d9e-0f1a-2b3c4d5e6f7a', 'WEIGHT_REQUIRED', 'Exercises that must have external weight specified', 3, TRUE, 'Weight Required');
      INSERT INTO "ExerciseWeightTypes" ("Id", "Code", "Description", "DisplayOrder", "IsActive", "Value")
      VALUES ('d4c6b5a7-8c9d-7e0f-1a2b-3c4d5e6f7a8b', 'MACHINE_WEIGHT', 'Exercises performed on machines with weight stacks', 4, TRUE, 'Machine Weight');
      INSERT INTO "ExerciseWeightTypes" ("Id", "Code", "Description", "DisplayOrder", "IsActive", "Value")
      VALUES ('e5b7a698-9d0e-8f1a-2b3c-4d5e6f7a8b9c', 'NO_WEIGHT', 'Exercises that do not use weight as a metric', 5, TRUE, 'No Weight');
info: Microsoft.EntityFrameworkCore.Database.Command[20101]
      Executed DbCommand (1ms) [Parameters=[], CommandType='Text', CommandTimeout='30']
      INSERT INTO "ExerciseWeightTypes" ("Id", "Code", "Description", "DisplayOrder", "IsActive", "Value")
      VALUES ('a1f3e2d4-5b6c-4d7e-8f9a-0b1c2d3e4f5a', 'BODYWEIGHT_ONLY', 'Exercises that cannot have external weight added', 1, TRUE, 'Bodyweight Only');
      INSERT INTO "ExerciseWeightTypes" ("Id", "Code", "Description", "DisplayOrder", "IsActive", "Value")
      VALUES ('b2e4d3c5-6a7b-5c8d-9e0f-1a2b3c4d5e6f', 'BODYWEIGHT_OPTIONAL', 'Exercises that can be performed with or without additional weight', 2, TRUE, 'Bodyweight Optional');
      INSERT INTO "ExerciseWeightTypes" ("Id", "Code", "Description", "DisplayOrder", "IsActive", "Value")
      VALUES ('c3d5c4b6-7b8c-6d9e-0f1a-2b3c4d5e6f7a', 'WEIGHT_REQUIRED', 'Exercises that must have external weight specified', 3, TRUE, 'Weight Required');
      INSERT INTO "ExerciseWeightTypes" ("Id", "Code", "Description", "DisplayOrder", "IsActive", "Value")
      VALUES ('d4c6b5a7-8c9d-7e0f-1a2b-3c4d5e6f7a8b', 'MACHINE_WEIGHT', 'Exercises performed on machines with weight stacks', 4, TRUE, 'Machine Weight');
      INSERT INTO "ExerciseWeightTypes" ("Id", "Code", "Description", "DisplayOrder", "IsActive", "Value")
      VALUES ('e5b7a698-9d0e-8f1a-2b3c-4d5e6f7a8b9c', 'NO_WEIGHT', 'Exercises that do not use weight as a metric', 5, TRUE, 'No Weight');
info: 7/12/2025 16:16:35.964 RelationalEventId.CommandExecuted[20101] (Microsoft.EntityFrameworkCore.Database.Command) 
      Executed DbCommand (1ms) [Parameters=[], CommandType='Text', CommandTimeout='30']
      INSERT INTO "ExerciseWeightTypes" ("Id", "Code", "Description", "DisplayOrder", "IsActive", "Value")
      VALUES ('a1f3e2d4-5b6c-4d7e-8f9a-0b1c2d3e4f5a', 'BODYWEIGHT_ONLY', 'Exercises that cannot have external weight added', 1, TRUE, 'Bodyweight Only');
      INSERT INTO "ExerciseWeightTypes" ("Id", "Code", "Description", "DisplayOrder", "IsActive", "Value")
      VALUES ('b2e4d3c5-6a7b-5c8d-9e0f-1a2b3c4d5e6f', 'BODYWEIGHT_OPTIONAL', 'Exercises that can be performed with or without additional weight', 2, TRUE, 'Bodyweight Optional');
      INSERT INTO "ExerciseWeightTypes" ("Id", "Code", "Description", "DisplayOrder", "IsActive", "Value")
      VALUES ('c3d5c4b6-7b8c-6d9e-0f1a-2b3c4d5e6f7a', 'WEIGHT_REQUIRED', 'Exercises that must have external weight specified', 3, TRUE, 'Weight Required');
      INSERT INTO "ExerciseWeightTypes" ("Id", "Code", "Description", "DisplayOrder", "IsActive", "Value")
      VALUES ('d4c6b5a7-8c9d-7e0f-1a2b-3c4d5e6f7a8b', 'MACHINE_WEIGHT', 'Exercises performed on machines with weight stacks', 4, TRUE, 'Machine Weight');
      INSERT INTO "ExerciseWeightTypes" ("Id", "Code", "Description", "DisplayOrder", "IsActive", "Value")
      VALUES ('e5b7a698-9d0e-8f1a-2b3c-4d5e6f7a8b9c', 'NO_WEIGHT', 'Exercises that do not use weight as a metric', 5, TRUE, 'No Weight');
dbug: Microsoft.EntityFrameworkCore.Database.Command[20103]
      Creating DbCommand for 'ExecuteNonQuery'.
dbug: Microsoft.EntityFrameworkCore.Database.Command[20104]
      Created DbCommand for 'ExecuteNonQuery' (0ms).
dbug: Microsoft.EntityFrameworkCore.Database.Command[20106]
      Initialized DbCommand for 'ExecuteNonQuery' (0ms).
dbug: Microsoft.EntityFrameworkCore.Database.Command[20100]
      Executing DbCommand [Parameters=[], CommandType='Text', CommandTimeout='30']
      INSERT INTO "__EFMigrationsHistory" ("MigrationId", "ProductVersion")
      VALUES ('20250710203732_SeedExerciseWeightTypeData', '9.0.6');
info: Microsoft.EntityFrameworkCore.Database.Command[20101]
      Executed DbCommand (0ms) [Parameters=[], CommandType='Text', CommandTimeout='30']
      INSERT INTO "__EFMigrationsHistory" ("MigrationId", "ProductVersion")
      VALUES ('20250710203732_SeedExerciseWeightTypeData', '9.0.6');
info: 7/12/2025 16:16:35.965 RelationalEventId.CommandExecuted[20101] (Microsoft.EntityFrameworkCore.Database.Command) 
      Executed DbCommand (0ms) [Parameters=[], CommandType='Text', CommandTimeout='30']
      INSERT INTO "__EFMigrationsHistory" ("MigrationId", "ProductVersion")
      VALUES ('20250710203732_SeedExerciseWeightTypeData', '9.0.6');
info: Microsoft.EntityFrameworkCore.Migrations[20402]
      Applying migration '20250710212725_AddExerciseWeightTypeToExercise'.
info: 7/12/2025 16:16:35.965 RelationalEventId.MigrationApplying[20402] (Microsoft.EntityFrameworkCore.Migrations) 
      Applying migration '20250710212725_AddExerciseWeightTypeToExercise'.
dbug: Microsoft.EntityFrameworkCore.Database.Command[20103]
      Creating DbCommand for 'ExecuteNonQuery'.
dbug: Microsoft.EntityFrameworkCore.Database.Command[20104]
      Created DbCommand for 'ExecuteNonQuery' (0ms).
dbug: Microsoft.EntityFrameworkCore.Database.Command[20106]
      Initialized DbCommand for 'ExecuteNonQuery' (0ms).
dbug: Microsoft.EntityFrameworkCore.Database.Command[20100]
      Executing DbCommand [Parameters=[], CommandType='Text', CommandTimeout='30']
      ALTER TABLE "Exercises" ADD "ExerciseWeightTypeId" uuid;
info: Microsoft.EntityFrameworkCore.Database.Command[20101]
      Executed DbCommand (0ms) [Parameters=[], CommandType='Text', CommandTimeout='30']
      ALTER TABLE "Exercises" ADD "ExerciseWeightTypeId" uuid;
info: 7/12/2025 16:16:35.966 RelationalEventId.CommandExecuted[20101] (Microsoft.EntityFrameworkCore.Database.Command) 
      Executed DbCommand (0ms) [Parameters=[], CommandType='Text', CommandTimeout='30']
      ALTER TABLE "Exercises" ADD "ExerciseWeightTypeId" uuid;
dbug: Microsoft.EntityFrameworkCore.Database.Command[20103]
      Creating DbCommand for 'ExecuteNonQuery'.
dbug: Microsoft.EntityFrameworkCore.Database.Command[20104]
      Created DbCommand for 'ExecuteNonQuery' (0ms).
dbug: Microsoft.EntityFrameworkCore.Database.Command[20106]
      Initialized DbCommand for 'ExecuteNonQuery' (0ms).
dbug: Microsoft.EntityFrameworkCore.Database.Command[20100]
      Executing DbCommand [Parameters=[], CommandType='Text', CommandTimeout='30']
      CREATE INDEX "IX_Exercises_ExerciseWeightTypeId" ON "Exercises" ("ExerciseWeightTypeId");
info: Microsoft.EntityFrameworkCore.Database.Command[20101]
      Executed DbCommand (0ms) [Parameters=[], CommandType='Text', CommandTimeout='30']
      CREATE INDEX "IX_Exercises_ExerciseWeightTypeId" ON "Exercises" ("ExerciseWeightTypeId");
info: 7/12/2025 16:16:35.967 RelationalEventId.CommandExecuted[20101] (Microsoft.EntityFrameworkCore.Database.Command) 
      Executed DbCommand (0ms) [Parameters=[], CommandType='Text', CommandTimeout='30']
      CREATE INDEX "IX_Exercises_ExerciseWeightTypeId" ON "Exercises" ("ExerciseWeightTypeId");
dbug: Microsoft.EntityFrameworkCore.Database.Command[20103]
      Creating DbCommand for 'ExecuteNonQuery'.
dbug: Microsoft.EntityFrameworkCore.Database.Command[20104]
      Created DbCommand for 'ExecuteNonQuery' (0ms).
dbug: Microsoft.EntityFrameworkCore.Database.Command[20106]
      Initialized DbCommand for 'ExecuteNonQuery' (0ms).
dbug: Microsoft.EntityFrameworkCore.Database.Command[20100]
      Executing DbCommand [Parameters=[], CommandType='Text', CommandTimeout='30']
      ALTER TABLE "Exercises" ADD CONSTRAINT "FK_Exercises_ExerciseWeightTypes_ExerciseWeightTypeId" FOREIGN KEY ("ExerciseWeightTypeId") REFERENCES "ExerciseWeightTypes" ("Id");
dbug: Microsoft.EntityFrameworkCore.Database.Command[20103]
      Creating DbCommand for 'ExecuteNonQuery'.
dbug: Microsoft.EntityFrameworkCore.Database.Command[20104]
      Created DbCommand for 'ExecuteNonQuery' (0ms).
dbug: Microsoft.EntityFrameworkCore.Database.Command[20106]
      Initialized DbCommand for 'ExecuteNonQuery' (0ms).
dbug: Microsoft.EntityFrameworkCore.Database.Command[20100]
      Executing DbCommand [Parameters=[], CommandType='Text', CommandTimeout='30']
      ALTER TABLE "Exercises" ADD "ExerciseWeightTypeId" uuid;
info: Microsoft.EntityFrameworkCore.Database.Command[20101]
      Executed DbCommand (0ms) [Parameters=[], CommandType='Text', CommandTimeout='30']
      ALTER TABLE "Exercises" ADD "ExerciseWeightTypeId" uuid;
info: 7/12/2025 16:16:35.967 RelationalEventId.CommandExecuted[20101] (Microsoft.EntityFrameworkCore.Database.Command) 
      Executed DbCommand (0ms) [Parameters=[], CommandType='Text', CommandTimeout='30']
      ALTER TABLE "Exercises" ADD "ExerciseWeightTypeId" uuid;
dbug: Microsoft.EntityFrameworkCore.Database.Command[20103]
      Creating DbCommand for 'ExecuteNonQuery'.
dbug: Microsoft.EntityFrameworkCore.Database.Command[20104]
      Created DbCommand for 'ExecuteNonQuery' (0ms).
dbug: Microsoft.EntityFrameworkCore.Database.Command[20106]
      Initialized DbCommand for 'ExecuteNonQuery' (0ms).
dbug: Microsoft.EntityFrameworkCore.Database.Command[20100]
      Executing DbCommand [Parameters=[], CommandType='Text', CommandTimeout='30']
      CREATE INDEX "IX_Exercises_ExerciseWeightTypeId" ON "Exercises" ("ExerciseWeightTypeId");
info: Microsoft.EntityFrameworkCore.Database.Command[20101]
      Executed DbCommand (1ms) [Parameters=[], CommandType='Text', CommandTimeout='30']
      ALTER TABLE "Exercises" ADD CONSTRAINT "FK_Exercises_ExerciseWeightTypes_ExerciseWeightTypeId" FOREIGN KEY ("ExerciseWeightTypeId") REFERENCES "ExerciseWeightTypes" ("Id");
info: 7/12/2025 16:16:35.967 RelationalEventId.CommandExecuted[20101] (Microsoft.EntityFrameworkCore.Database.Command) 
      Executed DbCommand (1ms) [Parameters=[], CommandType='Text', CommandTimeout='30']
      ALTER TABLE "Exercises" ADD CONSTRAINT "FK_Exercises_ExerciseWeightTypes_ExerciseWeightTypeId" FOREIGN KEY ("ExerciseWeightTypeId") REFERENCES "ExerciseWeightTypes" ("Id");
dbug: Microsoft.EntityFrameworkCore.Database.Command[20103]
      Creating DbCommand for 'ExecuteNonQuery'.
dbug: Microsoft.EntityFrameworkCore.Database.Command[20104]
      Created DbCommand for 'ExecuteNonQuery' (0ms).
dbug: Microsoft.EntityFrameworkCore.Database.Command[20106]
      Initialized DbCommand for 'ExecuteNonQuery' (0ms).
dbug: Microsoft.EntityFrameworkCore.Database.Command[20100]
      Executing DbCommand [Parameters=[], CommandType='Text', CommandTimeout='30']
      INSERT INTO "__EFMigrationsHistory" ("MigrationId", "ProductVersion")
      VALUES ('20250710212725_AddExerciseWeightTypeToExercise', '9.0.6');
info: Microsoft.EntityFrameworkCore.Database.Command[20101]
      Executed DbCommand (0ms) [Parameters=[], CommandType='Text', CommandTimeout='30']
      INSERT INTO "__EFMigrationsHistory" ("MigrationId", "ProductVersion")
      VALUES ('20250710212725_AddExerciseWeightTypeToExercise', '9.0.6');
info: 7/12/2025 16:16:35.968 RelationalEventId.CommandExecuted[20101] (Microsoft.EntityFrameworkCore.Database.Command) 
      Executed DbCommand (0ms) [Parameters=[], CommandType='Text', CommandTimeout='30']
      INSERT INTO "__EFMigrationsHistory" ("MigrationId", "ProductVersion")
      VALUES ('20250710212725_AddExerciseWeightTypeToExercise', '9.0.6');
info: Microsoft.EntityFrameworkCore.Migrations[20402]
      Applying migration '20250711221054_MakeKineticChainAndWeightTypeNullable'.
info: 7/12/2025 16:16:35.968 RelationalEventId.MigrationApplying[20402] (Microsoft.EntityFrameworkCore.Migrations) 
      Applying migration '20250711221054_MakeKineticChainAndWeightTypeNullable'.
info: Microsoft.EntityFrameworkCore.Database.Command[20101]
      Executed DbCommand (1ms) [Parameters=[], CommandType='Text', CommandTimeout='30']
      CREATE INDEX "IX_Exercises_ExerciseWeightTypeId" ON "Exercises" ("ExerciseWeightTypeId");
info: 7/12/2025 16:16:35.968 RelationalEventId.CommandExecuted[20101] (Microsoft.EntityFrameworkCore.Database.Command) 
      Executed DbCommand (1ms) [Parameters=[], CommandType='Text', CommandTimeout='30']
      CREATE INDEX "IX_Exercises_ExerciseWeightTypeId" ON "Exercises" ("ExerciseWeightTypeId");
dbug: Microsoft.EntityFrameworkCore.Database.Command[20103]
      Creating DbCommand for 'ExecuteNonQuery'.
dbug: Microsoft.EntityFrameworkCore.Database.Command[20104]
      Created DbCommand for 'ExecuteNonQuery' (0ms).
dbug: Microsoft.EntityFrameworkCore.Database.Command[20106]
      Initialized DbCommand for 'ExecuteNonQuery' (0ms).
dbug: Microsoft.EntityFrameworkCore.Database.Command[20100]
      Executing DbCommand [Parameters=[], CommandType='Text', CommandTimeout='30']
      ALTER TABLE "Exercises" ADD CONSTRAINT "FK_Exercises_ExerciseWeightTypes_ExerciseWeightTypeId" FOREIGN KEY ("ExerciseWeightTypeId") REFERENCES "ExerciseWeightTypes" ("Id");
info: Microsoft.EntityFrameworkCore.Database.Command[20101]
      Executed DbCommand (1ms) [Parameters=[], CommandType='Text', CommandTimeout='30']
      ALTER TABLE "Exercises" ADD CONSTRAINT "FK_Exercises_ExerciseWeightTypes_ExerciseWeightTypeId" FOREIGN KEY ("ExerciseWeightTypeId") REFERENCES "ExerciseWeightTypes" ("Id");
info: 7/12/2025 16:16:35.969 RelationalEventId.CommandExecuted[20101] (Microsoft.EntityFrameworkCore.Database.Command) 
      Executed DbCommand (1ms) [Parameters=[], CommandType='Text', CommandTimeout='30']
      ALTER TABLE "Exercises" ADD CONSTRAINT "FK_Exercises_ExerciseWeightTypes_ExerciseWeightTypeId" FOREIGN KEY ("ExerciseWeightTypeId") REFERENCES "ExerciseWeightTypes" ("Id");
dbug: Microsoft.EntityFrameworkCore.Database.Command[20103]
      Creating DbCommand for 'ExecuteNonQuery'.
dbug: Microsoft.EntityFrameworkCore.Database.Command[20104]
      Created DbCommand for 'ExecuteNonQuery' (0ms).
dbug: Microsoft.EntityFrameworkCore.Database.Command[20106]
      Initialized DbCommand for 'ExecuteNonQuery' (0ms).
dbug: Microsoft.EntityFrameworkCore.Database.Command[20100]
      Executing DbCommand [Parameters=[], CommandType='Text', CommandTimeout='30']
      INSERT INTO "__EFMigrationsHistory" ("MigrationId", "ProductVersion")
      VALUES ('20250710212725_AddExerciseWeightTypeToExercise', '9.0.6');
info: Microsoft.EntityFrameworkCore.Database.Command[20101]
      Executed DbCommand (0ms) [Parameters=[], CommandType='Text', CommandTimeout='30']
      INSERT INTO "__EFMigrationsHistory" ("MigrationId", "ProductVersion")
      VALUES ('20250710212725_AddExerciseWeightTypeToExercise', '9.0.6');
info: 7/12/2025 16:16:35.970 RelationalEventId.CommandExecuted[20101] (Microsoft.EntityFrameworkCore.Database.Command) 
      Executed DbCommand (0ms) [Parameters=[], CommandType='Text', CommandTimeout='30']
      INSERT INTO "__EFMigrationsHistory" ("MigrationId", "ProductVersion")
      VALUES ('20250710212725_AddExerciseWeightTypeToExercise', '9.0.6');
info: Microsoft.EntityFrameworkCore.Migrations[20402]
      Applying migration '20250711221054_MakeKineticChainAndWeightTypeNullable'.
info: 7/12/2025 16:16:35.970 RelationalEventId.MigrationApplying[20402] (Microsoft.EntityFrameworkCore.Migrations) 
      Applying migration '20250711221054_MakeKineticChainAndWeightTypeNullable'.
dbug: Microsoft.EntityFrameworkCore.Database.Command[20103]
      Creating DbCommand for 'ExecuteNonQuery'.
dbug: Microsoft.EntityFrameworkCore.Database.Command[20104]
      Created DbCommand for 'ExecuteNonQuery' (0ms).
dbug: Microsoft.EntityFrameworkCore.Database.Command[20106]
      Initialized DbCommand for 'ExecuteNonQuery' (0ms).
dbug: Microsoft.EntityFrameworkCore.Database.Command[20100]
      Executing DbCommand [Parameters=[], CommandType='Text', CommandTimeout='30']
      ALTER TABLE "Exercises" DROP CONSTRAINT "FK_Exercises_KineticChainTypes_KineticChainId";
dbug: Microsoft.EntityFrameworkCore.Database.Command[20103]
      Creating DbCommand for 'ExecuteNonQuery'.
dbug: Microsoft.EntityFrameworkCore.Database.Command[20104]
      Created DbCommand for 'ExecuteNonQuery' (0ms).
dbug: Microsoft.EntityFrameworkCore.Database.Command[20106]
      Initialized DbCommand for 'ExecuteNonQuery' (0ms).
dbug: Microsoft.EntityFrameworkCore.Database.Command[20100]
      Executing DbCommand [Parameters=[], CommandType='Text', CommandTimeout='30']
      ALTER TABLE "Exercises" DROP CONSTRAINT "FK_Exercises_KineticChainTypes_KineticChainId";
info: Microsoft.EntityFrameworkCore.Database.Command[20101]
      Executed DbCommand (1ms) [Parameters=[], CommandType='Text', CommandTimeout='30']
      ALTER TABLE "Exercises" DROP CONSTRAINT "FK_Exercises_KineticChainTypes_KineticChainId";
info: 7/12/2025 16:16:35.979 RelationalEventId.CommandExecuted[20101] (Microsoft.EntityFrameworkCore.Database.Command) 
      Executed DbCommand (1ms) [Parameters=[], CommandType='Text', CommandTimeout='30']
      ALTER TABLE "Exercises" DROP CONSTRAINT "FK_Exercises_KineticChainTypes_KineticChainId";
dbug: Microsoft.EntityFrameworkCore.Database.Command[20103]
      Creating DbCommand for 'ExecuteNonQuery'.
dbug: Microsoft.EntityFrameworkCore.Database.Command[20104]
      Created DbCommand for 'ExecuteNonQuery' (0ms).
dbug: Microsoft.EntityFrameworkCore.Database.Command[20106]
      Initialized DbCommand for 'ExecuteNonQuery' (0ms).
dbug: Microsoft.EntityFrameworkCore.Database.Command[20100]
      Executing DbCommand [Parameters=[], CommandType='Text', CommandTimeout='30']
      ALTER TABLE "Exercises" DROP CONSTRAINT "FK_Exercises_ExerciseWeightTypes_ExerciseWeightTypeId";
info: Microsoft.EntityFrameworkCore.Database.Command[20101]
      Executed DbCommand (1ms) [Parameters=[], CommandType='Text', CommandTimeout='30']
      ALTER TABLE "Exercises" DROP CONSTRAINT "FK_Exercises_KineticChainTypes_KineticChainId";
info: 7/12/2025 16:16:35.979 RelationalEventId.CommandExecuted[20101] (Microsoft.EntityFrameworkCore.Database.Command) 
      Executed DbCommand (1ms) [Parameters=[], CommandType='Text', CommandTimeout='30']
      ALTER TABLE "Exercises" DROP CONSTRAINT "FK_Exercises_KineticChainTypes_KineticChainId";
dbug: Microsoft.EntityFrameworkCore.Database.Command[20103]
      Creating DbCommand for 'ExecuteNonQuery'.
dbug: Microsoft.EntityFrameworkCore.Database.Command[20104]
      Created DbCommand for 'ExecuteNonQuery' (0ms).
dbug: Microsoft.EntityFrameworkCore.Database.Command[20106]
      Initialized DbCommand for 'ExecuteNonQuery' (0ms).
dbug: Microsoft.EntityFrameworkCore.Database.Command[20100]
      Executing DbCommand [Parameters=[], CommandType='Text', CommandTimeout='30']
      ALTER TABLE "Exercises" DROP CONSTRAINT "FK_Exercises_ExerciseWeightTypes_ExerciseWeightTypeId";
info: Microsoft.EntityFrameworkCore.Database.Command[20101]
      Executed DbCommand (0ms) [Parameters=[], CommandType='Text', CommandTimeout='30']
      ALTER TABLE "Exercises" DROP CONSTRAINT "FK_Exercises_ExerciseWeightTypes_ExerciseWeightTypeId";
info: 7/12/2025 16:16:35.980 RelationalEventId.CommandExecuted[20101] (Microsoft.EntityFrameworkCore.Database.Command) 
      Executed DbCommand (0ms) [Parameters=[], CommandType='Text', CommandTimeout='30']
      ALTER TABLE "Exercises" DROP CONSTRAINT "FK_Exercises_ExerciseWeightTypes_ExerciseWeightTypeId";
dbug: Microsoft.EntityFrameworkCore.Database.Command[20103]
      Creating DbCommand for 'ExecuteNonQuery'.
dbug: Microsoft.EntityFrameworkCore.Database.Command[20104]
      Created DbCommand for 'ExecuteNonQuery' (0ms).
dbug: Microsoft.EntityFrameworkCore.Database.Command[20106]
      Initialized DbCommand for 'ExecuteNonQuery' (0ms).
dbug: Microsoft.EntityFrameworkCore.Database.Command[20100]
      Executing DbCommand [Parameters=[], CommandType='Text', CommandTimeout='30']
      ALTER TABLE "Exercises" ALTER COLUMN "KineticChainId" DROP NOT NULL;
info: Microsoft.EntityFrameworkCore.Database.Command[20101]
      Executed DbCommand (0ms) [Parameters=[], CommandType='Text', CommandTimeout='30']
      ALTER TABLE "Exercises" ALTER COLUMN "KineticChainId" DROP NOT NULL;
info: 7/12/2025 16:16:35.980 RelationalEventId.CommandExecuted[20101] (Microsoft.EntityFrameworkCore.Database.Command) 
      Executed DbCommand (0ms) [Parameters=[], CommandType='Text', CommandTimeout='30']
      ALTER TABLE "Exercises" ALTER COLUMN "KineticChainId" DROP NOT NULL;
dbug: Microsoft.EntityFrameworkCore.Database.Command[20103]
      Creating DbCommand for 'ExecuteNonQuery'.
dbug: Microsoft.EntityFrameworkCore.Database.Command[20104]
      Created DbCommand for 'ExecuteNonQuery' (0ms).
dbug: Microsoft.EntityFrameworkCore.Database.Command[20106]
      Initialized DbCommand for 'ExecuteNonQuery' (0ms).
dbug: Microsoft.EntityFrameworkCore.Database.Command[20100]
      Executing DbCommand [Parameters=[], CommandType='Text', CommandTimeout='30']
      ALTER TABLE "Exercises" ADD CONSTRAINT "FK_Exercises_KineticChainTypes_KineticChainId" FOREIGN KEY ("KineticChainId") REFERENCES "KineticChainTypes" ("Id") ON DELETE SET NULL;
info: Microsoft.EntityFrameworkCore.Database.Command[20101]
      Executed DbCommand (1ms) [Parameters=[], CommandType='Text', CommandTimeout='30']
      ALTER TABLE "Exercises" ADD CONSTRAINT "FK_Exercises_KineticChainTypes_KineticChainId" FOREIGN KEY ("KineticChainId") REFERENCES "KineticChainTypes" ("Id") ON DELETE SET NULL;
info: 7/12/2025 16:16:35.980 RelationalEventId.CommandExecuted[20101] (Microsoft.EntityFrameworkCore.Database.Command) 
      Executed DbCommand (1ms) [Parameters=[], CommandType='Text', CommandTimeout='30']
      ALTER TABLE "Exercises" ADD CONSTRAINT "FK_Exercises_KineticChainTypes_KineticChainId" FOREIGN KEY ("KineticChainId") REFERENCES "KineticChainTypes" ("Id") ON DELETE SET NULL;
dbug: Microsoft.EntityFrameworkCore.Database.Command[20103]
      Creating DbCommand for 'ExecuteNonQuery'.
dbug: Microsoft.EntityFrameworkCore.Database.Command[20104]
      Created DbCommand for 'ExecuteNonQuery' (0ms).
dbug: Microsoft.EntityFrameworkCore.Database.Command[20106]
      Initialized DbCommand for 'ExecuteNonQuery' (0ms).
dbug: Microsoft.EntityFrameworkCore.Database.Command[20100]
      Executing DbCommand [Parameters=[], CommandType='Text', CommandTimeout='30']
      ALTER TABLE "Exercises" ADD CONSTRAINT "FK_Exercises_ExerciseWeightTypes_ExerciseWeightTypeId" FOREIGN KEY ("ExerciseWeightTypeId") REFERENCES "ExerciseWeightTypes" ("Id") ON DELETE SET NULL;
info: Microsoft.EntityFrameworkCore.Database.Command[20101]
      Executed DbCommand (1ms) [Parameters=[], CommandType='Text', CommandTimeout='30']
      ALTER TABLE "Exercises" DROP CONSTRAINT "FK_Exercises_ExerciseWeightTypes_ExerciseWeightTypeId";
info: 7/12/2025 16:16:35.980 RelationalEventId.CommandExecuted[20101] (Microsoft.EntityFrameworkCore.Database.Command) 
      Executed DbCommand (1ms) [Parameters=[], CommandType='Text', CommandTimeout='30']
      ALTER TABLE "Exercises" DROP CONSTRAINT "FK_Exercises_ExerciseWeightTypes_ExerciseWeightTypeId";
dbug: Microsoft.EntityFrameworkCore.Database.Command[20103]
      Creating DbCommand for 'ExecuteNonQuery'.
dbug: Microsoft.EntityFrameworkCore.Database.Command[20104]
      Created DbCommand for 'ExecuteNonQuery' (0ms).
dbug: Microsoft.EntityFrameworkCore.Database.Command[20106]
      Initialized DbCommand for 'ExecuteNonQuery' (0ms).
dbug: Microsoft.EntityFrameworkCore.Database.Command[20100]
      Executing DbCommand [Parameters=[], CommandType='Text', CommandTimeout='30']
      ALTER TABLE "Exercises" ALTER COLUMN "KineticChainId" DROP NOT NULL;
info: Microsoft.EntityFrameworkCore.Database.Command[20101]
      Executed DbCommand (0ms) [Parameters=[], CommandType='Text', CommandTimeout='30']
      ALTER TABLE "Exercises" ALTER COLUMN "KineticChainId" DROP NOT NULL;
info: 7/12/2025 16:16:35.981 RelationalEventId.CommandExecuted[20101] (Microsoft.EntityFrameworkCore.Database.Command) 
      Executed DbCommand (0ms) [Parameters=[], CommandType='Text', CommandTimeout='30']
      ALTER TABLE "Exercises" ALTER COLUMN "KineticChainId" DROP NOT NULL;
dbug: Microsoft.EntityFrameworkCore.Database.Command[20103]
      Creating DbCommand for 'ExecuteNonQuery'.
dbug: Microsoft.EntityFrameworkCore.Database.Command[20104]
      Created DbCommand for 'ExecuteNonQuery' (0ms).
dbug: Microsoft.EntityFrameworkCore.Database.Command[20106]
      Initialized DbCommand for 'ExecuteNonQuery' (0ms).
dbug: Microsoft.EntityFrameworkCore.Database.Command[20100]
      Executing DbCommand [Parameters=[], CommandType='Text', CommandTimeout='30']
      ALTER TABLE "Exercises" ADD CONSTRAINT "FK_Exercises_KineticChainTypes_KineticChainId" FOREIGN KEY ("KineticChainId") REFERENCES "KineticChainTypes" ("Id") ON DELETE SET NULL;
info: Microsoft.EntityFrameworkCore.Database.Command[20101]
      Executed DbCommand (0ms) [Parameters=[], CommandType='Text', CommandTimeout='30']
      ALTER TABLE "Exercises" ADD CONSTRAINT "FK_Exercises_ExerciseWeightTypes_ExerciseWeightTypeId" FOREIGN KEY ("ExerciseWeightTypeId") REFERENCES "ExerciseWeightTypes" ("Id") ON DELETE SET NULL;
info: 7/12/2025 16:16:35.981 RelationalEventId.CommandExecuted[20101] (Microsoft.EntityFrameworkCore.Database.Command) 
      Executed DbCommand (0ms) [Parameters=[], CommandType='Text', CommandTimeout='30']
      ALTER TABLE "Exercises" ADD CONSTRAINT "FK_Exercises_ExerciseWeightTypes_ExerciseWeightTypeId" FOREIGN KEY ("ExerciseWeightTypeId") REFERENCES "ExerciseWeightTypes" ("Id") ON DELETE SET NULL;
dbug: Microsoft.EntityFrameworkCore.Database.Command[20103]
      Creating DbCommand for 'ExecuteNonQuery'.
dbug: Microsoft.EntityFrameworkCore.Database.Command[20104]
      Created DbCommand for 'ExecuteNonQuery' (0ms).
dbug: Microsoft.EntityFrameworkCore.Database.Command[20106]
      Initialized DbCommand for 'ExecuteNonQuery' (0ms).
dbug: Microsoft.EntityFrameworkCore.Database.Command[20100]
      Executing DbCommand [Parameters=[], CommandType='Text', CommandTimeout='30']
      INSERT INTO "__EFMigrationsHistory" ("MigrationId", "ProductVersion")
      VALUES ('20250711221054_MakeKineticChainAndWeightTypeNullable', '9.0.6');
info: Microsoft.EntityFrameworkCore.Database.Command[20101]
      Executed DbCommand (0ms) [Parameters=[], CommandType='Text', CommandTimeout='30']
      INSERT INTO "__EFMigrationsHistory" ("MigrationId", "ProductVersion")
      VALUES ('20250711221054_MakeKineticChainAndWeightTypeNullable', '9.0.6');
info: 7/12/2025 16:16:35.981 RelationalEventId.CommandExecuted[20101] (Microsoft.EntityFrameworkCore.Database.Command) 
      Executed DbCommand (0ms) [Parameters=[], CommandType='Text', CommandTimeout='30']
      INSERT INTO "__EFMigrationsHistory" ("MigrationId", "ProductVersion")
      VALUES ('20250711221054_MakeKineticChainAndWeightTypeNullable', '9.0.6');
info: 7/12/2025 16:16:35.981 RelationalEventId.CommandExecuted[20101] (Microsoft.EntityFrameworkCore.Database.Command) 
      Executed DbCommand (1ms) [Parameters=[], CommandType='Text', CommandTimeout='30']
      ALTER TABLE "Exercises" ADD CONSTRAINT "FK_Exercises_KineticChainTypes_KineticChainId" FOREIGN KEY ("KineticChainId") REFERENCES "KineticChainTypes" ("Id") ON DELETE SET NULL;
info: Microsoft.EntityFrameworkCore.Database.Command[20101]
      Executed DbCommand (1ms) [Parameters=[], CommandType='Text', CommandTimeout='30']
      ALTER TABLE "Exercises" ADD CONSTRAINT "FK_Exercises_KineticChainTypes_KineticChainId" FOREIGN KEY ("KineticChainId") REFERENCES "KineticChainTypes" ("Id") ON DELETE SET NULL;
dbug: Microsoft.EntityFrameworkCore.Database.Command[20103]
      Creating DbCommand for 'ExecuteNonQuery'.
dbug: Microsoft.EntityFrameworkCore.Database.Command[20104]
      Created DbCommand for 'ExecuteNonQuery' (0ms).
dbug: Microsoft.EntityFrameworkCore.Database.Command[20106]
      Initialized DbCommand for 'ExecuteNonQuery' (0ms).
dbug: Microsoft.EntityFrameworkCore.Database.Command[20100]
      Executing DbCommand [Parameters=[], CommandType='Text', CommandTimeout='30']
      ALTER TABLE "Exercises" ADD CONSTRAINT "FK_Exercises_ExerciseWeightTypes_ExerciseWeightTypeId" FOREIGN KEY ("ExerciseWeightTypeId") REFERENCES "ExerciseWeightTypes" ("Id") ON DELETE SET NULL;
info: Microsoft.EntityFrameworkCore.Database.Command[20101]
      Executed DbCommand (0ms) [Parameters=[], CommandType='Text', CommandTimeout='30']
      ALTER TABLE "Exercises" ADD CONSTRAINT "FK_Exercises_ExerciseWeightTypes_ExerciseWeightTypeId" FOREIGN KEY ("ExerciseWeightTypeId") REFERENCES "ExerciseWeightTypes" ("Id") ON DELETE SET NULL;
info: 7/12/2025 16:16:35.982 RelationalEventId.CommandExecuted[20101] (Microsoft.EntityFrameworkCore.Database.Command) 
      Executed DbCommand (0ms) [Parameters=[], CommandType='Text', CommandTimeout='30']
      ALTER TABLE "Exercises" ADD CONSTRAINT "FK_Exercises_ExerciseWeightTypes_ExerciseWeightTypeId" FOREIGN KEY ("ExerciseWeightTypeId") REFERENCES "ExerciseWeightTypes" ("Id") ON DELETE SET NULL;
dbug: Microsoft.EntityFrameworkCore.Database.Command[20103]
      Creating DbCommand for 'ExecuteNonQuery'.
dbug: Microsoft.EntityFrameworkCore.Database.Command[20104]
      Created DbCommand for 'ExecuteNonQuery' (0ms).
dbug: Microsoft.EntityFrameworkCore.Database.Command[20106]
      Initialized DbCommand for 'ExecuteNonQuery' (0ms).
dbug: Microsoft.EntityFrameworkCore.Database.Command[20100]
      Executing DbCommand [Parameters=[], CommandType='Text', CommandTimeout='30']
      INSERT INTO "__EFMigrationsHistory" ("MigrationId", "ProductVersion")
      VALUES ('20250711221054_MakeKineticChainAndWeightTypeNullable', '9.0.6');
info: Microsoft.EntityFrameworkCore.Database.Command[20101]
      Executed DbCommand (0ms) [Parameters=[], CommandType='Text', CommandTimeout='30']
      INSERT INTO "__EFMigrationsHistory" ("MigrationId", "ProductVersion")
      VALUES ('20250711221054_MakeKineticChainAndWeightTypeNullable', '9.0.6');
info: 7/12/2025 16:16:35.982 RelationalEventId.CommandExecuted[20101] (Microsoft.EntityFrameworkCore.Database.Command) 
      Executed DbCommand (0ms) [Parameters=[], CommandType='Text', CommandTimeout='30']
      INSERT INTO "__EFMigrationsHistory" ("MigrationId", "ProductVersion")
      VALUES ('20250711221054_MakeKineticChainAndWeightTypeNullable', '9.0.6');
dbug: Microsoft.EntityFrameworkCore.Database.Command[20103]
      Creating DbCommand for 'ExecuteReader'.
dbug: Microsoft.EntityFrameworkCore.Database.Command[20104]
      Created DbCommand for 'ExecuteReader' (0ms).
dbug: Microsoft.EntityFrameworkCore.Database.Command[20106]
      Initialized DbCommand for 'ExecuteReader' (0ms).
dbug: Microsoft.EntityFrameworkCore.Database.Command[20103]
      Creating DbCommand for 'ExecuteReader'.
dbug: Microsoft.EntityFrameworkCore.Database.Command[20100]
      Executing DbCommand [Parameters=[], CommandType='Text', CommandTimeout='30']
      SELECT EXISTS (
          SELECT 1
          FROM "BodyParts" AS b)
dbug: Microsoft.EntityFrameworkCore.Database.Command[20104]
      Created DbCommand for 'ExecuteReader' (0ms).
dbug: Microsoft.EntityFrameworkCore.Database.Command[20106]
      Initialized DbCommand for 'ExecuteReader' (0ms).
dbug: Microsoft.EntityFrameworkCore.Database.Command[20100]
      Executing DbCommand [Parameters=[], CommandType='Text', CommandTimeout='30']
      SELECT EXISTS (
          SELECT 1
          FROM "BodyParts" AS b)
info: Microsoft.EntityFrameworkCore.Database.Command[20101]
      Executed DbCommand (1ms) [Parameters=[], CommandType='Text', CommandTimeout='30']
      SELECT EXISTS (
          SELECT 1
          FROM "BodyParts" AS b)
info: 7/12/2025 16:16:36.060 RelationalEventId.CommandExecuted[20101] (Microsoft.EntityFrameworkCore.Database.Command) 
      Executed DbCommand (1ms) [Parameters=[], CommandType='Text', CommandTimeout='30']
      SELECT EXISTS (
          SELECT 1
          FROM "BodyParts" AS b)
info: Microsoft.EntityFrameworkCore.Database.Command[20101]
      Executed DbCommand (1ms) [Parameters=[], CommandType='Text', CommandTimeout='30']
      SELECT EXISTS (
          SELECT 1
          FROM "BodyParts" AS b)
info: 7/12/2025 16:16:36.060 RelationalEventId.CommandExecuted[20101] (Microsoft.EntityFrameworkCore.Database.Command) 
      Executed DbCommand (1ms) [Parameters=[], CommandType='Text', CommandTimeout='30']
      SELECT EXISTS (
          SELECT 1
          FROM "BodyParts" AS b)
dbug: Microsoft.EntityFrameworkCore.Database.Command[20301]
      Closing data reader to 'bddtestdb' on server 'tcp://127.0.0.1:33518'.
dbug: Microsoft.EntityFrameworkCore.Database.Command[20301]
      Closing data reader to 'bddtestdb' on server 'tcp://127.0.0.1:33517'.
dbug: Microsoft.EntityFrameworkCore.Database.Command[20300]
      A data reader for 'bddtestdb' on server 'tcp://127.0.0.1:33518' is being disposed after spending 10ms reading results.
dbug: Microsoft.EntityFrameworkCore.Database.Command[20300]
      A data reader for 'bddtestdb' on server 'tcp://127.0.0.1:33517' is being disposed after spending 10ms reading results.
dbug: Microsoft.EntityFrameworkCore.Database.Command[20103]
      Creating DbCommand for 'ExecuteScalar'.
dbug: Microsoft.EntityFrameworkCore.Database.Command[20104]
      Created DbCommand for 'ExecuteScalar' (0ms).
dbug: Microsoft.EntityFrameworkCore.Database.Command[20106]
      Initialized DbCommand for 'ExecuteScalar' (0ms).
dbug: Microsoft.EntityFrameworkCore.Database.Command[20103]
      Creating DbCommand for 'ExecuteScalar'.
dbug: Microsoft.EntityFrameworkCore.Database.Command[20104]
      Created DbCommand for 'ExecuteScalar' (0ms).
dbug: Microsoft.EntityFrameworkCore.Database.Command[20106]
      Initialized DbCommand for 'ExecuteScalar' (0ms).
dbug: Microsoft.EntityFrameworkCore.Database.Command[20100]
      Executing DbCommand [Parameters=[], CommandType='Text', CommandTimeout='30']
      SELECT CASE WHEN COUNT(*) = 0 THEN FALSE ELSE TRUE END
      FROM pg_class AS cls
      JOIN pg_namespace AS ns ON ns.oid = cls.relnamespace
      WHERE
              cls.relkind IN ('r', 'v', 'm', 'f', 'p') AND
              ns.nspname NOT IN ('pg_catalog', 'information_schema') AND
              -- Exclude tables which are members of PG extensions
              NOT EXISTS (
                  SELECT 1 FROM pg_depend WHERE
                      classid=(
                          SELECT cls.oid
                          FROM pg_class AS cls
                                   JOIN pg_namespace AS ns ON ns.oid = cls.relnamespace
                          WHERE relname='pg_class' AND ns.nspname='pg_catalog'
                      ) AND
                      objid=cls.oid AND
                      deptype IN ('e', 'x')
              )
dbug: Microsoft.EntityFrameworkCore.Database.Command[20100]
      Executing DbCommand [Parameters=[], CommandType='Text', CommandTimeout='30']
      SELECT CASE WHEN COUNT(*) = 0 THEN FALSE ELSE TRUE END
      FROM pg_class AS cls
      JOIN pg_namespace AS ns ON ns.oid = cls.relnamespace
      WHERE
              cls.relkind IN ('r', 'v', 'm', 'f', 'p') AND
              ns.nspname NOT IN ('pg_catalog', 'information_schema') AND
              -- Exclude tables which are members of PG extensions
              NOT EXISTS (
                  SELECT 1 FROM pg_depend WHERE
                      classid=(
                          SELECT cls.oid
                          FROM pg_class AS cls
                                   JOIN pg_namespace AS ns ON ns.oid = cls.relnamespace
                          WHERE relname='pg_class' AND ns.nspname='pg_catalog'
                      ) AND
                      objid=cls.oid AND
                      deptype IN ('e', 'x')
              )
info: Microsoft.EntityFrameworkCore.Database.Command[20101]
      Executed DbCommand (4ms) [Parameters=[], CommandType='Text', CommandTimeout='30']
      SELECT CASE WHEN COUNT(*) = 0 THEN FALSE ELSE TRUE END
      FROM pg_class AS cls
      JOIN pg_namespace AS ns ON ns.oid = cls.relnamespace
      WHERE
              cls.relkind IN ('r', 'v', 'm', 'f', 'p') AND
              ns.nspname NOT IN ('pg_catalog', 'information_schema') AND
              -- Exclude tables which are members of PG extensions
              NOT EXISTS (
                  SELECT 1 FROM pg_depend WHERE
                      classid=(
                          SELECT cls.oid
                          FROM pg_class AS cls
                                   JOIN pg_namespace AS ns ON ns.oid = cls.relnamespace
                          WHERE relname='pg_class' AND ns.nspname='pg_catalog'
                      ) AND
                      objid=cls.oid AND
                      deptype IN ('e', 'x')
              )
info: Microsoft.EntityFrameworkCore.Database.Command[20101]
      Executed DbCommand (4ms) [Parameters=[], CommandType='Text', CommandTimeout='30']
      SELECT CASE WHEN COUNT(*) = 0 THEN FALSE ELSE TRUE END
      FROM pg_class AS cls
      JOIN pg_namespace AS ns ON ns.oid = cls.relnamespace
      WHERE
              cls.relkind IN ('r', 'v', 'm', 'f', 'p') AND
              ns.nspname NOT IN ('pg_catalog', 'information_schema') AND
              -- Exclude tables which are members of PG extensions
              NOT EXISTS (
                  SELECT 1 FROM pg_depend WHERE
                      classid=(
                          SELECT cls.oid
                          FROM pg_class AS cls
                                   JOIN pg_namespace AS ns ON ns.oid = cls.relnamespace
                          WHERE relname='pg_class' AND ns.nspname='pg_catalog'
                      ) AND
                      objid=cls.oid AND
                      deptype IN ('e', 'x')
              )
info: 7/12/2025 16:16:36.116 RelationalEventId.CommandExecuted[20101] (Microsoft.EntityFrameworkCore.Database.Command) 
      Executed DbCommand (4ms) [Parameters=[], CommandType='Text', CommandTimeout='30']
      SELECT CASE WHEN COUNT(*) = 0 THEN FALSE ELSE TRUE END
      FROM pg_class AS cls
      JOIN pg_namespace AS ns ON ns.oid = cls.relnamespace
      WHERE
              cls.relkind IN ('r', 'v', 'm', 'f', 'p') AND
              ns.nspname NOT IN ('pg_catalog', 'information_schema') AND
              -- Exclude tables which are members of PG extensions
              NOT EXISTS (
                  SELECT 1 FROM pg_depend WHERE
                      classid=(
                          SELECT cls.oid
                          FROM pg_class AS cls
                                   JOIN pg_namespace AS ns ON ns.oid = cls.relnamespace
                          WHERE relname='pg_class' AND ns.nspname='pg_catalog'
                      ) AND
                      objid=cls.oid AND
                      deptype IN ('e', 'x')
              )
info: 7/12/2025 16:16:36.116 RelationalEventId.CommandExecuted[20101] (Microsoft.EntityFrameworkCore.Database.Command) 
      Executed DbCommand (4ms) [Parameters=[], CommandType='Text', CommandTimeout='30']
      SELECT CASE WHEN COUNT(*) = 0 THEN FALSE ELSE TRUE END
      FROM pg_class AS cls
      JOIN pg_namespace AS ns ON ns.oid = cls.relnamespace
      WHERE
              cls.relkind IN ('r', 'v', 'm', 'f', 'p') AND
              ns.nspname NOT IN ('pg_catalog', 'information_schema') AND
              -- Exclude tables which are members of PG extensions
              NOT EXISTS (
                  SELECT 1 FROM pg_depend WHERE
                      classid=(
                          SELECT cls.oid
                          FROM pg_class AS cls
                                   JOIN pg_namespace AS ns ON ns.oid = cls.relnamespace
                          WHERE relname='pg_class' AND ns.nspname='pg_catalog'
                      ) AND
                      objid=cls.oid AND
                      deptype IN ('e', 'x')
              )
dbug: Microsoft.EntityFrameworkCore.Database.Command[20103]
      Creating DbCommand for 'ExecuteReader'.
dbug: Microsoft.EntityFrameworkCore.Database.Command[20103]
      Creating DbCommand for 'ExecuteReader'.
dbug: Microsoft.EntityFrameworkCore.Database.Command[20104]
      Created DbCommand for 'ExecuteReader' (0ms).
dbug: Microsoft.EntityFrameworkCore.Database.Command[20104]
      Created DbCommand for 'ExecuteReader' (0ms).
dbug: Microsoft.EntityFrameworkCore.Database.Command[20106]
      Initialized DbCommand for 'ExecuteReader' (0ms).
dbug: Microsoft.EntityFrameworkCore.Database.Command[20106]
      Initialized DbCommand for 'ExecuteReader' (0ms).
dbug: Microsoft.EntityFrameworkCore.Database.Command[20100]
      Executing DbCommand [Parameters=[], CommandType='Text', CommandTimeout='30']
      SELECT EXISTS (
          SELECT 1
          FROM "BodyParts" AS b)
dbug: Microsoft.EntityFrameworkCore.Database.Command[20100]
      Executing DbCommand [Parameters=[], CommandType='Text', CommandTimeout='30']
      SELECT EXISTS (
          SELECT 1
          FROM "BodyParts" AS b)
info: Microsoft.EntityFrameworkCore.Database.Command[20101]
      Executed DbCommand (0ms) [Parameters=[], CommandType='Text', CommandTimeout='30']
      SELECT EXISTS (
          SELECT 1
          FROM "BodyParts" AS b)
info: 7/12/2025 16:16:36.118 RelationalEventId.CommandExecuted[20101] (Microsoft.EntityFrameworkCore.Database.Command) 
      Executed DbCommand (0ms) [Parameters=[], CommandType='Text', CommandTimeout='30']
      SELECT EXISTS (
          SELECT 1
          FROM "BodyParts" AS b)
dbug: Microsoft.EntityFrameworkCore.Database.Command[20301]
      Closing data reader to 'bddtestdb' on server 'tcp://127.0.0.1:33517'.
dbug: Microsoft.EntityFrameworkCore.Database.Command[20300]
      A data reader for 'bddtestdb' on server 'tcp://127.0.0.1:33517' is being disposed after spending 0ms reading results.
info: Microsoft.EntityFrameworkCore.Database.Command[20101]
      Executed DbCommand (0ms) [Parameters=[], CommandType='Text', CommandTimeout='30']
      SELECT EXISTS (
          SELECT 1
          FROM "BodyParts" AS b)
info: 7/12/2025 16:16:36.118 RelationalEventId.CommandExecuted[20101] (Microsoft.EntityFrameworkCore.Database.Command) 
      Executed DbCommand (0ms) [Parameters=[], CommandType='Text', CommandTimeout='30']
      SELECT EXISTS (
          SELECT 1
          FROM "BodyParts" AS b)
dbug: Microsoft.EntityFrameworkCore.Database.Command[20301]
      Closing data reader to 'bddtestdb' on server 'tcp://127.0.0.1:33518'.
dbug: Microsoft.EntityFrameworkCore.Database.Command[20300]
      A data reader for 'bddtestdb' on server 'tcp://127.0.0.1:33518' is being disposed after spending 0ms reading results.
dbug: Microsoft.EntityFrameworkCore.Database.Command[20103]
      Creating DbCommand for 'ExecuteReader'.
dbug: Microsoft.EntityFrameworkCore.Database.Command[20103]
      Creating DbCommand for 'ExecuteReader'.
dbug: Microsoft.EntityFrameworkCore.Database.Command[20104]
      Created DbCommand for 'ExecuteReader' (0ms).
dbug: Microsoft.EntityFrameworkCore.Database.Command[20104]
      Created DbCommand for 'ExecuteReader' (0ms).
dbug: Microsoft.EntityFrameworkCore.Database.Command[20106]
      Initialized DbCommand for 'ExecuteReader' (0ms).
dbug: Microsoft.EntityFrameworkCore.Database.Command[20106]
      Initialized DbCommand for 'ExecuteReader' (0ms).
dbug: Microsoft.EntityFrameworkCore.Database.Command[20100]
      Executing DbCommand [Parameters=[], CommandType='Text', CommandTimeout='30']
      SELECT e."Id", e."CreatedAt", e."DisplayOrder", e."IsActive", e."LinkType", e."SourceExerciseId", e."TargetExerciseId", e."UpdatedAt"
      FROM "ExerciseLinks" AS e
dbug: Microsoft.EntityFrameworkCore.Database.Command[20100]
      Executing DbCommand [Parameters=[], CommandType='Text', CommandTimeout='30']
      SELECT e."Id", e."CreatedAt", e."DisplayOrder", e."IsActive", e."LinkType", e."SourceExerciseId", e."TargetExerciseId", e."UpdatedAt"
      FROM "ExerciseLinks" AS e
info: Microsoft.EntityFrameworkCore.Database.Command[20101]
      Executed DbCommand (1ms) [Parameters=[], CommandType='Text', CommandTimeout='30']
      SELECT e."Id", e."CreatedAt", e."DisplayOrder", e."IsActive", e."LinkType", e."SourceExerciseId", e."TargetExerciseId", e."UpdatedAt"
      FROM "ExerciseLinks" AS e
info: 7/12/2025 16:16:36.153 RelationalEventId.CommandExecuted[20101] (Microsoft.EntityFrameworkCore.Database.Command) 
      Executed DbCommand (1ms) [Parameters=[], CommandType='Text', CommandTimeout='30']
      SELECT e."Id", e."CreatedAt", e."DisplayOrder", e."IsActive", e."LinkType", e."SourceExerciseId", e."TargetExerciseId", e."UpdatedAt"
      FROM "ExerciseLinks" AS e
info: Microsoft.EntityFrameworkCore.Database.Command[20101]
      Executed DbCommand (1ms) [Parameters=[], CommandType='Text', CommandTimeout='30']
      SELECT e."Id", e."CreatedAt", e."DisplayOrder", e."IsActive", e."LinkType", e."SourceExerciseId", e."TargetExerciseId", e."UpdatedAt"
      FROM "ExerciseLinks" AS e
info: 7/12/2025 16:16:36.153 RelationalEventId.CommandExecuted[20101] (Microsoft.EntityFrameworkCore.Database.Command) 
      Executed DbCommand (1ms) [Parameters=[], CommandType='Text', CommandTimeout='30']
      SELECT e."Id", e."CreatedAt", e."DisplayOrder", e."IsActive", e."LinkType", e."SourceExerciseId", e."TargetExerciseId", e."UpdatedAt"
      FROM "ExerciseLinks" AS e
dbug: Microsoft.EntityFrameworkCore.Database.Command[20301]
      Closing data reader to 'bddtestdb' on server 'tcp://127.0.0.1:33518'.
dbug: Microsoft.EntityFrameworkCore.Database.Command[20301]
      Closing data reader to 'bddtestdb' on server 'tcp://127.0.0.1:33517'.
dbug: Microsoft.EntityFrameworkCore.Database.Command[20300]
      A data reader for 'bddtestdb' on server 'tcp://127.0.0.1:33518' is being disposed after spending 0ms reading results.
dbug: Microsoft.EntityFrameworkCore.Database.Command[20300]
      A data reader for 'bddtestdb' on server 'tcp://127.0.0.1:33517' is being disposed after spending 0ms reading results.
dbug: Microsoft.EntityFrameworkCore.Database.Command[20103]
      Creating DbCommand for 'ExecuteReader'.
dbug: Microsoft.EntityFrameworkCore.Database.Command[20104]
      Created DbCommand for 'ExecuteReader' (0ms).
dbug: Microsoft.EntityFrameworkCore.Database.Command[20103]
      Creating DbCommand for 'ExecuteReader'.
dbug: Microsoft.EntityFrameworkCore.Database.Command[20106]
      Initialized DbCommand for 'ExecuteReader' (0ms).
dbug: Microsoft.EntityFrameworkCore.Database.Command[20104]
      Created DbCommand for 'ExecuteReader' (0ms).
dbug: Microsoft.EntityFrameworkCore.Database.Command[20106]
      Initialized DbCommand for 'ExecuteReader' (0ms).
dbug: Microsoft.EntityFrameworkCore.Database.Command[20100]
      Executing DbCommand [Parameters=[], CommandType='Text', CommandTimeout='30']
      SELECT e."Id", e."Description", e."DifficultyId", e."ExerciseWeightTypeId", e."ImageUrl", e."IsActive", e."IsUnilateral", e."KineticChainId", e."Name", e."VideoUrl"
      FROM "Exercises" AS e
dbug: Microsoft.EntityFrameworkCore.Database.Command[20100]
      Executing DbCommand [Parameters=[], CommandType='Text', CommandTimeout='30']
      SELECT e."Id", e."Description", e."DifficultyId", e."ExerciseWeightTypeId", e."ImageUrl", e."IsActive", e."IsUnilateral", e."KineticChainId", e."Name", e."VideoUrl"
      FROM "Exercises" AS e
info: Microsoft.EntityFrameworkCore.Database.Command[20101]
      Executed DbCommand (1ms) [Parameters=[], CommandType='Text', CommandTimeout='30']
      SELECT e."Id", e."Description", e."DifficultyId", e."ExerciseWeightTypeId", e."ImageUrl", e."IsActive", e."IsUnilateral", e."KineticChainId", e."Name", e."VideoUrl"
      FROM "Exercises" AS e
info: 7/12/2025 16:16:36.161 RelationalEventId.CommandExecuted[20101] (Microsoft.EntityFrameworkCore.Database.Command) 
      Executed DbCommand (1ms) [Parameters=[], CommandType='Text', CommandTimeout='30']
      SELECT e."Id", e."Description", e."DifficultyId", e."ExerciseWeightTypeId", e."ImageUrl", e."IsActive", e."IsUnilateral", e."KineticChainId", e."Name", e."VideoUrl"
      FROM "Exercises" AS e
dbug: Microsoft.EntityFrameworkCore.Database.Command[20301]
      Closing data reader to 'bddtestdb' on server 'tcp://127.0.0.1:33518'.
dbug: Microsoft.EntityFrameworkCore.Database.Command[20300]
      A data reader for 'bddtestdb' on server 'tcp://127.0.0.1:33518' is being disposed after spending 0ms reading results.
info: Microsoft.EntityFrameworkCore.Database.Command[20101]
      Executed DbCommand (1ms) [Parameters=[], CommandType='Text', CommandTimeout='30']
      SELECT e."Id", e."Description", e."DifficultyId", e."ExerciseWeightTypeId", e."ImageUrl", e."IsActive", e."IsUnilateral", e."KineticChainId", e."Name", e."VideoUrl"
      FROM "Exercises" AS e
info: 7/12/2025 16:16:36.161 RelationalEventId.CommandExecuted[20101] (Microsoft.EntityFrameworkCore.Database.Command) 
      Executed DbCommand (1ms) [Parameters=[], CommandType='Text', CommandTimeout='30']
      SELECT e."Id", e."Description", e."DifficultyId", e."ExerciseWeightTypeId", e."ImageUrl", e."IsActive", e."IsUnilateral", e."KineticChainId", e."Name", e."VideoUrl"
      FROM "Exercises" AS e
dbug: Microsoft.EntityFrameworkCore.Database.Command[20301]
      Closing data reader to 'bddtestdb' on server 'tcp://127.0.0.1:33517'.
dbug: Microsoft.EntityFrameworkCore.Database.Command[20300]
      A data reader for 'bddtestdb' on server 'tcp://127.0.0.1:33517' is being disposed after spending 0ms reading results.
dbug: Microsoft.EntityFrameworkCore.Database.Command[20103]
      Creating DbCommand for 'ExecuteScalar'.
dbug: Microsoft.EntityFrameworkCore.Database.Command[20104]
      Created DbCommand for 'ExecuteScalar' (0ms).
dbug: Microsoft.EntityFrameworkCore.Database.Command[20106]
      Initialized DbCommand for 'ExecuteScalar' (0ms).
dbug: Microsoft.EntityFrameworkCore.Database.Command[20100]
      Executing DbCommand [Parameters=[], CommandType='Text', CommandTimeout='30']
      SELECT CASE WHEN COUNT(*) = 0 THEN FALSE ELSE TRUE END
      FROM pg_class AS cls
      JOIN pg_namespace AS ns ON ns.oid = cls.relnamespace
      WHERE
              cls.relkind IN ('r', 'v', 'm', 'f', 'p') AND
              ns.nspname NOT IN ('pg_catalog', 'information_schema') AND
              -- Exclude tables which are members of PG extensions
              NOT EXISTS (
                  SELECT 1 FROM pg_depend WHERE
                      classid=(
                          SELECT cls.oid
                          FROM pg_class AS cls
                                   JOIN pg_namespace AS ns ON ns.oid = cls.relnamespace
                          WHERE relname='pg_class' AND ns.nspname='pg_catalog'
                      ) AND
                      objid=cls.oid AND
                      deptype IN ('e', 'x')
              )
info: Microsoft.EntityFrameworkCore.Database.Command[20101]
      Executed DbCommand (1ms) [Parameters=[], CommandType='Text', CommandTimeout='30']
      SELECT CASE WHEN COUNT(*) = 0 THEN FALSE ELSE TRUE END
      FROM pg_class AS cls
      JOIN pg_namespace AS ns ON ns.oid = cls.relnamespace
      WHERE
              cls.relkind IN ('r', 'v', 'm', 'f', 'p') AND
              ns.nspname NOT IN ('pg_catalog', 'information_schema') AND
              -- Exclude tables which are members of PG extensions
              NOT EXISTS (
                  SELECT 1 FROM pg_depend WHERE
                      classid=(
                          SELECT cls.oid
                          FROM pg_class AS cls
                                   JOIN pg_namespace AS ns ON ns.oid = cls.relnamespace
                          WHERE relname='pg_class' AND ns.nspname='pg_catalog'
                      ) AND
                      objid=cls.oid AND
                      deptype IN ('e', 'x')
              )
info: 7/12/2025 16:16:36.172 RelationalEventId.CommandExecuted[20101] (Microsoft.EntityFrameworkCore.Database.Command) 
      Executed DbCommand (1ms) [Parameters=[], CommandType='Text', CommandTimeout='30']
      SELECT CASE WHEN COUNT(*) = 0 THEN FALSE ELSE TRUE END
      FROM pg_class AS cls
      JOIN pg_namespace AS ns ON ns.oid = cls.relnamespace
      WHERE
              cls.relkind IN ('r', 'v', 'm', 'f', 'p') AND
              ns.nspname NOT IN ('pg_catalog', 'information_schema') AND
              -- Exclude tables which are members of PG extensions
              NOT EXISTS (
                  SELECT 1 FROM pg_depend WHERE
                      classid=(
                          SELECT cls.oid
                          FROM pg_class AS cls
                                   JOIN pg_namespace AS ns ON ns.oid = cls.relnamespace
                          WHERE relname='pg_class' AND ns.nspname='pg_catalog'
                      ) AND
                      objid=cls.oid AND
                      deptype IN ('e', 'x')
              )
dbug: Microsoft.EntityFrameworkCore.Database.Command[20103]
      Creating DbCommand for 'ExecuteReader'.
dbug: Microsoft.EntityFrameworkCore.Database.Command[20104]
      Created DbCommand for 'ExecuteReader' (0ms).
dbug: Microsoft.EntityFrameworkCore.Database.Command[20106]
      Initialized DbCommand for 'ExecuteReader' (0ms).
dbug: Microsoft.EntityFrameworkCore.Database.Command[20100]
      Executing DbCommand [Parameters=[], CommandType='Text', CommandTimeout='30']
      SELECT EXISTS (
          SELECT 1
          FROM "BodyParts" AS b)
info: Microsoft.EntityFrameworkCore.Database.Command[20101]
      Executed DbCommand (0ms) [Parameters=[], CommandType='Text', CommandTimeout='30']
      SELECT EXISTS (
          SELECT 1
          FROM "BodyParts" AS b)
info: 7/12/2025 16:16:36.173 RelationalEventId.CommandExecuted[20101] (Microsoft.EntityFrameworkCore.Database.Command) 
      Executed DbCommand (0ms) [Parameters=[], CommandType='Text', CommandTimeout='30']
      SELECT EXISTS (
          SELECT 1
          FROM "BodyParts" AS b)
dbug: Microsoft.EntityFrameworkCore.Database.Command[20301]
      Closing data reader to 'bddtestdb' on server 'tcp://127.0.0.1:33517'.
dbug: Microsoft.EntityFrameworkCore.Database.Command[20300]
      A data reader for 'bddtestdb' on server 'tcp://127.0.0.1:33517' is being disposed after spending 0ms reading results.
dbug: Microsoft.EntityFrameworkCore.Database.Command[20103]
      Creating DbCommand for 'ExecuteReader'.
dbug: Microsoft.EntityFrameworkCore.Database.Command[20104]
      Created DbCommand for 'ExecuteReader' (0ms).
dbug: Microsoft.EntityFrameworkCore.Database.Command[20106]
      Initialized DbCommand for 'ExecuteReader' (0ms).
dbug: Microsoft.EntityFrameworkCore.Database.Command[20100]
      Executing DbCommand [Parameters=[], CommandType='Text', CommandTimeout='30']
      SELECT e."Id", e."CreatedAt", e."DisplayOrder", e."IsActive", e."LinkType", e."SourceExerciseId", e."TargetExerciseId", e."UpdatedAt"
      FROM "ExerciseLinks" AS e
info: Microsoft.EntityFrameworkCore.Database.Command[20101]
      Executed DbCommand (0ms) [Parameters=[], CommandType='Text', CommandTimeout='30']
      SELECT e."Id", e."CreatedAt", e."DisplayOrder", e."IsActive", e."LinkType", e."SourceExerciseId", e."TargetExerciseId", e."UpdatedAt"
      FROM "ExerciseLinks" AS e
info: 7/12/2025 16:16:36.180 RelationalEventId.CommandExecuted[20101] (Microsoft.EntityFrameworkCore.Database.Command) 
      Executed DbCommand (0ms) [Parameters=[], CommandType='Text', CommandTimeout='30']
      SELECT e."Id", e."CreatedAt", e."DisplayOrder", e."IsActive", e."LinkType", e."SourceExerciseId", e."TargetExerciseId", e."UpdatedAt"
      FROM "ExerciseLinks" AS e
dbug: Microsoft.EntityFrameworkCore.Database.Command[20301]
      Closing data reader to 'bddtestdb' on server 'tcp://127.0.0.1:33518'.
dbug: Microsoft.EntityFrameworkCore.Database.Command[20300]
      A data reader for 'bddtestdb' on server 'tcp://127.0.0.1:33518' is being disposed after spending 0ms reading results.
dbug: Microsoft.EntityFrameworkCore.Database.Command[20103]
      Creating DbCommand for 'ExecuteReader'.
dbug: Microsoft.EntityFrameworkCore.Database.Command[20104]
      Created DbCommand for 'ExecuteReader' (0ms).
dbug: Microsoft.EntityFrameworkCore.Database.Command[20106]
      Initialized DbCommand for 'ExecuteReader' (0ms).
dbug: Microsoft.EntityFrameworkCore.Database.Command[20100]
      Executing DbCommand [Parameters=[], CommandType='Text', CommandTimeout='30']
      SELECT e."Id", e."Description", e."DifficultyId", e."ExerciseWeightTypeId", e."ImageUrl", e."IsActive", e."IsUnilateral", e."KineticChainId", e."Name", e."VideoUrl"
      FROM "Exercises" AS e
info: Microsoft.EntityFrameworkCore.Database.Command[20101]
      Executed DbCommand (0ms) [Parameters=[], CommandType='Text', CommandTimeout='30']
      SELECT e."Id", e."Description", e."DifficultyId", e."ExerciseWeightTypeId", e."ImageUrl", e."IsActive", e."IsUnilateral", e."KineticChainId", e."Name", e."VideoUrl"
      FROM "Exercises" AS e
info: 7/12/2025 16:16:36.181 RelationalEventId.CommandExecuted[20101] (Microsoft.EntityFrameworkCore.Database.Command) 
      Executed DbCommand (0ms) [Parameters=[], CommandType='Text', CommandTimeout='30']
      SELECT e."Id", e."Description", e."DifficultyId", e."ExerciseWeightTypeId", e."ImageUrl", e."IsActive", e."IsUnilateral", e."KineticChainId", e."Name", e."VideoUrl"
      FROM "Exercises" AS e
dbug: Microsoft.EntityFrameworkCore.Database.Command[20301]
      Closing data reader to 'bddtestdb' on server 'tcp://127.0.0.1:33518'.
dbug: Microsoft.EntityFrameworkCore.Database.Command[20300]
      A data reader for 'bddtestdb' on server 'tcp://127.0.0.1:33518' is being disposed after spending 0ms reading results.
dbug: Microsoft.EntityFrameworkCore.Database.Command[20103]
      Creating DbCommand for 'ExecuteReader'.
dbug: Microsoft.EntityFrameworkCore.Database.Command[20104]
      Created DbCommand for 'ExecuteReader' (0ms).
dbug: Microsoft.EntityFrameworkCore.Database.Command[20106]
      Initialized DbCommand for 'ExecuteReader' (0ms).
dbug: Microsoft.EntityFrameworkCore.Database.Command[20100]
      Executing DbCommand [Parameters=[], CommandType='Text', CommandTimeout='30']
      SELECT e."Id", e."CreatedAt", e."DisplayOrder", e."IsActive", e."LinkType", e."SourceExerciseId", e."TargetExerciseId", e."UpdatedAt"
      FROM "ExerciseLinks" AS e
info: Microsoft.EntityFrameworkCore.Database.Command[20101]
      Executed DbCommand (0ms) [Parameters=[], CommandType='Text', CommandTimeout='30']
      SELECT e."Id", e."CreatedAt", e."DisplayOrder", e."IsActive", e."LinkType", e."SourceExerciseId", e."TargetExerciseId", e."UpdatedAt"
      FROM "ExerciseLinks" AS e
info: 7/12/2025 16:16:36.183 RelationalEventId.CommandExecuted[20101] (Microsoft.EntityFrameworkCore.Database.Command) 
      Executed DbCommand (0ms) [Parameters=[], CommandType='Text', CommandTimeout='30']
      SELECT e."Id", e."CreatedAt", e."DisplayOrder", e."IsActive", e."LinkType", e."SourceExerciseId", e."TargetExerciseId", e."UpdatedAt"
      FROM "ExerciseLinks" AS e
dbug: Microsoft.EntityFrameworkCore.Database.Command[20301]
      Closing data reader to 'bddtestdb' on server 'tcp://127.0.0.1:33518'.
dbug: Microsoft.EntityFrameworkCore.Database.Command[20300]
      A data reader for 'bddtestdb' on server 'tcp://127.0.0.1:33518' is being disposed after spending 0ms reading results.
dbug: Microsoft.EntityFrameworkCore.Database.Command[20103]
      Creating DbCommand for 'ExecuteReader'.
dbug: Microsoft.EntityFrameworkCore.Database.Command[20104]
      Created DbCommand for 'ExecuteReader' (0ms).
dbug: Microsoft.EntityFrameworkCore.Database.Command[20106]
      Initialized DbCommand for 'ExecuteReader' (0ms).
dbug: Microsoft.EntityFrameworkCore.Database.Command[20100]
      Executing DbCommand [Parameters=[], CommandType='Text', CommandTimeout='30']
      SELECT e."Id", e."Description", e."DifficultyId", e."ExerciseWeightTypeId", e."ImageUrl", e."IsActive", e."IsUnilateral", e."KineticChainId", e."Name", e."VideoUrl"
      FROM "Exercises" AS e
info: Microsoft.EntityFrameworkCore.Database.Command[20101]
      Executed DbCommand (0ms) [Parameters=[], CommandType='Text', CommandTimeout='30']
      SELECT e."Id", e."Description", e."DifficultyId", e."ExerciseWeightTypeId", e."ImageUrl", e."IsActive", e."IsUnilateral", e."KineticChainId", e."Name", e."VideoUrl"
      FROM "Exercises" AS e
info: 7/12/2025 16:16:36.183 RelationalEventId.CommandExecuted[20101] (Microsoft.EntityFrameworkCore.Database.Command) 
      Executed DbCommand (0ms) [Parameters=[], CommandType='Text', CommandTimeout='30']
      SELECT e."Id", e."Description", e."DifficultyId", e."ExerciseWeightTypeId", e."ImageUrl", e."IsActive", e."IsUnilateral", e."KineticChainId", e."Name", e."VideoUrl"
      FROM "Exercises" AS e
dbug: Microsoft.EntityFrameworkCore.Database.Command[20301]
      Closing data reader to 'bddtestdb' on server 'tcp://127.0.0.1:33518'.
dbug: Microsoft.EntityFrameworkCore.Database.Command[20300]
      A data reader for 'bddtestdb' on server 'tcp://127.0.0.1:33518' is being disposed after spending 0ms reading results.
dbug: Microsoft.EntityFrameworkCore.Database.Command[20103]
      Creating DbCommand for 'ExecuteScalar'.
dbug: Microsoft.EntityFrameworkCore.Database.Command[20104]
      Created DbCommand for 'ExecuteScalar' (0ms).
dbug: Microsoft.EntityFrameworkCore.Database.Command[20106]
      Initialized DbCommand for 'ExecuteScalar' (0ms).
dbug: Microsoft.EntityFrameworkCore.Database.Command[20100]
      Executing DbCommand [Parameters=[], CommandType='Text', CommandTimeout='30']
      SELECT CASE WHEN COUNT(*) = 0 THEN FALSE ELSE TRUE END
      FROM pg_class AS cls
      JOIN pg_namespace AS ns ON ns.oid = cls.relnamespace
      WHERE
              cls.relkind IN ('r', 'v', 'm', 'f', 'p') AND
              ns.nspname NOT IN ('pg_catalog', 'information_schema') AND
              -- Exclude tables which are members of PG extensions
              NOT EXISTS (
                  SELECT 1 FROM pg_depend WHERE
                      classid=(
                          SELECT cls.oid
                          FROM pg_class AS cls
                                   JOIN pg_namespace AS ns ON ns.oid = cls.relnamespace
                          WHERE relname='pg_class' AND ns.nspname='pg_catalog'
                      ) AND
                      objid=cls.oid AND
                      deptype IN ('e', 'x')
              )
info: Microsoft.EntityFrameworkCore.Database.Command[20101]
      Executed DbCommand (1ms) [Parameters=[], CommandType='Text', CommandTimeout='30']
      SELECT CASE WHEN COUNT(*) = 0 THEN FALSE ELSE TRUE END
      FROM pg_class AS cls
      JOIN pg_namespace AS ns ON ns.oid = cls.relnamespace
      WHERE
              cls.relkind IN ('r', 'v', 'm', 'f', 'p') AND
              ns.nspname NOT IN ('pg_catalog', 'information_schema') AND
              -- Exclude tables which are members of PG extensions
              NOT EXISTS (
                  SELECT 1 FROM pg_depend WHERE
                      classid=(
                          SELECT cls.oid
                          FROM pg_class AS cls
                                   JOIN pg_namespace AS ns ON ns.oid = cls.relnamespace
                          WHERE relname='pg_class' AND ns.nspname='pg_catalog'
                      ) AND
                      objid=cls.oid AND
                      deptype IN ('e', 'x')
              )
info: 7/12/2025 16:16:36.187 RelationalEventId.CommandExecuted[20101] (Microsoft.EntityFrameworkCore.Database.Command) 
      Executed DbCommand (1ms) [Parameters=[], CommandType='Text', CommandTimeout='30']
      SELECT CASE WHEN COUNT(*) = 0 THEN FALSE ELSE TRUE END
      FROM pg_class AS cls
      JOIN pg_namespace AS ns ON ns.oid = cls.relnamespace
      WHERE
              cls.relkind IN ('r', 'v', 'm', 'f', 'p') AND
              ns.nspname NOT IN ('pg_catalog', 'information_schema') AND
              -- Exclude tables which are members of PG extensions
              NOT EXISTS (
                  SELECT 1 FROM pg_depend WHERE
                      classid=(
                          SELECT cls.oid
                          FROM pg_class AS cls
                                   JOIN pg_namespace AS ns ON ns.oid = cls.relnamespace
                          WHERE relname='pg_class' AND ns.nspname='pg_catalog'
                      ) AND
                      objid=cls.oid AND
                      deptype IN ('e', 'x')
              )
dbug: Microsoft.EntityFrameworkCore.Database.Command[20103]
      Creating DbCommand for 'ExecuteReader'.
dbug: Microsoft.EntityFrameworkCore.Database.Command[20104]
      Created DbCommand for 'ExecuteReader' (0ms).
dbug: Microsoft.EntityFrameworkCore.Database.Command[20106]
      Initialized DbCommand for 'ExecuteReader' (0ms).
dbug: Microsoft.EntityFrameworkCore.Database.Command[20100]
      Executing DbCommand [Parameters=[], CommandType='Text', CommandTimeout='30']
      SELECT EXISTS (
          SELECT 1
          FROM "BodyParts" AS b)
info: Microsoft.EntityFrameworkCore.Database.Command[20101]
      Executed DbCommand (0ms) [Parameters=[], CommandType='Text', CommandTimeout='30']
      SELECT EXISTS (
          SELECT 1
          FROM "BodyParts" AS b)
info: 7/12/2025 16:16:36.188 RelationalEventId.CommandExecuted[20101] (Microsoft.EntityFrameworkCore.Database.Command) 
      Executed DbCommand (0ms) [Parameters=[], CommandType='Text', CommandTimeout='30']
      SELECT EXISTS (
          SELECT 1
          FROM "BodyParts" AS b)
dbug: Microsoft.EntityFrameworkCore.Database.Command[20301]
      Closing data reader to 'bddtestdb' on server 'tcp://127.0.0.1:33518'.
dbug: Microsoft.EntityFrameworkCore.Database.Command[20300]
      A data reader for 'bddtestdb' on server 'tcp://127.0.0.1:33518' is being disposed after spending 0ms reading results.
dbug: Microsoft.EntityFrameworkCore.Database.Command[20103]
      Creating DbCommand for 'ExecuteReader'.
dbug: Microsoft.EntityFrameworkCore.Database.Command[20104]
      Created DbCommand for 'ExecuteReader' (0ms).
dbug: Microsoft.EntityFrameworkCore.Database.Command[20106]
      Initialized DbCommand for 'ExecuteReader' (0ms).
dbug: Microsoft.EntityFrameworkCore.Database.Command[20100]
      Executing DbCommand [Parameters=[], CommandType='Text', CommandTimeout='30']
      SELECT e."Id", e."CreatedAt", e."DisplayOrder", e."IsActive", e."LinkType", e."SourceExerciseId", e."TargetExerciseId", e."UpdatedAt"
      FROM "ExerciseLinks" AS e
info: Microsoft.EntityFrameworkCore.Database.Command[20101]
      Executed DbCommand (0ms) [Parameters=[], CommandType='Text', CommandTimeout='30']
      SELECT e."Id", e."CreatedAt", e."DisplayOrder", e."IsActive", e."LinkType", e."SourceExerciseId", e."TargetExerciseId", e."UpdatedAt"
      FROM "ExerciseLinks" AS e
info: 7/12/2025 16:16:36.193 RelationalEventId.CommandExecuted[20101] (Microsoft.EntityFrameworkCore.Database.Command) 
      Executed DbCommand (0ms) [Parameters=[], CommandType='Text', CommandTimeout='30']
      SELECT e."Id", e."CreatedAt", e."DisplayOrder", e."IsActive", e."LinkType", e."SourceExerciseId", e."TargetExerciseId", e."UpdatedAt"
      FROM "ExerciseLinks" AS e
dbug: Microsoft.EntityFrameworkCore.Database.Command[20301]
      Closing data reader to 'bddtestdb' on server 'tcp://127.0.0.1:33518'.
dbug: Microsoft.EntityFrameworkCore.Database.Command[20300]
      A data reader for 'bddtestdb' on server 'tcp://127.0.0.1:33518' is being disposed after spending 0ms reading results.
dbug: Microsoft.EntityFrameworkCore.Database.Command[20103]
      Creating DbCommand for 'ExecuteReader'.
dbug: Microsoft.EntityFrameworkCore.Database.Command[20104]
      Created DbCommand for 'ExecuteReader' (0ms).
dbug: Microsoft.EntityFrameworkCore.Database.Command[20106]
      Initialized DbCommand for 'ExecuteReader' (0ms).
dbug: Microsoft.EntityFrameworkCore.Database.Command[20100]
      Executing DbCommand [Parameters=[], CommandType='Text', CommandTimeout='30']
      SELECT e."Id", e."Description", e."DifficultyId", e."ExerciseWeightTypeId", e."ImageUrl", e."IsActive", e."IsUnilateral", e."KineticChainId", e."Name", e."VideoUrl"
      FROM "Exercises" AS e
info: Microsoft.EntityFrameworkCore.Database.Command[20101]
      Executed DbCommand (0ms) [Parameters=[], CommandType='Text', CommandTimeout='30']
      SELECT e."Id", e."Description", e."DifficultyId", e."ExerciseWeightTypeId", e."ImageUrl", e."IsActive", e."IsUnilateral", e."KineticChainId", e."Name", e."VideoUrl"
      FROM "Exercises" AS e
info: 7/12/2025 16:16:36.193 RelationalEventId.CommandExecuted[20101] (Microsoft.EntityFrameworkCore.Database.Command) 
      Executed DbCommand (0ms) [Parameters=[], CommandType='Text', CommandTimeout='30']
      SELECT e."Id", e."Description", e."DifficultyId", e."ExerciseWeightTypeId", e."ImageUrl", e."IsActive", e."IsUnilateral", e."KineticChainId", e."Name", e."VideoUrl"
      FROM "Exercises" AS e
dbug: Microsoft.EntityFrameworkCore.Database.Command[20301]
      Closing data reader to 'bddtestdb' on server 'tcp://127.0.0.1:33518'.
dbug: Microsoft.EntityFrameworkCore.Database.Command[20300]
      A data reader for 'bddtestdb' on server 'tcp://127.0.0.1:33518' is being disposed after spending 0ms reading results.
-&gt; #XW001: Completed feature: Database Connection
[testcontainers.org 00:00:03.92] Delete Docker container 5ccf03be248a
dbug: Microsoft.EntityFrameworkCore.Database.Command[20103]
      Creating DbCommand for 'ExecuteReader'.
dbug: Microsoft.EntityFrameworkCore.Database.Command[20104]
      Created DbCommand for 'ExecuteReader' (0ms).
dbug: Microsoft.EntityFrameworkCore.Database.Command[20106]
      Initialized DbCommand for 'ExecuteReader' (0ms).
dbug: Microsoft.EntityFrameworkCore.Database.Command[20100]
      Executing DbCommand [Parameters=[], CommandType='Text', CommandTimeout='30']
      SELECT d."Id", d."Description", d."DisplayOrder", d."IsActive", d."Value"
      FROM "DifficultyLevels" AS d
      WHERE d."IsActive"
      ORDER BY d."DisplayOrder"
info: Microsoft.EntityFrameworkCore.Database.Command[20101]
      Executed DbCommand (2ms) [Parameters=[], CommandType='Text', CommandTimeout='30']
      SELECT d."Id", d."Description", d."DisplayOrder", d."IsActive", d."Value"
      FROM "DifficultyLevels" AS d
      WHERE d."IsActive"
      ORDER BY d."DisplayOrder"
info: 7/12/2025 16:16:36.217 RelationalEventId.CommandExecuted[20101] (Microsoft.EntityFrameworkCore.Database.Command) 
      Executed DbCommand (2ms) [Parameters=[], CommandType='Text', CommandTimeout='30']
      SELECT d."Id", d."Description", d."DisplayOrder", d."IsActive", d."Value"
      FROM "DifficultyLevels" AS d
      WHERE d."IsActive"
      ORDER BY d."DisplayOrder"
dbug: Microsoft.EntityFrameworkCore.Database.Command[20301]
      Closing data reader to 'bddtestdb' on server 'tcp://127.0.0.1:33517'.
dbug: Microsoft.EntityFrameworkCore.Database.Command[20300]
      A data reader for 'bddtestdb' on server 'tcp://127.0.0.1:33517' is being disposed after spending 4ms reading results.
dbug: Microsoft.EntityFrameworkCore.Database.Command[20103]
      Creating DbCommand for 'ExecuteReader'.
dbug: Microsoft.EntityFrameworkCore.Database.Command[20104]
      Created DbCommand for 'ExecuteReader' (0ms).
dbug: Microsoft.EntityFrameworkCore.Database.Command[20106]
      Initialized DbCommand for 'ExecuteReader' (0ms).
dbug: Microsoft.EntityFrameworkCore.Database.Command[20100]
      Executing DbCommand [Parameters=[@__p_0='8a8adb1d-24d2-4979-a5a6-0d760e6da24b' (Nullable = true)], CommandType='Text', CommandTimeout='30']
      SELECT d."Id", d."Description", d."DisplayOrder", d."IsActive", d."Value"
      FROM "DifficultyLevels" AS d
      WHERE d."Id" = @__p_0
      LIMIT 1
info: Microsoft.EntityFrameworkCore.Database.Command[20101]
      Executed DbCommand (4ms) [Parameters=[@__p_0='8a8adb1d-24d2-4979-a5a6-0d760e6da24b' (Nullable = true)], CommandType='Text', CommandTimeout='30']
      SELECT d."Id", d."Description", d."DisplayOrder", d."IsActive", d."Value"
      FROM "DifficultyLevels" AS d
      WHERE d."Id" = @__p_0
      LIMIT 1
info: 7/12/2025 16:16:36.276 RelationalEventId.CommandExecuted[20101] (Microsoft.EntityFrameworkCore.Database.Command) 
      Executed DbCommand (4ms) [Parameters=[@__p_0='8a8adb1d-24d2-4979-a5a6-0d760e6da24b' (Nullable = true)], CommandType='Text', CommandTimeout='30']
      SELECT d."Id", d."Description", d."DisplayOrder", d."IsActive", d."Value"
      FROM "DifficultyLevels" AS d
      WHERE d."Id" = @__p_0
      LIMIT 1
dbug: Microsoft.EntityFrameworkCore.Database.Command[20301]
      Closing data reader to 'bddtestdb' on server 'tcp://127.0.0.1:33517'.
dbug: Microsoft.EntityFrameworkCore.Database.Command[20300]
      A data reader for 'bddtestdb' on server 'tcp://127.0.0.1:33517' is being disposed after spending 0ms reading results.
Scenario failed: Get difficulty level by valid ID
Error: Expected actualValue to be "&lt;firstDifficultyLevel.id&gt;" with a length of 25 because expected property 'id' to have value '&lt;firstDifficultyLevel.id&gt;' but got 'difficultylevel-8a8adb1d-24d2-4979-a5a6-0d760e6da24b', but "difficultylevel-8a8adb1d-24d2-4979-a5a6-0d760e6da24b" has a length of 52, differs near "dif" (index 0).
Stack Trace:    at FluentAssertions.Execution.XUnit2TestFramework.Throw(String message)
   at FluentAssertions.Execution.TestFrameworkProvider.Throw(String message)
   at FluentAssertions.Execution.DefaultAssertionStrategy.HandleFailure(String message)
   at FluentAssertions.Execution.AssertionScope.FailWith(Func`1 failReasonFunc)
   at FluentAssertions.Execution.AssertionScope.FailWith(Func`1 failReasonFunc)
   at FluentAssertions.Primitives.StringEqualityValidator.ValidateAgainstLengthDifferences()
   at FluentAssertions.Primitives.StringValidator.Validate()
   at FluentAssertions.Primitives.StringAssertions`1.Be(String expected, String because, Object[] becauseArgs)
   at GetFitterGetBigger.API.IntegrationTests.StepDefinitions.Api.ResponseSteps.ThenTheResponseShouldHavePropertyWithValue(String jsonPath, String expectedValue) in /home/esqueleto/myWork/GetFitterGetBigger/GetFitterGetBigger.API/GetFitterGetBigger.API.IntegrationTests/StepDefinitions/Api/ResponseSteps.cs:line 80
   at System.RuntimeMethodHandle.InvokeMethod(Object target, Void** arguments, Signature sig, Boolean isConstructor)
   at System.Reflection.MethodBaseInvoker.InvokeDirectByRefWithFewArgs(Object obj, Span`1 copyOfArgs, BindingFlags invokeAttr)
--- End of stack trace from previous location ---
   at TechTalk.SpecFlow.Bindings.BindingInvoker.InvokeBindingAsync(IBinding binding, IContextManager contextManager, Object[] arguments, ITestTracer testTracer, DurationHolder durationHolder)
   at TechTalk.SpecFlow.Infrastructure.TestExecutionEngine.ExecuteStepMatchAsync(BindingMatch match, Object[] arguments, DurationHolder durationHolder)
   at TechTalk.SpecFlow.Infrastructure.TestExecutionEngine.ExecuteStepAsync(IContextManager contextManager, StepInstance stepInstance)
   at TechTalk.SpecFlow.Infrastructure.TestExecutionEngine.OnAfterLastStepAsync()
   at TechTalk.SpecFlow.TestRunner.CollectScenarioErrorsAsync()
   at GetFitterGetBigger.API.IntegrationTests.Features.ReferenceData.DifficultyLevelsReferenceDataFeature.ScenarioCleanupAsync() in /home/esqueleto/myWork/GetFitterGetBigger/GetFitterGetBigger.API/GetFitterGetBigger.API.IntegrationTests/Features/ReferenceData/DifficultyLevels.feature.cs:line 74
   at GetFitterGetBigger.API.IntegrationTests.Features.ReferenceData.DifficultyLevelsReferenceDataFeature.GetDifficultyLevelByValidID() in /home/esqueleto/myWork/GetFitterGetBigger/GetFitterGetBigger.API/GetFitterGetBigger.API.IntegrationTests/Features/ReferenceData/DifficultyLevels.feature.cs:line 150
   at Xunit.Sdk.TestInvoker`1.&lt;&gt;c__DisplayClass47_0.&lt;&lt;InvokeTestMethodAsync&gt;b__1&gt;d.MoveNext() in /_/src/xunit.execution/Sdk/Frameworks/Runners/TestInvoker.cs:line 259
--- End of stack trace from previous location ---
   at Xunit.Sdk.ExecutionTimer.AggregateAsync(Func`1 asyncAction) in /_/src/xunit.execution/Sdk/Frameworks/ExecutionTimer.cs:line 48
   at Xunit.Sdk.ExceptionAggregator.RunAsync(Func`1 code) in /_/src/xunit.core/Sdk/ExceptionAggregator.cs:line 90
dbug: Microsoft.EntityFrameworkCore.Database.Command[20103]
      Creating DbCommand for 'ExecuteReader'.
dbug: Microsoft.EntityFrameworkCore.Database.Command[20104]
      Created DbCommand for 'ExecuteReader' (0ms).
dbug: Microsoft.EntityFrameworkCore.Database.Command[20106]
      Initialized DbCommand for 'ExecuteReader' (0ms).
dbug: Microsoft.EntityFrameworkCore.Database.Command[20100]
      Executing DbCommand [Parameters=[], CommandType='Text', CommandTimeout='30']
      SELECT e."Id", e."CreatedAt", e."DisplayOrder", e."IsActive", e."LinkType", e."SourceExerciseId", e."TargetExerciseId", e."UpdatedAt"
      FROM "ExerciseLinks" AS e
info: Microsoft.EntityFrameworkCore.Database.Command[20101]
      Executed DbCommand (1ms) [Parameters=[], CommandType='Text', CommandTimeout='30']
      SELECT e."Id", e."CreatedAt", e."DisplayOrder", e."IsActive", e."LinkType", e."SourceExerciseId", e."TargetExerciseId", e."UpdatedAt"
      FROM "ExerciseLinks" AS e
info: 7/12/2025 16:16:36.317 RelationalEventId.CommandExecuted[20101] (Microsoft.EntityFrameworkCore.Database.Command) 
      Executed DbCommand (1ms) [Parameters=[], CommandType='Text', CommandTimeout='30']
      SELECT e."Id", e."CreatedAt", e."DisplayOrder", e."IsActive", e."LinkType", e."SourceExerciseId", e."TargetExerciseId", e."UpdatedAt"
      FROM "ExerciseLinks" AS e
dbug: Microsoft.EntityFrameworkCore.Database.Command[20301]
      Closing data reader to 'bddtestdb' on server 'tcp://127.0.0.1:33517'.
dbug: Microsoft.EntityFrameworkCore.Database.Command[20300]
      A data reader for 'bddtestdb' on server 'tcp://127.0.0.1:33517' is being disposed after spending 0ms reading results.
dbug: Microsoft.EntityFrameworkCore.Database.Command[20103]
      Creating DbCommand for 'ExecuteReader'.
dbug: Microsoft.EntityFrameworkCore.Database.Command[20104]
      Created DbCommand for 'ExecuteReader' (0ms).
dbug: Microsoft.EntityFrameworkCore.Database.Command[20106]
      Initialized DbCommand for 'ExecuteReader' (0ms).
dbug: Microsoft.EntityFrameworkCore.Database.Command[20100]
      Executing DbCommand [Parameters=[], CommandType='Text', CommandTimeout='30']
      SELECT e."Id", e."Description", e."DifficultyId", e."ExerciseWeightTypeId", e."ImageUrl", e."IsActive", e."IsUnilateral", e."KineticChainId", e."Name", e."VideoUrl"
      FROM "Exercises" AS e
info: Microsoft.EntityFrameworkCore.Database.Command[20101]
      Executed DbCommand (0ms) [Parameters=[], CommandType='Text', CommandTimeout='30']
      SELECT e."Id", e."Description", e."DifficultyId", e."ExerciseWeightTypeId", e."ImageUrl", e."IsActive", e."IsUnilateral", e."KineticChainId", e."Name", e."VideoUrl"
      FROM "Exercises" AS e
info: 7/12/2025 16:16:36.318 RelationalEventId.CommandExecuted[20101] (Microsoft.EntityFrameworkCore.Database.Command) 
      Executed DbCommand (0ms) [Parameters=[], CommandType='Text', CommandTimeout='30']
      SELECT e."Id", e."Description", e."DifficultyId", e."ExerciseWeightTypeId", e."ImageUrl", e."IsActive", e."IsUnilateral", e."KineticChainId", e."Name", e."VideoUrl"
      FROM "Exercises" AS e
dbug: Microsoft.EntityFrameworkCore.Database.Command[20301]
      Closing data reader to 'bddtestdb' on server 'tcp://127.0.0.1:33517'.
dbug: Microsoft.EntityFrameworkCore.Database.Command[20300]
      A data reader for 'bddtestdb' on server 'tcp://127.0.0.1:33517' is being disposed after spending 0ms reading results.
dbug: Microsoft.EntityFrameworkCore.Database.Command[20103]
      Creating DbCommand for 'ExecuteReader'.
dbug: Microsoft.EntityFrameworkCore.Database.Command[20104]
      Created DbCommand for 'ExecuteReader' (0ms).
dbug: Microsoft.EntityFrameworkCore.Database.Command[20106]
      Initialized DbCommand for 'ExecuteReader' (0ms).
dbug: Microsoft.EntityFrameworkCore.Database.Command[20100]
      Executing DbCommand [Parameters=[], CommandType='Text', CommandTimeout='30']
      SELECT e."Id", e."CreatedAt", e."DisplayOrder", e."IsActive", e."LinkType", e."SourceExerciseId", e."TargetExerciseId", e."UpdatedAt"
      FROM "ExerciseLinks" AS e
info: Microsoft.EntityFrameworkCore.Database.Command[20101]
      Executed DbCommand (0ms) [Parameters=[], CommandType='Text', CommandTimeout='30']
      SELECT e."Id", e."CreatedAt", e."DisplayOrder", e."IsActive", e."LinkType", e."SourceExerciseId", e."TargetExerciseId", e."UpdatedAt"
      FROM "ExerciseLinks" AS e
info: 7/12/2025 16:16:36.319 RelationalEventId.CommandExecuted[20101] (Microsoft.EntityFrameworkCore.Database.Command) 
      Executed DbCommand (0ms) [Parameters=[], CommandType='Text', CommandTimeout='30']
      SELECT e."Id", e."CreatedAt", e."DisplayOrder", e."IsActive", e."LinkType", e."SourceExerciseId", e."TargetExerciseId", e."UpdatedAt"
      FROM "ExerciseLinks" AS e
dbug: Microsoft.EntityFrameworkCore.Database.Command[20301]
      Closing data reader to 'bddtestdb' on server 'tcp://127.0.0.1:33517'.
dbug: Microsoft.EntityFrameworkCore.Database.Command[20300]
      A data reader for 'bddtestdb' on server 'tcp://127.0.0.1:33517' is being disposed after spending 0ms reading results.
dbug: Microsoft.EntityFrameworkCore.Database.Command[20103]
      Creating DbCommand for 'ExecuteReader'.
dbug: Microsoft.EntityFrameworkCore.Database.Command[20104]
      Created DbCommand for 'ExecuteReader' (0ms).
dbug: Microsoft.EntityFrameworkCore.Database.Command[20106]
      Initialized DbCommand for 'ExecuteReader' (0ms).
dbug: Microsoft.EntityFrameworkCore.Database.Command[20100]
      Executing DbCommand [Parameters=[], CommandType='Text', CommandTimeout='30']
      SELECT e."Id", e."Description", e."DifficultyId", e."ExerciseWeightTypeId", e."ImageUrl", e."IsActive", e."IsUnilateral", e."KineticChainId", e."Name", e."VideoUrl"
      FROM "Exercises" AS e
info: Microsoft.EntityFrameworkCore.Database.Command[20101]
      Executed DbCommand (0ms) [Parameters=[], CommandType='Text', CommandTimeout='30']
      SELECT e."Id", e."Description", e."DifficultyId", e."ExerciseWeightTypeId", e."ImageUrl", e."IsActive", e."IsUnilateral", e."KineticChainId", e."Name", e."VideoUrl"
      FROM "Exercises" AS e
info: 7/12/2025 16:16:36.319 RelationalEventId.CommandExecuted[20101] (Microsoft.EntityFrameworkCore.Database.Command) 
      Executed DbCommand (0ms) [Parameters=[], CommandType='Text', CommandTimeout='30']
      SELECT e."Id", e."Description", e."DifficultyId", e."ExerciseWeightTypeId", e."ImageUrl", e."IsActive", e."IsUnilateral", e."KineticChainId", e."Name", e."VideoUrl"
      FROM "Exercises" AS e
dbug: Microsoft.EntityFrameworkCore.Database.Command[20301]
      Closing data reader to 'bddtestdb' on server 'tcp://127.0.0.1:33517'.
dbug: Microsoft.EntityFrameworkCore.Database.Command[20300]
      A data reader for 'bddtestdb' on server 'tcp://127.0.0.1:33517' is being disposed after spending 0ms reading results.
dbug: Microsoft.EntityFrameworkCore.Database.Command[20103]
      Creating DbCommand for 'ExecuteScalar'.
dbug: Microsoft.EntityFrameworkCore.Database.Command[20104]
      Created DbCommand for 'ExecuteScalar' (0ms).
dbug: Microsoft.EntityFrameworkCore.Database.Command[20106]
      Initialized DbCommand for 'ExecuteScalar' (0ms).
dbug: Microsoft.EntityFrameworkCore.Database.Command[20100]
      Executing DbCommand [Parameters=[], CommandType='Text', CommandTimeout='30']
      SELECT CASE WHEN COUNT(*) = 0 THEN FALSE ELSE TRUE END
      FROM pg_class AS cls
      JOIN pg_namespace AS ns ON ns.oid = cls.relnamespace
      WHERE
              cls.relkind IN ('r', 'v', 'm', 'f', 'p') AND
              ns.nspname NOT IN ('pg_catalog', 'information_schema') AND
              -- Exclude tables which are members of PG extensions
              NOT EXISTS (
                  SELECT 1 FROM pg_depend WHERE
                      classid=(
                          SELECT cls.oid
                          FROM pg_class AS cls
                                   JOIN pg_namespace AS ns ON ns.oid = cls.relnamespace
                          WHERE relname='pg_class' AND ns.nspname='pg_catalog'
                      ) AND
                      objid=cls.oid AND
                      deptype IN ('e', 'x')
              )
info: Microsoft.EntityFrameworkCore.Database.Command[20101]
      Executed DbCommand (1ms) [Parameters=[], CommandType='Text', CommandTimeout='30']
      SELECT CASE WHEN COUNT(*) = 0 THEN FALSE ELSE TRUE END
      FROM pg_class AS cls
      JOIN pg_namespace AS ns ON ns.oid = cls.relnamespace
      WHERE
              cls.relkind IN ('r', 'v', 'm', 'f', 'p') AND
              ns.nspname NOT IN ('pg_catalog', 'information_schema') AND
              -- Exclude tables which are members of PG extensions
              NOT EXISTS (
                  SELECT 1 FROM pg_depend WHERE
                      classid=(
                          SELECT cls.oid
                          FROM pg_class AS cls
                                   JOIN pg_namespace AS ns ON ns.oid = cls.relnamespace
                          WHERE relname='pg_class' AND ns.nspname='pg_catalog'
                      ) AND
                      objid=cls.oid AND
                      deptype IN ('e', 'x')
              )
info: 7/12/2025 16:16:36.323 RelationalEventId.CommandExecuted[20101] (Microsoft.EntityFrameworkCore.Database.Command) 
      Executed DbCommand (1ms) [Parameters=[], CommandType='Text', CommandTimeout='30']
      SELECT CASE WHEN COUNT(*) = 0 THEN FALSE ELSE TRUE END
      FROM pg_class AS cls
      JOIN pg_namespace AS ns ON ns.oid = cls.relnamespace
      WHERE
              cls.relkind IN ('r', 'v', 'm', 'f', 'p') AND
              ns.nspname NOT IN ('pg_catalog', 'information_schema') AND
              -- Exclude tables which are members of PG extensions
              NOT EXISTS (
                  SELECT 1 FROM pg_depend WHERE
                      classid=(
                          SELECT cls.oid
                          FROM pg_class AS cls
                                   JOIN pg_namespace AS ns ON ns.oid = cls.relnamespace
                          WHERE relname='pg_class' AND ns.nspname='pg_catalog'
                      ) AND
                      objid=cls.oid AND
                      deptype IN ('e', 'x')
              )
dbug: Microsoft.EntityFrameworkCore.Database.Command[20103]
      Creating DbCommand for 'ExecuteReader'.
dbug: Microsoft.EntityFrameworkCore.Database.Command[20104]
      Created DbCommand for 'ExecuteReader' (0ms).
dbug: Microsoft.EntityFrameworkCore.Database.Command[20106]
      Initialized DbCommand for 'ExecuteReader' (0ms).
dbug: Microsoft.EntityFrameworkCore.Database.Command[20100]
      Executing DbCommand [Parameters=[], CommandType='Text', CommandTimeout='30']
      SELECT EXISTS (
          SELECT 1
          FROM "BodyParts" AS b)
info: Microsoft.EntityFrameworkCore.Database.Command[20101]
      Executed DbCommand (0ms) [Parameters=[], CommandType='Text', CommandTimeout='30']
      SELECT EXISTS (
          SELECT 1
          FROM "BodyParts" AS b)
info: 7/12/2025 16:16:36.323 RelationalEventId.CommandExecuted[20101] (Microsoft.EntityFrameworkCore.Database.Command) 
      Executed DbCommand (0ms) [Parameters=[], CommandType='Text', CommandTimeout='30']
      SELECT EXISTS (
          SELECT 1
          FROM "BodyParts" AS b)
dbug: Microsoft.EntityFrameworkCore.Database.Command[20301]
      Closing data reader to 'bddtestdb' on server 'tcp://127.0.0.1:33517'.
dbug: Microsoft.EntityFrameworkCore.Database.Command[20300]
      A data reader for 'bddtestdb' on server 'tcp://127.0.0.1:33517' is being disposed after spending 0ms reading results.
[xUnit.net 00:00:04.37]       Expected actualValue to be "&lt;firstDifficultyLevel.id&gt;" with a length of 25 because expected property 'id' to have value '&lt;firstDifficultyLevel.id&gt;' but got 'difficultylevel-8a8adb1d-24d2-4979-a5a6-0d760e6da24b', but "difficultylevel-8a8adb1d-24d2-4979-a5a6-0d760e6da24b" has a length of 52, differs near "dif" (index 0).
[xUnit.net 00:00:04.37]       Stack Trace:
[xUnit.net 00:00:04.37]            at FluentAssertions.Execution.XUnit2TestFramework.Throw(String message)
[xUnit.net 00:00:04.37]            at FluentAssertions.Execution.TestFrameworkProvider.Throw(String message)
[xUnit.net 00:00:04.37]            at FluentAssertions.Execution.DefaultAssertionStrategy.HandleFailure(String message)
[xUnit.net 00:00:04.37]            at FluentAssertions.Execution.AssertionScope.FailWith(Func`1 failReasonFunc)
[xUnit.net 00:00:04.37]            at FluentAssertions.Execution.AssertionScope.FailWith(Func`1 failReasonFunc)
[xUnit.net 00:00:04.37]            at FluentAssertions.Primitives.StringEqualityValidator.ValidateAgainstLengthDifferences()
[xUnit.net 00:00:04.37]            at FluentAssertions.Primitives.StringValidator.Validate()
[xUnit.net 00:00:04.37]            at FluentAssertions.Primitives.StringAssertions`1.Be(String expected, String because, Object[] becauseArgs)
[xUnit.net 00:00:04.37]         /home/esqueleto/myWork/GetFitterGetBigger/GetFitterGetBigger.API/GetFitterGetBigger.API.IntegrationTests/StepDefinitions/Api/ResponseSteps.cs(80,0): at GetFitterGetBigger.API.IntegrationTests.StepDefinitions.Api.ResponseSteps.ThenTheResponseShouldHavePropertyWithValue(String jsonPath, String expectedValue)
[xUnit.net 00:00:04.37]            at System.RuntimeMethodHandle.InvokeMethod(Object target, Void** arguments, Signature sig, Boolean isConstructor)
[xUnit.net 00:00:04.37]            at System.Reflection.MethodBaseInvoker.InvokeDirectByRefWithFewArgs(Object obj, Span`1 copyOfArgs, BindingFlags invokeAttr)
[xUnit.net 00:00:04.37]         --- End of stack trace from previous location ---
[xUnit.net 00:00:04.37]            at TechTalk.SpecFlow.Bindings.BindingInvoker.InvokeBindingAsync(IBinding binding, IContextManager contextManager, Object[] arguments, ITestTracer testTracer, DurationHolder durationHolder)
[xUnit.net 00:00:04.37]            at TechTalk.SpecFlow.Infrastructure.TestExecutionEngine.ExecuteStepMatchAsync(BindingMatch match, Object[] arguments, DurationHolder durationHolder)
[xUnit.net 00:00:04.37]            at TechTalk.SpecFlow.Infrastructure.TestExecutionEngine.ExecuteStepAsync(IContextManager contextManager, StepInstance stepInstance)
[xUnit.net 00:00:04.37]            at TechTalk.SpecFlow.Infrastructure.TestExecutionEngine.OnAfterLastStepAsync()
[xUnit.net 00:00:04.37]            at TechTalk.SpecFlow.TestRunner.CollectScenarioErrorsAsync()
[xUnit.net 00:00:04.37]         /home/esqueleto/myWork/GetFitterGetBigger/GetFitterGetBigger.API/GetFitterGetBigger.API.IntegrationTests/Features/ReferenceData/DifficultyLevels.feature.cs(74,0): at GetFitterGetBigger.API.IntegrationTests.Features.ReferenceData.DifficultyLevelsReferenceDataFeature.ScenarioCleanupAsync()
[xUnit.net 00:00:04.37]         /home/esqueleto/myWork/GetFitterGetBigger/GetFitterGetBigger.API/GetFitterGetBigger.API.IntegrationTests/Features/ReferenceData/DifficultyLevels.feature.cs(150,0): at GetFitterGetBigger.API.IntegrationTests.Features.ReferenceData.DifficultyLevelsReferenceDataFeature.GetDifficultyLevelByValidID()
[xUnit.net 00:00:04.37]         --- End of stack trace from previous location ---
[xUnit.net 00:00:04.37]       Output:
[xUnit.net 00:00:04.37]         -&gt; Initialized HttpClient for scenario: Get difficulty level by valid ID
[xUnit.net 00:00:04.37]         Given the database is empty
[xUnit.net 00:00:04.37]         -&gt; Executing step: Given the database is empty
[xUnit.net 00:00:04.37]         -&gt; done: DatabaseSteps.GivenTheDatabaseIsEmpty() (0.0s)
[xUnit.net 00:00:04.37]         -&gt; Step result: Passed
[xUnit.net 00:00:04.37]         And the database has reference data
[xUnit.net 00:00:04.37]         -&gt; Executing step: Given the database has reference data
[xUnit.net 00:00:04.37]         -&gt; done: DatabaseSteps.GivenTheDatabaseHasReferenceData() (0.0s)
[xUnit.net 00:00:04.37]         -&gt; Step result: Passed
[xUnit.net 00:00:04.37]         Given I send a GET request to "/api/ReferenceTables/DifficultyLevels"
[xUnit.net 00:00:04.37]         -&gt; Executing step: Given I send a GET request to "/api/ReferenceTables/DifficultyLevels"
[xUnit.net 00:00:04.37]         -&gt; done: RequestSteps.WhenISendARequestTo("GET", "/api/ReferenceTab...") (0.1s)
[xUnit.net 00:00:04.37]         -&gt; Step result: Passed
[xUnit.net 00:00:04.37]         And the response contains at least 1 item
[xUnit.net 00:00:04.37]         -&gt; Executing step: Given the response contains at least 1 item
[xUnit.net 00:00:04.37]         -&gt; done: ResponseSteps.ThenTheResponseContainsAtLeastItems(1) (0.0s)
[xUnit.net 00:00:04.37]         -&gt; Step result: Passed
[xUnit.net 00:00:04.37]         And I store the first item from the response as "firstDifficultyLevel"
[xUnit.net 00:00:04.37]         -&gt; Executing step: Given I store the first item from the response as "firstDifficultyLevel"
[xUnit.net 00:00:04.37]         -&gt; done: ResponseSteps.ThenIStoreTheFirstItemFromTheResponseAs("firstDifficultyLevel") (0.0s)
[xUnit.net 00:00:04.37]         -&gt; Step result: Passed
[xUnit.net 00:00:04.37]         When I send a GET request to "/api/ReferenceTables/DifficultyLevels/&lt;firstDifficultyLevel.id&gt;"
[xUnit.net 00:00:04.37]         -&gt; Executing step: When I send a GET request to "/api/ReferenceTables/DifficultyLevels/&lt;firstDifficultyLevel.id&gt;"
[xUnit.net 00:00:04.37]         -&gt; done: RequestSteps.WhenISendARequestTo("GET", "/api/ReferenceTab...") (0.0s)
[xUnit.net 00:00:04.37]         -&gt; Step result: Passed
[xUnit.net 00:00:04.37]         Then the response status should be 200
[xUnit.net 00:00:04.37]         -&gt; Executing step: Then the response status should be 200
[xUnit.net 00:00:04.37]         -&gt; done: ResponseSteps.ThenTheResponseStatusShouldBe(200) (0.0s)
[xUnit.net 00:00:04.37]         -&gt; Step result: Passed
[xUnit.net 00:00:04.37]         And the response should have property "id" with value "&lt;firstDifficultyLevel.id&gt;"
[xUnit.net 00:00:04.37]         -&gt; Executing step: Then the response should have property "id" with value "&lt;firstDifficultyLevel.id&gt;"
[xUnit.net 00:00:04.37]         -&gt; error: Expected actualValue to be "&lt;firstDifficultyLevel.id&gt;" with a length of 25 because expected property 'id' to have value '&lt;firstDifficultyLevel.id&gt;' but got 'difficultylevel-8a8adb1d-24d2-4979-a5a6-0d760e6da24b', but "difficultylevel-8a8adb1d-24d2-4979-a5a6-0d760e6da24b" has a length of 52, differs near "dif" (index 0). (0.0s)
[xUnit.net 00:00:04.37]         -&gt; Step result: Failed
[xUnit.net 00:00:04.37]         -&gt; Error: Expected actualValue to be "&lt;firstDifficultyLevel.id&gt;" with a length of 25 because expected property 'id' to have value '&lt;firstDifficultyLevel.id&gt;' but got 'difficultylevel-8a8adb1d-24d2-4979-a5a6-0d760e6da24b', but "difficultylevel-8a8adb1d-24d2-4979-a5a6-0d760e6da24b" has a length of 52, differs near "dif" (index 0).
[xUnit.net 00:00:04.37]         And the response should have property "value" with value "&lt;firstDifficultyLevel.value&gt;"
[xUnit.net 00:00:04.37]         -&gt; skipped because of previous errors
dbug: Microsoft.EntityFrameworkCore.Database.Command[20103]
      Creating DbCommand for 'ExecuteScalar'.
dbug: Microsoft.EntityFrameworkCore.Database.Command[20104]
      Created DbCommand for 'ExecuteScalar' (0ms).
dbug: Microsoft.EntityFrameworkCore.Database.Command[20106]
      Initialized DbCommand for 'ExecuteScalar' (0ms).
dbug: Microsoft.EntityFrameworkCore.Database.Command[20100]
      Executing DbCommand [Parameters=[], CommandType='Text', CommandTimeout='30']
      SELECT CASE WHEN COUNT(*) = 0 THEN FALSE ELSE TRUE END
      FROM pg_class AS cls
      JOIN pg_namespace AS ns ON ns.oid = cls.relnamespace
      WHERE
              cls.relkind IN ('r', 'v', 'm', 'f', 'p') AND
              ns.nspname NOT IN ('pg_catalog', 'information_schema') AND
              -- Exclude tables which are members of PG extensions
              NOT EXISTS (
                  SELECT 1 FROM pg_depend WHERE
                      classid=(
                          SELECT cls.oid
                          FROM pg_class AS cls
                                   JOIN pg_namespace AS ns ON ns.oid = cls.relnamespace
                          WHERE relname='pg_class' AND ns.nspname='pg_catalog'
                      ) AND
                      objid=cls.oid AND
                      deptype IN ('e', 'x')
              )
info: Microsoft.EntityFrameworkCore.Database.Command[20101]
      Executed DbCommand (1ms) [Parameters=[], CommandType='Text', CommandTimeout='30']
      SELECT CASE WHEN COUNT(*) = 0 THEN FALSE ELSE TRUE END
      FROM pg_class AS cls
      JOIN pg_namespace AS ns ON ns.oid = cls.relnamespace
      WHERE
              cls.relkind IN ('r', 'v', 'm', 'f', 'p') AND
              ns.nspname NOT IN ('pg_catalog', 'information_schema') AND
              -- Exclude tables which are members of PG extensions
              NOT EXISTS (
                  SELECT 1 FROM pg_depend WHERE
                      classid=(
                          SELECT cls.oid
                          FROM pg_class AS cls
                                   JOIN pg_namespace AS ns ON ns.oid = cls.relnamespace
                          WHERE relname='pg_class' AND ns.nspname='pg_catalog'
                      ) AND
                      objid=cls.oid AND
                      deptype IN ('e', 'x')
              )
info: 7/12/2025 16:16:36.329 RelationalEventId.CommandExecuted[20101] (Microsoft.EntityFrameworkCore.Database.Command) 
      Executed DbCommand (1ms) [Parameters=[], CommandType='Text', CommandTimeout='30']
      SELECT CASE WHEN COUNT(*) = 0 THEN FALSE ELSE TRUE END
      FROM pg_class AS cls
      JOIN pg_namespace AS ns ON ns.oid = cls.relnamespace
      WHERE
              cls.relkind IN ('r', 'v', 'm', 'f', 'p') AND
              ns.nspname NOT IN ('pg_catalog', 'information_schema') AND
              -- Exclude tables which are members of PG extensions
              NOT EXISTS (
                  SELECT 1 FROM pg_depend WHERE
                      classid=(
                          SELECT cls.oid
                          FROM pg_class AS cls
                                   JOIN pg_namespace AS ns ON ns.oid = cls.relnamespace
                          WHERE relname='pg_class' AND ns.nspname='pg_catalog'
                      ) AND
                      objid=cls.oid AND
                      deptype IN ('e', 'x')
              )
dbug: Microsoft.EntityFrameworkCore.Database.Command[20103]
      Creating DbCommand for 'ExecuteReader'.
dbug: Microsoft.EntityFrameworkCore.Database.Command[20104]
      Created DbCommand for 'ExecuteReader' (0ms).
dbug: Microsoft.EntityFrameworkCore.Database.Command[20106]
      Initialized DbCommand for 'ExecuteReader' (0ms).
dbug: Microsoft.EntityFrameworkCore.Database.Command[20100]
      Executing DbCommand [Parameters=[], CommandType='Text', CommandTimeout='30']
      SELECT EXISTS (
          SELECT 1
          FROM "BodyParts" AS b)
info: Microsoft.EntityFrameworkCore.Database.Command[20101]
      Executed DbCommand (0ms) [Parameters=[], CommandType='Text', CommandTimeout='30']
      SELECT EXISTS (
          SELECT 1
          FROM "BodyParts" AS b)
info: 7/12/2025 16:16:36.330 RelationalEventId.CommandExecuted[20101] (Microsoft.EntityFrameworkCore.Database.Command) 
      Executed DbCommand (0ms) [Parameters=[], CommandType='Text', CommandTimeout='30']
      SELECT EXISTS (
          SELECT 1
          FROM "BodyParts" AS b)
dbug: Microsoft.EntityFrameworkCore.Database.Command[20301]
      Closing data reader to 'bddtestdb' on server 'tcp://127.0.0.1:33517'.
dbug: Microsoft.EntityFrameworkCore.Database.Command[20300]
      A data reader for 'bddtestdb' on server 'tcp://127.0.0.1:33517' is being disposed after spending 0ms reading results.
dbug: Microsoft.EntityFrameworkCore.Database.Command[20103]
      Creating DbCommand for 'ExecuteReader'.
dbug: Microsoft.EntityFrameworkCore.Database.Command[20104]
      Created DbCommand for 'ExecuteReader' (0ms).
dbug: Microsoft.EntityFrameworkCore.Database.Command[20106]
      Initialized DbCommand for 'ExecuteReader' (0ms).
dbug: Microsoft.EntityFrameworkCore.Database.Command[20100]
      Executing DbCommand [Parameters=[], CommandType='Text', CommandTimeout='30']
      SELECT e."Id", e."CreatedAt", e."DisplayOrder", e."IsActive", e."LinkType", e."SourceExerciseId", e."TargetExerciseId", e."UpdatedAt"
      FROM "ExerciseLinks" AS e
info: Microsoft.EntityFrameworkCore.Database.Command[20101]
      Executed DbCommand (0ms) [Parameters=[], CommandType='Text', CommandTimeout='30']
      SELECT e."Id", e."CreatedAt", e."DisplayOrder", e."IsActive", e."LinkType", e."SourceExerciseId", e."TargetExerciseId", e."UpdatedAt"
      FROM "ExerciseLinks" AS e
info: 7/12/2025 16:16:36.332 RelationalEventId.CommandExecuted[20101] (Microsoft.EntityFrameworkCore.Database.Command) 
      Executed DbCommand (0ms) [Parameters=[], CommandType='Text', CommandTimeout='30']
      SELECT e."Id", e."CreatedAt", e."DisplayOrder", e."IsActive", e."LinkType", e."SourceExerciseId", e."TargetExerciseId", e."UpdatedAt"
      FROM "ExerciseLinks" AS e
dbug: Microsoft.EntityFrameworkCore.Database.Command[20301]
      Closing data reader to 'bddtestdb' on server 'tcp://127.0.0.1:33517'.
dbug: Microsoft.EntityFrameworkCore.Database.Command[20300]
      A data reader for 'bddtestdb' on server 'tcp://127.0.0.1:33517' is being disposed after spending 0ms reading results.
dbug: Microsoft.EntityFrameworkCore.Database.Command[20103]
      Creating DbCommand for 'ExecuteReader'.
dbug: Microsoft.EntityFrameworkCore.Database.Command[20104]
      Created DbCommand for 'ExecuteReader' (0ms).
dbug: Microsoft.EntityFrameworkCore.Database.Command[20106]
      Initialized DbCommand for 'ExecuteReader' (0ms).
dbug: Microsoft.EntityFrameworkCore.Database.Command[20100]
      Executing DbCommand [Parameters=[], CommandType='Text', CommandTimeout='30']
      SELECT e."Id", e."Description", e."DifficultyId", e."ExerciseWeightTypeId", e."ImageUrl", e."IsActive", e."IsUnilateral", e."KineticChainId", e."Name", e."VideoUrl"
      FROM "Exercises" AS e
info: Microsoft.EntityFrameworkCore.Database.Command[20101]
      Executed DbCommand (0ms) [Parameters=[], CommandType='Text', CommandTimeout='30']
      SELECT e."Id", e."Description", e."DifficultyId", e."ExerciseWeightTypeId", e."ImageUrl", e."IsActive", e."IsUnilateral", e."KineticChainId", e."Name", e."VideoUrl"
      FROM "Exercises" AS e
info: 7/12/2025 16:16:36.333 RelationalEventId.CommandExecuted[20101] (Microsoft.EntityFrameworkCore.Database.Command) 
      Executed DbCommand (0ms) [Parameters=[], CommandType='Text', CommandTimeout='30']
      SELECT e."Id", e."Description", e."DifficultyId", e."ExerciseWeightTypeId", e."ImageUrl", e."IsActive", e."IsUnilateral", e."KineticChainId", e."Name", e."VideoUrl"
      FROM "Exercises" AS e
dbug: Microsoft.EntityFrameworkCore.Database.Command[20301]
      Closing data reader to 'bddtestdb' on server 'tcp://127.0.0.1:33517'.
dbug: Microsoft.EntityFrameworkCore.Database.Command[20300]
      A data reader for 'bddtestdb' on server 'tcp://127.0.0.1:33517' is being disposed after spending 0ms reading results.
dbug: Microsoft.EntityFrameworkCore.Database.Command[20103]
      Creating DbCommand for 'ExecuteScalar'.
dbug: Microsoft.EntityFrameworkCore.Database.Command[20104]
      Created DbCommand for 'ExecuteScalar' (0ms).
dbug: Microsoft.EntityFrameworkCore.Database.Command[20106]
      Initialized DbCommand for 'ExecuteScalar' (0ms).
dbug: Microsoft.EntityFrameworkCore.Database.Command[20100]
      Executing DbCommand [Parameters=[], CommandType='Text', CommandTimeout='30']
      SELECT CASE WHEN COUNT(*) = 0 THEN FALSE ELSE TRUE END
      FROM pg_class AS cls
      JOIN pg_namespace AS ns ON ns.oid = cls.relnamespace
      WHERE
              cls.relkind IN ('r', 'v', 'm', 'f', 'p') AND
              ns.nspname NOT IN ('pg_catalog', 'information_schema') AND
              -- Exclude tables which are members of PG extensions
              NOT EXISTS (
                  SELECT 1 FROM pg_depend WHERE
                      classid=(
                          SELECT cls.oid
                          FROM pg_class AS cls
                                   JOIN pg_namespace AS ns ON ns.oid = cls.relnamespace
                          WHERE relname='pg_class' AND ns.nspname='pg_catalog'
                      ) AND
                      objid=cls.oid AND
                      deptype IN ('e', 'x')
              )
info: Microsoft.EntityFrameworkCore.Database.Command[20101]
      Executed DbCommand (1ms) [Parameters=[], CommandType='Text', CommandTimeout='30']
      SELECT CASE WHEN COUNT(*) = 0 THEN FALSE ELSE TRUE END
      FROM pg_class AS cls
      JOIN pg_namespace AS ns ON ns.oid = cls.relnamespace
      WHERE
              cls.relkind IN ('r', 'v', 'm', 'f', 'p') AND
              ns.nspname NOT IN ('pg_catalog', 'information_schema') AND
              -- Exclude tables which are members of PG extensions
              NOT EXISTS (
                  SELECT 1 FROM pg_depend WHERE
                      classid=(
                          SELECT cls.oid
                          FROM pg_class AS cls
                                   JOIN pg_namespace AS ns ON ns.oid = cls.relnamespace
                          WHERE relname='pg_class' AND ns.nspname='pg_catalog'
                      ) AND
                      objid=cls.oid AND
                      deptype IN ('e', 'x')
              )
info: 7/12/2025 16:16:36.338 RelationalEventId.CommandExecuted[20101] (Microsoft.EntityFrameworkCore.Database.Command) 
      Executed DbCommand (1ms) [Parameters=[], CommandType='Text', CommandTimeout='30']
      SELECT CASE WHEN COUNT(*) = 0 THEN FALSE ELSE TRUE END
      FROM pg_class AS cls
      JOIN pg_namespace AS ns ON ns.oid = cls.relnamespace
      WHERE
              cls.relkind IN ('r', 'v', 'm', 'f', 'p') AND
              ns.nspname NOT IN ('pg_catalog', 'information_schema') AND
              -- Exclude tables which are members of PG extensions
              NOT EXISTS (
                  SELECT 1 FROM pg_depend WHERE
                      classid=(
                          SELECT cls.oid
                          FROM pg_class AS cls
                                   JOIN pg_namespace AS ns ON ns.oid = cls.relnamespace
                          WHERE relname='pg_class' AND ns.nspname='pg_catalog'
                      ) AND
                      objid=cls.oid AND
                      deptype IN ('e', 'x')
              )
dbug: Microsoft.EntityFrameworkCore.Database.Command[20103]
      Creating DbCommand for 'ExecuteReader'.
dbug: Microsoft.EntityFrameworkCore.Database.Command[20104]
      Created DbCommand for 'ExecuteReader' (0ms).
dbug: Microsoft.EntityFrameworkCore.Database.Command[20106]
      Initialized DbCommand for 'ExecuteReader' (0ms).
dbug: Microsoft.EntityFrameworkCore.Database.Command[20100]
      Executing DbCommand [Parameters=[], CommandType='Text', CommandTimeout='30']
      SELECT EXISTS (
          SELECT 1
          FROM "BodyParts" AS b)
info: Microsoft.EntityFrameworkCore.Database.Command[20101]
      Executed DbCommand (0ms) [Parameters=[], CommandType='Text', CommandTimeout='30']
      SELECT EXISTS (
          SELECT 1
          FROM "BodyParts" AS b)
info: 7/12/2025 16:16:36.338 RelationalEventId.CommandExecuted[20101] (Microsoft.EntityFrameworkCore.Database.Command) 
      Executed DbCommand (0ms) [Parameters=[], CommandType='Text', CommandTimeout='30']
      SELECT EXISTS (
          SELECT 1
          FROM "BodyParts" AS b)
dbug: Microsoft.EntityFrameworkCore.Database.Command[20301]
      Closing data reader to 'bddtestdb' on server 'tcp://127.0.0.1:33517'.
dbug: Microsoft.EntityFrameworkCore.Database.Command[20300]
      A data reader for 'bddtestdb' on server 'tcp://127.0.0.1:33517' is being disposed after spending 0ms reading results.
dbug: Microsoft.EntityFrameworkCore.Database.Command[20103]
      Creating DbCommand for 'ExecuteReader'.
dbug: Microsoft.EntityFrameworkCore.Database.Command[20104]
      Created DbCommand for 'ExecuteReader' (0ms).
dbug: Microsoft.EntityFrameworkCore.Database.Command[20106]
      Initialized DbCommand for 'ExecuteReader' (0ms).
[testcontainers.org 00:00:04.08] Delete Docker container cd0e35366d9f
dbug: Microsoft.EntityFrameworkCore.Database.Command[20100]
      Executing DbCommand [Parameters=[@__ToLower_0='beginner'], CommandType='Text', CommandTimeout='30']
      SELECT d."Id", d."Description", d."DisplayOrder", d."IsActive", d."Value"
      FROM "DifficultyLevels" AS d
      WHERE lower(d."Value") = @__ToLower_0 AND d."IsActive"
      LIMIT 1
info: Microsoft.EntityFrameworkCore.Database.Command[20101]
      Executed DbCommand (1ms) [Parameters=[@__ToLower_0='beginner'], CommandType='Text', CommandTimeout='30']
      SELECT d."Id", d."Description", d."DisplayOrder", d."IsActive", d."Value"
      FROM "DifficultyLevels" AS d
      WHERE lower(d."Value") = @__ToLower_0 AND d."IsActive"
      LIMIT 1
info: 7/12/2025 16:16:36.355 RelationalEventId.CommandExecuted[20101] (Microsoft.EntityFrameworkCore.Database.Command) 
      Executed DbCommand (1ms) [Parameters=[@__ToLower_0='beginner'], CommandType='Text', CommandTimeout='30']
      SELECT d."Id", d."Description", d."DisplayOrder", d."IsActive", d."Value"
      FROM "DifficultyLevels" AS d
      WHERE lower(d."Value") = @__ToLower_0 AND d."IsActive"
      LIMIT 1
dbug: Microsoft.EntityFrameworkCore.Database.Command[20301]
      Closing data reader to 'bddtestdb' on server 'tcp://127.0.0.1:33517'.
dbug: Microsoft.EntityFrameworkCore.Database.Command[20300]
      A data reader for 'bddtestdb' on server 'tcp://127.0.0.1:33517' is being disposed after spending 0ms reading results.
dbug: Microsoft.EntityFrameworkCore.Database.Command[20103]
      Creating DbCommand for 'ExecuteReader'.
dbug: Microsoft.EntityFrameworkCore.Database.Command[20104]
      Created DbCommand for 'ExecuteReader' (0ms).
dbug: Microsoft.EntityFrameworkCore.Database.Command[20106]
      Initialized DbCommand for 'ExecuteReader' (0ms).
dbug: Microsoft.EntityFrameworkCore.Database.Command[20100]
      Executing DbCommand [Parameters=[], CommandType='Text', CommandTimeout='30']
      SELECT e."Id", e."CreatedAt", e."DisplayOrder", e."IsActive", e."LinkType", e."SourceExerciseId", e."TargetExerciseId", e."UpdatedAt"
      FROM "ExerciseLinks" AS e
info: Microsoft.EntityFrameworkCore.Database.Command[20101]
      Executed DbCommand (0ms) [Parameters=[], CommandType='Text', CommandTimeout='30']
      SELECT e."Id", e."CreatedAt", e."DisplayOrder", e."IsActive", e."LinkType", e."SourceExerciseId", e."TargetExerciseId", e."UpdatedAt"
      FROM "ExerciseLinks" AS e
info: 7/12/2025 16:16:36.356 RelationalEventId.CommandExecuted[20101] (Microsoft.EntityFrameworkCore.Database.Command) 
      Executed DbCommand (0ms) [Parameters=[], CommandType='Text', CommandTimeout='30']
      SELECT e."Id", e."CreatedAt", e."DisplayOrder", e."IsActive", e."LinkType", e."SourceExerciseId", e."TargetExerciseId", e."UpdatedAt"
      FROM "ExerciseLinks" AS e
dbug: Microsoft.EntityFrameworkCore.Database.Command[20301]
      Closing data reader to 'bddtestdb' on server 'tcp://127.0.0.1:33517'.
dbug: Microsoft.EntityFrameworkCore.Database.Command[20300]
      A data reader for 'bddtestdb' on server 'tcp://127.0.0.1:33517' is being disposed after spending 0ms reading results.
dbug: Microsoft.EntityFrameworkCore.Database.Command[20103]
      Creating DbCommand for 'ExecuteReader'.
dbug: Microsoft.EntityFrameworkCore.Database.Command[20104]
      Created DbCommand for 'ExecuteReader' (0ms).
dbug: Microsoft.EntityFrameworkCore.Database.Command[20106]
      Initialized DbCommand for 'ExecuteReader' (0ms).
dbug: Microsoft.EntityFrameworkCore.Database.Command[20100]
      Executing DbCommand [Parameters=[], CommandType='Text', CommandTimeout='30']
      SELECT e."Id", e."Description", e."DifficultyId", e."ExerciseWeightTypeId", e."ImageUrl", e."IsActive", e."IsUnilateral", e."KineticChainId", e."Name", e."VideoUrl"
      FROM "Exercises" AS e
info: Microsoft.EntityFrameworkCore.Database.Command[20101]
      Executed DbCommand (0ms) [Parameters=[], CommandType='Text', CommandTimeout='30']
      SELECT e."Id", e."Description", e."DifficultyId", e."ExerciseWeightTypeId", e."ImageUrl", e."IsActive", e."IsUnilateral", e."KineticChainId", e."Name", e."VideoUrl"
      FROM "Exercises" AS e
info: 7/12/2025 16:16:36.357 RelationalEventId.CommandExecuted[20101] (Microsoft.EntityFrameworkCore.Database.Command) 
      Executed DbCommand (0ms) [Parameters=[], CommandType='Text', CommandTimeout='30']
      SELECT e."Id", e."Description", e."DifficultyId", e."ExerciseWeightTypeId", e."ImageUrl", e."IsActive", e."IsUnilateral", e."KineticChainId", e."Name", e."VideoUrl"
      FROM "Exercises" AS e
dbug: Microsoft.EntityFrameworkCore.Database.Command[20301]
      Closing data reader to 'bddtestdb' on server 'tcp://127.0.0.1:33517'.
dbug: Microsoft.EntityFrameworkCore.Database.Command[20300]
      A data reader for 'bddtestdb' on server 'tcp://127.0.0.1:33517' is being disposed after spending 0ms reading results.
dbug: Microsoft.EntityFrameworkCore.Database.Command[20103]
      Creating DbCommand for 'ExecuteReader'.
dbug: Microsoft.EntityFrameworkCore.Database.Command[20104]
      Created DbCommand for 'ExecuteReader' (0ms).
dbug: Microsoft.EntityFrameworkCore.Database.Command[20106]
      Initialized DbCommand for 'ExecuteReader' (0ms).
dbug: Microsoft.EntityFrameworkCore.Database.Command[20100]
      Executing DbCommand [Parameters=[], CommandType='Text', CommandTimeout='30']
      SELECT e."Id", e."CreatedAt", e."DisplayOrder", e."IsActive", e."LinkType", e."SourceExerciseId", e."TargetExerciseId", e."UpdatedAt"
      FROM "ExerciseLinks" AS e
info: Microsoft.EntityFrameworkCore.Database.Command[20101]
      Executed DbCommand (0ms) [Parameters=[], CommandType='Text', CommandTimeout='30']
      SELECT e."Id", e."CreatedAt", e."DisplayOrder", e."IsActive", e."LinkType", e."SourceExerciseId", e."TargetExerciseId", e."UpdatedAt"
      FROM "ExerciseLinks" AS e
info: 7/12/2025 16:16:36.357 RelationalEventId.CommandExecuted[20101] (Microsoft.EntityFrameworkCore.Database.Command) 
      Executed DbCommand (0ms) [Parameters=[], CommandType='Text', CommandTimeout='30']
      SELECT e."Id", e."CreatedAt", e."DisplayOrder", e."IsActive", e."LinkType", e."SourceExerciseId", e."TargetExerciseId", e."UpdatedAt"
      FROM "ExerciseLinks" AS e
dbug: Microsoft.EntityFrameworkCore.Database.Command[20301]
      Closing data reader to 'bddtestdb' on server 'tcp://127.0.0.1:33517'.
dbug: Microsoft.EntityFrameworkCore.Database.Command[20300]
      A data reader for 'bddtestdb' on server 'tcp://127.0.0.1:33517' is being disposed after spending 0ms reading results.
dbug: Microsoft.EntityFrameworkCore.Database.Command[20103]
      Creating DbCommand for 'ExecuteReader'.
dbug: Microsoft.EntityFrameworkCore.Database.Command[20104]
      Created DbCommand for 'ExecuteReader' (0ms).
dbug: Microsoft.EntityFrameworkCore.Database.Command[20106]
      Initialized DbCommand for 'ExecuteReader' (0ms).
dbug: Microsoft.EntityFrameworkCore.Database.Command[20100]
      Executing DbCommand [Parameters=[], CommandType='Text', CommandTimeout='30']
      SELECT e."Id", e."Description", e."DifficultyId", e."ExerciseWeightTypeId", e."ImageUrl", e."IsActive", e."IsUnilateral", e."KineticChainId", e."Name", e."VideoUrl"
      FROM "Exercises" AS e
info: Microsoft.EntityFrameworkCore.Database.Command[20101]
      Executed DbCommand (0ms) [Parameters=[], CommandType='Text', CommandTimeout='30']
      SELECT e."Id", e."Description", e."DifficultyId", e."ExerciseWeightTypeId", e."ImageUrl", e."IsActive", e."IsUnilateral", e."KineticChainId", e."Name", e."VideoUrl"
      FROM "Exercises" AS e
info: 7/12/2025 16:16:36.358 RelationalEventId.CommandExecuted[20101] (Microsoft.EntityFrameworkCore.Database.Command) 
      Executed DbCommand (0ms) [Parameters=[], CommandType='Text', CommandTimeout='30']
      SELECT e."Id", e."Description", e."DifficultyId", e."ExerciseWeightTypeId", e."ImageUrl", e."IsActive", e."IsUnilateral", e."KineticChainId", e."Name", e."VideoUrl"
      FROM "Exercises" AS e
dbug: Microsoft.EntityFrameworkCore.Database.Command[20301]
      Closing data reader to 'bddtestdb' on server 'tcp://127.0.0.1:33517'.
dbug: Microsoft.EntityFrameworkCore.Database.Command[20300]
      A data reader for 'bddtestdb' on server 'tcp://127.0.0.1:33517' is being disposed after spending 0ms reading results.
dbug: Microsoft.EntityFrameworkCore.Database.Command[20103]
      Creating DbCommand for 'ExecuteScalar'.
dbug: Microsoft.EntityFrameworkCore.Database.Command[20104]
      Created DbCommand for 'ExecuteScalar' (0ms).
dbug: Microsoft.EntityFrameworkCore.Database.Command[20106]
      Initialized DbCommand for 'ExecuteScalar' (0ms).
dbug: Microsoft.EntityFrameworkCore.Database.Command[20100]
      Executing DbCommand [Parameters=[], CommandType='Text', CommandTimeout='30']
      SELECT CASE WHEN COUNT(*) = 0 THEN FALSE ELSE TRUE END
      FROM pg_class AS cls
      JOIN pg_namespace AS ns ON ns.oid = cls.relnamespace
      WHERE
              cls.relkind IN ('r', 'v', 'm', 'f', 'p') AND
              ns.nspname NOT IN ('pg_catalog', 'information_schema') AND
              -- Exclude tables which are members of PG extensions
              NOT EXISTS (
                  SELECT 1 FROM pg_depend WHERE
                      classid=(
                          SELECT cls.oid
                          FROM pg_class AS cls
                                   JOIN pg_namespace AS ns ON ns.oid = cls.relnamespace
                          WHERE relname='pg_class' AND ns.nspname='pg_catalog'
                      ) AND
                      objid=cls.oid AND
                      deptype IN ('e', 'x')
              )
info: Microsoft.EntityFrameworkCore.Database.Command[20101]
      Executed DbCommand (1ms) [Parameters=[], CommandType='Text', CommandTimeout='30']
      SELECT CASE WHEN COUNT(*) = 0 THEN FALSE ELSE TRUE END
      FROM pg_class AS cls
      JOIN pg_namespace AS ns ON ns.oid = cls.relnamespace
      WHERE
              cls.relkind IN ('r', 'v', 'm', 'f', 'p') AND
              ns.nspname NOT IN ('pg_catalog', 'information_schema') AND
              -- Exclude tables which are members of PG extensions
              NOT EXISTS (
                  SELECT 1 FROM pg_depend WHERE
                      classid=(
                          SELECT cls.oid
                          FROM pg_class AS cls
                                   JOIN pg_namespace AS ns ON ns.oid = cls.relnamespace
                          WHERE relname='pg_class' AND ns.nspname='pg_catalog'
                      ) AND
                      objid=cls.oid AND
                      deptype IN ('e', 'x')
              )
info: 7/12/2025 16:16:36.362 RelationalEventId.CommandExecuted[20101] (Microsoft.EntityFrameworkCore.Database.Command) 
      Executed DbCommand (1ms) [Parameters=[], CommandType='Text', CommandTimeout='30']
      SELECT CASE WHEN COUNT(*) = 0 THEN FALSE ELSE TRUE END
      FROM pg_class AS cls
      JOIN pg_namespace AS ns ON ns.oid = cls.relnamespace
      WHERE
              cls.relkind IN ('r', 'v', 'm', 'f', 'p') AND
              ns.nspname NOT IN ('pg_catalog', 'information_schema') AND
              -- Exclude tables which are members of PG extensions
              NOT EXISTS (
                  SELECT 1 FROM pg_depend WHERE
                      classid=(
                          SELECT cls.oid
                          FROM pg_class AS cls
                                   JOIN pg_namespace AS ns ON ns.oid = cls.relnamespace
                          WHERE relname='pg_class' AND ns.nspname='pg_catalog'
                      ) AND
                      objid=cls.oid AND
                      deptype IN ('e', 'x')
              )
dbug: Microsoft.EntityFrameworkCore.Database.Command[20103]
      Creating DbCommand for 'ExecuteReader'.
dbug: Microsoft.EntityFrameworkCore.Database.Command[20104]
      Created DbCommand for 'ExecuteReader' (0ms).
dbug: Microsoft.EntityFrameworkCore.Database.Command[20106]
      Initialized DbCommand for 'ExecuteReader' (0ms).
dbug: Microsoft.EntityFrameworkCore.Database.Command[20100]
      Executing DbCommand [Parameters=[], CommandType='Text', CommandTimeout='30']
      SELECT EXISTS (
          SELECT 1
          FROM "BodyParts" AS b)
info: Microsoft.EntityFrameworkCore.Database.Command[20101]
      Executed DbCommand (0ms) [Parameters=[], CommandType='Text', CommandTimeout='30']
      SELECT EXISTS (
          SELECT 1
          FROM "BodyParts" AS b)
info: 7/12/2025 16:16:36.363 RelationalEventId.CommandExecuted[20101] (Microsoft.EntityFrameworkCore.Database.Command) 
      Executed DbCommand (0ms) [Parameters=[], CommandType='Text', CommandTimeout='30']
      SELECT EXISTS (
          SELECT 1
          FROM "BodyParts" AS b)
dbug: Microsoft.EntityFrameworkCore.Database.Command[20301]
      Closing data reader to 'bddtestdb' on server 'tcp://127.0.0.1:33517'.
dbug: Microsoft.EntityFrameworkCore.Database.Command[20300]
      A data reader for 'bddtestdb' on server 'tcp://127.0.0.1:33517' is being disposed after spending 0ms reading results.
dbug: Microsoft.EntityFrameworkCore.Database.Command[20103]
      Creating DbCommand for 'ExecuteScalar'.
dbug: Microsoft.EntityFrameworkCore.Database.Command[20104]
      Created DbCommand for 'ExecuteScalar' (0ms).
dbug: Microsoft.EntityFrameworkCore.Database.Command[20106]
      Initialized DbCommand for 'ExecuteScalar' (0ms).
dbug: Microsoft.EntityFrameworkCore.Database.Command[20100]
      Executing DbCommand [Parameters=[], CommandType='Text', CommandTimeout='30']
      SELECT CASE WHEN COUNT(*) = 0 THEN FALSE ELSE TRUE END
      FROM pg_class AS cls
      JOIN pg_namespace AS ns ON ns.oid = cls.relnamespace
      WHERE
              cls.relkind IN ('r', 'v', 'm', 'f', 'p') AND
              ns.nspname NOT IN ('pg_catalog', 'information_schema') AND
              -- Exclude tables which are members of PG extensions
              NOT EXISTS (
                  SELECT 1 FROM pg_depend WHERE
                      classid=(
                          SELECT cls.oid
                          FROM pg_class AS cls
                                   JOIN pg_namespace AS ns ON ns.oid = cls.relnamespace
                          WHERE relname='pg_class' AND ns.nspname='pg_catalog'
                      ) AND
                      objid=cls.oid AND
                      deptype IN ('e', 'x')
              )
info: Microsoft.EntityFrameworkCore.Database.Command[20101]
      Executed DbCommand (1ms) [Parameters=[], CommandType='Text', CommandTimeout='30']
      SELECT CASE WHEN COUNT(*) = 0 THEN FALSE ELSE TRUE END
      FROM pg_class AS cls
      JOIN pg_namespace AS ns ON ns.oid = cls.relnamespace
      WHERE
              cls.relkind IN ('r', 'v', 'm', 'f', 'p') AND
              ns.nspname NOT IN ('pg_catalog', 'information_schema') AND
              -- Exclude tables which are members of PG extensions
              NOT EXISTS (
                  SELECT 1 FROM pg_depend WHERE
                      classid=(
                          SELECT cls.oid
                          FROM pg_class AS cls
                                   JOIN pg_namespace AS ns ON ns.oid = cls.relnamespace
                          WHERE relname='pg_class' AND ns.nspname='pg_catalog'
                      ) AND
                      objid=cls.oid AND
                      deptype IN ('e', 'x')
              )
info: 7/12/2025 16:16:36.368 RelationalEventId.CommandExecuted[20101] (Microsoft.EntityFrameworkCore.Database.Command) 
      Executed DbCommand (1ms) [Parameters=[], CommandType='Text', CommandTimeout='30']
      SELECT CASE WHEN COUNT(*) = 0 THEN FALSE ELSE TRUE END
      FROM pg_class AS cls
      JOIN pg_namespace AS ns ON ns.oid = cls.relnamespace
      WHERE
              cls.relkind IN ('r', 'v', 'm', 'f', 'p') AND
              ns.nspname NOT IN ('pg_catalog', 'information_schema') AND
              -- Exclude tables which are members of PG extensions
              NOT EXISTS (
                  SELECT 1 FROM pg_depend WHERE
                      classid=(
                          SELECT cls.oid
                          FROM pg_class AS cls
                                   JOIN pg_namespace AS ns ON ns.oid = cls.relnamespace
                          WHERE relname='pg_class' AND ns.nspname='pg_catalog'
                      ) AND
                      objid=cls.oid AND
                      deptype IN ('e', 'x')
              )
dbug: Microsoft.EntityFrameworkCore.Database.Command[20103]
      Creating DbCommand for 'ExecuteReader'.
dbug: Microsoft.EntityFrameworkCore.Database.Command[20104]
      Created DbCommand for 'ExecuteReader' (0ms).
dbug: Microsoft.EntityFrameworkCore.Database.Command[20106]
      Initialized DbCommand for 'ExecuteReader' (0ms).
dbug: Microsoft.EntityFrameworkCore.Database.Command[20100]
      Executing DbCommand [Parameters=[], CommandType='Text', CommandTimeout='30']
      SELECT EXISTS (
          SELECT 1
          FROM "BodyParts" AS b)
info: Microsoft.EntityFrameworkCore.Database.Command[20101]
      Executed DbCommand (0ms) [Parameters=[], CommandType='Text', CommandTimeout='30']
      SELECT EXISTS (
          SELECT 1
          FROM "BodyParts" AS b)
info: 7/12/2025 16:16:36.369 RelationalEventId.CommandExecuted[20101] (Microsoft.EntityFrameworkCore.Database.Command) 
      Executed DbCommand (0ms) [Parameters=[], CommandType='Text', CommandTimeout='30']
      SELECT EXISTS (
          SELECT 1
          FROM "BodyParts" AS b)
dbug: Microsoft.EntityFrameworkCore.Database.Command[20301]
      Closing data reader to 'bddtestdb' on server 'tcp://127.0.0.1:33517'.
dbug: Microsoft.EntityFrameworkCore.Database.Command[20300]
      A data reader for 'bddtestdb' on server 'tcp://127.0.0.1:33517' is being disposed after spending 0ms reading results.
dbug: Microsoft.EntityFrameworkCore.Database.Command[20103]
      Creating DbCommand for 'ExecuteReader'.
dbug: Microsoft.EntityFrameworkCore.Database.Command[20104]
      Created DbCommand for 'ExecuteReader' (0ms).
dbug: Microsoft.EntityFrameworkCore.Database.Command[20106]
      Initialized DbCommand for 'ExecuteReader' (0ms).
dbug: Microsoft.EntityFrameworkCore.Database.Command[20100]
      Executing DbCommand [Parameters=[], CommandType='Text', CommandTimeout='30']
      SELECT e."Id", e."CreatedAt", e."DisplayOrder", e."IsActive", e."LinkType", e."SourceExerciseId", e."TargetExerciseId", e."UpdatedAt"
      FROM "ExerciseLinks" AS e
info: Microsoft.EntityFrameworkCore.Database.Command[20101]
      Executed DbCommand (0ms) [Parameters=[], CommandType='Text', CommandTimeout='30']
      SELECT e."Id", e."CreatedAt", e."DisplayOrder", e."IsActive", e."LinkType", e."SourceExerciseId", e."TargetExerciseId", e."UpdatedAt"
      FROM "ExerciseLinks" AS e
info: 7/12/2025 16:16:36.371 RelationalEventId.CommandExecuted[20101] (Microsoft.EntityFrameworkCore.Database.Command) 
      Executed DbCommand (0ms) [Parameters=[], CommandType='Text', CommandTimeout='30']
      SELECT e."Id", e."CreatedAt", e."DisplayOrder", e."IsActive", e."LinkType", e."SourceExerciseId", e."TargetExerciseId", e."UpdatedAt"
      FROM "ExerciseLinks" AS e
dbug: Microsoft.EntityFrameworkCore.Database.Command[20301]
      Closing data reader to 'bddtestdb' on server 'tcp://127.0.0.1:33517'.
dbug: Microsoft.EntityFrameworkCore.Database.Command[20300]
      A data reader for 'bddtestdb' on server 'tcp://127.0.0.1:33517' is being disposed after spending 0ms reading results.
dbug: Microsoft.EntityFrameworkCore.Database.Command[20103]
      Creating DbCommand for 'ExecuteReader'.
dbug: Microsoft.EntityFrameworkCore.Database.Command[20104]
      Created DbCommand for 'ExecuteReader' (0ms).
dbug: Microsoft.EntityFrameworkCore.Database.Command[20106]
      Initialized DbCommand for 'ExecuteReader' (0ms).
dbug: Microsoft.EntityFrameworkCore.Database.Command[20100]
      Executing DbCommand [Parameters=[], CommandType='Text', CommandTimeout='30']
      SELECT e."Id", e."Description", e."DifficultyId", e."ExerciseWeightTypeId", e."ImageUrl", e."IsActive", e."IsUnilateral", e."KineticChainId", e."Name", e."VideoUrl"
      FROM "Exercises" AS e
info: Microsoft.EntityFrameworkCore.Database.Command[20101]
      Executed DbCommand (0ms) [Parameters=[], CommandType='Text', CommandTimeout='30']
      SELECT e."Id", e."Description", e."DifficultyId", e."ExerciseWeightTypeId", e."ImageUrl", e."IsActive", e."IsUnilateral", e."KineticChainId", e."Name", e."VideoUrl"
      FROM "Exercises" AS e
info: 7/12/2025 16:16:36.372 RelationalEventId.CommandExecuted[20101] (Microsoft.EntityFrameworkCore.Database.Command) 
      Executed DbCommand (0ms) [Parameters=[], CommandType='Text', CommandTimeout='30']
      SELECT e."Id", e."Description", e."DifficultyId", e."ExerciseWeightTypeId", e."ImageUrl", e."IsActive", e."IsUnilateral", e."KineticChainId", e."Name", e."VideoUrl"
      FROM "Exercises" AS e
dbug: Microsoft.EntityFrameworkCore.Database.Command[20301]
      Closing data reader to 'bddtestdb' on server 'tcp://127.0.0.1:33517'.
dbug: Microsoft.EntityFrameworkCore.Database.Command[20300]
      A data reader for 'bddtestdb' on server 'tcp://127.0.0.1:33517' is being disposed after spending 0ms reading results.
dbug: Microsoft.EntityFrameworkCore.Database.Command[20103]
      Creating DbCommand for 'ExecuteScalar'.
dbug: Microsoft.EntityFrameworkCore.Database.Command[20104]
      Created DbCommand for 'ExecuteScalar' (0ms).
dbug: Microsoft.EntityFrameworkCore.Database.Command[20106]
      Initialized DbCommand for 'ExecuteScalar' (0ms).
dbug: Microsoft.EntityFrameworkCore.Database.Command[20100]
      Executing DbCommand [Parameters=[], CommandType='Text', CommandTimeout='30']
      SELECT CASE WHEN COUNT(*) = 0 THEN FALSE ELSE TRUE END
      FROM pg_class AS cls
      JOIN pg_namespace AS ns ON ns.oid = cls.relnamespace
      WHERE
              cls.relkind IN ('r', 'v', 'm', 'f', 'p') AND
              ns.nspname NOT IN ('pg_catalog', 'information_schema') AND
              -- Exclude tables which are members of PG extensions
              NOT EXISTS (
                  SELECT 1 FROM pg_depend WHERE
                      classid=(
                          SELECT cls.oid
                          FROM pg_class AS cls
                                   JOIN pg_namespace AS ns ON ns.oid = cls.relnamespace
                          WHERE relname='pg_class' AND ns.nspname='pg_catalog'
                      ) AND
                      objid=cls.oid AND
                      deptype IN ('e', 'x')
              )
info: Microsoft.EntityFrameworkCore.Database.Command[20101]
      Executed DbCommand (1ms) [Parameters=[], CommandType='Text', CommandTimeout='30']
      SELECT CASE WHEN COUNT(*) = 0 THEN FALSE ELSE TRUE END
      FROM pg_class AS cls
      JOIN pg_namespace AS ns ON ns.oid = cls.relnamespace
      WHERE
              cls.relkind IN ('r', 'v', 'm', 'f', 'p') AND
              ns.nspname NOT IN ('pg_catalog', 'information_schema') AND
              -- Exclude tables which are members of PG extensions
              NOT EXISTS (
                  SELECT 1 FROM pg_depend WHERE
                      classid=(
                          SELECT cls.oid
                          FROM pg_class AS cls
                                   JOIN pg_namespace AS ns ON ns.oid = cls.relnamespace
                          WHERE relname='pg_class' AND ns.nspname='pg_catalog'
                      ) AND
                      objid=cls.oid AND
                      deptype IN ('e', 'x')
              )
info: 7/12/2025 16:16:36.377 RelationalEventId.CommandExecuted[20101] (Microsoft.EntityFrameworkCore.Database.Command) 
      Executed DbCommand (1ms) [Parameters=[], CommandType='Text', CommandTimeout='30']
      SELECT CASE WHEN COUNT(*) = 0 THEN FALSE ELSE TRUE END
      FROM pg_class AS cls
      JOIN pg_namespace AS ns ON ns.oid = cls.relnamespace
      WHERE
              cls.relkind IN ('r', 'v', 'm', 'f', 'p') AND
              ns.nspname NOT IN ('pg_catalog', 'information_schema') AND
              -- Exclude tables which are members of PG extensions
              NOT EXISTS (
                  SELECT 1 FROM pg_depend WHERE
                      classid=(
                          SELECT cls.oid
                          FROM pg_class AS cls
                                   JOIN pg_namespace AS ns ON ns.oid = cls.relnamespace
                          WHERE relname='pg_class' AND ns.nspname='pg_catalog'
                      ) AND
                      objid=cls.oid AND
                      deptype IN ('e', 'x')
              )
dbug: Microsoft.EntityFrameworkCore.Database.Command[20103]
      Creating DbCommand for 'ExecuteReader'.
dbug: Microsoft.EntityFrameworkCore.Database.Command[20104]
      Created DbCommand for 'ExecuteReader' (0ms).
dbug: Microsoft.EntityFrameworkCore.Database.Command[20106]
      Initialized DbCommand for 'ExecuteReader' (0ms).
dbug: Microsoft.EntityFrameworkCore.Database.Command[20100]
      Executing DbCommand [Parameters=[], CommandType='Text', CommandTimeout='30']
      SELECT EXISTS (
          SELECT 1
          FROM "BodyParts" AS b)
info: Microsoft.EntityFrameworkCore.Database.Command[20101]
      Executed DbCommand (0ms) [Parameters=[], CommandType='Text', CommandTimeout='30']
      SELECT EXISTS (
          SELECT 1
          FROM "BodyParts" AS b)
info: 7/12/2025 16:16:36.378 RelationalEventId.CommandExecuted[20101] (Microsoft.EntityFrameworkCore.Database.Command) 
      Executed DbCommand (0ms) [Parameters=[], CommandType='Text', CommandTimeout='30']
      SELECT EXISTS (
          SELECT 1
          FROM "BodyParts" AS b)
dbug: Microsoft.EntityFrameworkCore.Database.Command[20301]
      Closing data reader to 'bddtestdb' on server 'tcp://127.0.0.1:33517'.
dbug: Microsoft.EntityFrameworkCore.Database.Command[20300]
      A data reader for 'bddtestdb' on server 'tcp://127.0.0.1:33517' is being disposed after spending 0ms reading results.
dbug: Microsoft.EntityFrameworkCore.Database.Command[20103]
      Creating DbCommand for 'ExecuteReader'.
dbug: Microsoft.EntityFrameworkCore.Database.Command[20104]
      Created DbCommand for 'ExecuteReader' (0ms).
dbug: Microsoft.EntityFrameworkCore.Database.Command[20106]
      Initialized DbCommand for 'ExecuteReader' (0ms).
dbug: Microsoft.EntityFrameworkCore.Database.Command[20100]
      Executing DbCommand [Parameters=[], CommandType='Text', CommandTimeout='30']
      SELECT e."Id", e."CreatedAt", e."DisplayOrder", e."IsActive", e."LinkType", e."SourceExerciseId", e."TargetExerciseId", e."UpdatedAt"
      FROM "ExerciseLinks" AS e
info: Microsoft.EntityFrameworkCore.Database.Command[20101]
      Executed DbCommand (0ms) [Parameters=[], CommandType='Text', CommandTimeout='30']
      SELECT e."Id", e."CreatedAt", e."DisplayOrder", e."IsActive", e."LinkType", e."SourceExerciseId", e."TargetExerciseId", e."UpdatedAt"
      FROM "ExerciseLinks" AS e
info: 7/12/2025 16:16:36.381 RelationalEventId.CommandExecuted[20101] (Microsoft.EntityFrameworkCore.Database.Command) 
      Executed DbCommand (0ms) [Parameters=[], CommandType='Text', CommandTimeout='30']
      SELECT e."Id", e."CreatedAt", e."DisplayOrder", e."IsActive", e."LinkType", e."SourceExerciseId", e."TargetExerciseId", e."UpdatedAt"
      FROM "ExerciseLinks" AS e
dbug: Microsoft.EntityFrameworkCore.Database.Command[20301]
      Closing data reader to 'bddtestdb' on server 'tcp://127.0.0.1:33517'.
dbug: Microsoft.EntityFrameworkCore.Database.Command[20300]
      A data reader for 'bddtestdb' on server 'tcp://127.0.0.1:33517' is being disposed after spending 0ms reading results.
dbug: Microsoft.EntityFrameworkCore.Database.Command[20103]
      Creating DbCommand for 'ExecuteReader'.
dbug: Microsoft.EntityFrameworkCore.Database.Command[20104]
      Created DbCommand for 'ExecuteReader' (0ms).
dbug: Microsoft.EntityFrameworkCore.Database.Command[20106]
      Initialized DbCommand for 'ExecuteReader' (0ms).
dbug: Microsoft.EntityFrameworkCore.Database.Command[20100]
      Executing DbCommand [Parameters=[], CommandType='Text', CommandTimeout='30']
      SELECT e."Id", e."Description", e."DifficultyId", e."ExerciseWeightTypeId", e."ImageUrl", e."IsActive", e."IsUnilateral", e."KineticChainId", e."Name", e."VideoUrl"
      FROM "Exercises" AS e
info: Microsoft.EntityFrameworkCore.Database.Command[20101]
      Executed DbCommand (0ms) [Parameters=[], CommandType='Text', CommandTimeout='30']
      SELECT e."Id", e."Description", e."DifficultyId", e."ExerciseWeightTypeId", e."ImageUrl", e."IsActive", e."IsUnilateral", e."KineticChainId", e."Name", e."VideoUrl"
      FROM "Exercises" AS e
info: 7/12/2025 16:16:36.381 RelationalEventId.CommandExecuted[20101] (Microsoft.EntityFrameworkCore.Database.Command) 
      Executed DbCommand (0ms) [Parameters=[], CommandType='Text', CommandTimeout='30']
      SELECT e."Id", e."Description", e."DifficultyId", e."ExerciseWeightTypeId", e."ImageUrl", e."IsActive", e."IsUnilateral", e."KineticChainId", e."Name", e."VideoUrl"
      FROM "Exercises" AS e
dbug: Microsoft.EntityFrameworkCore.Database.Command[20301]
      Closing data reader to 'bddtestdb' on server 'tcp://127.0.0.1:33517'.
dbug: Microsoft.EntityFrameworkCore.Database.Command[20300]
      A data reader for 'bddtestdb' on server 'tcp://127.0.0.1:33517' is being disposed after spending 0ms reading results.
dbug: Microsoft.EntityFrameworkCore.Database.Command[20103]
      Creating DbCommand for 'ExecuteReader'.
dbug: Microsoft.EntityFrameworkCore.Database.Command[20104]
      Created DbCommand for 'ExecuteReader' (0ms).
dbug: Microsoft.EntityFrameworkCore.Database.Command[20106]
      Initialized DbCommand for 'ExecuteReader' (0ms).
dbug: Microsoft.EntityFrameworkCore.Database.Command[20100]
      Executing DbCommand [Parameters=[], CommandType='Text', CommandTimeout='30']
      SELECT e."Id", e."CreatedAt", e."DisplayOrder", e."IsActive", e."LinkType", e."SourceExerciseId", e."TargetExerciseId", e."UpdatedAt"
      FROM "ExerciseLinks" AS e
info: Microsoft.EntityFrameworkCore.Database.Command[20101]
      Executed DbCommand (0ms) [Parameters=[], CommandType='Text', CommandTimeout='30']
      SELECT e."Id", e."CreatedAt", e."DisplayOrder", e."IsActive", e."LinkType", e."SourceExerciseId", e."TargetExerciseId", e."UpdatedAt"
      FROM "ExerciseLinks" AS e
info: 7/12/2025 16:16:36.382 RelationalEventId.CommandExecuted[20101] (Microsoft.EntityFrameworkCore.Database.Command) 
      Executed DbCommand (0ms) [Parameters=[], CommandType='Text', CommandTimeout='30']
      SELECT e."Id", e."CreatedAt", e."DisplayOrder", e."IsActive", e."LinkType", e."SourceExerciseId", e."TargetExerciseId", e."UpdatedAt"
      FROM "ExerciseLinks" AS e
dbug: Microsoft.EntityFrameworkCore.Database.Command[20301]
      Closing data reader to 'bddtestdb' on server 'tcp://127.0.0.1:33517'.
dbug: Microsoft.EntityFrameworkCore.Database.Command[20300]
      A data reader for 'bddtestdb' on server 'tcp://127.0.0.1:33517' is being disposed after spending 0ms reading results.
dbug: Microsoft.EntityFrameworkCore.Database.Command[20103]
      Creating DbCommand for 'ExecuteReader'.
dbug: Microsoft.EntityFrameworkCore.Database.Command[20104]
      Created DbCommand for 'ExecuteReader' (0ms).
dbug: Microsoft.EntityFrameworkCore.Database.Command[20106]
      Initialized DbCommand for 'ExecuteReader' (0ms).
dbug: Microsoft.EntityFrameworkCore.Database.Command[20100]
      Executing DbCommand [Parameters=[], CommandType='Text', CommandTimeout='30']
      SELECT e."Id", e."Description", e."DifficultyId", e."ExerciseWeightTypeId", e."ImageUrl", e."IsActive", e."IsUnilateral", e."KineticChainId", e."Name", e."VideoUrl"
      FROM "Exercises" AS e
info: Microsoft.EntityFrameworkCore.Database.Command[20101]
      Executed DbCommand (0ms) [Parameters=[], CommandType='Text', CommandTimeout='30']
      SELECT e."Id", e."Description", e."DifficultyId", e."ExerciseWeightTypeId", e."ImageUrl", e."IsActive", e."IsUnilateral", e."KineticChainId", e."Name", e."VideoUrl"
      FROM "Exercises" AS e
info: 7/12/2025 16:16:36.382 RelationalEventId.CommandExecuted[20101] (Microsoft.EntityFrameworkCore.Database.Command) 
      Executed DbCommand (0ms) [Parameters=[], CommandType='Text', CommandTimeout='30']
      SELECT e."Id", e."Description", e."DifficultyId", e."ExerciseWeightTypeId", e."ImageUrl", e."IsActive", e."IsUnilateral", e."KineticChainId", e."Name", e."VideoUrl"
      FROM "Exercises" AS e
dbug: Microsoft.EntityFrameworkCore.Database.Command[20301]
      Closing data reader to 'bddtestdb' on server 'tcp://127.0.0.1:33517'.
dbug: Microsoft.EntityFrameworkCore.Database.Command[20300]
      A data reader for 'bddtestdb' on server 'tcp://127.0.0.1:33517' is being disposed after spending 0ms reading results.
dbug: Microsoft.EntityFrameworkCore.Database.Command[20103]
      Creating DbCommand for 'ExecuteScalar'.
dbug: Microsoft.EntityFrameworkCore.Database.Command[20104]
      Created DbCommand for 'ExecuteScalar' (0ms).
dbug: Microsoft.EntityFrameworkCore.Database.Command[20106]
      Initialized DbCommand for 'ExecuteScalar' (0ms).
dbug: Microsoft.EntityFrameworkCore.Database.Command[20100]
      Executing DbCommand [Parameters=[], CommandType='Text', CommandTimeout='30']
      SELECT CASE WHEN COUNT(*) = 0 THEN FALSE ELSE TRUE END
      FROM pg_class AS cls
      JOIN pg_namespace AS ns ON ns.oid = cls.relnamespace
      WHERE
              cls.relkind IN ('r', 'v', 'm', 'f', 'p') AND
              ns.nspname NOT IN ('pg_catalog', 'information_schema') AND
              -- Exclude tables which are members of PG extensions
              NOT EXISTS (
                  SELECT 1 FROM pg_depend WHERE
                      classid=(
                          SELECT cls.oid
                          FROM pg_class AS cls
                                   JOIN pg_namespace AS ns ON ns.oid = cls.relnamespace
                          WHERE relname='pg_class' AND ns.nspname='pg_catalog'
                      ) AND
                      objid=cls.oid AND
                      deptype IN ('e', 'x')
              )
info: Microsoft.EntityFrameworkCore.Database.Command[20101]
      Executed DbCommand (1ms) [Parameters=[], CommandType='Text', CommandTimeout='30']
      SELECT CASE WHEN COUNT(*) = 0 THEN FALSE ELSE TRUE END
      FROM pg_class AS cls
      JOIN pg_namespace AS ns ON ns.oid = cls.relnamespace
      WHERE
              cls.relkind IN ('r', 'v', 'm', 'f', 'p') AND
              ns.nspname NOT IN ('pg_catalog', 'information_schema') AND
              -- Exclude tables which are members of PG extensions
              NOT EXISTS (
                  SELECT 1 FROM pg_depend WHERE
                      classid=(
                          SELECT cls.oid
                          FROM pg_class AS cls
                                   JOIN pg_namespace AS ns ON ns.oid = cls.relnamespace
                          WHERE relname='pg_class' AND ns.nspname='pg_catalog'
                      ) AND
                      objid=cls.oid AND
                      deptype IN ('e', 'x')
              )
info: 7/12/2025 16:16:36.389 RelationalEventId.CommandExecuted[20101] (Microsoft.EntityFrameworkCore.Database.Command) 
      Executed DbCommand (1ms) [Parameters=[], CommandType='Text', CommandTimeout='30']
      SELECT CASE WHEN COUNT(*) = 0 THEN FALSE ELSE TRUE END
      FROM pg_class AS cls
      JOIN pg_namespace AS ns ON ns.oid = cls.relnamespace
      WHERE
              cls.relkind IN ('r', 'v', 'm', 'f', 'p') AND
              ns.nspname NOT IN ('pg_catalog', 'information_schema') AND
              -- Exclude tables which are members of PG extensions
              NOT EXISTS (
                  SELECT 1 FROM pg_depend WHERE
                      classid=(
                          SELECT cls.oid
                          FROM pg_class AS cls
                                   JOIN pg_namespace AS ns ON ns.oid = cls.relnamespace
                          WHERE relname='pg_class' AND ns.nspname='pg_catalog'
                      ) AND
                      objid=cls.oid AND
                      deptype IN ('e', 'x')
              )
dbug: Microsoft.EntityFrameworkCore.Database.Command[20103]
      Creating DbCommand for 'ExecuteReader'.
dbug: Microsoft.EntityFrameworkCore.Database.Command[20104]
      Created DbCommand for 'ExecuteReader' (0ms).
dbug: Microsoft.EntityFrameworkCore.Database.Command[20106]
      Initialized DbCommand for 'ExecuteReader' (0ms).
dbug: Microsoft.EntityFrameworkCore.Database.Command[20100]
      Executing DbCommand [Parameters=[], CommandType='Text', CommandTimeout='30']
      SELECT EXISTS (
          SELECT 1
          FROM "BodyParts" AS b)
info: Microsoft.EntityFrameworkCore.Database.Command[20101]
      Executed DbCommand (0ms) [Parameters=[], CommandType='Text', CommandTimeout='30']
      SELECT EXISTS (
          SELECT 1
          FROM "BodyParts" AS b)
info: 7/12/2025 16:16:36.389 RelationalEventId.CommandExecuted[20101] (Microsoft.EntityFrameworkCore.Database.Command) 
      Executed DbCommand (0ms) [Parameters=[], CommandType='Text', CommandTimeout='30']
      SELECT EXISTS (
          SELECT 1
          FROM "BodyParts" AS b)
dbug: Microsoft.EntityFrameworkCore.Database.Command[20301]
      Closing data reader to 'bddtestdb' on server 'tcp://127.0.0.1:33517'.
dbug: Microsoft.EntityFrameworkCore.Database.Command[20300]
      A data reader for 'bddtestdb' on server 'tcp://127.0.0.1:33517' is being disposed after spending 0ms reading results.
dbug: Microsoft.EntityFrameworkCore.Database.Command[20103]
      Creating DbCommand for 'ExecuteScalar'.
dbug: Microsoft.EntityFrameworkCore.Database.Command[20104]
      Created DbCommand for 'ExecuteScalar' (0ms).
dbug: Microsoft.EntityFrameworkCore.Database.Command[20106]
      Initialized DbCommand for 'ExecuteScalar' (0ms).
dbug: Microsoft.EntityFrameworkCore.Database.Command[20100]
      Executing DbCommand [Parameters=[], CommandType='Text', CommandTimeout='30']
      SELECT CASE WHEN COUNT(*) = 0 THEN FALSE ELSE TRUE END
      FROM pg_class AS cls
      JOIN pg_namespace AS ns ON ns.oid = cls.relnamespace
      WHERE
              cls.relkind IN ('r', 'v', 'm', 'f', 'p') AND
              ns.nspname NOT IN ('pg_catalog', 'information_schema') AND
              -- Exclude tables which are members of PG extensions
              NOT EXISTS (
                  SELECT 1 FROM pg_depend WHERE
                      classid=(
                          SELECT cls.oid
                          FROM pg_class AS cls
                                   JOIN pg_namespace AS ns ON ns.oid = cls.relnamespace
                          WHERE relname='pg_class' AND ns.nspname='pg_catalog'
                      ) AND
                      objid=cls.oid AND
                      deptype IN ('e', 'x')
              )
info: Microsoft.EntityFrameworkCore.Database.Command[20101]
      Executed DbCommand (1ms) [Parameters=[], CommandType='Text', CommandTimeout='30']
      SELECT CASE WHEN COUNT(*) = 0 THEN FALSE ELSE TRUE END
      FROM pg_class AS cls
      JOIN pg_namespace AS ns ON ns.oid = cls.relnamespace
      WHERE
              cls.relkind IN ('r', 'v', 'm', 'f', 'p') AND
              ns.nspname NOT IN ('pg_catalog', 'information_schema') AND
              -- Exclude tables which are members of PG extensions
              NOT EXISTS (
                  SELECT 1 FROM pg_depend WHERE
                      classid=(
                          SELECT cls.oid
                          FROM pg_class AS cls
                                   JOIN pg_namespace AS ns ON ns.oid = cls.relnamespace
                          WHERE relname='pg_class' AND ns.nspname='pg_catalog'
                      ) AND
                      objid=cls.oid AND
                      deptype IN ('e', 'x')
              )
info: 7/12/2025 16:16:36.396 RelationalEventId.CommandExecuted[20101] (Microsoft.EntityFrameworkCore.Database.Command) 
      Executed DbCommand (1ms) [Parameters=[], CommandType='Text', CommandTimeout='30']
      SELECT CASE WHEN COUNT(*) = 0 THEN FALSE ELSE TRUE END
      FROM pg_class AS cls
      JOIN pg_namespace AS ns ON ns.oid = cls.relnamespace
      WHERE
              cls.relkind IN ('r', 'v', 'm', 'f', 'p') AND
              ns.nspname NOT IN ('pg_catalog', 'information_schema') AND
              -- Exclude tables which are members of PG extensions
              NOT EXISTS (
                  SELECT 1 FROM pg_depend WHERE
                      classid=(
                          SELECT cls.oid
                          FROM pg_class AS cls
                                   JOIN pg_namespace AS ns ON ns.oid = cls.relnamespace
                          WHERE relname='pg_class' AND ns.nspname='pg_catalog'
                      ) AND
                      objid=cls.oid AND
                      deptype IN ('e', 'x')
              )
dbug: Microsoft.EntityFrameworkCore.Database.Command[20103]
      Creating DbCommand for 'ExecuteReader'.
dbug: Microsoft.EntityFrameworkCore.Database.Command[20104]
      Created DbCommand for 'ExecuteReader' (0ms).
dbug: Microsoft.EntityFrameworkCore.Database.Command[20106]
      Initialized DbCommand for 'ExecuteReader' (0ms).
dbug: Microsoft.EntityFrameworkCore.Database.Command[20100]
      Executing DbCommand [Parameters=[], CommandType='Text', CommandTimeout='30']
      SELECT EXISTS (
          SELECT 1
          FROM "BodyParts" AS b)
info: Microsoft.EntityFrameworkCore.Database.Command[20101]
      Executed DbCommand (0ms) [Parameters=[], CommandType='Text', CommandTimeout='30']
      SELECT EXISTS (
          SELECT 1
          FROM "BodyParts" AS b)
info: 7/12/2025 16:16:36.397 RelationalEventId.CommandExecuted[20101] (Microsoft.EntityFrameworkCore.Database.Command) 
      Executed DbCommand (0ms) [Parameters=[], CommandType='Text', CommandTimeout='30']
      SELECT EXISTS (
          SELECT 1
          FROM "BodyParts" AS b)
dbug: Microsoft.EntityFrameworkCore.Database.Command[20301]
      Closing data reader to 'bddtestdb' on server 'tcp://127.0.0.1:33517'.
dbug: Microsoft.EntityFrameworkCore.Database.Command[20300]
      A data reader for 'bddtestdb' on server 'tcp://127.0.0.1:33517' is being disposed after spending 0ms reading results.
dbug: Microsoft.EntityFrameworkCore.Database.Command[20103]
      Creating DbCommand for 'ExecuteReader'.
dbug: Microsoft.EntityFrameworkCore.Database.Command[20104]
      Created DbCommand for 'ExecuteReader' (0ms).
dbug: Microsoft.EntityFrameworkCore.Database.Command[20106]
      Initialized DbCommand for 'ExecuteReader' (0ms).
dbug: Microsoft.EntityFrameworkCore.Database.Command[20100]
      Executing DbCommand [Parameters=[], CommandType='Text', CommandTimeout='30']
      SELECT e."Id", e."CreatedAt", e."DisplayOrder", e."IsActive", e."LinkType", e."SourceExerciseId", e."TargetExerciseId", e."UpdatedAt"
      FROM "ExerciseLinks" AS e
info: Microsoft.EntityFrameworkCore.Database.Command[20101]
      Executed DbCommand (0ms) [Parameters=[], CommandType='Text', CommandTimeout='30']
      SELECT e."Id", e."CreatedAt", e."DisplayOrder", e."IsActive", e."LinkType", e."SourceExerciseId", e."TargetExerciseId", e."UpdatedAt"
      FROM "ExerciseLinks" AS e
info: 7/12/2025 16:16:36.401 RelationalEventId.CommandExecuted[20101] (Microsoft.EntityFrameworkCore.Database.Command) 
      Executed DbCommand (0ms) [Parameters=[], CommandType='Text', CommandTimeout='30']
      SELECT e."Id", e."CreatedAt", e."DisplayOrder", e."IsActive", e."LinkType", e."SourceExerciseId", e."TargetExerciseId", e."UpdatedAt"
      FROM "ExerciseLinks" AS e
dbug: Microsoft.EntityFrameworkCore.Database.Command[20301]
      Closing data reader to 'bddtestdb' on server 'tcp://127.0.0.1:33517'.
dbug: Microsoft.EntityFrameworkCore.Database.Command[20300]
      A data reader for 'bddtestdb' on server 'tcp://127.0.0.1:33517' is being disposed after spending 0ms reading results.
dbug: Microsoft.EntityFrameworkCore.Database.Command[20103]
      Creating DbCommand for 'ExecuteReader'.
dbug: Microsoft.EntityFrameworkCore.Database.Command[20104]
      Created DbCommand for 'ExecuteReader' (0ms).
dbug: Microsoft.EntityFrameworkCore.Database.Command[20106]
      Initialized DbCommand for 'ExecuteReader' (0ms).
dbug: Microsoft.EntityFrameworkCore.Database.Command[20100]
      Executing DbCommand [Parameters=[], CommandType='Text', CommandTimeout='30']
      SELECT e."Id", e."Description", e."DifficultyId", e."ExerciseWeightTypeId", e."ImageUrl", e."IsActive", e."IsUnilateral", e."KineticChainId", e."Name", e."VideoUrl"
      FROM "Exercises" AS e
info: Microsoft.EntityFrameworkCore.Database.Command[20101]
      Executed DbCommand (0ms) [Parameters=[], CommandType='Text', CommandTimeout='30']
      SELECT e."Id", e."Description", e."DifficultyId", e."ExerciseWeightTypeId", e."ImageUrl", e."IsActive", e."IsUnilateral", e."KineticChainId", e."Name", e."VideoUrl"
      FROM "Exercises" AS e
info: 7/12/2025 16:16:36.401 RelationalEventId.CommandExecuted[20101] (Microsoft.EntityFrameworkCore.Database.Command) 
      Executed DbCommand (0ms) [Parameters=[], CommandType='Text', CommandTimeout='30']
      SELECT e."Id", e."Description", e."DifficultyId", e."ExerciseWeightTypeId", e."ImageUrl", e."IsActive", e."IsUnilateral", e."KineticChainId", e."Name", e."VideoUrl"
      FROM "Exercises" AS e
dbug: Microsoft.EntityFrameworkCore.Database.Command[20301]
      Closing data reader to 'bddtestdb' on server 'tcp://127.0.0.1:33517'.
dbug: Microsoft.EntityFrameworkCore.Database.Command[20300]
      A data reader for 'bddtestdb' on server 'tcp://127.0.0.1:33517' is being disposed after spending 0ms reading results.
dbug: Microsoft.EntityFrameworkCore.Database.Command[20103]
      Creating DbCommand for 'ExecuteScalar'.
dbug: Microsoft.EntityFrameworkCore.Database.Command[20104]
      Created DbCommand for 'ExecuteScalar' (0ms).
dbug: Microsoft.EntityFrameworkCore.Database.Command[20106]
      Initialized DbCommand for 'ExecuteScalar' (0ms).
dbug: Microsoft.EntityFrameworkCore.Database.Command[20100]
      Executing DbCommand [Parameters=[], CommandType='Text', CommandTimeout='30']
      SELECT CASE WHEN COUNT(*) = 0 THEN FALSE ELSE TRUE END
      FROM pg_class AS cls
      JOIN pg_namespace AS ns ON ns.oid = cls.relnamespace
      WHERE
              cls.relkind IN ('r', 'v', 'm', 'f', 'p') AND
              ns.nspname NOT IN ('pg_catalog', 'information_schema') AND
              -- Exclude tables which are members of PG extensions
              NOT EXISTS (
                  SELECT 1 FROM pg_depend WHERE
                      classid=(
                          SELECT cls.oid
                          FROM pg_class AS cls
                                   JOIN pg_namespace AS ns ON ns.oid = cls.relnamespace
                          WHERE relname='pg_class' AND ns.nspname='pg_catalog'
                      ) AND
                      objid=cls.oid AND
                      deptype IN ('e', 'x')
              )
info: Microsoft.EntityFrameworkCore.Database.Command[20101]
      Executed DbCommand (1ms) [Parameters=[], CommandType='Text', CommandTimeout='30']
      SELECT CASE WHEN COUNT(*) = 0 THEN FALSE ELSE TRUE END
      FROM pg_class AS cls
      JOIN pg_namespace AS ns ON ns.oid = cls.relnamespace
      WHERE
              cls.relkind IN ('r', 'v', 'm', 'f', 'p') AND
              ns.nspname NOT IN ('pg_catalog', 'information_schema') AND
              -- Exclude tables which are members of PG extensions
              NOT EXISTS (
                  SELECT 1 FROM pg_depend WHERE
                      classid=(
                          SELECT cls.oid
                          FROM pg_class AS cls
                                   JOIN pg_namespace AS ns ON ns.oid = cls.relnamespace
                          WHERE relname='pg_class' AND ns.nspname='pg_catalog'
                      ) AND
                      objid=cls.oid AND
                      deptype IN ('e', 'x')
              )
info: 7/12/2025 16:16:36.408 RelationalEventId.CommandExecuted[20101] (Microsoft.EntityFrameworkCore.Database.Command) 
      Executed DbCommand (1ms) [Parameters=[], CommandType='Text', CommandTimeout='30']
      SELECT CASE WHEN COUNT(*) = 0 THEN FALSE ELSE TRUE END
      FROM pg_class AS cls
      JOIN pg_namespace AS ns ON ns.oid = cls.relnamespace
      WHERE
              cls.relkind IN ('r', 'v', 'm', 'f', 'p') AND
              ns.nspname NOT IN ('pg_catalog', 'information_schema') AND
              -- Exclude tables which are members of PG extensions
              NOT EXISTS (
                  SELECT 1 FROM pg_depend WHERE
                      classid=(
                          SELECT cls.oid
                          FROM pg_class AS cls
                                   JOIN pg_namespace AS ns ON ns.oid = cls.relnamespace
                          WHERE relname='pg_class' AND ns.nspname='pg_catalog'
                      ) AND
                      objid=cls.oid AND
                      deptype IN ('e', 'x')
              )
dbug: Microsoft.EntityFrameworkCore.Database.Command[20103]
      Creating DbCommand for 'ExecuteReader'.
dbug: Microsoft.EntityFrameworkCore.Database.Command[20104]
      Created DbCommand for 'ExecuteReader' (0ms).
dbug: Microsoft.EntityFrameworkCore.Database.Command[20106]
      Initialized DbCommand for 'ExecuteReader' (0ms).
dbug: Microsoft.EntityFrameworkCore.Database.Command[20100]
      Executing DbCommand [Parameters=[], CommandType='Text', CommandTimeout='30']
      SELECT EXISTS (
          SELECT 1
          FROM "BodyParts" AS b)
info: Microsoft.EntityFrameworkCore.Database.Command[20101]
      Executed DbCommand (0ms) [Parameters=[], CommandType='Text', CommandTimeout='30']
      SELECT EXISTS (
          SELECT 1
          FROM "BodyParts" AS b)
info: 7/12/2025 16:16:36.408 RelationalEventId.CommandExecuted[20101] (Microsoft.EntityFrameworkCore.Database.Command) 
      Executed DbCommand (0ms) [Parameters=[], CommandType='Text', CommandTimeout='30']
      SELECT EXISTS (
          SELECT 1
          FROM "BodyParts" AS b)
dbug: Microsoft.EntityFrameworkCore.Database.Command[20301]
      Closing data reader to 'bddtestdb' on server 'tcp://127.0.0.1:33517'.
dbug: Microsoft.EntityFrameworkCore.Database.Command[20300]
      A data reader for 'bddtestdb' on server 'tcp://127.0.0.1:33517' is being disposed after spending 0ms reading results.
dbug: Microsoft.EntityFrameworkCore.Database.Command[20103]
      Creating DbCommand for 'ExecuteReader'.
dbug: Microsoft.EntityFrameworkCore.Database.Command[20104]
      Created DbCommand for 'ExecuteReader' (0ms).
dbug: Microsoft.EntityFrameworkCore.Database.Command[20106]
      Initialized DbCommand for 'ExecuteReader' (0ms).
dbug: Microsoft.EntityFrameworkCore.Database.Command[20100]
      Executing DbCommand [Parameters=[], CommandType='Text', CommandTimeout='30']
      SELECT e."Id", e."CreatedAt", e."DisplayOrder", e."IsActive", e."LinkType", e."SourceExerciseId", e."TargetExerciseId", e."UpdatedAt"
      FROM "ExerciseLinks" AS e
info: Microsoft.EntityFrameworkCore.Database.Command[20101]
      Executed DbCommand (0ms) [Parameters=[], CommandType='Text', CommandTimeout='30']
      SELECT e."Id", e."CreatedAt", e."DisplayOrder", e."IsActive", e."LinkType", e."SourceExerciseId", e."TargetExerciseId", e."UpdatedAt"
      FROM "ExerciseLinks" AS e
info: 7/12/2025 16:16:36.412 RelationalEventId.CommandExecuted[20101] (Microsoft.EntityFrameworkCore.Database.Command) 
      Executed DbCommand (0ms) [Parameters=[], CommandType='Text', CommandTimeout='30']
      SELECT e."Id", e."CreatedAt", e."DisplayOrder", e."IsActive", e."LinkType", e."SourceExerciseId", e."TargetExerciseId", e."UpdatedAt"
      FROM "ExerciseLinks" AS e
dbug: Microsoft.EntityFrameworkCore.Database.Command[20301]
      Closing data reader to 'bddtestdb' on server 'tcp://127.0.0.1:33517'.
dbug: Microsoft.EntityFrameworkCore.Database.Command[20300]
      A data reader for 'bddtestdb' on server 'tcp://127.0.0.1:33517' is being disposed after spending 0ms reading results.
dbug: Microsoft.EntityFrameworkCore.Database.Command[20103]
      Creating DbCommand for 'ExecuteReader'.
dbug: Microsoft.EntityFrameworkCore.Database.Command[20104]
      Created DbCommand for 'ExecuteReader' (0ms).
dbug: Microsoft.EntityFrameworkCore.Database.Command[20106]
      Initialized DbCommand for 'ExecuteReader' (0ms).
dbug: Microsoft.EntityFrameworkCore.Database.Command[20100]
      Executing DbCommand [Parameters=[], CommandType='Text', CommandTimeout='30']
      SELECT e."Id", e."Description", e."DifficultyId", e."ExerciseWeightTypeId", e."ImageUrl", e."IsActive", e."IsUnilateral", e."KineticChainId", e."Name", e."VideoUrl"
      FROM "Exercises" AS e
info: Microsoft.EntityFrameworkCore.Database.Command[20101]
      Executed DbCommand (0ms) [Parameters=[], CommandType='Text', CommandTimeout='30']
      SELECT e."Id", e."Description", e."DifficultyId", e."ExerciseWeightTypeId", e."ImageUrl", e."IsActive", e."IsUnilateral", e."KineticChainId", e."Name", e."VideoUrl"
      FROM "Exercises" AS e
info: 7/12/2025 16:16:36.413 RelationalEventId.CommandExecuted[20101] (Microsoft.EntityFrameworkCore.Database.Command) 
      Executed DbCommand (0ms) [Parameters=[], CommandType='Text', CommandTimeout='30']
      SELECT e."Id", e."Description", e."DifficultyId", e."ExerciseWeightTypeId", e."ImageUrl", e."IsActive", e."IsUnilateral", e."KineticChainId", e."Name", e."VideoUrl"
      FROM "Exercises" AS e
dbug: Microsoft.EntityFrameworkCore.Database.Command[20301]
      Closing data reader to 'bddtestdb' on server 'tcp://127.0.0.1:33517'.
dbug: Microsoft.EntityFrameworkCore.Database.Command[20300]
      A data reader for 'bddtestdb' on server 'tcp://127.0.0.1:33517' is being disposed after spending 0ms reading results.
dbug: Microsoft.EntityFrameworkCore.Database.Command[20103]
      Creating DbCommand for 'ExecuteReader'.
dbug: Microsoft.EntityFrameworkCore.Database.Command[20104]
      Created DbCommand for 'ExecuteReader' (0ms).
dbug: Microsoft.EntityFrameworkCore.Database.Command[20106]
      Initialized DbCommand for 'ExecuteReader' (0ms).
dbug: Microsoft.EntityFrameworkCore.Database.Command[20100]
      Executing DbCommand [Parameters=[], CommandType='Text', CommandTimeout='30']
      SELECT e."Id", e."CreatedAt", e."DisplayOrder", e."IsActive", e."LinkType", e."SourceExerciseId", e."TargetExerciseId", e."UpdatedAt"
      FROM "ExerciseLinks" AS e
info: Microsoft.EntityFrameworkCore.Database.Command[20101]
      Executed DbCommand (0ms) [Parameters=[], CommandType='Text', CommandTimeout='30']
      SELECT e."Id", e."CreatedAt", e."DisplayOrder", e."IsActive", e."LinkType", e."SourceExerciseId", e."TargetExerciseId", e."UpdatedAt"
      FROM "ExerciseLinks" AS e
info: 7/12/2025 16:16:36.414 RelationalEventId.CommandExecuted[20101] (Microsoft.EntityFrameworkCore.Database.Command) 
      Executed DbCommand (0ms) [Parameters=[], CommandType='Text', CommandTimeout='30']
      SELECT e."Id", e."CreatedAt", e."DisplayOrder", e."IsActive", e."LinkType", e."SourceExerciseId", e."TargetExerciseId", e."UpdatedAt"
      FROM "ExerciseLinks" AS e
dbug: Microsoft.EntityFrameworkCore.Database.Command[20301]
      Closing data reader to 'bddtestdb' on server 'tcp://127.0.0.1:33517'.
dbug: Microsoft.EntityFrameworkCore.Database.Command[20300]
      A data reader for 'bddtestdb' on server 'tcp://127.0.0.1:33517' is being disposed after spending 0ms reading results.
dbug: Microsoft.EntityFrameworkCore.Database.Command[20103]
      Creating DbCommand for 'ExecuteReader'.
dbug: Microsoft.EntityFrameworkCore.Database.Command[20104]
      Created DbCommand for 'ExecuteReader' (0ms).
dbug: Microsoft.EntityFrameworkCore.Database.Command[20106]
      Initialized DbCommand for 'ExecuteReader' (0ms).
dbug: Microsoft.EntityFrameworkCore.Database.Command[20100]
      Executing DbCommand [Parameters=[], CommandType='Text', CommandTimeout='30']
      SELECT e."Id", e."Description", e."DifficultyId", e."ExerciseWeightTypeId", e."ImageUrl", e."IsActive", e."IsUnilateral", e."KineticChainId", e."Name", e."VideoUrl"
      FROM "Exercises" AS e
info: Microsoft.EntityFrameworkCore.Database.Command[20101]
      Executed DbCommand (0ms) [Parameters=[], CommandType='Text', CommandTimeout='30']
      SELECT e."Id", e."Description", e."DifficultyId", e."ExerciseWeightTypeId", e."ImageUrl", e."IsActive", e."IsUnilateral", e."KineticChainId", e."Name", e."VideoUrl"
      FROM "Exercises" AS e
info: 7/12/2025 16:16:36.414 RelationalEventId.CommandExecuted[20101] (Microsoft.EntityFrameworkCore.Database.Command) 
      Executed DbCommand (0ms) [Parameters=[], CommandType='Text', CommandTimeout='30']
      SELECT e."Id", e."Description", e."DifficultyId", e."ExerciseWeightTypeId", e."ImageUrl", e."IsActive", e."IsUnilateral", e."KineticChainId", e."Name", e."VideoUrl"
      FROM "Exercises" AS e
dbug: Microsoft.EntityFrameworkCore.Database.Command[20301]
      Closing data reader to 'bddtestdb' on server 'tcp://127.0.0.1:33517'.
dbug: Microsoft.EntityFrameworkCore.Database.Command[20300]
      A data reader for 'bddtestdb' on server 'tcp://127.0.0.1:33517' is being disposed after spending 0ms reading results.
dbug: Microsoft.EntityFrameworkCore.Database.Command[20103]
      Creating DbCommand for 'ExecuteScalar'.
dbug: Microsoft.EntityFrameworkCore.Database.Command[20104]
      Created DbCommand for 'ExecuteScalar' (0ms).
dbug: Microsoft.EntityFrameworkCore.Database.Command[20106]
      Initialized DbCommand for 'ExecuteScalar' (0ms).
dbug: Microsoft.EntityFrameworkCore.Database.Command[20100]
      Executing DbCommand [Parameters=[], CommandType='Text', CommandTimeout='30']
      SELECT CASE WHEN COUNT(*) = 0 THEN FALSE ELSE TRUE END
      FROM pg_class AS cls
      JOIN pg_namespace AS ns ON ns.oid = cls.relnamespace
      WHERE
              cls.relkind IN ('r', 'v', 'm', 'f', 'p') AND
              ns.nspname NOT IN ('pg_catalog', 'information_schema') AND
              -- Exclude tables which are members of PG extensions
              NOT EXISTS (
                  SELECT 1 FROM pg_depend WHERE
                      classid=(
                          SELECT cls.oid
                          FROM pg_class AS cls
                                   JOIN pg_namespace AS ns ON ns.oid = cls.relnamespace
                          WHERE relname='pg_class' AND ns.nspname='pg_catalog'
                      ) AND
                      objid=cls.oid AND
                      deptype IN ('e', 'x')
              )
info: Microsoft.EntityFrameworkCore.Database.Command[20101]
      Executed DbCommand (2ms) [Parameters=[], CommandType='Text', CommandTimeout='30']
      SELECT CASE WHEN COUNT(*) = 0 THEN FALSE ELSE TRUE END
      FROM pg_class AS cls
      JOIN pg_namespace AS ns ON ns.oid = cls.relnamespace
      WHERE
              cls.relkind IN ('r', 'v', 'm', 'f', 'p') AND
              ns.nspname NOT IN ('pg_catalog', 'information_schema') AND
              -- Exclude tables which are members of PG extensions
              NOT EXISTS (
                  SELECT 1 FROM pg_depend WHERE
                      classid=(
                          SELECT cls.oid
                          FROM pg_class AS cls
                                   JOIN pg_namespace AS ns ON ns.oid = cls.relnamespace
                          WHERE relname='pg_class' AND ns.nspname='pg_catalog'
                      ) AND
                      objid=cls.oid AND
                      deptype IN ('e', 'x')
              )
info: 7/12/2025 16:16:36.422 RelationalEventId.CommandExecuted[20101] (Microsoft.EntityFrameworkCore.Database.Command) 
      Executed DbCommand (2ms) [Parameters=[], CommandType='Text', CommandTimeout='30']
      SELECT CASE WHEN COUNT(*) = 0 THEN FALSE ELSE TRUE END
      FROM pg_class AS cls
      JOIN pg_namespace AS ns ON ns.oid = cls.relnamespace
      WHERE
              cls.relkind IN ('r', 'v', 'm', 'f', 'p') AND
              ns.nspname NOT IN ('pg_catalog', 'information_schema') AND
              -- Exclude tables which are members of PG extensions
              NOT EXISTS (
                  SELECT 1 FROM pg_depend WHERE
                      classid=(
                          SELECT cls.oid
                          FROM pg_class AS cls
                                   JOIN pg_namespace AS ns ON ns.oid = cls.relnamespace
                          WHERE relname='pg_class' AND ns.nspname='pg_catalog'
                      ) AND
                      objid=cls.oid AND
                      deptype IN ('e', 'x')
              )
dbug: Microsoft.EntityFrameworkCore.Database.Command[20103]
      Creating DbCommand for 'ExecuteReader'.
dbug: Microsoft.EntityFrameworkCore.Database.Command[20104]
      Created DbCommand for 'ExecuteReader' (0ms).
dbug: Microsoft.EntityFrameworkCore.Database.Command[20106]
      Initialized DbCommand for 'ExecuteReader' (0ms).
dbug: Microsoft.EntityFrameworkCore.Database.Command[20100]
      Executing DbCommand [Parameters=[], CommandType='Text', CommandTimeout='30']
      SELECT EXISTS (
          SELECT 1
          FROM "BodyParts" AS b)
info: Microsoft.EntityFrameworkCore.Database.Command[20101]
      Executed DbCommand (0ms) [Parameters=[], CommandType='Text', CommandTimeout='30']
      SELECT EXISTS (
          SELECT 1
          FROM "BodyParts" AS b)
info: 7/12/2025 16:16:36.423 RelationalEventId.CommandExecuted[20101] (Microsoft.EntityFrameworkCore.Database.Command) 
      Executed DbCommand (0ms) [Parameters=[], CommandType='Text', CommandTimeout='30']
      SELECT EXISTS (
          SELECT 1
          FROM "BodyParts" AS b)
dbug: Microsoft.EntityFrameworkCore.Database.Command[20301]
      Closing data reader to 'bddtestdb' on server 'tcp://127.0.0.1:33517'.
dbug: Microsoft.EntityFrameworkCore.Database.Command[20300]
      A data reader for 'bddtestdb' on server 'tcp://127.0.0.1:33517' is being disposed after spending 0ms reading results.
dbug: Microsoft.EntityFrameworkCore.Database.Command[20103]
      Creating DbCommand for 'ExecuteScalar'.
dbug: Microsoft.EntityFrameworkCore.Database.Command[20104]
      Created DbCommand for 'ExecuteScalar' (0ms).
dbug: Microsoft.EntityFrameworkCore.Database.Command[20106]
      Initialized DbCommand for 'ExecuteScalar' (0ms).
dbug: Microsoft.EntityFrameworkCore.Database.Command[20100]
      Executing DbCommand [Parameters=[], CommandType='Text', CommandTimeout='30']
      SELECT CASE WHEN COUNT(*) = 0 THEN FALSE ELSE TRUE END
      FROM pg_class AS cls
      JOIN pg_namespace AS ns ON ns.oid = cls.relnamespace
      WHERE
              cls.relkind IN ('r', 'v', 'm', 'f', 'p') AND
              ns.nspname NOT IN ('pg_catalog', 'information_schema') AND
              -- Exclude tables which are members of PG extensions
              NOT EXISTS (
                  SELECT 1 FROM pg_depend WHERE
                      classid=(
                          SELECT cls.oid
                          FROM pg_class AS cls
                                   JOIN pg_namespace AS ns ON ns.oid = cls.relnamespace
                          WHERE relname='pg_class' AND ns.nspname='pg_catalog'
                      ) AND
                      objid=cls.oid AND
                      deptype IN ('e', 'x')
              )
info: Microsoft.EntityFrameworkCore.Database.Command[20101]
      Executed DbCommand (2ms) [Parameters=[], CommandType='Text', CommandTimeout='30']
      SELECT CASE WHEN COUNT(*) = 0 THEN FALSE ELSE TRUE END
      FROM pg_class AS cls
      JOIN pg_namespace AS ns ON ns.oid = cls.relnamespace
      WHERE
              cls.relkind IN ('r', 'v', 'm', 'f', 'p') AND
              ns.nspname NOT IN ('pg_catalog', 'information_schema') AND
              -- Exclude tables which are members of PG extensions
              NOT EXISTS (
                  SELECT 1 FROM pg_depend WHERE
                      classid=(
                          SELECT cls.oid
                          FROM pg_class AS cls
                                   JOIN pg_namespace AS ns ON ns.oid = cls.relnamespace
                          WHERE relname='pg_class' AND ns.nspname='pg_catalog'
                      ) AND
                      objid=cls.oid AND
                      deptype IN ('e', 'x')
              )
info: 7/12/2025 16:16:36.431 RelationalEventId.CommandExecuted[20101] (Microsoft.EntityFrameworkCore.Database.Command) 
      Executed DbCommand (2ms) [Parameters=[], CommandType='Text', CommandTimeout='30']
      SELECT CASE WHEN COUNT(*) = 0 THEN FALSE ELSE TRUE END
      FROM pg_class AS cls
      JOIN pg_namespace AS ns ON ns.oid = cls.relnamespace
      WHERE
              cls.relkind IN ('r', 'v', 'm', 'f', 'p') AND
              ns.nspname NOT IN ('pg_catalog', 'information_schema') AND
              -- Exclude tables which are members of PG extensions
              NOT EXISTS (
                  SELECT 1 FROM pg_depend WHERE
                      classid=(
                          SELECT cls.oid
                          FROM pg_class AS cls
                                   JOIN pg_namespace AS ns ON ns.oid = cls.relnamespace
                          WHERE relname='pg_class' AND ns.nspname='pg_catalog'
                      ) AND
                      objid=cls.oid AND
                      deptype IN ('e', 'x')
              )
dbug: Microsoft.EntityFrameworkCore.Database.Command[20103]
      Creating DbCommand for 'ExecuteReader'.
dbug: Microsoft.EntityFrameworkCore.Database.Command[20104]
      Created DbCommand for 'ExecuteReader' (0ms).
dbug: Microsoft.EntityFrameworkCore.Database.Command[20106]
      Initialized DbCommand for 'ExecuteReader' (0ms).
dbug: Microsoft.EntityFrameworkCore.Database.Command[20100]
      Executing DbCommand [Parameters=[], CommandType='Text', CommandTimeout='30']
      SELECT EXISTS (
          SELECT 1
          FROM "BodyParts" AS b)
info: Microsoft.EntityFrameworkCore.Database.Command[20101]
      Executed DbCommand (0ms) [Parameters=[], CommandType='Text', CommandTimeout='30']
      SELECT EXISTS (
          SELECT 1
          FROM "BodyParts" AS b)
info: 7/12/2025 16:16:36.432 RelationalEventId.CommandExecuted[20101] (Microsoft.EntityFrameworkCore.Database.Command) 
      Executed DbCommand (0ms) [Parameters=[], CommandType='Text', CommandTimeout='30']
      SELECT EXISTS (
          SELECT 1
          FROM "BodyParts" AS b)
dbug: Microsoft.EntityFrameworkCore.Database.Command[20301]
      Closing data reader to 'bddtestdb' on server 'tcp://127.0.0.1:33517'.
dbug: Microsoft.EntityFrameworkCore.Database.Command[20300]
      A data reader for 'bddtestdb' on server 'tcp://127.0.0.1:33517' is being disposed after spending 0ms reading results.
dbug: Microsoft.EntityFrameworkCore.Database.Command[20103]
      Creating DbCommand for 'ExecuteReader'.
dbug: Microsoft.EntityFrameworkCore.Database.Command[20104]
      Created DbCommand for 'ExecuteReader' (0ms).
dbug: Microsoft.EntityFrameworkCore.Database.Command[20106]
      Initialized DbCommand for 'ExecuteReader' (0ms).
dbug: Microsoft.EntityFrameworkCore.Database.Command[20100]
      Executing DbCommand [Parameters=[], CommandType='Text', CommandTimeout='30']
      SELECT e."Id", e."CreatedAt", e."DisplayOrder", e."IsActive", e."LinkType", e."SourceExerciseId", e."TargetExerciseId", e."UpdatedAt"
      FROM "ExerciseLinks" AS e
info: Microsoft.EntityFrameworkCore.Database.Command[20101]
      Executed DbCommand (1ms) [Parameters=[], CommandType='Text', CommandTimeout='30']
      SELECT e."Id", e."CreatedAt", e."DisplayOrder", e."IsActive", e."LinkType", e."SourceExerciseId", e."TargetExerciseId", e."UpdatedAt"
      FROM "ExerciseLinks" AS e
info: 7/12/2025 16:16:36.436 RelationalEventId.CommandExecuted[20101] (Microsoft.EntityFrameworkCore.Database.Command) 
      Executed DbCommand (1ms) [Parameters=[], CommandType='Text', CommandTimeout='30']
      SELECT e."Id", e."CreatedAt", e."DisplayOrder", e."IsActive", e."LinkType", e."SourceExerciseId", e."TargetExerciseId", e."UpdatedAt"
      FROM "ExerciseLinks" AS e
dbug: Microsoft.EntityFrameworkCore.Database.Command[20301]
      Closing data reader to 'bddtestdb' on server 'tcp://127.0.0.1:33517'.
dbug: Microsoft.EntityFrameworkCore.Database.Command[20300]
      A data reader for 'bddtestdb' on server 'tcp://127.0.0.1:33517' is being disposed after spending 0ms reading results.
dbug: Microsoft.EntityFrameworkCore.Database.Command[20103]
      Creating DbCommand for 'ExecuteReader'.
dbug: Microsoft.EntityFrameworkCore.Database.Command[20104]
      Created DbCommand for 'ExecuteReader' (0ms).
dbug: Microsoft.EntityFrameworkCore.Database.Command[20106]
      Initialized DbCommand for 'ExecuteReader' (0ms).
dbug: Microsoft.EntityFrameworkCore.Database.Command[20100]
      Executing DbCommand [Parameters=[], CommandType='Text', CommandTimeout='30']
      SELECT e."Id", e."Description", e."DifficultyId", e."ExerciseWeightTypeId", e."ImageUrl", e."IsActive", e."IsUnilateral", e."KineticChainId", e."Name", e."VideoUrl"
      FROM "Exercises" AS e
info: Microsoft.EntityFrameworkCore.Database.Command[20101]
      Executed DbCommand (0ms) [Parameters=[], CommandType='Text', CommandTimeout='30']
      SELECT e."Id", e."Description", e."DifficultyId", e."ExerciseWeightTypeId", e."ImageUrl", e."IsActive", e."IsUnilateral", e."KineticChainId", e."Name", e."VideoUrl"
      FROM "Exercises" AS e
info: 7/12/2025 16:16:36.437 RelationalEventId.CommandExecuted[20101] (Microsoft.EntityFrameworkCore.Database.Command) 
      Executed DbCommand (0ms) [Parameters=[], CommandType='Text', CommandTimeout='30']
      SELECT e."Id", e."Description", e."DifficultyId", e."ExerciseWeightTypeId", e."ImageUrl", e."IsActive", e."IsUnilateral", e."KineticChainId", e."Name", e."VideoUrl"
      FROM "Exercises" AS e
dbug: Microsoft.EntityFrameworkCore.Database.Command[20301]
      Closing data reader to 'bddtestdb' on server 'tcp://127.0.0.1:33517'.
dbug: Microsoft.EntityFrameworkCore.Database.Command[20300]
      A data reader for 'bddtestdb' on server 'tcp://127.0.0.1:33517' is being disposed after spending 0ms reading results.
dbug: Microsoft.EntityFrameworkCore.Database.Command[20103]
      Creating DbCommand for 'ExecuteScalar'.
dbug: Microsoft.EntityFrameworkCore.Database.Command[20104]
      Created DbCommand for 'ExecuteScalar' (0ms).
dbug: Microsoft.EntityFrameworkCore.Database.Command[20106]
      Initialized DbCommand for 'ExecuteScalar' (0ms).
dbug: Microsoft.EntityFrameworkCore.Database.Command[20100]
      Executing DbCommand [Parameters=[], CommandType='Text', CommandTimeout='30']
      SELECT CASE WHEN COUNT(*) = 0 THEN FALSE ELSE TRUE END
      FROM pg_class AS cls
      JOIN pg_namespace AS ns ON ns.oid = cls.relnamespace
      WHERE
              cls.relkind IN ('r', 'v', 'm', 'f', 'p') AND
              ns.nspname NOT IN ('pg_catalog', 'information_schema') AND
              -- Exclude tables which are members of PG extensions
              NOT EXISTS (
                  SELECT 1 FROM pg_depend WHERE
                      classid=(
                          SELECT cls.oid
                          FROM pg_class AS cls
                                   JOIN pg_namespace AS ns ON ns.oid = cls.relnamespace
                          WHERE relname='pg_class' AND ns.nspname='pg_catalog'
                      ) AND
                      objid=cls.oid AND
                      deptype IN ('e', 'x')
              )
info: Microsoft.EntityFrameworkCore.Database.Command[20101]
      Executed DbCommand (1ms) [Parameters=[], CommandType='Text', CommandTimeout='30']
      SELECT CASE WHEN COUNT(*) = 0 THEN FALSE ELSE TRUE END
      FROM pg_class AS cls
      JOIN pg_namespace AS ns ON ns.oid = cls.relnamespace
      WHERE
              cls.relkind IN ('r', 'v', 'm', 'f', 'p') AND
              ns.nspname NOT IN ('pg_catalog', 'information_schema') AND
              -- Exclude tables which are members of PG extensions
              NOT EXISTS (
                  SELECT 1 FROM pg_depend WHERE
                      classid=(
                          SELECT cls.oid
                          FROM pg_class AS cls
                                   JOIN pg_namespace AS ns ON ns.oid = cls.relnamespace
                          WHERE relname='pg_class' AND ns.nspname='pg_catalog'
                      ) AND
                      objid=cls.oid AND
                      deptype IN ('e', 'x')
              )
info: 7/12/2025 16:16:36.445 RelationalEventId.CommandExecuted[20101] (Microsoft.EntityFrameworkCore.Database.Command) 
      Executed DbCommand (1ms) [Parameters=[], CommandType='Text', CommandTimeout='30']
      SELECT CASE WHEN COUNT(*) = 0 THEN FALSE ELSE TRUE END
      FROM pg_class AS cls
      JOIN pg_namespace AS ns ON ns.oid = cls.relnamespace
      WHERE
              cls.relkind IN ('r', 'v', 'm', 'f', 'p') AND
              ns.nspname NOT IN ('pg_catalog', 'information_schema') AND
              -- Exclude tables which are members of PG extensions
              NOT EXISTS (
                  SELECT 1 FROM pg_depend WHERE
                      classid=(
                          SELECT cls.oid
                          FROM pg_class AS cls
                                   JOIN pg_namespace AS ns ON ns.oid = cls.relnamespace
                          WHERE relname='pg_class' AND ns.nspname='pg_catalog'
                      ) AND
                      objid=cls.oid AND
                      deptype IN ('e', 'x')
              )
dbug: Microsoft.EntityFrameworkCore.Database.Command[20103]
      Creating DbCommand for 'ExecuteReader'.
dbug: Microsoft.EntityFrameworkCore.Database.Command[20104]
      Created DbCommand for 'ExecuteReader' (0ms).
dbug: Microsoft.EntityFrameworkCore.Database.Command[20106]
      Initialized DbCommand for 'ExecuteReader' (0ms).
dbug: Microsoft.EntityFrameworkCore.Database.Command[20100]
      Executing DbCommand [Parameters=[], CommandType='Text', CommandTimeout='30']
      SELECT EXISTS (
          SELECT 1
          FROM "BodyParts" AS b)
info: Microsoft.EntityFrameworkCore.Database.Command[20101]
      Executed DbCommand (0ms) [Parameters=[], CommandType='Text', CommandTimeout='30']
      SELECT EXISTS (
          SELECT 1
          FROM "BodyParts" AS b)
info: 7/12/2025 16:16:36.445 RelationalEventId.CommandExecuted[20101] (Microsoft.EntityFrameworkCore.Database.Command) 
      Executed DbCommand (0ms) [Parameters=[], CommandType='Text', CommandTimeout='30']
      SELECT EXISTS (
          SELECT 1
          FROM "BodyParts" AS b)
dbug: Microsoft.EntityFrameworkCore.Database.Command[20301]
      Closing data reader to 'bddtestdb' on server 'tcp://127.0.0.1:33517'.
dbug: Microsoft.EntityFrameworkCore.Database.Command[20300]
      A data reader for 'bddtestdb' on server 'tcp://127.0.0.1:33517' is being disposed after spending 0ms reading results.
dbug: Microsoft.EntityFrameworkCore.Database.Command[20103]
      Creating DbCommand for 'ExecuteReader'.
dbug: Microsoft.EntityFrameworkCore.Database.Command[20104]
      Created DbCommand for 'ExecuteReader' (0ms).
dbug: Microsoft.EntityFrameworkCore.Database.Command[20106]
      Initialized DbCommand for 'ExecuteReader' (0ms).
dbug: Microsoft.EntityFrameworkCore.Database.Command[20100]
      Executing DbCommand [Parameters=[], CommandType='Text', CommandTimeout='30']
      SELECT e."Id", e."CreatedAt", e."DisplayOrder", e."IsActive", e."LinkType", e."SourceExerciseId", e."TargetExerciseId", e."UpdatedAt"
      FROM "ExerciseLinks" AS e
info: Microsoft.EntityFrameworkCore.Database.Command[20101]
      Executed DbCommand (0ms) [Parameters=[], CommandType='Text', CommandTimeout='30']
      SELECT e."Id", e."CreatedAt", e."DisplayOrder", e."IsActive", e."LinkType", e."SourceExerciseId", e."TargetExerciseId", e."UpdatedAt"
      FROM "ExerciseLinks" AS e
info: 7/12/2025 16:16:36.448 RelationalEventId.CommandExecuted[20101] (Microsoft.EntityFrameworkCore.Database.Command) 
      Executed DbCommand (0ms) [Parameters=[], CommandType='Text', CommandTimeout='30']
      SELECT e."Id", e."CreatedAt", e."DisplayOrder", e."IsActive", e."LinkType", e."SourceExerciseId", e."TargetExerciseId", e."UpdatedAt"
      FROM "ExerciseLinks" AS e
dbug: Microsoft.EntityFrameworkCore.Database.Command[20301]
      Closing data reader to 'bddtestdb' on server 'tcp://127.0.0.1:33517'.
dbug: Microsoft.EntityFrameworkCore.Database.Command[20300]
      A data reader for 'bddtestdb' on server 'tcp://127.0.0.1:33517' is being disposed after spending 0ms reading results.
dbug: Microsoft.EntityFrameworkCore.Database.Command[20103]
      Creating DbCommand for 'ExecuteReader'.
dbug: Microsoft.EntityFrameworkCore.Database.Command[20104]
      Created DbCommand for 'ExecuteReader' (0ms).
dbug: Microsoft.EntityFrameworkCore.Database.Command[20106]
      Initialized DbCommand for 'ExecuteReader' (0ms).
dbug: Microsoft.EntityFrameworkCore.Database.Command[20100]
      Executing DbCommand [Parameters=[], CommandType='Text', CommandTimeout='30']
      SELECT e."Id", e."Description", e."DifficultyId", e."ExerciseWeightTypeId", e."ImageUrl", e."IsActive", e."IsUnilateral", e."KineticChainId", e."Name", e."VideoUrl"
      FROM "Exercises" AS e
info: Microsoft.EntityFrameworkCore.Database.Command[20101]
      Executed DbCommand (0ms) [Parameters=[], CommandType='Text', CommandTimeout='30']
      SELECT e."Id", e."Description", e."DifficultyId", e."ExerciseWeightTypeId", e."ImageUrl", e."IsActive", e."IsUnilateral", e."KineticChainId", e."Name", e."VideoUrl"
      FROM "Exercises" AS e
info: 7/12/2025 16:16:36.448 RelationalEventId.CommandExecuted[20101] (Microsoft.EntityFrameworkCore.Database.Command) 
      Executed DbCommand (0ms) [Parameters=[], CommandType='Text', CommandTimeout='30']
      SELECT e."Id", e."Description", e."DifficultyId", e."ExerciseWeightTypeId", e."ImageUrl", e."IsActive", e."IsUnilateral", e."KineticChainId", e."Name", e."VideoUrl"
      FROM "Exercises" AS e
dbug: Microsoft.EntityFrameworkCore.Database.Command[20301]
      Closing data reader to 'bddtestdb' on server 'tcp://127.0.0.1:33517'.
dbug: Microsoft.EntityFrameworkCore.Database.Command[20300]
      A data reader for 'bddtestdb' on server 'tcp://127.0.0.1:33517' is being disposed after spending 0ms reading results.
dbug: Microsoft.EntityFrameworkCore.Database.Command[20103]
      Creating DbCommand for 'ExecuteReader'.
dbug: Microsoft.EntityFrameworkCore.Database.Command[20104]
      Created DbCommand for 'ExecuteReader' (0ms).
dbug: Microsoft.EntityFrameworkCore.Database.Command[20106]
      Initialized DbCommand for 'ExecuteReader' (0ms).
dbug: Microsoft.EntityFrameworkCore.Database.Command[20100]
      Executing DbCommand [Parameters=[], CommandType='Text', CommandTimeout='30']
      SELECT e."Id", e."CreatedAt", e."DisplayOrder", e."IsActive", e."LinkType", e."SourceExerciseId", e."TargetExerciseId", e."UpdatedAt"
      FROM "ExerciseLinks" AS e
info: Microsoft.EntityFrameworkCore.Database.Command[20101]
      Executed DbCommand (0ms) [Parameters=[], CommandType='Text', CommandTimeout='30']
      SELECT e."Id", e."CreatedAt", e."DisplayOrder", e."IsActive", e."LinkType", e."SourceExerciseId", e."TargetExerciseId", e."UpdatedAt"
      FROM "ExerciseLinks" AS e
info: 7/12/2025 16:16:36.448 RelationalEventId.CommandExecuted[20101] (Microsoft.EntityFrameworkCore.Database.Command) 
      Executed DbCommand (0ms) [Parameters=[], CommandType='Text', CommandTimeout='30']
      SELECT e."Id", e."CreatedAt", e."DisplayOrder", e."IsActive", e."LinkType", e."SourceExerciseId", e."TargetExerciseId", e."UpdatedAt"
      FROM "ExerciseLinks" AS e
dbug: Microsoft.EntityFrameworkCore.Database.Command[20301]
      Closing data reader to 'bddtestdb' on server 'tcp://127.0.0.1:33517'.
dbug: Microsoft.EntityFrameworkCore.Database.Command[20300]
      A data reader for 'bddtestdb' on server 'tcp://127.0.0.1:33517' is being disposed after spending 0ms reading results.
dbug: Microsoft.EntityFrameworkCore.Database.Command[20103]
      Creating DbCommand for 'ExecuteReader'.
dbug: Microsoft.EntityFrameworkCore.Database.Command[20104]
      Created DbCommand for 'ExecuteReader' (0ms).
dbug: Microsoft.EntityFrameworkCore.Database.Command[20106]
      Initialized DbCommand for 'ExecuteReader' (0ms).
dbug: Microsoft.EntityFrameworkCore.Database.Command[20100]
      Executing DbCommand [Parameters=[], CommandType='Text', CommandTimeout='30']
      SELECT e."Id", e."Description", e."DifficultyId", e."ExerciseWeightTypeId", e."ImageUrl", e."IsActive", e."IsUnilateral", e."KineticChainId", e."Name", e."VideoUrl"
      FROM "Exercises" AS e
info: Microsoft.EntityFrameworkCore.Database.Command[20101]
      Executed DbCommand (0ms) [Parameters=[], CommandType='Text', CommandTimeout='30']
      SELECT e."Id", e."Description", e."DifficultyId", e."ExerciseWeightTypeId", e."ImageUrl", e."IsActive", e."IsUnilateral", e."KineticChainId", e."Name", e."VideoUrl"
      FROM "Exercises" AS e
info: 7/12/2025 16:16:36.449 RelationalEventId.CommandExecuted[20101] (Microsoft.EntityFrameworkCore.Database.Command) 
      Executed DbCommand (0ms) [Parameters=[], CommandType='Text', CommandTimeout='30']
      SELECT e."Id", e."Description", e."DifficultyId", e."ExerciseWeightTypeId", e."ImageUrl", e."IsActive", e."IsUnilateral", e."KineticChainId", e."Name", e."VideoUrl"
      FROM "Exercises" AS e
dbug: Microsoft.EntityFrameworkCore.Database.Command[20301]
      Closing data reader to 'bddtestdb' on server 'tcp://127.0.0.1:33517'.
dbug: Microsoft.EntityFrameworkCore.Database.Command[20300]
      A data reader for 'bddtestdb' on server 'tcp://127.0.0.1:33517' is being disposed after spending 0ms reading results.
dbug: Microsoft.EntityFrameworkCore.Database.Command[20103]
      Creating DbCommand for 'ExecuteScalar'.
dbug: Microsoft.EntityFrameworkCore.Database.Command[20104]
      Created DbCommand for 'ExecuteScalar' (0ms).
dbug: Microsoft.EntityFrameworkCore.Database.Command[20106]
      Initialized DbCommand for 'ExecuteScalar' (0ms).
dbug: Microsoft.EntityFrameworkCore.Database.Command[20100]
      Executing DbCommand [Parameters=[], CommandType='Text', CommandTimeout='30']
      SELECT CASE WHEN COUNT(*) = 0 THEN FALSE ELSE TRUE END
      FROM pg_class AS cls
      JOIN pg_namespace AS ns ON ns.oid = cls.relnamespace
      WHERE
              cls.relkind IN ('r', 'v', 'm', 'f', 'p') AND
              ns.nspname NOT IN ('pg_catalog', 'information_schema') AND
              -- Exclude tables which are members of PG extensions
              NOT EXISTS (
                  SELECT 1 FROM pg_depend WHERE
                      classid=(
                          SELECT cls.oid
                          FROM pg_class AS cls
                                   JOIN pg_namespace AS ns ON ns.oid = cls.relnamespace
                          WHERE relname='pg_class' AND ns.nspname='pg_catalog'
                      ) AND
                      objid=cls.oid AND
                      deptype IN ('e', 'x')
              )
info: Microsoft.EntityFrameworkCore.Database.Command[20101]
      Executed DbCommand (1ms) [Parameters=[], CommandType='Text', CommandTimeout='30']
      SELECT CASE WHEN COUNT(*) = 0 THEN FALSE ELSE TRUE END
      FROM pg_class AS cls
      JOIN pg_namespace AS ns ON ns.oid = cls.relnamespace
      WHERE
              cls.relkind IN ('r', 'v', 'm', 'f', 'p') AND
              ns.nspname NOT IN ('pg_catalog', 'information_schema') AND
              -- Exclude tables which are members of PG extensions
              NOT EXISTS (
                  SELECT 1 FROM pg_depend WHERE
                      classid=(
                          SELECT cls.oid
                          FROM pg_class AS cls
                                   JOIN pg_namespace AS ns ON ns.oid = cls.relnamespace
                          WHERE relname='pg_class' AND ns.nspname='pg_catalog'
                      ) AND
                      objid=cls.oid AND
                      deptype IN ('e', 'x')
              )
info: 7/12/2025 16:16:36.452 RelationalEventId.CommandExecuted[20101] (Microsoft.EntityFrameworkCore.Database.Command) 
      Executed DbCommand (1ms) [Parameters=[], CommandType='Text', CommandTimeout='30']
      SELECT CASE WHEN COUNT(*) = 0 THEN FALSE ELSE TRUE END
      FROM pg_class AS cls
      JOIN pg_namespace AS ns ON ns.oid = cls.relnamespace
      WHERE
              cls.relkind IN ('r', 'v', 'm', 'f', 'p') AND
              ns.nspname NOT IN ('pg_catalog', 'information_schema') AND
              -- Exclude tables which are members of PG extensions
              NOT EXISTS (
                  SELECT 1 FROM pg_depend WHERE
                      classid=(
                          SELECT cls.oid
                          FROM pg_class AS cls
                                   JOIN pg_namespace AS ns ON ns.oid = cls.relnamespace
                          WHERE relname='pg_class' AND ns.nspname='pg_catalog'
                      ) AND
                      objid=cls.oid AND
                      deptype IN ('e', 'x')
              )
dbug: Microsoft.EntityFrameworkCore.Database.Command[20103]
      Creating DbCommand for 'ExecuteReader'.
dbug: Microsoft.EntityFrameworkCore.Database.Command[20104]
      Created DbCommand for 'ExecuteReader' (0ms).
dbug: Microsoft.EntityFrameworkCore.Database.Command[20106]
      Initialized DbCommand for 'ExecuteReader' (0ms).
dbug: Microsoft.EntityFrameworkCore.Database.Command[20100]
      Executing DbCommand [Parameters=[], CommandType='Text', CommandTimeout='30']
      SELECT EXISTS (
          SELECT 1
          FROM "BodyParts" AS b)
info: Microsoft.EntityFrameworkCore.Database.Command[20101]
      Executed DbCommand (0ms) [Parameters=[], CommandType='Text', CommandTimeout='30']
      SELECT EXISTS (
          SELECT 1
          FROM "BodyParts" AS b)
info: 7/12/2025 16:16:36.453 RelationalEventId.CommandExecuted[20101] (Microsoft.EntityFrameworkCore.Database.Command) 
      Executed DbCommand (0ms) [Parameters=[], CommandType='Text', CommandTimeout='30']
      SELECT EXISTS (
          SELECT 1
          FROM "BodyParts" AS b)
dbug: Microsoft.EntityFrameworkCore.Database.Command[20301]
      Closing data reader to 'bddtestdb' on server 'tcp://127.0.0.1:33517'.
dbug: Microsoft.EntityFrameworkCore.Database.Command[20300]
      A data reader for 'bddtestdb' on server 'tcp://127.0.0.1:33517' is being disposed after spending 0ms reading results.
dbug: Microsoft.EntityFrameworkCore.Database.Command[20103]
      Creating DbCommand for 'ExecuteScalar'.
dbug: Microsoft.EntityFrameworkCore.Database.Command[20104]
      Created DbCommand for 'ExecuteScalar' (0ms).
dbug: Microsoft.EntityFrameworkCore.Database.Command[20106]
      Initialized DbCommand for 'ExecuteScalar' (0ms).
dbug: Microsoft.EntityFrameworkCore.Database.Command[20100]
      Executing DbCommand [Parameters=[], CommandType='Text', CommandTimeout='30']
      SELECT CASE WHEN COUNT(*) = 0 THEN FALSE ELSE TRUE END
      FROM pg_class AS cls
      JOIN pg_namespace AS ns ON ns.oid = cls.relnamespace
      WHERE
              cls.relkind IN ('r', 'v', 'm', 'f', 'p') AND
              ns.nspname NOT IN ('pg_catalog', 'information_schema') AND
              -- Exclude tables which are members of PG extensions
              NOT EXISTS (
                  SELECT 1 FROM pg_depend WHERE
                      classid=(
                          SELECT cls.oid
                          FROM pg_class AS cls
                                   JOIN pg_namespace AS ns ON ns.oid = cls.relnamespace
                          WHERE relname='pg_class' AND ns.nspname='pg_catalog'
                      ) AND
                      objid=cls.oid AND
                      deptype IN ('e', 'x')
              )
info: Microsoft.EntityFrameworkCore.Database.Command[20101]
      Executed DbCommand (1ms) [Parameters=[], CommandType='Text', CommandTimeout='30']
      SELECT CASE WHEN COUNT(*) = 0 THEN FALSE ELSE TRUE END
      FROM pg_class AS cls
      JOIN pg_namespace AS ns ON ns.oid = cls.relnamespace
      WHERE
              cls.relkind IN ('r', 'v', 'm', 'f', 'p') AND
              ns.nspname NOT IN ('pg_catalog', 'information_schema') AND
              -- Exclude tables which are members of PG extensions
              NOT EXISTS (
                  SELECT 1 FROM pg_depend WHERE
                      classid=(
                          SELECT cls.oid
                          FROM pg_class AS cls
                                   JOIN pg_namespace AS ns ON ns.oid = cls.relnamespace
                          WHERE relname='pg_class' AND ns.nspname='pg_catalog'
                      ) AND
                      objid=cls.oid AND
                      deptype IN ('e', 'x')
              )
info: 7/12/2025 16:16:36.458 RelationalEventId.CommandExecuted[20101] (Microsoft.EntityFrameworkCore.Database.Command) 
      Executed DbCommand (1ms) [Parameters=[], CommandType='Text', CommandTimeout='30']
      SELECT CASE WHEN COUNT(*) = 0 THEN FALSE ELSE TRUE END
      FROM pg_class AS cls
      JOIN pg_namespace AS ns ON ns.oid = cls.relnamespace
      WHERE
              cls.relkind IN ('r', 'v', 'm', 'f', 'p') AND
              ns.nspname NOT IN ('pg_catalog', 'information_schema') AND
              -- Exclude tables which are members of PG extensions
              NOT EXISTS (
                  SELECT 1 FROM pg_depend WHERE
                      classid=(
                          SELECT cls.oid
                          FROM pg_class AS cls
                                   JOIN pg_namespace AS ns ON ns.oid = cls.relnamespace
                          WHERE relname='pg_class' AND ns.nspname='pg_catalog'
                      ) AND
                      objid=cls.oid AND
                      deptype IN ('e', 'x')
              )
dbug: Microsoft.EntityFrameworkCore.Database.Command[20103]
      Creating DbCommand for 'ExecuteReader'.
dbug: Microsoft.EntityFrameworkCore.Database.Command[20104]
      Created DbCommand for 'ExecuteReader' (0ms).
dbug: Microsoft.EntityFrameworkCore.Database.Command[20106]
      Initialized DbCommand for 'ExecuteReader' (0ms).
dbug: Microsoft.EntityFrameworkCore.Database.Command[20100]
      Executing DbCommand [Parameters=[], CommandType='Text', CommandTimeout='30']
      SELECT EXISTS (
          SELECT 1
          FROM "BodyParts" AS b)
info: Microsoft.EntityFrameworkCore.Database.Command[20101]
      Executed DbCommand (0ms) [Parameters=[], CommandType='Text', CommandTimeout='30']
      SELECT EXISTS (
          SELECT 1
          FROM "BodyParts" AS b)
info: 7/12/2025 16:16:36.458 RelationalEventId.CommandExecuted[20101] (Microsoft.EntityFrameworkCore.Database.Command) 
      Executed DbCommand (0ms) [Parameters=[], CommandType='Text', CommandTimeout='30']
      SELECT EXISTS (
          SELECT 1
          FROM "BodyParts" AS b)
dbug: Microsoft.EntityFrameworkCore.Database.Command[20301]
      Closing data reader to 'bddtestdb' on server 'tcp://127.0.0.1:33517'.
dbug: Microsoft.EntityFrameworkCore.Database.Command[20300]
      A data reader for 'bddtestdb' on server 'tcp://127.0.0.1:33517' is being disposed after spending 0ms reading results.
dbug: Microsoft.EntityFrameworkCore.Database.Command[20103]
      Creating DbCommand for 'ExecuteReader'.
dbug: Microsoft.EntityFrameworkCore.Database.Command[20104]
      Created DbCommand for 'ExecuteReader' (0ms).
dbug: Microsoft.EntityFrameworkCore.Database.Command[20106]
      Initialized DbCommand for 'ExecuteReader' (0ms).
dbug: Microsoft.EntityFrameworkCore.Database.Command[20100]
      Executing DbCommand [Parameters=[], CommandType='Text', CommandTimeout='30']
      SELECT e."Id", e."CreatedAt", e."DisplayOrder", e."IsActive", e."LinkType", e."SourceExerciseId", e."TargetExerciseId", e."UpdatedAt"
      FROM "ExerciseLinks" AS e
info: Microsoft.EntityFrameworkCore.Database.Command[20101]
      Executed DbCommand (0ms) [Parameters=[], CommandType='Text', CommandTimeout='30']
      SELECT e."Id", e."CreatedAt", e."DisplayOrder", e."IsActive", e."LinkType", e."SourceExerciseId", e."TargetExerciseId", e."UpdatedAt"
      FROM "ExerciseLinks" AS e
info: 7/12/2025 16:16:36.461 RelationalEventId.CommandExecuted[20101] (Microsoft.EntityFrameworkCore.Database.Command) 
      Executed DbCommand (0ms) [Parameters=[], CommandType='Text', CommandTimeout='30']
      SELECT e."Id", e."CreatedAt", e."DisplayOrder", e."IsActive", e."LinkType", e."SourceExerciseId", e."TargetExerciseId", e."UpdatedAt"
      FROM "ExerciseLinks" AS e
dbug: Microsoft.EntityFrameworkCore.Database.Command[20301]
      Closing data reader to 'bddtestdb' on server 'tcp://127.0.0.1:33517'.
dbug: Microsoft.EntityFrameworkCore.Database.Command[20300]
      A data reader for 'bddtestdb' on server 'tcp://127.0.0.1:33517' is being disposed after spending 0ms reading results.
dbug: Microsoft.EntityFrameworkCore.Database.Command[20103]
      Creating DbCommand for 'ExecuteReader'.
dbug: Microsoft.EntityFrameworkCore.Database.Command[20104]
      Created DbCommand for 'ExecuteReader' (0ms).
dbug: Microsoft.EntityFrameworkCore.Database.Command[20106]
      Initialized DbCommand for 'ExecuteReader' (0ms).
dbug: Microsoft.EntityFrameworkCore.Database.Command[20100]
      Executing DbCommand [Parameters=[], CommandType='Text', CommandTimeout='30']
      SELECT e."Id", e."Description", e."DifficultyId", e."ExerciseWeightTypeId", e."ImageUrl", e."IsActive", e."IsUnilateral", e."KineticChainId", e."Name", e."VideoUrl"
      FROM "Exercises" AS e
info: Microsoft.EntityFrameworkCore.Database.Command[20101]
      Executed DbCommand (0ms) [Parameters=[], CommandType='Text', CommandTimeout='30']
      SELECT e."Id", e."Description", e."DifficultyId", e."ExerciseWeightTypeId", e."ImageUrl", e."IsActive", e."IsUnilateral", e."KineticChainId", e."Name", e."VideoUrl"
      FROM "Exercises" AS e
info: 7/12/2025 16:16:36.461 RelationalEventId.CommandExecuted[20101] (Microsoft.EntityFrameworkCore.Database.Command) 
      Executed DbCommand (0ms) [Parameters=[], CommandType='Text', CommandTimeout='30']
      SELECT e."Id", e."Description", e."DifficultyId", e."ExerciseWeightTypeId", e."ImageUrl", e."IsActive", e."IsUnilateral", e."KineticChainId", e."Name", e."VideoUrl"
      FROM "Exercises" AS e
dbug: Microsoft.EntityFrameworkCore.Database.Command[20301]
      Closing data reader to 'bddtestdb' on server 'tcp://127.0.0.1:33517'.
dbug: Microsoft.EntityFrameworkCore.Database.Command[20300]
      A data reader for 'bddtestdb' on server 'tcp://127.0.0.1:33517' is being disposed after spending 0ms reading results.
dbug: Microsoft.EntityFrameworkCore.Database.Command[20103]
      Creating DbCommand for 'ExecuteScalar'.
dbug: Microsoft.EntityFrameworkCore.Database.Command[20104]
      Created DbCommand for 'ExecuteScalar' (0ms).
dbug: Microsoft.EntityFrameworkCore.Database.Command[20106]
      Initialized DbCommand for 'ExecuteScalar' (0ms).
dbug: Microsoft.EntityFrameworkCore.Database.Command[20100]
      Executing DbCommand [Parameters=[], CommandType='Text', CommandTimeout='30']
      SELECT CASE WHEN COUNT(*) = 0 THEN FALSE ELSE TRUE END
      FROM pg_class AS cls
      JOIN pg_namespace AS ns ON ns.oid = cls.relnamespace
      WHERE
              cls.relkind IN ('r', 'v', 'm', 'f', 'p') AND
              ns.nspname NOT IN ('pg_catalog', 'information_schema') AND
              -- Exclude tables which are members of PG extensions
              NOT EXISTS (
                  SELECT 1 FROM pg_depend WHERE
                      classid=(
                          SELECT cls.oid
                          FROM pg_class AS cls
                                   JOIN pg_namespace AS ns ON ns.oid = cls.relnamespace
                          WHERE relname='pg_class' AND ns.nspname='pg_catalog'
                      ) AND
                      objid=cls.oid AND
                      deptype IN ('e', 'x')
              )
info: Microsoft.EntityFrameworkCore.Database.Command[20101]
      Executed DbCommand (1ms) [Parameters=[], CommandType='Text', CommandTimeout='30']
      SELECT CASE WHEN COUNT(*) = 0 THEN FALSE ELSE TRUE END
      FROM pg_class AS cls
      JOIN pg_namespace AS ns ON ns.oid = cls.relnamespace
      WHERE
              cls.relkind IN ('r', 'v', 'm', 'f', 'p') AND
              ns.nspname NOT IN ('pg_catalog', 'information_schema') AND
              -- Exclude tables which are members of PG extensions
              NOT EXISTS (
                  SELECT 1 FROM pg_depend WHERE
                      classid=(
                          SELECT cls.oid
                          FROM pg_class AS cls
                                   JOIN pg_namespace AS ns ON ns.oid = cls.relnamespace
                          WHERE relname='pg_class' AND ns.nspname='pg_catalog'
                      ) AND
                      objid=cls.oid AND
                      deptype IN ('e', 'x')
              )
info: 7/12/2025 16:16:36.465 RelationalEventId.CommandExecuted[20101] (Microsoft.EntityFrameworkCore.Database.Command) 
      Executed DbCommand (1ms) [Parameters=[], CommandType='Text', CommandTimeout='30']
      SELECT CASE WHEN COUNT(*) = 0 THEN FALSE ELSE TRUE END
      FROM pg_class AS cls
      JOIN pg_namespace AS ns ON ns.oid = cls.relnamespace
      WHERE
              cls.relkind IN ('r', 'v', 'm', 'f', 'p') AND
              ns.nspname NOT IN ('pg_catalog', 'information_schema') AND
              -- Exclude tables which are members of PG extensions
              NOT EXISTS (
                  SELECT 1 FROM pg_depend WHERE
                      classid=(
                          SELECT cls.oid
                          FROM pg_class AS cls
                                   JOIN pg_namespace AS ns ON ns.oid = cls.relnamespace
                          WHERE relname='pg_class' AND ns.nspname='pg_catalog'
                      ) AND
                      objid=cls.oid AND
                      deptype IN ('e', 'x')
              )
dbug: Microsoft.EntityFrameworkCore.Database.Command[20103]
      Creating DbCommand for 'ExecuteReader'.
dbug: Microsoft.EntityFrameworkCore.Database.Command[20104]
      Created DbCommand for 'ExecuteReader' (0ms).
dbug: Microsoft.EntityFrameworkCore.Database.Command[20106]
      Initialized DbCommand for 'ExecuteReader' (0ms).
dbug: Microsoft.EntityFrameworkCore.Database.Command[20100]
      Executing DbCommand [Parameters=[], CommandType='Text', CommandTimeout='30']
      SELECT EXISTS (
          SELECT 1
          FROM "BodyParts" AS b)
info: Microsoft.EntityFrameworkCore.Database.Command[20101]
      Executed DbCommand (0ms) [Parameters=[], CommandType='Text', CommandTimeout='30']
      SELECT EXISTS (
          SELECT 1
          FROM "BodyParts" AS b)
info: 7/12/2025 16:16:36.466 RelationalEventId.CommandExecuted[20101] (Microsoft.EntityFrameworkCore.Database.Command) 
      Executed DbCommand (0ms) [Parameters=[], CommandType='Text', CommandTimeout='30']
      SELECT EXISTS (
          SELECT 1
          FROM "BodyParts" AS b)
dbug: Microsoft.EntityFrameworkCore.Database.Command[20301]
      Closing data reader to 'bddtestdb' on server 'tcp://127.0.0.1:33517'.
dbug: Microsoft.EntityFrameworkCore.Database.Command[20300]
      A data reader for 'bddtestdb' on server 'tcp://127.0.0.1:33517' is being disposed after spending 0ms reading results.
Scenario failed: Get difficulty level by valid value
Error: Expected actualValue to be "&lt;firstDifficultyLevel.value&gt;" with a length of 28 because expected property 'value' to have value '&lt;firstDifficultyLevel.value&gt;' but got 'Beginner', but "Beginner" has a length of 8, differs near "Beg" (index 0).
Stack Trace:    at FluentAssertions.Execution.XUnit2TestFramework.Throw(String message)
   at FluentAssertions.Execution.TestFrameworkProvider.Throw(String message)
   at FluentAssertions.Execution.DefaultAssertionStrategy.HandleFailure(String message)
   at FluentAssertions.Execution.AssertionScope.FailWith(Func`1 failReasonFunc)
   at FluentAssertions.Execution.AssertionScope.FailWith(Func`1 failReasonFunc)
   at FluentAssertions.Primitives.StringEqualityValidator.ValidateAgainstLengthDifferences()
   at FluentAssertions.Primitives.StringValidator.Validate()
   at FluentAssertions.Primitives.StringAssertions`1.Be(String expected, String because, Object[] becauseArgs)
   at GetFitterGetBigger.API.IntegrationTests.StepDefinitions.Api.ResponseSteps.ThenTheResponseShouldHavePropertyWithValue(String jsonPath, String expectedValue) in /home/esqueleto/myWork/GetFitterGetBigger/GetFitterGetBigger.API/GetFitterGetBigger.API.IntegrationTests/StepDefinitions/Api/ResponseSteps.cs:line 80
   at InvokeStub_Action`3.Invoke(Object, Span`1)
   at System.Reflection.MethodBaseInvoker.InvokeWithFewArgs(Object obj, BindingFlags invokeAttr, Binder binder, Object[] parameters, CultureInfo culture)
--- End of stack trace from previous location ---
   at TechTalk.SpecFlow.Bindings.BindingInvoker.InvokeBindingAsync(IBinding binding, IContextManager contextManager, Object[] arguments, ITestTracer testTracer, DurationHolder durationHolder)
   at TechTalk.SpecFlow.Infrastructure.TestExecutionEngine.ExecuteStepMatchAsync(BindingMatch match, Object[] arguments, DurationHolder durationHolder)
   at TechTalk.SpecFlow.Infrastructure.TestExecutionEngine.ExecuteStepAsync(IContextManager contextManager, StepInstance stepInstance)
   at TechTalk.SpecFlow.Infrastructure.TestExecutionEngine.OnAfterLastStepAsync()
   at TechTalk.SpecFlow.TestRunner.CollectScenarioErrorsAsync()
   at GetFitterGetBigger.API.IntegrationTests.Features.ReferenceData.DifficultyLevelsReferenceDataFeature.ScenarioCleanupAsync() in /home/esqueleto/myWork/GetFitterGetBigger/GetFitterGetBigger.API/GetFitterGetBigger.API.IntegrationTests/Features/ReferenceData/DifficultyLevels.feature.cs:line 74
   at GetFitterGetBigger.API.IntegrationTests.Features.ReferenceData.DifficultyLevelsReferenceDataFeature.GetDifficultyLevelByValidValue() in /home/esqueleto/myWork/GetFitterGetBigger/GetFitterGetBigger.API/GetFitterGetBigger.API.IntegrationTests/Features/ReferenceData/DifficultyLevels.feature.cs:line 239
   at Xunit.Sdk.TestInvoker`1.&lt;&gt;c__DisplayClass47_0.&lt;&lt;InvokeTestMethodAsync&gt;b__1&gt;d.MoveNext() in /_/src/xunit.execution/Sdk/Frameworks/Runners/TestInvoker.cs:line 259
--- End of stack trace from previous location ---
   at Xunit.Sdk.ExecutionTimer.AggregateAsync(Func`1 asyncAction) in /_/src/xunit.execution/Sdk/Frameworks/ExecutionTimer.cs:line 48
   at Xunit.Sdk.ExceptionAggregator.RunAsync(Func`1 code) in /_/src/xunit.core/Sdk/ExceptionAggregator.cs:line 90
dbug: Microsoft.EntityFrameworkCore.Database.Command[20103]
      Creating DbCommand for 'ExecuteReader'.
dbug: Microsoft.EntityFrameworkCore.Database.Command[20104]
      Created DbCommand for 'ExecuteReader' (0ms).
dbug: Microsoft.EntityFrameworkCore.Database.Command[20106]
      Initialized DbCommand for 'ExecuteReader' (0ms).
dbug: Microsoft.EntityFrameworkCore.Database.Command[20100]
      Executing DbCommand [Parameters=[], CommandType='Text', CommandTimeout='30']
      SELECT e."Id", e."CreatedAt", e."DisplayOrder", e."IsActive", e."LinkType", e."SourceExerciseId", e."TargetExerciseId", e."UpdatedAt"
      FROM "ExerciseLinks" AS e
info: Microsoft.EntityFrameworkCore.Database.Command[20101]
      Executed DbCommand (0ms) [Parameters=[], CommandType='Text', CommandTimeout='30']
      SELECT e."Id", e."CreatedAt", e."DisplayOrder", e."IsActive", e."LinkType", e."SourceExerciseId", e."TargetExerciseId", e."UpdatedAt"
      FROM "ExerciseLinks" AS e
info: 7/12/2025 16:16:36.469 RelationalEventId.CommandExecuted[20101] (Microsoft.EntityFrameworkCore.Database.Command) 
      Executed DbCommand (0ms) [Parameters=[], CommandType='Text', CommandTimeout='30']
      SELECT e."Id", e."CreatedAt", e."DisplayOrder", e."IsActive", e."LinkType", e."SourceExerciseId", e."TargetExerciseId", e."UpdatedAt"
      FROM "ExerciseLinks" AS e
dbug: Microsoft.EntityFrameworkCore.Database.Command[20301]
      Closing data reader to 'bddtestdb' on server 'tcp://127.0.0.1:33517'.
dbug: Microsoft.EntityFrameworkCore.Database.Command[20300]
      A data reader for 'bddtestdb' on server 'tcp://127.0.0.1:33517' is being disposed after spending 0ms reading results.
dbug: Microsoft.EntityFrameworkCore.Database.Command[20103]
      Creating DbCommand for 'ExecuteReader'.
dbug: Microsoft.EntityFrameworkCore.Database.Command[20104]
      Created DbCommand for 'ExecuteReader' (0ms).
dbug: Microsoft.EntityFrameworkCore.Database.Command[20106]
      Initialized DbCommand for 'ExecuteReader' (0ms).
dbug: Microsoft.EntityFrameworkCore.Database.Command[20100]
      Executing DbCommand [Parameters=[], CommandType='Text', CommandTimeout='30']
      SELECT e."Id", e."Description", e."DifficultyId", e."ExerciseWeightTypeId", e."ImageUrl", e."IsActive", e."IsUnilateral", e."KineticChainId", e."Name", e."VideoUrl"
      FROM "Exercises" AS e
info: Microsoft.EntityFrameworkCore.Database.Command[20101]
      Executed DbCommand (0ms) [Parameters=[], CommandType='Text', CommandTimeout='30']
      SELECT e."Id", e."Description", e."DifficultyId", e."ExerciseWeightTypeId", e."ImageUrl", e."IsActive", e."IsUnilateral", e."KineticChainId", e."Name", e."VideoUrl"
      FROM "Exercises" AS e
info: 7/12/2025 16:16:36.469 RelationalEventId.CommandExecuted[20101] (Microsoft.EntityFrameworkCore.Database.Command) 
      Executed DbCommand (0ms) [Parameters=[], CommandType='Text', CommandTimeout='30']
      SELECT e."Id", e."Description", e."DifficultyId", e."ExerciseWeightTypeId", e."ImageUrl", e."IsActive", e."IsUnilateral", e."KineticChainId", e."Name", e."VideoUrl"
      FROM "Exercises" AS e
dbug: Microsoft.EntityFrameworkCore.Database.Command[20301]
      Closing data reader to 'bddtestdb' on server 'tcp://127.0.0.1:33517'.
dbug: Microsoft.EntityFrameworkCore.Database.Command[20300]
      A data reader for 'bddtestdb' on server 'tcp://127.0.0.1:33517' is being disposed after spending 0ms reading results.
dbug: Microsoft.EntityFrameworkCore.Database.Command[20103]
      Creating DbCommand for 'ExecuteReader'.
dbug: Microsoft.EntityFrameworkCore.Database.Command[20104]
      Created DbCommand for 'ExecuteReader' (0ms).
dbug: Microsoft.EntityFrameworkCore.Database.Command[20106]
      Initialized DbCommand for 'ExecuteReader' (0ms).
dbug: Microsoft.EntityFrameworkCore.Database.Command[20100]
      Executing DbCommand [Parameters=[], CommandType='Text', CommandTimeout='30']
      SELECT e."Id", e."CreatedAt", e."DisplayOrder", e."IsActive", e."LinkType", e."SourceExerciseId", e."TargetExerciseId", e."UpdatedAt"
      FROM "ExerciseLinks" AS e
info: Microsoft.EntityFrameworkCore.Database.Command[20101]
      Executed DbCommand (0ms) [Parameters=[], CommandType='Text', CommandTimeout='30']
      SELECT e."Id", e."CreatedAt", e."DisplayOrder", e."IsActive", e."LinkType", e."SourceExerciseId", e."TargetExerciseId", e."UpdatedAt"
      FROM "ExerciseLinks" AS e
info: 7/12/2025 16:16:36.470 RelationalEventId.CommandExecuted[20101] (Microsoft.EntityFrameworkCore.Database.Command) 
      Executed DbCommand (0ms) [Parameters=[], CommandType='Text', CommandTimeout='30']
      SELECT e."Id", e."CreatedAt", e."DisplayOrder", e."IsActive", e."LinkType", e."SourceExerciseId", e."TargetExerciseId", e."UpdatedAt"
      FROM "ExerciseLinks" AS e
dbug: Microsoft.EntityFrameworkCore.Database.Command[20301]
      Closing data reader to 'bddtestdb' on server 'tcp://127.0.0.1:33517'.
dbug: Microsoft.EntityFrameworkCore.Database.Command[20300]
      A data reader for 'bddtestdb' on server 'tcp://127.0.0.1:33517' is being disposed after spending 0ms reading results.
dbug: Microsoft.EntityFrameworkCore.Database.Command[20103]
      Creating DbCommand for 'ExecuteReader'.
dbug: Microsoft.EntityFrameworkCore.Database.Command[20104]
      Created DbCommand for 'ExecuteReader' (0ms).
dbug: Microsoft.EntityFrameworkCore.Database.Command[20106]
      Initialized DbCommand for 'ExecuteReader' (0ms).
dbug: Microsoft.EntityFrameworkCore.Database.Command[20100]
      Executing DbCommand [Parameters=[], CommandType='Text', CommandTimeout='30']
      SELECT e."Id", e."Description", e."DifficultyId", e."ExerciseWeightTypeId", e."ImageUrl", e."IsActive", e."IsUnilateral", e."KineticChainId", e."Name", e."VideoUrl"
      FROM "Exercises" AS e
info: Microsoft.EntityFrameworkCore.Database.Command[20101]
      Executed DbCommand (0ms) [Parameters=[], CommandType='Text', CommandTimeout='30']
      SELECT e."Id", e."Description", e."DifficultyId", e."ExerciseWeightTypeId", e."ImageUrl", e."IsActive", e."IsUnilateral", e."KineticChainId", e."Name", e."VideoUrl"
      FROM "Exercises" AS e
info: 7/12/2025 16:16:36.470 RelationalEventId.CommandExecuted[20101] (Microsoft.EntityFrameworkCore.Database.Command) 
      Executed DbCommand (0ms) [Parameters=[], CommandType='Text', CommandTimeout='30']
      SELECT e."Id", e."Description", e."DifficultyId", e."ExerciseWeightTypeId", e."ImageUrl", e."IsActive", e."IsUnilateral", e."KineticChainId", e."Name", e."VideoUrl"
      FROM "Exercises" AS e
dbug: Microsoft.EntityFrameworkCore.Database.Command[20301]
      Closing data reader to 'bddtestdb' on server 'tcp://127.0.0.1:33517'.
dbug: Microsoft.EntityFrameworkCore.Database.Command[20300]
      A data reader for 'bddtestdb' on server 'tcp://127.0.0.1:33517' is being disposed after spending 0ms reading results.
dbug: Microsoft.EntityFrameworkCore.Database.Command[20103]
      Creating DbCommand for 'ExecuteScalar'.
dbug: Microsoft.EntityFrameworkCore.Database.Command[20104]
      Created DbCommand for 'ExecuteScalar' (0ms).
dbug: Microsoft.EntityFrameworkCore.Database.Command[20106]
      Initialized DbCommand for 'ExecuteScalar' (0ms).
dbug: Microsoft.EntityFrameworkCore.Database.Command[20100]
      Executing DbCommand [Parameters=[], CommandType='Text', CommandTimeout='30']
      SELECT CASE WHEN COUNT(*) = 0 THEN FALSE ELSE TRUE END
      FROM pg_class AS cls
      JOIN pg_namespace AS ns ON ns.oid = cls.relnamespace
      WHERE
              cls.relkind IN ('r', 'v', 'm', 'f', 'p') AND
              ns.nspname NOT IN ('pg_catalog', 'information_schema') AND
              -- Exclude tables which are members of PG extensions
              NOT EXISTS (
                  SELECT 1 FROM pg_depend WHERE
                      classid=(
                          SELECT cls.oid
                          FROM pg_class AS cls
                                   JOIN pg_namespace AS ns ON ns.oid = cls.relnamespace
                          WHERE relname='pg_class' AND ns.nspname='pg_catalog'
                      ) AND
                      objid=cls.oid AND
                      deptype IN ('e', 'x')
              )
info: Microsoft.EntityFrameworkCore.Database.Command[20101]
      Executed DbCommand (1ms) [Parameters=[], CommandType='Text', CommandTimeout='30']
      SELECT CASE WHEN COUNT(*) = 0 THEN FALSE ELSE TRUE END
      FROM pg_class AS cls
      JOIN pg_namespace AS ns ON ns.oid = cls.relnamespace
      WHERE
              cls.relkind IN ('r', 'v', 'm', 'f', 'p') AND
              ns.nspname NOT IN ('pg_catalog', 'information_schema') AND
              -- Exclude tables which are members of PG extensions
              NOT EXISTS (
                  SELECT 1 FROM pg_depend WHERE
                      classid=(
                          SELECT cls.oid
                          FROM pg_class AS cls
                                   JOIN pg_namespace AS ns ON ns.oid = cls.relnamespace
                          WHERE relname='pg_class' AND ns.nspname='pg_catalog'
                      ) AND
                      objid=cls.oid AND
                      deptype IN ('e', 'x')
              )
info: 7/12/2025 16:16:36.473 RelationalEventId.CommandExecuted[20101] (Microsoft.EntityFrameworkCore.Database.Command) 
      Executed DbCommand (1ms) [Parameters=[], CommandType='Text', CommandTimeout='30']
      SELECT CASE WHEN COUNT(*) = 0 THEN FALSE ELSE TRUE END
      FROM pg_class AS cls
      JOIN pg_namespace AS ns ON ns.oid = cls.relnamespace
      WHERE
              cls.relkind IN ('r', 'v', 'm', 'f', 'p') AND
              ns.nspname NOT IN ('pg_catalog', 'information_schema') AND
              -- Exclude tables which are members of PG extensions
              NOT EXISTS (
                  SELECT 1 FROM pg_depend WHERE
                      classid=(
                          SELECT cls.oid
                          FROM pg_class AS cls
                                   JOIN pg_namespace AS ns ON ns.oid = cls.relnamespace
                          WHERE relname='pg_class' AND ns.nspname='pg_catalog'
                      ) AND
                      objid=cls.oid AND
                      deptype IN ('e', 'x')
              )
dbug: Microsoft.EntityFrameworkCore.Database.Command[20103]
      Creating DbCommand for 'ExecuteReader'.
dbug: Microsoft.EntityFrameworkCore.Database.Command[20104]
      Created DbCommand for 'ExecuteReader' (0ms).
dbug: Microsoft.EntityFrameworkCore.Database.Command[20106]
      Initialized DbCommand for 'ExecuteReader' (0ms).
dbug: Microsoft.EntityFrameworkCore.Database.Command[20100]
      Executing DbCommand [Parameters=[], CommandType='Text', CommandTimeout='30']
      SELECT EXISTS (
          SELECT 1
          FROM "BodyParts" AS b)
info: Microsoft.EntityFrameworkCore.Database.Command[20101]
      Executed DbCommand (0ms) [Parameters=[], CommandType='Text', CommandTimeout='30']
      SELECT EXISTS (
          SELECT 1
          FROM "BodyParts" AS b)
info: 7/12/2025 16:16:36.474 RelationalEventId.CommandExecuted[20101] (Microsoft.EntityFrameworkCore.Database.Command) 
      Executed DbCommand (0ms) [Parameters=[], CommandType='Text', CommandTimeout='30']
      SELECT EXISTS (
          SELECT 1
          FROM "BodyParts" AS b)
dbug: Microsoft.EntityFrameworkCore.Database.Command[20301]
      Closing data reader to 'bddtestdb' on server 'tcp://127.0.0.1:33517'.
dbug: Microsoft.EntityFrameworkCore.Database.Command[20300]
      A data reader for 'bddtestdb' on server 'tcp://127.0.0.1:33517' is being disposed after spending 0ms reading results.
[xUnit.net 00:00:04.52]       Expected actualValue to be "&lt;firstDifficultyLevel.value&gt;" with a length of 28 because expected property 'value' to have value '&lt;firstDifficultyLevel.value&gt;' but got 'Beginner', but "Beginner" has a length of 8, differs near "Beg" (index 0).
[xUnit.net 00:00:04.52]       Stack Trace:
[xUnit.net 00:00:04.52]            at FluentAssertions.Execution.XUnit2TestFramework.Throw(String message)
[xUnit.net 00:00:04.52]            at FluentAssertions.Execution.TestFrameworkProvider.Throw(String message)
[xUnit.net 00:00:04.52]            at FluentAssertions.Execution.DefaultAssertionStrategy.HandleFailure(String message)
[xUnit.net 00:00:04.52]            at FluentAssertions.Execution.AssertionScope.FailWith(Func`1 failReasonFunc)
[xUnit.net 00:00:04.52]            at FluentAssertions.Execution.AssertionScope.FailWith(Func`1 failReasonFunc)
[xUnit.net 00:00:04.52]            at FluentAssertions.Primitives.StringEqualityValidator.ValidateAgainstLengthDifferences()
[xUnit.net 00:00:04.52]            at FluentAssertions.Primitives.StringValidator.Validate()
[xUnit.net 00:00:04.52]            at FluentAssertions.Primitives.StringAssertions`1.Be(String expected, String because, Object[] becauseArgs)
[xUnit.net 00:00:04.52]         /home/esqueleto/myWork/GetFitterGetBigger/GetFitterGetBigger.API/GetFitterGetBigger.API.IntegrationTests/StepDefinitions/Api/ResponseSteps.cs(80,0): at GetFitterGetBigger.API.IntegrationTests.StepDefinitions.Api.ResponseSteps.ThenTheResponseShouldHavePropertyWithValue(String jsonPath, String expectedValue)
[xUnit.net 00:00:04.52]            at InvokeStub_Action`3.Invoke(Object, Span`1)
[xUnit.net 00:00:04.52]            at System.Reflection.MethodBaseInvoker.InvokeWithFewArgs(Object obj, BindingFlags invokeAttr, Binder binder, Object[] parameters, CultureInfo culture)
[xUnit.net 00:00:04.52]         --- End of stack trace from previous location ---
[xUnit.net 00:00:04.52]            at TechTalk.SpecFlow.Bindings.BindingInvoker.InvokeBindingAsync(IBinding binding, IContextManager contextManager, Object[] arguments, ITestTracer testTracer, DurationHolder durationHolder)
[xUnit.net 00:00:04.52]            at TechTalk.SpecFlow.Infrastructure.TestExecutionEngine.ExecuteStepMatchAsync(BindingMatch match, Object[] arguments, DurationHolder durationHolder)
[xUnit.net 00:00:04.52]            at TechTalk.SpecFlow.Infrastructure.TestExecutionEngine.ExecuteStepAsync(IContextManager contextManager, StepInstance stepInstance)
[xUnit.net 00:00:04.52]            at TechTalk.SpecFlow.Infrastructure.TestExecutionEngine.OnAfterLastStepAsync()
[xUnit.net 00:00:04.52]            at TechTalk.SpecFlow.TestRunner.CollectScenarioErrorsAsync()
[xUnit.net 00:00:04.52]         /home/esqueleto/myWork/GetFitterGetBigger/GetFitterGetBigger.API/GetFitterGetBigger.API.IntegrationTests/Features/ReferenceData/DifficultyLevels.feature.cs(74,0): at GetFitterGetBigger.API.IntegrationTests.Features.ReferenceData.DifficultyLevelsReferenceDataFeature.ScenarioCleanupAsync()
[xUnit.net 00:00:04.52]         /home/esqueleto/myWork/GetFitterGetBigger/GetFitterGetBigger.API/GetFitterGetBigger.API.IntegrationTests/Features/ReferenceData/DifficultyLevels.feature.cs(239,0): at GetFitterGetBigger.API.IntegrationTests.Features.ReferenceData.DifficultyLevelsReferenceDataFeature.GetDifficultyLevelByValidValue()
[xUnit.net 00:00:04.52]         --- End of stack trace from previous location ---
[xUnit.net 00:00:04.52]       Output:
[xUnit.net 00:00:04.52]         -&gt; Initialized HttpClient for scenario: Get difficulty level by valid value
[xUnit.net 00:00:04.52]         Given the database is empty
[xUnit.net 00:00:04.52]         -&gt; Executing step: Given the database is empty
[xUnit.net 00:00:04.52]         -&gt; done: DatabaseSteps.GivenTheDatabaseIsEmpty() (0.0s)
[xUnit.net 00:00:04.52]         -&gt; Step result: Passed
[xUnit.net 00:00:04.52]         And the database has reference data
[xUnit.net 00:00:04.52]         -&gt; Executing step: Given the database has reference data
[xUnit.net 00:00:04.52]         -&gt; done: DatabaseSteps.GivenTheDatabaseHasReferenceData() (0.0s)
[xUnit.net 00:00:04.52]         -&gt; Step result: Passed
[xUnit.net 00:00:04.52]         Given I send a GET request to "/api/ReferenceTables/DifficultyLevels"
[xUnit.net 00:00:04.52]         -&gt; Executing step: Given I send a GET request to "/api/ReferenceTables/DifficultyLevels"
[xUnit.net 00:00:04.52]         -&gt; done: RequestSteps.WhenISendARequestTo("GET", "/api/ReferenceTab...") (0.0s)
[xUnit.net 00:00:04.52]         -&gt; Step result: Passed
[xUnit.net 00:00:04.52]         And the response contains at least 1 item
[xUnit.net 00:00:04.52]         -&gt; Executing step: Given the response contains at least 1 item
[xUnit.net 00:00:04.52]         -&gt; done: ResponseSteps.ThenTheResponseContainsAtLeastItems(1) (0.0s)
[xUnit.net 00:00:04.52]         -&gt; Step result: Passed
[xUnit.net 00:00:04.52]         And I store the first item from the response as "firstDifficultyLevel"
[xUnit.net 00:00:04.52]         -&gt; Executing step: Given I store the first item from the response as "firstDifficultyLevel"
[xUnit.net 00:00:04.52]         -&gt; done: ResponseSteps.ThenIStoreTheFirstItemFromTheResponseAs("firstDifficultyLevel") (0.0s)
[xUnit.net 00:00:04.52]         -&gt; Step result: Passed
[xUnit.net 00:00:04.52]         When I send a GET request to "/api/ReferenceTables/DifficultyLevels/ByValue/&lt;firstDifficultyLevel.value&gt;"
[xUnit.net 00:00:04.52]         -&gt; Executing step: When I send a GET request to "/api/ReferenceTables/DifficultyLevels/ByValue/&lt;firstDifficultyLevel.value&gt;"
[xUnit.net 00:00:04.52]         -&gt; done: RequestSteps.WhenISendARequestTo("GET", "/api/ReferenceTab...") (0.0s)
[xUnit.net 00:00:04.52]         -&gt; Step result: Passed
[xUnit.net 00:00:04.52]         Then the response status should be 200
[xUnit.net 00:00:04.52]         -&gt; Executing step: Then the response status should be 200
[xUnit.net 00:00:04.52]         -&gt; done: ResponseSteps.ThenTheResponseStatusShouldBe(200) (0.0s)
[xUnit.net 00:00:04.52]         -&gt; Step result: Passed
[xUnit.net 00:00:04.52]         And the response should have property "value" with value "&lt;firstDifficultyLevel.value&gt;"
[xUnit.net 00:00:04.52]         -&gt; Executing step: Then the response should have property "value" with value "&lt;firstDifficultyLevel.value&gt;"
[xUnit.net 00:00:04.52]         -&gt; error: Expected actualValue to be "&lt;firstDifficultyLevel.value&gt;" with a length of 28 because expected property 'value' to have value '&lt;firstDifficultyLevel.value&gt;' but got 'Beginner', but "Beginner" has a length of 8, differs near "Beg" (index 0). (0.0s)
[xUnit.net 00:00:04.52]         -&gt; Step result: Failed
[xUnit.net 00:00:04.52]         -&gt; Error: Expected actualValue to be "&lt;firstDifficultyLevel.value&gt;" with a length of 28 because expected property 'value' to have value '&lt;firstDifficultyLevel.value&gt;' but got 'Beginner', but "Beginner" has a length of 8, differs near "Beg" (index 0).
dbug: Microsoft.EntityFrameworkCore.Database.Command[20103]
      Creating DbCommand for 'ExecuteScalar'.
dbug: Microsoft.EntityFrameworkCore.Database.Command[20104]
      Created DbCommand for 'ExecuteScalar' (0ms).
dbug: Microsoft.EntityFrameworkCore.Database.Command[20106]
      Initialized DbCommand for 'ExecuteScalar' (0ms).
dbug: Microsoft.EntityFrameworkCore.Database.Command[20100]
      Executing DbCommand [Parameters=[], CommandType='Text', CommandTimeout='30']
      SELECT CASE WHEN COUNT(*) = 0 THEN FALSE ELSE TRUE END
      FROM pg_class AS cls
      JOIN pg_namespace AS ns ON ns.oid = cls.relnamespace
      WHERE
              cls.relkind IN ('r', 'v', 'm', 'f', 'p') AND
              ns.nspname NOT IN ('pg_catalog', 'information_schema') AND
              -- Exclude tables which are members of PG extensions
              NOT EXISTS (
                  SELECT 1 FROM pg_depend WHERE
                      classid=(
                          SELECT cls.oid
                          FROM pg_class AS cls
                                   JOIN pg_namespace AS ns ON ns.oid = cls.relnamespace
                          WHERE relname='pg_class' AND ns.nspname='pg_catalog'
                      ) AND
                      objid=cls.oid AND
                      deptype IN ('e', 'x')
              )
info: Microsoft.EntityFrameworkCore.Database.Command[20101]
      Executed DbCommand (1ms) [Parameters=[], CommandType='Text', CommandTimeout='30']
      SELECT CASE WHEN COUNT(*) = 0 THEN FALSE ELSE TRUE END
      FROM pg_class AS cls
      JOIN pg_namespace AS ns ON ns.oid = cls.relnamespace
      WHERE
              cls.relkind IN ('r', 'v', 'm', 'f', 'p') AND
              ns.nspname NOT IN ('pg_catalog', 'information_schema') AND
              -- Exclude tables which are members of PG extensions
              NOT EXISTS (
                  SELECT 1 FROM pg_depend WHERE
                      classid=(
                          SELECT cls.oid
                          FROM pg_class AS cls
                                   JOIN pg_namespace AS ns ON ns.oid = cls.relnamespace
                          WHERE relname='pg_class' AND ns.nspname='pg_catalog'
                      ) AND
                      objid=cls.oid AND
                      deptype IN ('e', 'x')
              )
info: 7/12/2025 16:16:36.479 RelationalEventId.CommandExecuted[20101] (Microsoft.EntityFrameworkCore.Database.Command) 
      Executed DbCommand (1ms) [Parameters=[], CommandType='Text', CommandTimeout='30']
      SELECT CASE WHEN COUNT(*) = 0 THEN FALSE ELSE TRUE END
      FROM pg_class AS cls
      JOIN pg_namespace AS ns ON ns.oid = cls.relnamespace
      WHERE
              cls.relkind IN ('r', 'v', 'm', 'f', 'p') AND
              ns.nspname NOT IN ('pg_catalog', 'information_schema') AND
              -- Exclude tables which are members of PG extensions
              NOT EXISTS (
                  SELECT 1 FROM pg_depend WHERE
                      classid=(
                          SELECT cls.oid
                          FROM pg_class AS cls
                                   JOIN pg_namespace AS ns ON ns.oid = cls.relnamespace
                          WHERE relname='pg_class' AND ns.nspname='pg_catalog'
                      ) AND
                      objid=cls.oid AND
                      deptype IN ('e', 'x')
              )
dbug: Microsoft.EntityFrameworkCore.Database.Command[20103]
      Creating DbCommand for 'ExecuteReader'.
dbug: Microsoft.EntityFrameworkCore.Database.Command[20104]
      Created DbCommand for 'ExecuteReader' (0ms).
dbug: Microsoft.EntityFrameworkCore.Database.Command[20106]
      Initialized DbCommand for 'ExecuteReader' (0ms).
dbug: Microsoft.EntityFrameworkCore.Database.Command[20100]
      Executing DbCommand [Parameters=[], CommandType='Text', CommandTimeout='30']
      SELECT EXISTS (
          SELECT 1
          FROM "BodyParts" AS b)
info: Microsoft.EntityFrameworkCore.Database.Command[20101]
      Executed DbCommand (0ms) [Parameters=[], CommandType='Text', CommandTimeout='30']
      SELECT EXISTS (
          SELECT 1
          FROM "BodyParts" AS b)
info: 7/12/2025 16:16:36.480 RelationalEventId.CommandExecuted[20101] (Microsoft.EntityFrameworkCore.Database.Command) 
      Executed DbCommand (0ms) [Parameters=[], CommandType='Text', CommandTimeout='30']
      SELECT EXISTS (
          SELECT 1
          FROM "BodyParts" AS b)
dbug: Microsoft.EntityFrameworkCore.Database.Command[20301]
      Closing data reader to 'bddtestdb' on server 'tcp://127.0.0.1:33517'.
dbug: Microsoft.EntityFrameworkCore.Database.Command[20300]
      A data reader for 'bddtestdb' on server 'tcp://127.0.0.1:33517' is being disposed after spending 0ms reading results.
dbug: Microsoft.EntityFrameworkCore.Database.Command[20103]
      Creating DbCommand for 'ExecuteReader'.
dbug: Microsoft.EntityFrameworkCore.Database.Command[20104]
      Created DbCommand for 'ExecuteReader' (0ms).
dbug: Microsoft.EntityFrameworkCore.Database.Command[20106]
      Initialized DbCommand for 'ExecuteReader' (0ms).
dbug: Microsoft.EntityFrameworkCore.Database.Command[20100]
      Executing DbCommand [Parameters=[], CommandType='Text', CommandTimeout='30']
      SELECT e."Id", e."CreatedAt", e."DisplayOrder", e."IsActive", e."LinkType", e."SourceExerciseId", e."TargetExerciseId", e."UpdatedAt"
      FROM "ExerciseLinks" AS e
info: Microsoft.EntityFrameworkCore.Database.Command[20101]
      Executed DbCommand (0ms) [Parameters=[], CommandType='Text', CommandTimeout='30']
      SELECT e."Id", e."CreatedAt", e."DisplayOrder", e."IsActive", e."LinkType", e."SourceExerciseId", e."TargetExerciseId", e."UpdatedAt"
      FROM "ExerciseLinks" AS e
info: 7/12/2025 16:16:36.482 RelationalEventId.CommandExecuted[20101] (Microsoft.EntityFrameworkCore.Database.Command) 
      Executed DbCommand (0ms) [Parameters=[], CommandType='Text', CommandTimeout='30']
      SELECT e."Id", e."CreatedAt", e."DisplayOrder", e."IsActive", e."LinkType", e."SourceExerciseId", e."TargetExerciseId", e."UpdatedAt"
      FROM "ExerciseLinks" AS e
dbug: Microsoft.EntityFrameworkCore.Database.Command[20301]
      Closing data reader to 'bddtestdb' on server 'tcp://127.0.0.1:33517'.
dbug: Microsoft.EntityFrameworkCore.Database.Command[20300]
      A data reader for 'bddtestdb' on server 'tcp://127.0.0.1:33517' is being disposed after spending 0ms reading results.
dbug: Microsoft.EntityFrameworkCore.Database.Command[20103]
      Creating DbCommand for 'ExecuteReader'.
dbug: Microsoft.EntityFrameworkCore.Database.Command[20104]
      Created DbCommand for 'ExecuteReader' (0ms).
dbug: Microsoft.EntityFrameworkCore.Database.Command[20106]
      Initialized DbCommand for 'ExecuteReader' (0ms).
dbug: Microsoft.EntityFrameworkCore.Database.Command[20100]
      Executing DbCommand [Parameters=[], CommandType='Text', CommandTimeout='30']
      SELECT e."Id", e."Description", e."DifficultyId", e."ExerciseWeightTypeId", e."ImageUrl", e."IsActive", e."IsUnilateral", e."KineticChainId", e."Name", e."VideoUrl"
      FROM "Exercises" AS e
info: Microsoft.EntityFrameworkCore.Database.Command[20101]
      Executed DbCommand (0ms) [Parameters=[], CommandType='Text', CommandTimeout='30']
      SELECT e."Id", e."Description", e."DifficultyId", e."ExerciseWeightTypeId", e."ImageUrl", e."IsActive", e."IsUnilateral", e."KineticChainId", e."Name", e."VideoUrl"
      FROM "Exercises" AS e
info: 7/12/2025 16:16:36.483 RelationalEventId.CommandExecuted[20101] (Microsoft.EntityFrameworkCore.Database.Command) 
      Executed DbCommand (0ms) [Parameters=[], CommandType='Text', CommandTimeout='30']
      SELECT e."Id", e."Description", e."DifficultyId", e."ExerciseWeightTypeId", e."ImageUrl", e."IsActive", e."IsUnilateral", e."KineticChainId", e."Name", e."VideoUrl"
      FROM "Exercises" AS e
dbug: Microsoft.EntityFrameworkCore.Database.Command[20301]
      Closing data reader to 'bddtestdb' on server 'tcp://127.0.0.1:33517'.
dbug: Microsoft.EntityFrameworkCore.Database.Command[20300]
      A data reader for 'bddtestdb' on server 'tcp://127.0.0.1:33517' is being disposed after spending 0ms reading results.
dbug: Microsoft.EntityFrameworkCore.Database.Command[20103]
      Creating DbCommand for 'ExecuteScalar'.
dbug: Microsoft.EntityFrameworkCore.Database.Command[20104]
      Created DbCommand for 'ExecuteScalar' (0ms).
dbug: Microsoft.EntityFrameworkCore.Database.Command[20106]
      Initialized DbCommand for 'ExecuteScalar' (0ms).
dbug: Microsoft.EntityFrameworkCore.Database.Command[20100]
      Executing DbCommand [Parameters=[], CommandType='Text', CommandTimeout='30']
      SELECT CASE WHEN COUNT(*) = 0 THEN FALSE ELSE TRUE END
      FROM pg_class AS cls
      JOIN pg_namespace AS ns ON ns.oid = cls.relnamespace
      WHERE
              cls.relkind IN ('r', 'v', 'm', 'f', 'p') AND
              ns.nspname NOT IN ('pg_catalog', 'information_schema') AND
              -- Exclude tables which are members of PG extensions
              NOT EXISTS (
                  SELECT 1 FROM pg_depend WHERE
                      classid=(
                          SELECT cls.oid
                          FROM pg_class AS cls
                                   JOIN pg_namespace AS ns ON ns.oid = cls.relnamespace
                          WHERE relname='pg_class' AND ns.nspname='pg_catalog'
                      ) AND
                      objid=cls.oid AND
                      deptype IN ('e', 'x')
              )
info: Microsoft.EntityFrameworkCore.Database.Command[20101]
      Executed DbCommand (1ms) [Parameters=[], CommandType='Text', CommandTimeout='30']
      SELECT CASE WHEN COUNT(*) = 0 THEN FALSE ELSE TRUE END
      FROM pg_class AS cls
      JOIN pg_namespace AS ns ON ns.oid = cls.relnamespace
      WHERE
              cls.relkind IN ('r', 'v', 'm', 'f', 'p') AND
              ns.nspname NOT IN ('pg_catalog', 'information_schema') AND
              -- Exclude tables which are members of PG extensions
              NOT EXISTS (
                  SELECT 1 FROM pg_depend WHERE
                      classid=(
                          SELECT cls.oid
                          FROM pg_class AS cls
                                   JOIN pg_namespace AS ns ON ns.oid = cls.relnamespace
                          WHERE relname='pg_class' AND ns.nspname='pg_catalog'
                      ) AND
                      objid=cls.oid AND
                      deptype IN ('e', 'x')
              )
info: 7/12/2025 16:16:36.488 RelationalEventId.CommandExecuted[20101] (Microsoft.EntityFrameworkCore.Database.Command) 
      Executed DbCommand (1ms) [Parameters=[], CommandType='Text', CommandTimeout='30']
      SELECT CASE WHEN COUNT(*) = 0 THEN FALSE ELSE TRUE END
      FROM pg_class AS cls
      JOIN pg_namespace AS ns ON ns.oid = cls.relnamespace
      WHERE
              cls.relkind IN ('r', 'v', 'm', 'f', 'p') AND
              ns.nspname NOT IN ('pg_catalog', 'information_schema') AND
              -- Exclude tables which are members of PG extensions
              NOT EXISTS (
                  SELECT 1 FROM pg_depend WHERE
                      classid=(
                          SELECT cls.oid
                          FROM pg_class AS cls
                                   JOIN pg_namespace AS ns ON ns.oid = cls.relnamespace
                          WHERE relname='pg_class' AND ns.nspname='pg_catalog'
                      ) AND
                      objid=cls.oid AND
                      deptype IN ('e', 'x')
              )
dbug: Microsoft.EntityFrameworkCore.Database.Command[20103]
      Creating DbCommand for 'ExecuteReader'.
dbug: Microsoft.EntityFrameworkCore.Database.Command[20104]
      Created DbCommand for 'ExecuteReader' (0ms).
dbug: Microsoft.EntityFrameworkCore.Database.Command[20106]
      Initialized DbCommand for 'ExecuteReader' (0ms).
dbug: Microsoft.EntityFrameworkCore.Database.Command[20100]
      Executing DbCommand [Parameters=[], CommandType='Text', CommandTimeout='30']
      SELECT EXISTS (
          SELECT 1
          FROM "BodyParts" AS b)
info: Microsoft.EntityFrameworkCore.Database.Command[20101]
      Executed DbCommand (0ms) [Parameters=[], CommandType='Text', CommandTimeout='30']
      SELECT EXISTS (
          SELECT 1
          FROM "BodyParts" AS b)
info: 7/12/2025 16:16:36.489 RelationalEventId.CommandExecuted[20101] (Microsoft.EntityFrameworkCore.Database.Command) 
      Executed DbCommand (0ms) [Parameters=[], CommandType='Text', CommandTimeout='30']
      SELECT EXISTS (
          SELECT 1
          FROM "BodyParts" AS b)
dbug: Microsoft.EntityFrameworkCore.Database.Command[20301]
      Closing data reader to 'bddtestdb' on server 'tcp://127.0.0.1:33517'.
dbug: Microsoft.EntityFrameworkCore.Database.Command[20300]
      A data reader for 'bddtestdb' on server 'tcp://127.0.0.1:33517' is being disposed after spending 0ms reading results.
dbug: Microsoft.EntityFrameworkCore.Database.Command[20103]
      Creating DbCommand for 'ExecuteReader'.
dbug: Microsoft.EntityFrameworkCore.Database.Command[20104]
      Created DbCommand for 'ExecuteReader' (0ms).
dbug: Microsoft.EntityFrameworkCore.Database.Command[20106]
      Initialized DbCommand for 'ExecuteReader' (0ms).
dbug: Microsoft.EntityFrameworkCore.Database.Command[20100]
      Executing DbCommand [Parameters=[@__ToLower_0='nonexistentdifficultylevel'], CommandType='Text', CommandTimeout='30']
      SELECT d."Id", d."Description", d."DisplayOrder", d."IsActive", d."Value"
      FROM "DifficultyLevels" AS d
      WHERE lower(d."Value") = @__ToLower_0 AND d."IsActive"
      LIMIT 1
info: Microsoft.EntityFrameworkCore.Database.Command[20101]
      Executed DbCommand (0ms) [Parameters=[@__ToLower_0='nonexistentdifficultylevel'], CommandType='Text', CommandTimeout='30']
      SELECT d."Id", d."Description", d."DisplayOrder", d."IsActive", d."Value"
      FROM "DifficultyLevels" AS d
      WHERE lower(d."Value") = @__ToLower_0 AND d."IsActive"
      LIMIT 1
info: 7/12/2025 16:16:36.491 RelationalEventId.CommandExecuted[20101] (Microsoft.EntityFrameworkCore.Database.Command) 
      Executed DbCommand (0ms) [Parameters=[@__ToLower_0='nonexistentdifficultylevel'], CommandType='Text', CommandTimeout='30']
      SELECT d."Id", d."Description", d."DisplayOrder", d."IsActive", d."Value"
      FROM "DifficultyLevels" AS d
      WHERE lower(d."Value") = @__ToLower_0 AND d."IsActive"
      LIMIT 1
dbug: Microsoft.EntityFrameworkCore.Database.Command[20301]
      Closing data reader to 'bddtestdb' on server 'tcp://127.0.0.1:33517'.
dbug: Microsoft.EntityFrameworkCore.Database.Command[20300]
      A data reader for 'bddtestdb' on server 'tcp://127.0.0.1:33517' is being disposed after spending 0ms reading results.
dbug: Microsoft.EntityFrameworkCore.Database.Command[20103]
      Creating DbCommand for 'ExecuteReader'.
dbug: Microsoft.EntityFrameworkCore.Database.Command[20104]
      Created DbCommand for 'ExecuteReader' (0ms).
dbug: Microsoft.EntityFrameworkCore.Database.Command[20106]
      Initialized DbCommand for 'ExecuteReader' (0ms).
dbug: Microsoft.EntityFrameworkCore.Database.Command[20100]
      Executing DbCommand [Parameters=[], CommandType='Text', CommandTimeout='30']
      SELECT e."Id", e."CreatedAt", e."DisplayOrder", e."IsActive", e."LinkType", e."SourceExerciseId", e."TargetExerciseId", e."UpdatedAt"
      FROM "ExerciseLinks" AS e
info: Microsoft.EntityFrameworkCore.Database.Command[20101]
      Executed DbCommand (0ms) [Parameters=[], CommandType='Text', CommandTimeout='30']
      SELECT e."Id", e."CreatedAt", e."DisplayOrder", e."IsActive", e."LinkType", e."SourceExerciseId", e."TargetExerciseId", e."UpdatedAt"
      FROM "ExerciseLinks" AS e
info: 7/12/2025 16:16:36.499 RelationalEventId.CommandExecuted[20101] (Microsoft.EntityFrameworkCore.Database.Command) 
      Executed DbCommand (0ms) [Parameters=[], CommandType='Text', CommandTimeout='30']
      SELECT e."Id", e."CreatedAt", e."DisplayOrder", e."IsActive", e."LinkType", e."SourceExerciseId", e."TargetExerciseId", e."UpdatedAt"
      FROM "ExerciseLinks" AS e
dbug: Microsoft.EntityFrameworkCore.Database.Command[20301]
      Closing data reader to 'bddtestdb' on server 'tcp://127.0.0.1:33517'.
dbug: Microsoft.EntityFrameworkCore.Database.Command[20300]
      A data reader for 'bddtestdb' on server 'tcp://127.0.0.1:33517' is being disposed after spending 0ms reading results.
dbug: Microsoft.EntityFrameworkCore.Database.Command[20103]
      Creating DbCommand for 'ExecuteReader'.
dbug: Microsoft.EntityFrameworkCore.Database.Command[20104]
      Created DbCommand for 'ExecuteReader' (0ms).
dbug: Microsoft.EntityFrameworkCore.Database.Command[20106]
      Initialized DbCommand for 'ExecuteReader' (0ms).
dbug: Microsoft.EntityFrameworkCore.Database.Command[20100]
      Executing DbCommand [Parameters=[], CommandType='Text', CommandTimeout='30']
      SELECT e."Id", e."Description", e."DifficultyId", e."ExerciseWeightTypeId", e."ImageUrl", e."IsActive", e."IsUnilateral", e."KineticChainId", e."Name", e."VideoUrl"
      FROM "Exercises" AS e
info: Microsoft.EntityFrameworkCore.Database.Command[20101]
      Executed DbCommand (0ms) [Parameters=[], CommandType='Text', CommandTimeout='30']
      SELECT e."Id", e."Description", e."DifficultyId", e."ExerciseWeightTypeId", e."ImageUrl", e."IsActive", e."IsUnilateral", e."KineticChainId", e."Name", e."VideoUrl"
      FROM "Exercises" AS e
info: 7/12/2025 16:16:36.499 RelationalEventId.CommandExecuted[20101] (Microsoft.EntityFrameworkCore.Database.Command) 
      Executed DbCommand (0ms) [Parameters=[], CommandType='Text', CommandTimeout='30']
      SELECT e."Id", e."Description", e."DifficultyId", e."ExerciseWeightTypeId", e."ImageUrl", e."IsActive", e."IsUnilateral", e."KineticChainId", e."Name", e."VideoUrl"
      FROM "Exercises" AS e
dbug: Microsoft.EntityFrameworkCore.Database.Command[20301]
      Closing data reader to 'bddtestdb' on server 'tcp://127.0.0.1:33517'.
dbug: Microsoft.EntityFrameworkCore.Database.Command[20300]
      A data reader for 'bddtestdb' on server 'tcp://127.0.0.1:33517' is being disposed after spending 0ms reading results.
dbug: Microsoft.EntityFrameworkCore.Database.Command[20103]
      Creating DbCommand for 'ExecuteReader'.
dbug: Microsoft.EntityFrameworkCore.Database.Command[20104]
      Created DbCommand for 'ExecuteReader' (0ms).
dbug: Microsoft.EntityFrameworkCore.Database.Command[20106]
      Initialized DbCommand for 'ExecuteReader' (0ms).
dbug: Microsoft.EntityFrameworkCore.Database.Command[20100]
      Executing DbCommand [Parameters=[], CommandType='Text', CommandTimeout='30']
      SELECT e."Id", e."CreatedAt", e."DisplayOrder", e."IsActive", e."LinkType", e."SourceExerciseId", e."TargetExerciseId", e."UpdatedAt"
      FROM "ExerciseLinks" AS e
info: Microsoft.EntityFrameworkCore.Database.Command[20101]
      Executed DbCommand (0ms) [Parameters=[], CommandType='Text', CommandTimeout='30']
      SELECT e."Id", e."CreatedAt", e."DisplayOrder", e."IsActive", e."LinkType", e."SourceExerciseId", e."TargetExerciseId", e."UpdatedAt"
      FROM "ExerciseLinks" AS e
info: 7/12/2025 16:16:36.499 RelationalEventId.CommandExecuted[20101] (Microsoft.EntityFrameworkCore.Database.Command) 
      Executed DbCommand (0ms) [Parameters=[], CommandType='Text', CommandTimeout='30']
      SELECT e."Id", e."CreatedAt", e."DisplayOrder", e."IsActive", e."LinkType", e."SourceExerciseId", e."TargetExerciseId", e."UpdatedAt"
      FROM "ExerciseLinks" AS e
dbug: Microsoft.EntityFrameworkCore.Database.Command[20301]
      Closing data reader to 'bddtestdb' on server 'tcp://127.0.0.1:33517'.
dbug: Microsoft.EntityFrameworkCore.Database.Command[20300]
      A data reader for 'bddtestdb' on server 'tcp://127.0.0.1:33517' is being disposed after spending 0ms reading results.
dbug: Microsoft.EntityFrameworkCore.Database.Command[20103]
      Creating DbCommand for 'ExecuteReader'.
dbug: Microsoft.EntityFrameworkCore.Database.Command[20104]
      Created DbCommand for 'ExecuteReader' (0ms).
dbug: Microsoft.EntityFrameworkCore.Database.Command[20106]
      Initialized DbCommand for 'ExecuteReader' (0ms).
dbug: Microsoft.EntityFrameworkCore.Database.Command[20100]
      Executing DbCommand [Parameters=[], CommandType='Text', CommandTimeout='30']
      SELECT e."Id", e."Description", e."DifficultyId", e."ExerciseWeightTypeId", e."ImageUrl", e."IsActive", e."IsUnilateral", e."KineticChainId", e."Name", e."VideoUrl"
      FROM "Exercises" AS e
info: Microsoft.EntityFrameworkCore.Database.Command[20101]
      Executed DbCommand (0ms) [Parameters=[], CommandType='Text', CommandTimeout='30']
      SELECT e."Id", e."Description", e."DifficultyId", e."ExerciseWeightTypeId", e."ImageUrl", e."IsActive", e."IsUnilateral", e."KineticChainId", e."Name", e."VideoUrl"
      FROM "Exercises" AS e
info: 7/12/2025 16:16:36.499 RelationalEventId.CommandExecuted[20101] (Microsoft.EntityFrameworkCore.Database.Command) 
      Executed DbCommand (0ms) [Parameters=[], CommandType='Text', CommandTimeout='30']
      SELECT e."Id", e."Description", e."DifficultyId", e."ExerciseWeightTypeId", e."ImageUrl", e."IsActive", e."IsUnilateral", e."KineticChainId", e."Name", e."VideoUrl"
      FROM "Exercises" AS e
dbug: Microsoft.EntityFrameworkCore.Database.Command[20301]
      Closing data reader to 'bddtestdb' on server 'tcp://127.0.0.1:33517'.
dbug: Microsoft.EntityFrameworkCore.Database.Command[20300]
      A data reader for 'bddtestdb' on server 'tcp://127.0.0.1:33517' is being disposed after spending 0ms reading results.
dbug: Microsoft.EntityFrameworkCore.Database.Command[20103]
      Creating DbCommand for 'ExecuteScalar'.
dbug: Microsoft.EntityFrameworkCore.Database.Command[20104]
      Created DbCommand for 'ExecuteScalar' (0ms).
dbug: Microsoft.EntityFrameworkCore.Database.Command[20106]
      Initialized DbCommand for 'ExecuteScalar' (0ms).
dbug: Microsoft.EntityFrameworkCore.Database.Command[20100]
      Executing DbCommand [Parameters=[], CommandType='Text', CommandTimeout='30']
      SELECT CASE WHEN COUNT(*) = 0 THEN FALSE ELSE TRUE END
      FROM pg_class AS cls
      JOIN pg_namespace AS ns ON ns.oid = cls.relnamespace
      WHERE
              cls.relkind IN ('r', 'v', 'm', 'f', 'p') AND
              ns.nspname NOT IN ('pg_catalog', 'information_schema') AND
              -- Exclude tables which are members of PG extensions
              NOT EXISTS (
                  SELECT 1 FROM pg_depend WHERE
                      classid=(
                          SELECT cls.oid
                          FROM pg_class AS cls
                                   JOIN pg_namespace AS ns ON ns.oid = cls.relnamespace
                          WHERE relname='pg_class' AND ns.nspname='pg_catalog'
                      ) AND
                      objid=cls.oid AND
                      deptype IN ('e', 'x')
              )
info: Microsoft.EntityFrameworkCore.Database.Command[20101]
      Executed DbCommand (1ms) [Parameters=[], CommandType='Text', CommandTimeout='30']
      SELECT CASE WHEN COUNT(*) = 0 THEN FALSE ELSE TRUE END
      FROM pg_class AS cls
      JOIN pg_namespace AS ns ON ns.oid = cls.relnamespace
      WHERE
              cls.relkind IN ('r', 'v', 'm', 'f', 'p') AND
              ns.nspname NOT IN ('pg_catalog', 'information_schema') AND
              -- Exclude tables which are members of PG extensions
              NOT EXISTS (
                  SELECT 1 FROM pg_depend WHERE
                      classid=(
                          SELECT cls.oid
                          FROM pg_class AS cls
                                   JOIN pg_namespace AS ns ON ns.oid = cls.relnamespace
                          WHERE relname='pg_class' AND ns.nspname='pg_catalog'
                      ) AND
                      objid=cls.oid AND
                      deptype IN ('e', 'x')
              )
info: 7/12/2025 16:16:36.503 RelationalEventId.CommandExecuted[20101] (Microsoft.EntityFrameworkCore.Database.Command) 
      Executed DbCommand (1ms) [Parameters=[], CommandType='Text', CommandTimeout='30']
      SELECT CASE WHEN COUNT(*) = 0 THEN FALSE ELSE TRUE END
      FROM pg_class AS cls
      JOIN pg_namespace AS ns ON ns.oid = cls.relnamespace
      WHERE
              cls.relkind IN ('r', 'v', 'm', 'f', 'p') AND
              ns.nspname NOT IN ('pg_catalog', 'information_schema') AND
              -- Exclude tables which are members of PG extensions
              NOT EXISTS (
                  SELECT 1 FROM pg_depend WHERE
                      classid=(
                          SELECT cls.oid
                          FROM pg_class AS cls
                                   JOIN pg_namespace AS ns ON ns.oid = cls.relnamespace
                          WHERE relname='pg_class' AND ns.nspname='pg_catalog'
                      ) AND
                      objid=cls.oid AND
                      deptype IN ('e', 'x')
              )
dbug: Microsoft.EntityFrameworkCore.Database.Command[20103]
      Creating DbCommand for 'ExecuteReader'.
dbug: Microsoft.EntityFrameworkCore.Database.Command[20104]
      Created DbCommand for 'ExecuteReader' (0ms).
dbug: Microsoft.EntityFrameworkCore.Database.Command[20106]
      Initialized DbCommand for 'ExecuteReader' (0ms).
dbug: Microsoft.EntityFrameworkCore.Database.Command[20100]
      Executing DbCommand [Parameters=[], CommandType='Text', CommandTimeout='30']
      SELECT EXISTS (
          SELECT 1
          FROM "BodyParts" AS b)
info: Microsoft.EntityFrameworkCore.Database.Command[20101]
      Executed DbCommand (0ms) [Parameters=[], CommandType='Text', CommandTimeout='30']
      SELECT EXISTS (
          SELECT 1
          FROM "BodyParts" AS b)
info: 7/12/2025 16:16:36.503 RelationalEventId.CommandExecuted[20101] (Microsoft.EntityFrameworkCore.Database.Command) 
      Executed DbCommand (0ms) [Parameters=[], CommandType='Text', CommandTimeout='30']
      SELECT EXISTS (
          SELECT 1
          FROM "BodyParts" AS b)
dbug: Microsoft.EntityFrameworkCore.Database.Command[20301]
      Closing data reader to 'bddtestdb' on server 'tcp://127.0.0.1:33517'.
dbug: Microsoft.EntityFrameworkCore.Database.Command[20300]
      A data reader for 'bddtestdb' on server 'tcp://127.0.0.1:33517' is being disposed after spending 0ms reading results.
dbug: Microsoft.EntityFrameworkCore.Database.Command[20103]
      Creating DbCommand for 'ExecuteScalar'.
dbug: Microsoft.EntityFrameworkCore.Database.Command[20104]
      Created DbCommand for 'ExecuteScalar' (0ms).
dbug: Microsoft.EntityFrameworkCore.Database.Command[20106]
      Initialized DbCommand for 'ExecuteScalar' (0ms).
dbug: Microsoft.EntityFrameworkCore.Database.Command[20100]
      Executing DbCommand [Parameters=[], CommandType='Text', CommandTimeout='30']
      SELECT CASE WHEN COUNT(*) = 0 THEN FALSE ELSE TRUE END
      FROM pg_class AS cls
      JOIN pg_namespace AS ns ON ns.oid = cls.relnamespace
      WHERE
              cls.relkind IN ('r', 'v', 'm', 'f', 'p') AND
              ns.nspname NOT IN ('pg_catalog', 'information_schema') AND
              -- Exclude tables which are members of PG extensions
              NOT EXISTS (
                  SELECT 1 FROM pg_depend WHERE
                      classid=(
                          SELECT cls.oid
                          FROM pg_class AS cls
                                   JOIN pg_namespace AS ns ON ns.oid = cls.relnamespace
                          WHERE relname='pg_class' AND ns.nspname='pg_catalog'
                      ) AND
                      objid=cls.oid AND
                      deptype IN ('e', 'x')
              )
info: Microsoft.EntityFrameworkCore.Database.Command[20101]
      Executed DbCommand (1ms) [Parameters=[], CommandType='Text', CommandTimeout='30']
      SELECT CASE WHEN COUNT(*) = 0 THEN FALSE ELSE TRUE END
      FROM pg_class AS cls
      JOIN pg_namespace AS ns ON ns.oid = cls.relnamespace
      WHERE
              cls.relkind IN ('r', 'v', 'm', 'f', 'p') AND
              ns.nspname NOT IN ('pg_catalog', 'information_schema') AND
              -- Exclude tables which are members of PG extensions
              NOT EXISTS (
                  SELECT 1 FROM pg_depend WHERE
                      classid=(
                          SELECT cls.oid
                          FROM pg_class AS cls
                                   JOIN pg_namespace AS ns ON ns.oid = cls.relnamespace
                          WHERE relname='pg_class' AND ns.nspname='pg_catalog'
                      ) AND
                      objid=cls.oid AND
                      deptype IN ('e', 'x')
              )
info: 7/12/2025 16:16:36.508 RelationalEventId.CommandExecuted[20101] (Microsoft.EntityFrameworkCore.Database.Command) 
      Executed DbCommand (1ms) [Parameters=[], CommandType='Text', CommandTimeout='30']
      SELECT CASE WHEN COUNT(*) = 0 THEN FALSE ELSE TRUE END
      FROM pg_class AS cls
      JOIN pg_namespace AS ns ON ns.oid = cls.relnamespace
      WHERE
              cls.relkind IN ('r', 'v', 'm', 'f', 'p') AND
              ns.nspname NOT IN ('pg_catalog', 'information_schema') AND
              -- Exclude tables which are members of PG extensions
              NOT EXISTS (
                  SELECT 1 FROM pg_depend WHERE
                      classid=(
                          SELECT cls.oid
                          FROM pg_class AS cls
                                   JOIN pg_namespace AS ns ON ns.oid = cls.relnamespace
                          WHERE relname='pg_class' AND ns.nspname='pg_catalog'
                      ) AND
                      objid=cls.oid AND
                      deptype IN ('e', 'x')
              )
dbug: Microsoft.EntityFrameworkCore.Database.Command[20103]
      Creating DbCommand for 'ExecuteReader'.
dbug: Microsoft.EntityFrameworkCore.Database.Command[20104]
      Created DbCommand for 'ExecuteReader' (0ms).
dbug: Microsoft.EntityFrameworkCore.Database.Command[20106]
      Initialized DbCommand for 'ExecuteReader' (0ms).
dbug: Microsoft.EntityFrameworkCore.Database.Command[20100]
      Executing DbCommand [Parameters=[], CommandType='Text', CommandTimeout='30']
      SELECT EXISTS (
          SELECT 1
          FROM "BodyParts" AS b)
info: Microsoft.EntityFrameworkCore.Database.Command[20101]
      Executed DbCommand (0ms) [Parameters=[], CommandType='Text', CommandTimeout='30']
      SELECT EXISTS (
          SELECT 1
          FROM "BodyParts" AS b)
info: 7/12/2025 16:16:36.508 RelationalEventId.CommandExecuted[20101] (Microsoft.EntityFrameworkCore.Database.Command) 
      Executed DbCommand (0ms) [Parameters=[], CommandType='Text', CommandTimeout='30']
      SELECT EXISTS (
          SELECT 1
          FROM "BodyParts" AS b)
dbug: Microsoft.EntityFrameworkCore.Database.Command[20301]
      Closing data reader to 'bddtestdb' on server 'tcp://127.0.0.1:33517'.
dbug: Microsoft.EntityFrameworkCore.Database.Command[20300]
      A data reader for 'bddtestdb' on server 'tcp://127.0.0.1:33517' is being disposed after spending 0ms reading results.
dbug: Microsoft.EntityFrameworkCore.Database.Command[20103]
      Creating DbCommand for 'ExecuteReader'.
dbug: Microsoft.EntityFrameworkCore.Database.Command[20104]
      Created DbCommand for 'ExecuteReader' (0ms).
dbug: Microsoft.EntityFrameworkCore.Database.Command[20106]
      Initialized DbCommand for 'ExecuteReader' (0ms).
dbug: Microsoft.EntityFrameworkCore.Database.Command[20100]
      Executing DbCommand [Parameters=[], CommandType='Text', CommandTimeout='30']
      SELECT e."Id", e."CreatedAt", e."DisplayOrder", e."IsActive", e."LinkType", e."SourceExerciseId", e."TargetExerciseId", e."UpdatedAt"
      FROM "ExerciseLinks" AS e
info: Microsoft.EntityFrameworkCore.Database.Command[20101]
      Executed DbCommand (0ms) [Parameters=[], CommandType='Text', CommandTimeout='30']
      SELECT e."Id", e."CreatedAt", e."DisplayOrder", e."IsActive", e."LinkType", e."SourceExerciseId", e."TargetExerciseId", e."UpdatedAt"
      FROM "ExerciseLinks" AS e
info: 7/12/2025 16:16:36.511 RelationalEventId.CommandExecuted[20101] (Microsoft.EntityFrameworkCore.Database.Command) 
      Executed DbCommand (0ms) [Parameters=[], CommandType='Text', CommandTimeout='30']
      SELECT e."Id", e."CreatedAt", e."DisplayOrder", e."IsActive", e."LinkType", e."SourceExerciseId", e."TargetExerciseId", e."UpdatedAt"
      FROM "ExerciseLinks" AS e
dbug: Microsoft.EntityFrameworkCore.Database.Command[20301]
      Closing data reader to 'bddtestdb' on server 'tcp://127.0.0.1:33517'.
dbug: Microsoft.EntityFrameworkCore.Database.Command[20300]
      A data reader for 'bddtestdb' on server 'tcp://127.0.0.1:33517' is being disposed after spending 0ms reading results.
dbug: Microsoft.EntityFrameworkCore.Database.Command[20103]
      Creating DbCommand for 'ExecuteReader'.
dbug: Microsoft.EntityFrameworkCore.Database.Command[20104]
      Created DbCommand for 'ExecuteReader' (0ms).
dbug: Microsoft.EntityFrameworkCore.Database.Command[20106]
      Initialized DbCommand for 'ExecuteReader' (0ms).
dbug: Microsoft.EntityFrameworkCore.Database.Command[20100]
      Executing DbCommand [Parameters=[], CommandType='Text', CommandTimeout='30']
      SELECT e."Id", e."Description", e."DifficultyId", e."ExerciseWeightTypeId", e."ImageUrl", e."IsActive", e."IsUnilateral", e."KineticChainId", e."Name", e."VideoUrl"
      FROM "Exercises" AS e
info: Microsoft.EntityFrameworkCore.Database.Command[20101]
      Executed DbCommand (0ms) [Parameters=[], CommandType='Text', CommandTimeout='30']
      SELECT e."Id", e."Description", e."DifficultyId", e."ExerciseWeightTypeId", e."ImageUrl", e."IsActive", e."IsUnilateral", e."KineticChainId", e."Name", e."VideoUrl"
      FROM "Exercises" AS e
info: 7/12/2025 16:16:36.511 RelationalEventId.CommandExecuted[20101] (Microsoft.EntityFrameworkCore.Database.Command) 
      Executed DbCommand (0ms) [Parameters=[], CommandType='Text', CommandTimeout='30']
      SELECT e."Id", e."Description", e."DifficultyId", e."ExerciseWeightTypeId", e."ImageUrl", e."IsActive", e."IsUnilateral", e."KineticChainId", e."Name", e."VideoUrl"
      FROM "Exercises" AS e
dbug: Microsoft.EntityFrameworkCore.Database.Command[20301]
      Closing data reader to 'bddtestdb' on server 'tcp://127.0.0.1:33517'.
dbug: Microsoft.EntityFrameworkCore.Database.Command[20300]
      A data reader for 'bddtestdb' on server 'tcp://127.0.0.1:33517' is being disposed after spending 0ms reading results.
dbug: Microsoft.EntityFrameworkCore.Database.Command[20103]
      Creating DbCommand for 'ExecuteScalar'.
dbug: Microsoft.EntityFrameworkCore.Database.Command[20104]
      Created DbCommand for 'ExecuteScalar' (0ms).
dbug: Microsoft.EntityFrameworkCore.Database.Command[20106]
      Initialized DbCommand for 'ExecuteScalar' (0ms).
dbug: Microsoft.EntityFrameworkCore.Database.Command[20100]
      Executing DbCommand [Parameters=[], CommandType='Text', CommandTimeout='30']
      SELECT CASE WHEN COUNT(*) = 0 THEN FALSE ELSE TRUE END
      FROM pg_class AS cls
      JOIN pg_namespace AS ns ON ns.oid = cls.relnamespace
      WHERE
              cls.relkind IN ('r', 'v', 'm', 'f', 'p') AND
              ns.nspname NOT IN ('pg_catalog', 'information_schema') AND
              -- Exclude tables which are members of PG extensions
              NOT EXISTS (
                  SELECT 1 FROM pg_depend WHERE
                      classid=(
                          SELECT cls.oid
                          FROM pg_class AS cls
                                   JOIN pg_namespace AS ns ON ns.oid = cls.relnamespace
                          WHERE relname='pg_class' AND ns.nspname='pg_catalog'
                      ) AND
                      objid=cls.oid AND
                      deptype IN ('e', 'x')
              )
info: Microsoft.EntityFrameworkCore.Database.Command[20101]
      Executed DbCommand (1ms) [Parameters=[], CommandType='Text', CommandTimeout='30']
      SELECT CASE WHEN COUNT(*) = 0 THEN FALSE ELSE TRUE END
      FROM pg_class AS cls
      JOIN pg_namespace AS ns ON ns.oid = cls.relnamespace
      WHERE
              cls.relkind IN ('r', 'v', 'm', 'f', 'p') AND
              ns.nspname NOT IN ('pg_catalog', 'information_schema') AND
              -- Exclude tables which are members of PG extensions
              NOT EXISTS (
                  SELECT 1 FROM pg_depend WHERE
                      classid=(
                          SELECT cls.oid
                          FROM pg_class AS cls
                                   JOIN pg_namespace AS ns ON ns.oid = cls.relnamespace
                          WHERE relname='pg_class' AND ns.nspname='pg_catalog'
                      ) AND
                      objid=cls.oid AND
                      deptype IN ('e', 'x')
              )
info: 7/12/2025 16:16:36.517 RelationalEventId.CommandExecuted[20101] (Microsoft.EntityFrameworkCore.Database.Command) 
      Executed DbCommand (1ms) [Parameters=[], CommandType='Text', CommandTimeout='30']
      SELECT CASE WHEN COUNT(*) = 0 THEN FALSE ELSE TRUE END
      FROM pg_class AS cls
      JOIN pg_namespace AS ns ON ns.oid = cls.relnamespace
      WHERE
              cls.relkind IN ('r', 'v', 'm', 'f', 'p') AND
              ns.nspname NOT IN ('pg_catalog', 'information_schema') AND
              -- Exclude tables which are members of PG extensions
              NOT EXISTS (
                  SELECT 1 FROM pg_depend WHERE
                      classid=(
                          SELECT cls.oid
                          FROM pg_class AS cls
                                   JOIN pg_namespace AS ns ON ns.oid = cls.relnamespace
                          WHERE relname='pg_class' AND ns.nspname='pg_catalog'
                      ) AND
                      objid=cls.oid AND
                      deptype IN ('e', 'x')
              )
dbug: Microsoft.EntityFrameworkCore.Database.Command[20103]
      Creating DbCommand for 'ExecuteReader'.
dbug: Microsoft.EntityFrameworkCore.Database.Command[20104]
      Created DbCommand for 'ExecuteReader' (0ms).
dbug: Microsoft.EntityFrameworkCore.Database.Command[20106]
      Initialized DbCommand for 'ExecuteReader' (0ms).
dbug: Microsoft.EntityFrameworkCore.Database.Command[20100]
      Executing DbCommand [Parameters=[], CommandType='Text', CommandTimeout='30']
      SELECT EXISTS (
          SELECT 1
          FROM "BodyParts" AS b)
info: Microsoft.EntityFrameworkCore.Database.Command[20101]
      Executed DbCommand (0ms) [Parameters=[], CommandType='Text', CommandTimeout='30']
      SELECT EXISTS (
          SELECT 1
          FROM "BodyParts" AS b)
info: 7/12/2025 16:16:36.517 RelationalEventId.CommandExecuted[20101] (Microsoft.EntityFrameworkCore.Database.Command) 
      Executed DbCommand (0ms) [Parameters=[], CommandType='Text', CommandTimeout='30']
      SELECT EXISTS (
          SELECT 1
          FROM "BodyParts" AS b)
dbug: Microsoft.EntityFrameworkCore.Database.Command[20301]
      Closing data reader to 'bddtestdb' on server 'tcp://127.0.0.1:33517'.
dbug: Microsoft.EntityFrameworkCore.Database.Command[20300]
      A data reader for 'bddtestdb' on server 'tcp://127.0.0.1:33517' is being disposed after spending 0ms reading results.
dbug: Microsoft.EntityFrameworkCore.Database.Command[20103]
      Creating DbCommand for 'ExecuteReader'.
dbug: Microsoft.EntityFrameworkCore.Database.Command[20104]
      Created DbCommand for 'ExecuteReader' (0ms).
dbug: Microsoft.EntityFrameworkCore.Database.Command[20106]
      Initialized DbCommand for 'ExecuteReader' (0ms).
dbug: Microsoft.EntityFrameworkCore.Database.Command[20100]
      Executing DbCommand [Parameters=[@__p_0='00000000-0000-0000-0000-000000000000' (Nullable = true)], CommandType='Text', CommandTimeout='30']
      SELECT d."Id", d."Description", d."DisplayOrder", d."IsActive", d."Value"
      FROM "DifficultyLevels" AS d
      WHERE d."Id" = @__p_0
      LIMIT 1
info: Microsoft.EntityFrameworkCore.Database.Command[20101]
      Executed DbCommand (0ms) [Parameters=[@__p_0='00000000-0000-0000-0000-000000000000' (Nullable = true)], CommandType='Text', CommandTimeout='30']
      SELECT d."Id", d."Description", d."DisplayOrder", d."IsActive", d."Value"
      FROM "DifficultyLevels" AS d
      WHERE d."Id" = @__p_0
      LIMIT 1
info: 7/12/2025 16:16:36.519 RelationalEventId.CommandExecuted[20101] (Microsoft.EntityFrameworkCore.Database.Command) 
      Executed DbCommand (0ms) [Parameters=[@__p_0='00000000-0000-0000-0000-000000000000' (Nullable = true)], CommandType='Text', CommandTimeout='30']
      SELECT d."Id", d."Description", d."DisplayOrder", d."IsActive", d."Value"
      FROM "DifficultyLevels" AS d
      WHERE d."Id" = @__p_0
      LIMIT 1
dbug: Microsoft.EntityFrameworkCore.Database.Command[20301]
      Closing data reader to 'bddtestdb' on server 'tcp://127.0.0.1:33517'.
dbug: Microsoft.EntityFrameworkCore.Database.Command[20300]
      A data reader for 'bddtestdb' on server 'tcp://127.0.0.1:33517' is being disposed after spending 0ms reading results.
dbug: Microsoft.EntityFrameworkCore.Database.Command[20103]
      Creating DbCommand for 'ExecuteReader'.
dbug: Microsoft.EntityFrameworkCore.Database.Command[20104]
      Created DbCommand for 'ExecuteReader' (0ms).
dbug: Microsoft.EntityFrameworkCore.Database.Command[20106]
      Initialized DbCommand for 'ExecuteReader' (0ms).
dbug: Microsoft.EntityFrameworkCore.Database.Command[20100]
      Executing DbCommand [Parameters=[], CommandType='Text', CommandTimeout='30']
      SELECT e."Id", e."CreatedAt", e."DisplayOrder", e."IsActive", e."LinkType", e."SourceExerciseId", e."TargetExerciseId", e."UpdatedAt"
      FROM "ExerciseLinks" AS e
info: Microsoft.EntityFrameworkCore.Database.Command[20101]
      Executed DbCommand (0ms) [Parameters=[], CommandType='Text', CommandTimeout='30']
      SELECT e."Id", e."CreatedAt", e."DisplayOrder", e."IsActive", e."LinkType", e."SourceExerciseId", e."TargetExerciseId", e."UpdatedAt"
      FROM "ExerciseLinks" AS e
info: 7/12/2025 16:16:36.521 RelationalEventId.CommandExecuted[20101] (Microsoft.EntityFrameworkCore.Database.Command) 
      Executed DbCommand (0ms) [Parameters=[], CommandType='Text', CommandTimeout='30']
      SELECT e."Id", e."CreatedAt", e."DisplayOrder", e."IsActive", e."LinkType", e."SourceExerciseId", e."TargetExerciseId", e."UpdatedAt"
      FROM "ExerciseLinks" AS e
dbug: Microsoft.EntityFrameworkCore.Database.Command[20301]
      Closing data reader to 'bddtestdb' on server 'tcp://127.0.0.1:33517'.
dbug: Microsoft.EntityFrameworkCore.Database.Command[20300]
      A data reader for 'bddtestdb' on server 'tcp://127.0.0.1:33517' is being disposed after spending 0ms reading results.
dbug: Microsoft.EntityFrameworkCore.Database.Command[20103]
      Creating DbCommand for 'ExecuteReader'.
dbug: Microsoft.EntityFrameworkCore.Database.Command[20104]
      Created DbCommand for 'ExecuteReader' (0ms).
dbug: Microsoft.EntityFrameworkCore.Database.Command[20106]
      Initialized DbCommand for 'ExecuteReader' (0ms).
dbug: Microsoft.EntityFrameworkCore.Database.Command[20100]
      Executing DbCommand [Parameters=[], CommandType='Text', CommandTimeout='30']
      SELECT e."Id", e."Description", e."DifficultyId", e."ExerciseWeightTypeId", e."ImageUrl", e."IsActive", e."IsUnilateral", e."KineticChainId", e."Name", e."VideoUrl"
      FROM "Exercises" AS e
info: Microsoft.EntityFrameworkCore.Database.Command[20101]
      Executed DbCommand (0ms) [Parameters=[], CommandType='Text', CommandTimeout='30']
      SELECT e."Id", e."Description", e."DifficultyId", e."ExerciseWeightTypeId", e."ImageUrl", e."IsActive", e."IsUnilateral", e."KineticChainId", e."Name", e."VideoUrl"
      FROM "Exercises" AS e
info: 7/12/2025 16:16:36.522 RelationalEventId.CommandExecuted[20101] (Microsoft.EntityFrameworkCore.Database.Command) 
      Executed DbCommand (0ms) [Parameters=[], CommandType='Text', CommandTimeout='30']
      SELECT e."Id", e."Description", e."DifficultyId", e."ExerciseWeightTypeId", e."ImageUrl", e."IsActive", e."IsUnilateral", e."KineticChainId", e."Name", e."VideoUrl"
      FROM "Exercises" AS e
dbug: Microsoft.EntityFrameworkCore.Database.Command[20301]
      Closing data reader to 'bddtestdb' on server 'tcp://127.0.0.1:33517'.
dbug: Microsoft.EntityFrameworkCore.Database.Command[20300]
      A data reader for 'bddtestdb' on server 'tcp://127.0.0.1:33517' is being disposed after spending 0ms reading results.
dbug: Microsoft.EntityFrameworkCore.Database.Command[20103]
      Creating DbCommand for 'ExecuteReader'.
dbug: Microsoft.EntityFrameworkCore.Database.Command[20104]
      Created DbCommand for 'ExecuteReader' (0ms).
dbug: Microsoft.EntityFrameworkCore.Database.Command[20106]
      Initialized DbCommand for 'ExecuteReader' (0ms).
dbug: Microsoft.EntityFrameworkCore.Database.Command[20100]
      Executing DbCommand [Parameters=[], CommandType='Text', CommandTimeout='30']
      SELECT e."Id", e."CreatedAt", e."DisplayOrder", e."IsActive", e."LinkType", e."SourceExerciseId", e."TargetExerciseId", e."UpdatedAt"
      FROM "ExerciseLinks" AS e
info: Microsoft.EntityFrameworkCore.Database.Command[20101]
      Executed DbCommand (0ms) [Parameters=[], CommandType='Text', CommandTimeout='30']
      SELECT e."Id", e."CreatedAt", e."DisplayOrder", e."IsActive", e."LinkType", e."SourceExerciseId", e."TargetExerciseId", e."UpdatedAt"
      FROM "ExerciseLinks" AS e
info: 7/12/2025 16:16:36.523 RelationalEventId.CommandExecuted[20101] (Microsoft.EntityFrameworkCore.Database.Command) 
      Executed DbCommand (0ms) [Parameters=[], CommandType='Text', CommandTimeout='30']
      SELECT e."Id", e."CreatedAt", e."DisplayOrder", e."IsActive", e."LinkType", e."SourceExerciseId", e."TargetExerciseId", e."UpdatedAt"
      FROM "ExerciseLinks" AS e
dbug: Microsoft.EntityFrameworkCore.Database.Command[20301]
      Closing data reader to 'bddtestdb' on server 'tcp://127.0.0.1:33517'.
dbug: Microsoft.EntityFrameworkCore.Database.Command[20300]
      A data reader for 'bddtestdb' on server 'tcp://127.0.0.1:33517' is being disposed after spending 0ms reading results.
dbug: Microsoft.EntityFrameworkCore.Database.Command[20103]
      Creating DbCommand for 'ExecuteReader'.
dbug: Microsoft.EntityFrameworkCore.Database.Command[20104]
      Created DbCommand for 'ExecuteReader' (0ms).
dbug: Microsoft.EntityFrameworkCore.Database.Command[20106]
      Initialized DbCommand for 'ExecuteReader' (0ms).
dbug: Microsoft.EntityFrameworkCore.Database.Command[20100]
      Executing DbCommand [Parameters=[], CommandType='Text', CommandTimeout='30']
      SELECT e."Id", e."Description", e."DifficultyId", e."ExerciseWeightTypeId", e."ImageUrl", e."IsActive", e."IsUnilateral", e."KineticChainId", e."Name", e."VideoUrl"
      FROM "Exercises" AS e
info: Microsoft.EntityFrameworkCore.Database.Command[20101]
      Executed DbCommand (0ms) [Parameters=[], CommandType='Text', CommandTimeout='30']
      SELECT e."Id", e."Description", e."DifficultyId", e."ExerciseWeightTypeId", e."ImageUrl", e."IsActive", e."IsUnilateral", e."KineticChainId", e."Name", e."VideoUrl"
      FROM "Exercises" AS e
info: 7/12/2025 16:16:36.523 RelationalEventId.CommandExecuted[20101] (Microsoft.EntityFrameworkCore.Database.Command) 
      Executed DbCommand (0ms) [Parameters=[], CommandType='Text', CommandTimeout='30']
      SELECT e."Id", e."Description", e."DifficultyId", e."ExerciseWeightTypeId", e."ImageUrl", e."IsActive", e."IsUnilateral", e."KineticChainId", e."Name", e."VideoUrl"
      FROM "Exercises" AS e
dbug: Microsoft.EntityFrameworkCore.Database.Command[20301]
      Closing data reader to 'bddtestdb' on server 'tcp://127.0.0.1:33517'.
dbug: Microsoft.EntityFrameworkCore.Database.Command[20300]
      A data reader for 'bddtestdb' on server 'tcp://127.0.0.1:33517' is being disposed after spending 0ms reading results.
dbug: Microsoft.EntityFrameworkCore.Database.Command[20103]
      Creating DbCommand for 'ExecuteScalar'.
dbug: Microsoft.EntityFrameworkCore.Database.Command[20104]
      Created DbCommand for 'ExecuteScalar' (0ms).
dbug: Microsoft.EntityFrameworkCore.Database.Command[20106]
      Initialized DbCommand for 'ExecuteScalar' (0ms).
dbug: Microsoft.EntityFrameworkCore.Database.Command[20100]
      Executing DbCommand [Parameters=[], CommandType='Text', CommandTimeout='30']
      SELECT CASE WHEN COUNT(*) = 0 THEN FALSE ELSE TRUE END
      FROM pg_class AS cls
      JOIN pg_namespace AS ns ON ns.oid = cls.relnamespace
      WHERE
              cls.relkind IN ('r', 'v', 'm', 'f', 'p') AND
              ns.nspname NOT IN ('pg_catalog', 'information_schema') AND
              -- Exclude tables which are members of PG extensions
              NOT EXISTS (
                  SELECT 1 FROM pg_depend WHERE
                      classid=(
                          SELECT cls.oid
                          FROM pg_class AS cls
                                   JOIN pg_namespace AS ns ON ns.oid = cls.relnamespace
                          WHERE relname='pg_class' AND ns.nspname='pg_catalog'
                      ) AND
                      objid=cls.oid AND
                      deptype IN ('e', 'x')
              )
info: Microsoft.EntityFrameworkCore.Database.Command[20101]
      Executed DbCommand (1ms) [Parameters=[], CommandType='Text', CommandTimeout='30']
      SELECT CASE WHEN COUNT(*) = 0 THEN FALSE ELSE TRUE END
      FROM pg_class AS cls
      JOIN pg_namespace AS ns ON ns.oid = cls.relnamespace
      WHERE
              cls.relkind IN ('r', 'v', 'm', 'f', 'p') AND
              ns.nspname NOT IN ('pg_catalog', 'information_schema') AND
              -- Exclude tables which are members of PG extensions
              NOT EXISTS (
                  SELECT 1 FROM pg_depend WHERE
                      classid=(
                          SELECT cls.oid
                          FROM pg_class AS cls
                                   JOIN pg_namespace AS ns ON ns.oid = cls.relnamespace
                          WHERE relname='pg_class' AND ns.nspname='pg_catalog'
                      ) AND
                      objid=cls.oid AND
                      deptype IN ('e', 'x')
              )
info: 7/12/2025 16:16:36.529 RelationalEventId.CommandExecuted[20101] (Microsoft.EntityFrameworkCore.Database.Command) 
      Executed DbCommand (1ms) [Parameters=[], CommandType='Text', CommandTimeout='30']
      SELECT CASE WHEN COUNT(*) = 0 THEN FALSE ELSE TRUE END
      FROM pg_class AS cls
      JOIN pg_namespace AS ns ON ns.oid = cls.relnamespace
      WHERE
              cls.relkind IN ('r', 'v', 'm', 'f', 'p') AND
              ns.nspname NOT IN ('pg_catalog', 'information_schema') AND
              -- Exclude tables which are members of PG extensions
              NOT EXISTS (
                  SELECT 1 FROM pg_depend WHERE
                      classid=(
                          SELECT cls.oid
                          FROM pg_class AS cls
                                   JOIN pg_namespace AS ns ON ns.oid = cls.relnamespace
                          WHERE relname='pg_class' AND ns.nspname='pg_catalog'
                      ) AND
                      objid=cls.oid AND
                      deptype IN ('e', 'x')
              )
dbug: Microsoft.EntityFrameworkCore.Database.Command[20103]
      Creating DbCommand for 'ExecuteReader'.
dbug: Microsoft.EntityFrameworkCore.Database.Command[20104]
      Created DbCommand for 'ExecuteReader' (0ms).
dbug: Microsoft.EntityFrameworkCore.Database.Command[20106]
      Initialized DbCommand for 'ExecuteReader' (0ms).
dbug: Microsoft.EntityFrameworkCore.Database.Command[20100]
      Executing DbCommand [Parameters=[], CommandType='Text', CommandTimeout='30']
      SELECT EXISTS (
          SELECT 1
          FROM "BodyParts" AS b)
info: Microsoft.EntityFrameworkCore.Database.Command[20101]
      Executed DbCommand (0ms) [Parameters=[], CommandType='Text', CommandTimeout='30']
      SELECT EXISTS (
          SELECT 1
          FROM "BodyParts" AS b)
info: 7/12/2025 16:16:36.529 RelationalEventId.CommandExecuted[20101] (Microsoft.EntityFrameworkCore.Database.Command) 
      Executed DbCommand (0ms) [Parameters=[], CommandType='Text', CommandTimeout='30']
      SELECT EXISTS (
          SELECT 1
          FROM "BodyParts" AS b)
dbug: Microsoft.EntityFrameworkCore.Database.Command[20301]
      Closing data reader to 'bddtestdb' on server 'tcp://127.0.0.1:33517'.
dbug: Microsoft.EntityFrameworkCore.Database.Command[20300]
      A data reader for 'bddtestdb' on server 'tcp://127.0.0.1:33517' is being disposed after spending 0ms reading results.
dbug: Microsoft.EntityFrameworkCore.Database.Command[20103]
      Creating DbCommand for 'ExecuteScalar'.
dbug: Microsoft.EntityFrameworkCore.Database.Command[20104]
      Created DbCommand for 'ExecuteScalar' (0ms).
dbug: Microsoft.EntityFrameworkCore.Database.Command[20106]
      Initialized DbCommand for 'ExecuteScalar' (0ms).
dbug: Microsoft.EntityFrameworkCore.Database.Command[20100]
      Executing DbCommand [Parameters=[], CommandType='Text', CommandTimeout='30']
      SELECT CASE WHEN COUNT(*) = 0 THEN FALSE ELSE TRUE END
      FROM pg_class AS cls
      JOIN pg_namespace AS ns ON ns.oid = cls.relnamespace
      WHERE
              cls.relkind IN ('r', 'v', 'm', 'f', 'p') AND
              ns.nspname NOT IN ('pg_catalog', 'information_schema') AND
              -- Exclude tables which are members of PG extensions
              NOT EXISTS (
                  SELECT 1 FROM pg_depend WHERE
                      classid=(
                          SELECT cls.oid
                          FROM pg_class AS cls
                                   JOIN pg_namespace AS ns ON ns.oid = cls.relnamespace
                          WHERE relname='pg_class' AND ns.nspname='pg_catalog'
                      ) AND
                      objid=cls.oid AND
                      deptype IN ('e', 'x')
              )
info: Microsoft.EntityFrameworkCore.Database.Command[20101]
      Executed DbCommand (1ms) [Parameters=[], CommandType='Text', CommandTimeout='30']
      SELECT CASE WHEN COUNT(*) = 0 THEN FALSE ELSE TRUE END
      FROM pg_class AS cls
      JOIN pg_namespace AS ns ON ns.oid = cls.relnamespace
      WHERE
              cls.relkind IN ('r', 'v', 'm', 'f', 'p') AND
              ns.nspname NOT IN ('pg_catalog', 'information_schema') AND
              -- Exclude tables which are members of PG extensions
              NOT EXISTS (
                  SELECT 1 FROM pg_depend WHERE
                      classid=(
                          SELECT cls.oid
                          FROM pg_class AS cls
                                   JOIN pg_namespace AS ns ON ns.oid = cls.relnamespace
                          WHERE relname='pg_class' AND ns.nspname='pg_catalog'
                      ) AND
                      objid=cls.oid AND
                      deptype IN ('e', 'x')
              )
info: 7/12/2025 16:16:36.536 RelationalEventId.CommandExecuted[20101] (Microsoft.EntityFrameworkCore.Database.Command) 
      Executed DbCommand (1ms) [Parameters=[], CommandType='Text', CommandTimeout='30']
      SELECT CASE WHEN COUNT(*) = 0 THEN FALSE ELSE TRUE END
      FROM pg_class AS cls
      JOIN pg_namespace AS ns ON ns.oid = cls.relnamespace
      WHERE
              cls.relkind IN ('r', 'v', 'm', 'f', 'p') AND
              ns.nspname NOT IN ('pg_catalog', 'information_schema') AND
              -- Exclude tables which are members of PG extensions
              NOT EXISTS (
                  SELECT 1 FROM pg_depend WHERE
                      classid=(
                          SELECT cls.oid
                          FROM pg_class AS cls
                                   JOIN pg_namespace AS ns ON ns.oid = cls.relnamespace
                          WHERE relname='pg_class' AND ns.nspname='pg_catalog'
                      ) AND
                      objid=cls.oid AND
                      deptype IN ('e', 'x')
              )
dbug: Microsoft.EntityFrameworkCore.Database.Command[20103]
      Creating DbCommand for 'ExecuteReader'.
dbug: Microsoft.EntityFrameworkCore.Database.Command[20104]
      Created DbCommand for 'ExecuteReader' (0ms).
dbug: Microsoft.EntityFrameworkCore.Database.Command[20106]
      Initialized DbCommand for 'ExecuteReader' (0ms).
dbug: Microsoft.EntityFrameworkCore.Database.Command[20100]
      Executing DbCommand [Parameters=[], CommandType='Text', CommandTimeout='30']
      SELECT EXISTS (
          SELECT 1
          FROM "BodyParts" AS b)
info: Microsoft.EntityFrameworkCore.Database.Command[20101]
      Executed DbCommand (0ms) [Parameters=[], CommandType='Text', CommandTimeout='30']
      SELECT EXISTS (
          SELECT 1
          FROM "BodyParts" AS b)
info: 7/12/2025 16:16:36.537 RelationalEventId.CommandExecuted[20101] (Microsoft.EntityFrameworkCore.Database.Command) 
      Executed DbCommand (0ms) [Parameters=[], CommandType='Text', CommandTimeout='30']
      SELECT EXISTS (
          SELECT 1
          FROM "BodyParts" AS b)
dbug: Microsoft.EntityFrameworkCore.Database.Command[20301]
      Closing data reader to 'bddtestdb' on server 'tcp://127.0.0.1:33517'.
dbug: Microsoft.EntityFrameworkCore.Database.Command[20300]
      A data reader for 'bddtestdb' on server 'tcp://127.0.0.1:33517' is being disposed after spending 0ms reading results.
dbug: Microsoft.EntityFrameworkCore.Database.Command[20103]
      Creating DbCommand for 'ExecuteReader'.
dbug: Microsoft.EntityFrameworkCore.Database.Command[20104]
      Created DbCommand for 'ExecuteReader' (0ms).
dbug: Microsoft.EntityFrameworkCore.Database.Command[20106]
      Initialized DbCommand for 'ExecuteReader' (0ms).
dbug: Microsoft.EntityFrameworkCore.Database.Command[20100]
      Executing DbCommand [Parameters=[], CommandType='Text', CommandTimeout='30']
      SELECT e."Id", e."CreatedAt", e."DisplayOrder", e."IsActive", e."LinkType", e."SourceExerciseId", e."TargetExerciseId", e."UpdatedAt"
      FROM "ExerciseLinks" AS e
info: Microsoft.EntityFrameworkCore.Database.Command[20101]
      Executed DbCommand (0ms) [Parameters=[], CommandType='Text', CommandTimeout='30']
      SELECT e."Id", e."CreatedAt", e."DisplayOrder", e."IsActive", e."LinkType", e."SourceExerciseId", e."TargetExerciseId", e."UpdatedAt"
      FROM "ExerciseLinks" AS e
info: 7/12/2025 16:16:36.540 RelationalEventId.CommandExecuted[20101] (Microsoft.EntityFrameworkCore.Database.Command) 
      Executed DbCommand (0ms) [Parameters=[], CommandType='Text', CommandTimeout='30']
      SELECT e."Id", e."CreatedAt", e."DisplayOrder", e."IsActive", e."LinkType", e."SourceExerciseId", e."TargetExerciseId", e."UpdatedAt"
      FROM "ExerciseLinks" AS e
dbug: Microsoft.EntityFrameworkCore.Database.Command[20301]
      Closing data reader to 'bddtestdb' on server 'tcp://127.0.0.1:33517'.
dbug: Microsoft.EntityFrameworkCore.Database.Command[20300]
      A data reader for 'bddtestdb' on server 'tcp://127.0.0.1:33517' is being disposed after spending 0ms reading results.
dbug: Microsoft.EntityFrameworkCore.Database.Command[20103]
      Creating DbCommand for 'ExecuteReader'.
dbug: Microsoft.EntityFrameworkCore.Database.Command[20104]
      Created DbCommand for 'ExecuteReader' (0ms).
dbug: Microsoft.EntityFrameworkCore.Database.Command[20106]
      Initialized DbCommand for 'ExecuteReader' (0ms).
dbug: Microsoft.EntityFrameworkCore.Database.Command[20100]
      Executing DbCommand [Parameters=[], CommandType='Text', CommandTimeout='30']
      SELECT e."Id", e."Description", e."DifficultyId", e."ExerciseWeightTypeId", e."ImageUrl", e."IsActive", e."IsUnilateral", e."KineticChainId", e."Name", e."VideoUrl"
      FROM "Exercises" AS e
info: Microsoft.EntityFrameworkCore.Database.Command[20101]
      Executed DbCommand (0ms) [Parameters=[], CommandType='Text', CommandTimeout='30']
      SELECT e."Id", e."Description", e."DifficultyId", e."ExerciseWeightTypeId", e."ImageUrl", e."IsActive", e."IsUnilateral", e."KineticChainId", e."Name", e."VideoUrl"
      FROM "Exercises" AS e
info: 7/12/2025 16:16:36.540 RelationalEventId.CommandExecuted[20101] (Microsoft.EntityFrameworkCore.Database.Command) 
      Executed DbCommand (0ms) [Parameters=[], CommandType='Text', CommandTimeout='30']
      SELECT e."Id", e."Description", e."DifficultyId", e."ExerciseWeightTypeId", e."ImageUrl", e."IsActive", e."IsUnilateral", e."KineticChainId", e."Name", e."VideoUrl"
      FROM "Exercises" AS e
dbug: Microsoft.EntityFrameworkCore.Database.Command[20301]
      Closing data reader to 'bddtestdb' on server 'tcp://127.0.0.1:33517'.
dbug: Microsoft.EntityFrameworkCore.Database.Command[20300]
      A data reader for 'bddtestdb' on server 'tcp://127.0.0.1:33517' is being disposed after spending 0ms reading results.
dbug: Microsoft.EntityFrameworkCore.Database.Command[20103]
      Creating DbCommand for 'ExecuteScalar'.
dbug: Microsoft.EntityFrameworkCore.Database.Command[20104]
      Created DbCommand for 'ExecuteScalar' (0ms).
dbug: Microsoft.EntityFrameworkCore.Database.Command[20106]
      Initialized DbCommand for 'ExecuteScalar' (0ms).
dbug: Microsoft.EntityFrameworkCore.Database.Command[20100]
      Executing DbCommand [Parameters=[], CommandType='Text', CommandTimeout='30']
      SELECT CASE WHEN COUNT(*) = 0 THEN FALSE ELSE TRUE END
      FROM pg_class AS cls
      JOIN pg_namespace AS ns ON ns.oid = cls.relnamespace
      WHERE
              cls.relkind IN ('r', 'v', 'm', 'f', 'p') AND
              ns.nspname NOT IN ('pg_catalog', 'information_schema') AND
              -- Exclude tables which are members of PG extensions
              NOT EXISTS (
                  SELECT 1 FROM pg_depend WHERE
                      classid=(
                          SELECT cls.oid
                          FROM pg_class AS cls
                                   JOIN pg_namespace AS ns ON ns.oid = cls.relnamespace
                          WHERE relname='pg_class' AND ns.nspname='pg_catalog'
                      ) AND
                      objid=cls.oid AND
                      deptype IN ('e', 'x')
              )
info: Microsoft.EntityFrameworkCore.Database.Command[20101]
      Executed DbCommand (1ms) [Parameters=[], CommandType='Text', CommandTimeout='30']
      SELECT CASE WHEN COUNT(*) = 0 THEN FALSE ELSE TRUE END
      FROM pg_class AS cls
      JOIN pg_namespace AS ns ON ns.oid = cls.relnamespace
      WHERE
              cls.relkind IN ('r', 'v', 'm', 'f', 'p') AND
              ns.nspname NOT IN ('pg_catalog', 'information_schema') AND
              -- Exclude tables which are members of PG extensions
              NOT EXISTS (
                  SELECT 1 FROM pg_depend WHERE
                      classid=(
                          SELECT cls.oid
                          FROM pg_class AS cls
                                   JOIN pg_namespace AS ns ON ns.oid = cls.relnamespace
                          WHERE relname='pg_class' AND ns.nspname='pg_catalog'
                      ) AND
                      objid=cls.oid AND
                      deptype IN ('e', 'x')
              )
info: 7/12/2025 16:16:36.544 RelationalEventId.CommandExecuted[20101] (Microsoft.EntityFrameworkCore.Database.Command) 
      Executed DbCommand (1ms) [Parameters=[], CommandType='Text', CommandTimeout='30']
      SELECT CASE WHEN COUNT(*) = 0 THEN FALSE ELSE TRUE END
      FROM pg_class AS cls
      JOIN pg_namespace AS ns ON ns.oid = cls.relnamespace
      WHERE
              cls.relkind IN ('r', 'v', 'm', 'f', 'p') AND
              ns.nspname NOT IN ('pg_catalog', 'information_schema') AND
              -- Exclude tables which are members of PG extensions
              NOT EXISTS (
                  SELECT 1 FROM pg_depend WHERE
                      classid=(
                          SELECT cls.oid
                          FROM pg_class AS cls
                                   JOIN pg_namespace AS ns ON ns.oid = cls.relnamespace
                          WHERE relname='pg_class' AND ns.nspname='pg_catalog'
                      ) AND
                      objid=cls.oid AND
                      deptype IN ('e', 'x')
              )
dbug: Microsoft.EntityFrameworkCore.Database.Command[20103]
      Creating DbCommand for 'ExecuteReader'.
dbug: Microsoft.EntityFrameworkCore.Database.Command[20104]
      Created DbCommand for 'ExecuteReader' (0ms).
dbug: Microsoft.EntityFrameworkCore.Database.Command[20106]
      Initialized DbCommand for 'ExecuteReader' (0ms).
dbug: Microsoft.EntityFrameworkCore.Database.Command[20100]
      Executing DbCommand [Parameters=[], CommandType='Text', CommandTimeout='30']
      SELECT EXISTS (
          SELECT 1
          FROM "BodyParts" AS b)
info: Microsoft.EntityFrameworkCore.Database.Command[20101]
      Executed DbCommand (0ms) [Parameters=[], CommandType='Text', CommandTimeout='30']
      SELECT EXISTS (
          SELECT 1
          FROM "BodyParts" AS b)
info: 7/12/2025 16:16:36.544 RelationalEventId.CommandExecuted[20101] (Microsoft.EntityFrameworkCore.Database.Command) 
      Executed DbCommand (0ms) [Parameters=[], CommandType='Text', CommandTimeout='30']
      SELECT EXISTS (
          SELECT 1
          FROM "BodyParts" AS b)
dbug: Microsoft.EntityFrameworkCore.Database.Command[20301]
      Closing data reader to 'bddtestdb' on server 'tcp://127.0.0.1:33517'.
dbug: Microsoft.EntityFrameworkCore.Database.Command[20300]
      A data reader for 'bddtestdb' on server 'tcp://127.0.0.1:33517' is being disposed after spending 0ms reading results.
dbug: Microsoft.EntityFrameworkCore.Database.Command[20103]
      Creating DbCommand for 'ExecuteReader'.
dbug: Microsoft.EntityFrameworkCore.Database.Command[20104]
      Created DbCommand for 'ExecuteReader' (0ms).
dbug: Microsoft.EntityFrameworkCore.Database.Command[20106]
      Initialized DbCommand for 'ExecuteReader' (0ms).
dbug: Microsoft.EntityFrameworkCore.Database.Command[20100]
      Executing DbCommand [Parameters=[], CommandType='Text', CommandTimeout='30']
      SELECT e."Id", e."CreatedAt", e."DisplayOrder", e."IsActive", e."LinkType", e."SourceExerciseId", e."TargetExerciseId", e."UpdatedAt"
      FROM "ExerciseLinks" AS e
info: Microsoft.EntityFrameworkCore.Database.Command[20101]
      Executed DbCommand (0ms) [Parameters=[], CommandType='Text', CommandTimeout='30']
      SELECT e."Id", e."CreatedAt", e."DisplayOrder", e."IsActive", e."LinkType", e."SourceExerciseId", e."TargetExerciseId", e."UpdatedAt"
      FROM "ExerciseLinks" AS e
info: 7/12/2025 16:16:36.547 RelationalEventId.CommandExecuted[20101] (Microsoft.EntityFrameworkCore.Database.Command) 
      Executed DbCommand (0ms) [Parameters=[], CommandType='Text', CommandTimeout='30']
      SELECT e."Id", e."CreatedAt", e."DisplayOrder", e."IsActive", e."LinkType", e."SourceExerciseId", e."TargetExerciseId", e."UpdatedAt"
      FROM "ExerciseLinks" AS e
dbug: Microsoft.EntityFrameworkCore.Database.Command[20301]
      Closing data reader to 'bddtestdb' on server 'tcp://127.0.0.1:33517'.
dbug: Microsoft.EntityFrameworkCore.Database.Command[20300]
      A data reader for 'bddtestdb' on server 'tcp://127.0.0.1:33517' is being disposed after spending 0ms reading results.
dbug: Microsoft.EntityFrameworkCore.Database.Command[20103]
      Creating DbCommand for 'ExecuteReader'.
dbug: Microsoft.EntityFrameworkCore.Database.Command[20104]
      Created DbCommand for 'ExecuteReader' (0ms).
dbug: Microsoft.EntityFrameworkCore.Database.Command[20106]
      Initialized DbCommand for 'ExecuteReader' (0ms).
dbug: Microsoft.EntityFrameworkCore.Database.Command[20100]
      Executing DbCommand [Parameters=[], CommandType='Text', CommandTimeout='30']
      SELECT e."Id", e."Description", e."DifficultyId", e."ExerciseWeightTypeId", e."ImageUrl", e."IsActive", e."IsUnilateral", e."KineticChainId", e."Name", e."VideoUrl"
      FROM "Exercises" AS e
info: Microsoft.EntityFrameworkCore.Database.Command[20101]
      Executed DbCommand (0ms) [Parameters=[], CommandType='Text', CommandTimeout='30']
      SELECT e."Id", e."Description", e."DifficultyId", e."ExerciseWeightTypeId", e."ImageUrl", e."IsActive", e."IsUnilateral", e."KineticChainId", e."Name", e."VideoUrl"
      FROM "Exercises" AS e
info: 7/12/2025 16:16:36.548 RelationalEventId.CommandExecuted[20101] (Microsoft.EntityFrameworkCore.Database.Command) 
      Executed DbCommand (0ms) [Parameters=[], CommandType='Text', CommandTimeout='30']
      SELECT e."Id", e."Description", e."DifficultyId", e."ExerciseWeightTypeId", e."ImageUrl", e."IsActive", e."IsUnilateral", e."KineticChainId", e."Name", e."VideoUrl"
      FROM "Exercises" AS e
dbug: Microsoft.EntityFrameworkCore.Database.Command[20301]
      Closing data reader to 'bddtestdb' on server 'tcp://127.0.0.1:33517'.
dbug: Microsoft.EntityFrameworkCore.Database.Command[20300]
      A data reader for 'bddtestdb' on server 'tcp://127.0.0.1:33517' is being disposed after spending 0ms reading results.
dbug: Microsoft.EntityFrameworkCore.Database.Command[20103]
      Creating DbCommand for 'ExecuteReader'.
dbug: Microsoft.EntityFrameworkCore.Database.Command[20104]
      Created DbCommand for 'ExecuteReader' (0ms).
dbug: Microsoft.EntityFrameworkCore.Database.Command[20106]
      Initialized DbCommand for 'ExecuteReader' (0ms).
dbug: Microsoft.EntityFrameworkCore.Database.Command[20100]
      Executing DbCommand [Parameters=[], CommandType='Text', CommandTimeout='30']
      SELECT e."Id", e."CreatedAt", e."DisplayOrder", e."IsActive", e."LinkType", e."SourceExerciseId", e."TargetExerciseId", e."UpdatedAt"
      FROM "ExerciseLinks" AS e
info: Microsoft.EntityFrameworkCore.Database.Command[20101]
      Executed DbCommand (0ms) [Parameters=[], CommandType='Text', CommandTimeout='30']
      SELECT e."Id", e."CreatedAt", e."DisplayOrder", e."IsActive", e."LinkType", e."SourceExerciseId", e."TargetExerciseId", e."UpdatedAt"
      FROM "ExerciseLinks" AS e
info: 7/12/2025 16:16:36.549 RelationalEventId.CommandExecuted[20101] (Microsoft.EntityFrameworkCore.Database.Command) 
      Executed DbCommand (0ms) [Parameters=[], CommandType='Text', CommandTimeout='30']
      SELECT e."Id", e."CreatedAt", e."DisplayOrder", e."IsActive", e."LinkType", e."SourceExerciseId", e."TargetExerciseId", e."UpdatedAt"
      FROM "ExerciseLinks" AS e
dbug: Microsoft.EntityFrameworkCore.Database.Command[20301]
      Closing data reader to 'bddtestdb' on server 'tcp://127.0.0.1:33517'.
dbug: Microsoft.EntityFrameworkCore.Database.Command[20300]
      A data reader for 'bddtestdb' on server 'tcp://127.0.0.1:33517' is being disposed after spending 0ms reading results.
dbug: Microsoft.EntityFrameworkCore.Database.Command[20103]
      Creating DbCommand for 'ExecuteReader'.
dbug: Microsoft.EntityFrameworkCore.Database.Command[20104]
      Created DbCommand for 'ExecuteReader' (0ms).
dbug: Microsoft.EntityFrameworkCore.Database.Command[20106]
      Initialized DbCommand for 'ExecuteReader' (0ms).
dbug: Microsoft.EntityFrameworkCore.Database.Command[20100]
      Executing DbCommand [Parameters=[], CommandType='Text', CommandTimeout='30']
      SELECT e."Id", e."Description", e."DifficultyId", e."ExerciseWeightTypeId", e."ImageUrl", e."IsActive", e."IsUnilateral", e."KineticChainId", e."Name", e."VideoUrl"
      FROM "Exercises" AS e
info: Microsoft.EntityFrameworkCore.Database.Command[20101]
      Executed DbCommand (0ms) [Parameters=[], CommandType='Text', CommandTimeout='30']
      SELECT e."Id", e."Description", e."DifficultyId", e."ExerciseWeightTypeId", e."ImageUrl", e."IsActive", e."IsUnilateral", e."KineticChainId", e."Name", e."VideoUrl"
      FROM "Exercises" AS e
info: 7/12/2025 16:16:36.549 RelationalEventId.CommandExecuted[20101] (Microsoft.EntityFrameworkCore.Database.Command) 
      Executed DbCommand (0ms) [Parameters=[], CommandType='Text', CommandTimeout='30']
      SELECT e."Id", e."Description", e."DifficultyId", e."ExerciseWeightTypeId", e."ImageUrl", e."IsActive", e."IsUnilateral", e."KineticChainId", e."Name", e."VideoUrl"
      FROM "Exercises" AS e
dbug: Microsoft.EntityFrameworkCore.Database.Command[20301]
      Closing data reader to 'bddtestdb' on server 'tcp://127.0.0.1:33517'.
dbug: Microsoft.EntityFrameworkCore.Database.Command[20300]
      A data reader for 'bddtestdb' on server 'tcp://127.0.0.1:33517' is being disposed after spending 0ms reading results.
dbug: Microsoft.EntityFrameworkCore.Database.Command[20103]
      Creating DbCommand for 'ExecuteScalar'.
dbug: Microsoft.EntityFrameworkCore.Database.Command[20104]
      Created DbCommand for 'ExecuteScalar' (0ms).
dbug: Microsoft.EntityFrameworkCore.Database.Command[20106]
      Initialized DbCommand for 'ExecuteScalar' (0ms).
dbug: Microsoft.EntityFrameworkCore.Database.Command[20100]
      Executing DbCommand [Parameters=[], CommandType='Text', CommandTimeout='30']
      SELECT CASE WHEN COUNT(*) = 0 THEN FALSE ELSE TRUE END
      FROM pg_class AS cls
      JOIN pg_namespace AS ns ON ns.oid = cls.relnamespace
      WHERE
              cls.relkind IN ('r', 'v', 'm', 'f', 'p') AND
              ns.nspname NOT IN ('pg_catalog', 'information_schema') AND
              -- Exclude tables which are members of PG extensions
              NOT EXISTS (
                  SELECT 1 FROM pg_depend WHERE
                      classid=(
                          SELECT cls.oid
                          FROM pg_class AS cls
                                   JOIN pg_namespace AS ns ON ns.oid = cls.relnamespace
                          WHERE relname='pg_class' AND ns.nspname='pg_catalog'
                      ) AND
                      objid=cls.oid AND
                      deptype IN ('e', 'x')
              )
info: 7/12/2025 16:16:36.554 RelationalEventId.CommandExecuted[20101] (Microsoft.EntityFrameworkCore.Database.Command) 
      Executed DbCommand (1ms) [Parameters=[], CommandType='Text', CommandTimeout='30']
      SELECT CASE WHEN COUNT(*) = 0 THEN FALSE ELSE TRUE END
      FROM pg_class AS cls
      JOIN pg_namespace AS ns ON ns.oid = cls.relnamespace
      WHERE
              cls.relkind IN ('r', 'v', 'm', 'f', 'p') AND
              ns.nspname NOT IN ('pg_catalog', 'information_schema') AND
              -- Exclude tables which are members of PG extensions
              NOT EXISTS (
                  SELECT 1 FROM pg_depend WHERE
                      classid=(
                          SELECT cls.oid
                          FROM pg_class AS cls
                                   JOIN pg_namespace AS ns ON ns.oid = cls.relnamespace
                          WHERE relname='pg_class' AND ns.nspname='pg_catalog'
                      ) AND
                      objid=cls.oid AND
                      deptype IN ('e', 'x')
              )
info: Microsoft.EntityFrameworkCore.Database.Command[20101]
      Executed DbCommand (1ms) [Parameters=[], CommandType='Text', CommandTimeout='30']
      SELECT CASE WHEN COUNT(*) = 0 THEN FALSE ELSE TRUE END
      FROM pg_class AS cls
      JOIN pg_namespace AS ns ON ns.oid = cls.relnamespace
      WHERE
              cls.relkind IN ('r', 'v', 'm', 'f', 'p') AND
              ns.nspname NOT IN ('pg_catalog', 'information_schema') AND
              -- Exclude tables which are members of PG extensions
              NOT EXISTS (
                  SELECT 1 FROM pg_depend WHERE
                      classid=(
                          SELECT cls.oid
                          FROM pg_class AS cls
                                   JOIN pg_namespace AS ns ON ns.oid = cls.relnamespace
                          WHERE relname='pg_class' AND ns.nspname='pg_catalog'
                      ) AND
                      objid=cls.oid AND
                      deptype IN ('e', 'x')
              )
dbug: Microsoft.EntityFrameworkCore.Database.Command[20103]
      Creating DbCommand for 'ExecuteReader'.
dbug: Microsoft.EntityFrameworkCore.Database.Command[20104]
      Created DbCommand for 'ExecuteReader' (0ms).
dbug: Microsoft.EntityFrameworkCore.Database.Command[20106]
      Initialized DbCommand for 'ExecuteReader' (0ms).
dbug: Microsoft.EntityFrameworkCore.Database.Command[20100]
      Executing DbCommand [Parameters=[], CommandType='Text', CommandTimeout='30']
      SELECT EXISTS (
          SELECT 1
          FROM "BodyParts" AS b)
info: Microsoft.EntityFrameworkCore.Database.Command[20101]
      Executed DbCommand (0ms) [Parameters=[], CommandType='Text', CommandTimeout='30']
      SELECT EXISTS (
          SELECT 1
          FROM "BodyParts" AS b)
info: 7/12/2025 16:16:36.554 RelationalEventId.CommandExecuted[20101] (Microsoft.EntityFrameworkCore.Database.Command) 
      Executed DbCommand (0ms) [Parameters=[], CommandType='Text', CommandTimeout='30']
      SELECT EXISTS (
          SELECT 1
          FROM "BodyParts" AS b)
dbug: Microsoft.EntityFrameworkCore.Database.Command[20301]
      Closing data reader to 'bddtestdb' on server 'tcp://127.0.0.1:33517'.
dbug: Microsoft.EntityFrameworkCore.Database.Command[20300]
      A data reader for 'bddtestdb' on server 'tcp://127.0.0.1:33517' is being disposed after spending 0ms reading results.
dbug: Microsoft.EntityFrameworkCore.Database.Command[20103]
      Creating DbCommand for 'ExecuteScalar'.
dbug: Microsoft.EntityFrameworkCore.Database.Command[20104]
      Created DbCommand for 'ExecuteScalar' (0ms).
dbug: Microsoft.EntityFrameworkCore.Database.Command[20106]
      Initialized DbCommand for 'ExecuteScalar' (0ms).
dbug: Microsoft.EntityFrameworkCore.Database.Command[20100]
      Executing DbCommand [Parameters=[], CommandType='Text', CommandTimeout='30']
      SELECT CASE WHEN COUNT(*) = 0 THEN FALSE ELSE TRUE END
      FROM pg_class AS cls
      JOIN pg_namespace AS ns ON ns.oid = cls.relnamespace
      WHERE
              cls.relkind IN ('r', 'v', 'm', 'f', 'p') AND
              ns.nspname NOT IN ('pg_catalog', 'information_schema') AND
              -- Exclude tables which are members of PG extensions
              NOT EXISTS (
                  SELECT 1 FROM pg_depend WHERE
                      classid=(
                          SELECT cls.oid
                          FROM pg_class AS cls
                                   JOIN pg_namespace AS ns ON ns.oid = cls.relnamespace
                          WHERE relname='pg_class' AND ns.nspname='pg_catalog'
                      ) AND
                      objid=cls.oid AND
                      deptype IN ('e', 'x')
              )
info: Microsoft.EntityFrameworkCore.Database.Command[20101]
      Executed DbCommand (1ms) [Parameters=[], CommandType='Text', CommandTimeout='30']
      SELECT CASE WHEN COUNT(*) = 0 THEN FALSE ELSE TRUE END
      FROM pg_class AS cls
      JOIN pg_namespace AS ns ON ns.oid = cls.relnamespace
      WHERE
              cls.relkind IN ('r', 'v', 'm', 'f', 'p') AND
              ns.nspname NOT IN ('pg_catalog', 'information_schema') AND
              -- Exclude tables which are members of PG extensions
              NOT EXISTS (
                  SELECT 1 FROM pg_depend WHERE
                      classid=(
                          SELECT cls.oid
                          FROM pg_class AS cls
                                   JOIN pg_namespace AS ns ON ns.oid = cls.relnamespace
                          WHERE relname='pg_class' AND ns.nspname='pg_catalog'
                      ) AND
                      objid=cls.oid AND
                      deptype IN ('e', 'x')
              )
info: 7/12/2025 16:16:36.565 RelationalEventId.CommandExecuted[20101] (Microsoft.EntityFrameworkCore.Database.Command) 
      Executed DbCommand (1ms) [Parameters=[], CommandType='Text', CommandTimeout='30']
      SELECT CASE WHEN COUNT(*) = 0 THEN FALSE ELSE TRUE END
      FROM pg_class AS cls
      JOIN pg_namespace AS ns ON ns.oid = cls.relnamespace
      WHERE
              cls.relkind IN ('r', 'v', 'm', 'f', 'p') AND
              ns.nspname NOT IN ('pg_catalog', 'information_schema') AND
              -- Exclude tables which are members of PG extensions
              NOT EXISTS (
                  SELECT 1 FROM pg_depend WHERE
                      classid=(
                          SELECT cls.oid
                          FROM pg_class AS cls
                                   JOIN pg_namespace AS ns ON ns.oid = cls.relnamespace
                          WHERE relname='pg_class' AND ns.nspname='pg_catalog'
                      ) AND
                      objid=cls.oid AND
                      deptype IN ('e', 'x')
              )
dbug: Microsoft.EntityFrameworkCore.Database.Command[20103]
      Creating DbCommand for 'ExecuteReader'.
dbug: Microsoft.EntityFrameworkCore.Database.Command[20104]
      Created DbCommand for 'ExecuteReader' (0ms).
dbug: Microsoft.EntityFrameworkCore.Database.Command[20106]
      Initialized DbCommand for 'ExecuteReader' (0ms).
dbug: Microsoft.EntityFrameworkCore.Database.Command[20100]
      Executing DbCommand [Parameters=[], CommandType='Text', CommandTimeout='30']
      SELECT EXISTS (
          SELECT 1
          FROM "BodyParts" AS b)
info: Microsoft.EntityFrameworkCore.Database.Command[20101]
      Executed DbCommand (0ms) [Parameters=[], CommandType='Text', CommandTimeout='30']
      SELECT EXISTS (
          SELECT 1
          FROM "BodyParts" AS b)
info: 7/12/2025 16:16:36.565 RelationalEventId.CommandExecuted[20101] (Microsoft.EntityFrameworkCore.Database.Command) 
      Executed DbCommand (0ms) [Parameters=[], CommandType='Text', CommandTimeout='30']
      SELECT EXISTS (
          SELECT 1
          FROM "BodyParts" AS b)
dbug: Microsoft.EntityFrameworkCore.Database.Command[20301]
      Closing data reader to 'bddtestdb' on server 'tcp://127.0.0.1:33517'.
dbug: Microsoft.EntityFrameworkCore.Database.Command[20300]
      A data reader for 'bddtestdb' on server 'tcp://127.0.0.1:33517' is being disposed after spending 0ms reading results.
dbug: Microsoft.EntityFrameworkCore.Database.Command[20103]
      Creating DbCommand for 'ExecuteReader'.
dbug: Microsoft.EntityFrameworkCore.Database.Command[20104]
      Created DbCommand for 'ExecuteReader' (0ms).
dbug: Microsoft.EntityFrameworkCore.Database.Command[20106]
      Initialized DbCommand for 'ExecuteReader' (0ms).
dbug: Microsoft.EntityFrameworkCore.Database.Command[20100]
      Executing DbCommand [Parameters=[], CommandType='Text', CommandTimeout='30']
      SELECT e."Id", e."CreatedAt", e."DisplayOrder", e."IsActive", e."LinkType", e."SourceExerciseId", e."TargetExerciseId", e."UpdatedAt"
      FROM "ExerciseLinks" AS e
info: Microsoft.EntityFrameworkCore.Database.Command[20101]
      Executed DbCommand (0ms) [Parameters=[], CommandType='Text', CommandTimeout='30']
      SELECT e."Id", e."CreatedAt", e."DisplayOrder", e."IsActive", e."LinkType", e."SourceExerciseId", e."TargetExerciseId", e."UpdatedAt"
      FROM "ExerciseLinks" AS e
info: 7/12/2025 16:16:36.568 RelationalEventId.CommandExecuted[20101] (Microsoft.EntityFrameworkCore.Database.Command) 
      Executed DbCommand (0ms) [Parameters=[], CommandType='Text', CommandTimeout='30']
      SELECT e."Id", e."CreatedAt", e."DisplayOrder", e."IsActive", e."LinkType", e."SourceExerciseId", e."TargetExerciseId", e."UpdatedAt"
      FROM "ExerciseLinks" AS e
dbug: Microsoft.EntityFrameworkCore.Database.Command[20301]
      Closing data reader to 'bddtestdb' on server 'tcp://127.0.0.1:33517'.
dbug: Microsoft.EntityFrameworkCore.Database.Command[20300]
      A data reader for 'bddtestdb' on server 'tcp://127.0.0.1:33517' is being disposed after spending 0ms reading results.
dbug: Microsoft.EntityFrameworkCore.Database.Command[20103]
      Creating DbCommand for 'ExecuteReader'.
dbug: Microsoft.EntityFrameworkCore.Database.Command[20104]
      Created DbCommand for 'ExecuteReader' (0ms).
dbug: Microsoft.EntityFrameworkCore.Database.Command[20106]
      Initialized DbCommand for 'ExecuteReader' (0ms).
dbug: Microsoft.EntityFrameworkCore.Database.Command[20100]
      Executing DbCommand [Parameters=[], CommandType='Text', CommandTimeout='30']
      SELECT e."Id", e."Description", e."DifficultyId", e."ExerciseWeightTypeId", e."ImageUrl", e."IsActive", e."IsUnilateral", e."KineticChainId", e."Name", e."VideoUrl"
      FROM "Exercises" AS e
info: Microsoft.EntityFrameworkCore.Database.Command[20101]
      Executed DbCommand (0ms) [Parameters=[], CommandType='Text', CommandTimeout='30']
      SELECT e."Id", e."Description", e."DifficultyId", e."ExerciseWeightTypeId", e."ImageUrl", e."IsActive", e."IsUnilateral", e."KineticChainId", e."Name", e."VideoUrl"
      FROM "Exercises" AS e
info: 7/12/2025 16:16:36.568 RelationalEventId.CommandExecuted[20101] (Microsoft.EntityFrameworkCore.Database.Command) 
      Executed DbCommand (0ms) [Parameters=[], CommandType='Text', CommandTimeout='30']
      SELECT e."Id", e."Description", e."DifficultyId", e."ExerciseWeightTypeId", e."ImageUrl", e."IsActive", e."IsUnilateral", e."KineticChainId", e."Name", e."VideoUrl"
      FROM "Exercises" AS e
dbug: Microsoft.EntityFrameworkCore.Database.Command[20301]
      Closing data reader to 'bddtestdb' on server 'tcp://127.0.0.1:33517'.
dbug: Microsoft.EntityFrameworkCore.Database.Command[20300]
      A data reader for 'bddtestdb' on server 'tcp://127.0.0.1:33517' is being disposed after spending 0ms reading results.
dbug: Microsoft.EntityFrameworkCore.Database.Command[20103]
      Creating DbCommand for 'ExecuteScalar'.
dbug: Microsoft.EntityFrameworkCore.Database.Command[20104]
      Created DbCommand for 'ExecuteScalar' (0ms).
dbug: Microsoft.EntityFrameworkCore.Database.Command[20106]
      Initialized DbCommand for 'ExecuteScalar' (0ms).
dbug: Microsoft.EntityFrameworkCore.Database.Command[20100]
      Executing DbCommand [Parameters=[], CommandType='Text', CommandTimeout='30']
      SELECT CASE WHEN COUNT(*) = 0 THEN FALSE ELSE TRUE END
      FROM pg_class AS cls
      JOIN pg_namespace AS ns ON ns.oid = cls.relnamespace
      WHERE
              cls.relkind IN ('r', 'v', 'm', 'f', 'p') AND
              ns.nspname NOT IN ('pg_catalog', 'information_schema') AND
              -- Exclude tables which are members of PG extensions
              NOT EXISTS (
                  SELECT 1 FROM pg_depend WHERE
                      classid=(
                          SELECT cls.oid
                          FROM pg_class AS cls
                                   JOIN pg_namespace AS ns ON ns.oid = cls.relnamespace
                          WHERE relname='pg_class' AND ns.nspname='pg_catalog'
                      ) AND
                      objid=cls.oid AND
                      deptype IN ('e', 'x')
              )
info: Microsoft.EntityFrameworkCore.Database.Command[20101]
      Executed DbCommand (1ms) [Parameters=[], CommandType='Text', CommandTimeout='30']
      SELECT CASE WHEN COUNT(*) = 0 THEN FALSE ELSE TRUE END
      FROM pg_class AS cls
      JOIN pg_namespace AS ns ON ns.oid = cls.relnamespace
      WHERE
              cls.relkind IN ('r', 'v', 'm', 'f', 'p') AND
              ns.nspname NOT IN ('pg_catalog', 'information_schema') AND
              -- Exclude tables which are members of PG extensions
              NOT EXISTS (
                  SELECT 1 FROM pg_depend WHERE
                      classid=(
                          SELECT cls.oid
                          FROM pg_class AS cls
                                   JOIN pg_namespace AS ns ON ns.oid = cls.relnamespace
                          WHERE relname='pg_class' AND ns.nspname='pg_catalog'
                      ) AND
                      objid=cls.oid AND
                      deptype IN ('e', 'x')
              )
info: 7/12/2025 16:16:36.574 RelationalEventId.CommandExecuted[20101] (Microsoft.EntityFrameworkCore.Database.Command) 
      Executed DbCommand (1ms) [Parameters=[], CommandType='Text', CommandTimeout='30']
      SELECT CASE WHEN COUNT(*) = 0 THEN FALSE ELSE TRUE END
      FROM pg_class AS cls
      JOIN pg_namespace AS ns ON ns.oid = cls.relnamespace
      WHERE
              cls.relkind IN ('r', 'v', 'm', 'f', 'p') AND
              ns.nspname NOT IN ('pg_catalog', 'information_schema') AND
              -- Exclude tables which are members of PG extensions
              NOT EXISTS (
                  SELECT 1 FROM pg_depend WHERE
                      classid=(
                          SELECT cls.oid
                          FROM pg_class AS cls
                                   JOIN pg_namespace AS ns ON ns.oid = cls.relnamespace
                          WHERE relname='pg_class' AND ns.nspname='pg_catalog'
                      ) AND
                      objid=cls.oid AND
                      deptype IN ('e', 'x')
              )
dbug: Microsoft.EntityFrameworkCore.Database.Command[20103]
      Creating DbCommand for 'ExecuteReader'.
dbug: Microsoft.EntityFrameworkCore.Database.Command[20104]
      Created DbCommand for 'ExecuteReader' (0ms).
dbug: Microsoft.EntityFrameworkCore.Database.Command[20106]
      Initialized DbCommand for 'ExecuteReader' (0ms).
dbug: Microsoft.EntityFrameworkCore.Database.Command[20100]
      Executing DbCommand [Parameters=[], CommandType='Text', CommandTimeout='30']
      SELECT EXISTS (
          SELECT 1
          FROM "BodyParts" AS b)
info: Microsoft.EntityFrameworkCore.Database.Command[20101]
      Executed DbCommand (0ms) [Parameters=[], CommandType='Text', CommandTimeout='30']
      SELECT EXISTS (
          SELECT 1
          FROM "BodyParts" AS b)
info: 7/12/2025 16:16:36.575 RelationalEventId.CommandExecuted[20101] (Microsoft.EntityFrameworkCore.Database.Command) 
      Executed DbCommand (0ms) [Parameters=[], CommandType='Text', CommandTimeout='30']
      SELECT EXISTS (
          SELECT 1
          FROM "BodyParts" AS b)
dbug: Microsoft.EntityFrameworkCore.Database.Command[20301]
      Closing data reader to 'bddtestdb' on server 'tcp://127.0.0.1:33517'.
dbug: Microsoft.EntityFrameworkCore.Database.Command[20300]
      A data reader for 'bddtestdb' on server 'tcp://127.0.0.1:33517' is being disposed after spending 0ms reading results.
dbug: Microsoft.EntityFrameworkCore.Database.Command[20103]
      Creating DbCommand for 'ExecuteReader'.
dbug: Microsoft.EntityFrameworkCore.Database.Command[20104]
      Created DbCommand for 'ExecuteReader' (0ms).
dbug: Microsoft.EntityFrameworkCore.Database.Command[20106]
      Initialized DbCommand for 'ExecuteReader' (0ms).
dbug: Microsoft.EntityFrameworkCore.Database.Command[20100]
      Executing DbCommand [Parameters=[], CommandType='Text', CommandTimeout='30']
      SELECT e."Id", e."CreatedAt", e."DisplayOrder", e."IsActive", e."LinkType", e."SourceExerciseId", e."TargetExerciseId", e."UpdatedAt"
      FROM "ExerciseLinks" AS e
info: Microsoft.EntityFrameworkCore.Database.Command[20101]
      Executed DbCommand (0ms) [Parameters=[], CommandType='Text', CommandTimeout='30']
      SELECT e."Id", e."CreatedAt", e."DisplayOrder", e."IsActive", e."LinkType", e."SourceExerciseId", e."TargetExerciseId", e."UpdatedAt"
      FROM "ExerciseLinks" AS e
info: 7/12/2025 16:16:36.579 RelationalEventId.CommandExecuted[20101] (Microsoft.EntityFrameworkCore.Database.Command) 
      Executed DbCommand (0ms) [Parameters=[], CommandType='Text', CommandTimeout='30']
      SELECT e."Id", e."CreatedAt", e."DisplayOrder", e."IsActive", e."LinkType", e."SourceExerciseId", e."TargetExerciseId", e."UpdatedAt"
      FROM "ExerciseLinks" AS e
dbug: Microsoft.EntityFrameworkCore.Database.Command[20301]
      Closing data reader to 'bddtestdb' on server 'tcp://127.0.0.1:33517'.
dbug: Microsoft.EntityFrameworkCore.Database.Command[20300]
      A data reader for 'bddtestdb' on server 'tcp://127.0.0.1:33517' is being disposed after spending 0ms reading results.
dbug: Microsoft.EntityFrameworkCore.Database.Command[20103]
      Creating DbCommand for 'ExecuteReader'.
dbug: Microsoft.EntityFrameworkCore.Database.Command[20104]
      Created DbCommand for 'ExecuteReader' (0ms).
dbug: Microsoft.EntityFrameworkCore.Database.Command[20106]
      Initialized DbCommand for 'ExecuteReader' (0ms).
dbug: Microsoft.EntityFrameworkCore.Database.Command[20100]
      Executing DbCommand [Parameters=[], CommandType='Text', CommandTimeout='30']
      SELECT e."Id", e."Description", e."DifficultyId", e."ExerciseWeightTypeId", e."ImageUrl", e."IsActive", e."IsUnilateral", e."KineticChainId", e."Name", e."VideoUrl"
      FROM "Exercises" AS e
info: Microsoft.EntityFrameworkCore.Database.Command[20101]
      Executed DbCommand (0ms) [Parameters=[], CommandType='Text', CommandTimeout='30']
      SELECT e."Id", e."Description", e."DifficultyId", e."ExerciseWeightTypeId", e."ImageUrl", e."IsActive", e."IsUnilateral", e."KineticChainId", e."Name", e."VideoUrl"
      FROM "Exercises" AS e
info: 7/12/2025 16:16:36.579 RelationalEventId.CommandExecuted[20101] (Microsoft.EntityFrameworkCore.Database.Command) 
      Executed DbCommand (0ms) [Parameters=[], CommandType='Text', CommandTimeout='30']
      SELECT e."Id", e."Description", e."DifficultyId", e."ExerciseWeightTypeId", e."ImageUrl", e."IsActive", e."IsUnilateral", e."KineticChainId", e."Name", e."VideoUrl"
      FROM "Exercises" AS e
dbug: Microsoft.EntityFrameworkCore.Database.Command[20301]
      Closing data reader to 'bddtestdb' on server 'tcp://127.0.0.1:33517'.
dbug: Microsoft.EntityFrameworkCore.Database.Command[20300]
      A data reader for 'bddtestdb' on server 'tcp://127.0.0.1:33517' is being disposed after spending 0ms reading results.
dbug: Microsoft.EntityFrameworkCore.Database.Command[20103]
      Creating DbCommand for 'ExecuteReader'.
dbug: Microsoft.EntityFrameworkCore.Database.Command[20104]
      Created DbCommand for 'ExecuteReader' (0ms).
dbug: Microsoft.EntityFrameworkCore.Database.Command[20106]
      Initialized DbCommand for 'ExecuteReader' (0ms).
dbug: Microsoft.EntityFrameworkCore.Database.Command[20100]
      Executing DbCommand [Parameters=[], CommandType='Text', CommandTimeout='30']
      SELECT e."Id", e."CreatedAt", e."DisplayOrder", e."IsActive", e."LinkType", e."SourceExerciseId", e."TargetExerciseId", e."UpdatedAt"
      FROM "ExerciseLinks" AS e
info: Microsoft.EntityFrameworkCore.Database.Command[20101]
      Executed DbCommand (0ms) [Parameters=[], CommandType='Text', CommandTimeout='30']
      SELECT e."Id", e."CreatedAt", e."DisplayOrder", e."IsActive", e."LinkType", e."SourceExerciseId", e."TargetExerciseId", e."UpdatedAt"
      FROM "ExerciseLinks" AS e
info: 7/12/2025 16:16:36.580 RelationalEventId.CommandExecuted[20101] (Microsoft.EntityFrameworkCore.Database.Command) 
      Executed DbCommand (0ms) [Parameters=[], CommandType='Text', CommandTimeout='30']
      SELECT e."Id", e."CreatedAt", e."DisplayOrder", e."IsActive", e."LinkType", e."SourceExerciseId", e."TargetExerciseId", e."UpdatedAt"
      FROM "ExerciseLinks" AS e
dbug: Microsoft.EntityFrameworkCore.Database.Command[20301]
      Closing data reader to 'bddtestdb' on server 'tcp://127.0.0.1:33517'.
dbug: Microsoft.EntityFrameworkCore.Database.Command[20300]
      A data reader for 'bddtestdb' on server 'tcp://127.0.0.1:33517' is being disposed after spending 0ms reading results.
dbug: Microsoft.EntityFrameworkCore.Database.Command[20103]
      Creating DbCommand for 'ExecuteReader'.
dbug: Microsoft.EntityFrameworkCore.Database.Command[20104]
      Created DbCommand for 'ExecuteReader' (0ms).
dbug: Microsoft.EntityFrameworkCore.Database.Command[20106]
      Initialized DbCommand for 'ExecuteReader' (0ms).
dbug: Microsoft.EntityFrameworkCore.Database.Command[20100]
      Executing DbCommand [Parameters=[], CommandType='Text', CommandTimeout='30']
      SELECT e."Id", e."Description", e."DifficultyId", e."ExerciseWeightTypeId", e."ImageUrl", e."IsActive", e."IsUnilateral", e."KineticChainId", e."Name", e."VideoUrl"
      FROM "Exercises" AS e
info: Microsoft.EntityFrameworkCore.Database.Command[20101]
      Executed DbCommand (0ms) [Parameters=[], CommandType='Text', CommandTimeout='30']
      SELECT e."Id", e."Description", e."DifficultyId", e."ExerciseWeightTypeId", e."ImageUrl", e."IsActive", e."IsUnilateral", e."KineticChainId", e."Name", e."VideoUrl"
      FROM "Exercises" AS e
info: 7/12/2025 16:16:36.580 RelationalEventId.CommandExecuted[20101] (Microsoft.EntityFrameworkCore.Database.Command) 
      Executed DbCommand (0ms) [Parameters=[], CommandType='Text', CommandTimeout='30']
      SELECT e."Id", e."Description", e."DifficultyId", e."ExerciseWeightTypeId", e."ImageUrl", e."IsActive", e."IsUnilateral", e."KineticChainId", e."Name", e."VideoUrl"
      FROM "Exercises" AS e
dbug: Microsoft.EntityFrameworkCore.Database.Command[20301]
      Closing data reader to 'bddtestdb' on server 'tcp://127.0.0.1:33517'.
dbug: Microsoft.EntityFrameworkCore.Database.Command[20300]
      A data reader for 'bddtestdb' on server 'tcp://127.0.0.1:33517' is being disposed after spending 0ms reading results.
dbug: Microsoft.EntityFrameworkCore.Database.Command[20103]
      Creating DbCommand for 'ExecuteScalar'.
dbug: Microsoft.EntityFrameworkCore.Database.Command[20104]
      Created DbCommand for 'ExecuteScalar' (0ms).
dbug: Microsoft.EntityFrameworkCore.Database.Command[20106]
      Initialized DbCommand for 'ExecuteScalar' (0ms).
dbug: Microsoft.EntityFrameworkCore.Database.Command[20100]
      Executing DbCommand [Parameters=[], CommandType='Text', CommandTimeout='30']
      SELECT CASE WHEN COUNT(*) = 0 THEN FALSE ELSE TRUE END
      FROM pg_class AS cls
      JOIN pg_namespace AS ns ON ns.oid = cls.relnamespace
      WHERE
              cls.relkind IN ('r', 'v', 'm', 'f', 'p') AND
              ns.nspname NOT IN ('pg_catalog', 'information_schema') AND
              -- Exclude tables which are members of PG extensions
              NOT EXISTS (
                  SELECT 1 FROM pg_depend WHERE
                      classid=(
                          SELECT cls.oid
                          FROM pg_class AS cls
                                   JOIN pg_namespace AS ns ON ns.oid = cls.relnamespace
                          WHERE relname='pg_class' AND ns.nspname='pg_catalog'
                      ) AND
                      objid=cls.oid AND
                      deptype IN ('e', 'x')
              )
info: Microsoft.EntityFrameworkCore.Database.Command[20101]
      Executed DbCommand (1ms) [Parameters=[], CommandType='Text', CommandTimeout='30']
      SELECT CASE WHEN COUNT(*) = 0 THEN FALSE ELSE TRUE END
      FROM pg_class AS cls
      JOIN pg_namespace AS ns ON ns.oid = cls.relnamespace
      WHERE
              cls.relkind IN ('r', 'v', 'm', 'f', 'p') AND
              ns.nspname NOT IN ('pg_catalog', 'information_schema') AND
              -- Exclude tables which are members of PG extensions
              NOT EXISTS (
                  SELECT 1 FROM pg_depend WHERE
                      classid=(
                          SELECT cls.oid
                          FROM pg_class AS cls
                                   JOIN pg_namespace AS ns ON ns.oid = cls.relnamespace
                          WHERE relname='pg_class' AND ns.nspname='pg_catalog'
                      ) AND
                      objid=cls.oid AND
                      deptype IN ('e', 'x')
              )
info: 7/12/2025 16:16:36.583 RelationalEventId.CommandExecuted[20101] (Microsoft.EntityFrameworkCore.Database.Command) 
      Executed DbCommand (1ms) [Parameters=[], CommandType='Text', CommandTimeout='30']
      SELECT CASE WHEN COUNT(*) = 0 THEN FALSE ELSE TRUE END
      FROM pg_class AS cls
      JOIN pg_namespace AS ns ON ns.oid = cls.relnamespace
      WHERE
              cls.relkind IN ('r', 'v', 'm', 'f', 'p') AND
              ns.nspname NOT IN ('pg_catalog', 'information_schema') AND
              -- Exclude tables which are members of PG extensions
              NOT EXISTS (
                  SELECT 1 FROM pg_depend WHERE
                      classid=(
                          SELECT cls.oid
                          FROM pg_class AS cls
                                   JOIN pg_namespace AS ns ON ns.oid = cls.relnamespace
                          WHERE relname='pg_class' AND ns.nspname='pg_catalog'
                      ) AND
                      objid=cls.oid AND
                      deptype IN ('e', 'x')
              )
dbug: Microsoft.EntityFrameworkCore.Database.Command[20103]
      Creating DbCommand for 'ExecuteReader'.
dbug: Microsoft.EntityFrameworkCore.Database.Command[20104]
      Created DbCommand for 'ExecuteReader' (0ms).
dbug: Microsoft.EntityFrameworkCore.Database.Command[20106]
      Initialized DbCommand for 'ExecuteReader' (0ms).
dbug: Microsoft.EntityFrameworkCore.Database.Command[20100]
      Executing DbCommand [Parameters=[], CommandType='Text', CommandTimeout='30']
      SELECT EXISTS (
          SELECT 1
          FROM "BodyParts" AS b)
info: Microsoft.EntityFrameworkCore.Database.Command[20101]
      Executed DbCommand (0ms) [Parameters=[], CommandType='Text', CommandTimeout='30']
      SELECT EXISTS (
          SELECT 1
          FROM "BodyParts" AS b)
info: 7/12/2025 16:16:36.583 RelationalEventId.CommandExecuted[20101] (Microsoft.EntityFrameworkCore.Database.Command) 
      Executed DbCommand (0ms) [Parameters=[], CommandType='Text', CommandTimeout='30']
      SELECT EXISTS (
          SELECT 1
          FROM "BodyParts" AS b)
dbug: Microsoft.EntityFrameworkCore.Database.Command[20301]
      Closing data reader to 'bddtestdb' on server 'tcp://127.0.0.1:33517'.
dbug: Microsoft.EntityFrameworkCore.Database.Command[20300]
      A data reader for 'bddtestdb' on server 'tcp://127.0.0.1:33517' is being disposed after spending 0ms reading results.
dbug: Microsoft.EntityFrameworkCore.Database.Command[20103]
      Creating DbCommand for 'ExecuteReader'.
dbug: Microsoft.EntityFrameworkCore.Database.Command[20104]
      Created DbCommand for 'ExecuteReader' (0ms).
dbug: Microsoft.EntityFrameworkCore.Database.Command[20106]
      Initialized DbCommand for 'ExecuteReader' (0ms).
dbug: Microsoft.EntityFrameworkCore.Database.Command[20100]
      Executing DbCommand [Parameters=[], CommandType='Text', CommandTimeout='30']
      SELECT e."Id", e."CreatedAt", e."DisplayOrder", e."IsActive", e."LinkType", e."SourceExerciseId", e."TargetExerciseId", e."UpdatedAt"
      FROM "ExerciseLinks" AS e
info: Microsoft.EntityFrameworkCore.Database.Command[20101]
      Executed DbCommand (0ms) [Parameters=[], CommandType='Text', CommandTimeout='30']
      SELECT e."Id", e."CreatedAt", e."DisplayOrder", e."IsActive", e."LinkType", e."SourceExerciseId", e."TargetExerciseId", e."UpdatedAt"
      FROM "ExerciseLinks" AS e
info: 7/12/2025 16:16:36.584 RelationalEventId.CommandExecuted[20101] (Microsoft.EntityFrameworkCore.Database.Command) 
      Executed DbCommand (0ms) [Parameters=[], CommandType='Text', CommandTimeout='30']
      SELECT e."Id", e."CreatedAt", e."DisplayOrder", e."IsActive", e."LinkType", e."SourceExerciseId", e."TargetExerciseId", e."UpdatedAt"
      FROM "ExerciseLinks" AS e
dbug: Microsoft.EntityFrameworkCore.Database.Command[20301]
      Closing data reader to 'bddtestdb' on server 'tcp://127.0.0.1:33517'.
dbug: Microsoft.EntityFrameworkCore.Database.Command[20300]
      A data reader for 'bddtestdb' on server 'tcp://127.0.0.1:33517' is being disposed after spending 0ms reading results.
dbug: Microsoft.EntityFrameworkCore.Database.Command[20103]
      Creating DbCommand for 'ExecuteReader'.
dbug: Microsoft.EntityFrameworkCore.Database.Command[20104]
      Created DbCommand for 'ExecuteReader' (0ms).
dbug: Microsoft.EntityFrameworkCore.Database.Command[20106]
      Initialized DbCommand for 'ExecuteReader' (0ms).
dbug: Microsoft.EntityFrameworkCore.Database.Command[20100]
      Executing DbCommand [Parameters=[], CommandType='Text', CommandTimeout='30']
      SELECT e."Id", e."Description", e."DifficultyId", e."ExerciseWeightTypeId", e."ImageUrl", e."IsActive", e."IsUnilateral", e."KineticChainId", e."Name", e."VideoUrl"
      FROM "Exercises" AS e
info: Microsoft.EntityFrameworkCore.Database.Command[20101]
      Executed DbCommand (0ms) [Parameters=[], CommandType='Text', CommandTimeout='30']
      SELECT e."Id", e."Description", e."DifficultyId", e."ExerciseWeightTypeId", e."ImageUrl", e."IsActive", e."IsUnilateral", e."KineticChainId", e."Name", e."VideoUrl"
      FROM "Exercises" AS e
info: 7/12/2025 16:16:36.585 RelationalEventId.CommandExecuted[20101] (Microsoft.EntityFrameworkCore.Database.Command) 
      Executed DbCommand (0ms) [Parameters=[], CommandType='Text', CommandTimeout='30']
      SELECT e."Id", e."Description", e."DifficultyId", e."ExerciseWeightTypeId", e."ImageUrl", e."IsActive", e."IsUnilateral", e."KineticChainId", e."Name", e."VideoUrl"
      FROM "Exercises" AS e
dbug: Microsoft.EntityFrameworkCore.Database.Command[20301]
      Closing data reader to 'bddtestdb' on server 'tcp://127.0.0.1:33517'.
dbug: Microsoft.EntityFrameworkCore.Database.Command[20300]
      A data reader for 'bddtestdb' on server 'tcp://127.0.0.1:33517' is being disposed after spending 0ms reading results.
-&gt; #XW002: Completed feature: Difficulty Levels Reference Data
[testcontainers.org 00:00:04.31] Delete Docker container 53f21bd548be
[testcontainers.org 00:00:04.47] Delete Docker container bb2964634a49
[xUnit.net 00:00:04.93]   Finished:    GetFitterGetBigger.API.IntegrationTests
</StdOut>
    </Output>
    <RunInfos>
      <RunInfo computerName="DesktopUbuntu" outcome="Error" timestamp="2025-07-12T16:16:36.3263316+02:00">
        <Text>[xUnit.net 00:00:04.37]     Get difficulty level by valid ID [FAIL]</Text>
      </RunInfo>
      <RunInfo computerName="DesktopUbuntu" outcome="Error" timestamp="2025-07-12T16:16:36.4748000+02:00">
        <Text>[xUnit.net 00:00:04.52]     Get difficulty level by valid value [FAIL]</Text>
      </RunInfo>
    </RunInfos>
  </ResultSummary>
</TestRun>